<?xml version="1.0" encoding="UTF-8"?>
<testsuite name="shop.retail.controllers.RetailManagerControllerTest" tests="1" skipped="0" failures="0" errors="0" timestamp="2017-08-28T18:37:32" hostname="Sangram-PC" time="1.775">
  <properties/>
  <testcase name="getAllShop" classname="shop.retail.controllers.RetailManagerControllerTest" time="1.775"/>
  <system-out><![CDATA[00:06:50.925 qrouter [Test worker] DEBUG o.s.t.c.j.SpringJUnit4ClassRunner -SpringJUnit4ClassRunner constructor called with [class shop.retail.controllers.RetailManagerControllerTest]
00:06:50.945 qrouter [Test worker] DEBUG o.s.test.context.BootstrapUtils -Instantiating CacheAwareContextLoaderDelegate from class [org.springframework.test.context.cache.DefaultCacheAwareContextLoaderDelegate]
00:06:50.984 qrouter [Test worker] DEBUG o.s.test.context.BootstrapUtils -Instantiating BootstrapContext using constructor [public org.springframework.test.context.support.DefaultBootstrapContext(java.lang.Class,org.springframework.test.context.CacheAwareContextLoaderDelegate)]
00:06:51.056 qrouter [Test worker] DEBUG o.s.test.context.BootstrapUtils -Instantiating TestContextBootstrapper for test class [shop.retail.controllers.RetailManagerControllerTest] from class [org.springframework.boot.test.context.SpringBootTestContextBootstrapper]
00:06:51.124 qrouter [Test worker] DEBUG o.s.t.c.s.AbstractContextLoader -Did not detect default resource location for test class [shop.retail.controllers.RetailManagerControllerTest]: class path resource [shop/retail/controllers/RetailManagerControllerTest-context.xml] does not exist
00:06:51.126 qrouter [Test worker] DEBUG o.s.t.c.s.AbstractContextLoader -Did not detect default resource location for test class [shop.retail.controllers.RetailManagerControllerTest]: class path resource [shop/retail/controllers/RetailManagerControllerTestContext.groovy] does not exist
00:06:51.127 qrouter [Test worker] INFO  o.s.t.c.s.AbstractContextLoader -Could not detect default resource locations for test class [shop.retail.controllers.RetailManagerControllerTest]: no resource found for suffixes {-context.xml, Context.groovy}.
00:06:51.230 qrouter [Test worker] DEBUG o.s.t.c.support.ActiveProfilesUtils -Could not find an 'annotation declaring class' for annotation type [org.springframework.test.context.ActiveProfiles] and class [shop.retail.controllers.RetailManagerControllerTest]
00:06:51.282 qrouter [Test worker] DEBUG o.s.b.t.c.SpringBootTestContextBootstrapper -@TestExecutionListeners is not present for class [shop.retail.controllers.RetailManagerControllerTest]: using defaults.
00:06:51.288 qrouter [Test worker] INFO  o.s.b.t.c.SpringBootTestContextBootstrapper -Loaded default TestExecutionListener class names from location [META-INF/spring.factories]: [org.springframework.boot.test.mock.mockito.MockitoTestExecutionListener, org.springframework.boot.test.mock.mockito.ResetMocksTestExecutionListener, org.springframework.boot.test.autoconfigure.restdocs.RestDocsTestExecutionListener, org.springframework.boot.test.autoconfigure.web.client.MockRestServiceServerResetTestExecutionListener, org.springframework.boot.test.autoconfigure.web.servlet.MockMvcPrintOnlyOnFailureTestExecutionListener, org.springframework.boot.test.autoconfigure.web.servlet.WebDriverTestExecutionListener, org.springframework.test.context.web.ServletTestExecutionListener, org.springframework.test.context.support.DirtiesContextBeforeModesTestExecutionListener, org.springframework.test.context.support.DependencyInjectionTestExecutionListener, org.springframework.test.context.support.DirtiesContextTestExecutionListener, org.springframework.test.context.transaction.TransactionalTestExecutionListener, org.springframework.test.context.jdbc.SqlScriptsTestExecutionListener]
00:06:51.343 qrouter [Test worker] INFO  o.s.b.t.c.SpringBootTestContextBootstrapper -Using TestExecutionListeners: [org.springframework.test.context.web.ServletTestExecutionListener@205507, org.springframework.test.context.support.DirtiesContextBeforeModesTestExecutionListener@79d65b, org.springframework.boot.test.autoconfigure.SpringBootDependencyInjectionTestExecutionListener@f131f4, org.springframework.test.context.support.DirtiesContextTestExecutionListener@8f5a14, org.springframework.test.context.transaction.TransactionalTestExecutionListener@4bb4af, org.springframework.test.context.jdbc.SqlScriptsTestExecutionListener@d073b3, org.springframework.boot.test.autoconfigure.web.servlet.WebDriverTestExecutionListener@1b1948c, org.springframework.boot.test.mock.mockito.MockitoTestExecutionListener@1ca3ad4, org.springframework.boot.test.autoconfigure.web.client.MockRestServiceServerResetTestExecutionListener@6b178e, org.springframework.boot.test.autoconfigure.web.servlet.MockMvcPrintOnlyOnFailureTestExecutionListener@1e7b71b, org.springframework.boot.test.mock.mockito.ResetMocksTestExecutionListener@23489f, org.springframework.boot.test.autoconfigure.restdocs.RestDocsTestExecutionListener@17ca15]
00:06:51.349 qrouter [Test worker] DEBUG o.s.t.annotation.ProfileValueUtils -Retrieved @ProfileValueSourceConfiguration [null] for test class [shop.retail.controllers.RetailManagerControllerTest]
00:06:51.350 qrouter [Test worker] DEBUG o.s.t.annotation.ProfileValueUtils -Retrieved ProfileValueSource type [class org.springframework.test.annotation.SystemProfileValueSource] for class [shop.retail.controllers.RetailManagerControllerTest]
00:06:51.352 qrouter [Test worker] DEBUG o.s.t.annotation.ProfileValueUtils -Retrieved @ProfileValueSourceConfiguration [null] for test class [shop.retail.controllers.RetailManagerControllerTest]
00:06:51.352 qrouter [Test worker] DEBUG o.s.t.annotation.ProfileValueUtils -Retrieved ProfileValueSource type [class org.springframework.test.annotation.SystemProfileValueSource] for class [shop.retail.controllers.RetailManagerControllerTest]
00:06:51.362 qrouter [Test worker] DEBUG o.s.t.c.s.AbstractDirtiesContextTestExecutionListener -Before test class: context [DefaultTestContext@1c1a793 testClass = RetailManagerControllerTest, testInstance = [null], testMethod = [null], testException = [null], mergedContextConfiguration = [WebMergedContextConfiguration@f2b844 testClass = RetailManagerControllerTest, locations = '{}', classes = '{class shop.retail.ApplicationLauncher}', contextInitializerClasses = '[]', activeProfiles = '{}', propertySourceLocations = '{}', propertySourceProperties = '{org.springframework.boot.test.context.SpringBootTestContextBootstrapper=true}', contextCustomizers = set[org.springframework.boot.test.context.SpringBootTestContextCustomizer@1060ae0, org.springframework.boot.test.context.filter.ExcludeFilterContextCustomizer@95d747, org.springframework.boot.test.json.DuplicateJsonObjectContextCustomizerFactory$DuplicateJsonObjectContextCustomizer@1b6b3e5, org.springframework.boot.test.mock.mockito.MockitoContextCustomizer@0, org.springframework.boot.test.autoconfigure.properties.PropertyMappingContextCustomizer@0, org.springframework.boot.test.autoconfigure.web.servlet.WebDriverContextCustomizerFactory$Customizer@1d4dcfa], resourceBasePath = 'src/main/webapp', contextLoader = 'org.springframework.boot.test.context.SpringBootContextLoader', parent = [null]]], class annotated with @DirtiesContext [false] with mode [null].
00:06:51.363 qrouter [Test worker] DEBUG o.s.t.annotation.ProfileValueUtils -Retrieved @ProfileValueSourceConfiguration [null] for test class [shop.retail.controllers.RetailManagerControllerTest]
00:06:51.364 qrouter [Test worker] DEBUG o.s.t.annotation.ProfileValueUtils -Retrieved ProfileValueSource type [class org.springframework.test.annotation.SystemProfileValueSource] for class [shop.retail.controllers.RetailManagerControllerTest]
00:06:51.519 qrouter [Test worker] DEBUG o.s.core.env.StandardEnvironment -Adding [systemProperties] PropertySource with lowest search precedence
00:06:51.519 qrouter [Test worker] DEBUG o.s.core.env.StandardEnvironment -Adding [systemEnvironment] PropertySource with lowest search precedence
00:06:51.520 qrouter [Test worker] DEBUG o.s.core.env.StandardEnvironment -Initialized StandardEnvironment with PropertySources [systemProperties,systemEnvironment]
00:06:51.523 qrouter [Test worker] DEBUG o.s.core.env.MutablePropertySources -Adding [inline] PropertySource with highest search precedence
00:06:51.536 qrouter [Test worker] DEBUG o.s.t.c.s.TestPropertySourceUtils -Adding inlined properties to environment: {spring.jmx.enabled=false, org.springframework.boot.test.context.SpringBootTestContextBootstrapper=true, server.port=-1}
00:06:51.536 qrouter [Test worker] DEBUG o.s.core.env.StandardEnvironment -Adding [Inlined Test Properties] PropertySource with highest search precedence
00:06:51.877 qrouter [Test worker] DEBUG o.s.b.l.ClasspathLoggingApplicationListener -Application started with classpath: [file:/C:/Users/Sangram/.gradle/caches/3.3/workerMain/gradle-worker.jar, file:/F:/GIT_WORK/GIT_REPO/RetailPro/RetailPro/RetailManager/build/tmp/expandedArchives/org.jacoco.agent-0.7.7.201606060606.jar_5f9jr9iukddhwn1adegwvmme9/jacocoagent.jar, file:/F:/GIT_WORK/GIT_REPO/RetailPro/RetailPro/RetailManager/build/classes/test/, file:/F:/GIT_WORK/GIT_REPO/RetailPro/RetailPro/RetailManager/build/resources/test/, file:/F:/GIT_WORK/GIT_REPO/RetailPro/RetailPro/RetailManager/build/classes/main/, file:/F:/GIT_WORK/GIT_REPO/RetailPro/RetailPro/RetailManager/build/resources/main/, file:/C:/Users/Sangram/.gradle/caches/modules-2/files-2.1/org.springframework.boot/spring-boot-starter-web/1.5.6.RELEASE/6f47b0a9e7e39b46b9e66ebdd2bff1c7edee5930/spring-boot-starter-web-1.5.6.RELEASE.jar, file:/C:/Users/Sangram/.gradle/caches/modules-2/files-2.1/org.springframework.boot/spring-boot-starter-data-jpa/1.5.6.RELEASE/d75804c399bfc78f5ae32a04696aeb71926a49b5/spring-boot-starter-data-jpa-1.5.6.RELEASE.jar, file:/C:/Users/Sangram/.gradle/caches/modules-2/files-2.1/com.google.maps/google-maps-services/0.1.15/b1c15d5c6b8b6b780113205c7ea9b045897d74eb/google-maps-services-0.1.15.jar, file:/C:/Users/Sangram/.gradle/caches/modules-2/files-2.1/mysql/mysql-connector-java/5.1.43/dee9103eec0d877f3a21c82d4d9e9f4fbd2d6e0a/mysql-connector-java-5.1.43.jar, file:/C:/Users/Sangram/.gradle/caches/modules-2/files-2.1/io.springfox/springfox-swagger2/2.1.1/27c964865223089f95bb05704b22bfa72cee451f/springfox-swagger2-2.1.1.jar, file:/C:/Users/Sangram/.gradle/caches/modules-2/files-2.1/io.springfox/springfox-swagger-ui/2.1.1/76271f0f768273aa6056461dd03fdf9a24cd927a/springfox-swagger-ui-2.1.1.jar, file:/C:/Users/Sangram/.gradle/caches/modules-2/files-2.1/com.h2database/h2/1.4.196/dd0034398d593aa3588c6773faac429bbd9aea0e/h2-1.4.196.jar, file:/C:/Users/Sangram/.gradle/caches/modules-2/files-2.1/org.springframework.boot/spring-boot-starter-test/1.5.6.RELEASE/a0e9b338bf492ddc68051e7d4ed62f2cbad067ef/spring-boot-starter-test-1.5.6.RELEASE.jar, file:/C:/Users/Sangram/.gradle/caches/modules-2/files-2.1/com.jayway.jsonpath/json-path/2.2.0/22290d17944bd239fabf5ac69005a60a7ecbbbcb/json-path-2.2.0.jar, file:/C:/Users/Sangram/.gradle/caches/modules-2/files-2.1/io.rest-assured/spring-mock-mvc/3.0.0/1d470c666bcd7483969e3361795cadc58e3ba26a/spring-mock-mvc-3.0.0.jar, file:/C:/Users/Sangram/.gradle/caches/modules-2/files-2.1/org.springframework.boot/spring-boot-starter/1.5.6.RELEASE/58c72d105fdf41f605c15c243b72300fa78cccd1/spring-boot-starter-1.5.6.RELEASE.jar, file:/C:/Users/Sangram/.gradle/caches/modules-2/files-2.1/org.springframework.boot/spring-boot-starter-tomcat/1.5.6.RELEASE/1d0960e91dfdad2b6b82700ba1613c006355669/spring-boot-starter-tomcat-1.5.6.RELEASE.jar, file:/C:/Users/Sangram/.gradle/caches/modules-2/files-2.1/org.hibernate/hibernate-validator/5.3.5.Final/622a9bcef2eed6d41b5b8e0662c36212009e375/hibernate-validator-5.3.5.Final.jar, file:/C:/Users/Sangram/.gradle/caches/modules-2/files-2.1/com.fasterxml.jackson.core/jackson-databind/2.8.9/4dfca3975be3c1a98eacb829e70f02e9a71bc159/jackson-databind-2.8.9.jar, file:/C:/Users/Sangram/.gradle/caches/modules-2/files-2.1/org.springframework/spring-web/4.3.10.RELEASE/6344501cb03cb4787c67cf3f820a471e07b9203b/spring-web-4.3.10.RELEASE.jar, file:/C:/Users/Sangram/.gradle/caches/modules-2/files-2.1/org.springframework/spring-webmvc/4.3.10.RELEASE/6809017a5a76bdaf1957f1cc0a892d448fc6f3df/spring-webmvc-4.3.10.RELEASE.jar, file:/C:/Users/Sangram/.gradle/caches/modules-2/files-2.1/org.springframework.boot/spring-boot-starter-aop/1.5.6.RELEASE/6a617e698827e5a123a4a0aa2192d3854908acbe/spring-boot-starter-aop-1.5.6.RELEASE.jar, file:/C:/Users/Sangram/.gradle/caches/modules-2/files-2.1/org.springframework.boot/spring-boot-starter-jdbc/1.5.6.RELEASE/a2628fded329869fcdb812d7524d03376f4f64ed/spring-boot-starter-jdbc-1.5.6.RELEASE.jar, file:/C:/Users/Sangram/.gradle/caches/modules-2/files-2.1/org.hibernate/hibernate-core/5.0.12.Final/e58bf1c660e6706d8e2cbb53bae110f574366102/hibernate-core-5.0.12.Final.jar, file:/C:/Users/Sangram/.gradle/caches/modules-2/files-2.1/org.hibernate/hibernate-entitymanager/5.0.12.Final/302a526f5058290e9cbd719a5caf9f248d344719/hibernate-entitymanager-5.0.12.Final.jar, file:/C:/Users/Sangram/.gradle/caches/modules-2/files-2.1/javax.transaction/javax.transaction-api/1.2/d81aff979d603edd90dcd8db2abc1f4ce6479e3e/javax.transaction-api-1.2.jar, file:/C:/Users/Sangram/.gradle/caches/modules-2/files-2.1/org.springframework.data/spring-data-jpa/1.11.6.RELEASE/e01f5aa1781f54a13a58ad7857eefce677fc1bc3/spring-data-jpa-1.11.6.RELEASE.jar, file:/C:/Users/Sangram/.gradle/caches/modules-2/files-2.1/org.springframework/spring-aspects/4.3.10.RELEASE/5d5fea8e67c93910552741cb5b746625ad546bba/spring-aspects-4.3.10.RELEASE.jar, file:/C:/Users/Sangram/.gradle/caches/modules-2/files-2.1/com.squareup.okhttp/okhttp/2.7.5/7a15a7db50f86c4b64aa3367424a60e3a325b8f1/okhttp-2.7.5.jar, file:/C:/Users/Sangram/.gradle/caches/modules-2/files-2.1/com.google.code.gson/gson/2.8.1/2a8e0aa38a2e21cb39e2f5a7d6704cbdc941da0/gson-2.8.1.jar, file:/C:/Users/Sangram/.gradle/caches/modules-2/files-2.1/joda-time/joda-time/2.9.9/f7b520c458572890807d143670c9b24f4de90897/joda-time-2.9.9.jar, file:/C:/Users/Sangram/.gradle/caches/modules-2/files-2.1/org.mapstruct/mapstruct/1.0.0.Beta4/728d0705c62165d9b6bdb9db8794c344414d5eae/mapstruct-1.0.0.Beta4.jar, file:/C:/Users/Sangram/.gradle/caches/modules-2/files-2.1/org.springframework/spring-context/4.3.10.RELEASE/645ce6fdba38448d183a1374506fc24036009869/spring-context-4.3.10.RELEASE.jar, file:/C:/Users/Sangram/.gradle/caches/modules-2/files-2.1/io.swagger/swagger-annotations/1.5.0/f7497f7887e65277c0dab1da1148cf211083f3d4/swagger-annotations-1.5.0.jar, file:/C:/Users/Sangram/.gradle/caches/modules-2/files-2.1/io.swagger/swagger-models/1.5.0/d2566bfc270073a559b342089f54086ee64ca5b1/swagger-models-1.5.0.jar, file:/C:/Users/Sangram/.gradle/caches/modules-2/files-2.1/io.springfox/springfox-spi/2.1.1/8aed4db0ce4c57912c670a6fbda64b1f11417107/springfox-spi-2.1.1.jar, file:/C:/Users/Sangram/.gradle/caches/modules-2/files-2.1/io.springfox/springfox-schema/2.1.1/ccc0c0697f3e037c6e09630100fc7e6e35ead691/springfox-schema-2.1.1.jar, file:/C:/Users/Sangram/.gradle/caches/modules-2/files-2.1/io.springfox/springfox-swagger-common/2.1.1/f7d016db18c5ce92588d7e7abcf1340da9aac1f9/springfox-swagger-common-2.1.1.jar, file:/C:/Users/Sangram/.gradle/caches/modules-2/files-2.1/io.springfox/springfox-spring-web/2.1.1/132602c1602ac2b06f832aff4fcd789d1bdb3f5/springfox-spring-web-2.1.1.jar, file:/C:/Users/Sangram/.gradle/caches/modules-2/files-2.1/com.google.guava/guava/18.0/cce0823396aa693798f8882e64213b1772032b09/guava-18.0.jar, file:/C:/Users/Sangram/.gradle/caches/modules-2/files-2.1/com.fasterxml/classmate/1.3.3/864c8e370a691e343210cc7c532fc198cee460d8/classmate-1.3.3.jar, file:/C:/Users/Sangram/.gradle/caches/modules-2/files-2.1/org.slf4j/slf4j-api/1.7.25/da76ca59f6a57ee3102f8f9bd9cee742973efa8a/slf4j-api-1.7.25.jar, file:/C:/Users/Sangram/.gradle/caches/modules-2/files-2.1/org.springframework.plugin/spring-plugin-core/1.2.0.RELEASE/f380e7760032e7d929184f8ad8a33716b75c0657/spring-plugin-core-1.2.0.RELEASE.jar, file:/C:/Users/Sangram/.gradle/caches/modules-2/files-2.1/org.springframework.plugin/spring-plugin-metadata/1.2.0.RELEASE/97223fc496b6cab31602eedbd4202aa4fff0d44f/spring-plugin-metadata-1.2.0.RELEASE.jar, file:/C:/Users/Sangram/.gradle/caches/modules-2/files-2.1/org.springframework.hateoas/spring-hateoas/0.23.0.RELEASE/678ffa0798f417a794fea592dc8066e325611919/spring-hateoas-0.23.0.RELEASE.jar, file:/C:/Users/Sangram/.gradle/caches/modules-2/files-2.1/org.springframework.boot/spring-boot-test/1.5.6.RELEASE/7bf97882d08b0ae5f61e5a6ced99451663a02a5d/spring-boot-test-1.5.6.RELEASE.jar, file:/C:/Users/Sangram/.gradle/caches/modules-2/files-2.1/org.springframework.boot/spring-boot-test-autoconfigure/1.5.6.RELEASE/d4fdc79a4a1331718465ba4564a0a3555f1e0faa/spring-boot-test-autoconfigure-1.5.6.RELEASE.jar, file:/C:/Users/Sangram/.gradle/caches/modules-2/files-2.1/junit/junit/4.12/2973d150c0dc1fefe998f834810d68f278ea58ec/junit-4.12.jar, file:/C:/Users/Sangram/.gradle/caches/modules-2/files-2.1/org.assertj/assertj-core/2.6.0/b532c3fc4f66bcfee4989a3514f1cd56203a33ad/assertj-core-2.6.0.jar, file:/C:/Users/Sangram/.gradle/caches/modules-2/files-2.1/org.mockito/mockito-core/1.10.19/e8546f5bef4e061d8dd73895b4e8f40e3fe6effe/mockito-core-1.10.19.jar, file:/C:/Users/Sangram/.gradle/caches/modules-2/files-2.1/org.hamcrest/hamcrest-core/1.3/42a25dc3219429f0e5d060061f71acb49bf010a0/hamcrest-core-1.3.jar, file:/C:/Users/Sangram/.gradle/caches/modules-2/files-2.1/org.hamcrest/hamcrest-library/1.3/4785a3c21320980282f9f33d0d1264a69040538f/hamcrest-library-1.3.jar, file:/C:/Users/Sangram/.gradle/caches/modules-2/files-2.1/org.skyscreamer/jsonassert/1.4.0/9cdbb373a06f6513e51e8c545ee6a5e981463edb/jsonassert-1.4.0.jar, file:/C:/Users/Sangram/.gradle/caches/modules-2/files-2.1/org.springframework/spring-core/4.3.10.RELEASE/db1462df62dbedad7244da30ec471390660271c0/spring-core-4.3.10.RELEASE.jar, file:/C:/Users/Sangram/.gradle/caches/modules-2/files-2.1/org.springframework/spring-test/4.3.10.RELEASE/e82664ba39497626cd29298cb16c161d901bfbee/spring-test-4.3.10.RELEASE.jar, file:/C:/Users/Sangram/.gradle/caches/modules-2/files-2.1/net.minidev/json-smart/2.2.1/5b9e5df7a62d1279b70dc882b041d249c4f0b002/json-smart-2.2.1.jar, file:/C:/Users/Sangram/.gradle/caches/modules-2/files-2.1/io.rest-assured/rest-assured/3.0.0/39c62d42ce7ab5c224b25b6cff281b06c263f4e0/rest-assured-3.0.0.jar, file:/C:/Users/Sangram/.gradle/caches/modules-2/files-2.1/org.springframework.boot/spring-boot/1.5.6.RELEASE/a6e13da038c6eb8b8793795b3189d5ff3f39caa0/spring-boot-1.5.6.RELEASE.jar, file:/C:/Users/Sangram/.gradle/caches/modules-2/files-2.1/org.springframework.boot/spring-boot-autoconfigure/1.5.6.RELEASE/436d14480a4ebeaca7cd223ab97790d515f46ad2/spring-boot-autoconfigure-1.5.6.RELEASE.jar, file:/C:/Users/Sangram/.gradle/caches/modules-2/files-2.1/org.springframework.boot/spring-boot-starter-logging/1.5.6.RELEASE/74a50fb623c47d76c71402d8c6cc4ac4ba71d39e/spring-boot-starter-logging-1.5.6.RELEASE.jar, file:/C:/Users/Sangram/.gradle/caches/modules-2/files-2.1/org.yaml/snakeyaml/1.17/7a27ea250c5130b2922b86dea63cbb1cc10a660c/snakeyaml-1.17.jar, file:/C:/Users/Sangram/.gradle/caches/modules-2/files-2.1/org.apache.tomcat.embed/tomcat-embed-core/8.5.16/1318c2a44de53b692cb42021dc3d9a2a185e65a4/tomcat-embed-core-8.5.16.jar, file:/C:/Users/Sangram/.gradle/caches/modules-2/files-2.1/org.apache.tomcat.embed/tomcat-embed-el/8.5.16/d8d33b26d42c3857c6d2a566dd842d2308582020/tomcat-embed-el-8.5.16.jar, file:/C:/Users/Sangram/.gradle/caches/modules-2/files-2.1/org.apache.tomcat.embed/tomcat-embed-websocket/8.5.16/8df572a6fa38c24a6366ab254b9bde496ed5ea95/tomcat-embed-websocket-8.5.16.jar, file:/C:/Users/Sangram/.gradle/caches/modules-2/files-2.1/javax.validation/validation-api/1.1.0.Final/8613ae82954779d518631e05daa73a6a954817d5/validation-api-1.1.0.Final.jar, file:/C:/Users/Sangram/.gradle/caches/modules-2/files-2.1/org.jboss.logging/jboss-logging/3.3.1.Final/c46217ab74b532568c0ed31dc599db3048bd1b67/jboss-logging-3.3.1.Final.jar, file:/C:/Users/Sangram/.gradle/caches/modules-2/files-2.1/com.fasterxml.jackson.core/jackson-annotations/2.8.0/45b426f7796b741035581a176744d91090e2e6fb/jackson-annotations-2.8.0.jar, file:/C:/Users/Sangram/.gradle/caches/modules-2/files-2.1/com.fasterxml.jackson.core/jackson-core/2.8.9/569b1752705da98f49aabe2911cc956ff7d8ed9d/jackson-core-2.8.9.jar, file:/C:/Users/Sangram/.gradle/caches/modules-2/files-2.1/org.springframework/spring-aop/4.3.10.RELEASE/3a8c23246045e5e1dbd7d91354741b165e997a88/spring-aop-4.3.10.RELEASE.jar, file:/C:/Users/Sangram/.gradle/caches/modules-2/files-2.1/org.springframework/spring-beans/4.3.10.RELEASE/9d89b786f755f9b1da344f10f6f045f927679a72/spring-beans-4.3.10.RELEASE.jar, file:/C:/Users/Sangram/.gradle/caches/modules-2/files-2.1/org.springframework/spring-expression/4.3.10.RELEASE/4975ab542028945ab98fefba772472a40495d7ca/spring-expression-4.3.10.RELEASE.jar, file:/C:/Users/Sangram/.gradle/caches/modules-2/files-2.1/org.aspectj/aspectjweaver/1.8.10/e198c5fee28988c355f74e06461614eae36b2032/aspectjweaver-1.8.10.jar, file:/C:/Users/Sangram/.gradle/caches/modules-2/files-2.1/org.apache.tomcat/tomcat-jdbc/8.5.16/c4b7a82f4f4276f0c76e9db11fb2653e6582bfb3/tomcat-jdbc-8.5.16.jar, file:/C:/Users/Sangram/.gradle/caches/modules-2/files-2.1/org.springframework/spring-jdbc/4.3.10.RELEASE/91e2f69e633f8eac5d5ef516595556ab7db87f3d/spring-jdbc-4.3.10.RELEASE.jar, file:/C:/Users/Sangram/.gradle/caches/modules-2/files-2.1/org.hibernate.javax.persistence/hibernate-jpa-2.1-api/1.0.0.Final/5e731d961297e5a07290bfaf3db1fbc8bbbf405a/hibernate-jpa-2.1-api-1.0.0.Final.jar, file:/C:/Users/Sangram/.gradle/caches/modules-2/files-2.1/org.javassist/javassist/3.21.0-GA/598244f595db5c5fb713731eddbb1c91a58d959b/javassist-3.21.0-GA.jar, file:/C:/Users/Sangram/.gradle/caches/modules-2/files-2.1/antlr/antlr/2.7.7/83cd2cd674a217ade95a4bb83a8a14f351f48bd0/antlr-2.7.7.jar, file:/C:/Users/Sangram/.gradle/caches/modules-2/files-2.1/org.jboss/jandex/2.0.0.Final/3e899258936f94649c777193e1be846387ed54b3/jandex-2.0.0.Final.jar, file:/C:/Users/Sangram/.gradle/caches/modules-2/files-2.1/dom4j/dom4j/1.6.1/5d3ccc056b6f056dbf0dddfdf43894b9065a8f94/dom4j-1.6.1.jar, file:/C:/Users/Sangram/.gradle/caches/modules-2/files-2.1/org.hibernate.common/hibernate-commons-annotations/5.0.1.Final/71e1cff3fcb20d3b3af4f3363c3ddb24d33c6879/hibernate-commons-annotations-5.0.1.Final.jar, file:/C:/Users/Sangram/.gradle/caches/modules-2/files-2.1/org.springframework.data/spring-data-commons/1.13.6.RELEASE/ed21344ea782672928cee7e6bfad655c399c0b94/spring-data-commons-1.13.6.RELEASE.jar, file:/C:/Users/Sangram/.gradle/caches/modules-2/files-2.1/org.springframework/spring-orm/4.3.10.RELEASE/6450e007fdf2f9340f33b8d7bddb7f1f139b19d1/spring-orm-4.3.10.RELEASE.jar, file:/C:/Users/Sangram/.gradle/caches/modules-2/files-2.1/org.springframework/spring-tx/4.3.10.RELEASE/569d30fd8d2050910e0271b838cf927ebb7efcdc/spring-tx-4.3.10.RELEASE.jar, file:/C:/Users/Sangram/.gradle/caches/modules-2/files-2.1/org.slf4j/jcl-over-slf4j/1.7.25/f8c32b13ff142a513eeb5b6330b1588dcb2c0461/jcl-over-slf4j-1.7.25.jar, file:/C:/Users/Sangram/.gradle/caches/modules-2/files-2.1/com.squareup.okio/okio/1.6.0/98476622f10715998eacf9240d6b479f12c66143/okio-1.6.0.jar, file:/C:/Users/Sangram/.gradle/caches/modules-2/files-2.1/io.springfox/springfox-core/2.1.1/4423ac63f26319d0a8e02e542b58055a1a1789ec/springfox-core-2.1.1.jar, file:/C:/Users/Sangram/.gradle/caches/modules-2/files-2.1/org.objenesis/objenesis/2.1/87c0ea803b69252868d09308b4618f766f135a96/objenesis-2.1.jar, file:/C:/Users/Sangram/.gradle/caches/modules-2/files-2.1/com.vaadin.external.google/android-json/0.0.20131108.vaadin1/fa26d351fe62a6a17f5cda1287c1c6110dec413f/android-json-0.0.20131108.vaadin1.jar, file:/C:/Users/Sangram/.gradle/caches/modules-2/files-2.1/net.minidev/accessors-smart/1.1/a527213f2fea112a04c9bdf0ec0264e34104cd08/accessors-smart-1.1.jar, file:/C:/Users/Sangram/.gradle/caches/modules-2/files-2.1/org.codehaus.groovy/groovy/2.4.12/a43be367110c491787219f1c128b5b5fc54f1e70/groovy-2.4.12.jar, file:/C:/Users/Sangram/.gradle/caches/modules-2/files-2.1/org.codehaus.groovy/groovy-xml/2.4.12/b5c023bbbc8a4bbf9c0b38d731fe31d53f00c64a/groovy-xml-2.4.12.jar, file:/C:/Users/Sangram/.gradle/caches/modules-2/files-2.1/org.apache.httpcomponents/httpclient/4.5.3/d1577ae15f01ef5438c5afc62162457c00a34713/httpclient-4.5.3.jar, file:/C:/Users/Sangram/.gradle/caches/modules-2/files-2.1/org.apache.httpcomponents/httpmime/4.5.3/889fd6d061bb63b99dd5c6aba35a555ae863de52/httpmime-4.5.3.jar, file:/C:/Users/Sangram/.gradle/caches/modules-2/files-2.1/org.ccil.cowan.tagsoup/tagsoup/1.2.1/5584627487e984c03456266d3f8802eb85a9ce97/tagsoup-1.2.1.jar, file:/C:/Users/Sangram/.gradle/caches/modules-2/files-2.1/io.rest-assured/json-path/3.0.0/b5c4158eb1d41d2b80292f1754862762c0bc1696/json-path-3.0.0.jar, file:/C:/Users/Sangram/.gradle/caches/modules-2/files-2.1/io.rest-assured/xml-path/3.0.0/a7459d08df2843a4258ea0986e327c00a0ddf721/xml-path-3.0.0.jar, file:/C:/Users/Sangram/.gradle/caches/modules-2/files-2.1/ch.qos.logback/logback-classic/1.1.11/ccedfbacef4a6515d2983e3f89ed753d5d4fb665/logback-classic-1.1.11.jar, file:/C:/Users/Sangram/.gradle/caches/modules-2/files-2.1/org.slf4j/jul-to-slf4j/1.7.25/af5364cd6679bfffb114f0dec8a157aaa283b76/jul-to-slf4j-1.7.25.jar, file:/C:/Users/Sangram/.gradle/caches/modules-2/files-2.1/org.slf4j/log4j-over-slf4j/1.7.25/a87bb47468f47ee7aabbd54f93e133d4215769c3/log4j-over-slf4j-1.7.25.jar, file:/C:/Users/Sangram/.gradle/caches/modules-2/files-2.1/org.apache.tomcat/tomcat-juli/8.5.16/e9e65481ee92eaf7dace280320f28139d485c958/tomcat-juli-8.5.16.jar, file:/C:/Users/Sangram/.gradle/caches/modules-2/files-2.1/org.ow2.asm/asm/5.0.3/dcc2193db20e19e1feca8b1240dbbc4e190824fa/asm-5.0.3.jar, file:/C:/Users/Sangram/.gradle/caches/modules-2/files-2.1/org.apache.httpcomponents/httpcore/4.4.6/e3fd8ced1f52c7574af952e2e6da0df8df08eb82/httpcore-4.4.6.jar, file:/C:/Users/Sangram/.gradle/caches/modules-2/files-2.1/commons-codec/commons-codec/1.10/4b95f4897fa13f2cd904aee711aeafc0c5295cd8/commons-codec-1.10.jar, file:/C:/Users/Sangram/.gradle/caches/modules-2/files-2.1/org.codehaus.groovy/groovy-json/2.4.12/810b46f2b359b904c4c7428ad4c03c09094a01ff/groovy-json-2.4.12.jar, file:/C:/Users/Sangram/.gradle/caches/modules-2/files-2.1/io.rest-assured/rest-assured-common/3.0.0/53720cc91e21a194064dbbe709ec8ed1e69dc49d/rest-assured-common-3.0.0.jar, file:/C:/Users/Sangram/.gradle/caches/modules-2/files-2.1/org.apache.commons/commons-lang3/3.4/5fe28b9518e58819180a43a850fbc0dd24b7c050/commons-lang3-3.4.jar, file:/C:/Users/Sangram/.gradle/caches/modules-2/files-2.1/ch.qos.logback/logback-core/1.1.11/88b8df40340eed549fb07e2613879bf6b006704d/logback-core-1.1.11.jar]
00:06:51.880 qrouter [Test worker] DEBUG o.s.c.e.PropertySourcesPropertyResolver -Could not find key 'context.listener.classes' in any property source
00:06:51.885 qrouter [Test worker] DEBUG o.s.c.e.PropertySourcesPropertyResolver -Could not find key 'banner.image.location' in any property source
00:06:51.893 qrouter [Test worker] DEBUG o.s.c.e.PropertySourcesPropertyResolver -Could not find key 'banner.location' in any property source

  .   ____          _            __ _ _
 /\\ / ___'_ __ _ _(_)_ __  __ _ \ \ \ \
( ( )\___ | '_ | '_| | '_ \/ _` | \ \ \ \
 \\/  ___)| |_)| | | | | || (_| |  ) ) ) )
  '  |____| .__|_| |_|_| |_\__, | / / / /
 =========|_|==============|___/=/_/_/_/
 :: Spring Boot ::        (v1.5.6.RELEASE)

00:06:52.078 qrouter [Test worker] DEBUG o.s.c.e.PropertySourcesPropertyResolver -Could not find key 'context.initializer.classes' in any property source
00:06:52.079 qrouter [Test worker] DEBUG o.s.c.e.PropertySourcesPropertyResolver -Could not find key 'spring.config.name:application' in any property source
00:06:52.079 qrouter [Test worker] DEBUG o.s.c.e.PropertySourcesPropertyResolver -Could not find key 'spring.config.name' in any property source
00:06:52.080 qrouter [Test worker] DEBUG o.s.c.e.PropertySourcesPropertyResolver -Could not find key 'vcap.application.name:application' in any property source
00:06:52.080 qrouter [Test worker] DEBUG o.s.c.e.PropertySourcesPropertyResolver -Could not find key 'vcap.application.name' in any property source
00:06:52.080 qrouter [Test worker] DEBUG o.s.c.e.PropertySourcesPropertyResolver -Could not find key 'spring.application.name:application' in any property source
00:06:52.080 qrouter [Test worker] DEBUG o.s.c.e.PropertySourcesPropertyResolver -Could not find key 'spring.application.name' in any property source
00:06:52.081 qrouter [Test worker] DEBUG o.s.c.e.PropertySourcesPropertyResolver -Could not find key 'PORT:null' in any property source
00:06:52.081 qrouter [Test worker] DEBUG o.s.c.e.PropertySourcesPropertyResolver -Could not find key 'PORT' in any property source
00:06:52.081 qrouter [Test worker] DEBUG o.s.c.e.PropertySourcesPropertyResolver -Could not find key 'server.port:null' in any property source
00:06:52.082 qrouter [Test worker] DEBUG o.s.c.e.PropertySourcesPropertyResolver -Found key 'server.port' in [Inlined Test Properties] with type [String]
00:06:52.082 qrouter [Test worker] DEBUG o.s.c.e.PropertySourcesPropertyResolver -Could not find key 'spring.application.index:-1' in any property source
00:06:52.082 qrouter [Test worker] DEBUG o.s.c.e.PropertySourcesPropertyResolver -Could not find key 'spring.application.index' in any property source
00:06:52.082 qrouter [Test worker] DEBUG o.s.c.e.PropertySourcesPropertyResolver -Could not find key 'vcap.application.instance_index:-1' in any property source
00:06:52.083 qrouter [Test worker] DEBUG o.s.c.e.PropertySourcesPropertyResolver -Could not find key 'vcap.application.instance_index' in any property source
00:06:52.083 qrouter [Test worker] DEBUG o.s.c.e.PropertySourcesPropertyResolver -Could not find key 'spring.profiles.active' in any property source
00:06:52.142 qrouter [Test worker] DEBUG o.s.b.f.s.DefaultListableBeanFactory -Returning cached instance of singleton bean 'autoConfigurationReport'
00:06:52.157 qrouter [Test worker] INFO  s.r.c.RetailManagerControllerTest -Starting RetailManagerControllerTest on Sangram-PC with PID 7456 (started by Sangram in F:\GIT_WORK\GIT_REPO\RetailPro\RetailPro\RetailManager)
00:06:52.158 qrouter [Test worker] DEBUG s.r.c.RetailManagerControllerTest -Running with Spring Boot v1.5.6.RELEASE, Spring v4.3.10.RELEASE
00:06:52.159 qrouter [Test worker] DEBUG o.s.c.e.PropertySourcesPropertyResolver -Could not find key 'spring.profiles.active' in any property source
00:06:52.159 qrouter [Test worker] DEBUG o.s.c.e.PropertySourcesPropertyResolver -Could not find key 'spring.profiles.default' in any property source
00:06:52.159 qrouter [Test worker] INFO  s.r.c.RetailManagerControllerTest -No active profile set, falling back to default profiles: default
00:06:52.160 qrouter [Test worker] DEBUG o.s.boot.SpringApplication -Loading source class shop.retail.ApplicationLauncher
00:06:54.230 qrouter [Test worker] DEBUG o.s.c.a.ClassPathBeanDefinitionScanner -JSR-250 'javax.annotation.ManagedBean' found and supported for component scanning
00:06:54.311 qrouter [Test worker] DEBUG o.s.b.c.c.ConfigFileApplicationListener -Loaded config file 'file:/F:/GIT_WORK/GIT_REPO/RetailPro/RetailPro/RetailManager/build/resources/main/application.properties' (classpath:/application.properties)
00:06:54.312 qrouter [Test worker] DEBUG o.s.b.c.c.ConfigFileApplicationListener -Skipped (empty) config file 'file:/F:/GIT_WORK/GIT_REPO/RetailPro/RetailPro/RetailManager/build/resources/main/application.properties' (classpath:/application.properties) for profile default
00:06:54.316 qrouter [Test worker] INFO  o.s.w.c.s.GenericWebApplicationContext -Refreshing org.springframework.web.context.support.GenericWebApplicationContext@1ec853e: startup date [Tue Aug 29 00:06:54 IST 2017]; root of context hierarchy
00:06:54.319 qrouter [Test worker] DEBUG o.s.w.c.s.GenericWebApplicationContext -Bean factory for org.springframework.web.context.support.GenericWebApplicationContext@1ec853e: org.springframework.beans.factory.support.DefaultListableBeanFactory@1b7543b: defining beans [org.springframework.boot.test.mock.mockito.MockitoPostProcessor$SpyPostProcessor,org.springframework.boot.test.mock.mockito.MockitoPostProcessor,org.springframework.context.annotation.internalConfigurationAnnotationProcessor,org.springframework.context.annotation.internalAutowiredAnnotationProcessor,org.springframework.context.annotation.internalRequiredAnnotationProcessor,org.springframework.context.annotation.internalCommonAnnotationProcessor,org.springframework.context.annotation.internalPersistenceAnnotationProcessor,org.springframework.context.event.internalEventListenerProcessor,org.springframework.context.event.internalEventListenerFactory,applicationLauncher]; root of factory hierarchy
00:06:54.442 qrouter [Test worker] DEBUG o.s.b.f.s.DefaultListableBeanFactory -Registering scope 'request' with implementation [org.springframework.web.context.request.RequestScope@166bd55]
00:06:54.446 qrouter [Test worker] DEBUG o.s.b.f.s.DefaultListableBeanFactory -Registering scope 'session' with implementation [org.springframework.web.context.request.SessionScope@a46d00]
00:06:54.447 qrouter [Test worker] DEBUG o.s.b.f.s.DefaultListableBeanFactory -Registering scope 'globalSession' with implementation [org.springframework.web.context.request.SessionScope@7e439e]
00:06:54.451 qrouter [Test worker] DEBUG o.s.b.f.s.DefaultListableBeanFactory -Registering scope 'application' with implementation [org.springframework.web.context.support.ServletContextScope@103bcf3]
00:06:54.489 qrouter [Test worker] DEBUG o.s.b.f.s.DefaultListableBeanFactory -Creating shared instance of singleton bean 'org.springframework.context.annotation.internalConfigurationAnnotationProcessor'
00:06:54.490 qrouter [Test worker] DEBUG o.s.b.f.s.DefaultListableBeanFactory -Creating instance of bean 'org.springframework.context.annotation.internalConfigurationAnnotationProcessor'
00:06:54.556 qrouter [Test worker] DEBUG o.s.b.f.s.DefaultListableBeanFactory -Eagerly caching bean 'org.springframework.context.annotation.internalConfigurationAnnotationProcessor' to allow for resolving potential circular references
00:06:54.663 qrouter [Test worker] DEBUG o.s.b.f.s.DefaultListableBeanFactory -Creating shared instance of singleton bean 'org.springframework.boot.autoconfigure.internalCachingMetadataReaderFactory'
00:06:54.663 qrouter [Test worker] DEBUG o.s.b.f.s.DefaultListableBeanFactory -Creating instance of bean 'org.springframework.boot.autoconfigure.internalCachingMetadataReaderFactory'
00:06:54.665 qrouter [Test worker] DEBUG o.s.b.f.s.DefaultListableBeanFactory -Eagerly caching bean 'org.springframework.boot.autoconfigure.internalCachingMetadataReaderFactory' to allow for resolving potential circular references
00:06:54.677 qrouter [Test worker] DEBUG o.s.b.f.s.DefaultListableBeanFactory -Finished creating instance of bean 'org.springframework.boot.autoconfigure.internalCachingMetadataReaderFactory'
00:06:54.734 qrouter [Test worker] DEBUG o.s.b.f.s.DefaultListableBeanFactory -Finished creating instance of bean 'org.springframework.context.annotation.internalConfigurationAnnotationProcessor'
00:06:54.881 qrouter [background-preinit] DEBUG org.jboss.logging -Logging Provider: org.jboss.logging.Slf4jLoggerProvider found via system property
00:06:54.892 qrouter [background-preinit] INFO  o.h.validator.internal.util.Version -HV000001: Hibernate Validator 5.3.5.Final
00:06:54.964 qrouter [Test worker] DEBUG o.s.c.a.ClassPathBeanDefinitionScanner -JSR-250 'javax.annotation.ManagedBean' found and supported for component scanning
00:06:54.978 qrouter [Test worker] DEBUG o.s.c.i.s.PathMatchingResourcePatternResolver -Resolved classpath location [shop/retail/] to resources [URL [file:/F:/GIT_WORK/GIT_REPO/RetailPro/RetailPro/RetailManager/build/classes/test/shop/retail/], URL [file:/F:/GIT_WORK/GIT_REPO/RetailPro/RetailPro/RetailManager/build/classes/main/shop/retail/]]
00:06:54.983 qrouter [Test worker] DEBUG o.s.c.i.s.PathMatchingResourcePatternResolver -Looking for matching resources in directory tree [F:\GIT_WORK\GIT_REPO\RetailPro\RetailPro\RetailManager\build\classes\test\shop\retail]
00:06:54.984 qrouter [Test worker] DEBUG o.s.c.i.s.PathMatchingResourcePatternResolver -Searching directory [F:\GIT_WORK\GIT_REPO\RetailPro\RetailPro\RetailManager\build\classes\test\shop\retail] for files matching pattern [F:/GIT_WORK/GIT_REPO/RetailPro/RetailPro/RetailManager/build/classes/test/shop/retail/**/*.class]
00:06:54.996 qrouter [Test worker] DEBUG o.s.c.i.s.PathMatchingResourcePatternResolver -Searching directory [F:\GIT_WORK\GIT_REPO\RetailPro\RetailPro\RetailManager\build\classes\test\shop\retail\controllers] for files matching pattern [F:/GIT_WORK/GIT_REPO/RetailPro/RetailPro/RetailManager/build/classes/test/shop/retail/**/*.class]
00:06:54.999 qrouter [Test worker] DEBUG o.s.c.i.s.PathMatchingResourcePatternResolver -Searching directory [F:\GIT_WORK\GIT_REPO\RetailPro\RetailPro\RetailManager\build\classes\test\shop\retail\models] for files matching pattern [F:/GIT_WORK/GIT_REPO/RetailPro/RetailPro/RetailManager/build/classes/test/shop/retail/**/*.class]
00:06:55.002 qrouter [Test worker] DEBUG o.s.c.i.s.PathMatchingResourcePatternResolver -Searching directory [F:\GIT_WORK\GIT_REPO\RetailPro\RetailPro\RetailManager\build\classes\test\shop\retail\service] for files matching pattern [F:/GIT_WORK/GIT_REPO/RetailPro/RetailPro/RetailManager/build/classes/test/shop/retail/**/*.class]
00:06:55.012 qrouter [Test worker] DEBUG o.s.c.i.s.PathMatchingResourcePatternResolver -Looking for matching resources in directory tree [F:\GIT_WORK\GIT_REPO\RetailPro\RetailPro\RetailManager\build\classes\main\shop\retail]
00:06:55.013 qrouter [Test worker] DEBUG o.s.c.i.s.PathMatchingResourcePatternResolver -Searching directory [F:\GIT_WORK\GIT_REPO\RetailPro\RetailPro\RetailManager\build\classes\main\shop\retail] for files matching pattern [F:/GIT_WORK/GIT_REPO/RetailPro/RetailPro/RetailManager/build/classes/main/shop/retail/**/*.class]
00:06:55.017 qrouter [Test worker] DEBUG o.s.c.i.s.PathMatchingResourcePatternResolver -Searching directory [F:\GIT_WORK\GIT_REPO\RetailPro\RetailPro\RetailManager\build\classes\main\shop\retail\controllers] for files matching pattern [F:/GIT_WORK/GIT_REPO/RetailPro/RetailPro/RetailManager/build/classes/main/shop/retail/**/*.class]
00:06:55.020 qrouter [Test worker] DEBUG o.s.c.i.s.PathMatchingResourcePatternResolver -Searching directory [F:\GIT_WORK\GIT_REPO\RetailPro\RetailPro\RetailManager\build\classes\main\shop\retail\dao] for files matching pattern [F:/GIT_WORK/GIT_REPO/RetailPro/RetailPro/RetailManager/build/classes/main/shop/retail/**/*.class]
00:06:55.023 qrouter [Test worker] DEBUG o.s.c.i.s.PathMatchingResourcePatternResolver -Searching directory [F:\GIT_WORK\GIT_REPO\RetailPro\RetailPro\RetailManager\build\classes\main\shop\retail\exception] for files matching pattern [F:/GIT_WORK/GIT_REPO/RetailPro/RetailPro/RetailManager/build/classes/main/shop/retail/**/*.class]
00:06:55.026 qrouter [Test worker] DEBUG o.s.c.i.s.PathMatchingResourcePatternResolver -Searching directory [F:\GIT_WORK\GIT_REPO\RetailPro\RetailPro\RetailManager\build\classes\main\shop\retail\models] for files matching pattern [F:/GIT_WORK/GIT_REPO/RetailPro/RetailPro/RetailManager/build/classes/main/shop/retail/**/*.class]
00:06:55.030 qrouter [Test worker] DEBUG o.s.c.i.s.PathMatchingResourcePatternResolver -Searching directory [F:\GIT_WORK\GIT_REPO\RetailPro\RetailPro\RetailManager\build\classes\main\shop\retail\service] for files matching pattern [F:/GIT_WORK/GIT_REPO/RetailPro/RetailPro/RetailManager/build/classes/main/shop/retail/**/*.class]
00:06:55.033 qrouter [Test worker] DEBUG o.s.c.i.s.PathMatchingResourcePatternResolver -Searching directory [F:\GIT_WORK\GIT_REPO\RetailPro\RetailPro\RetailManager\build\classes\main\shop\retail\swagger] for files matching pattern [F:/GIT_WORK/GIT_REPO/RetailPro/RetailPro/RetailManager/build/classes/main/shop/retail/**/*.class]
00:06:55.037 qrouter [Test worker] DEBUG o.s.c.i.s.PathMatchingResourcePatternResolver -Resolved location pattern [classpath*:shop/retail/**/*.class] to resources [file [F:\GIT_WORK\GIT_REPO\RetailPro\RetailPro\RetailManager\build\classes\test\shop\retail\BaseTest.class], file [F:\GIT_WORK\GIT_REPO\RetailPro\RetailPro\RetailManager\build\classes\test\shop\retail\controllers\ApplicationIntegrationTests.class], file [F:\GIT_WORK\GIT_REPO\RetailPro\RetailPro\RetailManager\build\classes\test\shop\retail\controllers\RetailManagerControllerTest.class], file [F:\GIT_WORK\GIT_REPO\RetailPro\RetailPro\RetailManager\build\classes\test\shop\retail\models\ModelTest.class], file [F:\GIT_WORK\GIT_REPO\RetailPro\RetailPro\RetailManager\build\classes\test\shop\retail\service\ShopLocatorTestConfiguration.class], file [F:\GIT_WORK\GIT_REPO\RetailPro\RetailPro\RetailManager\build\classes\test\shop\retail\service\ShopLocatorTests.class], file [F:\GIT_WORK\GIT_REPO\RetailPro\RetailPro\RetailManager\build\classes\main\shop\retail\ApplicationLauncher.class], file [F:\GIT_WORK\GIT_REPO\RetailPro\RetailPro\RetailManager\build\classes\main\shop\retail\Config.class], file [F:\GIT_WORK\GIT_REPO\RetailPro\RetailPro\RetailManager\build\classes\main\shop\retail\controllers\RetailShopController.class], file [F:\GIT_WORK\GIT_REPO\RetailPro\RetailPro\RetailManager\build\classes\main\shop\retail\dao\RetailShopDao.class], file [F:\GIT_WORK\GIT_REPO\RetailPro\RetailPro\RetailManager\build\classes\main\shop\retail\dao\RetailShopDaoImpl.class], file [F:\GIT_WORK\GIT_REPO\RetailPro\RetailPro\RetailManager\build\classes\main\shop\retail\exception\ErrorResponse.class], file [F:\GIT_WORK\GIT_REPO\RetailPro\RetailPro\RetailManager\build\classes\main\shop\retail\exception\RestExceptionHandler.class], file [F:\GIT_WORK\GIT_REPO\RetailPro\RetailPro\RetailManager\build\classes\main\shop\retail\exception\RetailManagerException.class], file [F:\GIT_WORK\GIT_REPO\RetailPro\RetailPro\RetailManager\build\classes\main\shop\retail\models\ServiceResponse.class], file [F:\GIT_WORK\GIT_REPO\RetailPro\RetailPro\RetailManager\build\classes\main\shop\retail\models\Shop.class], file [F:\GIT_WORK\GIT_REPO\RetailPro\RetailPro\RetailManager\build\classes\main\shop\retail\models\ShopAddress.class], file [F:\GIT_WORK\GIT_REPO\RetailPro\RetailPro\RetailManager\build\classes\main\shop\retail\RetailMessages.class], file [F:\GIT_WORK\GIT_REPO\RetailPro\RetailPro\RetailManager\build\classes\main\shop\retail\service\ShopLocator.class], file [F:\GIT_WORK\GIT_REPO\RetailPro\RetailPro\RetailManager\build\classes\main\shop\retail\service\ShopLocatorImpl.class], file [F:\GIT_WORK\GIT_REPO\RetailPro\RetailPro\RetailManager\build\classes\main\shop\retail\swagger\SwaggerTest.class]]
00:06:55.121 qrouter [background-preinit] DEBUG o.h.v.i.e.r.DefaultTraversableResolver -Found javax.persistence.Persistence on classpath containing 'getPersistenceUtil'. Assuming JPA 2 environment. Trying to instantiate JPA aware TraversableResolver
00:06:55.127 qrouter [background-preinit] DEBUG o.h.v.i.e.r.DefaultTraversableResolver -Instantiated JPA aware TraversableResolver of type org.hibernate.validator.internal.engine.resolver.JPATraversableResolver.
00:06:55.254 qrouter [Test worker] DEBUG o.s.b.f.s.DefaultListableBeanFactory -Returning cached instance of singleton bean 'org.springframework.boot.test.context.filter.TestTypeExcludeFilter'
00:06:55.260 qrouter [Test worker] DEBUG o.s.b.f.s.DefaultListableBeanFactory -Returning cached instance of singleton bean 'org.springframework.boot.test.context.filter.TestTypeExcludeFilter'
00:06:55.268 qrouter [Test worker] DEBUG o.s.b.f.s.DefaultListableBeanFactory -Returning cached instance of singleton bean 'org.springframework.boot.test.context.filter.TestTypeExcludeFilter'
00:06:55.271 qrouter [Test worker] DEBUG o.s.b.f.s.DefaultListableBeanFactory -Returning cached instance of singleton bean 'org.springframework.boot.test.context.filter.TestTypeExcludeFilter'
00:06:55.297 qrouter [Test worker] DEBUG o.s.b.f.s.DefaultListableBeanFactory -Returning cached instance of singleton bean 'org.springframework.boot.test.context.filter.TestTypeExcludeFilter'
00:06:55.301 qrouter [Test worker] DEBUG o.s.c.a.ClassPathBeanDefinitionScanner -Identified candidate component class: file [F:\GIT_WORK\GIT_REPO\RetailPro\RetailPro\RetailManager\build\classes\test\shop\retail\service\ShopLocatorTestConfiguration.class]
00:06:55.329 qrouter [Test worker] DEBUG o.s.b.f.s.DefaultListableBeanFactory -Returning cached instance of singleton bean 'org.springframework.boot.test.context.filter.TestTypeExcludeFilter'
00:06:55.356 qrouter [Test worker] DEBUG o.s.b.f.s.DefaultListableBeanFactory -Returning cached instance of singleton bean 'org.springframework.boot.test.context.filter.TestTypeExcludeFilter'
00:06:55.429 qrouter [Test worker] DEBUG o.s.b.f.s.DefaultListableBeanFactory -Returning cached instance of singleton bean 'org.springframework.boot.test.context.filter.TestTypeExcludeFilter'
00:06:55.429 qrouter [Test worker] DEBUG o.s.c.a.ClassPathBeanDefinitionScanner -Identified candidate component class: file [F:\GIT_WORK\GIT_REPO\RetailPro\RetailPro\RetailManager\build\classes\main\shop\retail\controllers\RetailShopController.class]
00:06:55.432 qrouter [Test worker] DEBUG o.s.b.f.s.DefaultListableBeanFactory -Returning cached instance of singleton bean 'org.springframework.boot.test.context.filter.TestTypeExcludeFilter'
00:06:55.444 qrouter [Test worker] DEBUG o.s.b.f.s.DefaultListableBeanFactory -Returning cached instance of singleton bean 'org.springframework.boot.test.context.filter.TestTypeExcludeFilter'
00:06:55.445 qrouter [Test worker] DEBUG o.s.c.a.ClassPathBeanDefinitionScanner -Identified candidate component class: file [F:\GIT_WORK\GIT_REPO\RetailPro\RetailPro\RetailManager\build\classes\main\shop\retail\dao\RetailShopDaoImpl.class]
00:06:55.448 qrouter [Test worker] DEBUG o.s.b.f.s.DefaultListableBeanFactory -Returning cached instance of singleton bean 'org.springframework.boot.test.context.filter.TestTypeExcludeFilter'
00:06:55.457 qrouter [Test worker] DEBUG o.s.b.f.s.DefaultListableBeanFactory -Returning cached instance of singleton bean 'org.springframework.boot.test.context.filter.TestTypeExcludeFilter'
00:06:55.459 qrouter [Test worker] DEBUG o.s.c.a.ClassPathBeanDefinitionScanner -Identified candidate component class: file [F:\GIT_WORK\GIT_REPO\RetailPro\RetailPro\RetailManager\build\classes\main\shop\retail\exception\RestExceptionHandler.class]
00:06:55.462 qrouter [Test worker] DEBUG o.s.b.f.s.DefaultListableBeanFactory -Returning cached instance of singleton bean 'org.springframework.boot.test.context.filter.TestTypeExcludeFilter'
00:06:55.466 qrouter [Test worker] DEBUG o.s.b.f.s.DefaultListableBeanFactory -Returning cached instance of singleton bean 'org.springframework.boot.test.context.filter.TestTypeExcludeFilter'
00:06:55.490 qrouter [Test worker] DEBUG o.s.b.f.s.DefaultListableBeanFactory -Returning cached instance of singleton bean 'org.springframework.boot.test.context.filter.TestTypeExcludeFilter'
00:06:55.494 qrouter [Test worker] DEBUG o.s.b.f.s.DefaultListableBeanFactory -Returning cached instance of singleton bean 'org.springframework.boot.test.context.filter.TestTypeExcludeFilter'
00:06:55.497 qrouter [Test worker] DEBUG o.s.b.f.s.DefaultListableBeanFactory -Returning cached instance of singleton bean 'org.springframework.boot.test.context.filter.TestTypeExcludeFilter'
00:06:55.504 qrouter [Test worker] DEBUG o.s.b.f.s.DefaultListableBeanFactory -Returning cached instance of singleton bean 'org.springframework.boot.test.context.filter.TestTypeExcludeFilter'
00:06:55.513 qrouter [Test worker] DEBUG o.s.b.f.s.DefaultListableBeanFactory -Returning cached instance of singleton bean 'org.springframework.boot.test.context.filter.TestTypeExcludeFilter'
00:06:55.514 qrouter [Test worker] DEBUG o.s.c.a.ClassPathBeanDefinitionScanner -Identified candidate component class: file [F:\GIT_WORK\GIT_REPO\RetailPro\RetailPro\RetailManager\build\classes\main\shop\retail\service\ShopLocatorImpl.class]
00:06:55.533 qrouter [Test worker] DEBUG o.s.b.f.s.DefaultListableBeanFactory -Returning cached instance of singleton bean 'org.springframework.boot.test.context.filter.TestTypeExcludeFilter'
00:06:55.541 qrouter [Test worker] DEBUG o.s.c.a.ClassPathBeanDefinitionScanner -Identified candidate component class: file [F:\GIT_WORK\GIT_REPO\RetailPro\RetailPro\RetailManager\build\classes\main\shop\retail\swagger\SwaggerTest.class]
00:06:55.676 qrouter [Test worker] DEBUG o.s.c.a.ClassPathBeanDefinitionScanner -JSR-250 'javax.annotation.ManagedBean' found and supported for component scanning
00:06:55.680 qrouter [Test worker] DEBUG o.s.c.i.s.PathMatchingResourcePatternResolver -Resolved classpath location [springfox/documentation/swagger2/readers/parameter/] to resources [URL [jar:file:/C:/Users/Sangram/.gradle/caches/modules-2/files-2.1/io.springfox/springfox-swagger2/2.1.1/27c964865223089f95bb05704b22bfa72cee451f/springfox-swagger2-2.1.1.jar!/springfox/documentation/swagger2/readers/parameter/]]
00:06:55.683 qrouter [Test worker] DEBUG o.s.c.i.s.PathMatchingResourcePatternResolver -Looking for matching resources in jar file [file:/C:/Users/Sangram/.gradle/caches/modules-2/files-2.1/io.springfox/springfox-swagger2/2.1.1/27c964865223089f95bb05704b22bfa72cee451f/springfox-swagger2-2.1.1.jar]
00:06:55.685 qrouter [Test worker] DEBUG o.s.c.i.s.PathMatchingResourcePatternResolver -Resolved location pattern [classpath*:springfox/documentation/swagger2/readers/parameter/**/*.class] to resources [URL [jar:file:/C:/Users/Sangram/.gradle/caches/modules-2/files-2.1/io.springfox/springfox-swagger2/2.1.1/27c964865223089f95bb05704b22bfa72cee451f/springfox-swagger2-2.1.1.jar!/springfox/documentation/swagger2/readers/parameter/ParameterNameReader.class]]
00:06:55.700 qrouter [Test worker] DEBUG o.s.c.a.ClassPathBeanDefinitionScanner -Identified candidate component class: URL [jar:file:/C:/Users/Sangram/.gradle/caches/modules-2/files-2.1/io.springfox/springfox-swagger2/2.1.1/27c964865223089f95bb05704b22bfa72cee451f/springfox-swagger2-2.1.1.jar!/springfox/documentation/swagger2/readers/parameter/ParameterNameReader.class]
00:06:55.702 qrouter [Test worker] DEBUG o.s.c.i.s.PathMatchingResourcePatternResolver -Resolved classpath location [springfox/documentation/swagger2/web/] to resources [URL [jar:file:/C:/Users/Sangram/.gradle/caches/modules-2/files-2.1/io.springfox/springfox-swagger2/2.1.1/27c964865223089f95bb05704b22bfa72cee451f/springfox-swagger2-2.1.1.jar!/springfox/documentation/swagger2/web/]]
00:06:55.703 qrouter [Test worker] DEBUG o.s.c.i.s.PathMatchingResourcePatternResolver -Looking for matching resources in jar file [file:/C:/Users/Sangram/.gradle/caches/modules-2/files-2.1/io.springfox/springfox-swagger2/2.1.1/27c964865223089f95bb05704b22bfa72cee451f/springfox-swagger2-2.1.1.jar]
00:06:55.705 qrouter [Test worker] DEBUG o.s.c.i.s.PathMatchingResourcePatternResolver -Resolved location pattern [classpath*:springfox/documentation/swagger2/web/**/*.class] to resources [URL [jar:file:/C:/Users/Sangram/.gradle/caches/modules-2/files-2.1/io.springfox/springfox-swagger2/2.1.1/27c964865223089f95bb05704b22bfa72cee451f/springfox-swagger2-2.1.1.jar!/springfox/documentation/swagger2/web/Swagger2Controller.class]]
00:06:55.718 qrouter [Test worker] DEBUG o.s.c.a.ClassPathBeanDefinitionScanner -Identified candidate component class: URL [jar:file:/C:/Users/Sangram/.gradle/caches/modules-2/files-2.1/io.springfox/springfox-swagger2/2.1.1/27c964865223089f95bb05704b22bfa72cee451f/springfox-swagger2-2.1.1.jar!/springfox/documentation/swagger2/web/Swagger2Controller.class]
00:06:55.720 qrouter [Test worker] DEBUG o.s.c.i.s.PathMatchingResourcePatternResolver -Resolved classpath location [springfox/documentation/swagger2/mappers/] to resources [URL [jar:file:/C:/Users/Sangram/.gradle/caches/modules-2/files-2.1/io.springfox/springfox-swagger2/2.1.1/27c964865223089f95bb05704b22bfa72cee451f/springfox-swagger2-2.1.1.jar!/springfox/documentation/swagger2/mappers/]]
00:06:55.722 qrouter [Test worker] DEBUG o.s.c.i.s.PathMatchingResourcePatternResolver -Looking for matching resources in jar file [file:/C:/Users/Sangram/.gradle/caches/modules-2/files-2.1/io.springfox/springfox-swagger2/2.1.1/27c964865223089f95bb05704b22bfa72cee451f/springfox-swagger2-2.1.1.jar]
00:06:55.728 qrouter [Test worker] DEBUG o.s.c.i.s.PathMatchingResourcePatternResolver -Resolved location pattern [classpath*:springfox/documentation/swagger2/mappers/**/*.class] to resources [URL [jar:file:/C:/Users/Sangram/.gradle/caches/modules-2/files-2.1/io.springfox/springfox-swagger2/2.1.1/27c964865223089f95bb05704b22bfa72cee451f/springfox-swagger2-2.1.1.jar!/springfox/documentation/swagger2/mappers/ApiKeyAuthFactory.class], URL [jar:file:/C:/Users/Sangram/.gradle/caches/modules-2/files-2.1/io.springfox/springfox-swagger2/2.1.1/27c964865223089f95bb05704b22bfa72cee451f/springfox-swagger2-2.1.1.jar!/springfox/documentation/swagger2/mappers/BasicAuthFactory.class], URL [jar:file:/C:/Users/Sangram/.gradle/caches/modules-2/files-2.1/io.springfox/springfox-swagger2/2.1.1/27c964865223089f95bb05704b22bfa72cee451f/springfox-swagger2-2.1.1.jar!/springfox/documentation/swagger2/mappers/LicenseMapper$License.class], URL [jar:file:/C:/Users/Sangram/.gradle/caches/modules-2/files-2.1/io.springfox/springfox-swagger2/2.1.1/27c964865223089f95bb05704b22bfa72cee451f/springfox-swagger2-2.1.1.jar!/springfox/documentation/swagger2/mappers/LicenseMapper$LicenseTranslator.class], URL [jar:file:/C:/Users/Sangram/.gradle/caches/modules-2/files-2.1/io.springfox/springfox-swagger2/2.1.1/27c964865223089f95bb05704b22bfa72cee451f/springfox-swagger2-2.1.1.jar!/springfox/documentation/swagger2/mappers/LicenseMapper.class], URL [jar:file:/C:/Users/Sangram/.gradle/caches/modules-2/files-2.1/io.springfox/springfox-swagger2/2.1.1/27c964865223089f95bb05704b22bfa72cee451f/springfox-swagger2-2.1.1.jar!/springfox/documentation/swagger2/mappers/LicenseMapperImpl.class], URL [jar:file:/C:/Users/Sangram/.gradle/caches/modules-2/files-2.1/io.springfox/springfox-swagger2/2.1.1/27c964865223089f95bb05704b22bfa72cee451f/springfox-swagger2-2.1.1.jar!/springfox/documentation/swagger2/mappers/ModelMapper$1.class], URL [jar:file:/C:/Users/Sangram/.gradle/caches/modules-2/files-2.1/io.springfox/springfox-swagger2/2.1.1/27c964865223089f95bb05704b22bfa72cee451f/springfox-swagger2-2.1.1.jar!/springfox/documentation/swagger2/mappers/ModelMapper$2.class], URL [jar:file:/C:/Users/Sangram/.gradle/caches/modules-2/files-2.1/io.springfox/springfox-swagger2/2.1.1/27c964865223089f95bb05704b22bfa72cee451f/springfox-swagger2-2.1.1.jar!/springfox/documentation/swagger2/mappers/ModelMapper.class], URL [jar:file:/C:/Users/Sangram/.gradle/caches/modules-2/files-2.1/io.springfox/springfox-swagger2/2.1.1/27c964865223089f95bb05704b22bfa72cee451f/springfox-swagger2-2.1.1.jar!/springfox/documentation/swagger2/mappers/ModelMapperImpl.class], URL [jar:file:/C:/Users/Sangram/.gradle/caches/modules-2/files-2.1/io.springfox/springfox-swagger2/2.1.1/27c964865223089f95bb05704b22bfa72cee451f/springfox-swagger2-2.1.1.jar!/springfox/documentation/swagger2/mappers/OAuth2AuthFactory.class], URL [jar:file:/C:/Users/Sangram/.gradle/caches/modules-2/files-2.1/io.springfox/springfox-swagger2/2.1.1/27c964865223089f95bb05704b22bfa72cee451f/springfox-swagger2-2.1.1.jar!/springfox/documentation/swagger2/mappers/ParameterMapper.class], URL [jar:file:/C:/Users/Sangram/.gradle/caches/modules-2/files-2.1/io.springfox/springfox-swagger2/2.1.1/27c964865223089f95bb05704b22bfa72cee451f/springfox-swagger2-2.1.1.jar!/springfox/documentation/swagger2/mappers/ParameterMapperImpl.class], URL [jar:file:/C:/Users/Sangram/.gradle/caches/modules-2/files-2.1/io.springfox/springfox-swagger2/2.1.1/27c964865223089f95bb05704b22bfa72cee451f/springfox-swagger2-2.1.1.jar!/springfox/documentation/swagger2/mappers/Properties$1.class], URL [jar:file:/C:/Users/Sangram/.gradle/caches/modules-2/files-2.1/io.springfox/springfox-swagger2/2.1.1/27c964865223089f95bb05704b22bfa72cee451f/springfox-swagger2-2.1.1.jar!/springfox/documentation/swagger2/mappers/Properties$2.class], URL [jar:file:/C:/Users/Sangram/.gradle/caches/modules-2/files-2.1/io.springfox/springfox-swagger2/2.1.1/27c964865223089f95bb05704b22bfa72cee451f/springfox-swagger2-2.1.1.jar!/springfox/documentation/swagger2/mappers/Properties$3.class], URL [jar:file:/C:/Users/Sangram/.gradle/caches/modules-2/files-2.1/io.springfox/springfox-swagger2/2.1.1/27c964865223089f95bb05704b22bfa72cee451f/springfox-swagger2-2.1.1.jar!/springfox/documentation/swagger2/mappers/Properties$4.class], URL [jar:file:/C:/Users/Sangram/.gradle/caches/modules-2/files-2.1/io.springfox/springfox-swagger2/2.1.1/27c964865223089f95bb05704b22bfa72cee451f/springfox-swagger2-2.1.1.jar!/springfox/documentation/swagger2/mappers/Properties.class], URL [jar:file:/C:/Users/Sangram/.gradle/caches/modules-2/files-2.1/io.springfox/springfox-swagger2/2.1.1/27c964865223089f95bb05704b22bfa72cee451f/springfox-swagger2-2.1.1.jar!/springfox/documentation/swagger2/mappers/SecurityMapper$1.class], URL [jar:file:/C:/Users/Sangram/.gradle/caches/modules-2/files-2.1/io.springfox/springfox-swagger2/2.1.1/27c964865223089f95bb05704b22bfa72cee451f/springfox-swagger2-2.1.1.jar!/springfox/documentation/swagger2/mappers/SecurityMapper$2.class], URL [jar:file:/C:/Users/Sangram/.gradle/caches/modules-2/files-2.1/io.springfox/springfox-swagger2/2.1.1/27c964865223089f95bb05704b22bfa72cee451f/springfox-swagger2-2.1.1.jar!/springfox/documentation/swagger2/mappers/SecurityMapper.class], URL [jar:file:/C:/Users/Sangram/.gradle/caches/modules-2/files-2.1/io.springfox/springfox-swagger2/2.1.1/27c964865223089f95bb05704b22bfa72cee451f/springfox-swagger2-2.1.1.jar!/springfox/documentation/swagger2/mappers/SecurityMapperImpl.class], URL [jar:file:/C:/Users/Sangram/.gradle/caches/modules-2/files-2.1/io.springfox/springfox-swagger2/2.1.1/27c964865223089f95bb05704b22bfa72cee451f/springfox-swagger2-2.1.1.jar!/springfox/documentation/swagger2/mappers/SecuritySchemeFactory.class], URL [jar:file:/C:/Users/Sangram/.gradle/caches/modules-2/files-2.1/io.springfox/springfox-swagger2/2.1.1/27c964865223089f95bb05704b22bfa72cee451f/springfox-swagger2-2.1.1.jar!/springfox/documentation/swagger2/mappers/SerializableParameterFactories$CookieSerializableParameterFactory.class], URL [jar:file:/C:/Users/Sangram/.gradle/caches/modules-2/files-2.1/io.springfox/springfox-swagger2/2.1.1/27c964865223089f95bb05704b22bfa72cee451f/springfox-swagger2-2.1.1.jar!/springfox/documentation/swagger2/mappers/SerializableParameterFactories$FormSerializableParameterFactory.class], URL [jar:file:/C:/Users/Sangram/.gradle/caches/modules-2/files-2.1/io.springfox/springfox-swagger2/2.1.1/27c964865223089f95bb05704b22bfa72cee451f/springfox-swagger2-2.1.1.jar!/springfox/documentation/swagger2/mappers/SerializableParameterFactories$HeaderSerializableParameterFactory.class], URL [jar:file:/C:/Users/Sangram/.gradle/caches/modules-2/files-2.1/io.springfox/springfox-swagger2/2.1.1/27c964865223089f95bb05704b22bfa72cee451f/springfox-swagger2-2.1.1.jar!/springfox/documentation/swagger2/mappers/SerializableParameterFactories$NullSerializableParameterFactory.class], URL [jar:file:/C:/Users/Sangram/.gradle/caches/modules-2/files-2.1/io.springfox/springfox-swagger2/2.1.1/27c964865223089f95bb05704b22bfa72cee451f/springfox-swagger2-2.1.1.jar!/springfox/documentation/swagger2/mappers/SerializableParameterFactories$PathSerializableParameterFactory.class], URL [jar:file:/C:/Users/Sangram/.gradle/caches/modules-2/files-2.1/io.springfox/springfox-swagger2/2.1.1/27c964865223089f95bb05704b22bfa72cee451f/springfox-swagger2-2.1.1.jar!/springfox/documentation/swagger2/mappers/SerializableParameterFactories$QuerySerializableParameterFactory.class], URL [jar:file:/C:/Users/Sangram/.gradle/caches/modules-2/files-2.1/io.springfox/springfox-swagger2/2.1.1/27c964865223089f95bb05704b22bfa72cee451f/springfox-swagger2-2.1.1.jar!/springfox/documentation/swagger2/mappers/SerializableParameterFactories.class], URL [jar:file:/C:/Users/Sangram/.gradle/caches/modules-2/files-2.1/io.springfox/springfox-swagger2/2.1.1/27c964865223089f95bb05704b22bfa72cee451f/springfox-swagger2-2.1.1.jar!/springfox/documentation/swagger2/mappers/SerializableParameterFactory.class], URL [jar:file:/C:/Users/Sangram/.gradle/caches/modules-2/files-2.1/io.springfox/springfox-swagger2/2.1.1/27c964865223089f95bb05704b22bfa72cee451f/springfox-swagger2-2.1.1.jar!/springfox/documentation/swagger2/mappers/ServiceModelToSwagger2Mapper$1.class], URL [jar:file:/C:/Users/Sangram/.gradle/caches/modules-2/files-2.1/io.springfox/springfox-swagger2/2.1.1/27c964865223089f95bb05704b22bfa72cee451f/springfox-swagger2-2.1.1.jar!/springfox/documentation/swagger2/mappers/ServiceModelToSwagger2Mapper$2.class], URL [jar:file:/C:/Users/Sangram/.gradle/caches/modules-2/files-2.1/io.springfox/springfox-swagger2/2.1.1/27c964865223089f95bb05704b22bfa72cee451f/springfox-swagger2-2.1.1.jar!/springfox/documentation/swagger2/mappers/ServiceModelToSwagger2Mapper.class], URL [jar:file:/C:/Users/Sangram/.gradle/caches/modules-2/files-2.1/io.springfox/springfox-swagger2/2.1.1/27c964865223089f95bb05704b22bfa72cee451f/springfox-swagger2-2.1.1.jar!/springfox/documentation/swagger2/mappers/ServiceModelToSwagger2MapperImpl.class], URL [jar:file:/C:/Users/Sangram/.gradle/caches/modules-2/files-2.1/io.springfox/springfox-swagger2/2.1.1/27c964865223089f95bb05704b22bfa72cee451f/springfox-swagger2-2.1.1.jar!/springfox/documentation/swagger2/mappers/VendorExtensionsMapper$1.class], URL [jar:file:/C:/Users/Sangram/.gradle/caches/modules-2/files-2.1/io.springfox/springfox-swagger2/2.1.1/27c964865223089f95bb05704b22bfa72cee451f/springfox-swagger2-2.1.1.jar!/springfox/documentation/swagger2/mappers/VendorExtensionsMapper.class], URL [jar:file:/C:/Users/Sangram/.gradle/caches/modules-2/files-2.1/io.springfox/springfox-swagger2/2.1.1/27c964865223089f95bb05704b22bfa72cee451f/springfox-swagger2-2.1.1.jar!/springfox/documentation/swagger2/mappers/VendorExtensionsMapperImpl.class]]
00:06:55.763 qrouter [Test worker] DEBUG o.s.c.a.ClassPathBeanDefinitionScanner -Identified candidate component class: URL [jar:file:/C:/Users/Sangram/.gradle/caches/modules-2/files-2.1/io.springfox/springfox-swagger2/2.1.1/27c964865223089f95bb05704b22bfa72cee451f/springfox-swagger2-2.1.1.jar!/springfox/documentation/swagger2/mappers/LicenseMapperImpl.class]
00:06:55.771 qrouter [Test worker] DEBUG o.s.c.a.ClassPathBeanDefinitionScanner -Identified candidate component class: URL [jar:file:/C:/Users/Sangram/.gradle/caches/modules-2/files-2.1/io.springfox/springfox-swagger2/2.1.1/27c964865223089f95bb05704b22bfa72cee451f/springfox-swagger2-2.1.1.jar!/springfox/documentation/swagger2/mappers/ModelMapperImpl.class]
00:06:55.777 qrouter [Test worker] DEBUG o.s.c.a.ClassPathBeanDefinitionScanner -Identified candidate component class: URL [jar:file:/C:/Users/Sangram/.gradle/caches/modules-2/files-2.1/io.springfox/springfox-swagger2/2.1.1/27c964865223089f95bb05704b22bfa72cee451f/springfox-swagger2-2.1.1.jar!/springfox/documentation/swagger2/mappers/ParameterMapperImpl.class]
00:06:55.791 qrouter [Test worker] DEBUG o.s.c.a.ClassPathBeanDefinitionScanner -Identified candidate component class: URL [jar:file:/C:/Users/Sangram/.gradle/caches/modules-2/files-2.1/io.springfox/springfox-swagger2/2.1.1/27c964865223089f95bb05704b22bfa72cee451f/springfox-swagger2-2.1.1.jar!/springfox/documentation/swagger2/mappers/SecurityMapperImpl.class]
00:06:55.823 qrouter [Test worker] DEBUG o.s.c.a.ClassPathBeanDefinitionScanner -Identified candidate component class: URL [jar:file:/C:/Users/Sangram/.gradle/caches/modules-2/files-2.1/io.springfox/springfox-swagger2/2.1.1/27c964865223089f95bb05704b22bfa72cee451f/springfox-swagger2-2.1.1.jar!/springfox/documentation/swagger2/mappers/ServiceModelToSwagger2MapperImpl.class]
00:06:55.829 qrouter [Test worker] DEBUG o.s.c.a.ClassPathBeanDefinitionScanner -Identified candidate component class: URL [jar:file:/C:/Users/Sangram/.gradle/caches/modules-2/files-2.1/io.springfox/springfox-swagger2/2.1.1/27c964865223089f95bb05704b22bfa72cee451f/springfox-swagger2-2.1.1.jar!/springfox/documentation/swagger2/mappers/VendorExtensionsMapperImpl.class]
00:06:56.033 qrouter [Test worker] DEBUG o.s.c.a.ClassPathBeanDefinitionScanner -JSR-250 'javax.annotation.ManagedBean' found and supported for component scanning
00:06:56.037 qrouter [Test worker] DEBUG o.s.c.i.s.PathMatchingResourcePatternResolver -Resolved classpath location [springfox/documentation/spring/web/scanners/] to resources [URL [jar:file:/C:/Users/Sangram/.gradle/caches/modules-2/files-2.1/io.springfox/springfox-spring-web/2.1.1/132602c1602ac2b06f832aff4fcd789d1bdb3f5/springfox-spring-web-2.1.1.jar!/springfox/documentation/spring/web/scanners/]]
00:06:56.039 qrouter [Test worker] DEBUG o.s.c.i.s.PathMatchingResourcePatternResolver -Looking for matching resources in jar file [file:/C:/Users/Sangram/.gradle/caches/modules-2/files-2.1/io.springfox/springfox-spring-web/2.1.1/132602c1602ac2b06f832aff4fcd789d1bdb3f5/springfox-spring-web-2.1.1.jar]
00:06:56.044 qrouter [Test worker] DEBUG o.s.c.i.s.PathMatchingResourcePatternResolver -Resolved location pattern [classpath*:springfox/documentation/spring/web/scanners/**/*.class] to resources [URL [jar:file:/C:/Users/Sangram/.gradle/caches/modules-2/files-2.1/io.springfox/springfox-spring-web/2.1.1/132602c1602ac2b06f832aff4fcd789d1bdb3f5/springfox-spring-web-2.1.1.jar!/springfox/documentation/spring/web/scanners/ApiDescriptionReader.class], URL [jar:file:/C:/Users/Sangram/.gradle/caches/modules-2/files-2.1/io.springfox/springfox-spring-web/2.1.1/132602c1602ac2b06f832aff4fcd789d1bdb3f5/springfox-spring-web-2.1.1.jar!/springfox/documentation/spring/web/scanners/ApiDocumentationScanner$1.class], URL [jar:file:/C:/Users/Sangram/.gradle/caches/modules-2/files-2.1/io.springfox/springfox-spring-web/2.1.1/132602c1602ac2b06f832aff4fcd789d1bdb3f5/springfox-spring-web-2.1.1.jar!/springfox/documentation/spring/web/scanners/ApiDocumentationScanner$2.class], URL [jar:file:/C:/Users/Sangram/.gradle/caches/modules-2/files-2.1/io.springfox/springfox-spring-web/2.1.1/132602c1602ac2b06f832aff4fcd789d1bdb3f5/springfox-spring-web-2.1.1.jar!/springfox/documentation/spring/web/scanners/ApiDocumentationScanner.class], URL [jar:file:/C:/Users/Sangram/.gradle/caches/modules-2/files-2.1/io.springfox/springfox-spring-web/2.1.1/132602c1602ac2b06f832aff4fcd789d1bdb3f5/springfox-spring-web-2.1.1.jar!/springfox/documentation/spring/web/scanners/ApiListingReferenceScanner.class], URL [jar:file:/C:/Users/Sangram/.gradle/caches/modules-2/files-2.1/io.springfox/springfox-spring-web/2.1.1/132602c1602ac2b06f832aff4fcd789d1bdb3f5/springfox-spring-web-2.1.1.jar!/springfox/documentation/spring/web/scanners/ApiListingReferenceScanResult.class], URL [jar:file:/C:/Users/Sangram/.gradle/caches/modules-2/files-2.1/io.springfox/springfox-spring-web/2.1.1/132602c1602ac2b06f832aff4fcd789d1bdb3f5/springfox-spring-web-2.1.1.jar!/springfox/documentation/spring/web/scanners/ApiListingScanner.class], URL [jar:file:/C:/Users/Sangram/.gradle/caches/modules-2/files-2.1/io.springfox/springfox-spring-web/2.1.1/132602c1602ac2b06f832aff4fcd789d1bdb3f5/springfox-spring-web-2.1.1.jar!/springfox/documentation/spring/web/scanners/ApiListingScanningContext.class], URL [jar:file:/C:/Users/Sangram/.gradle/caches/modules-2/files-2.1/io.springfox/springfox-spring-web/2.1.1/132602c1602ac2b06f832aff4fcd789d1bdb3f5/springfox-spring-web-2.1.1.jar!/springfox/documentation/spring/web/scanners/ApiModelReader.class], URL [jar:file:/C:/Users/Sangram/.gradle/caches/modules-2/files-2.1/io.springfox/springfox-spring-web/2.1.1/132602c1602ac2b06f832aff4fcd789d1bdb3f5/springfox-spring-web-2.1.1.jar!/springfox/documentation/spring/web/scanners/MediaTypeReader.class]]
00:06:56.049 qrouter [Test worker] DEBUG o.s.c.a.ClassPathBeanDefinitionScanner -Identified candidate component class: URL [jar:file:/C:/Users/Sangram/.gradle/caches/modules-2/files-2.1/io.springfox/springfox-spring-web/2.1.1/132602c1602ac2b06f832aff4fcd789d1bdb3f5/springfox-spring-web-2.1.1.jar!/springfox/documentation/spring/web/scanners/ApiDescriptionReader.class]
00:06:56.056 qrouter [Test worker] DEBUG o.s.c.a.ClassPathBeanDefinitionScanner -Identified candidate component class: URL [jar:file:/C:/Users/Sangram/.gradle/caches/modules-2/files-2.1/io.springfox/springfox-spring-web/2.1.1/132602c1602ac2b06f832aff4fcd789d1bdb3f5/springfox-spring-web-2.1.1.jar!/springfox/documentation/spring/web/scanners/ApiDocumentationScanner.class]
00:06:56.061 qrouter [Test worker] DEBUG o.s.c.a.ClassPathBeanDefinitionScanner -Identified candidate component class: URL [jar:file:/C:/Users/Sangram/.gradle/caches/modules-2/files-2.1/io.springfox/springfox-spring-web/2.1.1/132602c1602ac2b06f832aff4fcd789d1bdb3f5/springfox-spring-web-2.1.1.jar!/springfox/documentation/spring/web/scanners/ApiListingReferenceScanner.class]
00:06:56.067 qrouter [Test worker] DEBUG o.s.c.a.ClassPathBeanDefinitionScanner -Identified candidate component class: URL [jar:file:/C:/Users/Sangram/.gradle/caches/modules-2/files-2.1/io.springfox/springfox-spring-web/2.1.1/132602c1602ac2b06f832aff4fcd789d1bdb3f5/springfox-spring-web-2.1.1.jar!/springfox/documentation/spring/web/scanners/ApiListingScanner.class]
00:06:56.072 qrouter [Test worker] DEBUG o.s.c.a.ClassPathBeanDefinitionScanner -Identified candidate component class: URL [jar:file:/C:/Users/Sangram/.gradle/caches/modules-2/files-2.1/io.springfox/springfox-spring-web/2.1.1/132602c1602ac2b06f832aff4fcd789d1bdb3f5/springfox-spring-web-2.1.1.jar!/springfox/documentation/spring/web/scanners/ApiModelReader.class]
00:06:56.076 qrouter [Test worker] DEBUG o.s.c.a.ClassPathBeanDefinitionScanner -Identified candidate component class: URL [jar:file:/C:/Users/Sangram/.gradle/caches/modules-2/files-2.1/io.springfox/springfox-spring-web/2.1.1/132602c1602ac2b06f832aff4fcd789d1bdb3f5/springfox-spring-web-2.1.1.jar!/springfox/documentation/spring/web/scanners/MediaTypeReader.class]
00:06:56.080 qrouter [Test worker] DEBUG o.s.c.i.s.PathMatchingResourcePatternResolver -Resolved classpath location [springfox/documentation/spring/web/readers/operation/] to resources [URL [jar:file:/C:/Users/Sangram/.gradle/caches/modules-2/files-2.1/io.springfox/springfox-spring-web/2.1.1/132602c1602ac2b06f832aff4fcd789d1bdb3f5/springfox-spring-web-2.1.1.jar!/springfox/documentation/spring/web/readers/operation/]]
00:06:56.082 qrouter [Test worker] DEBUG o.s.c.i.s.PathMatchingResourcePatternResolver -Looking for matching resources in jar file [file:/C:/Users/Sangram/.gradle/caches/modules-2/files-2.1/io.springfox/springfox-spring-web/2.1.1/132602c1602ac2b06f832aff4fcd789d1bdb3f5/springfox-spring-web-2.1.1.jar]
00:06:56.088 qrouter [Test worker] DEBUG o.s.c.i.s.PathMatchingResourcePatternResolver -Resolved location pattern [classpath*:springfox/documentation/spring/web/readers/operation/**/*.class] to resources [URL [jar:file:/C:/Users/Sangram/.gradle/caches/modules-2/files-2.1/io.springfox/springfox-spring-web/2.1.1/132602c1602ac2b06f832aff4fcd789d1bdb3f5/springfox-spring-web-2.1.1.jar!/springfox/documentation/spring/web/readers/operation/ApiOperationReader.class], URL [jar:file:/C:/Users/Sangram/.gradle/caches/modules-2/files-2.1/io.springfox/springfox-spring-web/2.1.1/132602c1602ac2b06f832aff4fcd789d1bdb3f5/springfox-spring-web-2.1.1.jar!/springfox/documentation/spring/web/readers/operation/CachingOperationNameGenerator.class], URL [jar:file:/C:/Users/Sangram/.gradle/caches/modules-2/files-2.1/io.springfox/springfox-spring-web/2.1.1/132602c1602ac2b06f832aff4fcd789d1bdb3f5/springfox-spring-web-2.1.1.jar!/springfox/documentation/spring/web/readers/operation/DefaultOperationReader.class], URL [jar:file:/C:/Users/Sangram/.gradle/caches/modules-2/files-2.1/io.springfox/springfox-spring-web/2.1.1/132602c1602ac2b06f832aff4fcd789d1bdb3f5/springfox-spring-web-2.1.1.jar!/springfox/documentation/spring/web/readers/operation/HandlerMethodResolver$1.class], URL [jar:file:/C:/Users/Sangram/.gradle/caches/modules-2/files-2.1/io.springfox/springfox-spring-web/2.1.1/132602c1602ac2b06f832aff4fcd789d1bdb3f5/springfox-spring-web-2.1.1.jar!/springfox/documentation/spring/web/readers/operation/HandlerMethodResolver$2.class], URL [jar:file:/C:/Users/Sangram/.gradle/caches/modules-2/files-2.1/io.springfox/springfox-spring-web/2.1.1/132602c1602ac2b06f832aff4fcd789d1bdb3f5/springfox-spring-web-2.1.1.jar!/springfox/documentation/spring/web/readers/operation/HandlerMethodResolver$3.class], URL [jar:file:/C:/Users/Sangram/.gradle/caches/modules-2/files-2.1/io.springfox/springfox-spring-web/2.1.1/132602c1602ac2b06f832aff4fcd789d1bdb3f5/springfox-spring-web-2.1.1.jar!/springfox/documentation/spring/web/readers/operation/HandlerMethodResolver$4.class], URL [jar:file:/C:/Users/Sangram/.gradle/caches/modules-2/files-2.1/io.springfox/springfox-spring-web/2.1.1/132602c1602ac2b06f832aff4fcd789d1bdb3f5/springfox-spring-web-2.1.1.jar!/springfox/documentation/spring/web/readers/operation/HandlerMethodResolver.class], URL [jar:file:/C:/Users/Sangram/.gradle/caches/modules-2/files-2.1/io.springfox/springfox-spring-web/2.1.1/132602c1602ac2b06f832aff4fcd789d1bdb3f5/springfox-spring-web-2.1.1.jar!/springfox/documentation/spring/web/readers/operation/ModelRefs.class], URL [jar:file:/C:/Users/Sangram/.gradle/caches/modules-2/files-2.1/io.springfox/springfox-spring-web/2.1.1/132602c1602ac2b06f832aff4fcd789d1bdb3f5/springfox-spring-web-2.1.1.jar!/springfox/documentation/spring/web/readers/operation/OperationDeprecatedReader.class], URL [jar:file:/C:/Users/Sangram/.gradle/caches/modules-2/files-2.1/io.springfox/springfox-spring-web/2.1.1/132602c1602ac2b06f832aff4fcd789d1bdb3f5/springfox-spring-web-2.1.1.jar!/springfox/documentation/spring/web/readers/operation/OperationModelsProvider.class], URL [jar:file:/C:/Users/Sangram/.gradle/caches/modules-2/files-2.1/io.springfox/springfox-spring-web/2.1.1/132602c1602ac2b06f832aff4fcd789d1bdb3f5/springfox-spring-web-2.1.1.jar!/springfox/documentation/spring/web/readers/operation/OperationParameterReader.class], URL [jar:file:/C:/Users/Sangram/.gradle/caches/modules-2/files-2.1/io.springfox/springfox-spring-web/2.1.1/132602c1602ac2b06f832aff4fcd789d1bdb3f5/springfox-spring-web-2.1.1.jar!/springfox/documentation/spring/web/readers/operation/OperationParameterRequestConditionReader.class], URL [jar:file:/C:/Users/Sangram/.gradle/caches/modules-2/files-2.1/io.springfox/springfox-spring-web/2.1.1/132602c1602ac2b06f832aff4fcd789d1bdb3f5/springfox-spring-web-2.1.1.jar!/springfox/documentation/spring/web/readers/operation/OperationResponseClassReader.class], URL [jar:file:/C:/Users/Sangram/.gradle/caches/modules-2/files-2.1/io.springfox/springfox-spring-web/2.1.1/132602c1602ac2b06f832aff4fcd789d1bdb3f5/springfox-spring-web-2.1.1.jar!/springfox/documentation/spring/web/readers/operation/OperationTagsReader$1.class], URL [jar:file:/C:/Users/Sangram/.gradle/caches/modules-2/files-2.1/io.springfox/springfox-spring-web/2.1.1/132602c1602ac2b06f832aff4fcd789d1bdb3f5/springfox-spring-web-2.1.1.jar!/springfox/documentation/spring/web/readers/operation/OperationTagsReader.class], URL [jar:file:/C:/Users/Sangram/.gradle/caches/modules-2/files-2.1/io.springfox/springfox-spring-web/2.1.1/132602c1602ac2b06f832aff4fcd789d1bdb3f5/springfox-spring-web-2.1.1.jar!/springfox/documentation/spring/web/readers/operation/ResponseMessagesReader.class]]
00:06:56.097 qrouter [Test worker] DEBUG o.s.c.a.ClassPathBeanDefinitionScanner -Identified candidate component class: URL [jar:file:/C:/Users/Sangram/.gradle/caches/modules-2/files-2.1/io.springfox/springfox-spring-web/2.1.1/132602c1602ac2b06f832aff4fcd789d1bdb3f5/springfox-spring-web-2.1.1.jar!/springfox/documentation/spring/web/readers/operation/ApiOperationReader.class]
00:06:56.100 qrouter [Test worker] DEBUG o.s.c.a.ClassPathBeanDefinitionScanner -Identified candidate component class: URL [jar:file:/C:/Users/Sangram/.gradle/caches/modules-2/files-2.1/io.springfox/springfox-spring-web/2.1.1/132602c1602ac2b06f832aff4fcd789d1bdb3f5/springfox-spring-web-2.1.1.jar!/springfox/documentation/spring/web/readers/operation/CachingOperationNameGenerator.class]
00:06:56.103 qrouter [Test worker] DEBUG o.s.c.a.ClassPathBeanDefinitionScanner -Identified candidate component class: URL [jar:file:/C:/Users/Sangram/.gradle/caches/modules-2/files-2.1/io.springfox/springfox-spring-web/2.1.1/132602c1602ac2b06f832aff4fcd789d1bdb3f5/springfox-spring-web-2.1.1.jar!/springfox/documentation/spring/web/readers/operation/DefaultOperationReader.class]
00:06:56.122 qrouter [Test worker] DEBUG o.s.c.a.ClassPathBeanDefinitionScanner -Identified candidate component class: URL [jar:file:/C:/Users/Sangram/.gradle/caches/modules-2/files-2.1/io.springfox/springfox-spring-web/2.1.1/132602c1602ac2b06f832aff4fcd789d1bdb3f5/springfox-spring-web-2.1.1.jar!/springfox/documentation/spring/web/readers/operation/OperationDeprecatedReader.class]
00:06:56.140 qrouter [Test worker] DEBUG o.s.c.a.ClassPathBeanDefinitionScanner -Identified candidate component class: URL [jar:file:/C:/Users/Sangram/.gradle/caches/modules-2/files-2.1/io.springfox/springfox-spring-web/2.1.1/132602c1602ac2b06f832aff4fcd789d1bdb3f5/springfox-spring-web-2.1.1.jar!/springfox/documentation/spring/web/readers/operation/OperationModelsProvider.class]
00:06:56.146 qrouter [Test worker] DEBUG o.s.c.a.ClassPathBeanDefinitionScanner -Identified candidate component class: URL [jar:file:/C:/Users/Sangram/.gradle/caches/modules-2/files-2.1/io.springfox/springfox-spring-web/2.1.1/132602c1602ac2b06f832aff4fcd789d1bdb3f5/springfox-spring-web-2.1.1.jar!/springfox/documentation/spring/web/readers/operation/OperationParameterReader.class]
00:06:56.150 qrouter [Test worker] DEBUG o.s.c.a.ClassPathBeanDefinitionScanner -Identified candidate component class: URL [jar:file:/C:/Users/Sangram/.gradle/caches/modules-2/files-2.1/io.springfox/springfox-spring-web/2.1.1/132602c1602ac2b06f832aff4fcd789d1bdb3f5/springfox-spring-web-2.1.1.jar!/springfox/documentation/spring/web/readers/operation/OperationParameterRequestConditionReader.class]
00:06:56.154 qrouter [Test worker] DEBUG o.s.c.a.ClassPathBeanDefinitionScanner -Identified candidate component class: URL [jar:file:/C:/Users/Sangram/.gradle/caches/modules-2/files-2.1/io.springfox/springfox-spring-web/2.1.1/132602c1602ac2b06f832aff4fcd789d1bdb3f5/springfox-spring-web-2.1.1.jar!/springfox/documentation/spring/web/readers/operation/OperationResponseClassReader.class]
00:06:56.158 qrouter [Test worker] DEBUG o.s.c.a.ClassPathBeanDefinitionScanner -Identified candidate component class: URL [jar:file:/C:/Users/Sangram/.gradle/caches/modules-2/files-2.1/io.springfox/springfox-spring-web/2.1.1/132602c1602ac2b06f832aff4fcd789d1bdb3f5/springfox-spring-web-2.1.1.jar!/springfox/documentation/spring/web/readers/operation/OperationTagsReader.class]
00:06:56.163 qrouter [Test worker] DEBUG o.s.c.a.ClassPathBeanDefinitionScanner -Identified candidate component class: URL [jar:file:/C:/Users/Sangram/.gradle/caches/modules-2/files-2.1/io.springfox/springfox-spring-web/2.1.1/132602c1602ac2b06f832aff4fcd789d1bdb3f5/springfox-spring-web-2.1.1.jar!/springfox/documentation/spring/web/readers/operation/ResponseMessagesReader.class]
00:06:56.168 qrouter [Test worker] DEBUG o.s.c.i.s.PathMatchingResourcePatternResolver -Resolved classpath location [springfox/documentation/spring/web/readers/parameter/] to resources [URL [jar:file:/C:/Users/Sangram/.gradle/caches/modules-2/files-2.1/io.springfox/springfox-spring-web/2.1.1/132602c1602ac2b06f832aff4fcd789d1bdb3f5/springfox-spring-web-2.1.1.jar!/springfox/documentation/spring/web/readers/parameter/]]
00:06:56.170 qrouter [Test worker] DEBUG o.s.c.i.s.PathMatchingResourcePatternResolver -Looking for matching resources in jar file [file:/C:/Users/Sangram/.gradle/caches/modules-2/files-2.1/io.springfox/springfox-spring-web/2.1.1/132602c1602ac2b06f832aff4fcd789d1bdb3f5/springfox-spring-web-2.1.1.jar]
00:06:56.177 qrouter [Test worker] DEBUG o.s.c.i.s.PathMatchingResourcePatternResolver -Resolved location pattern [classpath*:springfox/documentation/spring/web/readers/parameter/**/*.class] to resources [URL [jar:file:/C:/Users/Sangram/.gradle/caches/modules-2/files-2.1/io.springfox/springfox-spring-web/2.1.1/132602c1602ac2b06f832aff4fcd789d1bdb3f5/springfox-spring-web-2.1.1.jar!/springfox/documentation/spring/web/readers/parameter/ExpandedParameterBuilder$1.class], URL [jar:file:/C:/Users/Sangram/.gradle/caches/modules-2/files-2.1/io.springfox/springfox-spring-web/2.1.1/132602c1602ac2b06f832aff4fcd789d1bdb3f5/springfox-spring-web-2.1.1.jar!/springfox/documentation/spring/web/readers/parameter/ExpandedParameterBuilder.class], URL [jar:file:/C:/Users/Sangram/.gradle/caches/modules-2/files-2.1/io.springfox/springfox-spring-web/2.1.1/132602c1602ac2b06f832aff4fcd789d1bdb3f5/springfox-spring-web-2.1.1.jar!/springfox/documentation/spring/web/readers/parameter/ModelAttributeField.class], URL [jar:file:/C:/Users/Sangram/.gradle/caches/modules-2/files-2.1/io.springfox/springfox-spring-web/2.1.1/132602c1602ac2b06f832aff4fcd789d1bdb3f5/springfox-spring-web-2.1.1.jar!/springfox/documentation/spring/web/readers/parameter/ModelAttributeParameterExpander$1.class], URL [jar:file:/C:/Users/Sangram/.gradle/caches/modules-2/files-2.1/io.springfox/springfox-spring-web/2.1.1/132602c1602ac2b06f832aff4fcd789d1bdb3f5/springfox-spring-web-2.1.1.jar!/springfox/documentation/spring/web/readers/parameter/ModelAttributeParameterExpander$10.class], URL [jar:file:/C:/Users/Sangram/.gradle/caches/modules-2/files-2.1/io.springfox/springfox-spring-web/2.1.1/132602c1602ac2b06f832aff4fcd789d1bdb3f5/springfox-spring-web-2.1.1.jar!/springfox/documentation/spring/web/readers/parameter/ModelAttributeParameterExpander$2.class], URL [jar:file:/C:/Users/Sangram/.gradle/caches/modules-2/files-2.1/io.springfox/springfox-spring-web/2.1.1/132602c1602ac2b06f832aff4fcd789d1bdb3f5/springfox-spring-web-2.1.1.jar!/springfox/documentation/spring/web/readers/parameter/ModelAttributeParameterExpander$3.class], URL [jar:file:/C:/Users/Sangram/.gradle/caches/modules-2/files-2.1/io.springfox/springfox-spring-web/2.1.1/132602c1602ac2b06f832aff4fcd789d1bdb3f5/springfox-spring-web-2.1.1.jar!/springfox/documentation/spring/web/readers/parameter/ModelAttributeParameterExpander$4.class], URL [jar:file:/C:/Users/Sangram/.gradle/caches/modules-2/files-2.1/io.springfox/springfox-spring-web/2.1.1/132602c1602ac2b06f832aff4fcd789d1bdb3f5/springfox-spring-web-2.1.1.jar!/springfox/documentation/spring/web/readers/parameter/ModelAttributeParameterExpander$5.class], URL [jar:file:/C:/Users/Sangram/.gradle/caches/modules-2/files-2.1/io.springfox/springfox-spring-web/2.1.1/132602c1602ac2b06f832aff4fcd789d1bdb3f5/springfox-spring-web-2.1.1.jar!/springfox/documentation/spring/web/readers/parameter/ModelAttributeParameterExpander$6.class], URL [jar:file:/C:/Users/Sangram/.gradle/caches/modules-2/files-2.1/io.springfox/springfox-spring-web/2.1.1/132602c1602ac2b06f832aff4fcd789d1bdb3f5/springfox-spring-web-2.1.1.jar!/springfox/documentation/spring/web/readers/parameter/ModelAttributeParameterExpander$7.class], URL [jar:file:/C:/Users/Sangram/.gradle/caches/modules-2/files-2.1/io.springfox/springfox-spring-web/2.1.1/132602c1602ac2b06f832aff4fcd789d1bdb3f5/springfox-spring-web-2.1.1.jar!/springfox/documentation/spring/web/readers/parameter/ModelAttributeParameterExpander$8.class], URL [jar:file:/C:/Users/Sangram/.gradle/caches/modules-2/files-2.1/io.springfox/springfox-spring-web/2.1.1/132602c1602ac2b06f832aff4fcd789d1bdb3f5/springfox-spring-web-2.1.1.jar!/springfox/documentation/spring/web/readers/parameter/ModelAttributeParameterExpander$9.class], URL [jar:file:/C:/Users/Sangram/.gradle/caches/modules-2/files-2.1/io.springfox/springfox-spring-web/2.1.1/132602c1602ac2b06f832aff4fcd789d1bdb3f5/springfox-spring-web-2.1.1.jar!/springfox/documentation/spring/web/readers/parameter/ModelAttributeParameterExpander.class], URL [jar:file:/C:/Users/Sangram/.gradle/caches/modules-2/files-2.1/io.springfox/springfox-spring-web/2.1.1/132602c1602ac2b06f832aff4fcd789d1bdb3f5/springfox-spring-web-2.1.1.jar!/springfox/documentation/spring/web/readers/parameter/ParameterDataTypeReader.class], URL [jar:file:/C:/Users/Sangram/.gradle/caches/modules-2/files-2.1/io.springfox/springfox-spring-web/2.1.1/132602c1602ac2b06f832aff4fcd789d1bdb3f5/springfox-spring-web-2.1.1.jar!/springfox/documentation/spring/web/readers/parameter/ParameterDefaultReader.class], URL [jar:file:/C:/Users/Sangram/.gradle/caches/modules-2/files-2.1/io.springfox/springfox-spring-web/2.1.1/132602c1602ac2b06f832aff4fcd789d1bdb3f5/springfox-spring-web-2.1.1.jar!/springfox/documentation/spring/web/readers/parameter/ParameterMultiplesReader.class], URL [jar:file:/C:/Users/Sangram/.gradle/caches/modules-2/files-2.1/io.springfox/springfox-spring-web/2.1.1/132602c1602ac2b06f832aff4fcd789d1bdb3f5/springfox-spring-web-2.1.1.jar!/springfox/documentation/spring/web/readers/parameter/ParameterNameReader$1.class], URL [jar:file:/C:/Users/Sangram/.gradle/caches/modules-2/files-2.1/io.springfox/springfox-spring-web/2.1.1/132602c1602ac2b06f832aff4fcd789d1bdb3f5/springfox-spring-web-2.1.1.jar!/springfox/documentation/spring/web/readers/parameter/ParameterNameReader$2.class], URL [jar:file:/C:/Users/Sangram/.gradle/caches/modules-2/files-2.1/io.springfox/springfox-spring-web/2.1.1/132602c1602ac2b06f832aff4fcd789d1bdb3f5/springfox-spring-web-2.1.1.jar!/springfox/documentation/spring/web/readers/parameter/ParameterNameReader$3.class], URL [jar:file:/C:/Users/Sangram/.gradle/caches/modules-2/files-2.1/io.springfox/springfox-spring-web/2.1.1/132602c1602ac2b06f832aff4fcd789d1bdb3f5/springfox-spring-web-2.1.1.jar!/springfox/documentation/spring/web/readers/parameter/ParameterNameReader$4.class], URL [jar:file:/C:/Users/Sangram/.gradle/caches/modules-2/files-2.1/io.springfox/springfox-spring-web/2.1.1/132602c1602ac2b06f832aff4fcd789d1bdb3f5/springfox-spring-web-2.1.1.jar!/springfox/documentation/spring/web/readers/parameter/ParameterNameReader.class], URL [jar:file:/C:/Users/Sangram/.gradle/caches/modules-2/files-2.1/io.springfox/springfox-spring-web/2.1.1/132602c1602ac2b06f832aff4fcd789d1bdb3f5/springfox-spring-web-2.1.1.jar!/springfox/documentation/spring/web/readers/parameter/ParameterRequiredReader.class], URL [jar:file:/C:/Users/Sangram/.gradle/caches/modules-2/files-2.1/io.springfox/springfox-spring-web/2.1.1/132602c1602ac2b06f832aff4fcd789d1bdb3f5/springfox-spring-web-2.1.1.jar!/springfox/documentation/spring/web/readers/parameter/ParameterTypeReader.class]]
00:06:56.185 qrouter [Test worker] DEBUG o.s.c.a.ClassPathBeanDefinitionScanner -Identified candidate component class: URL [jar:file:/C:/Users/Sangram/.gradle/caches/modules-2/files-2.1/io.springfox/springfox-spring-web/2.1.1/132602c1602ac2b06f832aff4fcd789d1bdb3f5/springfox-spring-web-2.1.1.jar!/springfox/documentation/spring/web/readers/parameter/ExpandedParameterBuilder.class]
00:06:56.214 qrouter [Test worker] DEBUG o.s.c.a.ClassPathBeanDefinitionScanner -Identified candidate component class: URL [jar:file:/C:/Users/Sangram/.gradle/caches/modules-2/files-2.1/io.springfox/springfox-spring-web/2.1.1/132602c1602ac2b06f832aff4fcd789d1bdb3f5/springfox-spring-web-2.1.1.jar!/springfox/documentation/spring/web/readers/parameter/ModelAttributeParameterExpander.class]
00:06:56.217 qrouter [Test worker] DEBUG o.s.c.a.ClassPathBeanDefinitionScanner -Identified candidate component class: URL [jar:file:/C:/Users/Sangram/.gradle/caches/modules-2/files-2.1/io.springfox/springfox-spring-web/2.1.1/132602c1602ac2b06f832aff4fcd789d1bdb3f5/springfox-spring-web-2.1.1.jar!/springfox/documentation/spring/web/readers/parameter/ParameterDataTypeReader.class]
00:06:56.221 qrouter [Test worker] DEBUG o.s.c.a.ClassPathBeanDefinitionScanner -Identified candidate component class: URL [jar:file:/C:/Users/Sangram/.gradle/caches/modules-2/files-2.1/io.springfox/springfox-spring-web/2.1.1/132602c1602ac2b06f832aff4fcd789d1bdb3f5/springfox-spring-web-2.1.1.jar!/springfox/documentation/spring/web/readers/parameter/ParameterDefaultReader.class]
00:06:56.224 qrouter [Test worker] DEBUG o.s.c.a.ClassPathBeanDefinitionScanner -Identified candidate component class: URL [jar:file:/C:/Users/Sangram/.gradle/caches/modules-2/files-2.1/io.springfox/springfox-spring-web/2.1.1/132602c1602ac2b06f832aff4fcd789d1bdb3f5/springfox-spring-web-2.1.1.jar!/springfox/documentation/spring/web/readers/parameter/ParameterMultiplesReader.class]
00:06:56.236 qrouter [Test worker] DEBUG o.s.c.a.ClassPathBeanDefinitionScanner -Identified candidate component class: URL [jar:file:/C:/Users/Sangram/.gradle/caches/modules-2/files-2.1/io.springfox/springfox-spring-web/2.1.1/132602c1602ac2b06f832aff4fcd789d1bdb3f5/springfox-spring-web-2.1.1.jar!/springfox/documentation/spring/web/readers/parameter/ParameterNameReader.class]
00:06:56.241 qrouter [Test worker] DEBUG o.s.c.a.ClassPathBeanDefinitionScanner -Identified candidate component class: URL [jar:file:/C:/Users/Sangram/.gradle/caches/modules-2/files-2.1/io.springfox/springfox-spring-web/2.1.1/132602c1602ac2b06f832aff4fcd789d1bdb3f5/springfox-spring-web-2.1.1.jar!/springfox/documentation/spring/web/readers/parameter/ParameterRequiredReader.class]
00:06:56.245 qrouter [Test worker] DEBUG o.s.c.a.ClassPathBeanDefinitionScanner -Identified candidate component class: URL [jar:file:/C:/Users/Sangram/.gradle/caches/modules-2/files-2.1/io.springfox/springfox-spring-web/2.1.1/132602c1602ac2b06f832aff4fcd789d1bdb3f5/springfox-spring-web-2.1.1.jar!/springfox/documentation/spring/web/readers/parameter/ParameterTypeReader.class]
00:06:56.249 qrouter [Test worker] DEBUG o.s.c.i.s.PathMatchingResourcePatternResolver -Resolved classpath location [springfox/documentation/spring/web/plugins/] to resources [URL [jar:file:/C:/Users/Sangram/.gradle/caches/modules-2/files-2.1/io.springfox/springfox-spring-web/2.1.1/132602c1602ac2b06f832aff4fcd789d1bdb3f5/springfox-spring-web-2.1.1.jar!/springfox/documentation/spring/web/plugins/]]
00:06:56.251 qrouter [Test worker] DEBUG o.s.c.i.s.PathMatchingResourcePatternResolver -Looking for matching resources in jar file [file:/C:/Users/Sangram/.gradle/caches/modules-2/files-2.1/io.springfox/springfox-spring-web/2.1.1/132602c1602ac2b06f832aff4fcd789d1bdb3f5/springfox-spring-web-2.1.1.jar]
00:06:56.258 qrouter [Test worker] DEBUG o.s.c.i.s.PathMatchingResourcePatternResolver -Resolved location pattern [classpath*:springfox/documentation/spring/web/plugins/**/*.class] to resources [URL [jar:file:/C:/Users/Sangram/.gradle/caches/modules-2/files-2.1/io.springfox/springfox-spring-web/2.1.1/132602c1602ac2b06f832aff4fcd789d1bdb3f5/springfox-spring-web-2.1.1.jar!/springfox/documentation/spring/web/plugins/ApiSelectorBuilder$1.class], URL [jar:file:/C:/Users/Sangram/.gradle/caches/modules-2/files-2.1/io.springfox/springfox-spring-web/2.1.1/132602c1602ac2b06f832aff4fcd789d1bdb3f5/springfox-spring-web-2.1.1.jar!/springfox/documentation/spring/web/plugins/ApiSelectorBuilder.class], URL [jar:file:/C:/Users/Sangram/.gradle/caches/modules-2/files-2.1/io.springfox/springfox-spring-web/2.1.1/132602c1602ac2b06f832aff4fcd789d1bdb3f5/springfox-spring-web-2.1.1.jar!/springfox/documentation/spring/web/plugins/DefaultConfiguration.class], URL [jar:file:/C:/Users/Sangram/.gradle/caches/modules-2/files-2.1/io.springfox/springfox-spring-web/2.1.1/132602c1602ac2b06f832aff4fcd789d1bdb3f5/springfox-spring-web-2.1.1.jar!/springfox/documentation/spring/web/plugins/Docket$1.class], URL [jar:file:/C:/Users/Sangram/.gradle/caches/modules-2/files-2.1/io.springfox/springfox-spring-web/2.1.1/132602c1602ac2b06f832aff4fcd789d1bdb3f5/springfox-spring-web-2.1.1.jar!/springfox/documentation/spring/web/plugins/Docket$2.class], URL [jar:file:/C:/Users/Sangram/.gradle/caches/modules-2/files-2.1/io.springfox/springfox-spring-web/2.1.1/132602c1602ac2b06f832aff4fcd789d1bdb3f5/springfox-spring-web-2.1.1.jar!/springfox/documentation/spring/web/plugins/Docket$3.class], URL [jar:file:/C:/Users/Sangram/.gradle/caches/modules-2/files-2.1/io.springfox/springfox-spring-web/2.1.1/132602c1602ac2b06f832aff4fcd789d1bdb3f5/springfox-spring-web-2.1.1.jar!/springfox/documentation/spring/web/plugins/Docket$4.class], URL [jar:file:/C:/Users/Sangram/.gradle/caches/modules-2/files-2.1/io.springfox/springfox-spring-web/2.1.1/132602c1602ac2b06f832aff4fcd789d1bdb3f5/springfox-spring-web-2.1.1.jar!/springfox/documentation/spring/web/plugins/Docket.class], URL [jar:file:/C:/Users/Sangram/.gradle/caches/modules-2/files-2.1/io.springfox/springfox-spring-web/2.1.1/132602c1602ac2b06f832aff4fcd789d1bdb3f5/springfox-spring-web-2.1.1.jar!/springfox/documentation/spring/web/plugins/DocumentationPluginsBootstrapper.class], URL [jar:file:/C:/Users/Sangram/.gradle/caches/modules-2/files-2.1/io.springfox/springfox-spring-web/2.1.1/132602c1602ac2b06f832aff4fcd789d1bdb3f5/springfox-spring-web-2.1.1.jar!/springfox/documentation/spring/web/plugins/DocumentationPluginsManager$1.class], URL [jar:file:/C:/Users/Sangram/.gradle/caches/modules-2/files-2.1/io.springfox/springfox-spring-web/2.1.1/132602c1602ac2b06f832aff4fcd789d1bdb3f5/springfox-spring-web-2.1.1.jar!/springfox/documentation/spring/web/plugins/DocumentationPluginsManager$2.class], URL [jar:file:/C:/Users/Sangram/.gradle/caches/modules-2/files-2.1/io.springfox/springfox-spring-web/2.1.1/132602c1602ac2b06f832aff4fcd789d1bdb3f5/springfox-spring-web-2.1.1.jar!/springfox/documentation/spring/web/plugins/DocumentationPluginsManager.class], URL [jar:file:/C:/Users/Sangram/.gradle/caches/modules-2/files-2.1/io.springfox/springfox-spring-web/2.1.1/132602c1602ac2b06f832aff4fcd789d1bdb3f5/springfox-spring-web-2.1.1.jar!/springfox/documentation/spring/web/plugins/DuplicateGroupsDetector$1.class], URL [jar:file:/C:/Users/Sangram/.gradle/caches/modules-2/files-2.1/io.springfox/springfox-spring-web/2.1.1/132602c1602ac2b06f832aff4fcd789d1bdb3f5/springfox-spring-web-2.1.1.jar!/springfox/documentation/spring/web/plugins/DuplicateGroupsDetector$2.class], URL [jar:file:/C:/Users/Sangram/.gradle/caches/modules-2/files-2.1/io.springfox/springfox-spring-web/2.1.1/132602c1602ac2b06f832aff4fcd789d1bdb3f5/springfox-spring-web-2.1.1.jar!/springfox/documentation/spring/web/plugins/DuplicateGroupsDetector$3.class], URL [jar:file:/C:/Users/Sangram/.gradle/caches/modules-2/files-2.1/io.springfox/springfox-spring-web/2.1.1/132602c1602ac2b06f832aff4fcd789d1bdb3f5/springfox-spring-web-2.1.1.jar!/springfox/documentation/spring/web/plugins/DuplicateGroupsDetector.class], URL [jar:file:/C:/Users/Sangram/.gradle/caches/modules-2/files-2.1/io.springfox/springfox-spring-web/2.1.1/132602c1602ac2b06f832aff4fcd789d1bdb3f5/springfox-spring-web-2.1.1.jar!/springfox/documentation/spring/web/plugins/WebMvcRequestHandlerProvider$1.class], URL [jar:file:/C:/Users/Sangram/.gradle/caches/modules-2/files-2.1/io.springfox/springfox-spring-web/2.1.1/132602c1602ac2b06f832aff4fcd789d1bdb3f5/springfox-spring-web-2.1.1.jar!/springfox/documentation/spring/web/plugins/WebMvcRequestHandlerProvider$2.class], URL [jar:file:/C:/Users/Sangram/.gradle/caches/modules-2/files-2.1/io.springfox/springfox-spring-web/2.1.1/132602c1602ac2b06f832aff4fcd789d1bdb3f5/springfox-spring-web-2.1.1.jar!/springfox/documentation/spring/web/plugins/WebMvcRequestHandlerProvider.class]]
00:06:56.285 qrouter [Test worker] DEBUG o.s.c.a.ClassPathBeanDefinitionScanner -Identified candidate component class: URL [jar:file:/C:/Users/Sangram/.gradle/caches/modules-2/files-2.1/io.springfox/springfox-spring-web/2.1.1/132602c1602ac2b06f832aff4fcd789d1bdb3f5/springfox-spring-web-2.1.1.jar!/springfox/documentation/spring/web/plugins/DocumentationPluginsBootstrapper.class]
00:06:56.293 qrouter [Test worker] DEBUG o.s.c.a.ClassPathBeanDefinitionScanner -Identified candidate component class: URL [jar:file:/C:/Users/Sangram/.gradle/caches/modules-2/files-2.1/io.springfox/springfox-spring-web/2.1.1/132602c1602ac2b06f832aff4fcd789d1bdb3f5/springfox-spring-web-2.1.1.jar!/springfox/documentation/spring/web/plugins/DocumentationPluginsManager.class]
00:06:56.308 qrouter [Test worker] DEBUG o.s.c.a.ClassPathBeanDefinitionScanner -Identified candidate component class: URL [jar:file:/C:/Users/Sangram/.gradle/caches/modules-2/files-2.1/io.springfox/springfox-spring-web/2.1.1/132602c1602ac2b06f832aff4fcd789d1bdb3f5/springfox-spring-web-2.1.1.jar!/springfox/documentation/spring/web/plugins/WebMvcRequestHandlerProvider.class]
00:06:56.311 qrouter [Test worker] DEBUG o.s.c.i.s.PathMatchingResourcePatternResolver -Resolved classpath location [springfox/documentation/spring/web/paths/] to resources [URL [jar:file:/C:/Users/Sangram/.gradle/caches/modules-2/files-2.1/io.springfox/springfox-spring-web/2.1.1/132602c1602ac2b06f832aff4fcd789d1bdb3f5/springfox-spring-web-2.1.1.jar!/springfox/documentation/spring/web/paths/]]
00:06:56.313 qrouter [Test worker] DEBUG o.s.c.i.s.PathMatchingResourcePatternResolver -Looking for matching resources in jar file [file:/C:/Users/Sangram/.gradle/caches/modules-2/files-2.1/io.springfox/springfox-spring-web/2.1.1/132602c1602ac2b06f832aff4fcd789d1bdb3f5/springfox-spring-web-2.1.1.jar]
00:06:56.319 qrouter [Test worker] DEBUG o.s.c.i.s.PathMatchingResourcePatternResolver -Resolved location pattern [classpath*:springfox/documentation/spring/web/paths/**/*.class] to resources [URL [jar:file:/C:/Users/Sangram/.gradle/caches/modules-2/files-2.1/io.springfox/springfox-spring-web/2.1.1/132602c1602ac2b06f832aff4fcd789d1bdb3f5/springfox-spring-web-2.1.1.jar!/springfox/documentation/spring/web/paths/AbstractPathProvider.class], URL [jar:file:/C:/Users/Sangram/.gradle/caches/modules-2/files-2.1/io.springfox/springfox-spring-web/2.1.1/132602c1602ac2b06f832aff4fcd789d1bdb3f5/springfox-spring-web-2.1.1.jar!/springfox/documentation/spring/web/paths/OperationPathDecorator$1.class], URL [jar:file:/C:/Users/Sangram/.gradle/caches/modules-2/files-2.1/io.springfox/springfox-spring-web/2.1.1/132602c1602ac2b06f832aff4fcd789d1bdb3f5/springfox-spring-web-2.1.1.jar!/springfox/documentation/spring/web/paths/OperationPathDecorator.class], URL [jar:file:/C:/Users/Sangram/.gradle/caches/modules-2/files-2.1/io.springfox/springfox-spring-web/2.1.1/132602c1602ac2b06f832aff4fcd789d1bdb3f5/springfox-spring-web-2.1.1.jar!/springfox/documentation/spring/web/paths/PathMappingAdjuster.class], URL [jar:file:/C:/Users/Sangram/.gradle/caches/modules-2/files-2.1/io.springfox/springfox-spring-web/2.1.1/132602c1602ac2b06f832aff4fcd789d1bdb3f5/springfox-spring-web-2.1.1.jar!/springfox/documentation/spring/web/paths/PathMappingDecorator$1.class], URL [jar:file:/C:/Users/Sangram/.gradle/caches/modules-2/files-2.1/io.springfox/springfox-spring-web/2.1.1/132602c1602ac2b06f832aff4fcd789d1bdb3f5/springfox-spring-web-2.1.1.jar!/springfox/documentation/spring/web/paths/PathMappingDecorator.class], URL [jar:file:/C:/Users/Sangram/.gradle/caches/modules-2/files-2.1/io.springfox/springfox-spring-web/2.1.1/132602c1602ac2b06f832aff4fcd789d1bdb3f5/springfox-spring-web-2.1.1.jar!/springfox/documentation/spring/web/paths/Paths.class], URL [jar:file:/C:/Users/Sangram/.gradle/caches/modules-2/files-2.1/io.springfox/springfox-spring-web/2.1.1/132602c1602ac2b06f832aff4fcd789d1bdb3f5/springfox-spring-web-2.1.1.jar!/springfox/documentation/spring/web/paths/PathSanitizer$1.class], URL [jar:file:/C:/Users/Sangram/.gradle/caches/modules-2/files-2.1/io.springfox/springfox-spring-web/2.1.1/132602c1602ac2b06f832aff4fcd789d1bdb3f5/springfox-spring-web-2.1.1.jar!/springfox/documentation/spring/web/paths/PathSanitizer.class], URL [jar:file:/C:/Users/Sangram/.gradle/caches/modules-2/files-2.1/io.springfox/springfox-spring-web/2.1.1/132602c1602ac2b06f832aff4fcd789d1bdb3f5/springfox-spring-web-2.1.1.jar!/springfox/documentation/spring/web/paths/QueryStringUriTemplateDecorator$1.class], URL [jar:file:/C:/Users/Sangram/.gradle/caches/modules-2/files-2.1/io.springfox/springfox-spring-web/2.1.1/132602c1602ac2b06f832aff4fcd789d1bdb3f5/springfox-spring-web-2.1.1.jar!/springfox/documentation/spring/web/paths/QueryStringUriTemplateDecorator$2.class], URL [jar:file:/C:/Users/Sangram/.gradle/caches/modules-2/files-2.1/io.springfox/springfox-spring-web/2.1.1/132602c1602ac2b06f832aff4fcd789d1bdb3f5/springfox-spring-web-2.1.1.jar!/springfox/documentation/spring/web/paths/QueryStringUriTemplateDecorator$3.class], URL [jar:file:/C:/Users/Sangram/.gradle/caches/modules-2/files-2.1/io.springfox/springfox-spring-web/2.1.1/132602c1602ac2b06f832aff4fcd789d1bdb3f5/springfox-spring-web-2.1.1.jar!/springfox/documentation/spring/web/paths/QueryStringUriTemplateDecorator.class], URL [jar:file:/C:/Users/Sangram/.gradle/caches/modules-2/files-2.1/io.springfox/springfox-spring-web/2.1.1/132602c1602ac2b06f832aff4fcd789d1bdb3f5/springfox-spring-web-2.1.1.jar!/springfox/documentation/spring/web/paths/RelativePathProvider.class]]
00:06:56.326 qrouter [Test worker] DEBUG o.s.c.a.ClassPathBeanDefinitionScanner -Identified candidate component class: URL [jar:file:/C:/Users/Sangram/.gradle/caches/modules-2/files-2.1/io.springfox/springfox-spring-web/2.1.1/132602c1602ac2b06f832aff4fcd789d1bdb3f5/springfox-spring-web-2.1.1.jar!/springfox/documentation/spring/web/paths/OperationPathDecorator.class]
00:06:56.332 qrouter [Test worker] DEBUG o.s.c.a.ClassPathBeanDefinitionScanner -Identified candidate component class: URL [jar:file:/C:/Users/Sangram/.gradle/caches/modules-2/files-2.1/io.springfox/springfox-spring-web/2.1.1/132602c1602ac2b06f832aff4fcd789d1bdb3f5/springfox-spring-web-2.1.1.jar!/springfox/documentation/spring/web/paths/PathMappingDecorator.class]
00:06:56.339 qrouter [Test worker] DEBUG o.s.c.a.ClassPathBeanDefinitionScanner -Identified candidate component class: URL [jar:file:/C:/Users/Sangram/.gradle/caches/modules-2/files-2.1/io.springfox/springfox-spring-web/2.1.1/132602c1602ac2b06f832aff4fcd789d1bdb3f5/springfox-spring-web-2.1.1.jar!/springfox/documentation/spring/web/paths/PathSanitizer.class]
00:06:56.346 qrouter [Test worker] DEBUG o.s.c.a.ClassPathBeanDefinitionScanner -Identified candidate component class: URL [jar:file:/C:/Users/Sangram/.gradle/caches/modules-2/files-2.1/io.springfox/springfox-spring-web/2.1.1/132602c1602ac2b06f832aff4fcd789d1bdb3f5/springfox-spring-web-2.1.1.jar!/springfox/documentation/spring/web/paths/QueryStringUriTemplateDecorator.class]
00:06:56.624 qrouter [Test worker] DEBUG o.s.c.a.ClassPathBeanDefinitionScanner -JSR-250 'javax.annotation.ManagedBean' found and supported for component scanning
00:06:56.628 qrouter [Test worker] DEBUG o.s.c.i.s.PathMatchingResourcePatternResolver -Resolved classpath location [springfox/documentation/schema/] to resources [URL [jar:file:/C:/Users/Sangram/.gradle/caches/modules-2/files-2.1/io.springfox/springfox-schema/2.1.1/ccc0c0697f3e037c6e09630100fc7e6e35ead691/springfox-schema-2.1.1.jar!/springfox/documentation/schema/], URL [jar:file:/C:/Users/Sangram/.gradle/caches/modules-2/files-2.1/io.springfox/springfox-core/2.1.1/4423ac63f26319d0a8e02e542b58055a1a1789ec/springfox-core-2.1.1.jar!/springfox/documentation/schema/]]
00:06:56.630 qrouter [Test worker] DEBUG o.s.c.i.s.PathMatchingResourcePatternResolver -Looking for matching resources in jar file [file:/C:/Users/Sangram/.gradle/caches/modules-2/files-2.1/io.springfox/springfox-schema/2.1.1/ccc0c0697f3e037c6e09630100fc7e6e35ead691/springfox-schema-2.1.1.jar]
00:06:56.645 qrouter [Test worker] DEBUG o.s.c.i.s.PathMatchingResourcePatternResolver -Looking for matching resources in jar file [file:/C:/Users/Sangram/.gradle/caches/modules-2/files-2.1/io.springfox/springfox-core/2.1.1/4423ac63f26319d0a8e02e542b58055a1a1789ec/springfox-core-2.1.1.jar]
00:06:56.655 qrouter [Test worker] DEBUG o.s.c.i.s.PathMatchingResourcePatternResolver -Resolved location pattern [classpath*:springfox/documentation/schema/**/*.class] to resources [URL [jar:file:/C:/Users/Sangram/.gradle/caches/modules-2/files-2.1/io.springfox/springfox-schema/2.1.1/ccc0c0697f3e037c6e09630100fc7e6e35ead691/springfox-schema-2.1.1.jar!/springfox/documentation/schema/Annotations.class], URL [jar:file:/C:/Users/Sangram/.gradle/caches/modules-2/files-2.1/io.springfox/springfox-schema/2.1.1/ccc0c0697f3e037c6e09630100fc7e6e35ead691/springfox-schema-2.1.1.jar!/springfox/documentation/schema/CodeGenGenericTypeNamingStrategy.class], URL [jar:file:/C:/Users/Sangram/.gradle/caches/modules-2/files-2.1/io.springfox/springfox-schema/2.1.1/ccc0c0697f3e037c6e09630100fc7e6e35ead691/springfox-schema-2.1.1.jar!/springfox/documentation/schema/Collections.class], URL [jar:file:/C:/Users/Sangram/.gradle/caches/modules-2/files-2.1/io.springfox/springfox-schema/2.1.1/ccc0c0697f3e037c6e09630100fc7e6e35ead691/springfox-schema-2.1.1.jar!/springfox/documentation/schema/DefaultGenericTypeNamingStrategy.class], URL [jar:file:/C:/Users/Sangram/.gradle/caches/modules-2/files-2.1/io.springfox/springfox-schema/2.1.1/ccc0c0697f3e037c6e09630100fc7e6e35ead691/springfox-schema-2.1.1.jar!/springfox/documentation/schema/DefaultModelProvider$1.class], URL [jar:file:/C:/Users/Sangram/.gradle/caches/modules-2/files-2.1/io.springfox/springfox-schema/2.1.1/ccc0c0697f3e037c6e09630100fc7e6e35ead691/springfox-schema-2.1.1.jar!/springfox/documentation/schema/DefaultModelProvider.class], URL [jar:file:/C:/Users/Sangram/.gradle/caches/modules-2/files-2.1/io.springfox/springfox-schema/2.1.1/ccc0c0697f3e037c6e09630100fc7e6e35ead691/springfox-schema-2.1.1.jar!/springfox/documentation/schema/DefaultTypeNameProvider.class], URL [jar:file:/C:/Users/Sangram/.gradle/caches/modules-2/files-2.1/io.springfox/springfox-schema/2.1.1/ccc0c0697f3e037c6e09630100fc7e6e35ead691/springfox-schema-2.1.1.jar!/springfox/documentation/schema/Maps.class], URL [jar:file:/C:/Users/Sangram/.gradle/caches/modules-2/files-2.1/io.springfox/springfox-schema/2.1.1/ccc0c0697f3e037c6e09630100fc7e6e35ead691/springfox-schema-2.1.1.jar!/springfox/documentation/schema/ModelCacheKeys.class], URL [jar:file:/C:/Users/Sangram/.gradle/caches/modules-2/files-2.1/io.springfox/springfox-schema/2.1.1/ccc0c0697f3e037c6e09630100fc7e6e35ead691/springfox-schema-2.1.1.jar!/springfox/documentation/schema/ModelContextKeyGenerator.class], URL [jar:file:/C:/Users/Sangram/.gradle/caches/modules-2/files-2.1/io.springfox/springfox-schema/2.1.1/ccc0c0697f3e037c6e09630100fc7e6e35ead691/springfox-schema-2.1.1.jar!/springfox/documentation/schema/ModelDependencyProvider$1.class], URL [jar:file:/C:/Users/Sangram/.gradle/caches/modules-2/files-2.1/io.springfox/springfox-schema/2.1.1/ccc0c0697f3e037c6e09630100fc7e6e35ead691/springfox-schema-2.1.1.jar!/springfox/documentation/schema/ModelDependencyProvider$2.class], URL [jar:file:/C:/Users/Sangram/.gradle/caches/modules-2/files-2.1/io.springfox/springfox-schema/2.1.1/ccc0c0697f3e037c6e09630100fc7e6e35ead691/springfox-schema-2.1.1.jar!/springfox/documentation/schema/ModelDependencyProvider$3.class], URL [jar:file:/C:/Users/Sangram/.gradle/caches/modules-2/files-2.1/io.springfox/springfox-schema/2.1.1/ccc0c0697f3e037c6e09630100fc7e6e35ead691/springfox-schema-2.1.1.jar!/springfox/documentation/schema/ModelDependencyProvider.class], URL [jar:file:/C:/Users/Sangram/.gradle/caches/modules-2/files-2.1/io.springfox/springfox-schema/2.1.1/ccc0c0697f3e037c6e09630100fc7e6e35ead691/springfox-schema-2.1.1.jar!/springfox/documentation/schema/ModelNameContext.class], URL [jar:file:/C:/Users/Sangram/.gradle/caches/modules-2/files-2.1/io.springfox/springfox-schema/2.1.1/ccc0c0697f3e037c6e09630100fc7e6e35ead691/springfox-schema-2.1.1.jar!/springfox/documentation/schema/ModelProvider.class], URL [jar:file:/C:/Users/Sangram/.gradle/caches/modules-2/files-2.1/io.springfox/springfox-schema/2.1.1/ccc0c0697f3e037c6e09630100fc7e6e35ead691/springfox-schema-2.1.1.jar!/springfox/documentation/schema/ResolvedTypes$1.class], URL [jar:file:/C:/Users/Sangram/.gradle/caches/modules-2/files-2.1/io.springfox/springfox-schema/2.1.1/ccc0c0697f3e037c6e09630100fc7e6e35ead691/springfox-schema-2.1.1.jar!/springfox/documentation/schema/ResolvedTypes$2.class], URL [jar:file:/C:/Users/Sangram/.gradle/caches/modules-2/files-2.1/io.springfox/springfox-schema/2.1.1/ccc0c0697f3e037c6e09630100fc7e6e35ead691/springfox-schema-2.1.1.jar!/springfox/documentation/schema/ResolvedTypes.class], URL [jar:file:/C:/Users/Sangram/.gradle/caches/modules-2/files-2.1/io.springfox/springfox-schema/2.1.1/ccc0c0697f3e037c6e09630100fc7e6e35ead691/springfox-schema-2.1.1.jar!/springfox/documentation/schema/TypeNameExtractor.class], URL [jar:file:/C:/Users/Sangram/.gradle/caches/modules-2/files-2.1/io.springfox/springfox-schema/2.1.1/ccc0c0697f3e037c6e09630100fc7e6e35ead691/springfox-schema-2.1.1.jar!/springfox/documentation/schema/Types.class], URL [jar:file:/C:/Users/Sangram/.gradle/caches/modules-2/files-2.1/io.springfox/springfox-schema/2.1.1/ccc0c0697f3e037c6e09630100fc7e6e35ead691/springfox-schema-2.1.1.jar!/springfox/documentation/schema/configuration/ModelsConfiguration.class], URL [jar:file:/C:/Users/Sangram/.gradle/caches/modules-2/files-2.1/io.springfox/springfox-schema/2.1.1/ccc0c0697f3e037c6e09630100fc7e6e35ead691/springfox-schema-2.1.1.jar!/springfox/documentation/schema/configuration/ObjectMapperConfigured.class], URL [jar:file:/C:/Users/Sangram/.gradle/caches/modules-2/files-2.1/io.springfox/springfox-schema/2.1.1/ccc0c0697f3e037c6e09630100fc7e6e35ead691/springfox-schema-2.1.1.jar!/springfox/documentation/schema/plugins/SchemaPluginsManager.class], URL [jar:file:/C:/Users/Sangram/.gradle/caches/modules-2/files-2.1/io.springfox/springfox-schema/2.1.1/ccc0c0697f3e037c6e09630100fc7e6e35ead691/springfox-schema-2.1.1.jar!/springfox/documentation/schema/property/BaseModelProperty.class], URL [jar:file:/C:/Users/Sangram/.gradle/caches/modules-2/files-2.1/io.springfox/springfox-schema/2.1.1/ccc0c0697f3e037c6e09630100fc7e6e35ead691/springfox-schema-2.1.1.jar!/springfox/documentation/schema/property/BeanPropertyDefinitions$1.class], URL [jar:file:/C:/Users/Sangram/.gradle/caches/modules-2/files-2.1/io.springfox/springfox-schema/2.1.1/ccc0c0697f3e037c6e09630100fc7e6e35ead691/springfox-schema-2.1.1.jar!/springfox/documentation/schema/property/BeanPropertyDefinitions$2.class], URL [jar:file:/C:/Users/Sangram/.gradle/caches/modules-2/files-2.1/io.springfox/springfox-schema/2.1.1/ccc0c0697f3e037c6e09630100fc7e6e35ead691/springfox-schema-2.1.1.jar!/springfox/documentation/schema/property/BeanPropertyDefinitions$3.class], URL [jar:file:/C:/Users/Sangram/.gradle/caches/modules-2/files-2.1/io.springfox/springfox-schema/2.1.1/ccc0c0697f3e037c6e09630100fc7e6e35ead691/springfox-schema-2.1.1.jar!/springfox/documentation/schema/property/BeanPropertyDefinitions$4.class], URL [jar:file:/C:/Users/Sangram/.gradle/caches/modules-2/files-2.1/io.springfox/springfox-schema/2.1.1/ccc0c0697f3e037c6e09630100fc7e6e35ead691/springfox-schema-2.1.1.jar!/springfox/documentation/schema/property/BeanPropertyDefinitions.class], URL [jar:file:/C:/Users/Sangram/.gradle/caches/modules-2/files-2.1/io.springfox/springfox-schema/2.1.1/ccc0c0697f3e037c6e09630100fc7e6e35ead691/springfox-schema-2.1.1.jar!/springfox/documentation/schema/property/BeanPropertyNamingStrategy.class], URL [jar:file:/C:/Users/Sangram/.gradle/caches/modules-2/files-2.1/io.springfox/springfox-schema/2.1.1/ccc0c0697f3e037c6e09630100fc7e6e35ead691/springfox-schema-2.1.1.jar!/springfox/documentation/schema/property/DefaultModelPropertiesProvider$1.class], URL [jar:file:/C:/Users/Sangram/.gradle/caches/modules-2/files-2.1/io.springfox/springfox-schema/2.1.1/ccc0c0697f3e037c6e09630100fc7e6e35ead691/springfox-schema-2.1.1.jar!/springfox/documentation/schema/property/DefaultModelPropertiesProvider.class], URL [jar:file:/C:/Users/Sangram/.gradle/caches/modules-2/files-2.1/io.springfox/springfox-schema/2.1.1/ccc0c0697f3e037c6e09630100fc7e6e35ead691/springfox-schema-2.1.1.jar!/springfox/documentation/schema/property/ModelPropertiesKeyGenerator$1.class], URL [jar:file:/C:/Users/Sangram/.gradle/caches/modules-2/files-2.1/io.springfox/springfox-schema/2.1.1/ccc0c0697f3e037c6e09630100fc7e6e35ead691/springfox-schema-2.1.1.jar!/springfox/documentation/schema/property/ModelPropertiesKeyGenerator.class], URL [jar:file:/C:/Users/Sangram/.gradle/caches/modules-2/files-2.1/io.springfox/springfox-schema/2.1.1/ccc0c0697f3e037c6e09630100fc7e6e35ead691/springfox-schema-2.1.1.jar!/springfox/documentation/schema/property/ModelPropertiesProvider.class], URL [jar:file:/C:/Users/Sangram/.gradle/caches/modules-2/files-2.1/io.springfox/springfox-schema/2.1.1/ccc0c0697f3e037c6e09630100fc7e6e35ead691/springfox-schema-2.1.1.jar!/springfox/documentation/schema/property/ModelProperty.class], URL [jar:file:/C:/Users/Sangram/.gradle/caches/modules-2/files-2.1/io.springfox/springfox-schema/2.1.1/ccc0c0697f3e037c6e09630100fc7e6e35ead691/springfox-schema-2.1.1.jar!/springfox/documentation/schema/property/ObjectMapperBeanPropertyNamingStrategy.class], URL [jar:file:/C:/Users/Sangram/.gradle/caches/modules-2/files-2.1/io.springfox/springfox-schema/2.1.1/ccc0c0697f3e037c6e09630100fc7e6e35ead691/springfox-schema-2.1.1.jar!/springfox/documentation/schema/property/OptimizedModelPropertiesProvider$1.class], URL [jar:file:/C:/Users/Sangram/.gradle/caches/modules-2/files-2.1/io.springfox/springfox-schema/2.1.1/ccc0c0697f3e037c6e09630100fc7e6e35ead691/springfox-schema-2.1.1.jar!/springfox/documentation/schema/property/OptimizedModelPropertiesProvider$2.class], URL [jar:file:/C:/Users/Sangram/.gradle/caches/modules-2/files-2.1/io.springfox/springfox-schema/2.1.1/ccc0c0697f3e037c6e09630100fc7e6e35ead691/springfox-schema-2.1.1.jar!/springfox/documentation/schema/property/OptimizedModelPropertiesProvider$3.class], URL [jar:file:/C:/Users/Sangram/.gradle/caches/modules-2/files-2.1/io.springfox/springfox-schema/2.1.1/ccc0c0697f3e037c6e09630100fc7e6e35ead691/springfox-schema-2.1.1.jar!/springfox/documentation/schema/property/OptimizedModelPropertiesProvider$4.class], URL [jar:file:/C:/Users/Sangram/.gradle/caches/modules-2/files-2.1/io.springfox/springfox-schema/2.1.1/ccc0c0697f3e037c6e09630100fc7e6e35ead691/springfox-schema-2.1.1.jar!/springfox/documentation/schema/property/OptimizedModelPropertiesProvider$5.class], URL [jar:file:/C:/Users/Sangram/.gradle/caches/modules-2/files-2.1/io.springfox/springfox-schema/2.1.1/ccc0c0697f3e037c6e09630100fc7e6e35ead691/springfox-schema-2.1.1.jar!/springfox/documentation/schema/property/OptimizedModelPropertiesProvider.class], URL [jar:file:/C:/Users/Sangram/.gradle/caches/modules-2/files-2.1/io.springfox/springfox-schema/2.1.1/ccc0c0697f3e037c6e09630100fc7e6e35ead691/springfox-schema-2.1.1.jar!/springfox/documentation/schema/property/bean/Accessors.class], URL [jar:file:/C:/Users/Sangram/.gradle/caches/modules-2/files-2.1/io.springfox/springfox-schema/2.1.1/ccc0c0697f3e037c6e09630100fc7e6e35ead691/springfox-schema-2.1.1.jar!/springfox/documentation/schema/property/bean/AccessorsProvider$1.class], URL [jar:file:/C:/Users/Sangram/.gradle/caches/modules-2/files-2.1/io.springfox/springfox-schema/2.1.1/ccc0c0697f3e037c6e09630100fc7e6e35ead691/springfox-schema-2.1.1.jar!/springfox/documentation/schema/property/bean/AccessorsProvider.class], URL [jar:file:/C:/Users/Sangram/.gradle/caches/modules-2/files-2.1/io.springfox/springfox-schema/2.1.1/ccc0c0697f3e037c6e09630100fc7e6e35ead691/springfox-schema-2.1.1.jar!/springfox/documentation/schema/property/bean/BeanModelProperty.class], URL [jar:file:/C:/Users/Sangram/.gradle/caches/modules-2/files-2.1/io.springfox/springfox-schema/2.1.1/ccc0c0697f3e037c6e09630100fc7e6e35ead691/springfox-schema-2.1.1.jar!/springfox/documentation/schema/property/bean/BeanModelPropertyProvider$1.class], URL [jar:file:/C:/Users/Sangram/.gradle/caches/modules-2/files-2.1/io.springfox/springfox-schema/2.1.1/ccc0c0697f3e037c6e09630100fc7e6e35ead691/springfox-schema-2.1.1.jar!/springfox/documentation/schema/property/bean/BeanModelPropertyProvider.class], URL [jar:file:/C:/Users/Sangram/.gradle/caches/modules-2/files-2.1/io.springfox/springfox-schema/2.1.1/ccc0c0697f3e037c6e09630100fc7e6e35ead691/springfox-schema-2.1.1.jar!/springfox/documentation/schema/property/constructor/ConstructorModelPropertyProvider.class], URL [jar:file:/C:/Users/Sangram/.gradle/caches/modules-2/files-2.1/io.springfox/springfox-schema/2.1.1/ccc0c0697f3e037c6e09630100fc7e6e35ead691/springfox-schema-2.1.1.jar!/springfox/documentation/schema/property/field/FieldModelProperty.class], URL [jar:file:/C:/Users/Sangram/.gradle/caches/modules-2/files-2.1/io.springfox/springfox-schema/2.1.1/ccc0c0697f3e037c6e09630100fc7e6e35ead691/springfox-schema-2.1.1.jar!/springfox/documentation/schema/property/field/FieldModelPropertyProvider.class], URL [jar:file:/C:/Users/Sangram/.gradle/caches/modules-2/files-2.1/io.springfox/springfox-schema/2.1.1/ccc0c0697f3e037c6e09630100fc7e6e35ead691/springfox-schema-2.1.1.jar!/springfox/documentation/schema/property/field/FieldProvider.class], URL [jar:file:/C:/Users/Sangram/.gradle/caches/modules-2/files-2.1/io.springfox/springfox-core/2.1.1/4423ac63f26319d0a8e02e542b58055a1a1789ec/springfox-core-2.1.1.jar!/springfox/documentation/schema/AlternateTypeRule.class], URL [jar:file:/C:/Users/Sangram/.gradle/caches/modules-2/files-2.1/io.springfox/springfox-core/2.1.1/4423ac63f26319d0a8e02e542b58055a1a1789ec/springfox-core-2.1.1.jar!/springfox/documentation/schema/AlternateTypeRules.class], URL [jar:file:/C:/Users/Sangram/.gradle/caches/modules-2/files-2.1/io.springfox/springfox-core/2.1.1/4423ac63f26319d0a8e02e542b58055a1a1789ec/springfox-core-2.1.1.jar!/springfox/documentation/schema/Entry.class], URL [jar:file:/C:/Users/Sangram/.gradle/caches/modules-2/files-2.1/io.springfox/springfox-core/2.1.1/4423ac63f26319d0a8e02e542b58055a1a1789ec/springfox-core-2.1.1.jar!/springfox/documentation/schema/Enums$1.class], URL [jar:file:/C:/Users/Sangram/.gradle/caches/modules-2/files-2.1/io.springfox/springfox-core/2.1.1/4423ac63f26319d0a8e02e542b58055a1a1789ec/springfox-core-2.1.1.jar!/springfox/documentation/schema/Enums$2.class], URL [jar:file:/C:/Users/Sangram/.gradle/caches/modules-2/files-2.1/io.springfox/springfox-core/2.1.1/4423ac63f26319d0a8e02e542b58055a1a1789ec/springfox-core-2.1.1.jar!/springfox/documentation/schema/Enums.class], URL [jar:file:/C:/Users/Sangram/.gradle/caches/modules-2/files-2.1/io.springfox/springfox-core/2.1.1/4423ac63f26319d0a8e02e542b58055a1a1789ec/springfox-core-2.1.1.jar!/springfox/documentation/schema/Model.class], URL [jar:file:/C:/Users/Sangram/.gradle/caches/modules-2/files-2.1/io.springfox/springfox-core/2.1.1/4423ac63f26319d0a8e02e542b58055a1a1789ec/springfox-core-2.1.1.jar!/springfox/documentation/schema/ModelProperty.class], URL [jar:file:/C:/Users/Sangram/.gradle/caches/modules-2/files-2.1/io.springfox/springfox-core/2.1.1/4423ac63f26319d0a8e02e542b58055a1a1789ec/springfox-core-2.1.1.jar!/springfox/documentation/schema/ModelRef.class], URL [jar:file:/C:/Users/Sangram/.gradle/caches/modules-2/files-2.1/io.springfox/springfox-core/2.1.1/4423ac63f26319d0a8e02e542b58055a1a1789ec/springfox-core-2.1.1.jar!/springfox/documentation/schema/WildcardType$1.class], URL [jar:file:/C:/Users/Sangram/.gradle/caches/modules-2/files-2.1/io.springfox/springfox-core/2.1.1/4423ac63f26319d0a8e02e542b58055a1a1789ec/springfox-core-2.1.1.jar!/springfox/documentation/schema/WildcardType.class]]
00:06:56.672 qrouter [Test worker] DEBUG o.s.c.a.ClassPathBeanDefinitionScanner -Identified candidate component class: URL [jar:file:/C:/Users/Sangram/.gradle/caches/modules-2/files-2.1/io.springfox/springfox-schema/2.1.1/ccc0c0697f3e037c6e09630100fc7e6e35ead691/springfox-schema-2.1.1.jar!/springfox/documentation/schema/DefaultModelProvider.class]
00:06:56.680 qrouter [Test worker] DEBUG o.s.c.a.ClassPathBeanDefinitionScanner -Identified candidate component class: URL [jar:file:/C:/Users/Sangram/.gradle/caches/modules-2/files-2.1/io.springfox/springfox-schema/2.1.1/ccc0c0697f3e037c6e09630100fc7e6e35ead691/springfox-schema-2.1.1.jar!/springfox/documentation/schema/ModelContextKeyGenerator.class]
00:06:56.690 qrouter [Test worker] DEBUG o.s.c.a.ClassPathBeanDefinitionScanner -Identified candidate component class: URL [jar:file:/C:/Users/Sangram/.gradle/caches/modules-2/files-2.1/io.springfox/springfox-schema/2.1.1/ccc0c0697f3e037c6e09630100fc7e6e35ead691/springfox-schema-2.1.1.jar!/springfox/documentation/schema/ModelDependencyProvider.class]
00:06:56.701 qrouter [Test worker] DEBUG o.s.c.a.ClassPathBeanDefinitionScanner -Identified candidate component class: URL [jar:file:/C:/Users/Sangram/.gradle/caches/modules-2/files-2.1/io.springfox/springfox-schema/2.1.1/ccc0c0697f3e037c6e09630100fc7e6e35ead691/springfox-schema-2.1.1.jar!/springfox/documentation/schema/TypeNameExtractor.class]
00:06:56.711 qrouter [Test worker] DEBUG o.s.c.a.ClassPathBeanDefinitionScanner -Identified candidate component class: URL [jar:file:/C:/Users/Sangram/.gradle/caches/modules-2/files-2.1/io.springfox/springfox-schema/2.1.1/ccc0c0697f3e037c6e09630100fc7e6e35ead691/springfox-schema-2.1.1.jar!/springfox/documentation/schema/plugins/SchemaPluginsManager.class]
00:06:56.726 qrouter [Test worker] DEBUG o.s.c.a.ClassPathBeanDefinitionScanner -Identified candidate component class: URL [jar:file:/C:/Users/Sangram/.gradle/caches/modules-2/files-2.1/io.springfox/springfox-schema/2.1.1/ccc0c0697f3e037c6e09630100fc7e6e35ead691/springfox-schema-2.1.1.jar!/springfox/documentation/schema/property/DefaultModelPropertiesProvider.class]
00:06:56.731 qrouter [Test worker] DEBUG o.s.c.a.ClassPathBeanDefinitionScanner -Identified candidate component class: URL [jar:file:/C:/Users/Sangram/.gradle/caches/modules-2/files-2.1/io.springfox/springfox-schema/2.1.1/ccc0c0697f3e037c6e09630100fc7e6e35ead691/springfox-schema-2.1.1.jar!/springfox/documentation/schema/property/ModelPropertiesKeyGenerator.class]
00:06:56.736 qrouter [Test worker] DEBUG o.s.c.a.ClassPathBeanDefinitionScanner -Identified candidate component class: URL [jar:file:/C:/Users/Sangram/.gradle/caches/modules-2/files-2.1/io.springfox/springfox-schema/2.1.1/ccc0c0697f3e037c6e09630100fc7e6e35ead691/springfox-schema-2.1.1.jar!/springfox/documentation/schema/property/ObjectMapperBeanPropertyNamingStrategy.class]
00:06:56.752 qrouter [Test worker] DEBUG o.s.c.a.ClassPathBeanDefinitionScanner -Identified candidate component class: URL [jar:file:/C:/Users/Sangram/.gradle/caches/modules-2/files-2.1/io.springfox/springfox-schema/2.1.1/ccc0c0697f3e037c6e09630100fc7e6e35ead691/springfox-schema-2.1.1.jar!/springfox/documentation/schema/property/OptimizedModelPropertiesProvider.class]
00:06:56.760 qrouter [Test worker] DEBUG o.s.c.a.ClassPathBeanDefinitionScanner -Identified candidate component class: URL [jar:file:/C:/Users/Sangram/.gradle/caches/modules-2/files-2.1/io.springfox/springfox-schema/2.1.1/ccc0c0697f3e037c6e09630100fc7e6e35ead691/springfox-schema-2.1.1.jar!/springfox/documentation/schema/property/bean/AccessorsProvider.class]
00:06:56.769 qrouter [Test worker] DEBUG o.s.c.a.ClassPathBeanDefinitionScanner -Identified candidate component class: URL [jar:file:/C:/Users/Sangram/.gradle/caches/modules-2/files-2.1/io.springfox/springfox-schema/2.1.1/ccc0c0697f3e037c6e09630100fc7e6e35ead691/springfox-schema-2.1.1.jar!/springfox/documentation/schema/property/bean/BeanModelPropertyProvider.class]
00:06:56.773 qrouter [Test worker] DEBUG o.s.c.a.ClassPathBeanDefinitionScanner -Identified candidate component class: URL [jar:file:/C:/Users/Sangram/.gradle/caches/modules-2/files-2.1/io.springfox/springfox-schema/2.1.1/ccc0c0697f3e037c6e09630100fc7e6e35ead691/springfox-schema-2.1.1.jar!/springfox/documentation/schema/property/constructor/ConstructorModelPropertyProvider.class]
00:06:56.779 qrouter [Test worker] DEBUG o.s.c.a.ClassPathBeanDefinitionScanner -Identified candidate component class: URL [jar:file:/C:/Users/Sangram/.gradle/caches/modules-2/files-2.1/io.springfox/springfox-schema/2.1.1/ccc0c0697f3e037c6e09630100fc7e6e35ead691/springfox-schema-2.1.1.jar!/springfox/documentation/schema/property/field/FieldModelPropertyProvider.class]
00:06:56.781 qrouter [Test worker] DEBUG o.s.c.a.ClassPathBeanDefinitionScanner -Identified candidate component class: URL [jar:file:/C:/Users/Sangram/.gradle/caches/modules-2/files-2.1/io.springfox/springfox-schema/2.1.1/ccc0c0697f3e037c6e09630100fc7e6e35ead691/springfox-schema-2.1.1.jar!/springfox/documentation/schema/property/field/FieldProvider.class]
00:06:56.894 qrouter [Test worker] DEBUG o.s.c.a.ClassPathBeanDefinitionScanner -JSR-250 'javax.annotation.ManagedBean' found and supported for component scanning
00:06:56.896 qrouter [Test worker] DEBUG o.s.c.i.s.PathMatchingResourcePatternResolver -Resolved classpath location [springfox/documentation/swagger/schema/] to resources [URL [jar:file:/C:/Users/Sangram/.gradle/caches/modules-2/files-2.1/io.springfox/springfox-swagger-common/2.1.1/f7d016db18c5ce92588d7e7abcf1340da9aac1f9/springfox-swagger-common-2.1.1.jar!/springfox/documentation/swagger/schema/]]
00:06:56.898 qrouter [Test worker] DEBUG o.s.c.i.s.PathMatchingResourcePatternResolver -Looking for matching resources in jar file [file:/C:/Users/Sangram/.gradle/caches/modules-2/files-2.1/io.springfox/springfox-swagger-common/2.1.1/f7d016db18c5ce92588d7e7abcf1340da9aac1f9/springfox-swagger-common-2.1.1.jar]
00:06:56.901 qrouter [Test worker] DEBUG o.s.c.i.s.PathMatchingResourcePatternResolver -Resolved location pattern [classpath*:springfox/documentation/swagger/schema/**/*.class] to resources [URL [jar:file:/C:/Users/Sangram/.gradle/caches/modules-2/files-2.1/io.springfox/springfox-swagger-common/2.1.1/f7d016db18c5ce92588d7e7abcf1340da9aac1f9/springfox-swagger-common-2.1.1.jar!/springfox/documentation/swagger/schema/ApiModelBuilder.class], URL [jar:file:/C:/Users/Sangram/.gradle/caches/modules-2/files-2.1/io.springfox/springfox-swagger-common/2.1.1/f7d016db18c5ce92588d7e7abcf1340da9aac1f9/springfox-swagger-common-2.1.1.jar!/springfox/documentation/swagger/schema/ApiModelProperties$1.class], URL [jar:file:/C:/Users/Sangram/.gradle/caches/modules-2/files-2.1/io.springfox/springfox-swagger-common/2.1.1/f7d016db18c5ce92588d7e7abcf1340da9aac1f9/springfox-swagger-common-2.1.1.jar!/springfox/documentation/swagger/schema/ApiModelProperties$2.class], URL [jar:file:/C:/Users/Sangram/.gradle/caches/modules-2/files-2.1/io.springfox/springfox-swagger-common/2.1.1/f7d016db18c5ce92588d7e7abcf1340da9aac1f9/springfox-swagger-common-2.1.1.jar!/springfox/documentation/swagger/schema/ApiModelProperties$3.class], URL [jar:file:/C:/Users/Sangram/.gradle/caches/modules-2/files-2.1/io.springfox/springfox-swagger-common/2.1.1/f7d016db18c5ce92588d7e7abcf1340da9aac1f9/springfox-swagger-common-2.1.1.jar!/springfox/documentation/swagger/schema/ApiModelProperties$4.class], URL [jar:file:/C:/Users/Sangram/.gradle/caches/modules-2/files-2.1/io.springfox/springfox-swagger-common/2.1.1/f7d016db18c5ce92588d7e7abcf1340da9aac1f9/springfox-swagger-common-2.1.1.jar!/springfox/documentation/swagger/schema/ApiModelProperties$5.class], URL [jar:file:/C:/Users/Sangram/.gradle/caches/modules-2/files-2.1/io.springfox/springfox-swagger-common/2.1.1/f7d016db18c5ce92588d7e7abcf1340da9aac1f9/springfox-swagger-common-2.1.1.jar!/springfox/documentation/swagger/schema/ApiModelProperties$6.class], URL [jar:file:/C:/Users/Sangram/.gradle/caches/modules-2/files-2.1/io.springfox/springfox-swagger-common/2.1.1/f7d016db18c5ce92588d7e7abcf1340da9aac1f9/springfox-swagger-common-2.1.1.jar!/springfox/documentation/swagger/schema/ApiModelProperties.class], URL [jar:file:/C:/Users/Sangram/.gradle/caches/modules-2/files-2.1/io.springfox/springfox-swagger-common/2.1.1/f7d016db18c5ce92588d7e7abcf1340da9aac1f9/springfox-swagger-common-2.1.1.jar!/springfox/documentation/swagger/schema/ApiModelPropertyPropertyBuilder.class], URL [jar:file:/C:/Users/Sangram/.gradle/caches/modules-2/files-2.1/io.springfox/springfox-swagger-common/2.1.1/f7d016db18c5ce92588d7e7abcf1340da9aac1f9/springfox-swagger-common-2.1.1.jar!/springfox/documentation/swagger/schema/ApiModelTypeNameProvider.class]]
00:06:56.904 qrouter [Test worker] DEBUG o.s.c.a.ClassPathBeanDefinitionScanner -Identified candidate component class: URL [jar:file:/C:/Users/Sangram/.gradle/caches/modules-2/files-2.1/io.springfox/springfox-swagger-common/2.1.1/f7d016db18c5ce92588d7e7abcf1340da9aac1f9/springfox-swagger-common-2.1.1.jar!/springfox/documentation/swagger/schema/ApiModelBuilder.class]
00:06:56.918 qrouter [Test worker] DEBUG o.s.c.a.ClassPathBeanDefinitionScanner -Identified candidate component class: URL [jar:file:/C:/Users/Sangram/.gradle/caches/modules-2/files-2.1/io.springfox/springfox-swagger-common/2.1.1/f7d016db18c5ce92588d7e7abcf1340da9aac1f9/springfox-swagger-common-2.1.1.jar!/springfox/documentation/swagger/schema/ApiModelPropertyPropertyBuilder.class]
00:06:56.920 qrouter [Test worker] DEBUG o.s.c.a.ClassPathBeanDefinitionScanner -Identified candidate component class: URL [jar:file:/C:/Users/Sangram/.gradle/caches/modules-2/files-2.1/io.springfox/springfox-swagger-common/2.1.1/f7d016db18c5ce92588d7e7abcf1340da9aac1f9/springfox-swagger-common-2.1.1.jar!/springfox/documentation/swagger/schema/ApiModelTypeNameProvider.class]
00:06:56.922 qrouter [Test worker] DEBUG o.s.c.i.s.PathMatchingResourcePatternResolver -Resolved classpath location [springfox/documentation/swagger/readers/] to resources [URL [jar:file:/C:/Users/Sangram/.gradle/caches/modules-2/files-2.1/io.springfox/springfox-swagger-common/2.1.1/f7d016db18c5ce92588d7e7abcf1340da9aac1f9/springfox-swagger-common-2.1.1.jar!/springfox/documentation/swagger/readers/]]
00:06:56.923 qrouter [Test worker] DEBUG o.s.c.i.s.PathMatchingResourcePatternResolver -Looking for matching resources in jar file [file:/C:/Users/Sangram/.gradle/caches/modules-2/files-2.1/io.springfox/springfox-swagger-common/2.1.1/f7d016db18c5ce92588d7e7abcf1340da9aac1f9/springfox-swagger-common-2.1.1.jar]
00:06:56.929 qrouter [Test worker] DEBUG o.s.c.i.s.PathMatchingResourcePatternResolver -Resolved location pattern [classpath*:springfox/documentation/swagger/readers/**/*.class] to resources [URL [jar:file:/C:/Users/Sangram/.gradle/caches/modules-2/files-2.1/io.springfox/springfox-swagger-common/2.1.1/f7d016db18c5ce92588d7e7abcf1340da9aac1f9/springfox-swagger-common-2.1.1.jar!/springfox/documentation/swagger/readers/operation/OperationAuthReader.class], URL [jar:file:/C:/Users/Sangram/.gradle/caches/modules-2/files-2.1/io.springfox/springfox-swagger-common/2.1.1/f7d016db18c5ce92588d7e7abcf1340da9aac1f9/springfox-swagger-common-2.1.1.jar!/springfox/documentation/swagger/readers/operation/OperationHiddenReader.class], URL [jar:file:/C:/Users/Sangram/.gradle/caches/modules-2/files-2.1/io.springfox/springfox-swagger-common/2.1.1/f7d016db18c5ce92588d7e7abcf1340da9aac1f9/springfox-swagger-common-2.1.1.jar!/springfox/documentation/swagger/readers/operation/OperationHttpMethodReader.class], URL [jar:file:/C:/Users/Sangram/.gradle/caches/modules-2/files-2.1/io.springfox/springfox-swagger-common/2.1.1/f7d016db18c5ce92588d7e7abcf1340da9aac1f9/springfox-swagger-common-2.1.1.jar!/springfox/documentation/swagger/readers/operation/OperationImplicitParameterReader.class], URL [jar:file:/C:/Users/Sangram/.gradle/caches/modules-2/files-2.1/io.springfox/springfox-swagger-common/2.1.1/f7d016db18c5ce92588d7e7abcf1340da9aac1f9/springfox-swagger-common-2.1.1.jar!/springfox/documentation/swagger/readers/operation/OperationImplicitParametersReader.class], URL [jar:file:/C:/Users/Sangram/.gradle/caches/modules-2/files-2.1/io.springfox/springfox-swagger-common/2.1.1/f7d016db18c5ce92588d7e7abcf1340da9aac1f9/springfox-swagger-common-2.1.1.jar!/springfox/documentation/swagger/readers/operation/OperationNicknameIntoUniqueIdReader.class], URL [jar:file:/C:/Users/Sangram/.gradle/caches/modules-2/files-2.1/io.springfox/springfox-swagger-common/2.1.1/f7d016db18c5ce92588d7e7abcf1340da9aac1f9/springfox-swagger-common-2.1.1.jar!/springfox/documentation/swagger/readers/operation/OperationNotesReader.class], URL [jar:file:/C:/Users/Sangram/.gradle/caches/modules-2/files-2.1/io.springfox/springfox-swagger-common/2.1.1/f7d016db18c5ce92588d7e7abcf1340da9aac1f9/springfox-swagger-common-2.1.1.jar!/springfox/documentation/swagger/readers/operation/OperationPositionReader.class], URL [jar:file:/C:/Users/Sangram/.gradle/caches/modules-2/files-2.1/io.springfox/springfox-swagger-common/2.1.1/f7d016db18c5ce92588d7e7abcf1340da9aac1f9/springfox-swagger-common-2.1.1.jar!/springfox/documentation/swagger/readers/operation/OperationSummaryReader.class], URL [jar:file:/C:/Users/Sangram/.gradle/caches/modules-2/files-2.1/io.springfox/springfox-swagger-common/2.1.1/f7d016db18c5ce92588d7e7abcf1340da9aac1f9/springfox-swagger-common-2.1.1.jar!/springfox/documentation/swagger/readers/operation/SwaggerMediaTypeReader.class], URL [jar:file:/C:/Users/Sangram/.gradle/caches/modules-2/files-2.1/io.springfox/springfox-swagger-common/2.1.1/f7d016db18c5ce92588d7e7abcf1340da9aac1f9/springfox-swagger-common-2.1.1.jar!/springfox/documentation/swagger/readers/operation/SwaggerOperationModelsProvider$1.class], URL [jar:file:/C:/Users/Sangram/.gradle/caches/modules-2/files-2.1/io.springfox/springfox-swagger-common/2.1.1/f7d016db18c5ce92588d7e7abcf1340da9aac1f9/springfox-swagger-common-2.1.1.jar!/springfox/documentation/swagger/readers/operation/SwaggerOperationModelsProvider.class], URL [jar:file:/C:/Users/Sangram/.gradle/caches/modules-2/files-2.1/io.springfox/springfox-swagger-common/2.1.1/f7d016db18c5ce92588d7e7abcf1340da9aac1f9/springfox-swagger-common-2.1.1.jar!/springfox/documentation/swagger/readers/operation/SwaggerOperationResponseClassReader.class], URL [jar:file:/C:/Users/Sangram/.gradle/caches/modules-2/files-2.1/io.springfox/springfox-swagger-common/2.1.1/f7d016db18c5ce92588d7e7abcf1340da9aac1f9/springfox-swagger-common-2.1.1.jar!/springfox/documentation/swagger/readers/operation/SwaggerResponseMessageReader.class], URL [jar:file:/C:/Users/Sangram/.gradle/caches/modules-2/files-2.1/io.springfox/springfox-swagger-common/2.1.1/f7d016db18c5ce92588d7e7abcf1340da9aac1f9/springfox-swagger-common-2.1.1.jar!/springfox/documentation/swagger/readers/operation/VendorExtensionsReader$1.class], URL [jar:file:/C:/Users/Sangram/.gradle/caches/modules-2/files-2.1/io.springfox/springfox-swagger-common/2.1.1/f7d016db18c5ce92588d7e7abcf1340da9aac1f9/springfox-swagger-common-2.1.1.jar!/springfox/documentation/swagger/readers/operation/VendorExtensionsReader$2.class], URL [jar:file:/C:/Users/Sangram/.gradle/caches/modules-2/files-2.1/io.springfox/springfox-swagger-common/2.1.1/f7d016db18c5ce92588d7e7abcf1340da9aac1f9/springfox-swagger-common-2.1.1.jar!/springfox/documentation/swagger/readers/operation/VendorExtensionsReader.class], URL [jar:file:/C:/Users/Sangram/.gradle/caches/modules-2/files-2.1/io.springfox/springfox-swagger-common/2.1.1/f7d016db18c5ce92588d7e7abcf1340da9aac1f9/springfox-swagger-common-2.1.1.jar!/springfox/documentation/swagger/readers/parameter/ParameterAccessReader.class], URL [jar:file:/C:/Users/Sangram/.gradle/caches/modules-2/files-2.1/io.springfox/springfox-swagger-common/2.1.1/f7d016db18c5ce92588d7e7abcf1340da9aac1f9/springfox-swagger-common-2.1.1.jar!/springfox/documentation/swagger/readers/parameter/ParameterAllowableReader.class], URL [jar:file:/C:/Users/Sangram/.gradle/caches/modules-2/files-2.1/io.springfox/springfox-swagger-common/2.1.1/f7d016db18c5ce92588d7e7abcf1340da9aac1f9/springfox-swagger-common-2.1.1.jar!/springfox/documentation/swagger/readers/parameter/ParameterAnnotationReader$1.class], URL [jar:file:/C:/Users/Sangram/.gradle/caches/modules-2/files-2.1/io.springfox/springfox-swagger-common/2.1.1/f7d016db18c5ce92588d7e7abcf1340da9aac1f9/springfox-swagger-common-2.1.1.jar!/springfox/documentation/swagger/readers/parameter/ParameterAnnotationReader.class], URL [jar:file:/C:/Users/Sangram/.gradle/caches/modules-2/files-2.1/io.springfox/springfox-swagger-common/2.1.1/f7d016db18c5ce92588d7e7abcf1340da9aac1f9/springfox-swagger-common-2.1.1.jar!/springfox/documentation/swagger/readers/parameter/ParameterDefaultReader.class], URL [jar:file:/C:/Users/Sangram/.gradle/caches/modules-2/files-2.1/io.springfox/springfox-swagger-common/2.1.1/f7d016db18c5ce92588d7e7abcf1340da9aac1f9/springfox-swagger-common-2.1.1.jar!/springfox/documentation/swagger/readers/parameter/ParameterDescriptionReader.class], URL [jar:file:/C:/Users/Sangram/.gradle/caches/modules-2/files-2.1/io.springfox/springfox-swagger-common/2.1.1/f7d016db18c5ce92588d7e7abcf1340da9aac1f9/springfox-swagger-common-2.1.1.jar!/springfox/documentation/swagger/readers/parameter/ParameterMultiplesReader.class], URL [jar:file:/C:/Users/Sangram/.gradle/caches/modules-2/files-2.1/io.springfox/springfox-swagger-common/2.1.1/f7d016db18c5ce92588d7e7abcf1340da9aac1f9/springfox-swagger-common-2.1.1.jar!/springfox/documentation/swagger/readers/parameter/ParameterRequiredReader.class], URL [jar:file:/C:/Users/Sangram/.gradle/caches/modules-2/files-2.1/io.springfox/springfox-swagger-common/2.1.1/f7d016db18c5ce92588d7e7abcf1340da9aac1f9/springfox-swagger-common-2.1.1.jar!/springfox/documentation/swagger/readers/parameter/SwaggerExpandedParameterBuilder$1.class], URL [jar:file:/C:/Users/Sangram/.gradle/caches/modules-2/files-2.1/io.springfox/springfox-swagger-common/2.1.1/f7d016db18c5ce92588d7e7abcf1340da9aac1f9/springfox-swagger-common-2.1.1.jar!/springfox/documentation/swagger/readers/parameter/SwaggerExpandedParameterBuilder.class]]
00:06:56.934 qrouter [Test worker] DEBUG o.s.c.a.ClassPathBeanDefinitionScanner -Identified candidate component class: URL [jar:file:/C:/Users/Sangram/.gradle/caches/modules-2/files-2.1/io.springfox/springfox-swagger-common/2.1.1/f7d016db18c5ce92588d7e7abcf1340da9aac1f9/springfox-swagger-common-2.1.1.jar!/springfox/documentation/swagger/readers/operation/OperationAuthReader.class]
00:06:56.937 qrouter [Test worker] DEBUG o.s.c.a.ClassPathBeanDefinitionScanner -Identified candidate component class: URL [jar:file:/C:/Users/Sangram/.gradle/caches/modules-2/files-2.1/io.springfox/springfox-swagger-common/2.1.1/f7d016db18c5ce92588d7e7abcf1340da9aac1f9/springfox-swagger-common-2.1.1.jar!/springfox/documentation/swagger/readers/operation/OperationHiddenReader.class]
00:06:56.940 qrouter [Test worker] DEBUG o.s.c.a.ClassPathBeanDefinitionScanner -Identified candidate component class: URL [jar:file:/C:/Users/Sangram/.gradle/caches/modules-2/files-2.1/io.springfox/springfox-swagger-common/2.1.1/f7d016db18c5ce92588d7e7abcf1340da9aac1f9/springfox-swagger-common-2.1.1.jar!/springfox/documentation/swagger/readers/operation/OperationHttpMethodReader.class]
00:06:56.943 qrouter [Test worker] DEBUG o.s.c.a.ClassPathBeanDefinitionScanner -Identified candidate component class: URL [jar:file:/C:/Users/Sangram/.gradle/caches/modules-2/files-2.1/io.springfox/springfox-swagger-common/2.1.1/f7d016db18c5ce92588d7e7abcf1340da9aac1f9/springfox-swagger-common-2.1.1.jar!/springfox/documentation/swagger/readers/operation/OperationImplicitParameterReader.class]
00:06:56.947 qrouter [Test worker] DEBUG o.s.c.a.ClassPathBeanDefinitionScanner -Identified candidate component class: URL [jar:file:/C:/Users/Sangram/.gradle/caches/modules-2/files-2.1/io.springfox/springfox-swagger-common/2.1.1/f7d016db18c5ce92588d7e7abcf1340da9aac1f9/springfox-swagger-common-2.1.1.jar!/springfox/documentation/swagger/readers/operation/OperationImplicitParametersReader.class]
00:06:56.950 qrouter [Test worker] DEBUG o.s.c.a.ClassPathBeanDefinitionScanner -Identified candidate component class: URL [jar:file:/C:/Users/Sangram/.gradle/caches/modules-2/files-2.1/io.springfox/springfox-swagger-common/2.1.1/f7d016db18c5ce92588d7e7abcf1340da9aac1f9/springfox-swagger-common-2.1.1.jar!/springfox/documentation/swagger/readers/operation/OperationNicknameIntoUniqueIdReader.class]
00:06:56.953 qrouter [Test worker] DEBUG o.s.c.a.ClassPathBeanDefinitionScanner -Identified candidate component class: URL [jar:file:/C:/Users/Sangram/.gradle/caches/modules-2/files-2.1/io.springfox/springfox-swagger-common/2.1.1/f7d016db18c5ce92588d7e7abcf1340da9aac1f9/springfox-swagger-common-2.1.1.jar!/springfox/documentation/swagger/readers/operation/OperationNotesReader.class]
00:06:56.956 qrouter [Test worker] DEBUG o.s.c.a.ClassPathBeanDefinitionScanner -Identified candidate component class: URL [jar:file:/C:/Users/Sangram/.gradle/caches/modules-2/files-2.1/io.springfox/springfox-swagger-common/2.1.1/f7d016db18c5ce92588d7e7abcf1340da9aac1f9/springfox-swagger-common-2.1.1.jar!/springfox/documentation/swagger/readers/operation/OperationPositionReader.class]
00:06:56.959 qrouter [Test worker] DEBUG o.s.c.a.ClassPathBeanDefinitionScanner -Identified candidate component class: URL [jar:file:/C:/Users/Sangram/.gradle/caches/modules-2/files-2.1/io.springfox/springfox-swagger-common/2.1.1/f7d016db18c5ce92588d7e7abcf1340da9aac1f9/springfox-swagger-common-2.1.1.jar!/springfox/documentation/swagger/readers/operation/OperationSummaryReader.class]
00:06:56.962 qrouter [Test worker] DEBUG o.s.c.a.ClassPathBeanDefinitionScanner -Identified candidate component class: URL [jar:file:/C:/Users/Sangram/.gradle/caches/modules-2/files-2.1/io.springfox/springfox-swagger-common/2.1.1/f7d016db18c5ce92588d7e7abcf1340da9aac1f9/springfox-swagger-common-2.1.1.jar!/springfox/documentation/swagger/readers/operation/SwaggerMediaTypeReader.class]
00:06:56.968 qrouter [Test worker] DEBUG o.s.c.a.ClassPathBeanDefinitionScanner -Identified candidate component class: URL [jar:file:/C:/Users/Sangram/.gradle/caches/modules-2/files-2.1/io.springfox/springfox-swagger-common/2.1.1/f7d016db18c5ce92588d7e7abcf1340da9aac1f9/springfox-swagger-common-2.1.1.jar!/springfox/documentation/swagger/readers/operation/SwaggerOperationModelsProvider.class]
00:06:56.972 qrouter [Test worker] DEBUG o.s.c.a.ClassPathBeanDefinitionScanner -Identified candidate component class: URL [jar:file:/C:/Users/Sangram/.gradle/caches/modules-2/files-2.1/io.springfox/springfox-swagger-common/2.1.1/f7d016db18c5ce92588d7e7abcf1340da9aac1f9/springfox-swagger-common-2.1.1.jar!/springfox/documentation/swagger/readers/operation/SwaggerOperationResponseClassReader.class]
00:06:56.975 qrouter [Test worker] DEBUG o.s.c.a.ClassPathBeanDefinitionScanner -Identified candidate component class: URL [jar:file:/C:/Users/Sangram/.gradle/caches/modules-2/files-2.1/io.springfox/springfox-swagger-common/2.1.1/f7d016db18c5ce92588d7e7abcf1340da9aac1f9/springfox-swagger-common-2.1.1.jar!/springfox/documentation/swagger/readers/operation/SwaggerResponseMessageReader.class]
00:06:56.982 qrouter [Test worker] DEBUG o.s.c.a.ClassPathBeanDefinitionScanner -Identified candidate component class: URL [jar:file:/C:/Users/Sangram/.gradle/caches/modules-2/files-2.1/io.springfox/springfox-swagger-common/2.1.1/f7d016db18c5ce92588d7e7abcf1340da9aac1f9/springfox-swagger-common-2.1.1.jar!/springfox/documentation/swagger/readers/operation/VendorExtensionsReader.class]
00:06:56.987 qrouter [Test worker] DEBUG o.s.c.a.ClassPathBeanDefinitionScanner -Identified candidate component class: URL [jar:file:/C:/Users/Sangram/.gradle/caches/modules-2/files-2.1/io.springfox/springfox-swagger-common/2.1.1/f7d016db18c5ce92588d7e7abcf1340da9aac1f9/springfox-swagger-common-2.1.1.jar!/springfox/documentation/swagger/readers/parameter/ParameterAccessReader.class]
00:06:56.990 qrouter [Test worker] DEBUG o.s.c.a.ClassPathBeanDefinitionScanner -Identified candidate component class: URL [jar:file:/C:/Users/Sangram/.gradle/caches/modules-2/files-2.1/io.springfox/springfox-swagger-common/2.1.1/f7d016db18c5ce92588d7e7abcf1340da9aac1f9/springfox-swagger-common-2.1.1.jar!/springfox/documentation/swagger/readers/parameter/ParameterAllowableReader.class]
00:06:56.996 qrouter [Test worker] DEBUG o.s.c.a.ClassPathBeanDefinitionScanner -Identified candidate component class: URL [jar:file:/C:/Users/Sangram/.gradle/caches/modules-2/files-2.1/io.springfox/springfox-swagger-common/2.1.1/f7d016db18c5ce92588d7e7abcf1340da9aac1f9/springfox-swagger-common-2.1.1.jar!/springfox/documentation/swagger/readers/parameter/ParameterDefaultReader.class]
00:06:57.000 qrouter [Test worker] DEBUG o.s.c.a.ClassPathBeanDefinitionScanner -Identified candidate component class: URL [jar:file:/C:/Users/Sangram/.gradle/caches/modules-2/files-2.1/io.springfox/springfox-swagger-common/2.1.1/f7d016db18c5ce92588d7e7abcf1340da9aac1f9/springfox-swagger-common-2.1.1.jar!/springfox/documentation/swagger/readers/parameter/ParameterDescriptionReader.class]
00:06:57.003 qrouter [Test worker] DEBUG o.s.c.a.ClassPathBeanDefinitionScanner -Identified candidate component class: URL [jar:file:/C:/Users/Sangram/.gradle/caches/modules-2/files-2.1/io.springfox/springfox-swagger-common/2.1.1/f7d016db18c5ce92588d7e7abcf1340da9aac1f9/springfox-swagger-common-2.1.1.jar!/springfox/documentation/swagger/readers/parameter/ParameterMultiplesReader.class]
00:06:57.006 qrouter [Test worker] DEBUG o.s.c.a.ClassPathBeanDefinitionScanner -Identified candidate component class: URL [jar:file:/C:/Users/Sangram/.gradle/caches/modules-2/files-2.1/io.springfox/springfox-swagger-common/2.1.1/f7d016db18c5ce92588d7e7abcf1340da9aac1f9/springfox-swagger-common-2.1.1.jar!/springfox/documentation/swagger/readers/parameter/ParameterRequiredReader.class]
00:06:57.011 qrouter [Test worker] DEBUG o.s.c.a.ClassPathBeanDefinitionScanner -Identified candidate component class: URL [jar:file:/C:/Users/Sangram/.gradle/caches/modules-2/files-2.1/io.springfox/springfox-swagger-common/2.1.1/f7d016db18c5ce92588d7e7abcf1340da9aac1f9/springfox-swagger-common-2.1.1.jar!/springfox/documentation/swagger/readers/parameter/SwaggerExpandedParameterBuilder.class]
00:06:57.019 qrouter [Test worker] DEBUG o.s.c.i.s.PathMatchingResourcePatternResolver -Resolved classpath location [springfox/documentation/swagger/web/] to resources [URL [jar:file:/C:/Users/Sangram/.gradle/caches/modules-2/files-2.1/io.springfox/springfox-swagger-common/2.1.1/f7d016db18c5ce92588d7e7abcf1340da9aac1f9/springfox-swagger-common-2.1.1.jar!/springfox/documentation/swagger/web/]]
00:06:57.020 qrouter [Test worker] DEBUG o.s.c.i.s.PathMatchingResourcePatternResolver -Looking for matching resources in jar file [file:/C:/Users/Sangram/.gradle/caches/modules-2/files-2.1/io.springfox/springfox-swagger-common/2.1.1/f7d016db18c5ce92588d7e7abcf1340da9aac1f9/springfox-swagger-common-2.1.1.jar]
00:06:57.032 qrouter [Test worker] DEBUG o.s.c.i.s.PathMatchingResourcePatternResolver -Resolved location pattern [classpath*:springfox/documentation/swagger/web/**/*.class] to resources [URL [jar:file:/C:/Users/Sangram/.gradle/caches/modules-2/files-2.1/io.springfox/springfox-swagger-common/2.1.1/f7d016db18c5ce92588d7e7abcf1340da9aac1f9/springfox-swagger-common-2.1.1.jar!/springfox/documentation/swagger/web/ApiResourceController.class], URL [jar:file:/C:/Users/Sangram/.gradle/caches/modules-2/files-2.1/io.springfox/springfox-swagger-common/2.1.1/f7d016db18c5ce92588d7e7abcf1340da9aac1f9/springfox-swagger-common-2.1.1.jar!/springfox/documentation/swagger/web/ClassOrApiAnnotationResourceGrouping$1.class], URL [jar:file:/C:/Users/Sangram/.gradle/caches/modules-2/files-2.1/io.springfox/springfox-swagger-common/2.1.1/f7d016db18c5ce92588d7e7abcf1340da9aac1f9/springfox-swagger-common-2.1.1.jar!/springfox/documentation/swagger/web/ClassOrApiAnnotationResourceGrouping$2.class], URL [jar:file:/C:/Users/Sangram/.gradle/caches/modules-2/files-2.1/io.springfox/springfox-swagger-common/2.1.1/f7d016db18c5ce92588d7e7abcf1340da9aac1f9/springfox-swagger-common-2.1.1.jar!/springfox/documentation/swagger/web/ClassOrApiAnnotationResourceGrouping$3.class], URL [jar:file:/C:/Users/Sangram/.gradle/caches/modules-2/files-2.1/io.springfox/springfox-swagger-common/2.1.1/f7d016db18c5ce92588d7e7abcf1340da9aac1f9/springfox-swagger-common-2.1.1.jar!/springfox/documentation/swagger/web/ClassOrApiAnnotationResourceGrouping.class], URL [jar:file:/C:/Users/Sangram/.gradle/caches/modules-2/files-2.1/io.springfox/springfox-swagger-common/2.1.1/f7d016db18c5ce92588d7e7abcf1340da9aac1f9/springfox-swagger-common-2.1.1.jar!/springfox/documentation/swagger/web/SecurityConfiguration.class], URL [jar:file:/C:/Users/Sangram/.gradle/caches/modules-2/files-2.1/io.springfox/springfox-swagger-common/2.1.1/f7d016db18c5ce92588d7e7abcf1340da9aac1f9/springfox-swagger-common-2.1.1.jar!/springfox/documentation/swagger/web/SwaggerResource.class], URL [jar:file:/C:/Users/Sangram/.gradle/caches/modules-2/files-2.1/io.springfox/springfox-swagger-common/2.1.1/f7d016db18c5ce92588d7e7abcf1340da9aac1f9/springfox-swagger-common-2.1.1.jar!/springfox/documentation/swagger/web/UiConfiguration.class]]
00:06:57.038 qrouter [Test worker] DEBUG o.s.c.a.ClassPathBeanDefinitionScanner -Identified candidate component class: URL [jar:file:/C:/Users/Sangram/.gradle/caches/modules-2/files-2.1/io.springfox/springfox-swagger-common/2.1.1/f7d016db18c5ce92588d7e7abcf1340da9aac1f9/springfox-swagger-common-2.1.1.jar!/springfox/documentation/swagger/web/ApiResourceController.class]
00:06:57.046 qrouter [Test worker] DEBUG o.s.c.a.ClassPathBeanDefinitionScanner -Identified candidate component class: URL [jar:file:/C:/Users/Sangram/.gradle/caches/modules-2/files-2.1/io.springfox/springfox-swagger-common/2.1.1/f7d016db18c5ce92588d7e7abcf1340da9aac1f9/springfox-swagger-common-2.1.1.jar!/springfox/documentation/swagger/web/ClassOrApiAnnotationResourceGrouping.class]
00:06:57.260 qrouter [Test worker] DEBUG o.s.c.e.PropertySourcesPropertyResolver -Could not find key 'spring.boot.enableautoconfiguration' in any property source
00:06:57.301 qrouter [Test worker] DEBUG o.s.b.f.s.DefaultListableBeanFactory -Returning cached instance of singleton bean 'org.springframework.boot.autoconfigure.internalCachingMetadataReaderFactory'
00:06:57.390 qrouter [Test worker] DEBUG o.s.b.f.s.DefaultListableBeanFactory -Returning cached instance of singleton bean 'autoConfigurationReport'
00:06:57.646 qrouter [Test worker] DEBUG o.s.b.f.s.DefaultListableBeanFactory -Returning cached instance of singleton bean 'autoConfigurationReport'
00:06:57.818 qrouter [Test worker] DEBUG o.s.c.e.PropertySourcesPropertyResolver -Could not find key 'spring.messages.basename' in any property source
00:06:57.820 qrouter [Test worker] DEBUG o.s.c.i.s.PathMatchingResourcePatternResolver -Resolved classpath location [messages.properties] to resources [URL [file:/F:/GIT_WORK/GIT_REPO/RetailPro/RetailPro/RetailManager/build/resources/main/messages.properties]]
00:06:57.821 qrouter [Test worker] DEBUG o.s.b.f.s.DefaultListableBeanFactory -Returning cached instance of singleton bean 'autoConfigurationReport'
00:06:57.857 qrouter [Test worker] DEBUG o.s.b.f.s.DefaultListableBeanFactory -Returning cached instance of singleton bean 'autoConfigurationReport'
00:06:57.891 qrouter [Test worker] DEBUG o.s.b.f.s.DefaultListableBeanFactory -Returning cached instance of singleton bean 'autoConfigurationReport'
00:06:57.915 qrouter [Test worker] DEBUG o.s.b.f.s.DefaultListableBeanFactory -Returning cached instance of singleton bean 'autoConfigurationReport'
00:06:57.926 qrouter [Test worker] DEBUG o.s.b.f.s.DefaultListableBeanFactory -Returning cached instance of singleton bean 'autoConfigurationReport'
00:06:57.930 qrouter [Test worker] DEBUG o.s.b.f.s.DefaultListableBeanFactory -Returning cached instance of singleton bean 'autoConfigurationReport'
00:06:57.931 qrouter [Test worker] DEBUG o.s.b.f.s.DefaultListableBeanFactory -Returning cached instance of singleton bean 'autoConfigurationReport'
00:06:57.943 qrouter [Test worker] DEBUG o.s.b.f.s.DefaultListableBeanFactory -Returning cached instance of singleton bean 'autoConfigurationReport'
00:06:57.944 qrouter [Test worker] DEBUG o.s.b.f.s.DefaultListableBeanFactory -Returning cached instance of singleton bean 'autoConfigurationReport'
00:06:57.959 qrouter [Test worker] DEBUG o.s.b.f.s.DefaultListableBeanFactory -Returning cached instance of singleton bean 'autoConfigurationReport'
00:06:57.962 qrouter [Test worker] DEBUG o.s.b.f.s.DefaultListableBeanFactory -Returning cached instance of singleton bean 'autoConfigurationReport'
00:06:57.983 qrouter [Test worker] DEBUG o.s.b.f.s.DefaultListableBeanFactory -Returning cached instance of singleton bean 'autoConfigurationReport'
00:06:58.007 qrouter [Test worker] DEBUG o.s.b.f.s.DefaultListableBeanFactory -Returning cached instance of singleton bean 'autoConfigurationReport'
00:06:58.033 qrouter [Test worker] DEBUG o.s.b.f.s.DefaultListableBeanFactory -Returning cached instance of singleton bean 'autoConfigurationReport'
00:06:58.038 qrouter [Test worker] DEBUG o.s.b.f.s.DefaultListableBeanFactory -Returning cached instance of singleton bean 'autoConfigurationReport'
00:06:58.040 qrouter [Test worker] DEBUG o.s.b.f.s.DefaultListableBeanFactory -Returning cached instance of singleton bean 'autoConfigurationReport'
00:06:58.066 qrouter [Test worker] DEBUG o.s.b.f.s.DefaultListableBeanFactory -Returning cached instance of singleton bean 'autoConfigurationReport'
00:06:58.066 qrouter [Test worker] DEBUG o.s.b.f.s.DefaultListableBeanFactory -Returning cached instance of singleton bean 'autoConfigurationReport'
00:06:58.091 qrouter [Test worker] DEBUG o.s.b.f.s.DefaultListableBeanFactory -Returning cached instance of singleton bean 'autoConfigurationReport'
00:06:58.406 qrouter [Test worker] DEBUG o.s.b.f.s.DefaultListableBeanFactory -Returning cached instance of singleton bean 'autoConfigurationReport'
00:06:58.422 qrouter [Test worker] DEBUG o.s.b.f.s.DefaultListableBeanFactory -Returning cached instance of singleton bean 'autoConfigurationReport'
00:06:58.428 qrouter [Test worker] DEBUG o.s.b.f.s.DefaultListableBeanFactory -Returning cached instance of singleton bean 'autoConfigurationReport'
00:06:58.443 qrouter [Test worker] DEBUG o.s.b.f.s.DefaultListableBeanFactory -Returning cached instance of singleton bean 'autoConfigurationReport'
00:06:58.452 qrouter [Test worker] DEBUG o.s.b.f.s.DefaultListableBeanFactory -Returning cached instance of singleton bean 'autoConfigurationReport'
00:06:58.467 qrouter [Test worker] DEBUG o.s.b.f.s.DefaultListableBeanFactory -Returning cached instance of singleton bean 'autoConfigurationReport'
00:06:58.469 qrouter [Test worker] DEBUG o.s.b.f.s.DefaultListableBeanFactory -Returning cached instance of singleton bean 'autoConfigurationReport'
00:06:58.485 qrouter [Test worker] DEBUG o.s.b.f.s.DefaultListableBeanFactory -Returning cached instance of singleton bean 'autoConfigurationReport'
00:06:58.486 qrouter [Test worker] DEBUG o.s.b.f.s.DefaultListableBeanFactory -Returning cached instance of singleton bean 'autoConfigurationReport'
00:06:58.515 qrouter [Test worker] DEBUG o.s.b.f.s.DefaultListableBeanFactory -Returning cached instance of singleton bean 'autoConfigurationReport'
00:06:58.569 qrouter [Test worker] DEBUG o.s.b.f.s.DefaultListableBeanFactory -Returning cached instance of singleton bean 'autoConfigurationReport'
00:06:58.604 qrouter [Test worker] DEBUG o.s.b.f.s.DefaultListableBeanFactory -Returning cached instance of singleton bean 'autoConfigurationReport'
00:06:58.605 qrouter [Test worker] DEBUG o.s.b.f.s.DefaultListableBeanFactory -Returning cached instance of singleton bean 'autoConfigurationReport'
00:06:58.667 qrouter [Test worker] DEBUG o.s.b.f.s.DefaultListableBeanFactory -Returning cached instance of singleton bean 'autoConfigurationReport'
00:06:58.702 qrouter [Test worker] DEBUG o.s.b.f.s.DefaultListableBeanFactory -Returning cached instance of singleton bean 'autoConfigurationReport'
00:06:58.747 qrouter [Test worker] DEBUG o.s.b.f.s.DefaultListableBeanFactory -Returning cached instance of singleton bean 'autoConfigurationReport'
00:06:58.748 qrouter [Test worker] DEBUG o.s.c.e.PropertySourcesPropertyResolver -Found key 'spring.jmx.enabled' in [Inlined Test Properties] with type [String]
00:06:58.749 qrouter [Test worker] DEBUG o.s.b.f.s.DefaultListableBeanFactory -Returning cached instance of singleton bean 'autoConfigurationReport'
00:06:58.751 qrouter [Test worker] DEBUG o.s.b.f.s.DefaultListableBeanFactory -Returning cached instance of singleton bean 'autoConfigurationReport'
00:06:58.752 qrouter [Test worker] DEBUG o.s.b.f.s.DefaultListableBeanFactory -Returning cached instance of singleton bean 'autoConfigurationReport'
00:06:58.753 qrouter [Test worker] DEBUG o.s.b.f.s.DefaultListableBeanFactory -Returning cached instance of singleton bean 'autoConfigurationReport'
00:06:58.765 qrouter [Test worker] DEBUG o.s.b.f.s.DefaultListableBeanFactory -Returning cached instance of singleton bean 'autoConfigurationReport'
00:06:58.768 qrouter [Test worker] DEBUG o.s.b.f.s.DefaultListableBeanFactory -Returning cached instance of singleton bean 'autoConfigurationReport'
00:06:58.786 qrouter [Test worker] DEBUG o.s.b.f.s.DefaultListableBeanFactory -Returning cached instance of singleton bean 'autoConfigurationReport'
00:06:58.789 qrouter [Test worker] DEBUG o.s.b.f.s.DefaultListableBeanFactory -Returning cached instance of singleton bean 'autoConfigurationReport'
00:06:58.790 qrouter [Test worker] DEBUG o.s.b.f.s.DefaultListableBeanFactory -Returning cached instance of singleton bean 'autoConfigurationReport'
00:06:58.791 qrouter [Test worker] DEBUG o.s.b.f.s.DefaultListableBeanFactory -Returning cached instance of singleton bean 'autoConfigurationReport'
00:06:58.853 qrouter [Test worker] DEBUG o.s.b.f.s.DefaultListableBeanFactory -Returning cached instance of singleton bean 'autoConfigurationReport'
00:06:58.867 qrouter [Test worker] DEBUG o.s.b.f.s.DefaultListableBeanFactory -Returning cached instance of singleton bean 'autoConfigurationReport'
00:06:58.869 qrouter [Test worker] DEBUG o.s.b.f.s.DefaultListableBeanFactory -Returning cached instance of singleton bean 'autoConfigurationReport'
00:06:58.870 qrouter [Test worker] DEBUG o.s.b.f.s.DefaultListableBeanFactory -Returning cached instance of singleton bean 'autoConfigurationReport'
00:06:58.872 qrouter [Test worker] DEBUG o.s.b.f.s.DefaultListableBeanFactory -Returning cached instance of singleton bean 'autoConfigurationReport'
00:06:58.877 qrouter [Test worker] DEBUG o.s.b.f.s.DefaultListableBeanFactory -Returning cached instance of singleton bean 'autoConfigurationReport'
00:06:58.903 qrouter [Test worker] DEBUG o.s.b.f.s.DefaultListableBeanFactory -Returning cached instance of singleton bean 'autoConfigurationReport'
00:06:58.983 qrouter [Test worker] DEBUG o.s.b.f.s.DefaultListableBeanFactory -Returning cached instance of singleton bean 'autoConfigurationReport'
00:06:58.986 qrouter [Test worker] DEBUG o.s.b.f.s.DefaultListableBeanFactory -Returning cached instance of singleton bean 'autoConfigurationReport'
00:06:59.044 qrouter [Test worker] DEBUG o.s.b.f.s.DefaultListableBeanFactory -Returning cached instance of singleton bean 'autoConfigurationReport'
00:06:59.071 qrouter [Test worker] DEBUG o.s.b.f.s.DefaultListableBeanFactory -Returning cached instance of singleton bean 'autoConfigurationReport'
00:06:59.073 qrouter [Test worker] DEBUG o.s.b.f.s.DefaultListableBeanFactory -Returning cached instance of singleton bean 'autoConfigurationReport'
00:06:59.095 qrouter [Test worker] DEBUG o.s.b.f.s.DefaultListableBeanFactory -Returning cached instance of singleton bean 'autoConfigurationReport'
00:06:59.097 qrouter [Test worker] DEBUG o.s.b.f.s.DefaultListableBeanFactory -Returning cached instance of singleton bean 'autoConfigurationReport'
00:06:59.100 qrouter [Test worker] DEBUG o.s.b.f.s.DefaultListableBeanFactory -Returning cached instance of singleton bean 'autoConfigurationReport'
00:06:59.103 qrouter [Test worker] DEBUG o.s.b.f.s.DefaultListableBeanFactory -Returning cached instance of singleton bean 'autoConfigurationReport'
00:06:59.107 qrouter [Test worker] DEBUG o.s.b.f.s.DefaultListableBeanFactory -Returning cached instance of singleton bean 'autoConfigurationReport'
00:06:59.112 qrouter [Test worker] DEBUG o.s.b.f.s.DefaultListableBeanFactory -Returning cached instance of singleton bean 'autoConfigurationReport'
00:06:59.115 qrouter [Test worker] DEBUG o.s.b.f.s.DefaultListableBeanFactory -Returning cached instance of singleton bean 'autoConfigurationReport'
00:06:59.117 qrouter [Test worker] DEBUG o.s.b.f.s.DefaultListableBeanFactory -Returning cached instance of singleton bean 'autoConfigurationReport'
00:06:59.128 qrouter [Test worker] DEBUG o.s.b.f.s.DefaultListableBeanFactory -Returning cached instance of singleton bean 'autoConfigurationReport'
00:06:59.163 qrouter [Test worker] DEBUG o.s.b.f.s.DefaultListableBeanFactory -Returning cached instance of singleton bean 'autoConfigurationReport'
00:06:59.165 qrouter [Test worker] DEBUG o.s.b.f.s.DefaultListableBeanFactory -Returning cached instance of singleton bean 'autoConfigurationReport'
00:06:59.166 qrouter [Test worker] DEBUG o.s.b.f.s.DefaultListableBeanFactory -Returning cached instance of singleton bean 'autoConfigurationReport'
00:06:59.167 qrouter [Test worker] DEBUG o.s.b.f.s.DefaultListableBeanFactory -Returning cached instance of singleton bean 'autoConfigurationReport'
00:06:59.175 qrouter [Test worker] DEBUG o.s.b.f.s.DefaultListableBeanFactory -Returning cached instance of singleton bean 'autoConfigurationReport'
00:06:59.189 qrouter [Test worker] DEBUG o.s.b.f.s.DefaultListableBeanFactory -Returning cached instance of singleton bean 'autoConfigurationReport'
00:06:59.313 qrouter [Test worker] DEBUG o.s.b.f.s.DefaultListableBeanFactory -Returning cached instance of singleton bean 'autoConfigurationReport'
00:06:59.335 qrouter [Test worker] DEBUG o.s.b.f.s.DefaultListableBeanFactory -Returning cached instance of singleton bean 'autoConfigurationReport'
00:06:59.345 qrouter [Test worker] DEBUG o.s.b.f.s.DefaultListableBeanFactory -Returning cached instance of singleton bean 'autoConfigurationReport'
00:06:59.349 qrouter [Test worker] DEBUG o.s.b.f.s.DefaultListableBeanFactory -Returning cached instance of singleton bean 'autoConfigurationReport'
00:06:59.351 qrouter [Test worker] DEBUG o.s.b.f.s.DefaultListableBeanFactory -Returning cached instance of singleton bean 'autoConfigurationReport'
00:06:59.354 qrouter [Test worker] DEBUG o.s.b.f.s.DefaultListableBeanFactory -Returning cached instance of singleton bean 'autoConfigurationReport'
00:06:59.356 qrouter [Test worker] DEBUG o.s.b.f.s.DefaultListableBeanFactory -Returning cached instance of singleton bean 'autoConfigurationReport'
00:06:59.367 qrouter [Test worker] DEBUG o.s.b.f.s.DefaultListableBeanFactory -Returning cached instance of singleton bean 'autoConfigurationReport'
00:06:59.378 qrouter [Test worker] DEBUG o.s.b.f.s.DefaultListableBeanFactory -Returning cached instance of singleton bean 'autoConfigurationReport'
00:06:59.380 qrouter [Test worker] DEBUG o.s.b.f.s.DefaultListableBeanFactory -Returning cached instance of singleton bean 'autoConfigurationReport'
00:06:59.388 qrouter [Test worker] DEBUG o.s.b.f.s.DefaultListableBeanFactory -Returning cached instance of singleton bean 'autoConfigurationReport'
00:06:59.407 qrouter [Test worker] DEBUG o.s.b.f.s.DefaultListableBeanFactory -Returning cached instance of singleton bean 'autoConfigurationReport'
00:06:59.420 qrouter [Test worker] DEBUG o.s.b.f.s.DefaultListableBeanFactory -Returning cached instance of singleton bean 'autoConfigurationReport'
00:06:59.435 qrouter [Test worker] DEBUG o.s.b.f.s.DefaultListableBeanFactory -Returning cached instance of singleton bean 'autoConfigurationReport'
00:06:59.436 qrouter [Test worker] DEBUG o.s.b.f.s.DefaultListableBeanFactory -Returning cached instance of singleton bean 'autoConfigurationReport'
00:06:59.439 qrouter [Test worker] DEBUG o.s.b.f.s.DefaultListableBeanFactory -Returning cached instance of singleton bean 'autoConfigurationReport'
00:06:59.490 qrouter [Test worker] DEBUG o.s.b.f.s.DefaultListableBeanFactory -Returning cached instance of singleton bean 'autoConfigurationReport'
00:06:59.495 qrouter [Test worker] DEBUG o.s.b.f.s.DefaultListableBeanFactory -Returning cached instance of singleton bean 'autoConfigurationReport'
00:06:59.497 qrouter [Test worker] DEBUG o.s.b.f.s.DefaultListableBeanFactory -Returning cached instance of singleton bean 'autoConfigurationReport'
00:06:59.540 qrouter [Test worker] DEBUG o.s.b.f.s.DefaultListableBeanFactory -Returning cached instance of singleton bean 'autoConfigurationReport'
00:06:59.546 qrouter [Test worker] DEBUG o.s.b.f.s.DefaultListableBeanFactory -Returning cached instance of singleton bean 'autoConfigurationReport'
00:06:59.552 qrouter [Test worker] DEBUG o.s.b.f.s.DefaultListableBeanFactory -Returning cached instance of singleton bean 'autoConfigurationReport'
00:06:59.594 qrouter [Test worker] DEBUG o.s.b.f.s.DefaultListableBeanFactory -Returning cached instance of singleton bean 'autoConfigurationReport'
00:06:59.595 qrouter [Test worker] DEBUG o.s.b.f.s.DefaultListableBeanFactory -Returning cached instance of singleton bean 'autoConfigurationReport'
00:06:59.596 qrouter [Test worker] DEBUG o.s.b.f.s.DefaultListableBeanFactory -Returning cached instance of singleton bean 'autoConfigurationReport'
00:06:59.608 qrouter [Test worker] DEBUG o.s.b.f.s.DefaultListableBeanFactory -Returning cached instance of singleton bean 'autoConfigurationReport'
00:06:59.628 qrouter [Test worker] DEBUG o.s.b.f.s.DefaultListableBeanFactory -Returning cached instance of singleton bean 'autoConfigurationReport'
00:06:59.628 qrouter [Test worker] DEBUG o.s.b.f.s.DefaultListableBeanFactory -Returning cached instance of singleton bean 'autoConfigurationReport'
00:06:59.691 qrouter [Test worker] DEBUG o.s.b.f.s.DefaultListableBeanFactory -Returning cached instance of singleton bean 'autoConfigurationReport'
00:06:59.692 qrouter [Test worker] DEBUG o.s.b.f.s.DefaultListableBeanFactory -Returning cached instance of singleton bean 'autoConfigurationReport'
00:06:59.693 qrouter [Test worker] DEBUG o.s.c.e.PropertySourcesPropertyResolver -Found key 'spring.h2.console.enabled' in [applicationConfigurationProperties] with type [String]
00:06:59.694 qrouter [Test worker] DEBUG o.s.b.f.s.DefaultListableBeanFactory -Returning cached instance of singleton bean 'autoConfigurationReport'
00:06:59.700 qrouter [Test worker] DEBUG o.s.b.f.s.DefaultListableBeanFactory -Returning cached instance of singleton bean 'autoConfigurationReport'
00:06:59.713 qrouter [Test worker] DEBUG o.s.b.f.s.DefaultListableBeanFactory -Returning cached instance of singleton bean 'autoConfigurationReport'
00:06:59.713 qrouter [Test worker] DEBUG o.s.b.f.s.DefaultListableBeanFactory -Returning cached instance of singleton bean 'autoConfigurationReport'
00:06:59.746 qrouter [Test worker] DEBUG o.s.b.f.s.DefaultListableBeanFactory -Returning cached instance of singleton bean 'autoConfigurationReport'
00:06:59.809 qrouter [Test worker] DEBUG o.s.b.f.s.DefaultListableBeanFactory -Returning cached instance of singleton bean 'autoConfigurationReport'
00:06:59.826 qrouter [Test worker] DEBUG o.s.b.f.s.DefaultListableBeanFactory -Returning cached instance of singleton bean 'autoConfigurationReport'
00:06:59.833 qrouter [Test worker] DEBUG o.s.b.f.s.DefaultListableBeanFactory -Returning cached instance of singleton bean 'autoConfigurationReport'
00:06:59.834 qrouter [Test worker] DEBUG o.s.b.f.s.DefaultListableBeanFactory -Returning cached instance of singleton bean 'autoConfigurationReport'
00:06:59.861 qrouter [Test worker] DEBUG o.s.b.f.s.DefaultListableBeanFactory -Returning cached instance of singleton bean 'autoConfigurationReport'
00:06:59.901 qrouter [Test worker] DEBUG o.s.b.f.s.DefaultListableBeanFactory -Returning cached instance of singleton bean 'autoConfigurationReport'
00:06:59.921 qrouter [Test worker] DEBUG o.s.b.f.s.DefaultListableBeanFactory -Returning cached instance of singleton bean 'autoConfigurationReport'
00:06:59.921 qrouter [Test worker] DEBUG o.s.b.f.s.DefaultListableBeanFactory -Returning cached instance of singleton bean 'autoConfigurationReport'
00:06:59.922 qrouter [Test worker] DEBUG o.s.b.f.s.DefaultListableBeanFactory -Returning cached instance of singleton bean 'autoConfigurationReport'
00:06:59.949 qrouter [Test worker] DEBUG o.s.b.f.s.DefaultListableBeanFactory -Returning cached instance of singleton bean 'autoConfigurationReport'
00:06:59.950 qrouter [Test worker] DEBUG o.s.b.f.s.DefaultListableBeanFactory -Returning cached instance of singleton bean 'autoConfigurationReport'
00:06:59.976 qrouter [Test worker] DEBUG o.s.b.f.s.DefaultListableBeanFactory -Returning cached instance of singleton bean 'autoConfigurationReport'
00:07:00.012 qrouter [Test worker] DEBUG o.s.b.f.s.DefaultListableBeanFactory -Returning cached instance of singleton bean 'autoConfigurationReport'
00:07:00.031 qrouter [Test worker] DEBUG o.s.c.a.ConfigurationClassBeanDefinitionReader -Registering bean definition for @Bean method shop.retail.service.ShopLocatorTestConfiguration.shopLocator()
00:07:00.032 qrouter [Test worker] DEBUG o.s.c.a.ConfigurationClassBeanDefinitionReader -Registering bean definition for @Bean method shop.retail.service.ShopLocatorTestConfiguration.retailShopDao()
00:07:00.034 qrouter [Test worker] DEBUG o.s.c.a.ConfigurationClassBeanDefinitionReader -Registering bean definition for @Bean method shop.retail.service.ShopLocatorTestConfiguration.propertiesResolver()
00:07:00.037 qrouter [Test worker] DEBUG o.s.c.a.ConfigurationClassBeanDefinitionReader -Registered bean definition for imported class 'springfox.documentation.schema.configuration.ModelsConfiguration'
00:07:00.038 qrouter [Test worker] DEBUG o.s.c.a.ConfigurationClassBeanDefinitionReader -Registering bean definition for @Bean method springfox.documentation.schema.configuration.ModelsConfiguration.typeResolver()
00:07:00.039 qrouter [Test worker] DEBUG o.s.c.a.ConfigurationClassBeanDefinitionReader -Registering bean definition for @Bean method springfox.documentation.schema.configuration.ModelsConfiguration.modelsCache()
00:07:00.039 qrouter [Test worker] DEBUG o.s.c.a.ConfigurationClassBeanDefinitionReader -Registering bean definition for @Bean method springfox.documentation.schema.configuration.ModelsConfiguration.modelDependenciesCache()
00:07:00.040 qrouter [Test worker] DEBUG o.s.c.a.ConfigurationClassBeanDefinitionReader -Registering bean definition for @Bean method springfox.documentation.schema.configuration.ModelsConfiguration.modelPropertiesCache()
00:07:00.062 qrouter [Test worker] DEBUG o.s.c.a.ConfigurationClassBeanDefinitionReader -Registered bean definition for imported class 'springfox.documentation.spring.web.SpringMvcDocumentationConfiguration'
00:07:00.073 qrouter [Test worker] DEBUG o.s.c.a.ConfigurationClassBeanDefinitionReader -Registering bean definition for @Bean method springfox.documentation.spring.web.SpringMvcDocumentationConfiguration.defaults()
00:07:00.074 qrouter [Test worker] DEBUG o.s.c.a.ConfigurationClassBeanDefinitionReader -Registering bean definition for @Bean method springfox.documentation.spring.web.SpringMvcDocumentationConfiguration.resourceGroupCache()
00:07:00.075 qrouter [Test worker] DEBUG o.s.c.a.ConfigurationClassBeanDefinitionReader -Registering bean definition for @Bean method springfox.documentation.spring.web.SpringMvcDocumentationConfiguration.objectMapperConfigurer()
00:07:00.075 qrouter [Test worker] DEBUG o.s.c.a.ConfigurationClassBeanDefinitionReader -Registering bean definition for @Bean method springfox.documentation.spring.web.SpringMvcDocumentationConfiguration.jsonSerializer()
00:07:00.076 qrouter [Test worker] DEBUG o.s.c.a.ConfigurationClassBeanDefinitionReader -Registering bean definition for @Bean method springfox.documentation.spring.web.SpringMvcDocumentationConfiguration.operationsKeyGenerator()
00:07:00.077 qrouter [Test worker] DEBUG o.s.c.a.ConfigurationClassBeanDefinitionReader -Registering bean definition for @Bean method springfox.documentation.spring.web.SpringMvcDocumentationConfiguration.operationsCache()
00:07:00.084 qrouter [Test worker] DEBUG o.s.c.a.ConfigurationClassBeanDefinitionReader -Registered bean definition for imported class 'springfox.documentation.swagger.configuration.SwaggerCommonConfiguration'
00:07:00.085 qrouter [Test worker] DEBUG o.s.c.a.ConfigurationClassBeanDefinitionReader -Registering bean definition for @Bean method springfox.documentation.swagger.configuration.SwaggerCommonConfiguration.swaggerProperties()
00:07:00.090 qrouter [Test worker] DEBUG o.s.c.a.ConfigurationClassBeanDefinitionReader -Registered bean definition for imported class 'springfox.documentation.swagger2.configuration.Swagger2DocumentationConfiguration'
00:07:00.091 qrouter [Test worker] DEBUG o.s.c.a.ConfigurationClassBeanDefinitionReader -Registering bean definition for @Bean method springfox.documentation.swagger2.configuration.Swagger2DocumentationConfiguration.swagger2Module()
00:07:00.092 qrouter [Test worker] DEBUG o.s.c.a.ConfigurationClassBeanDefinitionReader -Registering bean definition for @Bean method shop.retail.swagger.SwaggerTest.postsApi()
00:07:00.103 qrouter [Test worker] DEBUG o.s.c.e.PropertySourcesPropertyResolver -Could not find key 'spring.messages.basename' in any property source
00:07:00.104 qrouter [Test worker] DEBUG o.s.b.f.s.DefaultListableBeanFactory -Returning cached instance of singleton bean 'autoConfigurationReport'
00:07:00.117 qrouter [Test worker] DEBUG o.s.b.f.s.DefaultListableBeanFactory -Creating shared instance of singleton bean 'org.springframework.boot.autoconfigure.condition.BeanTypeRegistry'
00:07:00.117 qrouter [Test worker] DEBUG o.s.b.f.s.DefaultListableBeanFactory -Creating instance of bean 'org.springframework.boot.autoconfigure.condition.BeanTypeRegistry'
00:07:00.166 qrouter [Test worker] DEBUG o.s.b.f.s.DefaultListableBeanFactory -Eagerly caching bean 'org.springframework.boot.autoconfigure.condition.BeanTypeRegistry' to allow for resolving potential circular references
00:07:00.167 qrouter [Test worker] DEBUG o.s.b.f.s.DefaultListableBeanFactory -Finished creating instance of bean 'org.springframework.boot.autoconfigure.condition.BeanTypeRegistry'
00:07:00.223 qrouter [Test worker] DEBUG o.s.b.f.s.DefaultListableBeanFactory -Returning cached instance of singleton bean 'autoConfigurationReport'
00:07:00.225 qrouter [Test worker] DEBUG o.s.c.a.ConfigurationClassBeanDefinitionReader -Registered bean definition for imported class 'org.springframework.boot.autoconfigure.context.MessageSourceAutoConfiguration'
00:07:00.226 qrouter [Test worker] DEBUG o.s.c.a.ConfigurationClassBeanDefinitionReader -Registering bean definition for @Bean method org.springframework.boot.autoconfigure.context.MessageSourceAutoConfiguration.messageSource()
00:07:00.230 qrouter [Test worker] DEBUG o.s.c.a.ConfigurationClassBeanDefinitionReader -Registered bean definition for imported class 'org.springframework.boot.autoconfigure.context.PropertyPlaceholderAutoConfiguration'
00:07:00.231 qrouter [Test worker] DEBUG o.s.b.f.s.DefaultListableBeanFactory -Returning cached instance of singleton bean 'org.springframework.boot.autoconfigure.condition.BeanTypeRegistry'
00:07:00.238 qrouter [Test worker] DEBUG o.s.b.f.s.DefaultListableBeanFactory -Returning cached instance of singleton bean 'autoConfigurationReport'
00:07:00.239 qrouter [Test worker] DEBUG o.s.b.f.s.DefaultListableBeanFactory -Returning cached instance of singleton bean 'autoConfigurationReport'
00:07:00.240 qrouter [Test worker] DEBUG o.s.b.f.s.DefaultListableBeanFactory -Returning cached instance of singleton bean 'autoConfigurationReport'
00:07:00.240 qrouter [Test worker] DEBUG o.s.c.a.ConfigurationClassBeanDefinitionReader -Registered bean definition for imported class 'org.springframework.boot.autoconfigure.jackson.JacksonAutoConfiguration$Jackson2ObjectMapperBuilderCustomizerConfiguration'
00:07:00.241 qrouter [Test worker] DEBUG o.s.c.a.ConfigurationClassBeanDefinitionReader -Registering bean definition for @Bean method org.springframework.boot.autoconfigure.jackson.JacksonAutoConfiguration$Jackson2ObjectMapperBuilderCustomizerConfiguration.standardJacksonObjectMapperBuilderCustomizer()
00:07:00.252 qrouter [Test worker] DEBUG o.s.b.f.s.DefaultListableBeanFactory -Returning cached instance of singleton bean 'autoConfigurationReport'
00:07:00.253 qrouter [Test worker] DEBUG o.s.c.a.ConfigurationClassBeanDefinitionReader -Registered bean definition for imported class 'org.springframework.boot.autoconfigure.jackson.JacksonAutoConfiguration$JacksonObjectMapperBuilderConfiguration'
00:07:00.253 qrouter [Test worker] DEBUG o.s.b.f.s.DefaultListableBeanFactory -Returning cached instance of singleton bean 'org.springframework.boot.autoconfigure.condition.BeanTypeRegistry'
00:07:00.267 qrouter [Test worker] DEBUG o.s.b.f.s.DefaultListableBeanFactory -Returning cached instance of singleton bean 'autoConfigurationReport'
00:07:00.269 qrouter [Test worker] DEBUG o.s.c.a.ConfigurationClassBeanDefinitionReader -Registering bean definition for @Bean method org.springframework.boot.autoconfigure.jackson.JacksonAutoConfiguration$JacksonObjectMapperBuilderConfiguration.jacksonObjectMapperBuilder()
00:07:00.270 qrouter [Test worker] DEBUG o.s.b.f.s.DefaultListableBeanFactory -Returning cached instance of singleton bean 'autoConfigurationReport'
00:07:00.270 qrouter [Test worker] DEBUG o.s.c.a.ConfigurationClassBeanDefinitionReader -Registered bean definition for imported class 'org.springframework.boot.autoconfigure.jackson.JacksonAutoConfiguration$JacksonObjectMapperConfiguration'
00:07:00.271 qrouter [Test worker] DEBUG o.s.b.f.s.DefaultListableBeanFactory -Returning cached instance of singleton bean 'org.springframework.boot.autoconfigure.condition.BeanTypeRegistry'
00:07:00.275 qrouter [Test worker] DEBUG o.s.b.f.s.DefaultListableBeanFactory -Returning cached instance of singleton bean 'autoConfigurationReport'
00:07:00.276 qrouter [Test worker] DEBUG o.s.c.a.ConfigurationClassBeanDefinitionReader -Registering bean definition for @Bean method org.springframework.boot.autoconfigure.jackson.JacksonAutoConfiguration$JacksonObjectMapperConfiguration.jacksonObjectMapper()
00:07:00.277 qrouter [Test worker] DEBUG o.s.c.a.ConfigurationClassBeanDefinitionReader -Registered bean definition for imported class 'org.springframework.boot.autoconfigure.jackson.JacksonAutoConfiguration'
00:07:00.278 qrouter [Test worker] DEBUG o.s.c.a.ConfigurationClassBeanDefinitionReader -Registering bean definition for @Bean method org.springframework.boot.autoconfigure.jackson.JacksonAutoConfiguration.jsonComponentModule()
00:07:00.279 qrouter [Test worker] DEBUG o.s.b.f.s.DefaultListableBeanFactory -Returning cached instance of singleton bean 'autoConfigurationReport'
00:07:00.280 qrouter [Test worker] DEBUG o.s.b.f.s.DefaultListableBeanFactory -Returning cached instance of singleton bean 'autoConfigurationReport'
00:07:00.281 qrouter [Test worker] DEBUG o.s.b.f.s.DefaultListableBeanFactory -Returning cached instance of singleton bean 'autoConfigurationReport'
00:07:00.281 qrouter [Test worker] DEBUG o.s.c.a.ConfigurationClassBeanDefinitionReader -Registered bean definition for imported class 'org.springframework.boot.autoconfigure.websocket.WebSocketAutoConfiguration$TomcatWebSocketConfiguration'
00:07:00.285 qrouter [Test worker] DEBUG o.s.b.f.s.DefaultListableBeanFactory -Returning cached instance of singleton bean 'autoConfigurationReport'
00:07:00.286 qrouter [Test worker] DEBUG o.s.b.f.s.DefaultListableBeanFactory -Returning cached instance of singleton bean 'autoConfigurationReport'
00:07:00.287 qrouter [Test worker] DEBUG o.s.c.a.ConfigurationClassBeanDefinitionReader -Registering bean definition for @Bean method org.springframework.boot.autoconfigure.websocket.WebSocketAutoConfiguration$TomcatWebSocketConfiguration.websocketContainerCustomizer()
00:07:00.290 qrouter [Test worker] DEBUG o.s.c.a.ConfigurationClassBeanDefinitionReader -Registered bean definition for imported class 'org.springframework.boot.autoconfigure.websocket.WebSocketAutoConfiguration'
00:07:00.291 qrouter [Test worker] DEBUG o.s.b.f.s.DefaultListableBeanFactory -Returning cached instance of singleton bean 'autoConfigurationReport'
00:07:00.292 qrouter [Test worker] DEBUG o.s.b.f.s.DefaultListableBeanFactory -Returning cached instance of singleton bean 'autoConfigurationReport'
00:07:00.295 qrouter [Test worker] DEBUG o.s.b.f.s.DefaultListableBeanFactory -Returning cached instance of singleton bean 'org.springframework.boot.autoconfigure.condition.BeanTypeRegistry'
00:07:00.316 qrouter [Test worker] DEBUG o.s.b.f.s.DefaultListableBeanFactory -Returning cached instance of singleton bean 'autoConfigurationReport'
00:07:00.317 qrouter [Test worker] DEBUG o.s.c.a.ConfigurationClassBeanDefinitionReader -Registered bean definition for imported class 'org.springframework.boot.autoconfigure.web.EmbeddedServletContainerAutoConfiguration$EmbeddedTomcat'
00:07:00.318 qrouter [Test worker] DEBUG o.s.c.a.ConfigurationClassBeanDefinitionReader -Registering bean definition for @Bean method org.springframework.boot.autoconfigure.web.EmbeddedServletContainerAutoConfiguration$EmbeddedTomcat.tomcatEmbeddedServletContainerFactory()
00:07:00.318 qrouter [Test worker] DEBUG o.s.c.a.ConfigurationClassBeanDefinitionReader -Registered bean definition for imported class 'org.springframework.boot.autoconfigure.web.EmbeddedServletContainerAutoConfiguration'
00:07:00.372 qrouter [Test worker] DEBUG o.s.b.f.s.DefaultListableBeanFactory -Returning cached instance of singleton bean 'autoConfigurationReport'
00:07:00.372 qrouter [Test worker] DEBUG o.s.b.f.s.DefaultListableBeanFactory -Returning cached instance of singleton bean 'autoConfigurationReport'
00:07:00.373 qrouter [Test worker] DEBUG o.s.b.f.s.DefaultListableBeanFactory -Returning cached instance of singleton bean 'autoConfigurationReport'
00:07:00.382 qrouter [Test worker] DEBUG o.s.b.f.s.DefaultListableBeanFactory -Returning cached instance of singleton bean 'autoConfigurationReport'
00:07:00.383 qrouter [Test worker] DEBUG o.s.b.f.s.DefaultListableBeanFactory -Returning cached instance of singleton bean 'autoConfigurationReport'
00:07:00.389 qrouter [Test worker] DEBUG o.s.b.f.s.DefaultListableBeanFactory -Returning cached instance of singleton bean 'autoConfigurationReport'
00:07:00.390 qrouter [Test worker] DEBUG o.s.c.a.ConfigurationClassBeanDefinitionReader -Registered bean definition for imported class 'org.springframework.boot.autoconfigure.web.DispatcherServletAutoConfiguration$DispatcherServletConfiguration'
00:07:00.391 qrouter [Test worker] DEBUG o.s.c.a.ConfigurationClassBeanDefinitionReader -Registering bean definition for @Bean method org.springframework.boot.autoconfigure.web.DispatcherServletAutoConfiguration$DispatcherServletConfiguration.dispatcherServlet()
00:07:00.392 qrouter [Test worker] DEBUG o.s.b.f.s.DefaultListableBeanFactory -Returning cached instance of singleton bean 'org.springframework.boot.autoconfigure.condition.BeanTypeRegistry'
00:07:00.396 qrouter [Test worker] DEBUG o.s.b.f.s.DefaultListableBeanFactory -Returning cached instance of singleton bean 'autoConfigurationReport'
00:07:00.398 qrouter [Test worker] DEBUG o.s.c.a.ConfigurationClassBeanDefinitionReader -Registered bean definition for imported class 'org.springframework.boot.autoconfigure.web.DispatcherServletAutoConfiguration$DispatcherServletRegistrationConfiguration'
00:07:00.399 qrouter [Test worker] DEBUG o.s.b.f.s.DefaultListableBeanFactory -Returning cached instance of singleton bean 'org.springframework.boot.autoconfigure.condition.BeanTypeRegistry'
00:07:00.404 qrouter [Test worker] DEBUG o.s.b.f.s.DefaultListableBeanFactory -Returning cached instance of singleton bean 'autoConfigurationReport'
00:07:00.405 qrouter [Test worker] DEBUG o.s.c.a.ConfigurationClassBeanDefinitionReader -Registering bean definition for @Bean method org.springframework.boot.autoconfigure.web.DispatcherServletAutoConfiguration$DispatcherServletRegistrationConfiguration.dispatcherServletRegistration()
00:07:00.406 qrouter [Test worker] DEBUG o.s.c.a.ConfigurationClassBeanDefinitionReader -Registered bean definition for imported class 'org.springframework.boot.autoconfigure.web.DispatcherServletAutoConfiguration'
00:07:00.407 qrouter [Test worker] DEBUG o.s.b.f.s.DefaultListableBeanFactory -Returning cached instance of singleton bean 'autoConfigurationReport'
00:07:00.408 qrouter [Test worker] DEBUG o.s.b.f.s.DefaultListableBeanFactory -Returning cached instance of singleton bean 'autoConfigurationReport'
00:07:00.409 qrouter [Test worker] DEBUG o.s.c.a.ConfigurationClassBeanDefinitionReader -Registered bean definition for imported class 'org.springframework.boot.autoconfigure.validation.ValidationAutoConfiguration'
00:07:00.411 qrouter [Test worker] DEBUG o.s.b.f.s.DefaultListableBeanFactory -Returning cached instance of singleton bean 'org.springframework.boot.autoconfigure.condition.BeanTypeRegistry'
00:07:00.417 qrouter [Test worker] DEBUG o.s.b.f.s.DefaultListableBeanFactory -Returning cached instance of singleton bean 'autoConfigurationReport'
00:07:00.419 qrouter [Test worker] DEBUG o.s.c.a.ConfigurationClassBeanDefinitionReader -Registering bean definition for @Bean method org.springframework.boot.autoconfigure.validation.ValidationAutoConfiguration.defaultValidator()
00:07:00.422 qrouter [Test worker] DEBUG o.s.b.f.s.DefaultListableBeanFactory -Returning cached instance of singleton bean 'org.springframework.boot.autoconfigure.condition.BeanTypeRegistry'
00:07:00.438 qrouter [Test worker] DEBUG o.s.b.f.s.DefaultListableBeanFactory -Returning cached instance of singleton bean 'autoConfigurationReport'
00:07:00.439 qrouter [Test worker] DEBUG o.s.c.a.ConfigurationClassBeanDefinitionReader -Registering bean definition for @Bean method org.springframework.boot.autoconfigure.validation.ValidationAutoConfiguration.methodValidationPostProcessor()
00:07:00.444 qrouter [Test worker] DEBUG o.s.b.f.s.DefaultListableBeanFactory -Returning cached instance of singleton bean 'autoConfigurationReport'
00:07:00.445 qrouter [Test worker] DEBUG o.s.b.f.s.DefaultListableBeanFactory -Returning cached instance of singleton bean 'autoConfigurationReport'
00:07:00.447 qrouter [Test worker] DEBUG o.s.b.f.s.DefaultListableBeanFactory -Returning cached instance of singleton bean 'autoConfigurationReport'
00:07:00.468 qrouter [Test worker] DEBUG o.s.b.f.s.DefaultListableBeanFactory -Returning cached instance of singleton bean 'autoConfigurationReport'
00:07:00.469 qrouter [Test worker] DEBUG o.s.c.a.ConfigurationClassBeanDefinitionReader -Registered bean definition for imported class 'org.springframework.boot.autoconfigure.web.ErrorMvcAutoConfiguration$WhitelabelErrorViewConfiguration'
00:07:00.470 qrouter [Test worker] DEBUG o.s.b.f.s.DefaultListableBeanFactory -Returning cached instance of singleton bean 'autoConfigurationReport'
00:07:00.471 qrouter [Test worker] DEBUG o.s.c.a.ConfigurationClassBeanDefinitionReader -Registering bean definition for @Bean method org.springframework.boot.autoconfigure.web.ErrorMvcAutoConfiguration$WhitelabelErrorViewConfiguration.error()
00:07:00.479 qrouter [Test worker] DEBUG o.s.b.f.s.DefaultListableBeanFactory -Returning cached instance of singleton bean 'org.springframework.boot.autoconfigure.condition.BeanTypeRegistry'
00:07:00.484 qrouter [Test worker] DEBUG o.s.b.f.s.DefaultListableBeanFactory -Returning cached instance of singleton bean 'autoConfigurationReport'
00:07:00.485 qrouter [Test worker] DEBUG o.s.c.a.ConfigurationClassBeanDefinitionReader -Registering bean definition for @Bean method org.springframework.boot.autoconfigure.web.ErrorMvcAutoConfiguration$WhitelabelErrorViewConfiguration.beanNameViewResolver()
00:07:00.485 qrouter [Test worker] DEBUG o.s.c.a.ConfigurationClassBeanDefinitionReader -Registered bean definition for imported class 'org.springframework.boot.autoconfigure.web.ErrorMvcAutoConfiguration$DefaultErrorViewResolverConfiguration'
00:07:00.486 qrouter [Test worker] DEBUG o.s.b.f.s.DefaultListableBeanFactory -Returning cached instance of singleton bean 'org.springframework.boot.autoconfigure.condition.BeanTypeRegistry'
00:07:00.495 qrouter [Test worker] DEBUG o.s.b.f.s.DefaultListableBeanFactory -Returning cached instance of singleton bean 'org.springframework.boot.autoconfigure.condition.BeanTypeRegistry'
00:07:00.495 qrouter [Test worker] DEBUG o.s.b.f.s.DefaultListableBeanFactory -Returning cached instance of singleton bean 'autoConfigurationReport'
00:07:00.496 qrouter [Test worker] DEBUG o.s.b.f.s.DefaultListableBeanFactory -Returning cached instance of singleton bean 'org.springframework.boot.autoconfigure.condition.BeanTypeRegistry'
00:07:00.497 qrouter [Test worker] DEBUG o.s.b.f.s.DefaultListableBeanFactory -Returning cached instance of singleton bean 'org.springframework.boot.autoconfigure.condition.BeanTypeRegistry'
00:07:00.497 qrouter [Test worker] DEBUG o.s.b.f.s.DefaultListableBeanFactory -Returning cached instance of singleton bean 'autoConfigurationReport'
00:07:00.498 qrouter [Test worker] DEBUG o.s.c.a.ConfigurationClassBeanDefinitionReader -Registering bean definition for @Bean method org.springframework.boot.autoconfigure.web.ErrorMvcAutoConfiguration$DefaultErrorViewResolverConfiguration.conventionErrorViewResolver()
00:07:00.509 qrouter [Test worker] DEBUG o.s.c.a.ConfigurationClassBeanDefinitionReader -Registered bean definition for imported class 'org.springframework.boot.autoconfigure.web.ErrorMvcAutoConfiguration'
00:07:00.511 qrouter [Test worker] DEBUG o.s.b.f.s.DefaultListableBeanFactory -Returning cached instance of singleton bean 'org.springframework.boot.autoconfigure.condition.BeanTypeRegistry'
00:07:00.514 qrouter [Test worker] DEBUG o.s.b.f.s.DefaultListableBeanFactory -Returning cached instance of singleton bean 'autoConfigurationReport'
00:07:00.515 qrouter [Test worker] DEBUG o.s.c.a.ConfigurationClassBeanDefinitionReader -Registering bean definition for @Bean method org.springframework.boot.autoconfigure.web.ErrorMvcAutoConfiguration.errorAttributes()
00:07:00.517 qrouter [Test worker] DEBUG o.s.b.f.s.DefaultListableBeanFactory -Returning cached instance of singleton bean 'org.springframework.boot.autoconfigure.condition.BeanTypeRegistry'
00:07:00.537 qrouter [Test worker] DEBUG o.s.b.f.s.DefaultListableBeanFactory -Returning cached instance of singleton bean 'autoConfigurationReport'
00:07:00.538 qrouter [Test worker] DEBUG o.s.c.a.ConfigurationClassBeanDefinitionReader -Registering bean definition for @Bean method org.springframework.boot.autoconfigure.web.ErrorMvcAutoConfiguration.basicErrorController()
00:07:00.539 qrouter [Test worker] DEBUG o.s.c.a.ConfigurationClassBeanDefinitionReader -Registering bean definition for @Bean method org.springframework.boot.autoconfigure.web.ErrorMvcAutoConfiguration.errorPageCustomizer()
00:07:00.540 qrouter [Test worker] DEBUG o.s.c.a.ConfigurationClassBeanDefinitionReader -Registering bean definition for @Bean method org.springframework.boot.autoconfigure.web.ErrorMvcAutoConfiguration.preserveErrorControllerTargetClassPostProcessor()
00:07:00.542 qrouter [Test worker] DEBUG o.s.b.f.s.DefaultListableBeanFactory -Returning cached instance of singleton bean 'autoConfigurationReport'
00:07:00.542 qrouter [Test worker] DEBUG o.s.b.f.s.DefaultListableBeanFactory -Returning cached instance of singleton bean 'autoConfigurationReport'
00:07:00.551 qrouter [Test worker] DEBUG o.s.b.f.s.DefaultListableBeanFactory -Returning cached instance of singleton bean 'org.springframework.boot.autoconfigure.condition.BeanTypeRegistry'
00:07:00.552 qrouter [Test worker] DEBUG o.s.b.f.s.DefaultListableBeanFactory -Returning cached instance of singleton bean 'autoConfigurationReport'
00:07:00.553 qrouter [Test worker] DEBUG o.s.c.a.ConfigurationClassBeanDefinitionReader -Registered bean definition for imported class 'org.springframework.boot.autoconfigure.web.WebMvcAutoConfiguration$EnableWebMvcConfiguration'
00:07:00.554 qrouter [Test worker] DEBUG o.s.c.a.ConfigurationClassBeanDefinitionReader -Registering bean definition for @Bean method org.springframework.boot.autoconfigure.web.WebMvcAutoConfiguration$EnableWebMvcConfiguration.requestMappingHandlerAdapter()
00:07:00.555 qrouter [Test worker] DEBUG o.s.c.a.ConfigurationClassBeanDefinitionReader -Registering bean definition for @Bean method org.springframework.boot.autoconfigure.web.WebMvcAutoConfiguration$EnableWebMvcConfiguration.requestMappingHandlerMapping()
00:07:00.555 qrouter [Test worker] DEBUG o.s.c.a.ConfigurationClassBeanDefinitionReader -Registering bean definition for @Bean method org.springframework.boot.autoconfigure.web.WebMvcAutoConfiguration$EnableWebMvcConfiguration.mvcValidator()
00:07:00.556 qrouter [Test worker] DEBUG o.s.c.a.ConfigurationClassBeanDefinitionReader -Registering bean definition for @Bean method org.springframework.boot.autoconfigure.web.WebMvcAutoConfiguration$EnableWebMvcConfiguration.mvcContentNegotiationManager()
00:07:00.557 qrouter [Test worker] DEBUG o.s.c.a.ConfigurationClassBeanDefinitionReader -Registering bean definition for @Bean method org.springframework.boot.autoconfigure.web.WebMvcAutoConfiguration$EnableWebMvcConfiguration.mvcPathMatcher()
00:07:00.558 qrouter [Test worker] DEBUG o.s.c.a.ConfigurationClassBeanDefinitionReader -Registering bean definition for @Bean method org.springframework.boot.autoconfigure.web.WebMvcAutoConfiguration$EnableWebMvcConfiguration.mvcUrlPathHelper()
00:07:00.559 qrouter [Test worker] DEBUG o.s.c.a.ConfigurationClassBeanDefinitionReader -Registering bean definition for @Bean method org.springframework.boot.autoconfigure.web.WebMvcAutoConfiguration$EnableWebMvcConfiguration.viewControllerHandlerMapping()
00:07:00.559 qrouter [Test worker] DEBUG o.s.c.a.ConfigurationClassBeanDefinitionReader -Registering bean definition for @Bean method org.springframework.boot.autoconfigure.web.WebMvcAutoConfiguration$EnableWebMvcConfiguration.beanNameHandlerMapping()
00:07:00.560 qrouter [Test worker] DEBUG o.s.c.a.ConfigurationClassBeanDefinitionReader -Registering bean definition for @Bean method org.springframework.boot.autoconfigure.web.WebMvcAutoConfiguration$EnableWebMvcConfiguration.resourceHandlerMapping()
00:07:00.561 qrouter [Test worker] DEBUG o.s.c.a.ConfigurationClassBeanDefinitionReader -Registering bean definition for @Bean method org.springframework.boot.autoconfigure.web.WebMvcAutoConfiguration$EnableWebMvcConfiguration.mvcResourceUrlProvider()
00:07:00.561 qrouter [Test worker] DEBUG o.s.c.a.ConfigurationClassBeanDefinitionReader -Registering bean definition for @Bean method org.springframework.boot.autoconfigure.web.WebMvcAutoConfiguration$EnableWebMvcConfiguration.defaultServletHandlerMapping()
00:07:00.562 qrouter [Test worker] DEBUG o.s.c.a.ConfigurationClassBeanDefinitionReader -Registering bean definition for @Bean method org.springframework.boot.autoconfigure.web.WebMvcAutoConfiguration$EnableWebMvcConfiguration.mvcConversionService()
00:07:00.563 qrouter [Test worker] DEBUG o.s.c.a.ConfigurationClassBeanDefinitionReader -Registering bean definition for @Bean method org.springframework.boot.autoconfigure.web.WebMvcAutoConfiguration$EnableWebMvcConfiguration.mvcUriComponentsContributor()
00:07:00.564 qrouter [Test worker] DEBUG o.s.c.a.ConfigurationClassBeanDefinitionReader -Registering bean definition for @Bean method org.springframework.boot.autoconfigure.web.WebMvcAutoConfiguration$EnableWebMvcConfiguration.httpRequestHandlerAdapter()
00:07:00.564 qrouter [Test worker] DEBUG o.s.c.a.ConfigurationClassBeanDefinitionReader -Registering bean definition for @Bean method org.springframework.boot.autoconfigure.web.WebMvcAutoConfiguration$EnableWebMvcConfiguration.simpleControllerHandlerAdapter()
00:07:00.566 qrouter [Test worker] DEBUG o.s.c.a.ConfigurationClassBeanDefinitionReader -Registering bean definition for @Bean method org.springframework.boot.autoconfigure.web.WebMvcAutoConfiguration$EnableWebMvcConfiguration.handlerExceptionResolver()
00:07:00.567 qrouter [Test worker] DEBUG o.s.c.a.ConfigurationClassBeanDefinitionReader -Registering bean definition for @Bean method org.springframework.boot.autoconfigure.web.WebMvcAutoConfiguration$EnableWebMvcConfiguration.mvcViewResolver()
00:07:00.568 qrouter [Test worker] DEBUG o.s.b.f.s.DefaultListableBeanFactory -Returning cached instance of singleton bean 'autoConfigurationReport'
00:07:00.569 qrouter [Test worker] DEBUG o.s.c.a.ConfigurationClassBeanDefinitionReader -Registered bean definition for imported class 'org.springframework.boot.autoconfigure.web.WebMvcAutoConfiguration$WebMvcAutoConfigurationAdapter$FaviconConfiguration'
00:07:00.570 qrouter [Test worker] DEBUG o.s.c.a.ConfigurationClassBeanDefinitionReader -Registering bean definition for @Bean method org.springframework.boot.autoconfigure.web.WebMvcAutoConfiguration$WebMvcAutoConfigurationAdapter$FaviconConfiguration.faviconHandlerMapping()
00:07:00.571 qrouter [Test worker] DEBUG o.s.c.a.ConfigurationClassBeanDefinitionReader -Registering bean definition for @Bean method org.springframework.boot.autoconfigure.web.WebMvcAutoConfiguration$WebMvcAutoConfigurationAdapter$FaviconConfiguration.faviconRequestHandler()
00:07:00.579 qrouter [Test worker] DEBUG o.s.c.a.ConfigurationClassBeanDefinitionReader -Registered bean definition for imported class 'org.springframework.boot.autoconfigure.web.WebMvcAutoConfiguration$WebMvcAutoConfigurationAdapter'
00:07:00.591 qrouter [Test worker] DEBUG o.s.b.f.s.DefaultListableBeanFactory -Returning cached instance of singleton bean 'org.springframework.boot.autoconfigure.condition.BeanTypeRegistry'
00:07:00.763 qrouter [Test worker] DEBUG o.s.b.f.s.DefaultListableBeanFactory -Returning cached instance of singleton bean 'autoConfigurationReport'
00:07:00.765 qrouter [Test worker] DEBUG o.s.c.a.ConfigurationClassBeanDefinitionReader -Registering bean definition for @Bean method org.springframework.boot.autoconfigure.web.WebMvcAutoConfiguration$WebMvcAutoConfigurationAdapter.defaultViewResolver()
00:07:00.766 qrouter [Test worker] DEBUG o.s.b.f.s.DefaultListableBeanFactory -Returning cached instance of singleton bean 'org.springframework.boot.autoconfigure.condition.BeanTypeRegistry'
00:07:00.786 qrouter [Test worker] DEBUG o.s.b.f.s.DefaultListableBeanFactory -Returning cached instance of singleton bean 'org.springframework.boot.autoconfigure.condition.BeanTypeRegistry'
00:07:00.787 qrouter [Test worker] DEBUG o.s.b.f.s.DefaultListableBeanFactory -Returning cached instance of singleton bean 'autoConfigurationReport'
00:07:00.788 qrouter [Test worker] DEBUG o.s.b.f.s.DefaultListableBeanFactory -Returning cached instance of singleton bean 'org.springframework.boot.autoconfigure.condition.BeanTypeRegistry'
00:07:00.789 qrouter [Test worker] DEBUG o.s.b.f.s.DefaultListableBeanFactory -Returning cached instance of singleton bean 'org.springframework.boot.autoconfigure.condition.BeanTypeRegistry'
00:07:00.790 qrouter [Test worker] DEBUG o.s.b.f.s.DefaultListableBeanFactory -Returning cached instance of singleton bean 'autoConfigurationReport'
00:07:00.790 qrouter [Test worker] DEBUG o.s.b.f.s.DefaultListableBeanFactory -Returning cached instance of singleton bean 'org.springframework.boot.autoconfigure.condition.BeanTypeRegistry'
00:07:00.791 qrouter [Test worker] DEBUG o.s.b.f.s.DefaultListableBeanFactory -Returning cached instance of singleton bean 'org.springframework.boot.autoconfigure.condition.BeanTypeRegistry'
00:07:00.792 qrouter [Test worker] DEBUG o.s.b.f.s.DefaultListableBeanFactory -Returning cached instance of singleton bean 'autoConfigurationReport'
00:07:00.793 qrouter [Test worker] DEBUG o.s.c.a.ConfigurationClassBeanDefinitionReader -Registering bean definition for @Bean method org.springframework.boot.autoconfigure.web.WebMvcAutoConfiguration$WebMvcAutoConfigurationAdapter.viewResolver()
00:07:00.795 qrouter [Test worker] DEBUG o.s.b.f.s.DefaultListableBeanFactory -Returning cached instance of singleton bean 'autoConfigurationReport'
00:07:00.797 qrouter [Test worker] DEBUG o.s.b.f.s.DefaultListableBeanFactory -Returning cached instance of singleton bean 'autoConfigurationReport'
00:07:00.798 qrouter [Test worker] DEBUG o.s.c.a.ConfigurationClassBeanDefinitionReader -Registering bean definition for @Bean method org.springframework.boot.autoconfigure.web.WebMvcAutoConfiguration$WebMvcAutoConfigurationAdapter.welcomePageHandlerMapping()
00:07:00.804 qrouter [Test worker] DEBUG o.s.b.f.s.DefaultListableBeanFactory -Returning cached instance of singleton bean 'org.springframework.boot.autoconfigure.condition.BeanTypeRegistry'
00:07:00.807 qrouter [Test worker] DEBUG o.s.b.f.s.DefaultListableBeanFactory -Returning cached instance of singleton bean 'org.springframework.boot.autoconfigure.condition.BeanTypeRegistry'
00:07:00.807 qrouter [Test worker] DEBUG o.s.b.f.s.DefaultListableBeanFactory -Returning cached instance of singleton bean 'autoConfigurationReport'
00:07:00.808 qrouter [Test worker] DEBUG o.s.c.a.ConfigurationClassBeanDefinitionReader -Registering bean definition for @Bean method org.springframework.boot.autoconfigure.web.WebMvcAutoConfiguration$WebMvcAutoConfigurationAdapter.requestContextFilter()
00:07:00.810 qrouter [Test worker] DEBUG o.s.c.a.ConfigurationClassBeanDefinitionReader -Registered bean definition for imported class 'org.springframework.boot.autoconfigure.web.WebMvcAutoConfiguration'
00:07:00.813 qrouter [Test worker] DEBUG o.s.b.f.s.DefaultListableBeanFactory -Returning cached instance of singleton bean 'org.springframework.boot.autoconfigure.condition.BeanTypeRegistry'
00:07:00.815 qrouter [Test worker] DEBUG o.s.b.f.s.DefaultListableBeanFactory -Returning cached instance of singleton bean 'autoConfigurationReport'
00:07:00.817 qrouter [Test worker] DEBUG o.s.c.a.ConfigurationClassBeanDefinitionReader -Registering bean definition for @Bean method org.springframework.boot.autoconfigure.web.WebMvcAutoConfiguration.hiddenHttpMethodFilter()
00:07:00.819 qrouter [Test worker] DEBUG o.s.b.f.s.DefaultListableBeanFactory -Returning cached instance of singleton bean 'autoConfigurationReport'
00:07:00.823 qrouter [Test worker] DEBUG o.s.b.f.s.DefaultListableBeanFactory -Returning cached instance of singleton bean 'org.springframework.boot.autoconfigure.condition.BeanTypeRegistry'
00:07:00.829 qrouter [Test worker] DEBUG o.s.b.f.s.DefaultListableBeanFactory -Returning cached instance of singleton bean 'autoConfigurationReport'
00:07:00.830 qrouter [Test worker] DEBUG o.s.c.a.ConfigurationClassBeanDefinitionReader -Registering bean definition for @Bean method org.springframework.boot.autoconfigure.web.WebMvcAutoConfiguration.httpPutFormContentFilter()
00:07:00.831 qrouter [Test worker] DEBUG o.s.b.f.s.DefaultListableBeanFactory -Returning cached instance of singleton bean 'autoConfigurationReport'
00:07:00.833 qrouter [Test worker] DEBUG o.s.b.f.s.DefaultListableBeanFactory -Returning cached instance of singleton bean 'autoConfigurationReport'
00:07:00.835 qrouter [Test worker] DEBUG o.s.b.f.s.DefaultListableBeanFactory -Returning cached instance of singleton bean 'autoConfigurationReport'
00:07:00.836 qrouter [Test worker] DEBUG o.s.c.a.ConfigurationClassBeanDefinitionReader -Registered bean definition for imported class 'org.springframework.boot.autoconfigure.aop.AopAutoConfiguration$JdkDynamicAutoProxyConfiguration'
00:07:00.864 qrouter [Test worker] DEBUG o.s.c.a.ConfigurationClassBeanDefinitionReader -Registered bean definition for imported class 'org.springframework.boot.autoconfigure.aop.AopAutoConfiguration'
00:07:00.865 qrouter [Test worker] DEBUG o.s.b.f.s.DefaultListableBeanFactory -Returning cached instance of singleton bean 'autoConfigurationReport'
00:07:00.867 qrouter [Test worker] DEBUG o.s.b.f.s.DefaultListableBeanFactory -Returning cached instance of singleton bean 'autoConfigurationReport'
00:07:00.906 qrouter [Test worker] DEBUG o.s.c.a.ConfigurationClassBeanDefinitionReader -Registered bean definition for imported class 'org.springframework.boot.autoconfigure.transaction.jta.JtaAutoConfiguration'
00:07:00.908 qrouter [Test worker] DEBUG o.s.b.f.s.DefaultListableBeanFactory -Returning cached instance of singleton bean 'autoConfigurationReport'
00:07:00.911 qrouter [Test worker] DEBUG o.s.b.f.s.DefaultListableBeanFactory -Returning cached instance of singleton bean 'org.springframework.boot.autoconfigure.condition.BeanTypeRegistry'
00:07:00.919 qrouter [Test worker] DEBUG o.s.b.f.s.DefaultListableBeanFactory -Returning cached instance of singleton bean 'autoConfigurationReport'
00:07:00.921 qrouter [Test worker] DEBUG o.s.b.f.s.DefaultListableBeanFactory -Returning cached instance of singleton bean 'autoConfigurationReport'
00:07:00.923 qrouter [Test worker] DEBUG o.s.b.f.s.DefaultListableBeanFactory -Returning cached instance of singleton bean 'org.springframework.boot.autoconfigure.condition.BeanTypeRegistry'
00:07:00.923 qrouter [Test worker] DEBUG o.s.b.f.s.DefaultListableBeanFactory -Returning cached instance of singleton bean 'org.springframework.boot.autoconfigure.condition.BeanTypeRegistry'
00:07:00.924 qrouter [Test worker] DEBUG o.s.b.f.s.DefaultListableBeanFactory -Returning cached instance of singleton bean 'autoConfigurationReport'
00:07:00.925 qrouter [Test worker] DEBUG o.s.b.f.s.DefaultListableBeanFactory -Returning cached instance of singleton bean 'autoConfigurationReport'
00:07:00.926 qrouter [Test worker] DEBUG o.s.b.f.s.DefaultListableBeanFactory -Returning cached instance of singleton bean 'autoConfigurationReport'
00:07:00.927 qrouter [Test worker] DEBUG o.s.c.a.ConfigurationClassBeanDefinitionReader -Registered bean definition for imported class 'org.springframework.boot.autoconfigure.jdbc.DataSourceConfiguration$Tomcat'
00:07:00.928 qrouter [Test worker] DEBUG o.s.c.a.ConfigurationClassBeanDefinitionReader -Registering bean definition for @Bean method org.springframework.boot.autoconfigure.jdbc.DataSourceConfiguration$Tomcat.dataSource()
00:07:00.950 qrouter [Test worker] DEBUG o.s.c.a.ConfigurationClassBeanDefinitionReader -Registered bean definition for imported class 'org.springframework.boot.autoconfigure.jdbc.DataSourceAutoConfiguration$PooledDataSourceConfiguration'
00:07:00.951 qrouter [Test worker] DEBUG o.s.b.f.s.DefaultListableBeanFactory -Returning cached instance of singleton bean 'autoConfigurationReport'
00:07:00.951 qrouter [Test worker] DEBUG o.s.c.a.ConfigurationClassBeanDefinitionReader -Registered bean definition for imported class 'org.springframework.boot.autoconfigure.jdbc.metadata.DataSourcePoolMetadataProvidersConfiguration$TomcatDataSourcePoolMetadataProviderConfiguration'
00:07:00.952 qrouter [Test worker] DEBUG o.s.c.a.ConfigurationClassBeanDefinitionReader -Registering bean definition for @Bean method org.springframework.boot.autoconfigure.jdbc.metadata.DataSourcePoolMetadataProvidersConfiguration$TomcatDataSourcePoolMetadataProviderConfiguration.tomcatPoolDataSourceMetadataProvider()
00:07:00.952 qrouter [Test worker] DEBUG o.s.c.a.ConfigurationClassBeanDefinitionReader -Registered bean definition for imported class 'org.springframework.boot.autoconfigure.jdbc.metadata.DataSourcePoolMetadataProvidersConfiguration'
00:07:00.956 qrouter [Test worker] DEBUG o.s.c.a.ConfigurationClassBeanDefinitionReader -Registered bean definition for imported class 'org.springframework.boot.autoconfigure.jdbc.DataSourceAutoConfiguration'
00:07:00.962 qrouter [Test worker] DEBUG o.s.b.f.s.DefaultListableBeanFactory -Returning cached instance of singleton bean 'org.springframework.boot.autoconfigure.condition.BeanTypeRegistry'
00:07:00.974 qrouter [Test worker] DEBUG o.s.b.f.s.DefaultListableBeanFactory -Returning cached instance of singleton bean 'autoConfigurationReport'
00:07:00.975 qrouter [Test worker] DEBUG o.s.c.a.ConfigurationClassBeanDefinitionReader -Registering bean definition for @Bean method org.springframework.boot.autoconfigure.jdbc.DataSourceAutoConfiguration.dataSourceInitializer()
00:07:00.980 qrouter [Test worker] DEBUG o.s.b.f.s.DefaultListableBeanFactory -Returning cached instance of singleton bean 'autoConfigurationReport'
00:07:01.000 qrouter [Test worker] DEBUG o.s.b.f.s.DefaultListableBeanFactory -Returning cached instance of singleton bean 'org.springframework.boot.autoconfigure.condition.BeanTypeRegistry'
00:07:01.002 qrouter [Test worker] DEBUG o.s.b.f.s.DefaultListableBeanFactory -Returning cached instance of singleton bean 'autoConfigurationReport'
00:07:01.004 qrouter [Test worker] DEBUG o.s.b.f.s.DefaultListableBeanFactory -Returning cached instance of singleton bean 'autoConfigurationReport'
00:07:01.004 qrouter [Test worker] DEBUG o.s.b.f.s.DefaultListableBeanFactory -Returning cached instance of singleton bean 'autoConfigurationReport'
00:07:01.005 qrouter [Test worker] DEBUG o.s.b.f.s.DefaultListableBeanFactory -Returning cached instance of singleton bean 'autoConfigurationReport'
00:07:01.007 qrouter [Test worker] DEBUG o.s.b.f.s.DefaultListableBeanFactory -Returning cached instance of singleton bean 'autoConfigurationReport'
00:07:01.010 qrouter [Test worker] DEBUG o.s.b.f.s.DefaultListableBeanFactory -Returning cached instance of singleton bean 'autoConfigurationReport'
00:07:01.025 qrouter [Test worker] DEBUG o.s.b.f.s.DefaultListableBeanFactory -Returning cached instance of singleton bean 'org.springframework.boot.autoconfigure.condition.BeanTypeRegistry'
00:07:01.028 qrouter [Test worker] DEBUG o.s.b.f.s.DefaultListableBeanFactory -Returning cached instance of singleton bean 'org.springframework.boot.autoconfigure.condition.BeanTypeRegistry'
00:07:01.028 qrouter [Test worker] DEBUG o.s.b.f.s.DefaultListableBeanFactory -Returning cached instance of singleton bean 'autoConfigurationReport'
00:07:01.030 qrouter [Test worker] DEBUG o.s.c.a.ConfigurationClassBeanDefinitionReader -Registered bean definition for imported class 'org.springframework.boot.autoconfigure.orm.jpa.JpaBaseConfiguration$JpaWebConfiguration$JpaWebMvcConfiguration'
00:07:01.030 qrouter [Test worker] DEBUG o.s.c.a.ConfigurationClassBeanDefinitionReader -Registering bean definition for @Bean method org.springframework.boot.autoconfigure.orm.jpa.JpaBaseConfiguration$JpaWebConfiguration$JpaWebMvcConfiguration.openEntityManagerInViewInterceptor()
00:07:01.031 qrouter [Test worker] DEBUG o.s.c.a.ConfigurationClassBeanDefinitionReader -Registered bean definition for imported class 'org.springframework.boot.autoconfigure.orm.jpa.JpaBaseConfiguration$JpaWebConfiguration'
00:07:01.032 qrouter [Test worker] DEBUG o.s.c.a.ConfigurationClassBeanDefinitionReader -Registered bean definition for imported class 'org.springframework.boot.autoconfigure.orm.jpa.HibernateJpaAutoConfiguration'
00:07:01.033 qrouter [Test worker] DEBUG o.s.b.f.s.DefaultListableBeanFactory -Returning cached instance of singleton bean 'org.springframework.boot.autoconfigure.condition.BeanTypeRegistry'
00:07:01.055 qrouter [Test worker] DEBUG o.s.b.f.s.DefaultListableBeanFactory -Returning cached instance of singleton bean 'autoConfigurationReport'
00:07:01.056 qrouter [Test worker] DEBUG o.s.c.a.ConfigurationClassBeanDefinitionReader -Registering bean definition for @Bean method org.springframework.boot.autoconfigure.orm.jpa.HibernateJpaAutoConfiguration.transactionManager()
00:07:01.060 qrouter [Test worker] DEBUG o.s.b.f.s.DefaultListableBeanFactory -Returning cached instance of singleton bean 'org.springframework.boot.autoconfigure.condition.BeanTypeRegistry'
00:07:01.078 qrouter [Test worker] DEBUG o.s.b.f.s.DefaultListableBeanFactory -Returning cached instance of singleton bean 'autoConfigurationReport'
00:07:01.080 qrouter [Test worker] DEBUG o.s.c.a.ConfigurationClassBeanDefinitionReader -Registering bean definition for @Bean method org.springframework.boot.autoconfigure.orm.jpa.HibernateJpaAutoConfiguration.jpaVendorAdapter()
00:07:01.081 qrouter [Test worker] DEBUG o.s.b.f.s.DefaultListableBeanFactory -Returning cached instance of singleton bean 'org.springframework.boot.autoconfigure.condition.BeanTypeRegistry'
00:07:01.084 qrouter [Test worker] DEBUG o.s.b.f.s.DefaultListableBeanFactory -Returning cached instance of singleton bean 'autoConfigurationReport'
00:07:01.085 qrouter [Test worker] DEBUG o.s.c.a.ConfigurationClassBeanDefinitionReader -Registering bean definition for @Bean method org.springframework.boot.autoconfigure.orm.jpa.HibernateJpaAutoConfiguration.entityManagerFactoryBuilder()
00:07:01.086 qrouter [Test worker] DEBUG o.s.b.f.s.DefaultListableBeanFactory -Returning cached instance of singleton bean 'org.springframework.boot.autoconfigure.condition.BeanTypeRegistry'
00:07:01.088 qrouter [Test worker] DEBUG o.s.b.f.s.DefaultListableBeanFactory -Returning cached instance of singleton bean 'org.springframework.boot.autoconfigure.condition.BeanTypeRegistry'
00:07:01.089 qrouter [Test worker] DEBUG o.s.b.f.s.DefaultListableBeanFactory -Returning cached instance of singleton bean 'autoConfigurationReport'
00:07:01.091 qrouter [Test worker] DEBUG o.s.c.a.ConfigurationClassBeanDefinitionReader -Registering bean definition for @Bean method org.springframework.boot.autoconfigure.orm.jpa.HibernateJpaAutoConfiguration.entityManagerFactory()
00:07:01.096 qrouter [Test worker] DEBUG o.s.c.a.ConfigurationClassBeanDefinitionReader -Registered bean definition for imported class 'org.springframework.boot.autoconfigure.context.ConfigurationPropertiesAutoConfiguration'
00:07:01.098 qrouter [Test worker] DEBUG o.s.b.f.s.DefaultListableBeanFactory -Returning cached instance of singleton bean 'autoConfigurationReport'
00:07:01.098 qrouter [Test worker] DEBUG o.s.c.a.ConfigurationClassBeanDefinitionReader -Registered bean definition for imported class 'org.springframework.boot.autoconfigure.dao.PersistenceExceptionTranslationAutoConfiguration'
00:07:01.101 qrouter [Test worker] DEBUG o.s.b.f.s.DefaultListableBeanFactory -Returning cached instance of singleton bean 'autoConfigurationReport'
00:07:01.102 qrouter [Test worker] DEBUG o.s.b.f.s.DefaultListableBeanFactory -Returning cached instance of singleton bean 'org.springframework.boot.autoconfigure.condition.BeanTypeRegistry'
00:07:01.117 qrouter [Test worker] DEBUG o.s.b.f.s.DefaultListableBeanFactory -Returning cached instance of singleton bean 'autoConfigurationReport'
00:07:01.118 qrouter [Test worker] DEBUG o.s.c.a.ConfigurationClassBeanDefinitionReader -Registering bean definition for @Bean method org.springframework.boot.autoconfigure.dao.PersistenceExceptionTranslationAutoConfiguration.persistenceExceptionTranslationPostProcessor()
00:07:01.120 qrouter [Test worker] DEBUG o.s.b.f.s.DefaultListableBeanFactory -Returning cached instance of singleton bean 'autoConfigurationReport'
00:07:01.122 qrouter [Test worker] DEBUG o.s.b.f.s.DefaultListableBeanFactory -Returning cached instance of singleton bean 'autoConfigurationReport'
00:07:01.122 qrouter [Test worker] DEBUG o.s.b.f.s.DefaultListableBeanFactory -Returning cached instance of singleton bean 'org.springframework.boot.autoconfigure.condition.BeanTypeRegistry'
00:07:01.146 qrouter [Test worker] DEBUG o.s.b.f.s.DefaultListableBeanFactory -Returning cached instance of singleton bean 'org.springframework.boot.autoconfigure.condition.BeanTypeRegistry'
00:07:01.146 qrouter [Test worker] DEBUG o.s.b.f.s.DefaultListableBeanFactory -Returning cached instance of singleton bean 'org.springframework.boot.autoconfigure.condition.BeanTypeRegistry'
00:07:01.147 qrouter [Test worker] DEBUG o.s.b.f.s.DefaultListableBeanFactory -Returning cached instance of singleton bean 'autoConfigurationReport'
00:07:01.148 qrouter [Test worker] DEBUG o.s.b.f.s.DefaultListableBeanFactory -Returning cached instance of singleton bean 'org.springframework.boot.autoconfigure.condition.BeanTypeRegistry'
00:07:01.149 qrouter [Test worker] DEBUG o.s.b.f.s.DefaultListableBeanFactory -Returning cached instance of singleton bean 'org.springframework.boot.autoconfigure.condition.BeanTypeRegistry'
00:07:01.149 qrouter [Test worker] DEBUG o.s.b.f.s.DefaultListableBeanFactory -Returning cached instance of singleton bean 'org.springframework.boot.autoconfigure.condition.BeanTypeRegistry'
00:07:01.150 qrouter [Test worker] DEBUG o.s.b.f.s.DefaultListableBeanFactory -Returning cached instance of singleton bean 'autoConfigurationReport'
00:07:01.151 qrouter [Test worker] DEBUG o.s.c.a.ConfigurationClassBeanDefinitionReader -Registered bean definition for imported class 'org.springframework.boot.autoconfigure.data.jpa.JpaRepositoriesAutoConfiguration'
00:07:01.252 qrouter [Test worker] DEBUG o.s.core.env.StandardEnvironment -Adding [systemProperties] PropertySource with lowest search precedence
00:07:01.252 qrouter [Test worker] DEBUG o.s.core.env.StandardEnvironment -Adding [systemEnvironment] PropertySource with lowest search precedence
00:07:01.253 qrouter [Test worker] DEBUG o.s.core.env.StandardEnvironment -Initialized StandardEnvironment with PropertySources [systemProperties,systemEnvironment]
00:07:01.266 qrouter [Test worker] DEBUG o.s.b.f.s.DefaultListableBeanFactory -Creating shared instance of singleton bean 'org.springframework.boot.autoconfigure.AutoConfigurationPackages'
00:07:01.267 qrouter [Test worker] DEBUG o.s.b.f.s.DefaultListableBeanFactory -Creating instance of bean 'org.springframework.boot.autoconfigure.AutoConfigurationPackages'
00:07:01.272 qrouter [Test worker] DEBUG o.s.b.f.s.DefaultListableBeanFactory -Eagerly caching bean 'org.springframework.boot.autoconfigure.AutoConfigurationPackages' to allow for resolving potential circular references
00:07:01.273 qrouter [Test worker] DEBUG o.s.b.f.s.DefaultListableBeanFactory -Finished creating instance of bean 'org.springframework.boot.autoconfigure.AutoConfigurationPackages'
00:07:01.273 qrouter [Test worker] DEBUG o.s.b.a.AutoConfigurationPackages -@EnableAutoConfiguration was declared on a class in the package 'shop.retail'. Automatic @Repository and @Entity scanning is enabled.
00:07:01.275 qrouter [Test worker] DEBUG o.s.c.i.s.PathMatchingResourcePatternResolver -Resolved classpath location [shop/retail/] to resources [URL [file:/F:/GIT_WORK/GIT_REPO/RetailPro/RetailPro/RetailManager/build/classes/test/shop/retail/], URL [file:/F:/GIT_WORK/GIT_REPO/RetailPro/RetailPro/RetailManager/build/classes/main/shop/retail/]]
00:07:01.276 qrouter [Test worker] DEBUG o.s.c.i.s.PathMatchingResourcePatternResolver -Looking for matching resources in directory tree [F:\GIT_WORK\GIT_REPO\RetailPro\RetailPro\RetailManager\build\classes\test\shop\retail]
00:07:01.276 qrouter [Test worker] DEBUG o.s.c.i.s.PathMatchingResourcePatternResolver -Searching directory [F:\GIT_WORK\GIT_REPO\RetailPro\RetailPro\RetailManager\build\classes\test\shop\retail] for files matching pattern [F:/GIT_WORK/GIT_REPO/RetailPro/RetailPro/RetailManager/build/classes/test/shop/retail/**/*.class]
00:07:01.279 qrouter [Test worker] DEBUG o.s.c.i.s.PathMatchingResourcePatternResolver -Searching directory [F:\GIT_WORK\GIT_REPO\RetailPro\RetailPro\RetailManager\build\classes\test\shop\retail\controllers] for files matching pattern [F:/GIT_WORK/GIT_REPO/RetailPro/RetailPro/RetailManager/build/classes/test/shop/retail/**/*.class]
00:07:01.281 qrouter [Test worker] DEBUG o.s.c.i.s.PathMatchingResourcePatternResolver -Searching directory [F:\GIT_WORK\GIT_REPO\RetailPro\RetailPro\RetailManager\build\classes\test\shop\retail\models] for files matching pattern [F:/GIT_WORK/GIT_REPO/RetailPro/RetailPro/RetailManager/build/classes/test/shop/retail/**/*.class]
00:07:01.283 qrouter [Test worker] DEBUG o.s.c.i.s.PathMatchingResourcePatternResolver -Searching directory [F:\GIT_WORK\GIT_REPO\RetailPro\RetailPro\RetailManager\build\classes\test\shop\retail\service] for files matching pattern [F:/GIT_WORK/GIT_REPO/RetailPro/RetailPro/RetailManager/build/classes/test/shop/retail/**/*.class]
00:07:01.286 qrouter [Test worker] DEBUG o.s.c.i.s.PathMatchingResourcePatternResolver -Looking for matching resources in directory tree [F:\GIT_WORK\GIT_REPO\RetailPro\RetailPro\RetailManager\build\classes\main\shop\retail]
00:07:01.287 qrouter [Test worker] DEBUG o.s.c.i.s.PathMatchingResourcePatternResolver -Searching directory [F:\GIT_WORK\GIT_REPO\RetailPro\RetailPro\RetailManager\build\classes\main\shop\retail] for files matching pattern [F:/GIT_WORK/GIT_REPO/RetailPro/RetailPro/RetailManager/build/classes/main/shop/retail/**/*.class]
00:07:01.289 qrouter [Test worker] DEBUG o.s.c.i.s.PathMatchingResourcePatternResolver -Searching directory [F:\GIT_WORK\GIT_REPO\RetailPro\RetailPro\RetailManager\build\classes\main\shop\retail\controllers] for files matching pattern [F:/GIT_WORK/GIT_REPO/RetailPro/RetailPro/RetailManager/build/classes/main/shop/retail/**/*.class]
00:07:01.291 qrouter [Test worker] DEBUG o.s.c.i.s.PathMatchingResourcePatternResolver -Searching directory [F:\GIT_WORK\GIT_REPO\RetailPro\RetailPro\RetailManager\build\classes\main\shop\retail\dao] for files matching pattern [F:/GIT_WORK/GIT_REPO/RetailPro/RetailPro/RetailManager/build/classes/main/shop/retail/**/*.class]
00:07:01.293 qrouter [Test worker] DEBUG o.s.c.i.s.PathMatchingResourcePatternResolver -Searching directory [F:\GIT_WORK\GIT_REPO\RetailPro\RetailPro\RetailManager\build\classes\main\shop\retail\exception] for files matching pattern [F:/GIT_WORK/GIT_REPO/RetailPro/RetailPro/RetailManager/build/classes/main/shop/retail/**/*.class]
00:07:01.296 qrouter [Test worker] DEBUG o.s.c.i.s.PathMatchingResourcePatternResolver -Searching directory [F:\GIT_WORK\GIT_REPO\RetailPro\RetailPro\RetailManager\build\classes\main\shop\retail\models] for files matching pattern [F:/GIT_WORK/GIT_REPO/RetailPro/RetailPro/RetailManager/build/classes/main/shop/retail/**/*.class]
00:07:01.298 qrouter [Test worker] DEBUG o.s.c.i.s.PathMatchingResourcePatternResolver -Searching directory [F:\GIT_WORK\GIT_REPO\RetailPro\RetailPro\RetailManager\build\classes\main\shop\retail\service] for files matching pattern [F:/GIT_WORK/GIT_REPO/RetailPro/RetailPro/RetailManager/build/classes/main/shop/retail/**/*.class]
00:07:01.301 qrouter [Test worker] DEBUG o.s.c.i.s.PathMatchingResourcePatternResolver -Searching directory [F:\GIT_WORK\GIT_REPO\RetailPro\RetailPro\RetailManager\build\classes\main\shop\retail\swagger] for files matching pattern [F:/GIT_WORK/GIT_REPO/RetailPro/RetailPro/RetailManager/build/classes/main/shop/retail/**/*.class]
00:07:01.304 qrouter [Test worker] DEBUG o.s.c.i.s.PathMatchingResourcePatternResolver -Resolved location pattern [classpath*:shop/retail/**/*.class] to resources [file [F:\GIT_WORK\GIT_REPO\RetailPro\RetailPro\RetailManager\build\classes\test\shop\retail\BaseTest.class], file [F:\GIT_WORK\GIT_REPO\RetailPro\RetailPro\RetailManager\build\classes\test\shop\retail\controllers\ApplicationIntegrationTests.class], file [F:\GIT_WORK\GIT_REPO\RetailPro\RetailPro\RetailManager\build\classes\test\shop\retail\controllers\RetailManagerControllerTest.class], file [F:\GIT_WORK\GIT_REPO\RetailPro\RetailPro\RetailManager\build\classes\test\shop\retail\models\ModelTest.class], file [F:\GIT_WORK\GIT_REPO\RetailPro\RetailPro\RetailManager\build\classes\test\shop\retail\service\ShopLocatorTestConfiguration.class], file [F:\GIT_WORK\GIT_REPO\RetailPro\RetailPro\RetailManager\build\classes\test\shop\retail\service\ShopLocatorTests.class], file [F:\GIT_WORK\GIT_REPO\RetailPro\RetailPro\RetailManager\build\classes\main\shop\retail\ApplicationLauncher.class], file [F:\GIT_WORK\GIT_REPO\RetailPro\RetailPro\RetailManager\build\classes\main\shop\retail\Config.class], file [F:\GIT_WORK\GIT_REPO\RetailPro\RetailPro\RetailManager\build\classes\main\shop\retail\controllers\RetailShopController.class], file [F:\GIT_WORK\GIT_REPO\RetailPro\RetailPro\RetailManager\build\classes\main\shop\retail\dao\RetailShopDao.class], file [F:\GIT_WORK\GIT_REPO\RetailPro\RetailPro\RetailManager\build\classes\main\shop\retail\dao\RetailShopDaoImpl.class], file [F:\GIT_WORK\GIT_REPO\RetailPro\RetailPro\RetailManager\build\classes\main\shop\retail\exception\ErrorResponse.class], file [F:\GIT_WORK\GIT_REPO\RetailPro\RetailPro\RetailManager\build\classes\main\shop\retail\exception\RestExceptionHandler.class], file [F:\GIT_WORK\GIT_REPO\RetailPro\RetailPro\RetailManager\build\classes\main\shop\retail\exception\RetailManagerException.class], file [F:\GIT_WORK\GIT_REPO\RetailPro\RetailPro\RetailManager\build\classes\main\shop\retail\models\ServiceResponse.class], file [F:\GIT_WORK\GIT_REPO\RetailPro\RetailPro\RetailManager\build\classes\main\shop\retail\models\Shop.class], file [F:\GIT_WORK\GIT_REPO\RetailPro\RetailPro\RetailManager\build\classes\main\shop\retail\models\ShopAddress.class], file [F:\GIT_WORK\GIT_REPO\RetailPro\RetailPro\RetailManager\build\classes\main\shop\retail\RetailMessages.class], file [F:\GIT_WORK\GIT_REPO\RetailPro\RetailPro\RetailManager\build\classes\main\shop\retail\service\ShopLocator.class], file [F:\GIT_WORK\GIT_REPO\RetailPro\RetailPro\RetailManager\build\classes\main\shop\retail\service\ShopLocatorImpl.class], file [F:\GIT_WORK\GIT_REPO\RetailPro\RetailPro\RetailManager\build\classes\main\shop\retail\swagger\SwaggerTest.class]]
00:07:01.357 qrouter [Test worker] DEBUG o.s.b.f.s.DefaultListableBeanFactory -Returning cached instance of singleton bean 'autoConfigurationReport'
00:07:01.358 qrouter [Test worker] DEBUG o.s.c.a.ConfigurationClassBeanDefinitionReader -Registered bean definition for imported class 'org.springframework.boot.autoconfigure.gson.GsonAutoConfiguration'
00:07:01.358 qrouter [Test worker] DEBUG o.s.b.f.s.DefaultListableBeanFactory -Returning cached instance of singleton bean 'org.springframework.boot.autoconfigure.condition.BeanTypeRegistry'
00:07:01.379 qrouter [Test worker] DEBUG o.s.b.f.s.DefaultListableBeanFactory -Returning cached instance of singleton bean 'autoConfigurationReport'
00:07:01.381 qrouter [Test worker] DEBUG o.s.c.a.ConfigurationClassBeanDefinitionReader -Registering bean definition for @Bean method org.springframework.boot.autoconfigure.gson.GsonAutoConfiguration.gson()
00:07:01.382 qrouter [Test worker] DEBUG o.s.b.f.s.DefaultListableBeanFactory -Returning cached instance of singleton bean 'autoConfigurationReport'
00:07:01.383 qrouter [Test worker] DEBUG o.s.b.f.s.DefaultListableBeanFactory -Returning cached instance of singleton bean 'autoConfigurationReport'
00:07:01.384 qrouter [Test worker] DEBUG o.s.c.a.ConfigurationClassBeanDefinitionReader -Registered bean definition for imported class 'org.springframework.boot.autoconfigure.web.HttpMessageConvertersAutoConfiguration$StringHttpMessageConverterConfiguration'
00:07:01.384 qrouter [Test worker] DEBUG o.s.b.f.s.DefaultListableBeanFactory -Returning cached instance of singleton bean 'org.springframework.boot.autoconfigure.condition.BeanTypeRegistry'
00:07:01.388 qrouter [Test worker] DEBUG o.s.b.f.s.DefaultListableBeanFactory -Returning cached instance of singleton bean 'autoConfigurationReport'
00:07:01.389 qrouter [Test worker] DEBUG o.s.c.a.ConfigurationClassBeanDefinitionReader -Registering bean definition for @Bean method org.springframework.boot.autoconfigure.web.HttpMessageConvertersAutoConfiguration$StringHttpMessageConverterConfiguration.stringHttpMessageConverter()
00:07:01.391 qrouter [Test worker] DEBUG o.s.b.f.s.DefaultListableBeanFactory -Returning cached instance of singleton bean 'autoConfigurationReport'
00:07:01.393 qrouter [Test worker] DEBUG o.s.b.f.s.DefaultListableBeanFactory -Returning cached instance of singleton bean 'autoConfigurationReport'
00:07:01.393 qrouter [Test worker] DEBUG o.s.b.f.s.DefaultListableBeanFactory -Returning cached instance of singleton bean 'org.springframework.boot.autoconfigure.condition.BeanTypeRegistry'
00:07:01.395 qrouter [Test worker] DEBUG o.s.b.f.s.DefaultListableBeanFactory -Returning cached instance of singleton bean 'autoConfigurationReport'
00:07:01.396 qrouter [Test worker] DEBUG o.s.c.a.ConfigurationClassBeanDefinitionReader -Registered bean definition for imported class 'org.springframework.boot.autoconfigure.web.JacksonHttpMessageConvertersConfiguration$MappingJackson2HttpMessageConverterConfiguration'
00:07:01.397 qrouter [Test worker] DEBUG o.s.b.f.s.DefaultListableBeanFactory -Returning cached instance of singleton bean 'org.springframework.boot.autoconfigure.condition.BeanTypeRegistry'
00:07:01.403 qrouter [Test worker] DEBUG o.s.b.f.s.DefaultListableBeanFactory -Returning cached instance of singleton bean 'org.springframework.boot.autoconfigure.condition.BeanTypeRegistry'
00:07:01.406 qrouter [Test worker] DEBUG o.s.b.f.s.DefaultListableBeanFactory -Returning cached instance of singleton bean 'autoConfigurationReport'
00:07:01.407 qrouter [Test worker] DEBUG o.s.c.a.ConfigurationClassBeanDefinitionReader -Registering bean definition for @Bean method org.springframework.boot.autoconfigure.web.JacksonHttpMessageConvertersConfiguration$MappingJackson2HttpMessageConverterConfiguration.mappingJackson2HttpMessageConverter()
00:07:01.408 qrouter [Test worker] DEBUG o.s.c.a.ConfigurationClassBeanDefinitionReader -Registered bean definition for imported class 'org.springframework.boot.autoconfigure.web.JacksonHttpMessageConvertersConfiguration'
00:07:01.409 qrouter [Test worker] DEBUG o.s.b.f.s.DefaultListableBeanFactory -Returning cached instance of singleton bean 'autoConfigurationReport'
00:07:01.425 qrouter [Test worker] DEBUG o.s.b.f.s.DefaultListableBeanFactory -Returning cached instance of singleton bean 'org.springframework.boot.autoconfigure.condition.BeanTypeRegistry'
00:07:01.430 qrouter [Test worker] DEBUG o.s.b.f.s.DefaultListableBeanFactory -Returning cached instance of singleton bean 'autoConfigurationReport'
00:07:01.431 qrouter [Test worker] DEBUG o.s.c.a.ConfigurationClassBeanDefinitionReader -Registered bean definition for imported class 'org.springframework.boot.autoconfigure.web.GsonHttpMessageConvertersConfiguration'
00:07:01.434 qrouter [Test worker] DEBUG o.s.c.a.ConfigurationClassBeanDefinitionReader -Registered bean definition for imported class 'org.springframework.boot.autoconfigure.web.HttpMessageConvertersAutoConfiguration'
00:07:01.439 qrouter [Test worker] DEBUG o.s.b.f.s.DefaultListableBeanFactory -Returning cached instance of singleton bean 'org.springframework.boot.autoconfigure.condition.BeanTypeRegistry'
00:07:01.443 qrouter [Test worker] DEBUG o.s.b.f.s.DefaultListableBeanFactory -Returning cached instance of singleton bean 'autoConfigurationReport'
00:07:01.444 qrouter [Test worker] DEBUG o.s.c.a.ConfigurationClassBeanDefinitionReader -Registering bean definition for @Bean method org.springframework.boot.autoconfigure.web.HttpMessageConvertersAutoConfiguration.messageConverters()
00:07:01.445 qrouter [Test worker] DEBUG o.s.b.f.s.DefaultListableBeanFactory -Returning cached instance of singleton bean 'autoConfigurationReport'
00:07:01.445 qrouter [Test worker] DEBUG o.s.b.f.s.DefaultListableBeanFactory -Returning cached instance of singleton bean 'autoConfigurationReport'
00:07:01.446 qrouter [Test worker] DEBUG o.s.b.f.s.DefaultListableBeanFactory -Returning cached instance of singleton bean 'org.springframework.boot.autoconfigure.condition.BeanTypeRegistry'
00:07:01.447 qrouter [Test worker] DEBUG o.s.b.f.s.DefaultListableBeanFactory -Returning cached instance of singleton bean 'autoConfigurationReport'
00:07:01.448 qrouter [Test worker] DEBUG o.s.c.a.ConfigurationClassBeanDefinitionReader -Registered bean definition for imported class 'org.springframework.data.web.config.HateoasAwareSpringDataWebConfiguration'
00:07:01.449 qrouter [Test worker] DEBUG o.s.c.a.ConfigurationClassBeanDefinitionReader -Registering bean definition for @Bean method org.springframework.data.web.config.HateoasAwareSpringDataWebConfiguration.pageableResolver()
00:07:01.449 qrouter [Test worker] DEBUG o.s.c.a.ConfigurationClassBeanDefinitionReader -Registering bean definition for @Bean method org.springframework.data.web.config.HateoasAwareSpringDataWebConfiguration.sortResolver()
00:07:01.450 qrouter [Test worker] DEBUG o.s.c.a.ConfigurationClassBeanDefinitionReader -Registering bean definition for @Bean method org.springframework.data.web.config.HateoasAwareSpringDataWebConfiguration.pagedResourcesAssembler()
00:07:01.452 qrouter [Test worker] DEBUG o.s.c.a.ConfigurationClassBeanDefinitionReader -Registering bean definition for @Bean method org.springframework.data.web.config.HateoasAwareSpringDataWebConfiguration.pagedResourcesAssemblerArgumentResolver()
00:07:01.453 qrouter [Test worker] DEBUG o.s.c.a.ConfigurationClassBeanDefinitionReader -Registered bean definition for imported class 'org.springframework.data.web.config.SpringDataJacksonConfiguration'
00:07:01.453 qrouter [Test worker] DEBUG o.s.c.a.ConfigurationClassBeanDefinitionReader -Registering bean definition for @Bean method org.springframework.data.web.config.SpringDataJacksonConfiguration.jacksonGeoModule()
00:07:01.459 qrouter [Test worker] DEBUG o.s.c.a.ConfigurationClassBeanDefinitionReader -Registered bean definition for imported class 'org.springframework.boot.autoconfigure.data.web.SpringDataWebAutoConfiguration'
00:07:01.460 qrouter [Test worker] DEBUG o.s.b.f.s.DefaultListableBeanFactory -Returning cached instance of singleton bean 'autoConfigurationReport'
00:07:01.461 qrouter [Test worker] DEBUG o.s.b.f.s.DefaultListableBeanFactory -Returning cached instance of singleton bean 'autoConfigurationReport'
00:07:01.463 qrouter [Test worker] DEBUG o.s.c.e.PropertySourcesPropertyResolver -Found key 'spring.h2.console.enabled' in [applicationConfigurationProperties] with type [String]
00:07:01.463 qrouter [Test worker] DEBUG o.s.b.f.s.DefaultListableBeanFactory -Returning cached instance of singleton bean 'autoConfigurationReport'
00:07:01.468 qrouter [Test worker] DEBUG o.s.c.a.ConfigurationClassBeanDefinitionReader -Registered bean definition for imported class 'org.springframework.boot.autoconfigure.h2.H2ConsoleAutoConfiguration'
00:07:01.468 qrouter [Test worker] DEBUG o.s.c.a.ConfigurationClassBeanDefinitionReader -Registering bean definition for @Bean method org.springframework.boot.autoconfigure.h2.H2ConsoleAutoConfiguration.h2Console()
00:07:01.470 qrouter [Test worker] DEBUG o.s.b.f.s.DefaultListableBeanFactory -Returning cached instance of singleton bean 'autoConfigurationReport'
00:07:01.471 qrouter [Test worker] DEBUG o.s.b.f.s.DefaultListableBeanFactory -Returning cached instance of singleton bean 'autoConfigurationReport'
00:07:01.474 qrouter [Test worker] DEBUG o.s.b.f.s.DefaultListableBeanFactory -Returning cached instance of singleton bean 'org.springframework.boot.autoconfigure.condition.BeanTypeRegistry'
00:07:01.517 qrouter [Test worker] DEBUG o.s.b.f.s.DefaultListableBeanFactory -Returning cached instance of singleton bean 'autoConfigurationReport'
00:07:01.518 qrouter [Test worker] DEBUG o.s.c.a.ConfigurationClassBeanDefinitionReader -Registered bean definition for imported class 'org.springframework.boot.autoconfigure.hateoas.HypermediaAutoConfiguration$EntityLinksConfiguration'
00:07:01.537 qrouter [Test worker] DEBUG o.s.b.f.s.DefaultListableBeanFactory -Returning cached instance of singleton bean 'autoConfigurationReport'
00:07:01.540 qrouter [Test worker] DEBUG o.s.b.f.s.DefaultListableBeanFactory -Returning cached instance of singleton bean 'org.springframework.boot.autoconfigure.condition.BeanTypeRegistry'
00:07:01.549 qrouter [Test worker] DEBUG o.s.b.f.s.DefaultListableBeanFactory -Returning cached instance of singleton bean 'autoConfigurationReport'
00:07:01.549 qrouter [Test worker] DEBUG o.s.c.a.ConfigurationClassBeanDefinitionReader -Registered bean definition for imported class 'org.springframework.hateoas.config.HateoasConfiguration'
00:07:01.550 qrouter [Test worker] DEBUG o.s.c.a.ConfigurationClassBeanDefinitionReader -Registering bean definition for @Bean method org.springframework.hateoas.config.HateoasConfiguration.linkRelationMessageSource()
00:07:01.551 qrouter [Test worker] DEBUG o.s.c.a.ConfigurationClassBeanDefinitionReader -Registered bean definition for imported class 'org.springframework.boot.autoconfigure.hateoas.HypermediaAutoConfiguration$HypermediaConfiguration'
00:07:01.552 qrouter [Test worker] DEBUG o.s.c.a.ConfigurationClassBeanDefinitionReader -Registering bean definition for @Bean method org.springframework.boot.autoconfigure.hateoas.HypermediaAutoConfiguration$HypermediaConfiguration.halObjectMapperConfigurer()
00:07:01.554 qrouter [Test worker] DEBUG o.s.b.f.s.DefaultListableBeanFactory -Overriding bean definition for bean 'entityLinksPluginRegistry' with an equivalent definition: replacing [Root bean: class [org.springframework.plugin.core.support.PluginRegistryFactoryBean]; scope=; abstract=false; lazyInit=false; autowireMode=0; dependencyCheck=0; autowireCandidate=true; primary=false; factoryBeanName=null; factoryMethodName=null; initMethodName=null; destroyMethodName=null] with [Root bean: class [org.springframework.plugin.core.support.PluginRegistryFactoryBean]; scope=; abstract=false; lazyInit=false; autowireMode=0; dependencyCheck=0; autowireCandidate=true; primary=false; factoryBeanName=null; factoryMethodName=null; initMethodName=null; destroyMethodName=null]
00:07:01.557 qrouter [Test worker] DEBUG o.s.b.f.s.DefaultListableBeanFactory -Overriding bean definition for bean 'controllerEntityLinks' with an equivalent definition: replacing [Root bean: class [org.springframework.hateoas.core.ControllerEntityLinksFactoryBean]; scope=; abstract=false; lazyInit=false; autowireMode=0; dependencyCheck=0; autowireCandidate=true; primary=false; factoryBeanName=null; factoryMethodName=null; initMethodName=null; destroyMethodName=null] with [Root bean: class [org.springframework.hateoas.core.ControllerEntityLinksFactoryBean]; scope=; abstract=false; lazyInit=false; autowireMode=0; dependencyCheck=0; autowireCandidate=true; primary=false; factoryBeanName=null; factoryMethodName=null; initMethodName=null; destroyMethodName=null]
00:07:01.559 qrouter [Test worker] DEBUG o.s.b.f.s.DefaultListableBeanFactory -Overriding bean definition for bean 'delegatingEntityLinks' with an equivalent definition: replacing [Root bean: class [org.springframework.hateoas.core.DelegatingEntityLinks]; scope=; abstract=false; lazyInit=false; autowireMode=0; dependencyCheck=0; autowireCandidate=true; primary=true; factoryBeanName=null; factoryMethodName=null; initMethodName=null; destroyMethodName=null] with [Root bean: class [org.springframework.hateoas.core.DelegatingEntityLinks]; scope=; abstract=false; lazyInit=false; autowireMode=0; dependencyCheck=0; autowireCandidate=true; primary=true; factoryBeanName=null; factoryMethodName=null; initMethodName=null; destroyMethodName=null]
00:07:01.600 qrouter [Test worker] DEBUG o.s.c.a.ConfigurationClassBeanDefinitionReader -Registered bean definition for imported class 'org.springframework.boot.autoconfigure.hateoas.HypermediaHttpMessageConverterConfiguration'
00:07:01.604 qrouter [Test worker] DEBUG o.s.b.f.s.DefaultListableBeanFactory -Returning cached instance of singleton bean 'autoConfigurationReport'
00:07:01.605 qrouter [Test worker] DEBUG o.s.c.a.ConfigurationClassBeanDefinitionReader -Registering bean definition for @Bean method org.springframework.boot.autoconfigure.hateoas.HypermediaHttpMessageConverterConfiguration.halMessageConverterSupportedMediaTypeCustomizer()
00:07:01.608 qrouter [Test worker] DEBUG o.s.c.a.ConfigurationClassBeanDefinitionReader -Registered bean definition for imported class 'org.springframework.boot.autoconfigure.hateoas.HypermediaAutoConfiguration'
00:07:01.610 qrouter [Test worker] DEBUG o.s.c.a.ConfigurationClassBeanDefinitionReader -Registered bean definition for imported class 'org.springframework.boot.autoconfigure.info.ProjectInfoAutoConfiguration'
00:07:01.616 qrouter [Test worker] DEBUG o.s.b.f.s.DefaultListableBeanFactory -Returning cached instance of singleton bean 'autoConfigurationReport'
00:07:01.618 qrouter [Test worker] DEBUG o.s.c.e.PropertySourcesPropertyResolver -Could not find key 'spring.info.build.location:classpath:META-INF/build-info.properties' in any property source
00:07:01.618 qrouter [Test worker] DEBUG o.s.c.e.PropertySourcesPropertyResolver -Could not find key 'spring.info.build.location' in any property source
00:07:01.620 qrouter [Test worker] DEBUG o.s.b.f.s.DefaultListableBeanFactory -Returning cached instance of singleton bean 'autoConfigurationReport'
00:07:01.622 qrouter [Test worker] DEBUG o.s.b.f.s.DefaultListableBeanFactory -Returning cached instance of singleton bean 'autoConfigurationReport'
00:07:01.623 qrouter [Test worker] DEBUG o.s.b.f.s.DefaultListableBeanFactory -Returning cached instance of singleton bean 'org.springframework.boot.autoconfigure.condition.BeanTypeRegistry'
00:07:01.648 qrouter [Test worker] DEBUG o.s.b.f.s.DefaultListableBeanFactory -Returning cached instance of singleton bean 'autoConfigurationReport'
00:07:01.649 qrouter [Test worker] DEBUG o.s.c.a.ConfigurationClassBeanDefinitionReader -Registered bean definition for imported class 'org.springframework.boot.autoconfigure.jdbc.DataSourceTransactionManagerAutoConfiguration$DataSourceTransactionManagerConfiguration'
00:07:01.650 qrouter [Test worker] DEBUG o.s.b.f.s.DefaultListableBeanFactory -Returning cached instance of singleton bean 'org.springframework.boot.autoconfigure.condition.BeanTypeRegistry'
00:07:01.653 qrouter [Test worker] DEBUG o.s.b.f.s.DefaultListableBeanFactory -Returning cached instance of singleton bean 'autoConfigurationReport'
00:07:01.654 qrouter [Test worker] DEBUG o.s.c.a.ConfigurationClassBeanDefinitionReader -Registered bean definition for imported class 'org.springframework.boot.autoconfigure.jdbc.DataSourceTransactionManagerAutoConfiguration'
00:07:01.655 qrouter [Test worker] DEBUG o.s.b.f.s.DefaultListableBeanFactory -Returning cached instance of singleton bean 'autoConfigurationReport'
00:07:01.655 qrouter [Test worker] DEBUG o.s.b.f.s.DefaultListableBeanFactory -Returning cached instance of singleton bean 'org.springframework.boot.autoconfigure.condition.BeanTypeRegistry'
00:07:01.658 qrouter [Test worker] DEBUG o.s.b.f.s.DefaultListableBeanFactory -Returning cached instance of singleton bean 'autoConfigurationReport'
00:07:01.659 qrouter [Test worker] DEBUG o.s.c.a.ConfigurationClassBeanDefinitionReader -Registered bean definition for imported class 'org.springframework.boot.autoconfigure.jdbc.JdbcTemplateAutoConfiguration'
00:07:01.660 qrouter [Test worker] DEBUG o.s.b.f.s.DefaultListableBeanFactory -Returning cached instance of singleton bean 'org.springframework.boot.autoconfigure.condition.BeanTypeRegistry'
00:07:01.663 qrouter [Test worker] DEBUG o.s.b.f.s.DefaultListableBeanFactory -Returning cached instance of singleton bean 'autoConfigurationReport'
00:07:01.663 qrouter [Test worker] DEBUG o.s.c.a.ConfigurationClassBeanDefinitionReader -Registering bean definition for @Bean method org.springframework.boot.autoconfigure.jdbc.JdbcTemplateAutoConfiguration.jdbcTemplate()
00:07:01.667 qrouter [Test worker] DEBUG o.s.b.f.s.DefaultListableBeanFactory -Returning cached instance of singleton bean 'org.springframework.boot.autoconfigure.condition.BeanTypeRegistry'
00:07:01.676 qrouter [Test worker] DEBUG o.s.b.f.s.DefaultListableBeanFactory -Returning cached instance of singleton bean 'autoConfigurationReport'
00:07:01.677 qrouter [Test worker] DEBUG o.s.c.a.ConfigurationClassBeanDefinitionReader -Registering bean definition for @Bean method org.springframework.boot.autoconfigure.jdbc.JdbcTemplateAutoConfiguration.namedParameterJdbcTemplate()
00:07:01.677 qrouter [Test worker] DEBUG o.s.b.f.s.DefaultListableBeanFactory -Returning cached instance of singleton bean 'autoConfigurationReport'
00:07:01.678 qrouter [Test worker] DEBUG o.s.b.f.s.DefaultListableBeanFactory -Returning cached instance of singleton bean 'org.springframework.boot.autoconfigure.condition.BeanTypeRegistry'
00:07:01.680 qrouter [Test worker] DEBUG o.s.b.f.s.DefaultListableBeanFactory -Returning cached instance of singleton bean 'org.springframework.boot.autoconfigure.condition.BeanTypeRegistry'
00:07:01.680 qrouter [Test worker] DEBUG o.s.b.f.s.DefaultListableBeanFactory -Returning cached instance of singleton bean 'autoConfigurationReport'
00:07:01.681 qrouter [Test worker] DEBUG o.s.b.f.s.DefaultListableBeanFactory -Returning cached instance of singleton bean 'org.springframework.boot.autoconfigure.condition.BeanTypeRegistry'
00:07:01.681 qrouter [Test worker] DEBUG o.s.b.f.s.DefaultListableBeanFactory -Returning cached instance of singleton bean 'org.springframework.boot.autoconfigure.condition.BeanTypeRegistry'
00:07:01.682 qrouter [Test worker] DEBUG o.s.b.f.s.DefaultListableBeanFactory -Returning cached instance of singleton bean 'autoConfigurationReport'
00:07:01.684 qrouter [Test worker] DEBUG o.s.b.f.s.DefaultListableBeanFactory -Returning cached instance of singleton bean 'autoConfigurationReport'
00:07:01.684 qrouter [Test worker] DEBUG o.s.c.a.ConfigurationClassBeanDefinitionReader -Registered bean definition for imported class 'org.springframework.transaction.annotation.ProxyTransactionManagementConfiguration'
00:07:01.685 qrouter [Test worker] DEBUG o.s.c.a.ConfigurationClassBeanDefinitionReader -Registering bean definition for @Bean method org.springframework.transaction.annotation.ProxyTransactionManagementConfiguration.org.springframework.transaction.config.internalTransactionAdvisor()
00:07:01.686 qrouter [Test worker] DEBUG o.s.c.a.ConfigurationClassBeanDefinitionReader -Registering bean definition for @Bean method org.springframework.transaction.annotation.ProxyTransactionManagementConfiguration.transactionAttributeSource()
00:07:01.687 qrouter [Test worker] DEBUG o.s.c.a.ConfigurationClassBeanDefinitionReader -Registering bean definition for @Bean method org.springframework.transaction.annotation.ProxyTransactionManagementConfiguration.transactionInterceptor()
00:07:01.688 qrouter [Test worker] DEBUG o.s.c.a.ConfigurationClassBeanDefinitionReader -Registering bean definition for @Bean method org.springframework.transaction.annotation.ProxyTransactionManagementConfiguration.org.springframework.transaction.config.internalTransactionalEventListenerFactory()
00:07:01.689 qrouter [Test worker] DEBUG o.s.c.a.ConfigurationClassBeanDefinitionReader -Registered bean definition for imported class 'org.springframework.boot.autoconfigure.transaction.TransactionAutoConfiguration$EnableTransactionManagementConfiguration$CglibAutoProxyConfiguration'
00:07:01.691 qrouter [Test worker] DEBUG o.s.c.a.ConfigurationClassBeanDefinitionReader -Registered bean definition for imported class 'org.springframework.boot.autoconfigure.transaction.TransactionAutoConfiguration$EnableTransactionManagementConfiguration'
00:07:01.691 qrouter [Test worker] DEBUG o.s.b.f.s.DefaultListableBeanFactory -Returning cached instance of singleton bean 'org.springframework.boot.autoconfigure.condition.BeanTypeRegistry'
00:07:01.721 qrouter [Test worker] DEBUG o.s.b.f.s.DefaultListableBeanFactory -Returning cached instance of singleton bean 'autoConfigurationReport'
00:07:01.722 qrouter [Test worker] DEBUG o.s.c.a.ConfigurationClassBeanDefinitionReader -Registered bean definition for imported class 'org.springframework.boot.autoconfigure.transaction.TransactionAutoConfiguration$TransactionTemplateConfiguration'
00:07:01.734 qrouter [Test worker] DEBUG o.s.b.f.s.DefaultListableBeanFactory -Returning cached instance of singleton bean 'org.springframework.boot.autoconfigure.condition.BeanTypeRegistry'
00:07:01.737 qrouter [Test worker] DEBUG o.s.b.f.s.DefaultListableBeanFactory -Returning cached instance of singleton bean 'autoConfigurationReport'
00:07:01.738 qrouter [Test worker] DEBUG o.s.c.a.ConfigurationClassBeanDefinitionReader -Registering bean definition for @Bean method org.springframework.boot.autoconfigure.transaction.TransactionAutoConfiguration$TransactionTemplateConfiguration.transactionTemplate()
00:07:01.744 qrouter [Test worker] DEBUG o.s.c.a.ConfigurationClassBeanDefinitionReader -Registered bean definition for imported class 'org.springframework.boot.autoconfigure.transaction.TransactionAutoConfiguration'
00:07:01.747 qrouter [Test worker] DEBUG o.s.b.f.s.DefaultListableBeanFactory -Returning cached instance of singleton bean 'org.springframework.boot.autoconfigure.condition.BeanTypeRegistry'
00:07:01.751 qrouter [Test worker] DEBUG o.s.b.f.s.DefaultListableBeanFactory -Returning cached instance of singleton bean 'autoConfigurationReport'
00:07:01.752 qrouter [Test worker] DEBUG o.s.c.a.ConfigurationClassBeanDefinitionReader -Registering bean definition for @Bean method org.springframework.boot.autoconfigure.transaction.TransactionAutoConfiguration.platformTransactionManagerCustomizers()
00:07:01.754 qrouter [Test worker] DEBUG o.s.b.f.s.DefaultListableBeanFactory -Returning cached instance of singleton bean 'autoConfigurationReport'
00:07:01.754 qrouter [Test worker] DEBUG o.s.b.f.s.DefaultListableBeanFactory -Returning cached instance of singleton bean 'autoConfigurationReport'
00:07:01.755 qrouter [Test worker] DEBUG o.s.b.f.s.DefaultListableBeanFactory -Returning cached instance of singleton bean 'autoConfigurationReport'
00:07:01.756 qrouter [Test worker] DEBUG o.s.c.a.ConfigurationClassBeanDefinitionReader -Registered bean definition for imported class 'org.springframework.boot.autoconfigure.web.HttpEncodingAutoConfiguration'
00:07:01.757 qrouter [Test worker] DEBUG o.s.b.f.s.DefaultListableBeanFactory -Returning cached instance of singleton bean 'org.springframework.boot.autoconfigure.condition.BeanTypeRegistry'
00:07:01.761 qrouter [Test worker] DEBUG o.s.b.f.s.DefaultListableBeanFactory -Returning cached instance of singleton bean 'autoConfigurationReport'
00:07:01.762 qrouter [Test worker] DEBUG o.s.c.a.ConfigurationClassBeanDefinitionReader -Registering bean definition for @Bean method org.springframework.boot.autoconfigure.web.HttpEncodingAutoConfiguration.characterEncodingFilter()
00:07:01.763 qrouter [Test worker] DEBUG o.s.c.a.ConfigurationClassBeanDefinitionReader -Registering bean definition for @Bean method org.springframework.boot.autoconfigure.web.HttpEncodingAutoConfiguration.localeCharsetMappingsCustomizer()
00:07:01.764 qrouter [Test worker] DEBUG o.s.b.f.s.DefaultListableBeanFactory -Returning cached instance of singleton bean 'autoConfigurationReport'
00:07:01.765 qrouter [Test worker] DEBUG o.s.b.f.s.DefaultListableBeanFactory -Returning cached instance of singleton bean 'autoConfigurationReport'
00:07:01.766 qrouter [Test worker] DEBUG o.s.c.a.ConfigurationClassBeanDefinitionReader -Registered bean definition for imported class 'org.springframework.boot.autoconfigure.web.MultipartAutoConfiguration'
00:07:01.767 qrouter [Test worker] DEBUG o.s.b.f.s.DefaultListableBeanFactory -Returning cached instance of singleton bean 'org.springframework.boot.autoconfigure.condition.BeanTypeRegistry'
00:07:01.775 qrouter [Test worker] DEBUG o.s.b.f.s.DefaultListableBeanFactory -Returning cached instance of singleton bean 'autoConfigurationReport'
00:07:01.776 qrouter [Test worker] DEBUG o.s.c.a.ConfigurationClassBeanDefinitionReader -Registering bean definition for @Bean method org.springframework.boot.autoconfigure.web.MultipartAutoConfiguration.multipartConfigElement()
00:07:01.777 qrouter [Test worker] DEBUG o.s.b.f.s.DefaultListableBeanFactory -Returning cached instance of singleton bean 'org.springframework.boot.autoconfigure.condition.BeanTypeRegistry'
00:07:01.778 qrouter [Test worker] DEBUG o.s.b.f.s.DefaultListableBeanFactory -Returning cached instance of singleton bean 'autoConfigurationReport'
00:07:01.779 qrouter [Test worker] DEBUG o.s.c.a.ConfigurationClassBeanDefinitionReader -Registering bean definition for @Bean method org.springframework.boot.autoconfigure.web.MultipartAutoConfiguration.multipartResolver()
00:07:01.780 qrouter [Test worker] DEBUG o.s.b.f.s.DefaultListableBeanFactory -Returning cached instance of singleton bean 'autoConfigurationReport'
00:07:01.780 qrouter [Test worker] DEBUG o.s.c.a.ConfigurationClassBeanDefinitionReader -Registered bean definition for imported class 'org.springframework.boot.autoconfigure.web.ServerPropertiesAutoConfiguration'
00:07:01.787 qrouter [Test worker] DEBUG o.s.b.f.s.DefaultListableBeanFactory -Returning cached instance of singleton bean 'org.springframework.boot.autoconfigure.condition.BeanTypeRegistry'
00:07:01.791 qrouter [Test worker] DEBUG o.s.b.f.s.DefaultListableBeanFactory -Returning cached instance of singleton bean 'autoConfigurationReport'
00:07:01.791 qrouter [Test worker] DEBUG o.s.c.a.ConfigurationClassBeanDefinitionReader -Registering bean definition for @Bean method org.springframework.boot.autoconfigure.web.ServerPropertiesAutoConfiguration.serverProperties()
00:07:01.792 qrouter [Test worker] DEBUG o.s.c.a.ConfigurationClassBeanDefinitionReader -Registering bean definition for @Bean method org.springframework.boot.autoconfigure.web.ServerPropertiesAutoConfiguration.duplicateServerPropertiesDetector()
00:07:01.793 qrouter [Test worker] DEBUG o.s.b.f.s.DefaultListableBeanFactory -Returning cached instance of singleton bean 'autoConfigurationReport'
00:07:01.793 qrouter [Test worker] DEBUG o.s.c.a.ConfigurationClassBeanDefinitionReader -Registered bean definition for imported class 'org.springframework.boot.autoconfigure.web.WebClientAutoConfiguration$RestTemplateConfiguration'
00:07:01.801 qrouter [Test worker] DEBUG o.s.b.f.s.DefaultListableBeanFactory -Returning cached instance of singleton bean 'org.springframework.boot.autoconfigure.condition.BeanTypeRegistry'
00:07:01.807 qrouter [Test worker] DEBUG o.s.b.f.s.DefaultListableBeanFactory -Returning cached instance of singleton bean 'autoConfigurationReport'
00:07:01.808 qrouter [Test worker] DEBUG o.s.c.a.ConfigurationClassBeanDefinitionReader -Registering bean definition for @Bean method org.springframework.boot.autoconfigure.web.WebClientAutoConfiguration$RestTemplateConfiguration.restTemplateBuilder()
00:07:01.809 qrouter [Test worker] DEBUG o.s.c.a.ConfigurationClassBeanDefinitionReader -Registered bean definition for imported class 'org.springframework.boot.autoconfigure.web.WebClientAutoConfiguration'
00:07:02.578 qrouter [Test worker] DEBUG o.s.c.a.ConfigurationClassEnhancer -Successfully enhanced shop.retail.ApplicationLauncher; enhanced class name is: shop.retail.ApplicationLauncher$$EnhancerBySpringCGLIB$$b0dfa876
00:07:02.579 qrouter [Test worker] DEBUG o.s.c.a.ConfigurationClassPostProcessor -Replacing bean definition 'applicationLauncher' existing class 'shop.retail.ApplicationLauncher' with enhanced class 'shop.retail.ApplicationLauncher$$EnhancerBySpringCGLIB$$b0dfa876'
00:07:02.600 qrouter [Test worker] DEBUG o.s.c.a.ConfigurationClassEnhancer -Successfully enhanced shop.retail.service.ShopLocatorTestConfiguration; enhanced class name is: shop.retail.service.ShopLocatorTestConfiguration$$EnhancerBySpringCGLIB$$b389e2c9
00:07:02.601 qrouter [Test worker] DEBUG o.s.c.a.ConfigurationClassPostProcessor -Replacing bean definition 'shopLocatorTestConfiguration' existing class 'shop.retail.service.ShopLocatorTestConfiguration' with enhanced class 'shop.retail.service.ShopLocatorTestConfiguration$$EnhancerBySpringCGLIB$$b389e2c9'
00:07:02.613 qrouter [Test worker] DEBUG o.s.c.a.ConfigurationClassEnhancer -Successfully enhanced shop.retail.swagger.SwaggerTest; enhanced class name is: shop.retail.swagger.SwaggerTest$$EnhancerBySpringCGLIB$$df5e3f3e
00:07:02.614 qrouter [Test worker] DEBUG o.s.c.a.ConfigurationClassPostProcessor -Replacing bean definition 'swaggerTest' existing class 'shop.retail.swagger.SwaggerTest' with enhanced class 'shop.retail.swagger.SwaggerTest$$EnhancerBySpringCGLIB$$df5e3f3e'
00:07:02.614 qrouter [Test worker] DEBUG o.s.c.a.ConfigurationClassEnhancer -Successfully enhanced shop.retail.service.ShopLocatorTestConfiguration; enhanced class name is: shop.retail.service.ShopLocatorTestConfiguration$$EnhancerBySpringCGLIB$$b389e2c9
00:07:02.615 qrouter [Test worker] DEBUG o.s.c.a.ConfigurationClassPostProcessor -Replacing bean definition 'propertiesResolver' existing class 'shop.retail.service.ShopLocatorTestConfiguration' with enhanced class 'shop.retail.service.ShopLocatorTestConfiguration$$EnhancerBySpringCGLIB$$b389e2c9'
00:07:02.631 qrouter [Test worker] DEBUG o.s.c.a.ConfigurationClassEnhancer -Successfully enhanced springfox.documentation.schema.configuration.ModelsConfiguration; enhanced class name is: springfox.documentation.schema.configuration.ModelsConfiguration$$EnhancerBySpringCGLIB$$123fff40
00:07:02.632 qrouter [Test worker] DEBUG o.s.c.a.ConfigurationClassPostProcessor -Replacing bean definition 'springfox.documentation.schema.configuration.ModelsConfiguration' existing class 'springfox.documentation.schema.configuration.ModelsConfiguration' with enhanced class 'springfox.documentation.schema.configuration.ModelsConfiguration$$EnhancerBySpringCGLIB$$123fff40'
00:07:02.655 qrouter [Test worker] DEBUG o.s.c.a.ConfigurationClassEnhancer -Successfully enhanced springfox.documentation.spring.web.SpringMvcDocumentationConfiguration; enhanced class name is: springfox.documentation.spring.web.SpringMvcDocumentationConfiguration$$EnhancerBySpringCGLIB$$8cd0fcc7
00:07:02.656 qrouter [Test worker] DEBUG o.s.c.a.ConfigurationClassPostProcessor -Replacing bean definition 'springfox.documentation.spring.web.SpringMvcDocumentationConfiguration' existing class 'springfox.documentation.spring.web.SpringMvcDocumentationConfiguration' with enhanced class 'springfox.documentation.spring.web.SpringMvcDocumentationConfiguration$$EnhancerBySpringCGLIB$$8cd0fcc7'
00:07:02.656 qrouter [Test worker] DEBUG o.s.c.a.ConfigurationClassEnhancer -Successfully enhanced springfox.documentation.spring.web.SpringMvcDocumentationConfiguration; enhanced class name is: springfox.documentation.spring.web.SpringMvcDocumentationConfiguration$$EnhancerBySpringCGLIB$$8cd0fcc7
00:07:02.656 qrouter [Test worker] DEBUG o.s.c.a.ConfigurationClassPostProcessor -Replacing bean definition 'objectMapperConfigurer' existing class 'springfox.documentation.spring.web.SpringMvcDocumentationConfiguration' with enhanced class 'springfox.documentation.spring.web.SpringMvcDocumentationConfiguration$$EnhancerBySpringCGLIB$$8cd0fcc7'
00:07:02.664 qrouter [Test worker] DEBUG o.s.c.a.ConfigurationClassEnhancer -Successfully enhanced springfox.documentation.swagger.configuration.SwaggerCommonConfiguration; enhanced class name is: springfox.documentation.swagger.configuration.SwaggerCommonConfiguration$$EnhancerBySpringCGLIB$$48a09256
00:07:02.665 qrouter [Test worker] DEBUG o.s.c.a.ConfigurationClassPostProcessor -Replacing bean definition 'springfox.documentation.swagger.configuration.SwaggerCommonConfiguration' existing class 'springfox.documentation.swagger.configuration.SwaggerCommonConfiguration' with enhanced class 'springfox.documentation.swagger.configuration.SwaggerCommonConfiguration$$EnhancerBySpringCGLIB$$48a09256'
00:07:02.665 qrouter [Test worker] DEBUG o.s.c.a.ConfigurationClassEnhancer -Successfully enhanced springfox.documentation.swagger.configuration.SwaggerCommonConfiguration; enhanced class name is: springfox.documentation.swagger.configuration.SwaggerCommonConfiguration$$EnhancerBySpringCGLIB$$48a09256
00:07:02.666 qrouter [Test worker] DEBUG o.s.c.a.ConfigurationClassPostProcessor -Replacing bean definition 'swaggerProperties' existing class 'springfox.documentation.swagger.configuration.SwaggerCommonConfiguration' with enhanced class 'springfox.documentation.swagger.configuration.SwaggerCommonConfiguration$$EnhancerBySpringCGLIB$$48a09256'
00:07:02.675 qrouter [Test worker] DEBUG o.s.c.a.ConfigurationClassEnhancer -Successfully enhanced springfox.documentation.swagger2.configuration.Swagger2DocumentationConfiguration; enhanced class name is: springfox.documentation.swagger2.configuration.Swagger2DocumentationConfiguration$$EnhancerBySpringCGLIB$$732e05db
00:07:02.675 qrouter [Test worker] DEBUG o.s.c.a.ConfigurationClassPostProcessor -Replacing bean definition 'springfox.documentation.swagger2.configuration.Swagger2DocumentationConfiguration' existing class 'springfox.documentation.swagger2.configuration.Swagger2DocumentationConfiguration' with enhanced class 'springfox.documentation.swagger2.configuration.Swagger2DocumentationConfiguration$$EnhancerBySpringCGLIB$$732e05db'
00:07:02.685 qrouter [Test worker] DEBUG o.s.c.a.ConfigurationClassEnhancer -Successfully enhanced org.springframework.boot.autoconfigure.context.MessageSourceAutoConfiguration; enhanced class name is: org.springframework.boot.autoconfigure.context.MessageSourceAutoConfiguration$$EnhancerBySpringCGLIB$$bcff4cc9
00:07:02.685 qrouter [Test worker] DEBUG o.s.c.a.ConfigurationClassPostProcessor -Replacing bean definition 'org.springframework.boot.autoconfigure.context.MessageSourceAutoConfiguration' existing class 'org.springframework.boot.autoconfigure.context.MessageSourceAutoConfiguration' with enhanced class 'org.springframework.boot.autoconfigure.context.MessageSourceAutoConfiguration$$EnhancerBySpringCGLIB$$bcff4cc9'
00:07:02.692 qrouter [Test worker] DEBUG o.s.c.a.ConfigurationClassEnhancer -Successfully enhanced org.springframework.boot.autoconfigure.context.PropertyPlaceholderAutoConfiguration; enhanced class name is: org.springframework.boot.autoconfigure.context.PropertyPlaceholderAutoConfiguration$$EnhancerBySpringCGLIB$$7634ff2d
00:07:02.692 qrouter [Test worker] DEBUG o.s.c.a.ConfigurationClassPostProcessor -Replacing bean definition 'org.springframework.boot.autoconfigure.context.PropertyPlaceholderAutoConfiguration' existing class 'org.springframework.boot.autoconfigure.context.PropertyPlaceholderAutoConfiguration' with enhanced class 'org.springframework.boot.autoconfigure.context.PropertyPlaceholderAutoConfiguration$$EnhancerBySpringCGLIB$$7634ff2d'
00:07:02.701 qrouter [Test worker] DEBUG o.s.c.a.ConfigurationClassEnhancer -Successfully enhanced org.springframework.boot.autoconfigure.jackson.JacksonAutoConfiguration$Jackson2ObjectMapperBuilderCustomizerConfiguration; enhanced class name is: org.springframework.boot.autoconfigure.jackson.JacksonAutoConfiguration$Jackson2ObjectMapperBuilderCustomizerConfiguration$$EnhancerBySpringCGLIB$$3e75b48d
00:07:02.702 qrouter [Test worker] DEBUG o.s.c.a.ConfigurationClassPostProcessor -Replacing bean definition 'org.springframework.boot.autoconfigure.jackson.JacksonAutoConfiguration$Jackson2ObjectMapperBuilderCustomizerConfiguration' existing class 'org.springframework.boot.autoconfigure.jackson.JacksonAutoConfiguration$Jackson2ObjectMapperBuilderCustomizerConfiguration' with enhanced class 'org.springframework.boot.autoconfigure.jackson.JacksonAutoConfiguration$Jackson2ObjectMapperBuilderCustomizerConfiguration$$EnhancerBySpringCGLIB$$3e75b48d'
00:07:02.724 qrouter [Test worker] DEBUG o.s.c.a.ConfigurationClassEnhancer -Successfully enhanced org.springframework.boot.autoconfigure.jackson.JacksonAutoConfiguration$JacksonObjectMapperBuilderConfiguration; enhanced class name is: org.springframework.boot.autoconfigure.jackson.JacksonAutoConfiguration$JacksonObjectMapperBuilderConfiguration$$EnhancerBySpringCGLIB$$835ece9e
00:07:02.724 qrouter [Test worker] DEBUG o.s.c.a.ConfigurationClassPostProcessor -Replacing bean definition 'org.springframework.boot.autoconfigure.jackson.JacksonAutoConfiguration$JacksonObjectMapperBuilderConfiguration' existing class 'org.springframework.boot.autoconfigure.jackson.JacksonAutoConfiguration$JacksonObjectMapperBuilderConfiguration' with enhanced class 'org.springframework.boot.autoconfigure.jackson.JacksonAutoConfiguration$JacksonObjectMapperBuilderConfiguration$$EnhancerBySpringCGLIB$$835ece9e'
00:07:02.740 qrouter [Test worker] DEBUG o.s.c.a.ConfigurationClassEnhancer -Successfully enhanced org.springframework.boot.autoconfigure.jackson.JacksonAutoConfiguration$JacksonObjectMapperConfiguration; enhanced class name is: org.springframework.boot.autoconfigure.jackson.JacksonAutoConfiguration$JacksonObjectMapperConfiguration$$EnhancerBySpringCGLIB$$d1120c85
00:07:02.741 qrouter [Test worker] DEBUG o.s.c.a.ConfigurationClassPostProcessor -Replacing bean definition 'org.springframework.boot.autoconfigure.jackson.JacksonAutoConfiguration$JacksonObjectMapperConfiguration' existing class 'org.springframework.boot.autoconfigure.jackson.JacksonAutoConfiguration$JacksonObjectMapperConfiguration' with enhanced class 'org.springframework.boot.autoconfigure.jackson.JacksonAutoConfiguration$JacksonObjectMapperConfiguration$$EnhancerBySpringCGLIB$$d1120c85'
00:07:02.749 qrouter [Test worker] DEBUG o.s.c.a.ConfigurationClassEnhancer -Successfully enhanced org.springframework.boot.autoconfigure.jackson.JacksonAutoConfiguration; enhanced class name is: org.springframework.boot.autoconfigure.jackson.JacksonAutoConfiguration$$EnhancerBySpringCGLIB$$b31daa14
00:07:02.750 qrouter [Test worker] DEBUG o.s.c.a.ConfigurationClassPostProcessor -Replacing bean definition 'org.springframework.boot.autoconfigure.jackson.JacksonAutoConfiguration' existing class 'org.springframework.boot.autoconfigure.jackson.JacksonAutoConfiguration' with enhanced class 'org.springframework.boot.autoconfigure.jackson.JacksonAutoConfiguration$$EnhancerBySpringCGLIB$$b31daa14'
00:07:02.766 qrouter [Test worker] DEBUG o.s.c.a.ConfigurationClassEnhancer -Successfully enhanced org.springframework.boot.autoconfigure.websocket.WebSocketAutoConfiguration$TomcatWebSocketConfiguration; enhanced class name is: org.springframework.boot.autoconfigure.websocket.WebSocketAutoConfiguration$TomcatWebSocketConfiguration$$EnhancerBySpringCGLIB$$a4510d1d
00:07:02.767 qrouter [Test worker] DEBUG o.s.c.a.ConfigurationClassPostProcessor -Replacing bean definition 'org.springframework.boot.autoconfigure.websocket.WebSocketAutoConfiguration$TomcatWebSocketConfiguration' existing class 'org.springframework.boot.autoconfigure.websocket.WebSocketAutoConfiguration$TomcatWebSocketConfiguration' with enhanced class 'org.springframework.boot.autoconfigure.websocket.WebSocketAutoConfiguration$TomcatWebSocketConfiguration$$EnhancerBySpringCGLIB$$a4510d1d'
00:07:02.775 qrouter [Test worker] DEBUG o.s.c.a.ConfigurationClassEnhancer -Successfully enhanced org.springframework.boot.autoconfigure.websocket.WebSocketAutoConfiguration; enhanced class name is: org.springframework.boot.autoconfigure.websocket.WebSocketAutoConfiguration$$EnhancerBySpringCGLIB$$882f214c
00:07:02.775 qrouter [Test worker] DEBUG o.s.c.a.ConfigurationClassPostProcessor -Replacing bean definition 'org.springframework.boot.autoconfigure.websocket.WebSocketAutoConfiguration' existing class 'org.springframework.boot.autoconfigure.websocket.WebSocketAutoConfiguration' with enhanced class 'org.springframework.boot.autoconfigure.websocket.WebSocketAutoConfiguration$$EnhancerBySpringCGLIB$$882f214c'
00:07:02.786 qrouter [Test worker] DEBUG o.s.c.a.ConfigurationClassEnhancer -Successfully enhanced org.springframework.boot.autoconfigure.web.EmbeddedServletContainerAutoConfiguration$EmbeddedTomcat; enhanced class name is: org.springframework.boot.autoconfigure.web.EmbeddedServletContainerAutoConfiguration$EmbeddedTomcat$$EnhancerBySpringCGLIB$$2901d010
00:07:02.787 qrouter [Test worker] DEBUG o.s.c.a.ConfigurationClassPostProcessor -Replacing bean definition 'org.springframework.boot.autoconfigure.web.EmbeddedServletContainerAutoConfiguration$EmbeddedTomcat' existing class 'org.springframework.boot.autoconfigure.web.EmbeddedServletContainerAutoConfiguration$EmbeddedTomcat' with enhanced class 'org.springframework.boot.autoconfigure.web.EmbeddedServletContainerAutoConfiguration$EmbeddedTomcat$$EnhancerBySpringCGLIB$$2901d010'
00:07:02.794 qrouter [Test worker] DEBUG o.s.c.a.ConfigurationClassEnhancer -Successfully enhanced org.springframework.boot.autoconfigure.web.EmbeddedServletContainerAutoConfiguration; enhanced class name is: org.springframework.boot.autoconfigure.web.EmbeddedServletContainerAutoConfiguration$$EnhancerBySpringCGLIB$$e1eb5d34
00:07:02.794 qrouter [Test worker] DEBUG o.s.c.a.ConfigurationClassPostProcessor -Replacing bean definition 'org.springframework.boot.autoconfigure.web.EmbeddedServletContainerAutoConfiguration' existing class 'org.springframework.boot.autoconfigure.web.EmbeddedServletContainerAutoConfiguration' with enhanced class 'org.springframework.boot.autoconfigure.web.EmbeddedServletContainerAutoConfiguration$$EnhancerBySpringCGLIB$$e1eb5d34'
00:07:02.807 qrouter [Test worker] DEBUG o.s.c.a.ConfigurationClassEnhancer -Successfully enhanced org.springframework.boot.autoconfigure.web.DispatcherServletAutoConfiguration$DispatcherServletConfiguration; enhanced class name is: org.springframework.boot.autoconfigure.web.DispatcherServletAutoConfiguration$DispatcherServletConfiguration$$EnhancerBySpringCGLIB$$1be43c46
00:07:02.808 qrouter [Test worker] DEBUG o.s.c.a.ConfigurationClassPostProcessor -Replacing bean definition 'org.springframework.boot.autoconfigure.web.DispatcherServletAutoConfiguration$DispatcherServletConfiguration' existing class 'org.springframework.boot.autoconfigure.web.DispatcherServletAutoConfiguration$DispatcherServletConfiguration' with enhanced class 'org.springframework.boot.autoconfigure.web.DispatcherServletAutoConfiguration$DispatcherServletConfiguration$$EnhancerBySpringCGLIB$$1be43c46'
00:07:02.816 qrouter [Test worker] DEBUG o.s.c.a.ConfigurationClassEnhancer -Successfully enhanced org.springframework.boot.autoconfigure.web.DispatcherServletAutoConfiguration$DispatcherServletRegistrationConfiguration; enhanced class name is: org.springframework.boot.autoconfigure.web.DispatcherServletAutoConfiguration$DispatcherServletRegistrationConfiguration$$EnhancerBySpringCGLIB$$96d3cb6d
00:07:02.817 qrouter [Test worker] DEBUG o.s.c.a.ConfigurationClassPostProcessor -Replacing bean definition 'org.springframework.boot.autoconfigure.web.DispatcherServletAutoConfiguration$DispatcherServletRegistrationConfiguration' existing class 'org.springframework.boot.autoconfigure.web.DispatcherServletAutoConfiguration$DispatcherServletRegistrationConfiguration' with enhanced class 'org.springframework.boot.autoconfigure.web.DispatcherServletAutoConfiguration$DispatcherServletRegistrationConfiguration$$EnhancerBySpringCGLIB$$96d3cb6d'
00:07:02.824 qrouter [Test worker] DEBUG o.s.c.a.ConfigurationClassEnhancer -Successfully enhanced org.springframework.boot.autoconfigure.web.DispatcherServletAutoConfiguration; enhanced class name is: org.springframework.boot.autoconfigure.web.DispatcherServletAutoConfiguration$$EnhancerBySpringCGLIB$$6af2cf48
00:07:02.825 qrouter [Test worker] DEBUG o.s.c.a.ConfigurationClassPostProcessor -Replacing bean definition 'org.springframework.boot.autoconfigure.web.DispatcherServletAutoConfiguration' existing class 'org.springframework.boot.autoconfigure.web.DispatcherServletAutoConfiguration' with enhanced class 'org.springframework.boot.autoconfigure.web.DispatcherServletAutoConfiguration$$EnhancerBySpringCGLIB$$6af2cf48'
00:07:02.831 qrouter [Test worker] DEBUG o.s.c.a.ConfigurationClassEnhancer -Successfully enhanced org.springframework.boot.autoconfigure.validation.ValidationAutoConfiguration; enhanced class name is: org.springframework.boot.autoconfigure.validation.ValidationAutoConfiguration$$EnhancerBySpringCGLIB$$e67e1d7e
00:07:02.831 qrouter [Test worker] DEBUG o.s.c.a.ConfigurationClassPostProcessor -Replacing bean definition 'org.springframework.boot.autoconfigure.validation.ValidationAutoConfiguration' existing class 'org.springframework.boot.autoconfigure.validation.ValidationAutoConfiguration' with enhanced class 'org.springframework.boot.autoconfigure.validation.ValidationAutoConfiguration$$EnhancerBySpringCGLIB$$e67e1d7e'
00:07:02.832 qrouter [Test worker] DEBUG o.s.c.a.ConfigurationClassEnhancer -Successfully enhanced org.springframework.boot.autoconfigure.validation.ValidationAutoConfiguration; enhanced class name is: org.springframework.boot.autoconfigure.validation.ValidationAutoConfiguration$$EnhancerBySpringCGLIB$$e67e1d7e
00:07:02.832 qrouter [Test worker] DEBUG o.s.c.a.ConfigurationClassPostProcessor -Replacing bean definition 'defaultValidator' existing class 'org.springframework.boot.autoconfigure.validation.ValidationAutoConfiguration' with enhanced class 'org.springframework.boot.autoconfigure.validation.ValidationAutoConfiguration$$EnhancerBySpringCGLIB$$e67e1d7e'
00:07:02.833 qrouter [Test worker] DEBUG o.s.c.a.ConfigurationClassEnhancer -Successfully enhanced org.springframework.boot.autoconfigure.validation.ValidationAutoConfiguration; enhanced class name is: org.springframework.boot.autoconfigure.validation.ValidationAutoConfiguration$$EnhancerBySpringCGLIB$$e67e1d7e
00:07:02.833 qrouter [Test worker] DEBUG o.s.c.a.ConfigurationClassPostProcessor -Replacing bean definition 'methodValidationPostProcessor' existing class 'org.springframework.boot.autoconfigure.validation.ValidationAutoConfiguration' with enhanced class 'org.springframework.boot.autoconfigure.validation.ValidationAutoConfiguration$$EnhancerBySpringCGLIB$$e67e1d7e'
00:07:02.843 qrouter [Test worker] DEBUG o.s.c.a.ConfigurationClassEnhancer -Successfully enhanced org.springframework.boot.autoconfigure.web.ErrorMvcAutoConfiguration$WhitelabelErrorViewConfiguration; enhanced class name is: org.springframework.boot.autoconfigure.web.ErrorMvcAutoConfiguration$WhitelabelErrorViewConfiguration$$EnhancerBySpringCGLIB$$bbc5fe62
00:07:02.843 qrouter [Test worker] DEBUG o.s.c.a.ConfigurationClassPostProcessor -Replacing bean definition 'org.springframework.boot.autoconfigure.web.ErrorMvcAutoConfiguration$WhitelabelErrorViewConfiguration' existing class 'org.springframework.boot.autoconfigure.web.ErrorMvcAutoConfiguration$WhitelabelErrorViewConfiguration' with enhanced class 'org.springframework.boot.autoconfigure.web.ErrorMvcAutoConfiguration$WhitelabelErrorViewConfiguration$$EnhancerBySpringCGLIB$$bbc5fe62'
00:07:02.852 qrouter [Test worker] DEBUG o.s.c.a.ConfigurationClassEnhancer -Successfully enhanced org.springframework.boot.autoconfigure.web.ErrorMvcAutoConfiguration$DefaultErrorViewResolverConfiguration; enhanced class name is: org.springframework.boot.autoconfigure.web.ErrorMvcAutoConfiguration$DefaultErrorViewResolverConfiguration$$EnhancerBySpringCGLIB$$3816a048
00:07:02.852 qrouter [Test worker] DEBUG o.s.c.a.ConfigurationClassPostProcessor -Replacing bean definition 'org.springframework.boot.autoconfigure.web.ErrorMvcAutoConfiguration$DefaultErrorViewResolverConfiguration' existing class 'org.springframework.boot.autoconfigure.web.ErrorMvcAutoConfiguration$DefaultErrorViewResolverConfiguration' with enhanced class 'org.springframework.boot.autoconfigure.web.ErrorMvcAutoConfiguration$DefaultErrorViewResolverConfiguration$$EnhancerBySpringCGLIB$$3816a048'
00:07:02.864 qrouter [Test worker] DEBUG o.s.c.a.ConfigurationClassEnhancer -Successfully enhanced org.springframework.boot.autoconfigure.web.ErrorMvcAutoConfiguration; enhanced class name is: org.springframework.boot.autoconfigure.web.ErrorMvcAutoConfiguration$$EnhancerBySpringCGLIB$$2b7996e8
00:07:02.864 qrouter [Test worker] DEBUG o.s.c.a.ConfigurationClassPostProcessor -Replacing bean definition 'org.springframework.boot.autoconfigure.web.ErrorMvcAutoConfiguration' existing class 'org.springframework.boot.autoconfigure.web.ErrorMvcAutoConfiguration' with enhanced class 'org.springframework.boot.autoconfigure.web.ErrorMvcAutoConfiguration$$EnhancerBySpringCGLIB$$2b7996e8'
00:07:02.865 qrouter [Test worker] DEBUG o.s.c.a.ConfigurationClassEnhancer -Successfully enhanced org.springframework.boot.autoconfigure.web.ErrorMvcAutoConfiguration; enhanced class name is: org.springframework.boot.autoconfigure.web.ErrorMvcAutoConfiguration$$EnhancerBySpringCGLIB$$2b7996e8
00:07:02.865 qrouter [Test worker] DEBUG o.s.c.a.ConfigurationClassPostProcessor -Replacing bean definition 'preserveErrorControllerTargetClassPostProcessor' existing class 'org.springframework.boot.autoconfigure.web.ErrorMvcAutoConfiguration' with enhanced class 'org.springframework.boot.autoconfigure.web.ErrorMvcAutoConfiguration$$EnhancerBySpringCGLIB$$2b7996e8'
00:07:02.910 qrouter [Test worker] DEBUG o.s.c.a.ConfigurationClassEnhancer -Successfully enhanced org.springframework.boot.autoconfigure.web.WebMvcAutoConfiguration$EnableWebMvcConfiguration; enhanced class name is: org.springframework.boot.autoconfigure.web.WebMvcAutoConfiguration$EnableWebMvcConfiguration$$EnhancerBySpringCGLIB$$ccac2efd
00:07:02.911 qrouter [Test worker] DEBUG o.s.c.a.ConfigurationClassPostProcessor -Replacing bean definition 'org.springframework.boot.autoconfigure.web.WebMvcAutoConfiguration$EnableWebMvcConfiguration' existing class 'org.springframework.boot.autoconfigure.web.WebMvcAutoConfiguration$EnableWebMvcConfiguration' with enhanced class 'org.springframework.boot.autoconfigure.web.WebMvcAutoConfiguration$EnableWebMvcConfiguration$$EnhancerBySpringCGLIB$$ccac2efd'
00:07:02.923 qrouter [Test worker] DEBUG o.s.c.a.ConfigurationClassEnhancer -Successfully enhanced org.springframework.boot.autoconfigure.web.WebMvcAutoConfiguration$WebMvcAutoConfigurationAdapter$FaviconConfiguration; enhanced class name is: org.springframework.boot.autoconfigure.web.WebMvcAutoConfiguration$WebMvcAutoConfigurationAdapter$FaviconConfiguration$$EnhancerBySpringCGLIB$$ad9bb8e8
00:07:02.927 qrouter [Test worker] DEBUG o.s.c.a.ConfigurationClassPostProcessor -Replacing bean definition 'org.springframework.boot.autoconfigure.web.WebMvcAutoConfiguration$WebMvcAutoConfigurationAdapter$FaviconConfiguration' existing class 'org.springframework.boot.autoconfigure.web.WebMvcAutoConfiguration$WebMvcAutoConfigurationAdapter$FaviconConfiguration' with enhanced class 'org.springframework.boot.autoconfigure.web.WebMvcAutoConfiguration$WebMvcAutoConfigurationAdapter$FaviconConfiguration$$EnhancerBySpringCGLIB$$ad9bb8e8'
00:07:02.986 qrouter [Test worker] DEBUG o.s.c.a.ConfigurationClassEnhancer -Successfully enhanced org.springframework.boot.autoconfigure.web.WebMvcAutoConfiguration$WebMvcAutoConfigurationAdapter; enhanced class name is: org.springframework.boot.autoconfigure.web.WebMvcAutoConfiguration$WebMvcAutoConfigurationAdapter$$EnhancerBySpringCGLIB$$6081e470
00:07:02.987 qrouter [Test worker] DEBUG o.s.c.a.ConfigurationClassPostProcessor -Replacing bean definition 'org.springframework.boot.autoconfigure.web.WebMvcAutoConfiguration$WebMvcAutoConfigurationAdapter' existing class 'org.springframework.boot.autoconfigure.web.WebMvcAutoConfiguration$WebMvcAutoConfigurationAdapter' with enhanced class 'org.springframework.boot.autoconfigure.web.WebMvcAutoConfiguration$WebMvcAutoConfigurationAdapter$$EnhancerBySpringCGLIB$$6081e470'
00:07:02.988 qrouter [Test worker] DEBUG o.s.c.a.ConfigurationClassEnhancer -Successfully enhanced org.springframework.boot.autoconfigure.web.WebMvcAutoConfiguration$WebMvcAutoConfigurationAdapter; enhanced class name is: org.springframework.boot.autoconfigure.web.WebMvcAutoConfiguration$WebMvcAutoConfigurationAdapter$$EnhancerBySpringCGLIB$$6081e470
00:07:02.989 qrouter [Test worker] DEBUG o.s.c.a.ConfigurationClassPostProcessor -Replacing bean definition 'requestContextFilter' existing class 'org.springframework.boot.autoconfigure.web.WebMvcAutoConfiguration$WebMvcAutoConfigurationAdapter' with enhanced class 'org.springframework.boot.autoconfigure.web.WebMvcAutoConfiguration$WebMvcAutoConfigurationAdapter$$EnhancerBySpringCGLIB$$6081e470'
00:07:03.002 qrouter [Test worker] DEBUG o.s.c.a.ConfigurationClassEnhancer -Successfully enhanced org.springframework.boot.autoconfigure.web.WebMvcAutoConfiguration; enhanced class name is: org.springframework.boot.autoconfigure.web.WebMvcAutoConfiguration$$EnhancerBySpringCGLIB$$e4bb7634
00:07:03.003 qrouter [Test worker] DEBUG o.s.c.a.ConfigurationClassPostProcessor -Replacing bean definition 'org.springframework.boot.autoconfigure.web.WebMvcAutoConfiguration' existing class 'org.springframework.boot.autoconfigure.web.WebMvcAutoConfiguration' with enhanced class 'org.springframework.boot.autoconfigure.web.WebMvcAutoConfiguration$$EnhancerBySpringCGLIB$$e4bb7634'
00:07:03.011 qrouter [Test worker] DEBUG o.s.c.a.ConfigurationClassEnhancer -Successfully enhanced org.springframework.boot.autoconfigure.aop.AopAutoConfiguration$JdkDynamicAutoProxyConfiguration; enhanced class name is: org.springframework.boot.autoconfigure.aop.AopAutoConfiguration$JdkDynamicAutoProxyConfiguration$$EnhancerBySpringCGLIB$$4efd465
00:07:03.012 qrouter [Test worker] DEBUG o.s.c.a.ConfigurationClassPostProcessor -Replacing bean definition 'org.springframework.boot.autoconfigure.aop.AopAutoConfiguration$JdkDynamicAutoProxyConfiguration' existing class 'org.springframework.boot.autoconfigure.aop.AopAutoConfiguration$JdkDynamicAutoProxyConfiguration' with enhanced class 'org.springframework.boot.autoconfigure.aop.AopAutoConfiguration$JdkDynamicAutoProxyConfiguration$$EnhancerBySpringCGLIB$$4efd465'
00:07:03.021 qrouter [Test worker] DEBUG o.s.c.a.ConfigurationClassEnhancer -Successfully enhanced org.springframework.boot.autoconfigure.aop.AopAutoConfiguration; enhanced class name is: org.springframework.boot.autoconfigure.aop.AopAutoConfiguration$$EnhancerBySpringCGLIB$$c0d50bb6
00:07:03.022 qrouter [Test worker] DEBUG o.s.c.a.ConfigurationClassPostProcessor -Replacing bean definition 'org.springframework.boot.autoconfigure.aop.AopAutoConfiguration' existing class 'org.springframework.boot.autoconfigure.aop.AopAutoConfiguration' with enhanced class 'org.springframework.boot.autoconfigure.aop.AopAutoConfiguration$$EnhancerBySpringCGLIB$$c0d50bb6'
00:07:03.032 qrouter [Test worker] DEBUG o.s.c.a.ConfigurationClassEnhancer -Successfully enhanced org.springframework.boot.autoconfigure.jdbc.DataSourceAutoConfiguration$PooledDataSourceConfiguration; enhanced class name is: org.springframework.boot.autoconfigure.jdbc.DataSourceAutoConfiguration$PooledDataSourceConfiguration$$EnhancerBySpringCGLIB$$f4227de6
00:07:03.033 qrouter [Test worker] DEBUG o.s.c.a.ConfigurationClassPostProcessor -Replacing bean definition 'org.springframework.boot.autoconfigure.jdbc.DataSourceAutoConfiguration$PooledDataSourceConfiguration' existing class 'org.springframework.boot.autoconfigure.jdbc.DataSourceAutoConfiguration$PooledDataSourceConfiguration' with enhanced class 'org.springframework.boot.autoconfigure.jdbc.DataSourceAutoConfiguration$PooledDataSourceConfiguration$$EnhancerBySpringCGLIB$$f4227de6'
00:07:03.043 qrouter [Test worker] DEBUG o.s.c.a.ConfigurationClassEnhancer -Successfully enhanced org.springframework.boot.autoconfigure.jdbc.metadata.DataSourcePoolMetadataProvidersConfiguration$TomcatDataSourcePoolMetadataProviderConfiguration; enhanced class name is: org.springframework.boot.autoconfigure.jdbc.metadata.DataSourcePoolMetadataProvidersConfiguration$TomcatDataSourcePoolMetadataProviderConfiguration$$EnhancerBySpringCGLIB$$d4e47b22
00:07:03.044 qrouter [Test worker] DEBUG o.s.c.a.ConfigurationClassPostProcessor -Replacing bean definition 'org.springframework.boot.autoconfigure.jdbc.metadata.DataSourcePoolMetadataProvidersConfiguration$TomcatDataSourcePoolMetadataProviderConfiguration' existing class 'org.springframework.boot.autoconfigure.jdbc.metadata.DataSourcePoolMetadataProvidersConfiguration$TomcatDataSourcePoolMetadataProviderConfiguration' with enhanced class 'org.springframework.boot.autoconfigure.jdbc.metadata.DataSourcePoolMetadataProvidersConfiguration$TomcatDataSourcePoolMetadataProviderConfiguration$$EnhancerBySpringCGLIB$$d4e47b22'
00:07:03.053 qrouter [Test worker] DEBUG o.s.c.a.ConfigurationClassEnhancer -Successfully enhanced org.springframework.boot.autoconfigure.jdbc.metadata.DataSourcePoolMetadataProvidersConfiguration; enhanced class name is: org.springframework.boot.autoconfigure.jdbc.metadata.DataSourcePoolMetadataProvidersConfiguration$$EnhancerBySpringCGLIB$$526f7535
00:07:03.054 qrouter [Test worker] DEBUG o.s.c.a.ConfigurationClassPostProcessor -Replacing bean definition 'org.springframework.boot.autoconfigure.jdbc.metadata.DataSourcePoolMetadataProvidersConfiguration' existing class 'org.springframework.boot.autoconfigure.jdbc.metadata.DataSourcePoolMetadataProvidersConfiguration' with enhanced class 'org.springframework.boot.autoconfigure.jdbc.metadata.DataSourcePoolMetadataProvidersConfiguration$$EnhancerBySpringCGLIB$$526f7535'
00:07:03.068 qrouter [Test worker] DEBUG o.s.c.a.ConfigurationClassEnhancer -Successfully enhanced org.springframework.boot.autoconfigure.jdbc.DataSourceAutoConfiguration; enhanced class name is: org.springframework.boot.autoconfigure.jdbc.DataSourceAutoConfiguration$$EnhancerBySpringCGLIB$$57723054
00:07:03.069 qrouter [Test worker] DEBUG o.s.c.a.ConfigurationClassPostProcessor -Replacing bean definition 'org.springframework.boot.autoconfigure.jdbc.DataSourceAutoConfiguration' existing class 'org.springframework.boot.autoconfigure.jdbc.DataSourceAutoConfiguration' with enhanced class 'org.springframework.boot.autoconfigure.jdbc.DataSourceAutoConfiguration$$EnhancerBySpringCGLIB$$57723054'
00:07:03.079 qrouter [Test worker] DEBUG o.s.c.a.ConfigurationClassEnhancer -Successfully enhanced org.springframework.boot.autoconfigure.orm.jpa.JpaBaseConfiguration$JpaWebConfiguration$JpaWebMvcConfiguration; enhanced class name is: org.springframework.boot.autoconfigure.orm.jpa.JpaBaseConfiguration$JpaWebConfiguration$JpaWebMvcConfiguration$$EnhancerBySpringCGLIB$$beb999ec
00:07:03.080 qrouter [Test worker] DEBUG o.s.c.a.ConfigurationClassPostProcessor -Replacing bean definition 'org.springframework.boot.autoconfigure.orm.jpa.JpaBaseConfiguration$JpaWebConfiguration$JpaWebMvcConfiguration' existing class 'org.springframework.boot.autoconfigure.orm.jpa.JpaBaseConfiguration$JpaWebConfiguration$JpaWebMvcConfiguration' with enhanced class 'org.springframework.boot.autoconfigure.orm.jpa.JpaBaseConfiguration$JpaWebConfiguration$JpaWebMvcConfiguration$$EnhancerBySpringCGLIB$$beb999ec'
00:07:03.088 qrouter [Test worker] DEBUG o.s.c.a.ConfigurationClassEnhancer -Successfully enhanced org.springframework.boot.autoconfigure.orm.jpa.JpaBaseConfiguration$JpaWebConfiguration; enhanced class name is: org.springframework.boot.autoconfigure.orm.jpa.JpaBaseConfiguration$JpaWebConfiguration$$EnhancerBySpringCGLIB$$e39b2a3f
00:07:03.088 qrouter [Test worker] DEBUG o.s.c.a.ConfigurationClassPostProcessor -Replacing bean definition 'org.springframework.boot.autoconfigure.orm.jpa.JpaBaseConfiguration$JpaWebConfiguration' existing class 'org.springframework.boot.autoconfigure.orm.jpa.JpaBaseConfiguration$JpaWebConfiguration' with enhanced class 'org.springframework.boot.autoconfigure.orm.jpa.JpaBaseConfiguration$JpaWebConfiguration$$EnhancerBySpringCGLIB$$e39b2a3f'
00:07:03.108 qrouter [Test worker] DEBUG o.s.c.a.ConfigurationClassEnhancer -Successfully enhanced org.springframework.boot.autoconfigure.orm.jpa.HibernateJpaAutoConfiguration; enhanced class name is: org.springframework.boot.autoconfigure.orm.jpa.HibernateJpaAutoConfiguration$$EnhancerBySpringCGLIB$$df04f114
00:07:03.109 qrouter [Test worker] DEBUG o.s.c.a.ConfigurationClassPostProcessor -Replacing bean definition 'org.springframework.boot.autoconfigure.orm.jpa.HibernateJpaAutoConfiguration' existing class 'org.springframework.boot.autoconfigure.orm.jpa.HibernateJpaAutoConfiguration' with enhanced class 'org.springframework.boot.autoconfigure.orm.jpa.HibernateJpaAutoConfiguration$$EnhancerBySpringCGLIB$$df04f114'
00:07:03.115 qrouter [Test worker] DEBUG o.s.c.a.ConfigurationClassEnhancer -Successfully enhanced org.springframework.boot.autoconfigure.context.ConfigurationPropertiesAutoConfiguration; enhanced class name is: org.springframework.boot.autoconfigure.context.ConfigurationPropertiesAutoConfiguration$$EnhancerBySpringCGLIB$$65081842
00:07:03.115 qrouter [Test worker] DEBUG o.s.c.a.ConfigurationClassPostProcessor -Replacing bean definition 'org.springframework.boot.autoconfigure.context.ConfigurationPropertiesAutoConfiguration' existing class 'org.springframework.boot.autoconfigure.context.ConfigurationPropertiesAutoConfiguration' with enhanced class 'org.springframework.boot.autoconfigure.context.ConfigurationPropertiesAutoConfiguration$$EnhancerBySpringCGLIB$$65081842'
00:07:03.122 qrouter [Test worker] DEBUG o.s.c.a.ConfigurationClassEnhancer -Successfully enhanced org.springframework.boot.autoconfigure.data.jpa.JpaRepositoriesAutoConfiguration; enhanced class name is: org.springframework.boot.autoconfigure.data.jpa.JpaRepositoriesAutoConfiguration$$EnhancerBySpringCGLIB$$25597aa8
00:07:03.122 qrouter [Test worker] DEBUG o.s.c.a.ConfigurationClassPostProcessor -Replacing bean definition 'org.springframework.boot.autoconfigure.data.jpa.JpaRepositoriesAutoConfiguration' existing class 'org.springframework.boot.autoconfigure.data.jpa.JpaRepositoriesAutoConfiguration' with enhanced class 'org.springframework.boot.autoconfigure.data.jpa.JpaRepositoriesAutoConfiguration$$EnhancerBySpringCGLIB$$25597aa8'
00:07:03.138 qrouter [Test worker] DEBUG o.s.c.a.ConfigurationClassEnhancer -Successfully enhanced org.springframework.boot.autoconfigure.gson.GsonAutoConfiguration; enhanced class name is: org.springframework.boot.autoconfigure.gson.GsonAutoConfiguration$$EnhancerBySpringCGLIB$$b439a07e
00:07:03.138 qrouter [Test worker] DEBUG o.s.c.a.ConfigurationClassPostProcessor -Replacing bean definition 'org.springframework.boot.autoconfigure.gson.GsonAutoConfiguration' existing class 'org.springframework.boot.autoconfigure.gson.GsonAutoConfiguration' with enhanced class 'org.springframework.boot.autoconfigure.gson.GsonAutoConfiguration$$EnhancerBySpringCGLIB$$b439a07e'
00:07:03.158 qrouter [Test worker] DEBUG o.s.c.a.ConfigurationClassEnhancer -Successfully enhanced org.springframework.boot.autoconfigure.web.HttpMessageConvertersAutoConfiguration$StringHttpMessageConverterConfiguration; enhanced class name is: org.springframework.boot.autoconfigure.web.HttpMessageConvertersAutoConfiguration$StringHttpMessageConverterConfiguration$$EnhancerBySpringCGLIB$$c2acb5f4
00:07:03.158 qrouter [Test worker] DEBUG o.s.c.a.ConfigurationClassPostProcessor -Replacing bean definition 'org.springframework.boot.autoconfigure.web.HttpMessageConvertersAutoConfiguration$StringHttpMessageConverterConfiguration' existing class 'org.springframework.boot.autoconfigure.web.HttpMessageConvertersAutoConfiguration$StringHttpMessageConverterConfiguration' with enhanced class 'org.springframework.boot.autoconfigure.web.HttpMessageConvertersAutoConfiguration$StringHttpMessageConverterConfiguration$$EnhancerBySpringCGLIB$$c2acb5f4'
00:07:03.170 qrouter [Test worker] DEBUG o.s.c.a.ConfigurationClassEnhancer -Successfully enhanced org.springframework.boot.autoconfigure.web.JacksonHttpMessageConvertersConfiguration$MappingJackson2HttpMessageConverterConfiguration; enhanced class name is: org.springframework.boot.autoconfigure.web.JacksonHttpMessageConvertersConfiguration$MappingJackson2HttpMessageConverterConfiguration$$EnhancerBySpringCGLIB$$50badff4
00:07:03.170 qrouter [Test worker] DEBUG o.s.c.a.ConfigurationClassPostProcessor -Replacing bean definition 'org.springframework.boot.autoconfigure.web.JacksonHttpMessageConvertersConfiguration$MappingJackson2HttpMessageConverterConfiguration' existing class 'org.springframework.boot.autoconfigure.web.JacksonHttpMessageConvertersConfiguration$MappingJackson2HttpMessageConverterConfiguration' with enhanced class 'org.springframework.boot.autoconfigure.web.JacksonHttpMessageConvertersConfiguration$MappingJackson2HttpMessageConverterConfiguration$$EnhancerBySpringCGLIB$$50badff4'
00:07:03.179 qrouter [Test worker] DEBUG o.s.c.a.ConfigurationClassEnhancer -Successfully enhanced org.springframework.boot.autoconfigure.web.JacksonHttpMessageConvertersConfiguration; enhanced class name is: org.springframework.boot.autoconfigure.web.JacksonHttpMessageConvertersConfiguration$$EnhancerBySpringCGLIB$$e3a8786a
00:07:03.180 qrouter [Test worker] DEBUG o.s.c.a.ConfigurationClassPostProcessor -Replacing bean definition 'org.springframework.boot.autoconfigure.web.JacksonHttpMessageConvertersConfiguration' existing class 'org.springframework.boot.autoconfigure.web.JacksonHttpMessageConvertersConfiguration' with enhanced class 'org.springframework.boot.autoconfigure.web.JacksonHttpMessageConvertersConfiguration$$EnhancerBySpringCGLIB$$e3a8786a'
00:07:03.190 qrouter [Test worker] DEBUG o.s.c.a.ConfigurationClassEnhancer -Successfully enhanced org.springframework.boot.autoconfigure.web.GsonHttpMessageConvertersConfiguration; enhanced class name is: org.springframework.boot.autoconfigure.web.GsonHttpMessageConvertersConfiguration$$EnhancerBySpringCGLIB$$50b3f62e
00:07:03.191 qrouter [Test worker] DEBUG o.s.c.a.ConfigurationClassPostProcessor -Replacing bean definition 'org.springframework.boot.autoconfigure.web.GsonHttpMessageConvertersConfiguration' existing class 'org.springframework.boot.autoconfigure.web.GsonHttpMessageConvertersConfiguration' with enhanced class 'org.springframework.boot.autoconfigure.web.GsonHttpMessageConvertersConfiguration$$EnhancerBySpringCGLIB$$50b3f62e'
00:07:03.200 qrouter [Test worker] DEBUG o.s.c.a.ConfigurationClassEnhancer -Successfully enhanced org.springframework.boot.autoconfigure.web.HttpMessageConvertersAutoConfiguration; enhanced class name is: org.springframework.boot.autoconfigure.web.HttpMessageConvertersAutoConfiguration$$EnhancerBySpringCGLIB$$636ab54
00:07:03.201 qrouter [Test worker] DEBUG o.s.c.a.ConfigurationClassPostProcessor -Replacing bean definition 'org.springframework.boot.autoconfigure.web.HttpMessageConvertersAutoConfiguration' existing class 'org.springframework.boot.autoconfigure.web.HttpMessageConvertersAutoConfiguration' with enhanced class 'org.springframework.boot.autoconfigure.web.HttpMessageConvertersAutoConfiguration$$EnhancerBySpringCGLIB$$636ab54'
00:07:03.222 qrouter [Test worker] DEBUG o.s.c.a.ConfigurationClassEnhancer -Successfully enhanced org.springframework.data.web.config.HateoasAwareSpringDataWebConfiguration; enhanced class name is: org.springframework.data.web.config.HateoasAwareSpringDataWebConfiguration$$EnhancerBySpringCGLIB$$69464c2e
00:07:03.223 qrouter [Test worker] DEBUG o.s.c.a.ConfigurationClassPostProcessor -Replacing bean definition 'org.springframework.data.web.config.HateoasAwareSpringDataWebConfiguration' existing class 'org.springframework.data.web.config.HateoasAwareSpringDataWebConfiguration' with enhanced class 'org.springframework.data.web.config.HateoasAwareSpringDataWebConfiguration$$EnhancerBySpringCGLIB$$69464c2e'
00:07:03.233 qrouter [Test worker] DEBUG o.s.c.a.ConfigurationClassEnhancer -Successfully enhanced org.springframework.boot.autoconfigure.data.web.SpringDataWebAutoConfiguration; enhanced class name is: org.springframework.boot.autoconfigure.data.web.SpringDataWebAutoConfiguration$$EnhancerBySpringCGLIB$$61154315
00:07:03.234 qrouter [Test worker] DEBUG o.s.c.a.ConfigurationClassPostProcessor -Replacing bean definition 'org.springframework.boot.autoconfigure.data.web.SpringDataWebAutoConfiguration' existing class 'org.springframework.boot.autoconfigure.data.web.SpringDataWebAutoConfiguration' with enhanced class 'org.springframework.boot.autoconfigure.data.web.SpringDataWebAutoConfiguration$$EnhancerBySpringCGLIB$$61154315'
00:07:03.242 qrouter [Test worker] DEBUG o.s.c.a.ConfigurationClassEnhancer -Successfully enhanced org.springframework.boot.autoconfigure.h2.H2ConsoleAutoConfiguration; enhanced class name is: org.springframework.boot.autoconfigure.h2.H2ConsoleAutoConfiguration$$EnhancerBySpringCGLIB$$4517132b
00:07:03.242 qrouter [Test worker] DEBUG o.s.c.a.ConfigurationClassPostProcessor -Replacing bean definition 'org.springframework.boot.autoconfigure.h2.H2ConsoleAutoConfiguration' existing class 'org.springframework.boot.autoconfigure.h2.H2ConsoleAutoConfiguration' with enhanced class 'org.springframework.boot.autoconfigure.h2.H2ConsoleAutoConfiguration$$EnhancerBySpringCGLIB$$4517132b'
00:07:03.251 qrouter [Test worker] DEBUG o.s.c.a.ConfigurationClassEnhancer -Successfully enhanced org.springframework.boot.autoconfigure.hateoas.HypermediaAutoConfiguration$EntityLinksConfiguration; enhanced class name is: org.springframework.boot.autoconfigure.hateoas.HypermediaAutoConfiguration$EntityLinksConfiguration$$EnhancerBySpringCGLIB$$3f34e2d1
00:07:03.252 qrouter [Test worker] DEBUG o.s.c.a.ConfigurationClassPostProcessor -Replacing bean definition 'org.springframework.boot.autoconfigure.hateoas.HypermediaAutoConfiguration$EntityLinksConfiguration' existing class 'org.springframework.boot.autoconfigure.hateoas.HypermediaAutoConfiguration$EntityLinksConfiguration' with enhanced class 'org.springframework.boot.autoconfigure.hateoas.HypermediaAutoConfiguration$EntityLinksConfiguration$$EnhancerBySpringCGLIB$$3f34e2d1'
00:07:03.262 qrouter [Test worker] DEBUG o.s.c.a.ConfigurationClassEnhancer -Successfully enhanced org.springframework.hateoas.config.HateoasConfiguration; enhanced class name is: org.springframework.hateoas.config.HateoasConfiguration$$EnhancerBySpringCGLIB$$f4feda26
00:07:03.263 qrouter [Test worker] DEBUG o.s.c.a.ConfigurationClassPostProcessor -Replacing bean definition 'org.springframework.hateoas.config.HateoasConfiguration' existing class 'org.springframework.hateoas.config.HateoasConfiguration' with enhanced class 'org.springframework.hateoas.config.HateoasConfiguration$$EnhancerBySpringCGLIB$$f4feda26'
00:07:03.270 qrouter [Test worker] DEBUG o.s.c.a.ConfigurationClassEnhancer -Successfully enhanced org.springframework.boot.autoconfigure.hateoas.HypermediaAutoConfiguration$HypermediaConfiguration; enhanced class name is: org.springframework.boot.autoconfigure.hateoas.HypermediaAutoConfiguration$HypermediaConfiguration$$EnhancerBySpringCGLIB$$140d367f
00:07:03.271 qrouter [Test worker] DEBUG o.s.c.a.ConfigurationClassPostProcessor -Replacing bean definition 'org.springframework.boot.autoconfigure.hateoas.HypermediaAutoConfiguration$HypermediaConfiguration' existing class 'org.springframework.boot.autoconfigure.hateoas.HypermediaAutoConfiguration$HypermediaConfiguration' with enhanced class 'org.springframework.boot.autoconfigure.hateoas.HypermediaAutoConfiguration$HypermediaConfiguration$$EnhancerBySpringCGLIB$$140d367f'
00:07:03.272 qrouter [Test worker] DEBUG o.s.c.a.ConfigurationClassEnhancer -Successfully enhanced org.springframework.boot.autoconfigure.hateoas.HypermediaAutoConfiguration$HypermediaConfiguration; enhanced class name is: org.springframework.boot.autoconfigure.hateoas.HypermediaAutoConfiguration$HypermediaConfiguration$$EnhancerBySpringCGLIB$$140d367f
00:07:03.272 qrouter [Test worker] DEBUG o.s.c.a.ConfigurationClassPostProcessor -Replacing bean definition 'halObjectMapperConfigurer' existing class 'org.springframework.boot.autoconfigure.hateoas.HypermediaAutoConfiguration$HypermediaConfiguration' with enhanced class 'org.springframework.boot.autoconfigure.hateoas.HypermediaAutoConfiguration$HypermediaConfiguration$$EnhancerBySpringCGLIB$$140d367f'
00:07:03.279 qrouter [Test worker] DEBUG o.s.c.a.ConfigurationClassEnhancer -Successfully enhanced org.springframework.boot.autoconfigure.hateoas.HypermediaAutoConfiguration; enhanced class name is: org.springframework.boot.autoconfigure.hateoas.HypermediaAutoConfiguration$$EnhancerBySpringCGLIB$$9184f725
00:07:03.280 qrouter [Test worker] DEBUG o.s.c.a.ConfigurationClassPostProcessor -Replacing bean definition 'org.springframework.boot.autoconfigure.hateoas.HypermediaAutoConfiguration' existing class 'org.springframework.boot.autoconfigure.hateoas.HypermediaAutoConfiguration' with enhanced class 'org.springframework.boot.autoconfigure.hateoas.HypermediaAutoConfiguration$$EnhancerBySpringCGLIB$$9184f725'
00:07:03.297 qrouter [Test worker] DEBUG o.s.c.a.ConfigurationClassEnhancer -Successfully enhanced org.springframework.boot.autoconfigure.info.ProjectInfoAutoConfiguration; enhanced class name is: org.springframework.boot.autoconfigure.info.ProjectInfoAutoConfiguration$$EnhancerBySpringCGLIB$$b1789a0d
00:07:03.298 qrouter [Test worker] DEBUG o.s.c.a.ConfigurationClassPostProcessor -Replacing bean definition 'org.springframework.boot.autoconfigure.info.ProjectInfoAutoConfiguration' existing class 'org.springframework.boot.autoconfigure.info.ProjectInfoAutoConfiguration' with enhanced class 'org.springframework.boot.autoconfigure.info.ProjectInfoAutoConfiguration$$EnhancerBySpringCGLIB$$b1789a0d'
00:07:03.315 qrouter [Test worker] DEBUG o.s.c.a.ConfigurationClassEnhancer -Successfully enhanced org.springframework.boot.autoconfigure.jdbc.DataSourceTransactionManagerAutoConfiguration$DataSourceTransactionManagerConfiguration; enhanced class name is: org.springframework.boot.autoconfigure.jdbc.DataSourceTransactionManagerAutoConfiguration$DataSourceTransactionManagerConfiguration$$EnhancerBySpringCGLIB$$227f2563
00:07:03.315 qrouter [Test worker] DEBUG o.s.c.a.ConfigurationClassPostProcessor -Replacing bean definition 'org.springframework.boot.autoconfigure.jdbc.DataSourceTransactionManagerAutoConfiguration$DataSourceTransactionManagerConfiguration' existing class 'org.springframework.boot.autoconfigure.jdbc.DataSourceTransactionManagerAutoConfiguration$DataSourceTransactionManagerConfiguration' with enhanced class 'org.springframework.boot.autoconfigure.jdbc.DataSourceTransactionManagerAutoConfiguration$DataSourceTransactionManagerConfiguration$$EnhancerBySpringCGLIB$$227f2563'
00:07:03.323 qrouter [Test worker] DEBUG o.s.c.a.ConfigurationClassEnhancer -Successfully enhanced org.springframework.boot.autoconfigure.jdbc.DataSourceTransactionManagerAutoConfiguration; enhanced class name is: org.springframework.boot.autoconfigure.jdbc.DataSourceTransactionManagerAutoConfiguration$$EnhancerBySpringCGLIB$$86557d45
00:07:03.323 qrouter [Test worker] DEBUG o.s.c.a.ConfigurationClassPostProcessor -Replacing bean definition 'org.springframework.boot.autoconfigure.jdbc.DataSourceTransactionManagerAutoConfiguration' existing class 'org.springframework.boot.autoconfigure.jdbc.DataSourceTransactionManagerAutoConfiguration' with enhanced class 'org.springframework.boot.autoconfigure.jdbc.DataSourceTransactionManagerAutoConfiguration$$EnhancerBySpringCGLIB$$86557d45'
00:07:03.340 qrouter [Test worker] DEBUG o.s.c.a.ConfigurationClassEnhancer -Successfully enhanced org.springframework.boot.autoconfigure.jdbc.JdbcTemplateAutoConfiguration; enhanced class name is: org.springframework.boot.autoconfigure.jdbc.JdbcTemplateAutoConfiguration$$EnhancerBySpringCGLIB$$9562c1e4
00:07:03.340 qrouter [Test worker] DEBUG o.s.c.a.ConfigurationClassPostProcessor -Replacing bean definition 'org.springframework.boot.autoconfigure.jdbc.JdbcTemplateAutoConfiguration' existing class 'org.springframework.boot.autoconfigure.jdbc.JdbcTemplateAutoConfiguration' with enhanced class 'org.springframework.boot.autoconfigure.jdbc.JdbcTemplateAutoConfiguration$$EnhancerBySpringCGLIB$$9562c1e4'
00:07:03.358 qrouter [Test worker] DEBUG o.s.c.a.ConfigurationClassEnhancer -Successfully enhanced org.springframework.transaction.annotation.ProxyTransactionManagementConfiguration; enhanced class name is: org.springframework.transaction.annotation.ProxyTransactionManagementConfiguration$$EnhancerBySpringCGLIB$$757e8cf4
00:07:03.358 qrouter [Test worker] DEBUG o.s.c.a.ConfigurationClassPostProcessor -Replacing bean definition 'org.springframework.transaction.annotation.ProxyTransactionManagementConfiguration' existing class 'org.springframework.transaction.annotation.ProxyTransactionManagementConfiguration' with enhanced class 'org.springframework.transaction.annotation.ProxyTransactionManagementConfiguration$$EnhancerBySpringCGLIB$$757e8cf4'
00:07:03.365 qrouter [Test worker] DEBUG o.s.c.a.ConfigurationClassEnhancer -Successfully enhanced org.springframework.boot.autoconfigure.transaction.TransactionAutoConfiguration$EnableTransactionManagementConfiguration$CglibAutoProxyConfiguration; enhanced class name is: org.springframework.boot.autoconfigure.transaction.TransactionAutoConfiguration$EnableTransactionManagementConfiguration$CglibAutoProxyConfiguration$$EnhancerBySpringCGLIB$$e163d124
00:07:03.366 qrouter [Test worker] DEBUG o.s.c.a.ConfigurationClassPostProcessor -Replacing bean definition 'org.springframework.boot.autoconfigure.transaction.TransactionAutoConfiguration$EnableTransactionManagementConfiguration$CglibAutoProxyConfiguration' existing class 'org.springframework.boot.autoconfigure.transaction.TransactionAutoConfiguration$EnableTransactionManagementConfiguration$CglibAutoProxyConfiguration' with enhanced class 'org.springframework.boot.autoconfigure.transaction.TransactionAutoConfiguration$EnableTransactionManagementConfiguration$CglibAutoProxyConfiguration$$EnhancerBySpringCGLIB$$e163d124'
00:07:03.375 qrouter [Test worker] DEBUG o.s.c.a.ConfigurationClassEnhancer -Successfully enhanced org.springframework.boot.autoconfigure.transaction.TransactionAutoConfiguration$EnableTransactionManagementConfiguration; enhanced class name is: org.springframework.boot.autoconfigure.transaction.TransactionAutoConfiguration$EnableTransactionManagementConfiguration$$EnhancerBySpringCGLIB$$ffed2bb0
00:07:03.375 qrouter [Test worker] DEBUG o.s.c.a.ConfigurationClassPostProcessor -Replacing bean definition 'org.springframework.boot.autoconfigure.transaction.TransactionAutoConfiguration$EnableTransactionManagementConfiguration' existing class 'org.springframework.boot.autoconfigure.transaction.TransactionAutoConfiguration$EnableTransactionManagementConfiguration' with enhanced class 'org.springframework.boot.autoconfigure.transaction.TransactionAutoConfiguration$EnableTransactionManagementConfiguration$$EnhancerBySpringCGLIB$$ffed2bb0'
00:07:03.383 qrouter [Test worker] DEBUG o.s.c.a.ConfigurationClassEnhancer -Successfully enhanced org.springframework.boot.autoconfigure.transaction.TransactionAutoConfiguration$TransactionTemplateConfiguration; enhanced class name is: org.springframework.boot.autoconfigure.transaction.TransactionAutoConfiguration$TransactionTemplateConfiguration$$EnhancerBySpringCGLIB$$7408ea36
00:07:03.383 qrouter [Test worker] DEBUG o.s.c.a.ConfigurationClassPostProcessor -Replacing bean definition 'org.springframework.boot.autoconfigure.transaction.TransactionAutoConfiguration$TransactionTemplateConfiguration' existing class 'org.springframework.boot.autoconfigure.transaction.TransactionAutoConfiguration$TransactionTemplateConfiguration' with enhanced class 'org.springframework.boot.autoconfigure.transaction.TransactionAutoConfiguration$TransactionTemplateConfiguration$$EnhancerBySpringCGLIB$$7408ea36'
00:07:03.392 qrouter [Test worker] DEBUG o.s.c.a.ConfigurationClassEnhancer -Successfully enhanced org.springframework.boot.autoconfigure.transaction.TransactionAutoConfiguration; enhanced class name is: org.springframework.boot.autoconfigure.transaction.TransactionAutoConfiguration$$EnhancerBySpringCGLIB$$9f287fe
00:07:03.392 qrouter [Test worker] DEBUG o.s.c.a.ConfigurationClassPostProcessor -Replacing bean definition 'org.springframework.boot.autoconfigure.transaction.TransactionAutoConfiguration' existing class 'org.springframework.boot.autoconfigure.transaction.TransactionAutoConfiguration' with enhanced class 'org.springframework.boot.autoconfigure.transaction.TransactionAutoConfiguration$$EnhancerBySpringCGLIB$$9f287fe'
00:07:03.405 qrouter [Test worker] DEBUG o.s.c.a.ConfigurationClassEnhancer -Successfully enhanced org.springframework.boot.autoconfigure.web.HttpEncodingAutoConfiguration; enhanced class name is: org.springframework.boot.autoconfigure.web.HttpEncodingAutoConfiguration$$EnhancerBySpringCGLIB$$4c6af39f
00:07:03.406 qrouter [Test worker] DEBUG o.s.c.a.ConfigurationClassPostProcessor -Replacing bean definition 'org.springframework.boot.autoconfigure.web.HttpEncodingAutoConfiguration' existing class 'org.springframework.boot.autoconfigure.web.HttpEncodingAutoConfiguration' with enhanced class 'org.springframework.boot.autoconfigure.web.HttpEncodingAutoConfiguration$$EnhancerBySpringCGLIB$$4c6af39f'
00:07:03.415 qrouter [Test worker] DEBUG o.s.c.a.ConfigurationClassEnhancer -Successfully enhanced org.springframework.boot.autoconfigure.web.MultipartAutoConfiguration; enhanced class name is: org.springframework.boot.autoconfigure.web.MultipartAutoConfiguration$$EnhancerBySpringCGLIB$$302c403a
00:07:03.415 qrouter [Test worker] DEBUG o.s.c.a.ConfigurationClassPostProcessor -Replacing bean definition 'org.springframework.boot.autoconfigure.web.MultipartAutoConfiguration' existing class 'org.springframework.boot.autoconfigure.web.MultipartAutoConfiguration' with enhanced class 'org.springframework.boot.autoconfigure.web.MultipartAutoConfiguration$$EnhancerBySpringCGLIB$$302c403a'
00:07:03.425 qrouter [Test worker] DEBUG o.s.c.a.ConfigurationClassEnhancer -Successfully enhanced org.springframework.boot.autoconfigure.web.ServerPropertiesAutoConfiguration; enhanced class name is: org.springframework.boot.autoconfigure.web.ServerPropertiesAutoConfiguration$$EnhancerBySpringCGLIB$$2bd408c4
00:07:03.426 qrouter [Test worker] DEBUG o.s.c.a.ConfigurationClassPostProcessor -Replacing bean definition 'org.springframework.boot.autoconfigure.web.ServerPropertiesAutoConfiguration' existing class 'org.springframework.boot.autoconfigure.web.ServerPropertiesAutoConfiguration' with enhanced class 'org.springframework.boot.autoconfigure.web.ServerPropertiesAutoConfiguration$$EnhancerBySpringCGLIB$$2bd408c4'
00:07:03.436 qrouter [Test worker] DEBUG o.s.c.a.ConfigurationClassEnhancer -Successfully enhanced org.springframework.boot.autoconfigure.web.WebClientAutoConfiguration$RestTemplateConfiguration; enhanced class name is: org.springframework.boot.autoconfigure.web.WebClientAutoConfiguration$RestTemplateConfiguration$$EnhancerBySpringCGLIB$$7cae040b
00:07:03.436 qrouter [Test worker] DEBUG o.s.c.a.ConfigurationClassPostProcessor -Replacing bean definition 'org.springframework.boot.autoconfigure.web.WebClientAutoConfiguration$RestTemplateConfiguration' existing class 'org.springframework.boot.autoconfigure.web.WebClientAutoConfiguration$RestTemplateConfiguration' with enhanced class 'org.springframework.boot.autoconfigure.web.WebClientAutoConfiguration$RestTemplateConfiguration$$EnhancerBySpringCGLIB$$7cae040b'
00:07:03.444 qrouter [Test worker] DEBUG o.s.c.a.ConfigurationClassEnhancer -Successfully enhanced org.springframework.boot.autoconfigure.web.WebClientAutoConfiguration; enhanced class name is: org.springframework.boot.autoconfigure.web.WebClientAutoConfiguration$$EnhancerBySpringCGLIB$$861db1a7
00:07:03.445 qrouter [Test worker] DEBUG o.s.c.a.ConfigurationClassPostProcessor -Replacing bean definition 'org.springframework.boot.autoconfigure.web.WebClientAutoConfiguration' existing class 'org.springframework.boot.autoconfigure.web.WebClientAutoConfiguration' with enhanced class 'org.springframework.boot.autoconfigure.web.WebClientAutoConfiguration$$EnhancerBySpringCGLIB$$861db1a7'
00:07:03.449 qrouter [Test worker] DEBUG o.s.core.env.StandardEnvironment -Adding [applicationConfig: [classpath:/application.properties]] PropertySource with search precedence immediately lower than [applicationConfigurationProperties]
00:07:03.449 qrouter [Test worker] DEBUG o.s.core.env.StandardEnvironment -Removing [applicationConfigurationProperties] PropertySource
00:07:03.450 qrouter [Test worker] DEBUG o.s.core.env.StandardEnvironment -Removing [defaultProperties] PropertySource
00:07:03.453 qrouter [Test worker] DEBUG o.s.b.f.s.DefaultListableBeanFactory -Creating shared instance of singleton bean 'propertiesResolver'
00:07:03.453 qrouter [Test worker] DEBUG o.s.b.f.s.DefaultListableBeanFactory -Creating instance of bean 'propertiesResolver'
00:07:03.464 qrouter [Test worker] DEBUG o.s.b.f.s.DefaultListableBeanFactory -Eagerly caching bean 'propertiesResolver' to allow for resolving potential circular references
00:07:03.664 qrouter [Test worker] DEBUG o.s.b.f.s.DefaultListableBeanFactory -Finished creating instance of bean 'propertiesResolver'
00:07:03.665 qrouter [Test worker] DEBUG o.s.b.f.s.DefaultListableBeanFactory -Creating shared instance of singleton bean 'swaggerProperties'
00:07:03.665 qrouter [Test worker] DEBUG o.s.b.f.s.DefaultListableBeanFactory -Creating instance of bean 'swaggerProperties'
00:07:03.667 qrouter [Test worker] DEBUG o.s.b.f.s.DefaultListableBeanFactory -Eagerly caching bean 'swaggerProperties' to allow for resolving potential circular references
00:07:03.668 qrouter [Test worker] DEBUG o.s.b.f.s.DefaultListableBeanFactory -Finished creating instance of bean 'swaggerProperties'
00:07:03.671 qrouter [Test worker] DEBUG o.s.core.env.MutablePropertySources -Adding [environmentProperties] PropertySource with lowest search precedence
00:07:03.672 qrouter [Test worker] DEBUG o.s.core.env.MutablePropertySources -Adding [localProperties] PropertySource with lowest search precedence
00:07:03.709 qrouter [Test worker] DEBUG o.s.core.env.MutablePropertySources -Adding [environmentProperties] PropertySource with lowest search precedence
00:07:03.710 qrouter [Test worker] DEBUG o.s.core.env.MutablePropertySources -Adding [localProperties] PropertySource with lowest search precedence
00:07:03.727 qrouter [Test worker] DEBUG o.s.b.f.s.DefaultListableBeanFactory -Creating shared instance of singleton bean 'org.springframework.boot.test.mock.mockito.MockitoPostProcessor'
00:07:03.727 qrouter [Test worker] DEBUG o.s.b.f.s.DefaultListableBeanFactory -Creating instance of bean 'org.springframework.boot.test.mock.mockito.MockitoPostProcessor'
00:07:03.764 qrouter [Test worker] DEBUG o.s.b.f.s.DefaultListableBeanFactory -Eagerly caching bean 'org.springframework.boot.test.mock.mockito.MockitoPostProcessor' to allow for resolving potential circular references
00:07:03.792 qrouter [Test worker] DEBUG o.s.b.f.s.DefaultListableBeanFactory -Finished creating instance of bean 'org.springframework.boot.test.mock.mockito.MockitoPostProcessor'
00:07:04.217 qrouter [Test worker] DEBUG o.s.b.f.s.DefaultListableBeanFactory -Creating shared instance of singleton bean 'org.springframework.boot.context.properties.ConfigurationPropertiesBindingPostProcessor.store'
00:07:04.217 qrouter [Test worker] DEBUG o.s.b.f.s.DefaultListableBeanFactory -Creating instance of bean 'org.springframework.boot.context.properties.ConfigurationPropertiesBindingPostProcessor.store'
00:07:04.218 qrouter [Test worker] DEBUG o.s.b.f.s.DefaultListableBeanFactory -Eagerly caching bean 'org.springframework.boot.context.properties.ConfigurationPropertiesBindingPostProcessor.store' to allow for resolving potential circular references
00:07:04.229 qrouter [Test worker] DEBUG o.s.b.f.s.DefaultListableBeanFactory -Finished creating instance of bean 'org.springframework.boot.context.properties.ConfigurationPropertiesBindingPostProcessor.store'
00:07:04.230 qrouter [Test worker] DEBUG o.s.b.f.s.DefaultListableBeanFactory -Creating shared instance of singleton bean 'preserveErrorControllerTargetClassPostProcessor'
00:07:04.230 qrouter [Test worker] DEBUG o.s.b.f.s.DefaultListableBeanFactory -Creating instance of bean 'preserveErrorControllerTargetClassPostProcessor'
00:07:04.232 qrouter [Test worker] DEBUG o.s.b.f.s.DefaultListableBeanFactory -Eagerly caching bean 'preserveErrorControllerTargetClassPostProcessor' to allow for resolving potential circular references
00:07:04.243 qrouter [Test worker] DEBUG o.s.b.f.s.DefaultListableBeanFactory -Finished creating instance of bean 'preserveErrorControllerTargetClassPostProcessor'
00:07:04.244 qrouter [Test worker] DEBUG o.s.b.f.s.DefaultListableBeanFactory -Creating shared instance of singleton bean 'emBeanDefinitionRegistrarPostProcessor'
00:07:04.244 qrouter [Test worker] DEBUG o.s.b.f.s.DefaultListableBeanFactory -Creating instance of bean 'emBeanDefinitionRegistrarPostProcessor'
00:07:04.244 qrouter [Test worker] DEBUG o.s.b.f.s.DefaultListableBeanFactory -Eagerly caching bean 'emBeanDefinitionRegistrarPostProcessor' to allow for resolving potential circular references
00:07:04.254 qrouter [Test worker] DEBUG o.s.b.f.s.DefaultListableBeanFactory -Finished creating instance of bean 'emBeanDefinitionRegistrarPostProcessor'
00:07:04.359 qrouter [Test worker] DEBUG o.s.b.f.s.DefaultListableBeanFactory -Creating shared instance of singleton bean 'org.springframework.boot.test.mock.mockito.MockitoPostProcessor$SpyPostProcessor'
00:07:04.359 qrouter [Test worker] DEBUG o.s.b.f.s.DefaultListableBeanFactory -Creating instance of bean 'org.springframework.boot.test.mock.mockito.MockitoPostProcessor$SpyPostProcessor'
00:07:04.360 qrouter [Test worker] DEBUG o.s.b.f.s.DefaultListableBeanFactory -Returning cached instance of singleton bean 'org.springframework.boot.test.mock.mockito.MockitoPostProcessor'
00:07:04.362 qrouter [Test worker] DEBUG o.s.b.f.s.DefaultListableBeanFactory -Eagerly caching bean 'org.springframework.boot.test.mock.mockito.MockitoPostProcessor$SpyPostProcessor' to allow for resolving potential circular references
00:07:04.387 qrouter [Test worker] DEBUG o.s.b.f.s.DefaultListableBeanFactory -Finished creating instance of bean 'org.springframework.boot.test.mock.mockito.MockitoPostProcessor$SpyPostProcessor'
00:07:04.388 qrouter [Test worker] DEBUG o.s.b.f.s.DefaultListableBeanFactory -Creating shared instance of singleton bean 'org.springframework.context.annotation.internalAutowiredAnnotationProcessor'
00:07:04.388 qrouter [Test worker] DEBUG o.s.b.f.s.DefaultListableBeanFactory -Creating instance of bean 'org.springframework.context.annotation.internalAutowiredAnnotationProcessor'
00:07:04.391 qrouter [Test worker] DEBUG o.s.b.f.s.DefaultListableBeanFactory -Eagerly caching bean 'org.springframework.context.annotation.internalAutowiredAnnotationProcessor' to allow for resolving potential circular references
00:07:04.417 qrouter [Test worker] DEBUG o.s.b.f.s.DefaultListableBeanFactory -Finished creating instance of bean 'org.springframework.context.annotation.internalAutowiredAnnotationProcessor'
00:07:04.418 qrouter [Test worker] DEBUG o.s.b.f.s.DefaultListableBeanFactory -Creating shared instance of singleton bean 'org.springframework.context.annotation.internalRequiredAnnotationProcessor'
00:07:04.418 qrouter [Test worker] DEBUG o.s.b.f.s.DefaultListableBeanFactory -Creating instance of bean 'org.springframework.context.annotation.internalRequiredAnnotationProcessor'
00:07:04.420 qrouter [Test worker] DEBUG o.s.b.f.s.DefaultListableBeanFactory -Eagerly caching bean 'org.springframework.context.annotation.internalRequiredAnnotationProcessor' to allow for resolving potential circular references
00:07:04.436 qrouter [Test worker] DEBUG o.s.b.f.s.DefaultListableBeanFactory -Finished creating instance of bean 'org.springframework.context.annotation.internalRequiredAnnotationProcessor'
00:07:04.437 qrouter [Test worker] DEBUG o.s.b.f.s.DefaultListableBeanFactory -Creating shared instance of singleton bean 'org.springframework.context.annotation.internalCommonAnnotationProcessor'
00:07:04.437 qrouter [Test worker] DEBUG o.s.b.f.s.DefaultListableBeanFactory -Creating instance of bean 'org.springframework.context.annotation.internalCommonAnnotationProcessor'
00:07:04.456 qrouter [Test worker] DEBUG o.s.b.f.s.DefaultListableBeanFactory -Eagerly caching bean 'org.springframework.context.annotation.internalCommonAnnotationProcessor' to allow for resolving potential circular references
00:07:04.483 qrouter [Test worker] DEBUG o.s.b.f.s.DefaultListableBeanFactory -Finished creating instance of bean 'org.springframework.context.annotation.internalCommonAnnotationProcessor'
00:07:04.483 qrouter [Test worker] DEBUG o.s.b.f.s.DefaultListableBeanFactory -Creating shared instance of singleton bean 'org.springframework.context.annotation.internalPersistenceAnnotationProcessor'
00:07:04.484 qrouter [Test worker] DEBUG o.s.b.f.s.DefaultListableBeanFactory -Creating instance of bean 'org.springframework.context.annotation.internalPersistenceAnnotationProcessor'
00:07:04.485 qrouter [Test worker] DEBUG o.s.b.f.s.DefaultListableBeanFactory -Eagerly caching bean 'org.springframework.context.annotation.internalPersistenceAnnotationProcessor' to allow for resolving potential circular references
00:07:04.506 qrouter [Test worker] DEBUG o.s.b.f.s.DefaultListableBeanFactory -Finished creating instance of bean 'org.springframework.context.annotation.internalPersistenceAnnotationProcessor'
00:07:04.507 qrouter [Test worker] DEBUG o.s.b.f.s.DefaultListableBeanFactory -Creating shared instance of singleton bean 'org.springframework.boot.context.properties.ConfigurationPropertiesBindingPostProcessor'
00:07:04.507 qrouter [Test worker] DEBUG o.s.b.f.s.DefaultListableBeanFactory -Creating instance of bean 'org.springframework.boot.context.properties.ConfigurationPropertiesBindingPostProcessor'
00:07:04.508 qrouter [Test worker] DEBUG o.s.core.env.StandardEnvironment -Adding [systemProperties] PropertySource with lowest search precedence
00:07:04.509 qrouter [Test worker] DEBUG o.s.core.env.StandardEnvironment -Adding [systemEnvironment] PropertySource with lowest search precedence
00:07:04.511 qrouter [Test worker] DEBUG o.s.core.env.StandardEnvironment -Initialized StandardEnvironment with PropertySources [systemProperties,systemEnvironment]
00:07:04.512 qrouter [Test worker] DEBUG o.s.b.f.s.DefaultListableBeanFactory -Eagerly caching bean 'org.springframework.boot.context.properties.ConfigurationPropertiesBindingPostProcessor' to allow for resolving potential circular references
00:07:04.553 qrouter [Test worker] DEBUG o.s.b.f.s.DefaultListableBeanFactory -Returning cached instance of singleton bean 'org.springframework.boot.context.properties.ConfigurationPropertiesBindingPostProcessor.store'
00:07:04.554 qrouter [Test worker] DEBUG o.s.b.f.s.DefaultListableBeanFactory -Invoking afterPropertiesSet() on bean with name 'org.springframework.boot.context.properties.ConfigurationPropertiesBindingPostProcessor'
00:07:04.559 qrouter [Test worker] DEBUG o.s.b.f.s.DefaultListableBeanFactory -Returning cached instance of singleton bean 'propertiesResolver'
00:07:04.559 qrouter [Test worker] DEBUG o.s.b.f.s.DefaultListableBeanFactory -Returning cached instance of singleton bean 'swaggerProperties'
00:07:04.560 qrouter [Test worker] WARN  o.s.b.c.p.ConfigurationPropertiesBindingPostProcessor -Multiple PropertySourcesPlaceholderConfigurer beans registered [propertiesResolver, swaggerProperties], falling back to Environment
00:07:04.568 qrouter [Test worker] DEBUG o.s.b.f.s.DefaultListableBeanFactory -Finished creating instance of bean 'org.springframework.boot.context.properties.ConfigurationPropertiesBindingPostProcessor'
00:07:04.569 qrouter [Test worker] DEBUG o.s.b.f.s.DefaultListableBeanFactory -Returning cached instance of singleton bean 'org.springframework.boot.test.mock.mockito.MockitoPostProcessor'
00:07:04.570 qrouter [Test worker] DEBUG o.s.b.f.s.DefaultListableBeanFactory -Creating shared instance of singleton bean 'methodValidationPostProcessor'
00:07:04.570 qrouter [Test worker] DEBUG o.s.b.f.s.DefaultListableBeanFactory -Creating instance of bean 'methodValidationPostProcessor'
00:07:04.604 qrouter [Test worker] DEBUG o.s.b.f.s.DefaultListableBeanFactory -Returning cached instance of singleton bean 'environment'
00:07:04.611 qrouter [Test worker] DEBUG o.s.b.f.s.DefaultListableBeanFactory -Creating shared instance of singleton bean 'defaultValidator'
00:07:04.611 qrouter [Test worker] DEBUG o.s.b.f.s.DefaultListableBeanFactory -Creating instance of bean 'defaultValidator'
00:07:04.622 qrouter [Test worker] DEBUG o.h.v.i.e.r.DefaultTraversableResolver -Found javax.persistence.Persistence on classpath containing 'getPersistenceUtil'. Assuming JPA 2 environment. Trying to instantiate JPA aware TraversableResolver
00:07:04.622 qrouter [Test worker] DEBUG o.h.v.i.e.r.DefaultTraversableResolver -Instantiated JPA aware TraversableResolver of type org.hibernate.validator.internal.engine.resolver.JPATraversableResolver.
00:07:04.727 qrouter [Test worker] DEBUG o.s.b.f.s.DefaultListableBeanFactory -Eagerly caching bean 'defaultValidator' to allow for resolving potential circular references
00:07:04.768 qrouter [Test worker] DEBUG o.s.b.f.s.DefaultListableBeanFactory -Invoking afterPropertiesSet() on bean with name 'defaultValidator'
00:07:04.769 qrouter [Test worker] DEBUG o.h.v.i.e.r.DefaultTraversableResolver -Found javax.persistence.Persistence on classpath containing 'getPersistenceUtil'. Assuming JPA 2 environment. Trying to instantiate JPA aware TraversableResolver
00:07:04.770 qrouter [Test worker] DEBUG o.h.v.i.e.r.DefaultTraversableResolver -Instantiated JPA aware TraversableResolver of type org.hibernate.validator.internal.engine.resolver.JPATraversableResolver.
00:07:04.793 qrouter [Test worker] DEBUG o.h.v.i.engine.ConfigurationImpl -Setting custom MessageInterpolator of type org.springframework.validation.beanvalidation.LocaleContextMessageInterpolator
00:07:04.796 qrouter [Test worker] DEBUG o.h.v.i.engine.ConfigurationImpl -Setting custom ConstraintValidatorFactory of type org.springframework.validation.beanvalidation.SpringConstraintValidatorFactory
00:07:04.800 qrouter [Test worker] DEBUG o.h.v.i.engine.ConfigurationImpl -Setting custom ParameterNameProvider of type com.sun.proxy.$Proxy85
00:07:04.809 qrouter [Test worker] DEBUG o.h.v.i.xml.ValidationXmlParser -Trying to load META-INF/validation.xml for XML based Validator configuration.
00:07:04.814 qrouter [Test worker] DEBUG o.h.v.i.xml.ResourceLoaderHelper -Trying to load META-INF/validation.xml via user class loader
00:07:04.817 qrouter [Test worker] DEBUG o.h.v.i.xml.ResourceLoaderHelper -Trying to load META-INF/validation.xml via TCCL
00:07:04.819 qrouter [Test worker] DEBUG o.h.v.i.xml.ResourceLoaderHelper -Trying to load META-INF/validation.xml via Hibernate Validator's class loader
00:07:04.821 qrouter [Test worker] DEBUG o.h.v.i.xml.ValidationXmlParser -No META-INF/validation.xml found. Using annotation based configuration only.
00:07:05.210 qrouter [Test worker] DEBUG o.s.b.f.s.DefaultListableBeanFactory -Finished creating instance of bean 'defaultValidator'
00:07:05.211 qrouter [Test worker] DEBUG o.s.b.f.s.DefaultListableBeanFactory -Autowiring by type from bean name 'methodValidationPostProcessor' via factory method to bean named 'environment'
00:07:05.211 qrouter [Test worker] DEBUG o.s.b.f.s.DefaultListableBeanFactory -Autowiring by type from bean name 'methodValidationPostProcessor' via factory method to bean named 'defaultValidator'
00:07:05.242 qrouter [Test worker] DEBUG o.s.b.f.s.DefaultListableBeanFactory -Eagerly caching bean 'methodValidationPostProcessor' to allow for resolving potential circular references
00:07:05.301 qrouter [Test worker] DEBUG o.s.b.f.s.DefaultListableBeanFactory -Invoking afterPropertiesSet() on bean with name 'methodValidationPostProcessor'
00:07:05.329 qrouter [Test worker] DEBUG o.s.b.f.s.DefaultListableBeanFactory -Finished creating instance of bean 'methodValidationPostProcessor'
00:07:05.330 qrouter [Test worker] DEBUG o.s.b.f.s.DefaultListableBeanFactory -Creating shared instance of singleton bean 'org.springframework.aop.config.internalAutoProxyCreator'
00:07:05.330 qrouter [Test worker] DEBUG o.s.b.f.s.DefaultListableBeanFactory -Creating instance of bean 'org.springframework.aop.config.internalAutoProxyCreator'
00:07:05.361 qrouter [Test worker] DEBUG o.s.b.f.s.DefaultListableBeanFactory -Eagerly caching bean 'org.springframework.aop.config.internalAutoProxyCreator' to allow for resolving potential circular references
00:07:05.502 qrouter [Test worker] DEBUG o.s.b.f.s.DefaultListableBeanFactory -Finished creating instance of bean 'org.springframework.aop.config.internalAutoProxyCreator'
00:07:05.503 qrouter [Test worker] DEBUG o.s.b.f.s.DefaultListableBeanFactory -Creating shared instance of singleton bean 'dataSourceInitializerPostProcessor'
00:07:05.503 qrouter [Test worker] DEBUG o.s.b.f.s.DefaultListableBeanFactory -Creating instance of bean 'dataSourceInitializerPostProcessor'
00:07:05.514 qrouter [Test worker] DEBUG o.s.b.f.annotation.InjectionMetadata -Registered injected element on class [org.springframework.boot.autoconfigure.jdbc.DataSourceInitializerPostProcessor]: AutowiredFieldElement for private org.springframework.beans.factory.BeanFactory org.springframework.boot.autoconfigure.jdbc.DataSourceInitializerPostProcessor.beanFactory
00:07:05.514 qrouter [Test worker] DEBUG o.s.b.f.s.DefaultListableBeanFactory -Eagerly caching bean 'dataSourceInitializerPostProcessor' to allow for resolving potential circular references
00:07:05.523 qrouter [Test worker] DEBUG o.s.b.f.annotation.InjectionMetadata -Processing injected element of bean 'dataSourceInitializerPostProcessor': AutowiredFieldElement for private org.springframework.beans.factory.BeanFactory org.springframework.boot.autoconfigure.jdbc.DataSourceInitializerPostProcessor.beanFactory
00:07:05.530 qrouter [Test worker] DEBUG o.s.b.f.a.AutowiredAnnotationBeanPostProcessor -Autowiring by type from bean name 'dataSourceInitializerPostProcessor' to bean named 'org.springframework.beans.factory.support.DefaultListableBeanFactory@1b7543b'
00:07:05.531 qrouter [Test worker] DEBUG o.s.b.f.s.DefaultListableBeanFactory -Finished creating instance of bean 'dataSourceInitializerPostProcessor'
00:07:05.532 qrouter [Test worker] DEBUG o.s.b.f.s.DefaultListableBeanFactory -Creating shared instance of singleton bean 'persistenceExceptionTranslationPostProcessor'
00:07:05.532 qrouter [Test worker] DEBUG o.s.b.f.s.DefaultListableBeanFactory -Creating instance of bean 'persistenceExceptionTranslationPostProcessor'
00:07:05.541 qrouter [Test worker] DEBUG o.s.b.f.s.DefaultListableBeanFactory -Returning cached instance of singleton bean 'environment'
00:07:05.541 qrouter [Test worker] DEBUG o.s.b.f.s.DefaultListableBeanFactory -Autowiring by type from bean name 'persistenceExceptionTranslationPostProcessor' via factory method to bean named 'environment'
00:07:05.545 qrouter [Test worker] DEBUG o.s.b.f.s.DefaultListableBeanFactory -Eagerly caching bean 'persistenceExceptionTranslationPostProcessor' to allow for resolving potential circular references
00:07:05.596 qrouter [Test worker] DEBUG o.s.b.f.s.DefaultListableBeanFactory -Finished creating instance of bean 'persistenceExceptionTranslationPostProcessor'
00:07:05.597 qrouter [Test worker] DEBUG o.s.b.f.s.DefaultListableBeanFactory -Creating shared instance of singleton bean 'objectMapperConfigurer'
00:07:05.597 qrouter [Test worker] DEBUG o.s.b.f.s.DefaultListableBeanFactory -Creating instance of bean 'objectMapperConfigurer'
00:07:05.605 qrouter [Test worker] DEBUG o.s.b.f.s.DefaultListableBeanFactory -Creating shared instance of singleton bean 'org.springframework.transaction.config.internalTransactionAdvisor'
00:07:05.605 qrouter [Test worker] DEBUG o.s.b.f.s.DefaultListableBeanFactory -Creating instance of bean 'org.springframework.transaction.config.internalTransactionAdvisor'
00:07:05.606 qrouter [Test worker] DEBUG o.s.b.f.s.DefaultListableBeanFactory -Creating shared instance of singleton bean 'org.springframework.transaction.annotation.ProxyTransactionManagementConfiguration'
00:07:05.606 qrouter [Test worker] DEBUG o.s.b.f.s.DefaultListableBeanFactory -Creating instance of bean 'org.springframework.transaction.annotation.ProxyTransactionManagementConfiguration'
00:07:05.607 qrouter [Test worker] DEBUG o.s.a.f.a.BeanFactoryAdvisorRetrievalHelper -Skipping currently created advisor 'org.springframework.transaction.config.internalTransactionAdvisor'
00:07:05.664 qrouter [Test worker] DEBUG o.s.b.f.annotation.InjectionMetadata -Registered injected element on class [org.springframework.transaction.annotation.ProxyTransactionManagementConfiguration$$EnhancerBySpringCGLIB$$757e8cf4]: AutowiredMethodElement for void org.springframework.transaction.annotation.AbstractTransactionManagementConfiguration.setConfigurers(java.util.Collection)
00:07:05.664 qrouter [Test worker] DEBUG o.s.b.f.s.DefaultListableBeanFactory -Eagerly caching bean 'org.springframework.transaction.annotation.ProxyTransactionManagementConfiguration' to allow for resolving potential circular references
00:07:05.665 qrouter [Test worker] DEBUG o.s.b.f.annotation.InjectionMetadata -Processing injected element of bean 'org.springframework.transaction.annotation.ProxyTransactionManagementConfiguration': AutowiredMethodElement for void org.springframework.transaction.annotation.AbstractTransactionManagementConfiguration.setConfigurers(java.util.Collection)
00:07:05.682 qrouter [Test worker] DEBUG o.s.b.f.s.DefaultListableBeanFactory -Returning cached instance of singleton bean 'org.springframework.context.annotation.ConfigurationClassPostProcessor.importRegistry'
00:07:05.683 qrouter [Test worker] INFO  o.s.c.s.PostProcessorRegistrationDelegate$BeanPostProcessorChecker -Bean 'org.springframework.transaction.annotation.ProxyTransactionManagementConfiguration' of type [org.springframework.transaction.annotation.ProxyTransactionManagementConfiguration$$EnhancerBySpringCGLIB$$757e8cf4] is not eligible for getting processed by all BeanPostProcessors (for example: not eligible for auto-proxying)
00:07:05.684 qrouter [Test worker] DEBUG o.s.a.f.a.BeanFactoryAdvisorRetrievalHelper -Skipping currently created advisor 'org.springframework.transaction.config.internalTransactionAdvisor'
00:07:05.684 qrouter [Test worker] DEBUG o.s.a.f.a.BeanFactoryAdvisorRetrievalHelper -Skipping currently created advisor 'org.springframework.transaction.config.internalTransactionAdvisor'
00:07:05.692 qrouter [Test worker] DEBUG o.s.b.f.s.DefaultListableBeanFactory -Finished creating instance of bean 'org.springframework.transaction.annotation.ProxyTransactionManagementConfiguration'
00:07:05.775 qrouter [Test worker] DEBUG o.s.b.f.s.DefaultListableBeanFactory -Creating shared instance of singleton bean 'transactionAttributeSource'
00:07:05.776 qrouter [Test worker] DEBUG o.s.b.f.s.DefaultListableBeanFactory -Creating instance of bean 'transactionAttributeSource'
00:07:05.776 qrouter [Test worker] DEBUG o.s.a.f.a.BeanFactoryAdvisorRetrievalHelper -Skipping currently created advisor 'org.springframework.transaction.config.internalTransactionAdvisor'
00:07:05.776 qrouter [Test worker] DEBUG o.s.b.f.s.DefaultListableBeanFactory -Returning cached instance of singleton bean 'org.springframework.transaction.annotation.ProxyTransactionManagementConfiguration'
00:07:05.779 qrouter [Test worker] DEBUG o.s.b.f.s.DefaultListableBeanFactory -Eagerly caching bean 'transactionAttributeSource' to allow for resolving potential circular references
00:07:05.795 qrouter [Test worker] DEBUG o.s.a.f.a.BeanFactoryAdvisorRetrievalHelper -Skipping currently created advisor 'org.springframework.transaction.config.internalTransactionAdvisor'
00:07:05.795 qrouter [Test worker] DEBUG o.s.a.f.a.BeanFactoryAdvisorRetrievalHelper -Skipping currently created advisor 'org.springframework.transaction.config.internalTransactionAdvisor'
00:07:05.796 qrouter [Test worker] DEBUG o.s.b.f.s.DefaultListableBeanFactory -Finished creating instance of bean 'transactionAttributeSource'
00:07:05.798 qrouter [Test worker] DEBUG o.s.b.f.s.DefaultListableBeanFactory -Creating shared instance of singleton bean 'transactionInterceptor'
00:07:05.798 qrouter [Test worker] DEBUG o.s.b.f.s.DefaultListableBeanFactory -Creating instance of bean 'transactionInterceptor'
00:07:05.798 qrouter [Test worker] DEBUG o.s.b.f.s.DefaultListableBeanFactory -Returning cached instance of singleton bean 'org.springframework.transaction.annotation.ProxyTransactionManagementConfiguration'
00:07:05.816 qrouter [Test worker] DEBUG o.s.b.f.s.DefaultListableBeanFactory -Returning cached instance of singleton bean 'transactionAttributeSource'
00:07:05.828 qrouter [Test worker] DEBUG o.s.b.f.s.DefaultListableBeanFactory -Eagerly caching bean 'transactionInterceptor' to allow for resolving potential circular references
00:07:05.849 qrouter [Test worker] DEBUG o.s.b.f.s.DefaultListableBeanFactory -Invoking afterPropertiesSet() on bean with name 'transactionInterceptor'
00:07:05.850 qrouter [Test worker] DEBUG o.s.b.f.s.DefaultListableBeanFactory -Finished creating instance of bean 'transactionInterceptor'
00:07:05.853 qrouter [Test worker] DEBUG o.s.b.f.s.DefaultListableBeanFactory -Eagerly caching bean 'org.springframework.transaction.config.internalTransactionAdvisor' to allow for resolving potential circular references
00:07:05.876 qrouter [Test worker] DEBUG o.s.b.f.s.DefaultListableBeanFactory -Finished creating instance of bean 'org.springframework.transaction.config.internalTransactionAdvisor'
00:07:05.883 qrouter [Test worker] DEBUG o.s.b.f.s.DefaultListableBeanFactory -Eagerly caching bean 'objectMapperConfigurer' to allow for resolving potential circular references
00:07:05.896 qrouter [Test worker] DEBUG o.s.b.f.s.DefaultListableBeanFactory -Returning cached instance of singleton bean 'org.springframework.transaction.config.internalTransactionAdvisor'
00:07:05.897 qrouter [Test worker] DEBUG o.s.b.f.s.DefaultListableBeanFactory -Returning cached instance of singleton bean 'org.springframework.transaction.config.internalTransactionAdvisor'
00:07:05.906 qrouter [Test worker] DEBUG o.s.b.f.s.DefaultListableBeanFactory -Finished creating instance of bean 'objectMapperConfigurer'
00:07:05.907 qrouter [Test worker] DEBUG o.s.b.f.s.DefaultListableBeanFactory -Creating shared instance of singleton bean 'embeddedServletContainerCustomizerBeanPostProcessor'
00:07:05.907 qrouter [Test worker] DEBUG o.s.b.f.s.DefaultListableBeanFactory -Creating instance of bean 'embeddedServletContainerCustomizerBeanPostProcessor'
00:07:05.909 qrouter [Test worker] DEBUG o.s.b.f.s.DefaultListableBeanFactory -Eagerly caching bean 'embeddedServletContainerCustomizerBeanPostProcessor' to allow for resolving potential circular references
00:07:05.940 qrouter [Test worker] DEBUG o.s.b.f.s.DefaultListableBeanFactory -Finished creating instance of bean 'embeddedServletContainerCustomizerBeanPostProcessor'
00:07:05.944 qrouter [Test worker] DEBUG o.s.b.f.s.DefaultListableBeanFactory -Creating shared instance of singleton bean 'errorPageRegistrarBeanPostProcessor'
00:07:05.947 qrouter [Test worker] DEBUG o.s.b.f.s.DefaultListableBeanFactory -Creating instance of bean 'errorPageRegistrarBeanPostProcessor'
00:07:05.950 qrouter [Test worker] DEBUG o.s.b.f.s.DefaultListableBeanFactory -Eagerly caching bean 'errorPageRegistrarBeanPostProcessor' to allow for resolving potential circular references
00:07:05.969 qrouter [Test worker] DEBUG o.s.b.f.s.DefaultListableBeanFactory -Finished creating instance of bean 'errorPageRegistrarBeanPostProcessor'
00:07:05.969 qrouter [Test worker] DEBUG o.s.b.f.s.DefaultListableBeanFactory -Creating shared instance of singleton bean 'dataSourceInitializedPublisher'
00:07:05.969 qrouter [Test worker] DEBUG o.s.b.f.s.DefaultListableBeanFactory -Creating instance of bean 'dataSourceInitializedPublisher'
00:07:05.971 qrouter [Test worker] DEBUG o.s.b.f.annotation.InjectionMetadata -Registered injected element on class [org.springframework.boot.autoconfigure.orm.jpa.DataSourceInitializedPublisher]: AutowiredFieldElement for private org.springframework.context.ApplicationContext org.springframework.boot.autoconfigure.orm.jpa.DataSourceInitializedPublisher.applicationContext
00:07:05.972 qrouter [Test worker] DEBUG o.s.b.f.s.DefaultListableBeanFactory -Eagerly caching bean 'dataSourceInitializedPublisher' to allow for resolving potential circular references
00:07:05.981 qrouter [Test worker] DEBUG o.s.b.f.annotation.InjectionMetadata -Processing injected element of bean 'dataSourceInitializedPublisher': AutowiredFieldElement for private org.springframework.context.ApplicationContext org.springframework.boot.autoconfigure.orm.jpa.DataSourceInitializedPublisher.applicationContext
00:07:05.987 qrouter [Test worker] DEBUG o.s.b.f.a.AutowiredAnnotationBeanPostProcessor -Autowiring by type from bean name 'dataSourceInitializedPublisher' to bean named 'org.springframework.web.context.support.GenericWebApplicationContext@1ec853e'
00:07:05.988 qrouter [Test worker] DEBUG o.s.b.f.s.DefaultListableBeanFactory -Finished creating instance of bean 'dataSourceInitializedPublisher'
00:07:05.988 qrouter [Test worker] DEBUG o.s.b.f.s.DefaultListableBeanFactory -Creating shared instance of singleton bean 'halObjectMapperConfigurer'
00:07:05.988 qrouter [Test worker] DEBUG o.s.b.f.s.DefaultListableBeanFactory -Creating instance of bean 'halObjectMapperConfigurer'
00:07:05.989 qrouter [Test worker] DEBUG o.s.b.f.s.DefaultListableBeanFactory -Returning cached instance of singleton bean 'org.springframework.transaction.config.internalTransactionAdvisor'
00:07:05.991 qrouter [Test worker] DEBUG o.s.b.f.s.DefaultListableBeanFactory -Eagerly caching bean 'halObjectMapperConfigurer' to allow for resolving potential circular references
00:07:06.006 qrouter [Test worker] DEBUG o.s.b.f.s.DefaultListableBeanFactory -Returning cached instance of singleton bean 'org.springframework.transaction.config.internalTransactionAdvisor'
00:07:06.006 qrouter [Test worker] DEBUG o.s.b.f.s.DefaultListableBeanFactory -Returning cached instance of singleton bean 'org.springframework.transaction.config.internalTransactionAdvisor'
00:07:06.008 qrouter [Test worker] DEBUG o.s.b.f.s.DefaultListableBeanFactory -Finished creating instance of bean 'halObjectMapperConfigurer'
00:07:06.008 qrouter [Test worker] DEBUG o.s.b.f.s.DefaultListableBeanFactory -Creating shared instance of singleton bean 'org.springframework.hateoas.config.HypermediaSupportBeanDefinitionRegistrar$DefaultObjectMapperCustomizer#0'
00:07:06.008 qrouter [Test worker] DEBUG o.s.b.f.s.DefaultListableBeanFactory -Creating instance of bean 'org.springframework.hateoas.config.HypermediaSupportBeanDefinitionRegistrar$DefaultObjectMapperCustomizer#0'
00:07:06.009 qrouter [Test worker] DEBUG o.s.b.f.s.DefaultListableBeanFactory -Returning cached instance of singleton bean 'org.springframework.transaction.config.internalTransactionAdvisor'
00:07:06.011 qrouter [Test worker] DEBUG o.s.b.f.s.DefaultListableBeanFactory -Eagerly caching bean 'org.springframework.hateoas.config.HypermediaSupportBeanDefinitionRegistrar$DefaultObjectMapperCustomizer#0' to allow for resolving potential circular references
00:07:06.021 qrouter [Test worker] DEBUG o.s.b.f.s.DefaultListableBeanFactory -Returning cached instance of singleton bean 'org.springframework.transaction.config.internalTransactionAdvisor'
00:07:06.022 qrouter [Test worker] DEBUG o.s.b.f.s.DefaultListableBeanFactory -Returning cached instance of singleton bean 'org.springframework.transaction.config.internalTransactionAdvisor'
00:07:06.023 qrouter [Test worker] DEBUG o.s.b.f.s.DefaultListableBeanFactory -Finished creating instance of bean 'org.springframework.hateoas.config.HypermediaSupportBeanDefinitionRegistrar$DefaultObjectMapperCustomizer#0'
00:07:06.023 qrouter [Test worker] DEBUG o.s.b.f.s.DefaultListableBeanFactory -Creating shared instance of singleton bean 'org.springframework.hateoas.config.HypermediaSupportBeanDefinitionRegistrar$Jackson2ModuleRegisteringBeanPostProcessor#0'
00:07:06.023 qrouter [Test worker] DEBUG o.s.b.f.s.DefaultListableBeanFactory -Creating instance of bean 'org.springframework.hateoas.config.HypermediaSupportBeanDefinitionRegistrar$Jackson2ModuleRegisteringBeanPostProcessor#0'
00:07:06.024 qrouter [Test worker] DEBUG o.s.b.f.s.DefaultListableBeanFactory -Returning cached instance of singleton bean 'org.springframework.transaction.config.internalTransactionAdvisor'
00:07:06.025 qrouter [Test worker] DEBUG o.s.b.f.s.DefaultListableBeanFactory -Eagerly caching bean 'org.springframework.hateoas.config.HypermediaSupportBeanDefinitionRegistrar$Jackson2ModuleRegisteringBeanPostProcessor#0' to allow for resolving potential circular references
00:07:06.043 qrouter [Test worker] DEBUG o.s.b.f.s.DefaultListableBeanFactory -Returning cached instance of singleton bean 'org.springframework.transaction.config.internalTransactionAdvisor'
00:07:06.044 qrouter [Test worker] DEBUG o.s.b.f.s.DefaultListableBeanFactory -Returning cached instance of singleton bean 'org.springframework.transaction.config.internalTransactionAdvisor'
00:07:06.045 qrouter [Test worker] DEBUG o.s.b.f.s.DefaultListableBeanFactory -Finished creating instance of bean 'org.springframework.hateoas.config.HypermediaSupportBeanDefinitionRegistrar$Jackson2ModuleRegisteringBeanPostProcessor#0'
00:07:06.045 qrouter [Test worker] DEBUG o.s.b.f.s.DefaultListableBeanFactory -Returning cached instance of singleton bean 'org.springframework.boot.test.autoconfigure.properties.PropertyMappingContextCustomizer$PropertyMappingCheckBeanPostProcessor'
00:07:06.046 qrouter [Test worker] DEBUG o.s.b.f.s.DefaultListableBeanFactory -Creating shared instance of singleton bean 'messageSource'
00:07:06.046 qrouter [Test worker] DEBUG o.s.b.f.s.DefaultListableBeanFactory -Creating instance of bean 'messageSource'
00:07:06.047 qrouter [Test worker] DEBUG o.s.b.f.s.DefaultListableBeanFactory -Returning cached instance of singleton bean 'org.springframework.transaction.config.internalTransactionAdvisor'
00:07:06.048 qrouter [Test worker] DEBUG o.s.b.f.s.DefaultListableBeanFactory -Creating shared instance of singleton bean 'org.springframework.boot.autoconfigure.context.MessageSourceAutoConfiguration'
00:07:06.048 qrouter [Test worker] DEBUG o.s.b.f.s.DefaultListableBeanFactory -Creating instance of bean 'org.springframework.boot.autoconfigure.context.MessageSourceAutoConfiguration'
00:07:06.050 qrouter [Test worker] DEBUG o.s.b.f.s.DefaultListableBeanFactory -Returning cached instance of singleton bean 'org.springframework.transaction.config.internalTransactionAdvisor'
00:07:06.052 qrouter [Test worker] DEBUG o.s.b.f.s.DefaultListableBeanFactory -Eagerly caching bean 'org.springframework.boot.autoconfigure.context.MessageSourceAutoConfiguration' to allow for resolving potential circular references
00:07:06.074 qrouter [Test worker] DEBUG o.h.v.i.e.r.DefaultTraversableResolver -Found javax.persistence.Persistence on classpath containing 'getPersistenceUtil'. Assuming JPA 2 environment. Trying to instantiate JPA aware TraversableResolver
00:07:06.075 qrouter [Test worker] DEBUG o.h.v.i.e.r.DefaultTraversableResolver -Instantiated JPA aware TraversableResolver of type org.hibernate.validator.internal.engine.resolver.JPATraversableResolver.
00:07:06.077 qrouter [Test worker] DEBUG o.h.v.i.e.r.DefaultTraversableResolver -Found javax.persistence.Persistence on classpath containing 'getPersistenceUtil'. Assuming JPA 2 environment. Trying to instantiate JPA aware TraversableResolver
00:07:06.078 qrouter [Test worker] DEBUG o.h.v.i.e.r.DefaultTraversableResolver -Instantiated JPA aware TraversableResolver of type org.hibernate.validator.internal.engine.resolver.JPATraversableResolver.
00:07:06.078 qrouter [Test worker] DEBUG o.h.v.i.engine.ConfigurationImpl -Setting custom MessageInterpolator of type org.springframework.validation.beanvalidation.LocaleContextMessageInterpolator
00:07:06.079 qrouter [Test worker] DEBUG o.h.v.i.engine.ConfigurationImpl -Setting custom ConstraintValidatorFactory of type org.springframework.validation.beanvalidation.SpringConstraintValidatorFactory
00:07:06.080 qrouter [Test worker] DEBUG o.h.v.i.engine.ConfigurationImpl -Setting custom ParameterNameProvider of type com.sun.proxy.$Proxy85
00:07:06.081 qrouter [Test worker] DEBUG o.h.v.i.xml.ValidationXmlParser -Trying to load META-INF/validation.xml for XML based Validator configuration.
00:07:06.081 qrouter [Test worker] DEBUG o.h.v.i.xml.ResourceLoaderHelper -Trying to load META-INF/validation.xml via user class loader
00:07:06.083 qrouter [Test worker] DEBUG o.h.v.i.xml.ResourceLoaderHelper -Trying to load META-INF/validation.xml via TCCL
00:07:06.090 qrouter [Test worker] DEBUG o.h.v.i.xml.ResourceLoaderHelper -Trying to load META-INF/validation.xml via Hibernate Validator's class loader
00:07:06.094 qrouter [Test worker] DEBUG o.h.v.i.xml.ValidationXmlParser -No META-INF/validation.xml found. Using annotation based configuration only.
00:07:06.107 qrouter [Test worker] DEBUG o.s.b.f.annotation.InjectionMetadata -Processing injected element of bean 'org.springframework.boot.context.properties.ConfigurationPropertiesBindingPostProcessor': AutowiredMethodElement for public void org.springframework.boot.context.properties.ConfigurationPropertiesBindingPostProcessor.setGenericConverters(java.util.List)
00:07:06.121 qrouter [Test worker] DEBUG o.s.b.f.annotation.InjectionMetadata -Processing injected element of bean 'org.springframework.boot.context.properties.ConfigurationPropertiesBindingPostProcessor': AutowiredMethodElement for public void org.springframework.boot.context.properties.ConfigurationPropertiesBindingPostProcessor.setConverters(java.util.List)
00:07:06.140 qrouter [Test worker] DEBUG o.s.core.env.MutablePropertySources -Adding [Inlined Test Properties] PropertySource with lowest search precedence
00:07:06.141 qrouter [Test worker] DEBUG o.s.core.env.MutablePropertySources -Adding [systemProperties] PropertySource with lowest search precedence
00:07:06.141 qrouter [Test worker] DEBUG o.s.core.env.MutablePropertySources -Adding [systemEnvironment] PropertySource with lowest search precedence
00:07:06.142 qrouter [Test worker] DEBUG o.s.core.env.MutablePropertySources -Adding [random] PropertySource with lowest search precedence
00:07:06.142 qrouter [Test worker] DEBUG o.s.core.env.MutablePropertySources -Adding [applicationConfig: [classpath:/application.properties]] PropertySource with lowest search precedence
00:07:06.151 qrouter [Test worker] DEBUG o.s.b.f.s.DefaultListableBeanFactory -Returning cached instance of singleton bean 'org.springframework.transaction.config.internalTransactionAdvisor'
00:07:06.152 qrouter [Test worker] DEBUG o.s.b.f.s.DefaultListableBeanFactory -Returning cached instance of singleton bean 'org.springframework.transaction.config.internalTransactionAdvisor'
00:07:06.176 qrouter [Test worker] DEBUG o.s.b.f.s.DefaultListableBeanFactory -Finished creating instance of bean 'org.springframework.boot.autoconfigure.context.MessageSourceAutoConfiguration'
00:07:06.242 qrouter [Test worker] DEBUG o.s.b.f.s.DefaultListableBeanFactory -Eagerly caching bean 'messageSource' to allow for resolving potential circular references
00:07:06.278 qrouter [Test worker] DEBUG o.s.b.f.s.DefaultListableBeanFactory -Returning cached instance of singleton bean 'org.springframework.transaction.config.internalTransactionAdvisor'
00:07:06.279 qrouter [Test worker] DEBUG o.s.b.f.s.DefaultListableBeanFactory -Returning cached instance of singleton bean 'org.springframework.transaction.config.internalTransactionAdvisor'
00:07:06.282 qrouter [Test worker] DEBUG o.s.b.f.s.DefaultListableBeanFactory -Finished creating instance of bean 'messageSource'
00:07:06.283 qrouter [Test worker] DEBUG o.s.w.c.s.GenericWebApplicationContext -Using MessageSource [org.springframework.context.support.ResourceBundleMessageSource: basenames=[messages]]
00:07:06.283 qrouter [Test worker] DEBUG o.s.w.c.s.GenericWebApplicationContext -Unable to locate ApplicationEventMulticaster with name 'applicationEventMulticaster': using default [org.springframework.context.event.SimpleApplicationEventMulticaster@6b4f5a]
00:07:06.295 qrouter [Test worker] DEBUG o.s.u.c.s.UiApplicationContextUtils -Unable to locate ThemeSource with name 'themeSource': using default [org.springframework.ui.context.support.ResourceBundleThemeSource@d8e2e7]
00:07:06.310 qrouter [Test worker] DEBUG o.s.b.f.s.DefaultListableBeanFactory -Creating shared instance of singleton bean 'entityManagerFactory'
00:07:06.310 qrouter [Test worker] DEBUG o.s.b.f.s.DefaultListableBeanFactory -Creating instance of bean 'entityManagerFactory'
00:07:06.311 qrouter [Test worker] DEBUG o.s.b.f.s.DefaultListableBeanFactory -Returning cached instance of singleton bean 'org.springframework.transaction.config.internalTransactionAdvisor'
00:07:06.312 qrouter [Test worker] DEBUG o.s.b.f.s.DefaultListableBeanFactory -Creating shared instance of singleton bean 'org.springframework.boot.autoconfigure.orm.jpa.HibernateJpaAutoConfiguration'
00:07:06.312 qrouter [Test worker] DEBUG o.s.b.f.s.DefaultListableBeanFactory -Creating instance of bean 'org.springframework.boot.autoconfigure.orm.jpa.HibernateJpaAutoConfiguration'
00:07:06.313 qrouter [Test worker] DEBUG o.s.b.f.s.DefaultListableBeanFactory -Returning cached instance of singleton bean 'org.springframework.transaction.config.internalTransactionAdvisor'
00:07:06.315 qrouter [Test worker] DEBUG o.s.c.LocalVariableTableParameterNameDiscoverer -Cannot find '.class' file for class [class org.springframework.boot.autoconfigure.orm.jpa.HibernateJpaAutoConfiguration$$EnhancerBySpringCGLIB$$df04f114] - unable to determine constructor/method parameter names
00:07:06.324 qrouter [Test worker] DEBUG o.s.b.f.s.DefaultListableBeanFactory -Creating shared instance of singleton bean 'dataSource'
00:07:06.325 qrouter [Test worker] DEBUG o.s.b.f.s.DefaultListableBeanFactory -Creating instance of bean 'dataSource'
00:07:06.325 qrouter [Test worker] DEBUG o.s.b.f.s.DefaultListableBeanFactory -Returning cached instance of singleton bean 'org.springframework.transaction.config.internalTransactionAdvisor'
00:07:06.326 qrouter [Test worker] DEBUG o.s.b.f.s.DefaultListableBeanFactory -Creating shared instance of singleton bean 'org.springframework.boot.autoconfigure.jdbc.DataSourceConfiguration$Tomcat'
00:07:06.326 qrouter [Test worker] DEBUG o.s.b.f.s.DefaultListableBeanFactory -Creating instance of bean 'org.springframework.boot.autoconfigure.jdbc.DataSourceConfiguration$Tomcat'
00:07:06.327 qrouter [Test worker] DEBUG o.s.b.f.s.DefaultListableBeanFactory -Returning cached instance of singleton bean 'org.springframework.transaction.config.internalTransactionAdvisor'
00:07:06.328 qrouter [Test worker] DEBUG o.s.b.f.s.DefaultListableBeanFactory -Eagerly caching bean 'org.springframework.boot.autoconfigure.jdbc.DataSourceConfiguration$Tomcat' to allow for resolving potential circular references
00:07:06.339 qrouter [Test worker] DEBUG o.s.b.f.s.DefaultListableBeanFactory -Returning cached instance of singleton bean 'org.springframework.transaction.config.internalTransactionAdvisor'
00:07:06.340 qrouter [Test worker] DEBUG o.s.b.f.s.DefaultListableBeanFactory -Returning cached instance of singleton bean 'org.springframework.transaction.config.internalTransactionAdvisor'
00:07:06.342 qrouter [Test worker] DEBUG o.s.b.f.s.DefaultListableBeanFactory -Finished creating instance of bean 'org.springframework.boot.autoconfigure.jdbc.DataSourceConfiguration$Tomcat'
00:07:06.352 qrouter [Test worker] DEBUG o.s.b.f.s.DefaultListableBeanFactory -Creating shared instance of singleton bean 'spring.datasource-org.springframework.boot.autoconfigure.jdbc.DataSourceProperties'
00:07:06.352 qrouter [Test worker] DEBUG o.s.b.f.s.DefaultListableBeanFactory -Creating instance of bean 'spring.datasource-org.springframework.boot.autoconfigure.jdbc.DataSourceProperties'
00:07:06.353 qrouter [Test worker] DEBUG o.s.b.f.s.DefaultListableBeanFactory -Returning cached instance of singleton bean 'org.springframework.transaction.config.internalTransactionAdvisor'
00:07:06.363 qrouter [Test worker] DEBUG o.s.b.f.s.DefaultListableBeanFactory -Eagerly caching bean 'spring.datasource-org.springframework.boot.autoconfigure.jdbc.DataSourceProperties' to allow for resolving potential circular references
00:07:06.398 qrouter [Test worker] DEBUG o.s.core.env.MutablePropertySources -Adding [Inlined Test Properties] PropertySource with lowest search precedence
00:07:06.398 qrouter [Test worker] DEBUG o.s.core.env.MutablePropertySources -Adding [systemProperties] PropertySource with lowest search precedence
00:07:06.399 qrouter [Test worker] DEBUG o.s.core.env.MutablePropertySources -Adding [systemEnvironment] PropertySource with lowest search precedence
00:07:06.399 qrouter [Test worker] DEBUG o.s.core.env.MutablePropertySources -Adding [random] PropertySource with lowest search precedence
00:07:06.399 qrouter [Test worker] DEBUG o.s.core.env.MutablePropertySources -Adding [applicationConfig: [classpath:/application.properties]] PropertySource with lowest search precedence
00:07:06.417 qrouter [Test worker] DEBUG o.s.core.env.MutablePropertySources -Adding [Inlined Test Properties] PropertySource with lowest search precedence
00:07:06.418 qrouter [Test worker] DEBUG o.s.core.env.MutablePropertySources -Adding [systemProperties] PropertySource with lowest search precedence
00:07:06.419 qrouter [Test worker] DEBUG o.s.core.env.MutablePropertySources -Adding [systemEnvironment] PropertySource with lowest search precedence
00:07:06.419 qrouter [Test worker] DEBUG o.s.core.env.MutablePropertySources -Adding [random] PropertySource with lowest search precedence
00:07:06.419 qrouter [Test worker] DEBUG o.s.core.env.MutablePropertySources -Adding [applicationConfig: [classpath:/application.properties]] PropertySource with lowest search precedence
00:07:06.420 qrouter [Test worker] DEBUG o.s.c.e.PropertySourcesPropertyResolver -Found key 'spring.datasource.url' in [applicationConfig: [classpath:/application.properties]] with type [String]
00:07:06.422 qrouter [Test worker] DEBUG o.s.core.env.MutablePropertySources -Adding [Inlined Test Properties] PropertySource with lowest search precedence
00:07:06.422 qrouter [Test worker] DEBUG o.s.core.env.MutablePropertySources -Adding [systemProperties] PropertySource with lowest search precedence
00:07:06.422 qrouter [Test worker] DEBUG o.s.core.env.MutablePropertySources -Adding [systemEnvironment] PropertySource with lowest search precedence
00:07:06.423 qrouter [Test worker] DEBUG o.s.core.env.MutablePropertySources -Adding [random] PropertySource with lowest search precedence
00:07:06.423 qrouter [Test worker] DEBUG o.s.core.env.MutablePropertySources -Adding [applicationConfig: [classpath:/application.properties]] PropertySource with lowest search precedence
00:07:06.424 qrouter [Test worker] DEBUG o.s.c.e.PropertySourcesPropertyResolver -Found key 'spring.datasource.username' in [applicationConfig: [classpath:/application.properties]] with type [String]
00:07:06.427 qrouter [Test worker] DEBUG o.s.core.env.MutablePropertySources -Adding [Inlined Test Properties] PropertySource with lowest search precedence
00:07:06.428 qrouter [Test worker] DEBUG o.s.core.env.MutablePropertySources -Adding [systemProperties] PropertySource with lowest search precedence
00:07:06.428 qrouter [Test worker] DEBUG o.s.core.env.MutablePropertySources -Adding [systemEnvironment] PropertySource with lowest search precedence
00:07:06.428 qrouter [Test worker] DEBUG o.s.core.env.MutablePropertySources -Adding [random] PropertySource with lowest search precedence
00:07:06.429 qrouter [Test worker] DEBUG o.s.core.env.MutablePropertySources -Adding [applicationConfig: [classpath:/application.properties]] PropertySource with lowest search precedence
00:07:06.429 qrouter [Test worker] DEBUG o.s.c.e.PropertySourcesPropertyResolver -Found key 'spring.datasource.password' in [applicationConfig: [classpath:/application.properties]] with type [String]
00:07:06.464 qrouter [Test worker] DEBUG o.s.b.f.s.DefaultListableBeanFactory -Invoking afterPropertiesSet() on bean with name 'spring.datasource-org.springframework.boot.autoconfigure.jdbc.DataSourceProperties'
00:07:06.473 qrouter [Test worker] DEBUG o.s.b.f.s.DefaultListableBeanFactory -Returning cached instance of singleton bean 'org.springframework.transaction.config.internalTransactionAdvisor'
00:07:06.474 qrouter [Test worker] DEBUG o.s.b.f.s.DefaultListableBeanFactory -Returning cached instance of singleton bean 'org.springframework.transaction.config.internalTransactionAdvisor'
00:07:06.489 qrouter [Test worker] DEBUG o.s.b.f.s.DefaultListableBeanFactory -Finished creating instance of bean 'spring.datasource-org.springframework.boot.autoconfigure.jdbc.DataSourceProperties'
00:07:06.489 qrouter [Test worker] DEBUG o.s.b.f.s.DefaultListableBeanFactory -Autowiring by type from bean name 'dataSource' via factory method to bean named 'spring.datasource-org.springframework.boot.autoconfigure.jdbc.DataSourceProperties'
00:07:06.662 qrouter [Test worker] DEBUG o.s.b.f.s.DefaultListableBeanFactory -Eagerly caching bean 'dataSource' to allow for resolving potential circular references
00:07:07.307 qrouter [Test worker] DEBUG o.s.core.env.MutablePropertySources -Adding [Inlined Test Properties] PropertySource with lowest search precedence
00:07:07.310 qrouter [Test worker] DEBUG o.s.core.env.MutablePropertySources -Adding [systemProperties] PropertySource with lowest search precedence
00:07:07.310 qrouter [Test worker] DEBUG o.s.core.env.MutablePropertySources -Adding [systemEnvironment] PropertySource with lowest search precedence
00:07:07.311 qrouter [Test worker] DEBUG o.s.core.env.MutablePropertySources -Adding [random] PropertySource with lowest search precedence
00:07:07.311 qrouter [Test worker] DEBUG o.s.core.env.MutablePropertySources -Adding [applicationConfig: [classpath:/application.properties]] PropertySource with lowest search precedence
00:07:07.371 qrouter [Test worker] DEBUG o.s.b.f.s.DefaultListableBeanFactory -Returning cached instance of singleton bean 'org.springframework.transaction.config.internalTransactionAdvisor'
00:07:07.372 qrouter [Test worker] DEBUG o.s.b.f.s.DefaultListableBeanFactory -Returning cached instance of singleton bean 'org.springframework.transaction.config.internalTransactionAdvisor'
00:07:07.392 qrouter [Test worker] DEBUG o.s.b.f.s.DefaultListableBeanFactory -Creating shared instance of singleton bean 'dataSourceInitializer'
00:07:07.392 qrouter [Test worker] DEBUG o.s.b.f.s.DefaultListableBeanFactory -Creating instance of bean 'dataSourceInitializer'
00:07:07.393 qrouter [Test worker] DEBUG o.s.b.f.s.DefaultListableBeanFactory -Returning cached instance of singleton bean 'org.springframework.transaction.config.internalTransactionAdvisor'
00:07:07.394 qrouter [Test worker] DEBUG o.s.b.f.s.DefaultListableBeanFactory -Creating shared instance of singleton bean 'org.springframework.boot.autoconfigure.jdbc.DataSourceAutoConfiguration'
00:07:07.394 qrouter [Test worker] DEBUG o.s.b.f.s.DefaultListableBeanFactory -Creating instance of bean 'org.springframework.boot.autoconfigure.jdbc.DataSourceAutoConfiguration'
00:07:07.395 qrouter [Test worker] DEBUG o.s.b.f.s.DefaultListableBeanFactory -Returning cached instance of singleton bean 'org.springframework.transaction.config.internalTransactionAdvisor'
00:07:07.397 qrouter [Test worker] DEBUG o.s.b.f.s.DefaultListableBeanFactory -Eagerly caching bean 'org.springframework.boot.autoconfigure.jdbc.DataSourceAutoConfiguration' to allow for resolving potential circular references
00:07:07.407 qrouter [Test worker] DEBUG o.s.b.f.s.DefaultListableBeanFactory -Returning cached instance of singleton bean 'org.springframework.transaction.config.internalTransactionAdvisor'
00:07:07.407 qrouter [Test worker] DEBUG o.s.b.f.s.DefaultListableBeanFactory -Returning cached instance of singleton bean 'org.springframework.transaction.config.internalTransactionAdvisor'
00:07:07.412 qrouter [Test worker] DEBUG o.s.b.f.s.DefaultListableBeanFactory -Finished creating instance of bean 'org.springframework.boot.autoconfigure.jdbc.DataSourceAutoConfiguration'
00:07:07.419 qrouter [Test worker] DEBUG o.s.b.f.s.DefaultListableBeanFactory -Returning cached instance of singleton bean 'spring.datasource-org.springframework.boot.autoconfigure.jdbc.DataSourceProperties'
00:07:07.426 qrouter [Test worker] DEBUG o.s.b.f.s.DefaultListableBeanFactory -Autowiring by type from bean name 'dataSourceInitializer' via factory method to bean named 'spring.datasource-org.springframework.boot.autoconfigure.jdbc.DataSourceProperties'
00:07:07.426 qrouter [Test worker] DEBUG o.s.b.f.s.DefaultListableBeanFactory -Autowiring by type from bean name 'dataSourceInitializer' via factory method to bean named 'org.springframework.web.context.support.GenericWebApplicationContext@1ec853e'
00:07:07.464 qrouter [Test worker] DEBUG o.s.c.a.CommonAnnotationBeanPostProcessor -Found init method on class [org.springframework.boot.autoconfigure.jdbc.DataSourceInitializer]: public void org.springframework.boot.autoconfigure.jdbc.DataSourceInitializer.init()
00:07:07.465 qrouter [Test worker] DEBUG o.s.c.a.CommonAnnotationBeanPostProcessor -Registered init method on class [org.springframework.boot.autoconfigure.jdbc.DataSourceInitializer]: org.springframework.beans.factory.annotation.InitDestroyAnnotationBeanPostProcessor$LifecycleElement@316510
00:07:07.466 qrouter [Test worker] DEBUG o.s.b.f.s.DefaultListableBeanFactory -Eagerly caching bean 'dataSourceInitializer' to allow for resolving potential circular references
00:07:07.475 qrouter [Test worker] DEBUG o.s.c.a.CommonAnnotationBeanPostProcessor -Invoking init method on bean 'dataSourceInitializer': public void org.springframework.boot.autoconfigure.jdbc.DataSourceInitializer.init()
00:07:07.485 qrouter [Test worker] DEBUG o.s.b.f.s.DefaultListableBeanFactory -Returning eagerly cached instance of singleton bean 'dataSource' that is not fully initialized yet - a consequence of a circular reference
00:07:07.490 qrouter [Test worker] DEBUG o.s.c.i.s.PathMatchingResourcePatternResolver -Resolved classpath location [schema-all.sql] to resources []
00:07:07.494 qrouter [Test worker] DEBUG o.s.c.i.s.PathMatchingResourcePatternResolver -Resolved classpath location [schema.sql] to resources []
00:07:07.494 qrouter [Test worker] DEBUG o.s.b.f.s.DefaultListableBeanFactory -Returning cached instance of singleton bean 'org.springframework.transaction.config.internalTransactionAdvisor'
00:07:07.494 qrouter [Test worker] DEBUG o.s.b.f.s.DefaultListableBeanFactory -Returning cached instance of singleton bean 'org.springframework.transaction.config.internalTransactionAdvisor'
00:07:07.496 qrouter [Test worker] DEBUG o.s.b.f.s.DefaultListableBeanFactory -Finished creating instance of bean 'dataSourceInitializer'
00:07:07.497 qrouter [Test worker] DEBUG o.s.b.f.s.DefaultListableBeanFactory -Finished creating instance of bean 'dataSource'
00:07:07.505 qrouter [Test worker] DEBUG o.s.b.f.s.DefaultListableBeanFactory -Creating shared instance of singleton bean 'spring.jpa-org.springframework.boot.autoconfigure.orm.jpa.JpaProperties'
00:07:07.505 qrouter [Test worker] DEBUG o.s.b.f.s.DefaultListableBeanFactory -Creating instance of bean 'spring.jpa-org.springframework.boot.autoconfigure.orm.jpa.JpaProperties'
00:07:07.505 qrouter [Test worker] DEBUG o.s.b.f.s.DefaultListableBeanFactory -Returning cached instance of singleton bean 'org.springframework.transaction.config.internalTransactionAdvisor'
00:07:07.510 qrouter [Test worker] DEBUG o.s.b.f.s.DefaultListableBeanFactory -Eagerly caching bean 'spring.jpa-org.springframework.boot.autoconfigure.orm.jpa.JpaProperties' to allow for resolving potential circular references
00:07:07.518 qrouter [Test worker] DEBUG o.s.core.env.MutablePropertySources -Adding [Inlined Test Properties] PropertySource with lowest search precedence
00:07:07.519 qrouter [Test worker] DEBUG o.s.core.env.MutablePropertySources -Adding [systemProperties] PropertySource with lowest search precedence
00:07:07.519 qrouter [Test worker] DEBUG o.s.core.env.MutablePropertySources -Adding [systemEnvironment] PropertySource with lowest search precedence
00:07:07.520 qrouter [Test worker] DEBUG o.s.core.env.MutablePropertySources -Adding [random] PropertySource with lowest search precedence
00:07:07.520 qrouter [Test worker] DEBUG o.s.core.env.MutablePropertySources -Adding [applicationConfig: [classpath:/application.properties]] PropertySource with lowest search precedence
00:07:07.537 qrouter [Test worker] DEBUG o.s.core.env.MutablePropertySources -Adding [Inlined Test Properties] PropertySource with lowest search precedence
00:07:07.538 qrouter [Test worker] DEBUG o.s.core.env.MutablePropertySources -Adding [systemProperties] PropertySource with lowest search precedence
00:07:07.538 qrouter [Test worker] DEBUG o.s.core.env.MutablePropertySources -Adding [systemEnvironment] PropertySource with lowest search precedence
00:07:07.538 qrouter [Test worker] DEBUG o.s.core.env.MutablePropertySources -Adding [random] PropertySource with lowest search precedence
00:07:07.539 qrouter [Test worker] DEBUG o.s.core.env.MutablePropertySources -Adding [applicationConfig: [classpath:/application.properties]] PropertySource with lowest search precedence
00:07:07.539 qrouter [Test worker] DEBUG o.s.c.e.PropertySourcesPropertyResolver -Found key 'spring.jpa.hibernate.ddl-auto' in [applicationConfig: [classpath:/application.properties]] with type [String]
00:07:07.542 qrouter [Test worker] DEBUG o.s.core.env.MutablePropertySources -Adding [Inlined Test Properties] PropertySource with lowest search precedence
00:07:07.542 qrouter [Test worker] DEBUG o.s.core.env.MutablePropertySources -Adding [systemProperties] PropertySource with lowest search precedence
00:07:07.542 qrouter [Test worker] DEBUG o.s.core.env.MutablePropertySources -Adding [systemEnvironment] PropertySource with lowest search precedence
00:07:07.542 qrouter [Test worker] DEBUG o.s.core.env.MutablePropertySources -Adding [random] PropertySource with lowest search precedence
00:07:07.543 qrouter [Test worker] DEBUG o.s.core.env.MutablePropertySources -Adding [applicationConfig: [classpath:/application.properties]] PropertySource with lowest search precedence
00:07:07.543 qrouter [Test worker] DEBUG o.s.c.e.PropertySourcesPropertyResolver -Found key 'spring.jpa.properties.hibernate.dialect' in [applicationConfig: [classpath:/application.properties]] with type [String]
00:07:07.544 qrouter [Test worker] DEBUG o.s.core.env.MutablePropertySources -Adding [Inlined Test Properties] PropertySource with lowest search precedence
00:07:07.544 qrouter [Test worker] DEBUG o.s.core.env.MutablePropertySources -Adding [systemProperties] PropertySource with lowest search precedence
00:07:07.545 qrouter [Test worker] DEBUG o.s.core.env.MutablePropertySources -Adding [systemEnvironment] PropertySource with lowest search precedence
00:07:07.545 qrouter [Test worker] DEBUG o.s.core.env.MutablePropertySources -Adding [random] PropertySource with lowest search precedence
00:07:07.546 qrouter [Test worker] DEBUG o.s.core.env.MutablePropertySources -Adding [applicationConfig: [classpath:/application.properties]] PropertySource with lowest search precedence
00:07:07.546 qrouter [Test worker] DEBUG o.s.c.e.PropertySourcesPropertyResolver -Found key 'spring.jpa.hibernate.naming.strategy' in [applicationConfig: [classpath:/application.properties]] with type [String]
00:07:07.547 qrouter [Test worker] DEBUG o.s.core.env.MutablePropertySources -Adding [Inlined Test Properties] PropertySource with lowest search precedence
00:07:07.547 qrouter [Test worker] DEBUG o.s.core.env.MutablePropertySources -Adding [systemProperties] PropertySource with lowest search precedence
00:07:07.548 qrouter [Test worker] DEBUG o.s.core.env.MutablePropertySources -Adding [systemEnvironment] PropertySource with lowest search precedence
00:07:07.548 qrouter [Test worker] DEBUG o.s.core.env.MutablePropertySources -Adding [random] PropertySource with lowest search precedence
00:07:07.549 qrouter [Test worker] DEBUG o.s.core.env.MutablePropertySources -Adding [applicationConfig: [classpath:/application.properties]] PropertySource with lowest search precedence
00:07:07.549 qrouter [Test worker] DEBUG o.s.c.e.PropertySourcesPropertyResolver -Found key 'spring.jpa.show-sql' in [applicationConfig: [classpath:/application.properties]] with type [String]
00:07:07.572 qrouter [Test worker] DEBUG o.s.b.f.s.DefaultListableBeanFactory -Returning cached instance of singleton bean 'org.springframework.transaction.config.internalTransactionAdvisor'
00:07:07.573 qrouter [Test worker] DEBUG o.s.b.f.s.DefaultListableBeanFactory -Returning cached instance of singleton bean 'org.springframework.transaction.config.internalTransactionAdvisor'
00:07:07.575 qrouter [Test worker] DEBUG o.s.b.f.s.DefaultListableBeanFactory -Finished creating instance of bean 'spring.jpa-org.springframework.boot.autoconfigure.orm.jpa.JpaProperties'
00:07:07.584 qrouter [Test worker] DEBUG o.s.b.f.s.DefaultListableBeanFactory -Autowiring by type from bean name 'org.springframework.boot.autoconfigure.orm.jpa.HibernateJpaAutoConfiguration' via constructor to bean named 'dataSource'
00:07:07.584 qrouter [Test worker] DEBUG o.s.b.f.s.DefaultListableBeanFactory -Autowiring by type from bean name 'org.springframework.boot.autoconfigure.orm.jpa.HibernateJpaAutoConfiguration' via constructor to bean named 'spring.jpa-org.springframework.boot.autoconfigure.orm.jpa.JpaProperties'
00:07:07.594 qrouter [Test worker] DEBUG o.s.b.f.s.DefaultListableBeanFactory -Creating shared instance of singleton bean 'platformTransactionManagerCustomizers'
00:07:07.595 qrouter [Test worker] DEBUG o.s.b.f.s.DefaultListableBeanFactory -Creating instance of bean 'platformTransactionManagerCustomizers'
00:07:07.595 qrouter [Test worker] DEBUG o.s.b.f.s.DefaultListableBeanFactory -Returning cached instance of singleton bean 'org.springframework.transaction.config.internalTransactionAdvisor'
00:07:07.596 qrouter [Test worker] DEBUG o.s.b.f.s.DefaultListableBeanFactory -Creating shared instance of singleton bean 'org.springframework.boot.autoconfigure.transaction.TransactionAutoConfiguration'
00:07:07.596 qrouter [Test worker] DEBUG o.s.b.f.s.DefaultListableBeanFactory -Creating instance of bean 'org.springframework.boot.autoconfigure.transaction.TransactionAutoConfiguration'
00:07:07.597 qrouter [Test worker] DEBUG o.s.b.f.s.DefaultListableBeanFactory -Returning cached instance of singleton bean 'org.springframework.transaction.config.internalTransactionAdvisor'
00:07:07.599 qrouter [Test worker] DEBUG o.s.b.f.s.DefaultListableBeanFactory -Eagerly caching bean 'org.springframework.boot.autoconfigure.transaction.TransactionAutoConfiguration' to allow for resolving potential circular references
00:07:07.609 qrouter [Test worker] DEBUG o.s.b.f.s.DefaultListableBeanFactory -Returning cached instance of singleton bean 'org.springframework.transaction.config.internalTransactionAdvisor'
00:07:07.609 qrouter [Test worker] DEBUG o.s.b.f.s.DefaultListableBeanFactory -Returning cached instance of singleton bean 'org.springframework.transaction.config.internalTransactionAdvisor'
00:07:07.613 qrouter [Test worker] DEBUG o.s.b.f.s.DefaultListableBeanFactory -Finished creating instance of bean 'org.springframework.boot.autoconfigure.transaction.TransactionAutoConfiguration'
00:07:07.643 qrouter [Test worker] DEBUG o.s.b.f.s.DefaultListableBeanFactory -Creating shared instance of singleton bean 'spring.transaction-org.springframework.boot.autoconfigure.transaction.TransactionProperties'
00:07:07.643 qrouter [Test worker] DEBUG o.s.b.f.s.DefaultListableBeanFactory -Creating instance of bean 'spring.transaction-org.springframework.boot.autoconfigure.transaction.TransactionProperties'
00:07:07.644 qrouter [Test worker] DEBUG o.s.b.f.s.DefaultListableBeanFactory -Returning cached instance of singleton bean 'org.springframework.transaction.config.internalTransactionAdvisor'
00:07:07.645 qrouter [Test worker] DEBUG o.s.b.f.s.DefaultListableBeanFactory -Eagerly caching bean 'spring.transaction-org.springframework.boot.autoconfigure.transaction.TransactionProperties' to allow for resolving potential circular references
00:07:07.653 qrouter [Test worker] DEBUG o.s.core.env.MutablePropertySources -Adding [Inlined Test Properties] PropertySource with lowest search precedence
00:07:07.653 qrouter [Test worker] DEBUG o.s.core.env.MutablePropertySources -Adding [systemProperties] PropertySource with lowest search precedence
00:07:07.653 qrouter [Test worker] DEBUG o.s.core.env.MutablePropertySources -Adding [systemEnvironment] PropertySource with lowest search precedence
00:07:07.654 qrouter [Test worker] DEBUG o.s.core.env.MutablePropertySources -Adding [random] PropertySource with lowest search precedence
00:07:07.654 qrouter [Test worker] DEBUG o.s.core.env.MutablePropertySources -Adding [applicationConfig: [classpath:/application.properties]] PropertySource with lowest search precedence
00:07:07.656 qrouter [Test worker] DEBUG o.s.b.f.s.DefaultListableBeanFactory -Returning cached instance of singleton bean 'org.springframework.transaction.config.internalTransactionAdvisor'
00:07:07.656 qrouter [Test worker] DEBUG o.s.b.f.s.DefaultListableBeanFactory -Returning cached instance of singleton bean 'org.springframework.transaction.config.internalTransactionAdvisor'
00:07:07.658 qrouter [Test worker] DEBUG o.s.b.f.s.DefaultListableBeanFactory -Finished creating instance of bean 'spring.transaction-org.springframework.boot.autoconfigure.transaction.TransactionProperties'
00:07:07.697 qrouter [Test worker] DEBUG o.s.b.f.s.DefaultListableBeanFactory -Eagerly caching bean 'platformTransactionManagerCustomizers' to allow for resolving potential circular references
00:07:07.701 qrouter [Test worker] DEBUG o.s.b.f.s.DefaultListableBeanFactory -Returning cached instance of singleton bean 'org.springframework.transaction.config.internalTransactionAdvisor'
00:07:07.701 qrouter [Test worker] DEBUG o.s.b.f.s.DefaultListableBeanFactory -Returning cached instance of singleton bean 'org.springframework.transaction.config.internalTransactionAdvisor'
00:07:07.702 qrouter [Test worker] DEBUG o.s.b.f.s.DefaultListableBeanFactory -Finished creating instance of bean 'platformTransactionManagerCustomizers'
00:07:07.705 qrouter [Test worker] DEBUG o.s.b.f.s.DefaultListableBeanFactory -Eagerly caching bean 'org.springframework.boot.autoconfigure.orm.jpa.HibernateJpaAutoConfiguration' to allow for resolving potential circular references
00:07:07.757 qrouter [Test worker] DEBUG o.s.b.f.s.DefaultListableBeanFactory -Returning cached instance of singleton bean 'org.springframework.transaction.config.internalTransactionAdvisor'
00:07:07.758 qrouter [Test worker] DEBUG o.s.b.f.s.DefaultListableBeanFactory -Returning cached instance of singleton bean 'org.springframework.transaction.config.internalTransactionAdvisor'
00:07:07.766 qrouter [Test worker] DEBUG o.s.b.f.s.DefaultListableBeanFactory -Finished creating instance of bean 'org.springframework.boot.autoconfigure.orm.jpa.HibernateJpaAutoConfiguration'
00:07:07.774 qrouter [Test worker] DEBUG o.s.b.f.s.DefaultListableBeanFactory -Creating shared instance of singleton bean 'entityManagerFactoryBuilder'
00:07:07.775 qrouter [Test worker] DEBUG o.s.b.f.s.DefaultListableBeanFactory -Creating instance of bean 'entityManagerFactoryBuilder'
00:07:07.775 qrouter [Test worker] DEBUG o.s.b.f.s.DefaultListableBeanFactory -Returning cached instance of singleton bean 'org.springframework.transaction.config.internalTransactionAdvisor'
00:07:07.775 qrouter [Test worker] DEBUG o.s.b.f.s.DefaultListableBeanFactory -Returning cached instance of singleton bean 'org.springframework.boot.autoconfigure.orm.jpa.HibernateJpaAutoConfiguration'
00:07:07.780 qrouter [Test worker] DEBUG o.s.b.f.s.DefaultListableBeanFactory -Creating shared instance of singleton bean 'jpaVendorAdapter'
00:07:07.781 qrouter [Test worker] DEBUG o.s.b.f.s.DefaultListableBeanFactory -Creating instance of bean 'jpaVendorAdapter'
00:07:07.781 qrouter [Test worker] DEBUG o.s.b.f.s.DefaultListableBeanFactory -Returning cached instance of singleton bean 'org.springframework.transaction.config.internalTransactionAdvisor'
00:07:07.781 qrouter [Test worker] DEBUG o.s.b.f.s.DefaultListableBeanFactory -Returning cached instance of singleton bean 'org.springframework.boot.autoconfigure.orm.jpa.HibernateJpaAutoConfiguration'
00:07:08.033 qrouter [Test worker] DEBUG o.s.jdbc.datasource.DataSourceUtils -Fetching JDBC Connection from DataSource
00:07:09.833 qrouter [Test worker] DEBUG o.s.jdbc.datasource.DataSourceUtils -Returning JDBC Connection to DataSource
00:07:09.836 qrouter [Test worker] DEBUG o.s.b.f.s.DefaultListableBeanFactory -Eagerly caching bean 'jpaVendorAdapter' to allow for resolving potential circular references
00:07:09.851 qrouter [Test worker] DEBUG o.s.b.f.s.DefaultListableBeanFactory -Returning cached instance of singleton bean 'org.springframework.transaction.config.internalTransactionAdvisor'
00:07:09.852 qrouter [Test worker] DEBUG o.s.b.f.s.DefaultListableBeanFactory -Returning cached instance of singleton bean 'org.springframework.transaction.config.internalTransactionAdvisor'
00:07:09.854 qrouter [Test worker] DEBUG o.s.b.f.s.DefaultListableBeanFactory -Finished creating instance of bean 'jpaVendorAdapter'
00:07:09.854 qrouter [Test worker] DEBUG o.s.b.f.s.DefaultListableBeanFactory -Autowiring by type from bean name 'entityManagerFactoryBuilder' via factory method to bean named 'jpaVendorAdapter'
00:07:09.864 qrouter [Test worker] DEBUG o.s.b.f.s.DefaultListableBeanFactory -Eagerly caching bean 'entityManagerFactoryBuilder' to allow for resolving potential circular references
00:07:09.869 qrouter [Test worker] DEBUG o.s.b.f.s.DefaultListableBeanFactory -Returning cached instance of singleton bean 'org.springframework.transaction.config.internalTransactionAdvisor'
00:07:09.870 qrouter [Test worker] DEBUG o.s.b.f.s.DefaultListableBeanFactory -Returning cached instance of singleton bean 'org.springframework.transaction.config.internalTransactionAdvisor'
00:07:09.871 qrouter [Test worker] DEBUG o.s.b.f.s.DefaultListableBeanFactory -Finished creating instance of bean 'entityManagerFactoryBuilder'
00:07:09.871 qrouter [Test worker] DEBUG o.s.b.f.s.DefaultListableBeanFactory -Autowiring by type from bean name 'entityManagerFactory' via factory method to bean named 'entityManagerFactoryBuilder'
00:07:09.886 qrouter [Test worker] DEBUG o.s.b.f.s.DefaultListableBeanFactory -Returning cached instance of singleton bean 'org.springframework.boot.autoconfigure.AutoConfigurationPackages'
00:07:09.886 qrouter [Test worker] DEBUG o.s.b.f.s.DefaultListableBeanFactory -Returning cached instance of singleton bean 'org.springframework.boot.autoconfigure.AutoConfigurationPackages'
00:07:09.938 qrouter [Test worker] DEBUG o.s.b.f.s.DefaultListableBeanFactory -Eagerly caching bean 'entityManagerFactory' to allow for resolving potential circular references
00:07:09.979 qrouter [Test worker] DEBUG o.s.b.f.s.DefaultListableBeanFactory -Invoking afterPropertiesSet() on bean with name 'entityManagerFactory'
00:07:10.039 qrouter [Test worker] DEBUG o.s.c.i.s.PathMatchingResourcePatternResolver -Resolved classpath location [META-INF/persistence.xml] to resources []
00:07:10.046 qrouter [Test worker] DEBUG o.s.c.i.s.PathMatchingResourcePatternResolver -Resolved classpath location [shop/retail/] to resources [URL [file:/F:/GIT_WORK/GIT_REPO/RetailPro/RetailPro/RetailManager/build/classes/test/shop/retail/], URL [file:/F:/GIT_WORK/GIT_REPO/RetailPro/RetailPro/RetailManager/build/classes/main/shop/retail/]]
00:07:10.046 qrouter [Test worker] DEBUG o.s.c.i.s.PathMatchingResourcePatternResolver -Looking for matching resources in directory tree [F:\GIT_WORK\GIT_REPO\RetailPro\RetailPro\RetailManager\build\classes\test\shop\retail]
00:07:10.047 qrouter [Test worker] DEBUG o.s.c.i.s.PathMatchingResourcePatternResolver -Searching directory [F:\GIT_WORK\GIT_REPO\RetailPro\RetailPro\RetailManager\build\classes\test\shop\retail] for files matching pattern [F:/GIT_WORK/GIT_REPO/RetailPro/RetailPro/RetailManager/build/classes/test/shop/retail/**/*.class]
00:07:10.049 qrouter [Test worker] DEBUG o.s.c.i.s.PathMatchingResourcePatternResolver -Searching directory [F:\GIT_WORK\GIT_REPO\RetailPro\RetailPro\RetailManager\build\classes\test\shop\retail\controllers] for files matching pattern [F:/GIT_WORK/GIT_REPO/RetailPro/RetailPro/RetailManager/build/classes/test/shop/retail/**/*.class]
00:07:10.052 qrouter [Test worker] DEBUG o.s.c.i.s.PathMatchingResourcePatternResolver -Searching directory [F:\GIT_WORK\GIT_REPO\RetailPro\RetailPro\RetailManager\build\classes\test\shop\retail\models] for files matching pattern [F:/GIT_WORK/GIT_REPO/RetailPro/RetailPro/RetailManager/build/classes/test/shop/retail/**/*.class]
00:07:10.054 qrouter [Test worker] DEBUG o.s.c.i.s.PathMatchingResourcePatternResolver -Searching directory [F:\GIT_WORK\GIT_REPO\RetailPro\RetailPro\RetailManager\build\classes\test\shop\retail\service] for files matching pattern [F:/GIT_WORK/GIT_REPO/RetailPro/RetailPro/RetailManager/build/classes/test/shop/retail/**/*.class]
00:07:10.056 qrouter [Test worker] DEBUG o.s.c.i.s.PathMatchingResourcePatternResolver -Looking for matching resources in directory tree [F:\GIT_WORK\GIT_REPO\RetailPro\RetailPro\RetailManager\build\classes\main\shop\retail]
00:07:10.057 qrouter [Test worker] DEBUG o.s.c.i.s.PathMatchingResourcePatternResolver -Searching directory [F:\GIT_WORK\GIT_REPO\RetailPro\RetailPro\RetailManager\build\classes\main\shop\retail] for files matching pattern [F:/GIT_WORK/GIT_REPO/RetailPro/RetailPro/RetailManager/build/classes/main/shop/retail/**/*.class]
00:07:10.059 qrouter [Test worker] DEBUG o.s.c.i.s.PathMatchingResourcePatternResolver -Searching directory [F:\GIT_WORK\GIT_REPO\RetailPro\RetailPro\RetailManager\build\classes\main\shop\retail\controllers] for files matching pattern [F:/GIT_WORK/GIT_REPO/RetailPro/RetailPro/RetailManager/build/classes/main/shop/retail/**/*.class]
00:07:10.061 qrouter [Test worker] DEBUG o.s.c.i.s.PathMatchingResourcePatternResolver -Searching directory [F:\GIT_WORK\GIT_REPO\RetailPro\RetailPro\RetailManager\build\classes\main\shop\retail\dao] for files matching pattern [F:/GIT_WORK/GIT_REPO/RetailPro/RetailPro/RetailManager/build/classes/main/shop/retail/**/*.class]
00:07:10.064 qrouter [Test worker] DEBUG o.s.c.i.s.PathMatchingResourcePatternResolver -Searching directory [F:\GIT_WORK\GIT_REPO\RetailPro\RetailPro\RetailManager\build\classes\main\shop\retail\exception] for files matching pattern [F:/GIT_WORK/GIT_REPO/RetailPro/RetailPro/RetailManager/build/classes/main/shop/retail/**/*.class]
00:07:10.066 qrouter [Test worker] DEBUG o.s.c.i.s.PathMatchingResourcePatternResolver -Searching directory [F:\GIT_WORK\GIT_REPO\RetailPro\RetailPro\RetailManager\build\classes\main\shop\retail\models] for files matching pattern [F:/GIT_WORK/GIT_REPO/RetailPro/RetailPro/RetailManager/build/classes/main/shop/retail/**/*.class]
00:07:10.069 qrouter [Test worker] DEBUG o.s.c.i.s.PathMatchingResourcePatternResolver -Searching directory [F:\GIT_WORK\GIT_REPO\RetailPro\RetailPro\RetailManager\build\classes\main\shop\retail\service] for files matching pattern [F:/GIT_WORK/GIT_REPO/RetailPro/RetailPro/RetailManager/build/classes/main/shop/retail/**/*.class]
00:07:10.071 qrouter [Test worker] DEBUG o.s.c.i.s.PathMatchingResourcePatternResolver -Searching directory [F:\GIT_WORK\GIT_REPO\RetailPro\RetailPro\RetailManager\build\classes\main\shop\retail\swagger] for files matching pattern [F:/GIT_WORK/GIT_REPO/RetailPro/RetailPro/RetailManager/build/classes/main/shop/retail/**/*.class]
00:07:10.074 qrouter [Test worker] DEBUG o.s.c.i.s.PathMatchingResourcePatternResolver -Resolved location pattern [classpath*:shop/retail/**/*.class] to resources [file [F:\GIT_WORK\GIT_REPO\RetailPro\RetailPro\RetailManager\build\classes\test\shop\retail\BaseTest.class], file [F:\GIT_WORK\GIT_REPO\RetailPro\RetailPro\RetailManager\build\classes\test\shop\retail\controllers\ApplicationIntegrationTests.class], file [F:\GIT_WORK\GIT_REPO\RetailPro\RetailPro\RetailManager\build\classes\test\shop\retail\controllers\RetailManagerControllerTest.class], file [F:\GIT_WORK\GIT_REPO\RetailPro\RetailPro\RetailManager\build\classes\test\shop\retail\models\ModelTest.class], file [F:\GIT_WORK\GIT_REPO\RetailPro\RetailPro\RetailManager\build\classes\test\shop\retail\service\ShopLocatorTestConfiguration.class], file [F:\GIT_WORK\GIT_REPO\RetailPro\RetailPro\RetailManager\build\classes\test\shop\retail\service\ShopLocatorTests.class], file [F:\GIT_WORK\GIT_REPO\RetailPro\RetailPro\RetailManager\build\classes\main\shop\retail\ApplicationLauncher.class], file [F:\GIT_WORK\GIT_REPO\RetailPro\RetailPro\RetailManager\build\classes\main\shop\retail\Config.class], file [F:\GIT_WORK\GIT_REPO\RetailPro\RetailPro\RetailManager\build\classes\main\shop\retail\controllers\RetailShopController.class], file [F:\GIT_WORK\GIT_REPO\RetailPro\RetailPro\RetailManager\build\classes\main\shop\retail\dao\RetailShopDao.class], file [F:\GIT_WORK\GIT_REPO\RetailPro\RetailPro\RetailManager\build\classes\main\shop\retail\dao\RetailShopDaoImpl.class], file [F:\GIT_WORK\GIT_REPO\RetailPro\RetailPro\RetailManager\build\classes\main\shop\retail\exception\ErrorResponse.class], file [F:\GIT_WORK\GIT_REPO\RetailPro\RetailPro\RetailManager\build\classes\main\shop\retail\exception\RestExceptionHandler.class], file [F:\GIT_WORK\GIT_REPO\RetailPro\RetailPro\RetailManager\build\classes\main\shop\retail\exception\RetailManagerException.class], file [F:\GIT_WORK\GIT_REPO\RetailPro\RetailPro\RetailManager\build\classes\main\shop\retail\models\ServiceResponse.class], file [F:\GIT_WORK\GIT_REPO\RetailPro\RetailPro\RetailManager\build\classes\main\shop\retail\models\Shop.class], file [F:\GIT_WORK\GIT_REPO\RetailPro\RetailPro\RetailManager\build\classes\main\shop\retail\models\ShopAddress.class], file [F:\GIT_WORK\GIT_REPO\RetailPro\RetailPro\RetailManager\build\classes\main\shop\retail\RetailMessages.class], file [F:\GIT_WORK\GIT_REPO\RetailPro\RetailPro\RetailManager\build\classes\main\shop\retail\service\ShopLocator.class], file [F:\GIT_WORK\GIT_REPO\RetailPro\RetailPro\RetailManager\build\classes\main\shop\retail\service\ShopLocatorImpl.class], file [F:\GIT_WORK\GIT_REPO\RetailPro\RetailPro\RetailManager\build\classes\main\shop\retail\swagger\SwaggerTest.class]]
00:07:10.120 qrouter [Test worker] INFO  o.s.o.j.LocalContainerEntityManagerFactoryBean -Building JPA container EntityManagerFactory for persistence unit 'default'
00:07:10.279 qrouter [Test worker] DEBUG o.h.jpa.internal.util.LogHelper -PersistenceUnitInfo [
	name: default
	persistence provider classname: null
	classloader: sun.misc.Launcher$AppClassLoader@1d16e93
	excludeUnlistedClasses: true
	JTA datasource: null
	Non JTA datasource: org.apache.tomcat.jdbc.pool.DataSource@1905386{ConnectionPool[defaultAutoCommit=null; defaultReadOnly=null; defaultTransactionIsolation=-1; defaultCatalog=null; driverClassName=org.h2.Driver; maxActive=100; maxIdle=100; minIdle=10; initialSize=10; maxWait=30000; testOnBorrow=true; testOnReturn=false; timeBetweenEvictionRunsMillis=5000; numTestsPerEvictionRun=0; minEvictableIdleTimeMillis=60000; testWhileIdle=false; testOnConnect=false; password=********; url=jdbc:h2:~/test; username=sa; validationQuery=SELECT 1; validationQueryTimeout=-1; validatorClassName=null; validationInterval=3000; accessToUnderlyingConnectionAllowed=true; removeAbandoned=false; removeAbandonedTimeout=60; logAbandoned=false; connectionProperties=null; initSQL=null; jdbcInterceptors=null; jmxEnabled=true; fairQueue=true; useEquals=true; abandonWhenPercentageFull=0; maxAge=0; useLock=false; dataSource=null; dataSourceJNDI=null; suspectTimeout=0; alternateUsernameAllowed=false; commitOnReturn=false; rollbackOnReturn=false; useDisposableConnectionFacade=true; logValidationErrors=false; propagateInterruptState=false; ignoreExceptionOnPreLoad=false; useStatementFacade=true; }
	Transaction type: RESOURCE_LOCAL
	PU root URL: file:/F:/GIT_WORK/GIT_REPO/RetailPro/RetailPro/RetailManager/build/classes/test/
	Shared Cache Mode: UNSPECIFIED
	Validation Mode: AUTO
	Jar files URLs []
	Managed classes names [
		shop.retail.models.Shop
		shop.retail.models.ShopAddress]
	Mapping files names []
	Properties []
00:07:10.402 qrouter [Test worker] DEBUG o.h.i.internal.IntegratorServiceImpl -Adding Integrator [org.hibernate.cfg.beanvalidation.BeanValidationIntegrator].
00:07:10.413 qrouter [Test worker] DEBUG o.h.i.internal.IntegratorServiceImpl -Adding Integrator [org.hibernate.secure.spi.JaccIntegrator].
00:07:10.435 qrouter [Test worker] DEBUG o.h.i.internal.IntegratorServiceImpl -Adding Integrator [org.hibernate.cache.internal.CollectionCacheInvalidator].
00:07:10.435 qrouter [Test worker] DEBUG o.h.i.internal.IntegratorServiceImpl -Adding Integrator [org.hibernate.jpa.event.spi.JpaIntegrator].
00:07:10.849 qrouter [Test worker] INFO  org.hibernate.Version -HHH000412: Hibernate Core {5.0.12.Final}
00:07:10.860 qrouter [Test worker] INFO  org.hibernate.cfg.Environment -HHH000206: hibernate.properties not found
00:07:10.873 qrouter [Test worker] INFO  org.hibernate.cfg.Environment -HHH000021: Bytecode provider name : javassist
00:07:11.037 qrouter [Test worker] DEBUG o.h.service.spi.ServiceBinding -Overriding existing service binding [org.hibernate.secure.spi.JaccService]
00:07:11.250 qrouter [Test worker] DEBUG o.h.c.i.RegionFactoryInitiator -Cache region factory : org.hibernate.cache.internal.NoCachingRegionFactory
00:07:11.320 qrouter [Test worker] INFO  o.h.annotations.common.Version -HCANN000001: Hibernate Commons Annotations {5.0.1.Final}
00:07:11.802 qrouter [Test worker] DEBUG org.hibernate.type.BasicTypeRegistry -Adding type registration boolean -> org.hibernate.type.BooleanType@1e6f0a7
00:07:11.802 qrouter [Test worker] DEBUG org.hibernate.type.BasicTypeRegistry -Adding type registration boolean -> org.hibernate.type.BooleanType@1e6f0a7
00:07:11.802 qrouter [Test worker] DEBUG org.hibernate.type.BasicTypeRegistry -Adding type registration java.lang.Boolean -> org.hibernate.type.BooleanType@1e6f0a7
00:07:11.807 qrouter [Test worker] DEBUG org.hibernate.type.BasicTypeRegistry -Adding type registration numeric_boolean -> org.hibernate.type.NumericBooleanType@9d4c78
00:07:11.813 qrouter [Test worker] DEBUG org.hibernate.type.BasicTypeRegistry -Adding type registration true_false -> org.hibernate.type.TrueFalseType@680730
00:07:11.815 qrouter [Test worker] DEBUG org.hibernate.type.BasicTypeRegistry -Adding type registration yes_no -> org.hibernate.type.YesNoType@1b86235
00:07:11.823 qrouter [Test worker] DEBUG org.hibernate.type.BasicTypeRegistry -Adding type registration byte -> org.hibernate.type.ByteType@c02df8
00:07:11.823 qrouter [Test worker] DEBUG org.hibernate.type.BasicTypeRegistry -Adding type registration byte -> org.hibernate.type.ByteType@c02df8
00:07:11.824 qrouter [Test worker] DEBUG org.hibernate.type.BasicTypeRegistry -Adding type registration java.lang.Byte -> org.hibernate.type.ByteType@c02df8
00:07:11.829 qrouter [Test worker] DEBUG org.hibernate.type.BasicTypeRegistry -Adding type registration character -> org.hibernate.type.CharacterType@58d200
00:07:11.829 qrouter [Test worker] DEBUG org.hibernate.type.BasicTypeRegistry -Adding type registration char -> org.hibernate.type.CharacterType@58d200
00:07:11.829 qrouter [Test worker] DEBUG org.hibernate.type.BasicTypeRegistry -Adding type registration java.lang.Character -> org.hibernate.type.CharacterType@58d200
00:07:11.836 qrouter [Test worker] DEBUG org.hibernate.type.BasicTypeRegistry -Adding type registration short -> org.hibernate.type.ShortType@ee1838
00:07:11.836 qrouter [Test worker] DEBUG org.hibernate.type.BasicTypeRegistry -Adding type registration short -> org.hibernate.type.ShortType@ee1838
00:07:11.837 qrouter [Test worker] DEBUG org.hibernate.type.BasicTypeRegistry -Adding type registration java.lang.Short -> org.hibernate.type.ShortType@ee1838
00:07:11.842 qrouter [Test worker] DEBUG org.hibernate.type.BasicTypeRegistry -Adding type registration integer -> org.hibernate.type.IntegerType@613d79
00:07:11.842 qrouter [Test worker] DEBUG org.hibernate.type.BasicTypeRegistry -Adding type registration int -> org.hibernate.type.IntegerType@613d79
00:07:11.842 qrouter [Test worker] DEBUG org.hibernate.type.BasicTypeRegistry -Adding type registration java.lang.Integer -> org.hibernate.type.IntegerType@613d79
00:07:11.849 qrouter [Test worker] DEBUG org.hibernate.type.BasicTypeRegistry -Adding type registration long -> org.hibernate.type.LongType@1175925
00:07:11.849 qrouter [Test worker] DEBUG org.hibernate.type.BasicTypeRegistry -Adding type registration long -> org.hibernate.type.LongType@1175925
00:07:11.850 qrouter [Test worker] DEBUG org.hibernate.type.BasicTypeRegistry -Adding type registration java.lang.Long -> org.hibernate.type.LongType@1175925
00:07:11.857 qrouter [Test worker] DEBUG org.hibernate.type.BasicTypeRegistry -Adding type registration float -> org.hibernate.type.FloatType@94154b
00:07:11.858 qrouter [Test worker] DEBUG org.hibernate.type.BasicTypeRegistry -Adding type registration float -> org.hibernate.type.FloatType@94154b
00:07:11.858 qrouter [Test worker] DEBUG org.hibernate.type.BasicTypeRegistry -Adding type registration java.lang.Float -> org.hibernate.type.FloatType@94154b
00:07:11.865 qrouter [Test worker] DEBUG org.hibernate.type.BasicTypeRegistry -Adding type registration double -> org.hibernate.type.DoubleType@1586bdd
00:07:11.865 qrouter [Test worker] DEBUG org.hibernate.type.BasicTypeRegistry -Adding type registration double -> org.hibernate.type.DoubleType@1586bdd
00:07:11.866 qrouter [Test worker] DEBUG org.hibernate.type.BasicTypeRegistry -Adding type registration java.lang.Double -> org.hibernate.type.DoubleType@1586bdd
00:07:11.874 qrouter [Test worker] DEBUG org.hibernate.type.BasicTypeRegistry -Adding type registration big_decimal -> org.hibernate.type.BigDecimalType@29075b
00:07:11.875 qrouter [Test worker] DEBUG org.hibernate.type.BasicTypeRegistry -Adding type registration java.math.BigDecimal -> org.hibernate.type.BigDecimalType@29075b
00:07:11.880 qrouter [Test worker] DEBUG org.hibernate.type.BasicTypeRegistry -Adding type registration big_integer -> org.hibernate.type.BigIntegerType@a7197b
00:07:11.880 qrouter [Test worker] DEBUG org.hibernate.type.BasicTypeRegistry -Adding type registration java.math.BigInteger -> org.hibernate.type.BigIntegerType@a7197b
00:07:11.893 qrouter [Test worker] DEBUG org.hibernate.type.BasicTypeRegistry -Adding type registration string -> org.hibernate.type.StringType@a440e0
00:07:11.894 qrouter [Test worker] DEBUG org.hibernate.type.BasicTypeRegistry -Adding type registration java.lang.String -> org.hibernate.type.StringType@a440e0
00:07:11.898 qrouter [Test worker] DEBUG org.hibernate.type.BasicTypeRegistry -Adding type registration nstring -> org.hibernate.type.StringNVarcharType@4c3a44
00:07:11.902 qrouter [Test worker] DEBUG org.hibernate.type.BasicTypeRegistry -Adding type registration ncharacter -> org.hibernate.type.CharacterNCharType@72defd
00:07:11.910 qrouter [Test worker] DEBUG org.hibernate.type.BasicTypeRegistry -Adding type registration url -> org.hibernate.type.UrlType@24497c
00:07:11.910 qrouter [Test worker] DEBUG org.hibernate.type.BasicTypeRegistry -Adding type registration java.net.URL -> org.hibernate.type.UrlType@24497c
00:07:11.920 qrouter [Test worker] DEBUG org.hibernate.type.BasicTypeRegistry -Adding type registration date -> org.hibernate.type.DateType@17ba5d4
00:07:11.920 qrouter [Test worker] DEBUG org.hibernate.type.BasicTypeRegistry -Adding type registration java.sql.Date -> org.hibernate.type.DateType@17ba5d4
00:07:11.935 qrouter [Test worker] DEBUG org.hibernate.type.BasicTypeRegistry -Adding type registration time -> org.hibernate.type.TimeType@121d5b1
00:07:11.935 qrouter [Test worker] DEBUG org.hibernate.type.BasicTypeRegistry -Adding type registration java.sql.Time -> org.hibernate.type.TimeType@121d5b1
00:07:11.947 qrouter [Test worker] DEBUG org.hibernate.type.BasicTypeRegistry -Adding type registration timestamp -> org.hibernate.type.TimestampType@467075
00:07:11.948 qrouter [Test worker] DEBUG org.hibernate.type.BasicTypeRegistry -Adding type registration java.sql.Timestamp -> org.hibernate.type.TimestampType@467075
00:07:11.948 qrouter [Test worker] DEBUG org.hibernate.type.BasicTypeRegistry -Adding type registration java.util.Date -> org.hibernate.type.TimestampType@467075
00:07:11.955 qrouter [Test worker] DEBUG org.hibernate.type.BasicTypeRegistry -Adding type registration dbtimestamp -> org.hibernate.type.DbTimestampType@9d130c
00:07:11.965 qrouter [Test worker] DEBUG org.hibernate.type.BasicTypeRegistry -Adding type registration calendar -> org.hibernate.type.CalendarType@689b37
00:07:11.965 qrouter [Test worker] DEBUG org.hibernate.type.BasicTypeRegistry -Adding type registration java.util.Calendar -> org.hibernate.type.CalendarType@689b37
00:07:11.966 qrouter [Test worker] DEBUG org.hibernate.type.BasicTypeRegistry -Adding type registration java.util.GregorianCalendar -> org.hibernate.type.CalendarType@689b37
00:07:11.972 qrouter [Test worker] DEBUG org.hibernate.type.BasicTypeRegistry -Adding type registration calendar_date -> org.hibernate.type.CalendarDateType@cb432d
00:07:11.980 qrouter [Test worker] DEBUG org.hibernate.type.BasicTypeRegistry -Adding type registration locale -> org.hibernate.type.LocaleType@426ca4
00:07:11.980 qrouter [Test worker] DEBUG org.hibernate.type.BasicTypeRegistry -Adding type registration java.util.Locale -> org.hibernate.type.LocaleType@426ca4
00:07:11.988 qrouter [Test worker] DEBUG org.hibernate.type.BasicTypeRegistry -Adding type registration currency -> org.hibernate.type.CurrencyType@a9daa2
00:07:11.988 qrouter [Test worker] DEBUG org.hibernate.type.BasicTypeRegistry -Adding type registration java.util.Currency -> org.hibernate.type.CurrencyType@a9daa2
00:07:11.995 qrouter [Test worker] DEBUG org.hibernate.type.BasicTypeRegistry -Adding type registration timezone -> org.hibernate.type.TimeZoneType@10ccc4d
00:07:11.995 qrouter [Test worker] DEBUG org.hibernate.type.BasicTypeRegistry -Adding type registration java.util.TimeZone -> org.hibernate.type.TimeZoneType@10ccc4d
00:07:12.002 qrouter [Test worker] DEBUG org.hibernate.type.BasicTypeRegistry -Adding type registration class -> org.hibernate.type.ClassType@16ed407
00:07:12.003 qrouter [Test worker] DEBUG org.hibernate.type.BasicTypeRegistry -Adding type registration java.lang.Class -> org.hibernate.type.ClassType@16ed407
00:07:12.013 qrouter [Test worker] DEBUG org.hibernate.type.BasicTypeRegistry -Adding type registration uuid-binary -> org.hibernate.type.UUIDBinaryType@161834e
00:07:12.014 qrouter [Test worker] DEBUG org.hibernate.type.BasicTypeRegistry -Adding type registration java.util.UUID -> org.hibernate.type.UUIDBinaryType@161834e
00:07:12.017 qrouter [Test worker] DEBUG org.hibernate.type.BasicTypeRegistry -Adding type registration uuid-char -> org.hibernate.type.UUIDCharType@1292efa
00:07:12.026 qrouter [Test worker] DEBUG org.hibernate.type.BasicTypeRegistry -Adding type registration binary -> org.hibernate.type.BinaryType@380536
00:07:12.027 qrouter [Test worker] DEBUG org.hibernate.type.BasicTypeRegistry -Adding type registration byte[] -> org.hibernate.type.BinaryType@380536
00:07:12.027 qrouter [Test worker] DEBUG org.hibernate.type.BasicTypeRegistry -Adding type registration [B -> org.hibernate.type.BinaryType@380536
00:07:12.038 qrouter [Test worker] DEBUG org.hibernate.type.BasicTypeRegistry -Adding type registration wrapper-binary -> org.hibernate.type.WrapperBinaryType@b5640d
00:07:12.038 qrouter [Test worker] DEBUG org.hibernate.type.BasicTypeRegistry -Adding type registration Byte[] -> org.hibernate.type.WrapperBinaryType@b5640d
00:07:12.039 qrouter [Test worker] DEBUG org.hibernate.type.BasicTypeRegistry -Adding type registration [Ljava.lang.Byte; -> org.hibernate.type.WrapperBinaryType@b5640d
00:07:12.048 qrouter [Test worker] DEBUG org.hibernate.type.BasicTypeRegistry -Adding type registration row_version -> org.hibernate.type.RowVersionType@149bf0c
00:07:12.053 qrouter [Test worker] DEBUG org.hibernate.type.BasicTypeRegistry -Adding type registration image -> org.hibernate.type.ImageType@75e641
00:07:12.061 qrouter [Test worker] DEBUG org.hibernate.type.BasicTypeRegistry -Adding type registration characters -> org.hibernate.type.CharArrayType@1721b6c
00:07:12.062 qrouter [Test worker] DEBUG org.hibernate.type.BasicTypeRegistry -Adding type registration char[] -> org.hibernate.type.CharArrayType@1721b6c
00:07:12.062 qrouter [Test worker] DEBUG org.hibernate.type.BasicTypeRegistry -Adding type registration [C -> org.hibernate.type.CharArrayType@1721b6c
00:07:12.071 qrouter [Test worker] DEBUG org.hibernate.type.BasicTypeRegistry -Adding type registration wrapper-characters -> org.hibernate.type.CharacterArrayType@11fc6ca
00:07:12.072 qrouter [Test worker] DEBUG org.hibernate.type.BasicTypeRegistry -Adding type registration [Ljava.lang.Character; -> org.hibernate.type.CharacterArrayType@11fc6ca
00:07:12.072 qrouter [Test worker] DEBUG org.hibernate.type.BasicTypeRegistry -Adding type registration Character[] -> org.hibernate.type.CharacterArrayType@11fc6ca
00:07:12.077 qrouter [Test worker] DEBUG org.hibernate.type.BasicTypeRegistry -Adding type registration text -> org.hibernate.type.TextType@b00a0f
00:07:12.082 qrouter [Test worker] DEBUG org.hibernate.type.BasicTypeRegistry -Adding type registration ntext -> org.hibernate.type.NTextType@3b5220
00:07:12.112 qrouter [Test worker] DEBUG org.hibernate.type.BasicTypeRegistry -Adding type registration blob -> org.hibernate.type.BlobType@9a453f
00:07:12.112 qrouter [Test worker] DEBUG org.hibernate.type.BasicTypeRegistry -Adding type registration java.sql.Blob -> org.hibernate.type.BlobType@9a453f
00:07:12.115 qrouter [Test worker] DEBUG org.hibernate.type.BasicTypeRegistry -Adding type registration materialized_blob -> org.hibernate.type.MaterializedBlobType@135afb1
00:07:12.154 qrouter [Test worker] DEBUG org.hibernate.type.BasicTypeRegistry -Adding type registration clob -> org.hibernate.type.ClobType@475a4b
00:07:12.155 qrouter [Test worker] DEBUG org.hibernate.type.BasicTypeRegistry -Adding type registration java.sql.Clob -> org.hibernate.type.ClobType@475a4b
00:07:12.180 qrouter [Test worker] DEBUG org.hibernate.type.BasicTypeRegistry -Adding type registration nclob -> org.hibernate.type.NClobType@b20f40
00:07:12.181 qrouter [Test worker] DEBUG org.hibernate.type.BasicTypeRegistry -Adding type registration java.sql.NClob -> org.hibernate.type.NClobType@b20f40
00:07:12.184 qrouter [Test worker] DEBUG org.hibernate.type.BasicTypeRegistry -Adding type registration materialized_clob -> org.hibernate.type.MaterializedClobType@18626f7
00:07:12.187 qrouter [Test worker] DEBUG org.hibernate.type.BasicTypeRegistry -Adding type registration materialized_nclob -> org.hibernate.type.MaterializedNClobType@4c0558
00:07:12.195 qrouter [Test worker] DEBUG org.hibernate.type.BasicTypeRegistry -Adding type registration serializable -> org.hibernate.type.SerializableType@1b8b054
00:07:12.218 qrouter [Test worker] DEBUG org.hibernate.type.BasicTypeRegistry -Adding type registration object -> org.hibernate.type.ObjectType@8e1734
00:07:12.218 qrouter [Test worker] DEBUG org.hibernate.type.BasicTypeRegistry -Adding type registration java.lang.Object -> org.hibernate.type.ObjectType@8e1734
00:07:12.222 qrouter [Test worker] DEBUG org.hibernate.type.BasicTypeRegistry -Adding type registration imm_date -> org.hibernate.type.AdaptedImmutableType@1edcb12
00:07:12.222 qrouter [Test worker] DEBUG org.hibernate.type.BasicTypeRegistry -Adding type registration imm_time -> org.hibernate.type.AdaptedImmutableType@e04054
00:07:12.223 qrouter [Test worker] DEBUG org.hibernate.type.BasicTypeRegistry -Adding type registration imm_timestamp -> org.hibernate.type.AdaptedImmutableType@9950a6
00:07:12.225 qrouter [Test worker] DEBUG org.hibernate.type.BasicTypeRegistry -Adding type registration imm_dbtimestamp -> org.hibernate.type.AdaptedImmutableType@1871815
00:07:12.225 qrouter [Test worker] DEBUG org.hibernate.type.BasicTypeRegistry -Adding type registration imm_calendar -> org.hibernate.type.AdaptedImmutableType@13f4ac
00:07:12.226 qrouter [Test worker] DEBUG org.hibernate.type.BasicTypeRegistry -Adding type registration imm_calendar_date -> org.hibernate.type.AdaptedImmutableType@63f0da
00:07:12.226 qrouter [Test worker] DEBUG org.hibernate.type.BasicTypeRegistry -Adding type registration imm_binary -> org.hibernate.type.AdaptedImmutableType@759890
00:07:12.226 qrouter [Test worker] DEBUG org.hibernate.type.BasicTypeRegistry -Adding type registration imm_serializable -> org.hibernate.type.AdaptedImmutableType@11d7afb
00:07:12.319 qrouter [Test worker] DEBUG o.h.e.j.e.i.JdbcEnvironmentInitiator -Database ->
       name : H2
    version : 1.4.196 (2017-06-10)
      major : 1
      minor : 4
00:07:12.320 qrouter [Test worker] DEBUG o.h.e.j.e.i.JdbcEnvironmentInitiator -Driver ->
       name : H2 JDBC Driver
    version : 1.4.196 (2017-06-10)
      major : 1
      minor : 4
00:07:12.321 qrouter [Test worker] DEBUG o.h.e.j.e.i.JdbcEnvironmentInitiator -JDBC version : 4.0
00:07:12.422 qrouter [Test worker] INFO  org.hibernate.dialect.Dialect -HHH000400: Using dialect: org.hibernate.dialect.H2Dialect
00:07:13.045 qrouter [Test worker] DEBUG o.h.i.f.i.DefaultIdentifierGeneratorFactory -Registering IdentifierGenerator strategy [uuid2] -> [org.hibernate.id.UUIDGenerator]
00:07:13.049 qrouter [Test worker] DEBUG o.h.i.f.i.DefaultIdentifierGeneratorFactory -Registering IdentifierGenerator strategy [guid] -> [org.hibernate.id.GUIDGenerator]
00:07:13.055 qrouter [Test worker] DEBUG o.h.i.f.i.DefaultIdentifierGeneratorFactory -Registering IdentifierGenerator strategy [uuid] -> [org.hibernate.id.UUIDHexGenerator]
00:07:13.055 qrouter [Test worker] DEBUG o.h.i.f.i.DefaultIdentifierGeneratorFactory -Registering IdentifierGenerator strategy [uuid.hex] -> [org.hibernate.id.UUIDHexGenerator]
00:07:13.058 qrouter [Test worker] DEBUG o.h.i.f.i.DefaultIdentifierGeneratorFactory -Registering IdentifierGenerator strategy [assigned] -> [org.hibernate.id.Assigned]
00:07:13.064 qrouter [Test worker] DEBUG o.h.i.f.i.DefaultIdentifierGeneratorFactory -Registering IdentifierGenerator strategy [identity] -> [org.hibernate.id.IdentityGenerator]
00:07:13.067 qrouter [Test worker] DEBUG o.h.i.f.i.DefaultIdentifierGeneratorFactory -Registering IdentifierGenerator strategy [select] -> [org.hibernate.id.SelectGenerator]
00:07:13.075 qrouter [Test worker] DEBUG o.h.i.f.i.DefaultIdentifierGeneratorFactory -Registering IdentifierGenerator strategy [sequence] -> [org.hibernate.id.enhanced.SequenceStyleGenerator]
00:07:13.081 qrouter [Test worker] DEBUG o.h.i.f.i.DefaultIdentifierGeneratorFactory -Registering IdentifierGenerator strategy [seqhilo] -> [org.hibernate.id.SequenceHiLoGenerator]
00:07:13.084 qrouter [Test worker] DEBUG o.h.i.f.i.DefaultIdentifierGeneratorFactory -Registering IdentifierGenerator strategy [increment] -> [org.hibernate.id.IncrementGenerator]
00:07:13.087 qrouter [Test worker] DEBUG o.h.i.f.i.DefaultIdentifierGeneratorFactory -Registering IdentifierGenerator strategy [foreign] -> [org.hibernate.id.ForeignGenerator]
00:07:13.090 qrouter [Test worker] DEBUG o.h.i.f.i.DefaultIdentifierGeneratorFactory -Registering IdentifierGenerator strategy [sequence-identity] -> [org.hibernate.id.SequenceIdentityGenerator]
00:07:13.090 qrouter [Test worker] DEBUG o.h.i.f.i.DefaultIdentifierGeneratorFactory -Registering IdentifierGenerator strategy [enhanced-sequence] -> [org.hibernate.id.enhanced.SequenceStyleGenerator]
00:07:13.097 qrouter [Test worker] DEBUG o.h.i.f.i.DefaultIdentifierGeneratorFactory -Registering IdentifierGenerator strategy [enhanced-table] -> [org.hibernate.id.enhanced.TableGenerator]
00:07:13.098 qrouter [Test worker] DEBUG o.h.i.f.i.DefaultIdentifierGeneratorFactory -Registering IdentifierGenerator strategy [sequence] -> [org.hibernate.id.SequenceGenerator]
00:07:13.098 qrouter [Test worker] DEBUG o.h.i.f.i.DefaultIdentifierGeneratorFactory -    - overriding [org.hibernate.id.enhanced.SequenceStyleGenerator]
00:07:13.403 qrouter [Test worker] DEBUG o.h.boot.model.relational.Namespace -Created database namespace [logicalName=Name{catalog=null, schema=null}, physicalName=Name{catalog=null, schema=null}]
00:07:13.638 qrouter [Test worker] DEBUG org.hibernate.cfg.AnnotationBinder -Binding entity from annotated class: shop.retail.models.Shop
00:07:13.844 qrouter [Test worker] DEBUG org.hibernate.cfg.Ejb3Column -Binding column: Ejb3DiscriminatorColumn{logicalColumnName'DTYPE', discriminatorTypeName='string'}
00:07:13.891 qrouter [Test worker] DEBUG o.h.cfg.annotations.EntityBinder -Import with entity name Shop
00:07:13.918 qrouter [Test worker] DEBUG o.h.cfg.annotations.EntityBinder -Bind entity shop.retail.models.Shop on table shop
00:07:14.149 qrouter [Test worker] DEBUG org.hibernate.cfg.Ejb3Column -Binding column: Ejb3Column{table=org.hibernate.mapping.Table(shop), mappingColumn=shop_id, insertable=true, updatable=true, unique=false}
00:07:14.178 qrouter [Test worker] DEBUG o.h.cfg.annotations.PropertyBinder -MetadataSourceProcessor property shopId with lazy=false
00:07:14.192 qrouter [Test worker] DEBUG o.h.cfg.AbstractPropertyHolder -Attempting to locate auto-apply AttributeConverter for property [shop.retail.models.Shop:shopId]
00:07:14.201 qrouter [Test worker] DEBUG o.h.c.annotations.SimpleValueBinder -building SimpleValue for shopId
00:07:14.213 qrouter [Test worker] DEBUG o.h.cfg.annotations.PropertyBinder -Building property shopId
00:07:14.236 qrouter [Test worker] DEBUG org.hibernate.cfg.Ejb3Column -Binding column: Ejb3JoinColumn{logicalColumnName='shop_address_id', referencedColumn='', mappedBy=''}
00:07:14.248 qrouter [Test worker] DEBUG org.hibernate.cfg.Ejb3Column -Binding column: Ejb3Column{table=org.hibernate.mapping.Table(shop), mappingColumn=shop_address, insertable=true, updatable=true, unique=false}
00:07:14.269 qrouter [Test worker] DEBUG o.h.cfg.annotations.PropertyBinder -Building property shopAddress
00:07:14.275 qrouter [Test worker] DEBUG org.hibernate.cfg.Ejb3Column -Binding column: Ejb3Column{table=org.hibernate.mapping.Table(shop), mappingColumn=shop_name, insertable=true, updatable=true, unique=true}
00:07:14.277 qrouter [Test worker] DEBUG o.h.cfg.annotations.PropertyBinder -MetadataSourceProcessor property shopName with lazy=false
00:07:14.277 qrouter [Test worker] DEBUG o.h.cfg.AbstractPropertyHolder -Attempting to locate auto-apply AttributeConverter for property [shop.retail.models.Shop:shopName]
00:07:14.278 qrouter [Test worker] DEBUG o.h.c.annotations.SimpleValueBinder -building SimpleValue for shopName
00:07:14.278 qrouter [Test worker] DEBUG o.h.cfg.annotations.PropertyBinder -Building property shopName
00:07:14.283 qrouter [Test worker] DEBUG org.hibernate.cfg.AnnotationBinder -Binding entity from annotated class: shop.retail.models.ShopAddress
00:07:14.284 qrouter [Test worker] DEBUG org.hibernate.cfg.Ejb3Column -Binding column: Ejb3DiscriminatorColumn{logicalColumnName'DTYPE', discriminatorTypeName='string'}
00:07:14.285 qrouter [Test worker] DEBUG o.h.cfg.annotations.EntityBinder -Import with entity name ShopAddress
00:07:14.285 qrouter [Test worker] DEBUG o.h.cfg.annotations.EntityBinder -Bind entity shop.retail.models.ShopAddress on table shop_address
00:07:14.295 qrouter [Test worker] DEBUG org.hibernate.cfg.Ejb3Column -Binding column: Ejb3Column{table=org.hibernate.mapping.Table(shop_address), mappingColumn=id, insertable=true, updatable=true, unique=false}
00:07:14.296 qrouter [Test worker] DEBUG o.h.cfg.annotations.PropertyBinder -MetadataSourceProcessor property id with lazy=false
00:07:14.296 qrouter [Test worker] DEBUG o.h.cfg.AbstractPropertyHolder -Attempting to locate auto-apply AttributeConverter for property [shop.retail.models.ShopAddress:id]
00:07:14.297 qrouter [Test worker] DEBUG o.h.c.annotations.SimpleValueBinder -building SimpleValue for id
00:07:14.300 qrouter [Test worker] DEBUG o.h.cfg.annotations.PropertyBinder -Building property id
00:07:14.302 qrouter [Test worker] DEBUG org.hibernate.cfg.Ejb3Column -Binding column: Ejb3Column{table=org.hibernate.mapping.Table(shop_address), mappingColumn=number, insertable=true, updatable=true, unique=false}
00:07:14.302 qrouter [Test worker] DEBUG o.h.cfg.annotations.PropertyBinder -MetadataSourceProcessor property number with lazy=false
00:07:14.303 qrouter [Test worker] DEBUG o.h.cfg.AbstractPropertyHolder -Attempting to locate auto-apply AttributeConverter for property [shop.retail.models.ShopAddress:number]
00:07:14.303 qrouter [Test worker] DEBUG o.h.c.annotations.SimpleValueBinder -building SimpleValue for number
00:07:14.304 qrouter [Test worker] DEBUG o.h.cfg.annotations.PropertyBinder -Building property number
00:07:14.305 qrouter [Test worker] DEBUG org.hibernate.cfg.Ejb3Column -Binding column: Ejb3Column{table=org.hibernate.mapping.Table(shop_address), mappingColumn=post_code, insertable=true, updatable=true, unique=false}
00:07:14.306 qrouter [Test worker] DEBUG o.h.cfg.annotations.PropertyBinder -MetadataSourceProcessor property postCode with lazy=false
00:07:14.306 qrouter [Test worker] DEBUG o.h.cfg.AbstractPropertyHolder -Attempting to locate auto-apply AttributeConverter for property [shop.retail.models.ShopAddress:postCode]
00:07:14.306 qrouter [Test worker] DEBUG o.h.c.annotations.SimpleValueBinder -building SimpleValue for postCode
00:07:14.307 qrouter [Test worker] DEBUG o.h.cfg.annotations.PropertyBinder -Building property postCode
00:07:14.308 qrouter [Test worker] DEBUG org.hibernate.cfg.Ejb3Column -Binding column: Ejb3Column{table=org.hibernate.mapping.Table(shop_address), mappingColumn=latitude, insertable=true, updatable=true, unique=false}
00:07:14.308 qrouter [Test worker] DEBUG o.h.cfg.annotations.PropertyBinder -MetadataSourceProcessor property shopLatitude with lazy=false
00:07:14.309 qrouter [Test worker] DEBUG o.h.cfg.AbstractPropertyHolder -Attempting to locate auto-apply AttributeConverter for property [shop.retail.models.ShopAddress:shopLatitude]
00:07:14.309 qrouter [Test worker] DEBUG o.h.c.annotations.SimpleValueBinder -building SimpleValue for shopLatitude
00:07:14.309 qrouter [Test worker] DEBUG o.h.cfg.annotations.PropertyBinder -Building property shopLatitude
00:07:14.310 qrouter [Test worker] DEBUG org.hibernate.cfg.Ejb3Column -Binding column: Ejb3Column{table=org.hibernate.mapping.Table(shop_address), mappingColumn=longitude, insertable=true, updatable=true, unique=false}
00:07:14.311 qrouter [Test worker] DEBUG o.h.cfg.annotations.PropertyBinder -MetadataSourceProcessor property shopLongitude with lazy=false
00:07:14.311 qrouter [Test worker] DEBUG o.h.cfg.AbstractPropertyHolder -Attempting to locate auto-apply AttributeConverter for property [shop.retail.models.ShopAddress:shopLongitude]
00:07:14.312 qrouter [Test worker] DEBUG o.h.c.annotations.SimpleValueBinder -building SimpleValue for shopLongitude
00:07:14.313 qrouter [Test worker] DEBUG o.h.cfg.annotations.PropertyBinder -Building property shopLongitude
00:07:14.317 qrouter [Test worker] DEBUG o.h.c.annotations.SimpleValueBinder -Starting fillSimpleValue for shopId
00:07:14.317 qrouter [Test worker] DEBUG o.h.c.annotations.SimpleValueBinder -Starting fillSimpleValue for shopName
00:07:14.318 qrouter [Test worker] DEBUG o.h.c.annotations.SimpleValueBinder -Starting fillSimpleValue for id
00:07:14.318 qrouter [Test worker] DEBUG o.h.c.annotations.SimpleValueBinder -Starting fillSimpleValue for number
00:07:14.318 qrouter [Test worker] DEBUG o.h.c.annotations.SimpleValueBinder -Starting fillSimpleValue for postCode
00:07:14.319 qrouter [Test worker] DEBUG o.h.c.annotations.SimpleValueBinder -Starting fillSimpleValue for shopLatitude
00:07:14.319 qrouter [Test worker] DEBUG o.h.c.annotations.SimpleValueBinder -Starting fillSimpleValue for shopLongitude
00:07:14.347 qrouter [Test worker] DEBUG org.hibernate.mapping.PrimaryKey -Forcing column [shop_id] to be non-null as it is part of the primary key for table [shop]
00:07:14.348 qrouter [Test worker] DEBUG org.hibernate.mapping.PrimaryKey -Forcing column [id] to be non-null as it is part of the primary key for table [shop_address]
00:07:14.350 qrouter [Test worker] DEBUG o.h.b.i.InFlightMetadataCollectorImpl -Resolving reference to class: shop.retail.models.ShopAddress
00:07:14.368 qrouter [Test worker] DEBUG o.h.b.i.InFlightMetadataCollectorImpl -Resolving reference to class: shop.retail.models.ShopAddress
00:07:14.576 qrouter [Test worker] DEBUG o.h.internal.SessionFactoryImpl -Building session factory
00:07:14.582 qrouter [Test worker] DEBUG org.hibernate.cfg.Settings -SessionFactory name : null
00:07:14.582 qrouter [Test worker] DEBUG org.hibernate.cfg.Settings -Automatic flush during beforeCompletion(): disabled
00:07:14.582 qrouter [Test worker] DEBUG org.hibernate.cfg.Settings -Automatic session close at end of transaction: disabled
00:07:14.583 qrouter [Test worker] DEBUG org.hibernate.cfg.Settings -Statistics: disabled
00:07:14.583 qrouter [Test worker] DEBUG org.hibernate.cfg.Settings -Deleted entity synthetic identifier rollback: disabled
00:07:14.583 qrouter [Test worker] DEBUG org.hibernate.cfg.Settings -Default entity-mode: pojo
00:07:14.585 qrouter [Test worker] DEBUG org.hibernate.cfg.Settings -Check Nullability in Core (should be disabled when Bean Validation is on): enabled
00:07:14.585 qrouter [Test worker] DEBUG org.hibernate.cfg.Settings -Allow initialization of lazy state outside session : disabled
00:07:14.585 qrouter [Test worker] DEBUG org.hibernate.cfg.Settings -Using BatchFetchStyle : LEGACY
00:07:14.586 qrouter [Test worker] DEBUG org.hibernate.cfg.Settings -Default batch fetch size: -1
00:07:14.586 qrouter [Test worker] DEBUG org.hibernate.cfg.Settings -Maximum outer join fetch depth: null
00:07:14.586 qrouter [Test worker] DEBUG org.hibernate.cfg.Settings -Default null ordering: NONE
00:07:14.587 qrouter [Test worker] DEBUG org.hibernate.cfg.Settings -Order SQL updates by primary key: disabled
00:07:14.587 qrouter [Test worker] DEBUG org.hibernate.cfg.Settings -Order SQL inserts for batching: disabled
00:07:14.587 qrouter [Test worker] DEBUG org.hibernate.cfg.Settings -multi-tenancy strategy : NONE
00:07:14.588 qrouter [Test worker] DEBUG org.hibernate.cfg.Settings -JTA Track by Thread: enabled
00:07:14.589 qrouter [Test worker] DEBUG org.hibernate.cfg.Settings -Query language substitutions: {}
00:07:14.589 qrouter [Test worker] DEBUG org.hibernate.cfg.Settings -JPA query language strict compliance: disabled
00:07:14.589 qrouter [Test worker] DEBUG org.hibernate.cfg.Settings -Named query checking : enabled
00:07:14.590 qrouter [Test worker] DEBUG org.hibernate.cfg.Settings -Second-level cache: enabled
00:07:14.590 qrouter [Test worker] DEBUG org.hibernate.cfg.Settings -Second-level query cache: disabled
00:07:14.590 qrouter [Test worker] DEBUG org.hibernate.cfg.Settings -Second-level query cache factory: org.hibernate.cache.internal.StandardQueryCacheFactory@9f729
00:07:14.591 qrouter [Test worker] DEBUG org.hibernate.cfg.Settings -Second-level cache region prefix: null
00:07:14.591 qrouter [Test worker] DEBUG org.hibernate.cfg.Settings -Optimize second-level cache for minimal puts: disabled
00:07:14.591 qrouter [Test worker] DEBUG org.hibernate.cfg.Settings -Structured second-level cache entries: disabled
00:07:14.592 qrouter [Test worker] DEBUG org.hibernate.cfg.Settings -Second-level cache direct-reference entries: disabled
00:07:14.592 qrouter [Test worker] DEBUG org.hibernate.cfg.Settings -Automatic eviction of collection cache: disabled
00:07:14.592 qrouter [Test worker] DEBUG org.hibernate.cfg.Settings -JDBC batch size: 15
00:07:14.593 qrouter [Test worker] DEBUG org.hibernate.cfg.Settings -JDBC batch updates for versioned data: enabled
00:07:14.593 qrouter [Test worker] DEBUG org.hibernate.cfg.Settings -Scrollable result sets: enabled
00:07:14.593 qrouter [Test worker] DEBUG org.hibernate.cfg.Settings -Wrap result sets: disabled
00:07:14.594 qrouter [Test worker] DEBUG org.hibernate.cfg.Settings -JDBC3 getGeneratedKeys(): enabled
00:07:14.594 qrouter [Test worker] DEBUG org.hibernate.cfg.Settings -JDBC result set fetch size: null
00:07:14.594 qrouter [Test worker] DEBUG org.hibernate.cfg.Settings -Connection release mode: ON_CLOSE
00:07:14.594 qrouter [Test worker] DEBUG org.hibernate.cfg.Settings -Generate SQL with comments: disabled
00:07:14.881 qrouter [Test worker] DEBUG o.h.internal.SessionFactoryImpl -Returning a Reference to the SessionFactory
00:07:14.889 qrouter [Test worker] DEBUG o.h.internal.SessionFactoryImpl -Session factory constructed with filter configurations : {}
00:07:14.893 qrouter [Test worker] DEBUG o.h.internal.SessionFactoryImpl -Instantiating session factory with properties: {java.vendor=Oracle Corporation, sun.java.launcher=SUN_STANDARD, sun.management.compiler=HotSpot Client Compiler, hibernate.implicit_naming_strategy=org.springframework.boot.orm.jpa.hibernate.SpringImplicitNamingStrategy, os.name=Windows 7, sun.boot.class.path=C:\Program Files\Java\jdk1.8.0_131\jre\lib\resources.jar;C:\Program Files\Java\jdk1.8.0_131\jre\lib\rt.jar;C:\Program Files\Java\jdk1.8.0_131\jre\lib\sunrsasign.jar;C:\Program Files\Java\jdk1.8.0_131\jre\lib\jsse.jar;C:\Program Files\Java\jdk1.8.0_131\jre\lib\jce.jar;C:\Program Files\Java\jdk1.8.0_131\jre\lib\charsets.jar;C:\Program Files\Java\jdk1.8.0_131\jre\lib\jfr.jar;C:\Program Files\Java\jdk1.8.0_131\jre\classes, sun.desktop=windows, java.vm.specification.vendor=Oracle Corporation, java.runtime.version=1.8.0_131-b11, user.name=Sangram, javax.persistence.validation.mode=AUTO, user.language=en, sun.boot.library.path=C:\Program Files\Java\jdk1.8.0_131\jre\bin, PID=7456, java.version=1.8.0_131, user.timezone=Asia/Calcutta, sun.arch.data.model=32, java.endorsed.dirs=C:\Program Files\Java\jdk1.8.0_131\jre\lib\endorsed, sun.cpu.isalist=pentium_pro+mmx pentium_pro pentium+mmx pentium i486 i386 i86, sun.jnu.encoding=Cp1252, file.encoding.pkg=sun.io, file.separator=\, java.specification.name=Java Platform API Specification, java.class.version=52.0, user.country=IN, java.home=C:\Program Files\Java\jdk1.8.0_131\jre, java.vm.info=mixed mode, os.version=6.1, hibernate.boot.CfgXmlAccessService.key=org.hibernate.boot.cfgxml.spi.LoadedConfig@315810, hibernate.connection.datasource=org.apache.tomcat.jdbc.pool.DataSource@1905386{ConnectionPool[defaultAutoCommit=null; defaultReadOnly=null; defaultTransactionIsolation=-1; defaultCatalog=null; driverClassName=org.h2.Driver; maxActive=100; maxIdle=100; minIdle=10; initialSize=10; maxWait=30000; testOnBorrow=true; testOnReturn=false; timeBetweenEvictionRunsMillis=5000; numTestsPerEvictionRun=0; minEvictableIdleTimeMillis=60000; testWhileIdle=false; testOnConnect=false; password=********; url=jdbc:h2:~/test; username=sa; validationQuery=SELECT 1; validationQueryTimeout=-1; validatorClassName=null; validationInterval=3000; accessToUnderlyingConnectionAllowed=true; removeAbandoned=false; removeAbandonedTimeout=60; logAbandoned=false; connectionProperties=null; initSQL=null; jdbcInterceptors=null; jmxEnabled=true; fairQueue=true; useEquals=true; abandonWhenPercentageFull=0; maxAge=0; useLock=false; dataSource=null; dataSourceJNDI=null; suspectTimeout=0; alternateUsernameAllowed=false; commitOnReturn=false; rollbackOnReturn=false; useDisposableConnectionFacade=true; logValidationErrors=false; propagateInterruptState=false; ignoreExceptionOnPreLoad=false; useStatementFacade=true; }, path.separator=;, java.vm.version=25.131-b11, org.jboss.logging.provider=slf4j, user.variant=, hibernate.id.new_generator_mappings=false, java.awt.printerjob=sun.awt.windows.WPrinterJob, sun.io.unicode.encoding=UnicodeLittle, awt.toolkit=sun.awt.windows.WToolkit, user.script=, user.home=C:\Users\Sangram, java.specification.vendor=Oracle Corporation, hibernate.transaction.coordinator_class=class org.hibernate.resource.transaction.backend.jdbc.internal.JdbcResourceLocalTransactionCoordinatorBuilderImpl, hibernate.hbm2ddl.auto=update, org.gradle.test.worker=1, java.library.path=C:\Program Files\Java\jdk1.8.0_131\bin;C:\Windows\Sun\Java\bin;C:\Windows\system32;C:\Windows;C:/Program Files/Java_8/bin/client;C:/Program Files/Java_8/bin;C:/Program Files/Java_8/lib/i386;C:\ProgramData\Oracle\Java\javapath;C:\Windows\system32;C:\Windows;C:\Windows\System32\Wbem;C:\Windows\System32\WindowsPowerShell\v1.0\;C:\Program Files\WIDCOMM\Bluetooth Software\;C:\Program Files\MySQL\MySQL Server 5.0\bin;C:\Program Files\Java\jdk1.8.0_131\bin;D:\apache-maven-3.0.5\bin;C:\Program Files\nodejs\;C:\Program Files\Yarn\bin;C:\ProgramData\chocolatey\bin;C:\Program Files\Skype\Phone\;GRADLE_HOME/bin;C:\Users\Sangram\Desktop\zookeeper-3.3.6\zookeeper-3.3.6\bin;C:\Users\Sangram\AppData\Roaming\npm;C:\Users\Sangram\AppData\Local\Yarn\.bin;C:\Program Files\Java\jdk1.8.0_131/bin;E:\Soft\eclipse-standard-kepler-SR2-win32\eclipse;;., java.vendor.url=http://java.oracle.com/, spring.beaninfo.ignore=true, java.vm.vendor=Oracle Corporation, hibernate.dialect=org.hibernate.dialect.H2Dialect, hibernate.ejb.persistenceUnitName=default, java.runtime.name=Java(TM) SE Runtime Environment, sun.java.command=worker.org.gradle.process.internal.worker.GradleWorkerMain 'Gradle Test Executor 1', java.class.path=F:\GIT_WORK\GIT_REPO\RetailPro\RetailPro\RetailManager\build\classes\test;F:\GIT_WORK\GIT_REPO\RetailPro\RetailPro\RetailManager\build\resources\test;F:\GIT_WORK\GIT_REPO\RetailPro\RetailPro\RetailManager\build\classes\main;F:\GIT_WORK\GIT_REPO\RetailPro\RetailPro\RetailManager\build\resources\main;C:\Users\Sangram\.gradle\caches\modules-2\files-2.1\org.springframework.boot\spring-boot-starter-web\1.5.6.RELEASE\6f47b0a9e7e39b46b9e66ebdd2bff1c7edee5930\spring-boot-starter-web-1.5.6.RELEASE.jar;C:\Users\Sangram\.gradle\caches\modules-2\files-2.1\org.springframework.boot\spring-boot-starter-data-jpa\1.5.6.RELEASE\d75804c399bfc78f5ae32a04696aeb71926a49b5\spring-boot-starter-data-jpa-1.5.6.RELEASE.jar;C:\Users\Sangram\.gradle\caches\modules-2\files-2.1\com.google.maps\google-maps-services\0.1.15\b1c15d5c6b8b6b780113205c7ea9b045897d74eb\google-maps-services-0.1.15.jar;C:\Users\Sangram\.gradle\caches\modules-2\files-2.1\mysql\mysql-connector-java\5.1.43\dee9103eec0d877f3a21c82d4d9e9f4fbd2d6e0a\mysql-connector-java-5.1.43.jar;C:\Users\Sangram\.gradle\caches\modules-2\files-2.1\io.springfox\springfox-swagger2\2.1.1\27c964865223089f95bb05704b22bfa72cee451f\springfox-swagger2-2.1.1.jar;C:\Users\Sangram\.gradle\caches\modules-2\files-2.1\io.springfox\springfox-swagger-ui\2.1.1\76271f0f768273aa6056461dd03fdf9a24cd927a\springfox-swagger-ui-2.1.1.jar;C:\Users\Sangram\.gradle\caches\modules-2\files-2.1\com.h2database\h2\1.4.196\dd0034398d593aa3588c6773faac429bbd9aea0e\h2-1.4.196.jar;C:\Users\Sangram\.gradle\caches\modules-2\files-2.1\org.springframework.boot\spring-boot-starter-test\1.5.6.RELEASE\a0e9b338bf492ddc68051e7d4ed62f2cbad067ef\spring-boot-starter-test-1.5.6.RELEASE.jar;C:\Users\Sangram\.gradle\caches\modules-2\files-2.1\com.jayway.jsonpath\json-path\2.2.0\22290d17944bd239fabf5ac69005a60a7ecbbbcb\json-path-2.2.0.jar;C:\Users\Sangram\.gradle\caches\modules-2\files-2.1\io.rest-assured\spring-mock-mvc\3.0.0\1d470c666bcd7483969e3361795cadc58e3ba26a\spring-mock-mvc-3.0.0.jar;C:\Users\Sangram\.gradle\caches\modules-2\files-2.1\org.springframework.boot\spring-boot-starter\1.5.6.RELEASE\58c72d105fdf41f605c15c243b72300fa78cccd1\spring-boot-starter-1.5.6.RELEASE.jar;C:\Users\Sangram\.gradle\caches\modules-2\files-2.1\org.springframework.boot\spring-boot-starter-tomcat\1.5.6.RELEASE\1d0960e91dfdad2b6b82700ba1613c006355669\spring-boot-starter-tomcat-1.5.6.RELEASE.jar;C:\Users\Sangram\.gradle\caches\modules-2\files-2.1\org.hibernate\hibernate-validator\5.3.5.Final\622a9bcef2eed6d41b5b8e0662c36212009e375\hibernate-validator-5.3.5.Final.jar;C:\Users\Sangram\.gradle\caches\modules-2\files-2.1\com.fasterxml.jackson.core\jackson-databind\2.8.9\4dfca3975be3c1a98eacb829e70f02e9a71bc159\jackson-databind-2.8.9.jar;C:\Users\Sangram\.gradle\caches\modules-2\files-2.1\org.springframework\spring-web\4.3.10.RELEASE\6344501cb03cb4787c67cf3f820a471e07b9203b\spring-web-4.3.10.RELEASE.jar;C:\Users\Sangram\.gradle\caches\modules-2\files-2.1\org.springframework\spring-webmvc\4.3.10.RELEASE\6809017a5a76bdaf1957f1cc0a892d448fc6f3df\spring-webmvc-4.3.10.RELEASE.jar;C:\Users\Sangram\.gradle\caches\modules-2\files-2.1\org.springframework.boot\spring-boot-starter-aop\1.5.6.RELEASE\6a617e698827e5a123a4a0aa2192d3854908acbe\spring-boot-starter-aop-1.5.6.RELEASE.jar;C:\Users\Sangram\.gradle\caches\modules-2\files-2.1\org.springframework.boot\spring-boot-starter-jdbc\1.5.6.RELEASE\a2628fded329869fcdb812d7524d03376f4f64ed\spring-boot-starter-jdbc-1.5.6.RELEASE.jar;C:\Users\Sangram\.gradle\caches\modules-2\files-2.1\org.hibernate\hibernate-core\5.0.12.Final\e58bf1c660e6706d8e2cbb53bae110f574366102\hibernate-core-5.0.12.Final.jar;C:\Users\Sangram\.gradle\caches\modules-2\files-2.1\org.hibernate\hibernate-entitymanager\5.0.12.Final\302a526f5058290e9cbd719a5caf9f248d344719\hibernate-entitymanager-5.0.12.Final.jar;C:\Users\Sangram\.gradle\caches\modules-2\files-2.1\javax.transaction\javax.transaction-api\1.2\d81aff979d603edd90dcd8db2abc1f4ce6479e3e\javax.transaction-api-1.2.jar;C:\Users\Sangram\.gradle\caches\modules-2\files-2.1\org.springframework.data\spring-data-jpa\1.11.6.RELEASE\e01f5aa1781f54a13a58ad7857eefce677fc1bc3\spring-data-jpa-1.11.6.RELEASE.jar;C:\Users\Sangram\.gradle\caches\modules-2\files-2.1\org.springframework\spring-aspects\4.3.10.RELEASE\5d5fea8e67c93910552741cb5b746625ad546bba\spring-aspects-4.3.10.RELEASE.jar;C:\Users\Sangram\.gradle\caches\modules-2\files-2.1\com.squareup.okhttp\okhttp\2.7.5\7a15a7db50f86c4b64aa3367424a60e3a325b8f1\okhttp-2.7.5.jar;C:\Users\Sangram\.gradle\caches\modules-2\files-2.1\com.google.code.gson\gson\2.8.1\2a8e0aa38a2e21cb39e2f5a7d6704cbdc941da0\gson-2.8.1.jar;C:\Users\Sangram\.gradle\caches\modules-2\files-2.1\joda-time\joda-time\2.9.9\f7b520c458572890807d143670c9b24f4de90897\joda-time-2.9.9.jar;C:\Users\Sangram\.gradle\caches\modules-2\files-2.1\org.mapstruct\mapstruct\1.0.0.Beta4\728d0705c62165d9b6bdb9db8794c344414d5eae\mapstruct-1.0.0.Beta4.jar;C:\Users\Sangram\.gradle\caches\modules-2\files-2.1\org.springframework\spring-context\4.3.10.RELEASE\645ce6fdba38448d183a1374506fc24036009869\spring-context-4.3.10.RELEASE.jar;C:\Users\Sangram\.gradle\caches\modules-2\files-2.1\io.swagger\swagger-annotations\1.5.0\f7497f7887e65277c0dab1da1148cf211083f3d4\swagger-annotations-1.5.0.jar;C:\Users\Sangram\.gradle\caches\modules-2\files-2.1\io.swagger\swagger-models\1.5.0\d2566bfc270073a559b342089f54086ee64ca5b1\swagger-models-1.5.0.jar;C:\Users\Sangram\.gradle\caches\modules-2\files-2.1\io.springfox\springfox-spi\2.1.1\8aed4db0ce4c57912c670a6fbda64b1f11417107\springfox-spi-2.1.1.jar;C:\Users\Sangram\.gradle\caches\modules-2\files-2.1\io.springfox\springfox-schema\2.1.1\ccc0c0697f3e037c6e09630100fc7e6e35ead691\springfox-schema-2.1.1.jar;C:\Users\Sangram\.gradle\caches\modules-2\files-2.1\io.springfox\springfox-swagger-common\2.1.1\f7d016db18c5ce92588d7e7abcf1340da9aac1f9\springfox-swagger-common-2.1.1.jar;C:\Users\Sangram\.gradle\caches\modules-2\files-2.1\io.springfox\springfox-spring-web\2.1.1\132602c1602ac2b06f832aff4fcd789d1bdb3f5\springfox-spring-web-2.1.1.jar;C:\Users\Sangram\.gradle\caches\modules-2\files-2.1\com.google.guava\guava\18.0\cce0823396aa693798f8882e64213b1772032b09\guava-18.0.jar;C:\Users\Sangram\.gradle\caches\modules-2\files-2.1\com.fasterxml\classmate\1.3.3\864c8e370a691e343210cc7c532fc198cee460d8\classmate-1.3.3.jar;C:\Users\Sangram\.gradle\caches\modules-2\files-2.1\org.slf4j\slf4j-api\1.7.25\da76ca59f6a57ee3102f8f9bd9cee742973efa8a\slf4j-api-1.7.25.jar;C:\Users\Sangram\.gradle\caches\modules-2\files-2.1\org.springframework.plugin\spring-plugin-core\1.2.0.RELEASE\f380e7760032e7d929184f8ad8a33716b75c0657\spring-plugin-core-1.2.0.RELEASE.jar;C:\Users\Sangram\.gradle\caches\modules-2\files-2.1\org.springframework.plugin\spring-plugin-metadata\1.2.0.RELEASE\97223fc496b6cab31602eedbd4202aa4fff0d44f\spring-plugin-metadata-1.2.0.RELEASE.jar;C:\Users\Sangram\.gradle\caches\modules-2\files-2.1\org.springframework.hateoas\spring-hateoas\0.23.0.RELEASE\678ffa0798f417a794fea592dc8066e325611919\spring-hateoas-0.23.0.RELEASE.jar;C:\Users\Sangram\.gradle\caches\modules-2\files-2.1\org.springframework.boot\spring-boot-test\1.5.6.RELEASE\7bf97882d08b0ae5f61e5a6ced99451663a02a5d\spring-boot-test-1.5.6.RELEASE.jar;C:\Users\Sangram\.gradle\caches\modules-2\files-2.1\org.springframework.boot\spring-boot-test-autoconfigure\1.5.6.RELEASE\d4fdc79a4a1331718465ba4564a0a3555f1e0faa\spring-boot-test-autoconfigure-1.5.6.RELEASE.jar;C:\Users\Sangram\.gradle\caches\modules-2\files-2.1\junit\junit\4.12\2973d150c0dc1fefe998f834810d68f278ea58ec\junit-4.12.jar;C:\Users\Sangram\.gradle\caches\modules-2\files-2.1\org.assertj\assertj-core\2.6.0\b532c3fc4f66bcfee4989a3514f1cd56203a33ad\assertj-core-2.6.0.jar;C:\Users\Sangram\.gradle\caches\modules-2\files-2.1\org.mockito\mockito-core\1.10.19\e8546f5bef4e061d8dd73895b4e8f40e3fe6effe\mockito-core-1.10.19.jar;C:\Users\Sangram\.gradle\caches\modules-2\files-2.1\org.hamcrest\hamcrest-core\1.3\42a25dc3219429f0e5d060061f71acb49bf010a0\hamcrest-core-1.3.jar;C:\Users\Sangram\.gradle\caches\modules-2\files-2.1\org.hamcrest\hamcrest-library\1.3\4785a3c21320980282f9f33d0d1264a69040538f\hamcrest-library-1.3.jar;C:\Users\Sangram\.gradle\caches\modules-2\files-2.1\org.skyscreamer\jsonassert\1.4.0\9cdbb373a06f6513e51e8c545ee6a5e981463edb\jsonassert-1.4.0.jar;C:\Users\Sangram\.gradle\caches\modules-2\files-2.1\org.springframework\spring-core\4.3.10.RELEASE\db1462df62dbedad7244da30ec471390660271c0\spring-core-4.3.10.RELEASE.jar;C:\Users\Sangram\.gradle\caches\modules-2\files-2.1\org.springframework\spring-test\4.3.10.RELEASE\e82664ba39497626cd29298cb16c161d901bfbee\spring-test-4.3.10.RELEASE.jar;C:\Users\Sangram\.gradle\caches\modules-2\files-2.1\net.minidev\json-smart\2.2.1\5b9e5df7a62d1279b70dc882b041d249c4f0b002\json-smart-2.2.1.jar;C:\Users\Sangram\.gradle\caches\modules-2\files-2.1\io.rest-assured\rest-assured\3.0.0\39c62d42ce7ab5c224b25b6cff281b06c263f4e0\rest-assured-3.0.0.jar;C:\Users\Sangram\.gradle\caches\modules-2\files-2.1\org.springframework.boot\spring-boot\1.5.6.RELEASE\a6e13da038c6eb8b8793795b3189d5ff3f39caa0\spring-boot-1.5.6.RELEASE.jar;C:\Users\Sangram\.gradle\caches\modules-2\files-2.1\org.springframework.boot\spring-boot-autoconfigure\1.5.6.RELEASE\436d14480a4ebeaca7cd223ab97790d515f46ad2\spring-boot-autoconfigure-1.5.6.RELEASE.jar;C:\Users\Sangram\.gradle\caches\modules-2\files-2.1\org.springframework.boot\spring-boot-starter-logging\1.5.6.RELEASE\74a50fb623c47d76c71402d8c6cc4ac4ba71d39e\spring-boot-starter-logging-1.5.6.RELEASE.jar;C:\Users\Sangram\.gradle\caches\modules-2\files-2.1\org.yaml\snakeyaml\1.17\7a27ea250c5130b2922b86dea63cbb1cc10a660c\snakeyaml-1.17.jar;C:\Users\Sangram\.gradle\caches\modules-2\files-2.1\org.apache.tomcat.embed\tomcat-embed-core\8.5.16\1318c2a44de53b692cb42021dc3d9a2a185e65a4\tomcat-embed-core-8.5.16.jar;C:\Users\Sangram\.gradle\caches\modules-2\files-2.1\org.apache.tomcat.embed\tomcat-embed-el\8.5.16\d8d33b26d42c3857c6d2a566dd842d2308582020\tomcat-embed-el-8.5.16.jar;C:\Users\Sangram\.gradle\caches\modules-2\files-2.1\org.apache.tomcat.embed\tomcat-embed-websocket\8.5.16\8df572a6fa38c24a6366ab254b9bde496ed5ea95\tomcat-embed-websocket-8.5.16.jar;C:\Users\Sangram\.gradle\caches\modules-2\files-2.1\javax.validation\validation-api\1.1.0.Final\8613ae82954779d518631e05daa73a6a954817d5\validation-api-1.1.0.Final.jar;C:\Users\Sangram\.gradle\caches\modules-2\files-2.1\org.jboss.logging\jboss-logging\3.3.1.Final\c46217ab74b532568c0ed31dc599db3048bd1b67\jboss-logging-3.3.1.Final.jar;C:\Users\Sangram\.gradle\caches\modules-2\files-2.1\com.fasterxml.jackson.core\jackson-annotations\2.8.0\45b426f7796b741035581a176744d91090e2e6fb\jackson-annotations-2.8.0.jar;C:\Users\Sangram\.gradle\caches\modules-2\files-2.1\com.fasterxml.jackson.core\jackson-core\2.8.9\569b1752705da98f49aabe2911cc956ff7d8ed9d\jackson-core-2.8.9.jar;C:\Users\Sangram\.gradle\caches\modules-2\files-2.1\org.springframework\spring-aop\4.3.10.RELEASE\3a8c23246045e5e1dbd7d91354741b165e997a88\spring-aop-4.3.10.RELEASE.jar;C:\Users\Sangram\.gradle\caches\modules-2\files-2.1\org.springframework\spring-beans\4.3.10.RELEASE\9d89b786f755f9b1da344f10f6f045f927679a72\spring-beans-4.3.10.RELEASE.jar;C:\Users\Sangram\.gradle\caches\modules-2\files-2.1\org.springframework\spring-expression\4.3.10.RELEASE\4975ab542028945ab98fefba772472a40495d7ca\spring-expression-4.3.10.RELEASE.jar;C:\Users\Sangram\.gradle\caches\modules-2\files-2.1\org.aspectj\aspectjweaver\1.8.10\e198c5fee28988c355f74e06461614eae36b2032\aspectjweaver-1.8.10.jar;C:\Users\Sangram\.gradle\caches\modules-2\files-2.1\org.apache.tomcat\tomcat-jdbc\8.5.16\c4b7a82f4f4276f0c76e9db11fb2653e6582bfb3\tomcat-jdbc-8.5.16.jar;C:\Users\Sangram\.gradle\caches\modules-2\files-2.1\org.springframework\spring-jdbc\4.3.10.RELEASE\91e2f69e633f8eac5d5ef516595556ab7db87f3d\spring-jdbc-4.3.10.RELEASE.jar;C:\Users\Sangram\.gradle\caches\modules-2\files-2.1\org.hibernate.javax.persistence\hibernate-jpa-2.1-api\1.0.0.Final\5e731d961297e5a07290bfaf3db1fbc8bbbf405a\hibernate-jpa-2.1-api-1.0.0.Final.jar;C:\Users\Sangram\.gradle\caches\modules-2\files-2.1\org.javassist\javassist\3.21.0-GA\598244f595db5c5fb713731eddbb1c91a58d959b\javassist-3.21.0-GA.jar;C:\Users\Sangram\.gradle\caches\modules-2\files-2.1\antlr\antlr\2.7.7\83cd2cd674a217ade95a4bb83a8a14f351f48bd0\antlr-2.7.7.jar;C:\Users\Sangram\.gradle\caches\modules-2\files-2.1\org.jboss\jandex\2.0.0.Final\3e899258936f94649c777193e1be846387ed54b3\jandex-2.0.0.Final.jar;C:\Users\Sangram\.gradle\caches\modules-2\files-2.1\dom4j\dom4j\1.6.1\5d3ccc056b6f056dbf0dddfdf43894b9065a8f94\dom4j-1.6.1.jar;C:\Users\Sangram\.gradle\caches\modules-2\files-2.1\org.hibernate.common\hibernate-commons-annotations\5.0.1.Final\71e1cff3fcb20d3b3af4f3363c3ddb24d33c6879\hibernate-commons-annotations-5.0.1.Final.jar;C:\Users\Sangram\.gradle\caches\modules-2\files-2.1\org.springframework.data\spring-data-commons\1.13.6.RELEASE\ed21344ea782672928cee7e6bfad655c399c0b94\spring-data-commons-1.13.6.RELEASE.jar;C:\Users\Sangram\.gradle\caches\modules-2\files-2.1\org.springframework\spring-orm\4.3.10.RELEASE\6450e007fdf2f9340f33b8d7bddb7f1f139b19d1\spring-orm-4.3.10.RELEASE.jar;C:\Users\Sangram\.gradle\caches\modules-2\files-2.1\org.springframework\spring-tx\4.3.10.RELEASE\569d30fd8d2050910e0271b838cf927ebb7efcdc\spring-tx-4.3.10.RELEASE.jar;C:\Users\Sangram\.gradle\caches\modules-2\files-2.1\org.slf4j\jcl-over-slf4j\1.7.25\f8c32b13ff142a513eeb5b6330b1588dcb2c0461\jcl-over-slf4j-1.7.25.jar;C:\Users\Sangram\.gradle\caches\modules-2\files-2.1\com.squareup.okio\okio\1.6.0\98476622f10715998eacf9240d6b479f12c66143\okio-1.6.0.jar;C:\Users\Sangram\.gradle\caches\modules-2\files-2.1\io.springfox\springfox-core\2.1.1\4423ac63f26319d0a8e02e542b58055a1a1789ec\springfox-core-2.1.1.jar;C:\Users\Sangram\.gradle\caches\modules-2\files-2.1\org.objenesis\objenesis\2.1\87c0ea803b69252868d09308b4618f766f135a96\objenesis-2.1.jar;C:\Users\Sangram\.gradle\caches\modules-2\files-2.1\com.vaadin.external.google\android-json\0.0.20131108.vaadin1\fa26d351fe62a6a17f5cda1287c1c6110dec413f\android-json-0.0.20131108.vaadin1.jar;C:\Users\Sangram\.gradle\caches\modules-2\files-2.1\net.minidev\accessors-smart\1.1\a527213f2fea112a04c9bdf0ec0264e34104cd08\accessors-smart-1.1.jar;C:\Users\Sangram\.gradle\caches\modules-2\files-2.1\org.codehaus.groovy\groovy\2.4.12\a43be367110c491787219f1c128b5b5fc54f1e70\groovy-2.4.12.jar;C:\Users\Sangram\.gradle\caches\modules-2\files-2.1\org.codehaus.groovy\groovy-xml\2.4.12\b5c023bbbc8a4bbf9c0b38d731fe31d53f00c64a\groovy-xml-2.4.12.jar;C:\Users\Sangram\.gradle\caches\modules-2\files-2.1\org.apache.httpcomponents\httpclient\4.5.3\d1577ae15f01ef5438c5afc62162457c00a34713\httpclient-4.5.3.jar;C:\Users\Sangram\.gradle\caches\modules-2\files-2.1\org.apache.httpcomponents\httpmime\4.5.3\889fd6d061bb63b99dd5c6aba35a555ae863de52\httpmime-4.5.3.jar;C:\Users\Sangram\.gradle\caches\modules-2\files-2.1\org.ccil.cowan.tagsoup\tagsoup\1.2.1\5584627487e984c03456266d3f8802eb85a9ce97\tagsoup-1.2.1.jar;C:\Users\Sangram\.gradle\caches\modules-2\files-2.1\io.rest-assured\json-path\3.0.0\b5c4158eb1d41d2b80292f1754862762c0bc1696\json-path-3.0.0.jar;C:\Users\Sangram\.gradle\caches\modules-2\files-2.1\io.rest-assured\xml-path\3.0.0\a7459d08df2843a4258ea0986e327c00a0ddf721\xml-path-3.0.0.jar;C:\Users\Sangram\.gradle\caches\modules-2\files-2.1\ch.qos.logback\logback-classic\1.1.11\ccedfbacef4a6515d2983e3f89ed753d5d4fb665\logback-classic-1.1.11.jar;C:\Users\Sangram\.gradle\caches\modules-2\files-2.1\org.slf4j\jul-to-slf4j\1.7.25\af5364cd6679bfffb114f0dec8a157aaa283b76\jul-to-slf4j-1.7.25.jar;C:\Users\Sangram\.gradle\caches\modules-2\files-2.1\org.slf4j\log4j-over-slf4j\1.7.25\a87bb47468f47ee7aabbd54f93e133d4215769c3\log4j-over-slf4j-1.7.25.jar;C:\Users\Sangram\.gradle\caches\modules-2\files-2.1\org.apache.tomcat\tomcat-juli\8.5.16\e9e65481ee92eaf7dace280320f28139d485c958\tomcat-juli-8.5.16.jar;C:\Users\Sangram\.gradle\caches\modules-2\files-2.1\org.ow2.asm\asm\5.0.3\dcc2193db20e19e1feca8b1240dbbc4e190824fa\asm-5.0.3.jar;C:\Users\Sangram\.gradle\caches\modules-2\files-2.1\org.apache.httpcomponents\httpcore\4.4.6\e3fd8ced1f52c7574af952e2e6da0df8df08eb82\httpcore-4.4.6.jar;C:\Users\Sangram\.gradle\caches\modules-2\files-2.1\commons-codec\commons-codec\1.10\4b95f4897fa13f2cd904aee711aeafc0c5295cd8\commons-codec-1.10.jar;C:\Users\Sangram\.gradle\caches\modules-2\files-2.1\org.codehaus.groovy\groovy-json\2.4.12\810b46f2b359b904c4c7428ad4c03c09094a01ff\groovy-json-2.4.12.jar;C:\Users\Sangram\.gradle\caches\modules-2\files-2.1\io.rest-assured\rest-assured-common\3.0.0\53720cc91e21a194064dbbe709ec8ed1e69dc49d\rest-assured-common-3.0.0.jar;C:\Users\Sangram\.gradle\caches\modules-2\files-2.1\org.apache.commons\commons-lang3\3.4\5fe28b9518e58819180a43a850fbc0dd24b7c050\commons-lang3-3.4.jar;C:\Users\Sangram\.gradle\caches\modules-2\files-2.1\ch.qos.logback\logback-core\1.1.11\88b8df40340eed549fb07e2613879bf6b006704d\logback-core-1.1.11.jar, hibernate.bytecode.use_reflection_optimizer=false, java.vm.specification.name=Java Virtual Machine Specification, java.vm.specification.version=1.8, sun.cpu.endian=little, sun.os.patch.level=Service Pack 1, java.awt.headless=true, java.io.tmpdir=C:\Users\Sangram\AppData\Local\Temp\, java.vendor.url.bug=http://bugreport.sun.com/bugreport/, javax.persistence.sharedCache.mode=UNSPECIFIED, os.arch=x86, java.awt.graphicsenv=sun.awt.Win32GraphicsEnvironment, hibernate.physical_naming_strategy=org.springframework.boot.orm.jpa.hibernate.SpringPhysicalNamingStrategy, java.ext.dirs=C:\Program Files\Java\jdk1.8.0_131\jre\lib\ext;C:\Windows\Sun\Java\lib\ext, user.dir=F:\GIT_WORK\GIT_REPO\RetailPro\RetailPro\RetailManager, line.separator=
, java.vm.name=Java HotSpot(TM) Client VM, hibernate.transaction.jta.platform=org.hibernate.engine.transaction.jta.platform.internal.NoJtaPlatform@1dbeef8, file.encoding=windows-1252, java.specification.version=1.8, hibernate.show_sql=true}
00:07:15.007 qrouter [Test worker] DEBUG o.h.v.i.e.r.DefaultTraversableResolver -Found javax.persistence.Persistence on classpath containing 'getPersistenceUtil'. Assuming JPA 2 environment. Trying to instantiate JPA aware TraversableResolver
00:07:15.007 qrouter [Test worker] DEBUG o.h.v.i.e.r.DefaultTraversableResolver -Instantiated JPA aware TraversableResolver of type org.hibernate.validator.internal.engine.resolver.JPATraversableResolver.
00:07:15.008 qrouter [Test worker] DEBUG o.h.v.i.xml.ValidationXmlParser -Trying to load META-INF/validation.xml for XML based Validator configuration.
00:07:15.008 qrouter [Test worker] DEBUG o.h.v.i.xml.ResourceLoaderHelper -Trying to load META-INF/validation.xml via TCCL
00:07:15.009 qrouter [Test worker] DEBUG o.h.v.i.xml.ResourceLoaderHelper -Trying to load META-INF/validation.xml via Hibernate Validator's class loader
00:07:15.011 qrouter [Test worker] DEBUG o.h.v.i.xml.ValidationXmlParser -No META-INF/validation.xml found. Using annotation based configuration only.
00:07:15.022 qrouter [Test worker] DEBUG o.h.b.internal.ClassLoaderAccessImpl -Not known whether passed class name [shop.retail.models.Shop] is safe
00:07:15.023 qrouter [Test worker] DEBUG o.h.b.internal.ClassLoaderAccessImpl -No temp ClassLoader provided; using live ClassLoader for loading potentially unsafe class : shop.retail.models.Shop
00:07:15.121 qrouter [Test worker] DEBUG o.h.b.internal.ClassLoaderAccessImpl -Not known whether passed class name [shop.retail.models.ShopAddress] is safe
00:07:15.121 qrouter [Test worker] DEBUG o.h.b.internal.ClassLoaderAccessImpl -No temp ClassLoader provided; using live ClassLoader for loading potentially unsafe class : shop.retail.models.ShopAddress
00:07:15.156 qrouter [Test worker] DEBUG o.h.secure.spi.JaccIntegrator -Skipping JACC integration as it was not enabled
00:07:15.185 qrouter [Test worker] DEBUG o.hibernate.engine.spi.CascadeStyles -External cascade style regsitration [persist : STYLE_PERSIST_SKIPLAZY] overrode base registration [STYLE_PERSIST]
00:07:15.501 qrouter [Test worker] DEBUG o.h.b.internal.ClassLoaderAccessImpl -Not known whether passed class name [shop.retail.models.Shop] is safe
00:07:15.501 qrouter [Test worker] DEBUG o.h.b.internal.ClassLoaderAccessImpl -No temp ClassLoader provided; using live ClassLoader for loading potentially unsafe class : shop.retail.models.Shop
00:07:15.567 qrouter [Test worker] DEBUG o.h.b.internal.ClassLoaderAccessImpl -Not known whether passed class name [shop.retail.models.Shop] is safe
00:07:15.568 qrouter [Test worker] DEBUG o.h.b.internal.ClassLoaderAccessImpl -No temp ClassLoader provided; using live ClassLoader for loading potentially unsafe class : shop.retail.models.Shop
00:07:15.975 qrouter [Test worker] DEBUG o.h.b.internal.ClassLoaderAccessImpl -Not known whether passed class name [shop.retail.models.ShopAddress] is safe
00:07:15.976 qrouter [Test worker] DEBUG o.h.b.internal.ClassLoaderAccessImpl -No temp ClassLoader provided; using live ClassLoader for loading potentially unsafe class : shop.retail.models.ShopAddress
00:07:15.977 qrouter [Test worker] DEBUG o.h.b.internal.ClassLoaderAccessImpl -Not known whether passed class name [shop.retail.models.ShopAddress] is safe
00:07:15.978 qrouter [Test worker] DEBUG o.h.b.internal.ClassLoaderAccessImpl -No temp ClassLoader provided; using live ClassLoader for loading potentially unsafe class : shop.retail.models.ShopAddress
00:07:16.065 qrouter [Test worker] DEBUG o.h.p.entity.AbstractEntityPersister -Static SQL for entity: shop.retail.models.Shop
00:07:16.065 qrouter [Test worker] DEBUG o.h.p.entity.AbstractEntityPersister - Version select: select shop_id from shop where shop_id =?
00:07:16.066 qrouter [Test worker] DEBUG o.h.p.entity.AbstractEntityPersister - Snapshot select: select shop_.shop_id, shop_.shop_address_id as shop_add3_0_, shop_.shop_name as shop_nam2_0_ from shop shop_ where shop_.shop_id=?
00:07:16.066 qrouter [Test worker] DEBUG o.h.p.entity.AbstractEntityPersister - Insert 0: insert into shop (shop_address_id, shop_name, shop_id) values (?, ?, ?)
00:07:16.066 qrouter [Test worker] DEBUG o.h.p.entity.AbstractEntityPersister - Update 0: update shop set shop_address_id=?, shop_name=? where shop_id=?
00:07:16.067 qrouter [Test worker] DEBUG o.h.p.entity.AbstractEntityPersister - Delete 0: delete from shop where shop_id=?
00:07:16.067 qrouter [Test worker] DEBUG o.h.p.entity.AbstractEntityPersister - Identity insert: insert into shop (shop_id, shop_address_id, shop_name) values (null, ?, ?)
00:07:16.257 qrouter [Test worker] DEBUG o.h.l.p.b.i.spaces.QuerySpacesImpl -Adding QuerySpace : uid = <gen:0> -> org.hibernate.loader.plan.build.internal.spaces.EntityQuerySpaceImpl@18098a9]
00:07:16.265 qrouter [Test worker] DEBUG o.h.p.w.spi.MetamodelGraphWalker -Visiting attribute path : shopAddress
00:07:16.303 qrouter [Test worker] DEBUG o.h.l.p.b.i.spaces.QuerySpacesImpl -Adding QuerySpace : uid = <gen:1> -> org.hibernate.loader.plan.build.internal.spaces.EntityQuerySpaceImpl@e75bec]
00:07:16.316 qrouter [Test worker] DEBUG o.h.p.w.spi.MetamodelGraphWalker -Visiting attribute path : shopAddress.number
00:07:16.317 qrouter [Test worker] DEBUG o.h.p.w.spi.MetamodelGraphWalker -Visiting attribute path : shopAddress.postCode
00:07:16.317 qrouter [Test worker] DEBUG o.h.p.w.spi.MetamodelGraphWalker -Visiting attribute path : shopAddress.shopLatitude
00:07:16.317 qrouter [Test worker] DEBUG o.h.p.w.spi.MetamodelGraphWalker -Visiting attribute path : shopAddress.shopLongitude
00:07:16.318 qrouter [Test worker] DEBUG o.h.p.w.spi.MetamodelGraphWalker -Visiting attribute path : shopName
00:07:16.318 qrouter [Test worker] DEBUG o.h.l.p.b.i.FetchStyleLoadPlanBuildingAssociationVisitationStrategy -Building LoadPlan...
00:07:16.452 qrouter [Test worker] DEBUG o.h.l.p.e.i.LoadQueryJoinAndFetchProcessor -processing queryspace <gen:0>
00:07:16.493 qrouter [Test worker] DEBUG o.h.l.p.b.spi.LoadPlanTreePrinter -LoadPlan(entity=shop.retail.models.Shop)
    - Returns
       - EntityReturnImpl(entity=shop.retail.models.Shop, querySpaceUid=<gen:0>, path=shop.retail.models.Shop)
          - EntityAttributeFetchImpl(entity=shop.retail.models.ShopAddress, querySpaceUid=<gen:1>, path=shop.retail.models.Shop.shopAddress)
    - QuerySpaces
       - EntityQuerySpaceImpl(uid=<gen:0>, entity=shop.retail.models.Shop)
          - SQL table alias mapping - shop0_
          - alias suffix - 0_
          - suffixed key columns - {shop_id1_0_0_}
          - JOIN (JoinDefinedByMetadata(shopAddress)) : <gen:0> -> <gen:1>
             - EntityQuerySpaceImpl(uid=<gen:1>, entity=shop.retail.models.ShopAddress)
                - SQL table alias mapping - shopaddres1_
                - alias suffix - 1_
                - suffixed key columns - {id1_1_1_}

00:07:16.511 qrouter [Test worker] DEBUG o.h.loader.entity.plan.EntityLoader -Static select for entity shop.retail.models.Shop [NONE]: select shop0_.shop_id as shop_id1_0_0_, shop0_.shop_address_id as shop_add3_0_0_, shop0_.shop_name as shop_nam2_0_0_, shopaddres1_.id as id1_1_1_, shopaddres1_.number as number2_1_1_, shopaddres1_.post_code as post_cod3_1_1_, shopaddres1_.latitude as latitude4_1_1_, shopaddres1_.longitude as longitud5_1_1_ from shop shop0_ inner join shop_address shopaddres1_ on shop0_.shop_address_id=shopaddres1_.id where shop0_.shop_id=?
00:07:16.513 qrouter [Test worker] DEBUG o.h.l.p.b.i.spaces.QuerySpacesImpl -Adding QuerySpace : uid = <gen:0> -> org.hibernate.loader.plan.build.internal.spaces.EntityQuerySpaceImpl@1cc67c3]
00:07:16.514 qrouter [Test worker] DEBUG o.h.p.w.spi.MetamodelGraphWalker -Visiting attribute path : shopAddress
00:07:16.514 qrouter [Test worker] DEBUG o.h.l.p.b.i.spaces.QuerySpacesImpl -Adding QuerySpace : uid = <gen:1> -> org.hibernate.loader.plan.build.internal.spaces.EntityQuerySpaceImpl@85efa3]
00:07:16.515 qrouter [Test worker] DEBUG o.h.p.w.spi.MetamodelGraphWalker -Visiting attribute path : shopAddress.number
00:07:16.515 qrouter [Test worker] DEBUG o.h.p.w.spi.MetamodelGraphWalker -Visiting attribute path : shopAddress.postCode
00:07:16.515 qrouter [Test worker] DEBUG o.h.p.w.spi.MetamodelGraphWalker -Visiting attribute path : shopAddress.shopLatitude
00:07:16.517 qrouter [Test worker] DEBUG o.h.p.w.spi.MetamodelGraphWalker -Visiting attribute path : shopAddress.shopLongitude
00:07:16.517 qrouter [Test worker] DEBUG o.h.p.w.spi.MetamodelGraphWalker -Visiting attribute path : shopName
00:07:16.517 qrouter [Test worker] DEBUG o.h.l.p.b.i.FetchStyleLoadPlanBuildingAssociationVisitationStrategy -Building LoadPlan...
00:07:16.518 qrouter [Test worker] DEBUG o.h.l.p.e.i.LoadQueryJoinAndFetchProcessor -processing queryspace <gen:0>
00:07:16.520 qrouter [Test worker] DEBUG o.h.l.p.b.spi.LoadPlanTreePrinter -LoadPlan(entity=shop.retail.models.Shop)
    - Returns
       - EntityReturnImpl(entity=shop.retail.models.Shop, querySpaceUid=<gen:0>, path=shop.retail.models.Shop)
          - EntityAttributeFetchImpl(entity=shop.retail.models.ShopAddress, querySpaceUid=<gen:1>, path=shop.retail.models.Shop.shopAddress)
    - QuerySpaces
       - EntityQuerySpaceImpl(uid=<gen:0>, entity=shop.retail.models.Shop)
          - SQL table alias mapping - shop0_
          - alias suffix - 0_
          - suffixed key columns - {shop_id1_0_0_}
          - JOIN (JoinDefinedByMetadata(shopAddress)) : <gen:0> -> <gen:1>
             - EntityQuerySpaceImpl(uid=<gen:1>, entity=shop.retail.models.ShopAddress)
                - SQL table alias mapping - shopaddres1_
                - alias suffix - 1_
                - suffixed key columns - {id1_1_1_}

00:07:16.521 qrouter [Test worker] DEBUG o.h.loader.entity.plan.EntityLoader -Static select for entity shop.retail.models.Shop [READ]: select shop0_.shop_id as shop_id1_0_0_, shop0_.shop_address_id as shop_add3_0_0_, shop0_.shop_name as shop_nam2_0_0_, shopaddres1_.id as id1_1_1_, shopaddres1_.number as number2_1_1_, shopaddres1_.post_code as post_cod3_1_1_, shopaddres1_.latitude as latitude4_1_1_, shopaddres1_.longitude as longitud5_1_1_ from shop shop0_ inner join shop_address shopaddres1_ on shop0_.shop_address_id=shopaddres1_.id where shop0_.shop_id=?
00:07:16.522 qrouter [Test worker] DEBUG o.h.l.p.b.i.spaces.QuerySpacesImpl -Adding QuerySpace : uid = <gen:0> -> org.hibernate.loader.plan.build.internal.spaces.EntityQuerySpaceImpl@444405]
00:07:16.523 qrouter [Test worker] DEBUG o.h.p.w.spi.MetamodelGraphWalker -Visiting attribute path : shopAddress
00:07:16.523 qrouter [Test worker] DEBUG o.h.l.p.b.i.spaces.QuerySpacesImpl -Adding QuerySpace : uid = <gen:1> -> org.hibernate.loader.plan.build.internal.spaces.EntityQuerySpaceImpl@10ce368]
00:07:16.523 qrouter [Test worker] DEBUG o.h.p.w.spi.MetamodelGraphWalker -Visiting attribute path : shopName
00:07:16.524 qrouter [Test worker] DEBUG o.h.l.p.b.i.FetchStyleLoadPlanBuildingAssociationVisitationStrategy -Building LoadPlan...
00:07:16.524 qrouter [Test worker] DEBUG o.h.l.p.e.i.LoadQueryJoinAndFetchProcessor -processing queryspace <gen:0>
00:07:16.526 qrouter [Test worker] DEBUG o.h.l.p.b.spi.LoadPlanTreePrinter -LoadPlan(entity=shop.retail.models.Shop)
    - Returns
       - EntityReturnImpl(entity=shop.retail.models.Shop, querySpaceUid=<gen:0>, path=shop.retail.models.Shop)
          - EntityAttributeFetchImpl(entity=shop.retail.models.ShopAddress, querySpaceUid=<gen:1>, path=shop.retail.models.Shop.shopAddress)
    - QuerySpaces
       - EntityQuerySpaceImpl(uid=<gen:0>, entity=shop.retail.models.Shop)
          - SQL table alias mapping - shop0_
          - alias suffix - 0_
          - suffixed key columns - {shop_id1_0_0_}

00:07:16.527 qrouter [Test worker] DEBUG o.h.loader.entity.plan.EntityLoader -Static select for entity shop.retail.models.Shop [UPGRADE]: select shop0_.shop_id as shop_id1_0_0_, shop0_.shop_address_id as shop_add3_0_0_, shop0_.shop_name as shop_nam2_0_0_ from shop shop0_ where shop0_.shop_id=? for update
00:07:16.527 qrouter [Test worker] DEBUG o.h.l.p.b.i.spaces.QuerySpacesImpl -Adding QuerySpace : uid = <gen:0> -> org.hibernate.loader.plan.build.internal.spaces.EntityQuerySpaceImpl@1ed8bc1]
00:07:16.528 qrouter [Test worker] DEBUG o.h.p.w.spi.MetamodelGraphWalker -Visiting attribute path : shopAddress
00:07:16.528 qrouter [Test worker] DEBUG o.h.l.p.b.i.spaces.QuerySpacesImpl -Adding QuerySpace : uid = <gen:1> -> org.hibernate.loader.plan.build.internal.spaces.EntityQuerySpaceImpl@6ac5c1]
00:07:16.529 qrouter [Test worker] DEBUG o.h.p.w.spi.MetamodelGraphWalker -Visiting attribute path : shopName
00:07:16.529 qrouter [Test worker] DEBUG o.h.l.p.b.i.FetchStyleLoadPlanBuildingAssociationVisitationStrategy -Building LoadPlan...
00:07:16.530 qrouter [Test worker] DEBUG o.h.l.p.e.i.LoadQueryJoinAndFetchProcessor -processing queryspace <gen:0>
00:07:16.531 qrouter [Test worker] DEBUG o.h.l.p.b.spi.LoadPlanTreePrinter -LoadPlan(entity=shop.retail.models.Shop)
    - Returns
       - EntityReturnImpl(entity=shop.retail.models.Shop, querySpaceUid=<gen:0>, path=shop.retail.models.Shop)
          - EntityAttributeFetchImpl(entity=shop.retail.models.ShopAddress, querySpaceUid=<gen:1>, path=shop.retail.models.Shop.shopAddress)
    - QuerySpaces
       - EntityQuerySpaceImpl(uid=<gen:0>, entity=shop.retail.models.Shop)
          - SQL table alias mapping - shop0_
          - alias suffix - 0_
          - suffixed key columns - {shop_id1_0_0_}

00:07:16.533 qrouter [Test worker] DEBUG o.h.loader.entity.plan.EntityLoader -Static select for entity shop.retail.models.Shop [UPGRADE_NOWAIT]: select shop0_.shop_id as shop_id1_0_0_, shop0_.shop_address_id as shop_add3_0_0_, shop0_.shop_name as shop_nam2_0_0_ from shop shop0_ where shop0_.shop_id=? for update
00:07:16.533 qrouter [Test worker] DEBUG o.h.l.p.b.i.spaces.QuerySpacesImpl -Adding QuerySpace : uid = <gen:0> -> org.hibernate.loader.plan.build.internal.spaces.EntityQuerySpaceImpl@d16207]
00:07:16.534 qrouter [Test worker] DEBUG o.h.p.w.spi.MetamodelGraphWalker -Visiting attribute path : shopAddress
00:07:16.534 qrouter [Test worker] DEBUG o.h.l.p.b.i.spaces.QuerySpacesImpl -Adding QuerySpace : uid = <gen:1> -> org.hibernate.loader.plan.build.internal.spaces.EntityQuerySpaceImpl@431340]
00:07:16.534 qrouter [Test worker] DEBUG o.h.p.w.spi.MetamodelGraphWalker -Visiting attribute path : shopName
00:07:16.535 qrouter [Test worker] DEBUG o.h.l.p.b.i.FetchStyleLoadPlanBuildingAssociationVisitationStrategy -Building LoadPlan...
00:07:16.535 qrouter [Test worker] DEBUG o.h.l.p.e.i.LoadQueryJoinAndFetchProcessor -processing queryspace <gen:0>
00:07:16.537 qrouter [Test worker] DEBUG o.h.l.p.b.spi.LoadPlanTreePrinter -LoadPlan(entity=shop.retail.models.Shop)
    - Returns
       - EntityReturnImpl(entity=shop.retail.models.Shop, querySpaceUid=<gen:0>, path=shop.retail.models.Shop)
          - EntityAttributeFetchImpl(entity=shop.retail.models.ShopAddress, querySpaceUid=<gen:1>, path=shop.retail.models.Shop.shopAddress)
    - QuerySpaces
       - EntityQuerySpaceImpl(uid=<gen:0>, entity=shop.retail.models.Shop)
          - SQL table alias mapping - shop0_
          - alias suffix - 0_
          - suffixed key columns - {shop_id1_0_0_}

00:07:16.538 qrouter [Test worker] DEBUG o.h.loader.entity.plan.EntityLoader -Static select for entity shop.retail.models.Shop [UPGRADE_SKIPLOCKED]: select shop0_.shop_id as shop_id1_0_0_, shop0_.shop_address_id as shop_add3_0_0_, shop0_.shop_name as shop_nam2_0_0_ from shop shop0_ where shop0_.shop_id=? for update
00:07:16.538 qrouter [Test worker] DEBUG o.h.l.p.b.i.spaces.QuerySpacesImpl -Adding QuerySpace : uid = <gen:0> -> org.hibernate.loader.plan.build.internal.spaces.EntityQuerySpaceImpl@c99404]
00:07:16.539 qrouter [Test worker] DEBUG o.h.p.w.spi.MetamodelGraphWalker -Visiting attribute path : shopAddress
00:07:16.539 qrouter [Test worker] DEBUG o.h.l.p.b.i.spaces.QuerySpacesImpl -Adding QuerySpace : uid = <gen:1> -> org.hibernate.loader.plan.build.internal.spaces.EntityQuerySpaceImpl@1d39c5]
00:07:16.540 qrouter [Test worker] DEBUG o.h.p.w.spi.MetamodelGraphWalker -Visiting attribute path : shopName
00:07:16.540 qrouter [Test worker] DEBUG o.h.l.p.b.i.FetchStyleLoadPlanBuildingAssociationVisitationStrategy -Building LoadPlan...
00:07:16.541 qrouter [Test worker] DEBUG o.h.l.p.e.i.LoadQueryJoinAndFetchProcessor -processing queryspace <gen:0>
00:07:16.542 qrouter [Test worker] DEBUG o.h.l.p.b.spi.LoadPlanTreePrinter -LoadPlan(entity=shop.retail.models.Shop)
    - Returns
       - EntityReturnImpl(entity=shop.retail.models.Shop, querySpaceUid=<gen:0>, path=shop.retail.models.Shop)
          - EntityAttributeFetchImpl(entity=shop.retail.models.ShopAddress, querySpaceUid=<gen:1>, path=shop.retail.models.Shop.shopAddress)
    - QuerySpaces
       - EntityQuerySpaceImpl(uid=<gen:0>, entity=shop.retail.models.Shop)
          - SQL table alias mapping - shop0_
          - alias suffix - 0_
          - suffixed key columns - {shop_id1_0_0_}

00:07:16.543 qrouter [Test worker] DEBUG o.h.loader.entity.plan.EntityLoader -Static select for entity shop.retail.models.Shop [FORCE]: select shop0_.shop_id as shop_id1_0_0_, shop0_.shop_address_id as shop_add3_0_0_, shop0_.shop_name as shop_nam2_0_0_ from shop shop0_ where shop0_.shop_id=? for update
00:07:16.543 qrouter [Test worker] DEBUG o.h.l.p.b.i.spaces.QuerySpacesImpl -Adding QuerySpace : uid = <gen:0> -> org.hibernate.loader.plan.build.internal.spaces.EntityQuerySpaceImpl@aef715]
00:07:16.544 qrouter [Test worker] DEBUG o.h.p.w.spi.MetamodelGraphWalker -Visiting attribute path : shopAddress
00:07:16.544 qrouter [Test worker] DEBUG o.h.l.p.b.i.spaces.QuerySpacesImpl -Adding QuerySpace : uid = <gen:1> -> org.hibernate.loader.plan.build.internal.spaces.EntityQuerySpaceImpl@1fd5d6e]
00:07:16.544 qrouter [Test worker] DEBUG o.h.p.w.spi.MetamodelGraphWalker -Visiting attribute path : shopName
00:07:16.545 qrouter [Test worker] DEBUG o.h.l.p.b.i.FetchStyleLoadPlanBuildingAssociationVisitationStrategy -Building LoadPlan...
00:07:16.546 qrouter [Test worker] DEBUG o.h.l.p.e.i.LoadQueryJoinAndFetchProcessor -processing queryspace <gen:0>
00:07:16.547 qrouter [Test worker] DEBUG o.h.l.p.b.spi.LoadPlanTreePrinter -LoadPlan(entity=shop.retail.models.Shop)
    - Returns
       - EntityReturnImpl(entity=shop.retail.models.Shop, querySpaceUid=<gen:0>, path=shop.retail.models.Shop)
          - EntityAttributeFetchImpl(entity=shop.retail.models.ShopAddress, querySpaceUid=<gen:1>, path=shop.retail.models.Shop.shopAddress)
    - QuerySpaces
       - EntityQuerySpaceImpl(uid=<gen:0>, entity=shop.retail.models.Shop)
          - SQL table alias mapping - shop0_
          - alias suffix - 0_
          - suffixed key columns - {shop_id1_0_0_}

00:07:16.548 qrouter [Test worker] DEBUG o.h.loader.entity.plan.EntityLoader -Static select for entity shop.retail.models.Shop [PESSIMISTIC_READ]: select shop0_.shop_id as shop_id1_0_0_, shop0_.shop_address_id as shop_add3_0_0_, shop0_.shop_name as shop_nam2_0_0_ from shop shop0_ where shop0_.shop_id=? for update
00:07:16.548 qrouter [Test worker] DEBUG o.h.l.p.b.i.spaces.QuerySpacesImpl -Adding QuerySpace : uid = <gen:0> -> org.hibernate.loader.plan.build.internal.spaces.EntityQuerySpaceImpl@e39f05]
00:07:16.549 qrouter [Test worker] DEBUG o.h.p.w.spi.MetamodelGraphWalker -Visiting attribute path : shopAddress
00:07:16.549 qrouter [Test worker] DEBUG o.h.l.p.b.i.spaces.QuerySpacesImpl -Adding QuerySpace : uid = <gen:1> -> org.hibernate.loader.plan.build.internal.spaces.EntityQuerySpaceImpl@e75eb9]
00:07:16.549 qrouter [Test worker] DEBUG o.h.p.w.spi.MetamodelGraphWalker -Visiting attribute path : shopName
00:07:16.550 qrouter [Test worker] DEBUG o.h.l.p.b.i.FetchStyleLoadPlanBuildingAssociationVisitationStrategy -Building LoadPlan...
00:07:16.550 qrouter [Test worker] DEBUG o.h.l.p.e.i.LoadQueryJoinAndFetchProcessor -processing queryspace <gen:0>
00:07:16.556 qrouter [Test worker] DEBUG o.h.l.p.b.spi.LoadPlanTreePrinter -LoadPlan(entity=shop.retail.models.Shop)
    - Returns
       - EntityReturnImpl(entity=shop.retail.models.Shop, querySpaceUid=<gen:0>, path=shop.retail.models.Shop)
          - EntityAttributeFetchImpl(entity=shop.retail.models.ShopAddress, querySpaceUid=<gen:1>, path=shop.retail.models.Shop.shopAddress)
    - QuerySpaces
       - EntityQuerySpaceImpl(uid=<gen:0>, entity=shop.retail.models.Shop)
          - SQL table alias mapping - shop0_
          - alias suffix - 0_
          - suffixed key columns - {shop_id1_0_0_}

00:07:16.556 qrouter [Test worker] DEBUG o.h.loader.entity.plan.EntityLoader -Static select for entity shop.retail.models.Shop [PESSIMISTIC_WRITE]: select shop0_.shop_id as shop_id1_0_0_, shop0_.shop_address_id as shop_add3_0_0_, shop0_.shop_name as shop_nam2_0_0_ from shop shop0_ where shop0_.shop_id=? for update
00:07:16.557 qrouter [Test worker] DEBUG o.h.l.p.b.i.spaces.QuerySpacesImpl -Adding QuerySpace : uid = <gen:0> -> org.hibernate.loader.plan.build.internal.spaces.EntityQuerySpaceImpl@11e7b26]
00:07:16.557 qrouter [Test worker] DEBUG o.h.p.w.spi.MetamodelGraphWalker -Visiting attribute path : shopAddress
00:07:16.558 qrouter [Test worker] DEBUG o.h.l.p.b.i.spaces.QuerySpacesImpl -Adding QuerySpace : uid = <gen:1> -> org.hibernate.loader.plan.build.internal.spaces.EntityQuerySpaceImpl@f02c09]
00:07:16.558 qrouter [Test worker] DEBUG o.h.p.w.spi.MetamodelGraphWalker -Visiting attribute path : shopName
00:07:16.558 qrouter [Test worker] DEBUG o.h.l.p.b.i.FetchStyleLoadPlanBuildingAssociationVisitationStrategy -Building LoadPlan...
00:07:16.559 qrouter [Test worker] DEBUG o.h.l.p.e.i.LoadQueryJoinAndFetchProcessor -processing queryspace <gen:0>
00:07:16.561 qrouter [Test worker] DEBUG o.h.l.p.b.spi.LoadPlanTreePrinter -LoadPlan(entity=shop.retail.models.Shop)
    - Returns
       - EntityReturnImpl(entity=shop.retail.models.Shop, querySpaceUid=<gen:0>, path=shop.retail.models.Shop)
          - EntityAttributeFetchImpl(entity=shop.retail.models.ShopAddress, querySpaceUid=<gen:1>, path=shop.retail.models.Shop.shopAddress)
    - QuerySpaces
       - EntityQuerySpaceImpl(uid=<gen:0>, entity=shop.retail.models.Shop)
          - SQL table alias mapping - shop0_
          - alias suffix - 0_
          - suffixed key columns - {shop_id1_0_0_}

00:07:16.562 qrouter [Test worker] DEBUG o.h.loader.entity.plan.EntityLoader -Static select for entity shop.retail.models.Shop [PESSIMISTIC_FORCE_INCREMENT]: select shop0_.shop_id as shop_id1_0_0_, shop0_.shop_address_id as shop_add3_0_0_, shop0_.shop_name as shop_nam2_0_0_ from shop shop0_ where shop0_.shop_id=? for update
00:07:16.563 qrouter [Test worker] DEBUG o.h.l.p.b.i.spaces.QuerySpacesImpl -Adding QuerySpace : uid = <gen:0> -> org.hibernate.loader.plan.build.internal.spaces.EntityQuerySpaceImpl@2ea378]
00:07:16.563 qrouter [Test worker] DEBUG o.h.p.w.spi.MetamodelGraphWalker -Visiting attribute path : shopAddress
00:07:16.564 qrouter [Test worker] DEBUG o.h.l.p.b.i.spaces.QuerySpacesImpl -Adding QuerySpace : uid = <gen:1> -> org.hibernate.loader.plan.build.internal.spaces.EntityQuerySpaceImpl@1342a8b]
00:07:16.564 qrouter [Test worker] DEBUG o.h.p.w.spi.MetamodelGraphWalker -Visiting attribute path : shopName
00:07:16.565 qrouter [Test worker] DEBUG o.h.l.p.b.i.FetchStyleLoadPlanBuildingAssociationVisitationStrategy -Building LoadPlan...
00:07:16.565 qrouter [Test worker] DEBUG o.h.l.p.e.i.LoadQueryJoinAndFetchProcessor -processing queryspace <gen:0>
00:07:16.567 qrouter [Test worker] DEBUG o.h.l.p.b.spi.LoadPlanTreePrinter -LoadPlan(entity=shop.retail.models.Shop)
    - Returns
       - EntityReturnImpl(entity=shop.retail.models.Shop, querySpaceUid=<gen:0>, path=shop.retail.models.Shop)
          - EntityAttributeFetchImpl(entity=shop.retail.models.ShopAddress, querySpaceUid=<gen:1>, path=shop.retail.models.Shop.shopAddress)
    - QuerySpaces
       - EntityQuerySpaceImpl(uid=<gen:0>, entity=shop.retail.models.Shop)
          - SQL table alias mapping - shop0_
          - alias suffix - 0_
          - suffixed key columns - {shop_id1_0_0_}

00:07:16.568 qrouter [Test worker] DEBUG o.h.loader.entity.plan.EntityLoader -Static select for entity shop.retail.models.Shop [OPTIMISTIC]: select shop0_.shop_id as shop_id1_0_0_, shop0_.shop_address_id as shop_add3_0_0_, shop0_.shop_name as shop_nam2_0_0_ from shop shop0_ where shop0_.shop_id=?
00:07:16.568 qrouter [Test worker] DEBUG o.h.l.p.b.i.spaces.QuerySpacesImpl -Adding QuerySpace : uid = <gen:0> -> org.hibernate.loader.plan.build.internal.spaces.EntityQuerySpaceImpl@7fd900]
00:07:16.569 qrouter [Test worker] DEBUG o.h.p.w.spi.MetamodelGraphWalker -Visiting attribute path : shopAddress
00:07:16.569 qrouter [Test worker] DEBUG o.h.l.p.b.i.spaces.QuerySpacesImpl -Adding QuerySpace : uid = <gen:1> -> org.hibernate.loader.plan.build.internal.spaces.EntityQuerySpaceImpl@21c30c]
00:07:16.570 qrouter [Test worker] DEBUG o.h.p.w.spi.MetamodelGraphWalker -Visiting attribute path : shopName
00:07:16.570 qrouter [Test worker] DEBUG o.h.l.p.b.i.FetchStyleLoadPlanBuildingAssociationVisitationStrategy -Building LoadPlan...
00:07:16.571 qrouter [Test worker] DEBUG o.h.l.p.e.i.LoadQueryJoinAndFetchProcessor -processing queryspace <gen:0>
00:07:16.573 qrouter [Test worker] DEBUG o.h.l.p.b.spi.LoadPlanTreePrinter -LoadPlan(entity=shop.retail.models.Shop)
    - Returns
       - EntityReturnImpl(entity=shop.retail.models.Shop, querySpaceUid=<gen:0>, path=shop.retail.models.Shop)
          - EntityAttributeFetchImpl(entity=shop.retail.models.ShopAddress, querySpaceUid=<gen:1>, path=shop.retail.models.Shop.shopAddress)
    - QuerySpaces
       - EntityQuerySpaceImpl(uid=<gen:0>, entity=shop.retail.models.Shop)
          - SQL table alias mapping - shop0_
          - alias suffix - 0_
          - suffixed key columns - {shop_id1_0_0_}

00:07:16.573 qrouter [Test worker] DEBUG o.h.loader.entity.plan.EntityLoader -Static select for entity shop.retail.models.Shop [OPTIMISTIC_FORCE_INCREMENT]: select shop0_.shop_id as shop_id1_0_0_, shop0_.shop_address_id as shop_add3_0_0_, shop0_.shop_name as shop_nam2_0_0_ from shop shop0_ where shop0_.shop_id=?
00:07:16.712 qrouter [Test worker] DEBUG org.hibernate.loader.Loader -Static select for action ACTION_MERGE on entity shop.retail.models.Shop: select shop0_.shop_id as shop_id1_0_1_, shop0_.shop_address_id as shop_add3_0_1_, shop0_.shop_name as shop_nam2_0_1_, shopaddres1_.id as id1_1_0_, shopaddres1_.number as number2_1_0_, shopaddres1_.post_code as post_cod3_1_0_, shopaddres1_.latitude as latitude4_1_0_, shopaddres1_.longitude as longitud5_1_0_ from shop shop0_ inner join shop_address shopaddres1_ on shop0_.shop_address_id=shopaddres1_.id where shop0_.shop_id=?
00:07:16.714 qrouter [Test worker] DEBUG org.hibernate.loader.Loader -Static select for action ACTION_REFRESH on entity shop.retail.models.Shop: select shop0_.shop_id as shop_id1_0_1_, shop0_.shop_address_id as shop_add3_0_1_, shop0_.shop_name as shop_nam2_0_1_, shopaddres1_.id as id1_1_0_, shopaddres1_.number as number2_1_0_, shopaddres1_.post_code as post_cod3_1_0_, shopaddres1_.latitude as latitude4_1_0_, shopaddres1_.longitude as longitud5_1_0_ from shop shop0_ inner join shop_address shopaddres1_ on shop0_.shop_address_id=shopaddres1_.id where shop0_.shop_id=?
00:07:16.715 qrouter [Test worker] DEBUG o.h.p.entity.AbstractEntityPersister -Static SQL for entity: shop.retail.models.ShopAddress
00:07:16.715 qrouter [Test worker] DEBUG o.h.p.entity.AbstractEntityPersister - Version select: select id from shop_address where id =?
00:07:16.716 qrouter [Test worker] DEBUG o.h.p.entity.AbstractEntityPersister - Snapshot select: select shopaddres_.id, shopaddres_.number as number2_1_, shopaddres_.post_code as post_cod3_1_, shopaddres_.latitude as latitude4_1_, shopaddres_.longitude as longitud5_1_ from shop_address shopaddres_ where shopaddres_.id=?
00:07:16.716 qrouter [Test worker] DEBUG o.h.p.entity.AbstractEntityPersister - Insert 0: insert into shop_address (number, post_code, latitude, longitude, id) values (?, ?, ?, ?, ?)
00:07:16.716 qrouter [Test worker] DEBUG o.h.p.entity.AbstractEntityPersister - Update 0: update shop_address set number=?, post_code=?, latitude=?, longitude=? where id=?
00:07:16.716 qrouter [Test worker] DEBUG o.h.p.entity.AbstractEntityPersister - Delete 0: delete from shop_address where id=?
00:07:16.717 qrouter [Test worker] DEBUG o.h.p.entity.AbstractEntityPersister - Identity insert: insert into shop_address (id, number, post_code, latitude, longitude) values (null, ?, ?, ?, ?)
00:07:16.717 qrouter [Test worker] DEBUG o.h.l.p.b.i.spaces.QuerySpacesImpl -Adding QuerySpace : uid = <gen:0> -> org.hibernate.loader.plan.build.internal.spaces.EntityQuerySpaceImpl@f221dc]
00:07:16.718 qrouter [Test worker] DEBUG o.h.p.w.spi.MetamodelGraphWalker -Visiting attribute path : number
00:07:16.718 qrouter [Test worker] DEBUG o.h.p.w.spi.MetamodelGraphWalker -Visiting attribute path : postCode
00:07:16.718 qrouter [Test worker] DEBUG o.h.p.w.spi.MetamodelGraphWalker -Visiting attribute path : shopLatitude
00:07:16.718 qrouter [Test worker] DEBUG o.h.p.w.spi.MetamodelGraphWalker -Visiting attribute path : shopLongitude
00:07:16.718 qrouter [Test worker] DEBUG o.h.l.p.b.i.FetchStyleLoadPlanBuildingAssociationVisitationStrategy -Building LoadPlan...
00:07:16.719 qrouter [Test worker] DEBUG o.h.l.p.e.i.LoadQueryJoinAndFetchProcessor -processing queryspace <gen:0>
00:07:16.720 qrouter [Test worker] DEBUG o.h.l.p.b.spi.LoadPlanTreePrinter -LoadPlan(entity=shop.retail.models.ShopAddress)
    - Returns
       - EntityReturnImpl(entity=shop.retail.models.ShopAddress, querySpaceUid=<gen:0>, path=shop.retail.models.ShopAddress)
    - QuerySpaces
       - EntityQuerySpaceImpl(uid=<gen:0>, entity=shop.retail.models.ShopAddress)
          - SQL table alias mapping - shopaddres0_
          - alias suffix - 0_
          - suffixed key columns - {id1_1_0_}

00:07:16.721 qrouter [Test worker] DEBUG o.h.loader.entity.plan.EntityLoader -Static select for entity shop.retail.models.ShopAddress [NONE]: select shopaddres0_.id as id1_1_0_, shopaddres0_.number as number2_1_0_, shopaddres0_.post_code as post_cod3_1_0_, shopaddres0_.latitude as latitude4_1_0_, shopaddres0_.longitude as longitud5_1_0_ from shop_address shopaddres0_ where shopaddres0_.id=?
00:07:16.721 qrouter [Test worker] DEBUG o.h.l.p.b.i.spaces.QuerySpacesImpl -Adding QuerySpace : uid = <gen:0> -> org.hibernate.loader.plan.build.internal.spaces.EntityQuerySpaceImpl@6df0c1]
00:07:16.722 qrouter [Test worker] DEBUG o.h.p.w.spi.MetamodelGraphWalker -Visiting attribute path : number
00:07:16.722 qrouter [Test worker] DEBUG o.h.p.w.spi.MetamodelGraphWalker -Visiting attribute path : postCode
00:07:16.722 qrouter [Test worker] DEBUG o.h.p.w.spi.MetamodelGraphWalker -Visiting attribute path : shopLatitude
00:07:16.722 qrouter [Test worker] DEBUG o.h.p.w.spi.MetamodelGraphWalker -Visiting attribute path : shopLongitude
00:07:16.723 qrouter [Test worker] DEBUG o.h.l.p.b.i.FetchStyleLoadPlanBuildingAssociationVisitationStrategy -Building LoadPlan...
00:07:16.723 qrouter [Test worker] DEBUG o.h.l.p.e.i.LoadQueryJoinAndFetchProcessor -processing queryspace <gen:0>
00:07:16.724 qrouter [Test worker] DEBUG o.h.l.p.b.spi.LoadPlanTreePrinter -LoadPlan(entity=shop.retail.models.ShopAddress)
    - Returns
       - EntityReturnImpl(entity=shop.retail.models.ShopAddress, querySpaceUid=<gen:0>, path=shop.retail.models.ShopAddress)
    - QuerySpaces
       - EntityQuerySpaceImpl(uid=<gen:0>, entity=shop.retail.models.ShopAddress)
          - SQL table alias mapping - shopaddres0_
          - alias suffix - 0_
          - suffixed key columns - {id1_1_0_}

00:07:16.725 qrouter [Test worker] DEBUG o.h.loader.entity.plan.EntityLoader -Static select for entity shop.retail.models.ShopAddress [READ]: select shopaddres0_.id as id1_1_0_, shopaddres0_.number as number2_1_0_, shopaddres0_.post_code as post_cod3_1_0_, shopaddres0_.latitude as latitude4_1_0_, shopaddres0_.longitude as longitud5_1_0_ from shop_address shopaddres0_ where shopaddres0_.id=?
00:07:16.725 qrouter [Test worker] DEBUG o.h.l.p.b.i.spaces.QuerySpacesImpl -Adding QuerySpace : uid = <gen:0> -> org.hibernate.loader.plan.build.internal.spaces.EntityQuerySpaceImpl@1743355]
00:07:16.726 qrouter [Test worker] DEBUG o.h.p.w.spi.MetamodelGraphWalker -Visiting attribute path : number
00:07:16.726 qrouter [Test worker] DEBUG o.h.p.w.spi.MetamodelGraphWalker -Visiting attribute path : postCode
00:07:16.726 qrouter [Test worker] DEBUG o.h.p.w.spi.MetamodelGraphWalker -Visiting attribute path : shopLatitude
00:07:16.726 qrouter [Test worker] DEBUG o.h.p.w.spi.MetamodelGraphWalker -Visiting attribute path : shopLongitude
00:07:16.727 qrouter [Test worker] DEBUG o.h.l.p.b.i.FetchStyleLoadPlanBuildingAssociationVisitationStrategy -Building LoadPlan...
00:07:16.727 qrouter [Test worker] DEBUG o.h.l.p.e.i.LoadQueryJoinAndFetchProcessor -processing queryspace <gen:0>
00:07:16.728 qrouter [Test worker] DEBUG o.h.l.p.b.spi.LoadPlanTreePrinter -LoadPlan(entity=shop.retail.models.ShopAddress)
    - Returns
       - EntityReturnImpl(entity=shop.retail.models.ShopAddress, querySpaceUid=<gen:0>, path=shop.retail.models.ShopAddress)
    - QuerySpaces
       - EntityQuerySpaceImpl(uid=<gen:0>, entity=shop.retail.models.ShopAddress)
          - SQL table alias mapping - shopaddres0_
          - alias suffix - 0_
          - suffixed key columns - {id1_1_0_}

00:07:16.730 qrouter [Test worker] DEBUG o.h.loader.entity.plan.EntityLoader -Static select for entity shop.retail.models.ShopAddress [UPGRADE]: select shopaddres0_.id as id1_1_0_, shopaddres0_.number as number2_1_0_, shopaddres0_.post_code as post_cod3_1_0_, shopaddres0_.latitude as latitude4_1_0_, shopaddres0_.longitude as longitud5_1_0_ from shop_address shopaddres0_ where shopaddres0_.id=? for update
00:07:16.731 qrouter [Test worker] DEBUG o.h.l.p.b.i.spaces.QuerySpacesImpl -Adding QuerySpace : uid = <gen:0> -> org.hibernate.loader.plan.build.internal.spaces.EntityQuerySpaceImpl@1fa836d]
00:07:16.731 qrouter [Test worker] DEBUG o.h.p.w.spi.MetamodelGraphWalker -Visiting attribute path : number
00:07:16.731 qrouter [Test worker] DEBUG o.h.p.w.spi.MetamodelGraphWalker -Visiting attribute path : postCode
00:07:16.731 qrouter [Test worker] DEBUG o.h.p.w.spi.MetamodelGraphWalker -Visiting attribute path : shopLatitude
00:07:16.732 qrouter [Test worker] DEBUG o.h.p.w.spi.MetamodelGraphWalker -Visiting attribute path : shopLongitude
00:07:16.732 qrouter [Test worker] DEBUG o.h.l.p.b.i.FetchStyleLoadPlanBuildingAssociationVisitationStrategy -Building LoadPlan...
00:07:16.733 qrouter [Test worker] DEBUG o.h.l.p.e.i.LoadQueryJoinAndFetchProcessor -processing queryspace <gen:0>
00:07:16.733 qrouter [Test worker] DEBUG o.h.l.p.b.spi.LoadPlanTreePrinter -LoadPlan(entity=shop.retail.models.ShopAddress)
    - Returns
       - EntityReturnImpl(entity=shop.retail.models.ShopAddress, querySpaceUid=<gen:0>, path=shop.retail.models.ShopAddress)
    - QuerySpaces
       - EntityQuerySpaceImpl(uid=<gen:0>, entity=shop.retail.models.ShopAddress)
          - SQL table alias mapping - shopaddres0_
          - alias suffix - 0_
          - suffixed key columns - {id1_1_0_}

00:07:16.734 qrouter [Test worker] DEBUG o.h.loader.entity.plan.EntityLoader -Static select for entity shop.retail.models.ShopAddress [UPGRADE_NOWAIT]: select shopaddres0_.id as id1_1_0_, shopaddres0_.number as number2_1_0_, shopaddres0_.post_code as post_cod3_1_0_, shopaddres0_.latitude as latitude4_1_0_, shopaddres0_.longitude as longitud5_1_0_ from shop_address shopaddres0_ where shopaddres0_.id=? for update
00:07:16.735 qrouter [Test worker] DEBUG o.h.l.p.b.i.spaces.QuerySpacesImpl -Adding QuerySpace : uid = <gen:0> -> org.hibernate.loader.plan.build.internal.spaces.EntityQuerySpaceImpl@143b622]
00:07:16.735 qrouter [Test worker] DEBUG o.h.p.w.spi.MetamodelGraphWalker -Visiting attribute path : number
00:07:16.735 qrouter [Test worker] DEBUG o.h.p.w.spi.MetamodelGraphWalker -Visiting attribute path : postCode
00:07:16.735 qrouter [Test worker] DEBUG o.h.p.w.spi.MetamodelGraphWalker -Visiting attribute path : shopLatitude
00:07:16.736 qrouter [Test worker] DEBUG o.h.p.w.spi.MetamodelGraphWalker -Visiting attribute path : shopLongitude
00:07:16.736 qrouter [Test worker] DEBUG o.h.l.p.b.i.FetchStyleLoadPlanBuildingAssociationVisitationStrategy -Building LoadPlan...
00:07:16.737 qrouter [Test worker] DEBUG o.h.l.p.e.i.LoadQueryJoinAndFetchProcessor -processing queryspace <gen:0>
00:07:16.738 qrouter [Test worker] DEBUG o.h.l.p.b.spi.LoadPlanTreePrinter -LoadPlan(entity=shop.retail.models.ShopAddress)
    - Returns
       - EntityReturnImpl(entity=shop.retail.models.ShopAddress, querySpaceUid=<gen:0>, path=shop.retail.models.ShopAddress)
    - QuerySpaces
       - EntityQuerySpaceImpl(uid=<gen:0>, entity=shop.retail.models.ShopAddress)
          - SQL table alias mapping - shopaddres0_
          - alias suffix - 0_
          - suffixed key columns - {id1_1_0_}

00:07:16.738 qrouter [Test worker] DEBUG o.h.loader.entity.plan.EntityLoader -Static select for entity shop.retail.models.ShopAddress [UPGRADE_SKIPLOCKED]: select shopaddres0_.id as id1_1_0_, shopaddres0_.number as number2_1_0_, shopaddres0_.post_code as post_cod3_1_0_, shopaddres0_.latitude as latitude4_1_0_, shopaddres0_.longitude as longitud5_1_0_ from shop_address shopaddres0_ where shopaddres0_.id=? for update
00:07:16.739 qrouter [Test worker] DEBUG o.h.l.p.b.i.spaces.QuerySpacesImpl -Adding QuerySpace : uid = <gen:0> -> org.hibernate.loader.plan.build.internal.spaces.EntityQuerySpaceImpl@e738d0]
00:07:16.739 qrouter [Test worker] DEBUG o.h.p.w.spi.MetamodelGraphWalker -Visiting attribute path : number
00:07:16.739 qrouter [Test worker] DEBUG o.h.p.w.spi.MetamodelGraphWalker -Visiting attribute path : postCode
00:07:16.740 qrouter [Test worker] DEBUG o.h.p.w.spi.MetamodelGraphWalker -Visiting attribute path : shopLatitude
00:07:16.740 qrouter [Test worker] DEBUG o.h.p.w.spi.MetamodelGraphWalker -Visiting attribute path : shopLongitude
00:07:16.740 qrouter [Test worker] DEBUG o.h.l.p.b.i.FetchStyleLoadPlanBuildingAssociationVisitationStrategy -Building LoadPlan...
00:07:16.741 qrouter [Test worker] DEBUG o.h.l.p.e.i.LoadQueryJoinAndFetchProcessor -processing queryspace <gen:0>
00:07:16.741 qrouter [Test worker] DEBUG o.h.l.p.b.spi.LoadPlanTreePrinter -LoadPlan(entity=shop.retail.models.ShopAddress)
    - Returns
       - EntityReturnImpl(entity=shop.retail.models.ShopAddress, querySpaceUid=<gen:0>, path=shop.retail.models.ShopAddress)
    - QuerySpaces
       - EntityQuerySpaceImpl(uid=<gen:0>, entity=shop.retail.models.ShopAddress)
          - SQL table alias mapping - shopaddres0_
          - alias suffix - 0_
          - suffixed key columns - {id1_1_0_}

00:07:16.742 qrouter [Test worker] DEBUG o.h.loader.entity.plan.EntityLoader -Static select for entity shop.retail.models.ShopAddress [FORCE]: select shopaddres0_.id as id1_1_0_, shopaddres0_.number as number2_1_0_, shopaddres0_.post_code as post_cod3_1_0_, shopaddres0_.latitude as latitude4_1_0_, shopaddres0_.longitude as longitud5_1_0_ from shop_address shopaddres0_ where shopaddres0_.id=? for update
00:07:16.743 qrouter [Test worker] DEBUG o.h.l.p.b.i.spaces.QuerySpacesImpl -Adding QuerySpace : uid = <gen:0> -> org.hibernate.loader.plan.build.internal.spaces.EntityQuerySpaceImpl@1e965aa]
00:07:16.743 qrouter [Test worker] DEBUG o.h.p.w.spi.MetamodelGraphWalker -Visiting attribute path : number
00:07:16.743 qrouter [Test worker] DEBUG o.h.p.w.spi.MetamodelGraphWalker -Visiting attribute path : postCode
00:07:16.743 qrouter [Test worker] DEBUG o.h.p.w.spi.MetamodelGraphWalker -Visiting attribute path : shopLatitude
00:07:16.743 qrouter [Test worker] DEBUG o.h.p.w.spi.MetamodelGraphWalker -Visiting attribute path : shopLongitude
00:07:16.744 qrouter [Test worker] DEBUG o.h.l.p.b.i.FetchStyleLoadPlanBuildingAssociationVisitationStrategy -Building LoadPlan...
00:07:16.744 qrouter [Test worker] DEBUG o.h.l.p.e.i.LoadQueryJoinAndFetchProcessor -processing queryspace <gen:0>
00:07:16.745 qrouter [Test worker] DEBUG o.h.l.p.b.spi.LoadPlanTreePrinter -LoadPlan(entity=shop.retail.models.ShopAddress)
    - Returns
       - EntityReturnImpl(entity=shop.retail.models.ShopAddress, querySpaceUid=<gen:0>, path=shop.retail.models.ShopAddress)
    - QuerySpaces
       - EntityQuerySpaceImpl(uid=<gen:0>, entity=shop.retail.models.ShopAddress)
          - SQL table alias mapping - shopaddres0_
          - alias suffix - 0_
          - suffixed key columns - {id1_1_0_}

00:07:16.746 qrouter [Test worker] DEBUG o.h.loader.entity.plan.EntityLoader -Static select for entity shop.retail.models.ShopAddress [PESSIMISTIC_READ]: select shopaddres0_.id as id1_1_0_, shopaddres0_.number as number2_1_0_, shopaddres0_.post_code as post_cod3_1_0_, shopaddres0_.latitude as latitude4_1_0_, shopaddres0_.longitude as longitud5_1_0_ from shop_address shopaddres0_ where shopaddres0_.id=? for update
00:07:16.746 qrouter [Test worker] DEBUG o.h.l.p.b.i.spaces.QuerySpacesImpl -Adding QuerySpace : uid = <gen:0> -> org.hibernate.loader.plan.build.internal.spaces.EntityQuerySpaceImpl@818148]
00:07:16.747 qrouter [Test worker] DEBUG o.h.p.w.spi.MetamodelGraphWalker -Visiting attribute path : number
00:07:16.747 qrouter [Test worker] DEBUG o.h.p.w.spi.MetamodelGraphWalker -Visiting attribute path : postCode
00:07:16.747 qrouter [Test worker] DEBUG o.h.p.w.spi.MetamodelGraphWalker -Visiting attribute path : shopLatitude
00:07:16.748 qrouter [Test worker] DEBUG o.h.p.w.spi.MetamodelGraphWalker -Visiting attribute path : shopLongitude
00:07:16.748 qrouter [Test worker] DEBUG o.h.l.p.b.i.FetchStyleLoadPlanBuildingAssociationVisitationStrategy -Building LoadPlan...
00:07:16.749 qrouter [Test worker] DEBUG o.h.l.p.e.i.LoadQueryJoinAndFetchProcessor -processing queryspace <gen:0>
00:07:16.750 qrouter [Test worker] DEBUG o.h.l.p.b.spi.LoadPlanTreePrinter -LoadPlan(entity=shop.retail.models.ShopAddress)
    - Returns
       - EntityReturnImpl(entity=shop.retail.models.ShopAddress, querySpaceUid=<gen:0>, path=shop.retail.models.ShopAddress)
    - QuerySpaces
       - EntityQuerySpaceImpl(uid=<gen:0>, entity=shop.retail.models.ShopAddress)
          - SQL table alias mapping - shopaddres0_
          - alias suffix - 0_
          - suffixed key columns - {id1_1_0_}

00:07:16.750 qrouter [Test worker] DEBUG o.h.loader.entity.plan.EntityLoader -Static select for entity shop.retail.models.ShopAddress [PESSIMISTIC_WRITE]: select shopaddres0_.id as id1_1_0_, shopaddres0_.number as number2_1_0_, shopaddres0_.post_code as post_cod3_1_0_, shopaddres0_.latitude as latitude4_1_0_, shopaddres0_.longitude as longitud5_1_0_ from shop_address shopaddres0_ where shopaddres0_.id=? for update
00:07:16.751 qrouter [Test worker] DEBUG o.h.l.p.b.i.spaces.QuerySpacesImpl -Adding QuerySpace : uid = <gen:0> -> org.hibernate.loader.plan.build.internal.spaces.EntityQuerySpaceImpl@efbe3]
00:07:16.751 qrouter [Test worker] DEBUG o.h.p.w.spi.MetamodelGraphWalker -Visiting attribute path : number
00:07:16.752 qrouter [Test worker] DEBUG o.h.p.w.spi.MetamodelGraphWalker -Visiting attribute path : postCode
00:07:16.752 qrouter [Test worker] DEBUG o.h.p.w.spi.MetamodelGraphWalker -Visiting attribute path : shopLatitude
00:07:16.752 qrouter [Test worker] DEBUG o.h.p.w.spi.MetamodelGraphWalker -Visiting attribute path : shopLongitude
00:07:16.752 qrouter [Test worker] DEBUG o.h.l.p.b.i.FetchStyleLoadPlanBuildingAssociationVisitationStrategy -Building LoadPlan...
00:07:16.753 qrouter [Test worker] DEBUG o.h.l.p.e.i.LoadQueryJoinAndFetchProcessor -processing queryspace <gen:0>
00:07:16.754 qrouter [Test worker] DEBUG o.h.l.p.b.spi.LoadPlanTreePrinter -LoadPlan(entity=shop.retail.models.ShopAddress)
    - Returns
       - EntityReturnImpl(entity=shop.retail.models.ShopAddress, querySpaceUid=<gen:0>, path=shop.retail.models.ShopAddress)
    - QuerySpaces
       - EntityQuerySpaceImpl(uid=<gen:0>, entity=shop.retail.models.ShopAddress)
          - SQL table alias mapping - shopaddres0_
          - alias suffix - 0_
          - suffixed key columns - {id1_1_0_}

00:07:16.755 qrouter [Test worker] DEBUG o.h.loader.entity.plan.EntityLoader -Static select for entity shop.retail.models.ShopAddress [PESSIMISTIC_FORCE_INCREMENT]: select shopaddres0_.id as id1_1_0_, shopaddres0_.number as number2_1_0_, shopaddres0_.post_code as post_cod3_1_0_, shopaddres0_.latitude as latitude4_1_0_, shopaddres0_.longitude as longitud5_1_0_ from shop_address shopaddres0_ where shopaddres0_.id=? for update
00:07:16.756 qrouter [Test worker] DEBUG o.h.l.p.b.i.spaces.QuerySpacesImpl -Adding QuerySpace : uid = <gen:0> -> org.hibernate.loader.plan.build.internal.spaces.EntityQuerySpaceImpl@1bda5d0]
00:07:16.756 qrouter [Test worker] DEBUG o.h.p.w.spi.MetamodelGraphWalker -Visiting attribute path : number
00:07:16.757 qrouter [Test worker] DEBUG o.h.p.w.spi.MetamodelGraphWalker -Visiting attribute path : postCode
00:07:16.757 qrouter [Test worker] DEBUG o.h.p.w.spi.MetamodelGraphWalker -Visiting attribute path : shopLatitude
00:07:16.757 qrouter [Test worker] DEBUG o.h.p.w.spi.MetamodelGraphWalker -Visiting attribute path : shopLongitude
00:07:16.758 qrouter [Test worker] DEBUG o.h.l.p.b.i.FetchStyleLoadPlanBuildingAssociationVisitationStrategy -Building LoadPlan...
00:07:16.759 qrouter [Test worker] DEBUG o.h.l.p.e.i.LoadQueryJoinAndFetchProcessor -processing queryspace <gen:0>
00:07:16.760 qrouter [Test worker] DEBUG o.h.l.p.b.spi.LoadPlanTreePrinter -LoadPlan(entity=shop.retail.models.ShopAddress)
    - Returns
       - EntityReturnImpl(entity=shop.retail.models.ShopAddress, querySpaceUid=<gen:0>, path=shop.retail.models.ShopAddress)
    - QuerySpaces
       - EntityQuerySpaceImpl(uid=<gen:0>, entity=shop.retail.models.ShopAddress)
          - SQL table alias mapping - shopaddres0_
          - alias suffix - 0_
          - suffixed key columns - {id1_1_0_}

00:07:16.760 qrouter [Test worker] DEBUG o.h.loader.entity.plan.EntityLoader -Static select for entity shop.retail.models.ShopAddress [OPTIMISTIC]: select shopaddres0_.id as id1_1_0_, shopaddres0_.number as number2_1_0_, shopaddres0_.post_code as post_cod3_1_0_, shopaddres0_.latitude as latitude4_1_0_, shopaddres0_.longitude as longitud5_1_0_ from shop_address shopaddres0_ where shopaddres0_.id=?
00:07:16.761 qrouter [Test worker] DEBUG o.h.l.p.b.i.spaces.QuerySpacesImpl -Adding QuerySpace : uid = <gen:0> -> org.hibernate.loader.plan.build.internal.spaces.EntityQuerySpaceImpl@3c48e3]
00:07:16.762 qrouter [Test worker] DEBUG o.h.p.w.spi.MetamodelGraphWalker -Visiting attribute path : number
00:07:16.762 qrouter [Test worker] DEBUG o.h.p.w.spi.MetamodelGraphWalker -Visiting attribute path : postCode
00:07:16.762 qrouter [Test worker] DEBUG o.h.p.w.spi.MetamodelGraphWalker -Visiting attribute path : shopLatitude
00:07:16.762 qrouter [Test worker] DEBUG o.h.p.w.spi.MetamodelGraphWalker -Visiting attribute path : shopLongitude
00:07:16.763 qrouter [Test worker] DEBUG o.h.l.p.b.i.FetchStyleLoadPlanBuildingAssociationVisitationStrategy -Building LoadPlan...
00:07:16.763 qrouter [Test worker] DEBUG o.h.l.p.e.i.LoadQueryJoinAndFetchProcessor -processing queryspace <gen:0>
00:07:16.764 qrouter [Test worker] DEBUG o.h.l.p.b.spi.LoadPlanTreePrinter -LoadPlan(entity=shop.retail.models.ShopAddress)
    - Returns
       - EntityReturnImpl(entity=shop.retail.models.ShopAddress, querySpaceUid=<gen:0>, path=shop.retail.models.ShopAddress)
    - QuerySpaces
       - EntityQuerySpaceImpl(uid=<gen:0>, entity=shop.retail.models.ShopAddress)
          - SQL table alias mapping - shopaddres0_
          - alias suffix - 0_
          - suffixed key columns - {id1_1_0_}

00:07:16.765 qrouter [Test worker] DEBUG o.h.loader.entity.plan.EntityLoader -Static select for entity shop.retail.models.ShopAddress [OPTIMISTIC_FORCE_INCREMENT]: select shopaddres0_.id as id1_1_0_, shopaddres0_.number as number2_1_0_, shopaddres0_.post_code as post_cod3_1_0_, shopaddres0_.latitude as latitude4_1_0_, shopaddres0_.longitude as longitud5_1_0_ from shop_address shopaddres0_ where shopaddres0_.id=?
00:07:16.766 qrouter [Test worker] DEBUG org.hibernate.loader.Loader -Static select for action ACTION_MERGE on entity shop.retail.models.ShopAddress: select shopaddres0_.id as id1_1_0_, shopaddres0_.number as number2_1_0_, shopaddres0_.post_code as post_cod3_1_0_, shopaddres0_.latitude as latitude4_1_0_, shopaddres0_.longitude as longitud5_1_0_ from shop_address shopaddres0_ where shopaddres0_.id=?
00:07:16.767 qrouter [Test worker] DEBUG org.hibernate.loader.Loader -Static select for action ACTION_REFRESH on entity shop.retail.models.ShopAddress: select shopaddres0_.id as id1_1_0_, shopaddres0_.number as number2_1_0_, shopaddres0_.post_code as post_cod3_1_0_, shopaddres0_.latitude as latitude4_1_0_, shopaddres0_.longitude as longitud5_1_0_ from shop_address shopaddres0_ where shopaddres0_.id=?
00:07:16.767 qrouter [Test worker] DEBUG o.h.internal.SessionFactoryImpl -Instantiated session factory
00:07:16.785 qrouter [Test worker] INFO  o.h.tool.hbm2ddl.SchemaUpdate -HHH000228: Running hbm2ddl schema update
00:07:16.944 qrouter [Test worker] DEBUG org.hibernate.mapping.Table -No alter strings for table : shop
00:07:16.982 qrouter [Test worker] DEBUG org.hibernate.mapping.Table -No alter strings for table : shop_address
00:07:17.048 qrouter [Test worker] DEBUG o.h.internal.NamedQueryRepository -Checking 0 named HQL queries
00:07:17.049 qrouter [Test worker] DEBUG o.h.internal.NamedQueryRepository -Checking 0 named SQL queries
00:07:17.061 qrouter [Test worker] DEBUG o.h.internal.SessionFactoryRegistry -Initializing SessionFactoryRegistry : org.hibernate.internal.SessionFactoryRegistry@4f5815
00:07:17.062 qrouter [Test worker] DEBUG o.h.internal.SessionFactoryRegistry -Registering SessionFactory: f8f9bade-53f5-48a8-ab2a-9ccfc6899f15 (<unnamed>)
00:07:17.063 qrouter [Test worker] DEBUG o.h.internal.SessionFactoryRegistry -Not binding SessionFactory to JNDI, no JNDI name configured
00:07:17.091 qrouter [Test worker] DEBUG o.h.j.i.schemagen.JpaSchemaGenerator -No actions specified; doing nothing
00:07:17.344 qrouter [Test worker] DEBUG o.h.j.i.EntityManagerFactoryRegistry -Initializing EntityManagerFactoryRegistry : org.hibernate.jpa.internal.EntityManagerFactoryRegistry@51aba6
00:07:17.345 qrouter [Test worker] DEBUG o.h.j.i.EntityManagerFactoryRegistry -Registering EntityManagerFactory: default 
00:07:17.345 qrouter [Test worker] INFO  o.s.o.j.LocalContainerEntityManagerFactoryBean -Initialized JPA EntityManagerFactory for persistence unit 'default'
00:07:17.359 qrouter [Test worker] DEBUG o.s.b.f.s.DefaultListableBeanFactory -Returning cached instance of singleton bean 'org.springframework.transaction.config.internalTransactionAdvisor'
00:07:17.359 qrouter [Test worker] DEBUG o.s.b.f.s.DefaultListableBeanFactory -Returning cached instance of singleton bean 'org.springframework.transaction.config.internalTransactionAdvisor'
00:07:17.364 qrouter [Test worker] DEBUG o.s.b.f.s.DefaultListableBeanFactory -Finished creating instance of bean 'entityManagerFactory'
00:07:17.366 qrouter [Test worker] DEBUG o.s.b.f.s.DefaultListableBeanFactory -Pre-instantiating singletons in org.springframework.beans.factory.support.DefaultListableBeanFactory@1b7543b: defining beans [org.springframework.boot.test.mock.mockito.MockitoPostProcessor$SpyPostProcessor,org.springframework.boot.test.mock.mockito.MockitoPostProcessor,org.springframework.context.annotation.internalConfigurationAnnotationProcessor,org.springframework.context.annotation.internalAutowiredAnnotationProcessor,org.springframework.context.annotation.internalRequiredAnnotationProcessor,org.springframework.context.annotation.internalCommonAnnotationProcessor,org.springframework.context.annotation.internalPersistenceAnnotationProcessor,org.springframework.context.event.internalEventListenerProcessor,org.springframework.context.event.internalEventListenerFactory,applicationLauncher,org.springframework.boot.autoconfigure.internalCachingMetadataReaderFactory,shopLocatorTestConfiguration,retailShopController,retailShopDaoImpl,restExceptionHandler,shopLocatorImpl,swaggerTest,swagger2ParameterNameReader,swagger2Controller,licenseMapperImpl,modelMapperImpl,parameterMapperImpl,securityMapperImpl,serviceModelToSwagger2MapperImpl,vendorExtensionsMapperImpl,apiDescriptionReader,apiDocumentationScanner,apiListingReferenceScanner,apiListingScanner,apiModelReader,mediaTypeReader,apiOperationReader,cachingOperationNameGenerator,defaultOperationReader,operationDeprecatedReader,operationModelsProvider,operationParameterReader,operationParameterRequestConditionReader,operationResponseClassReader,operationTagsReader,responseMessagesReader,expandedParameterBuilder,modelAttributeParameterExpander,parameterDataTypeReader,parameterDefaultReader,parameterMultiplesReader,parameterNameReader,parameterRequiredReader,parameterTypeReader,documentationPluginsBootstrapper,documentationPluginsManager,webMvcRequestHandlerProvider,operationPathDecorator,pathMappingDecorator,pathSanitizer,queryStringUriTemplateDecorator,defaultModelProvider,modelContextKeyGenerator,modelDependencyProvider,typeNameExtractor,schemaPluginsManager,default,modelPropertiesKeyGenerator,objectMapperBeanPropertyNamingStrategy,optimized,accessorsProvider,beanModelPropertyProvider,constructorModelPropertyProvider,fieldModelPropertyProvider,fieldProvider,apiModelBuilder,apiModelPropertyPropertyBuilder,apiModelTypeNameProvider,operationAuthReader,operationHiddenReader,operationHttpMethodReader,operationImplicitParameterReader,operationImplicitParametersReader,operationNicknameIntoUniqueIdReader,operationNotesReader,operationPositionReader,operationSummaryReader,swaggerMediaTypeReader,swaggerOperationModelsProvider,swaggerOperationResponseClassReader,swaggerResponseMessageReader,vendorExtensionsReader,swaggerParameterAccessReader,swaggerParameterAllowableReader,swaggerParameterDefaultReader,swaggerParameterDescriptionReader,swaggerParameterMultiplesReader,swaggerParameterRequiredReader,swaggerExpandedParameterBuilder,apiResourceController,classOrApiAnnotationResourceGrouping,shopLocator,retailShopDao,propertiesResolver,springfox.documentation.schema.configuration.ModelsConfiguration,typeResolver,modelsCache,modelDependenciesCache,modelPropertiesCache,modelBuilderPluginRegistry,modelPropertyBuilderPluginRegistry,typeNameProviderPluginRegistry,springfox.documentation.spring.web.SpringMvcDocumentationConfiguration,defaults,resourceGroupCache,objectMapperConfigurer,jsonSerializer,operationsKeyGenerator,operationsCache,documentationPluginRegistry,apiListingBuilderPluginRegistry,operationBuilderPluginRegistry,parameterBuilderPluginRegistry,expandedParameterBuilderPluginRegistry,resourceGroupingStrategyRegistry,operationModelsProviderPluginRegistry,defaultsProviderPluginRegistry,pathDecoratorRegistry,springfox.documentation.swagger.configuration.SwaggerCommonConfiguration,swaggerProperties,springfox.documentation.swagger2.configuration.Swagger2DocumentationConfiguration,swagger2Module,postsApi,org.springframework.boot.autoconfigure.AutoConfigurationPackages,org.springframework.boot.autoconfigure.condition.BeanTypeRegistry,org.springframework.boot.autoconfigure.context.MessageSourceAutoConfiguration,messageSource,org.springframework.boot.context.properties.ConfigurationPropertiesBindingPostProcessor,org.springframework.boot.context.properties.ConfigurationPropertiesBindingPostProcessor.store,org.springframework.boot.autoconfigure.context.PropertyPlaceholderAutoConfiguration,org.springframework.boot.autoconfigure.jackson.JacksonAutoConfiguration$Jackson2ObjectMapperBuilderCustomizerConfiguration,standardJacksonObjectMapperBuilderCustomizer,spring.jackson-org.springframework.boot.autoconfigure.jackson.JacksonProperties,org.springframework.boot.autoconfigure.jackson.JacksonAutoConfiguration$JacksonObjectMapperBuilderConfiguration,jacksonObjectMapperBuilder,org.springframework.boot.autoconfigure.jackson.JacksonAutoConfiguration$JacksonObjectMapperConfiguration,jacksonObjectMapper,org.springframework.boot.autoconfigure.jackson.JacksonAutoConfiguration,jsonComponentModule,org.springframework.boot.autoconfigure.websocket.WebSocketAutoConfiguration$TomcatWebSocketConfiguration,websocketContainerCustomizer,org.springframework.boot.autoconfigure.websocket.WebSocketAutoConfiguration,org.springframework.boot.autoconfigure.web.EmbeddedServletContainerAutoConfiguration$EmbeddedTomcat,tomcatEmbeddedServletContainerFactory,org.springframework.boot.autoconfigure.web.EmbeddedServletContainerAutoConfiguration,embeddedServletContainerCustomizerBeanPostProcessor,errorPageRegistrarBeanPostProcessor,org.springframework.boot.autoconfigure.web.DispatcherServletAutoConfiguration$DispatcherServletConfiguration,dispatcherServlet,spring.mvc-org.springframework.boot.autoconfigure.web.WebMvcProperties,org.springframework.boot.autoconfigure.web.DispatcherServletAutoConfiguration$DispatcherServletRegistrationConfiguration,dispatcherServletRegistration,org.springframework.boot.autoconfigure.web.DispatcherServletAutoConfiguration,org.springframework.boot.autoconfigure.validation.ValidationAutoConfiguration,defaultValidator,methodValidationPostProcessor,org.springframework.boot.autoconfigure.web.ErrorMvcAutoConfiguration$WhitelabelErrorViewConfiguration,error,beanNameViewResolver,org.springframework.boot.autoconfigure.web.ErrorMvcAutoConfiguration$DefaultErrorViewResolverConfiguration,conventionErrorViewResolver,org.springframework.boot.autoconfigure.web.ErrorMvcAutoConfiguration,errorAttributes,basicErrorController,errorPageCustomizer,preserveErrorControllerTargetClassPostProcessor,spring.resources-org.springframework.boot.autoconfigure.web.ResourceProperties,org.springframework.boot.autoconfigure.web.WebMvcAutoConfiguration$EnableWebMvcConfiguration,requestMappingHandlerAdapter,requestMappingHandlerMapping,mvcValidator,mvcContentNegotiationManager,mvcPathMatcher,mvcUrlPathHelper,viewControllerHandlerMapping,beanNameHandlerMapping,resourceHandlerMapping,mvcResourceUrlProvider,defaultServletHandlerMapping,mvcConversionService,mvcUriComponentsContributor,httpRequestHandlerAdapter,simpleControllerHandlerAdapter,handlerExceptionResolver,mvcViewResolver,org.springframework.boot.autoconfigure.web.WebMvcAutoConfiguration$WebMvcAutoConfigurationAdapter$FaviconConfiguration,faviconHandlerMapping,faviconRequestHandler,org.springframework.boot.autoconfigure.web.WebMvcAutoConfiguration$WebMvcAutoConfigurationAdapter,defaultViewResolver,viewResolver,welcomePageHandlerMapping,requestContextFilter,org.springframework.boot.autoconfigure.web.WebMvcAutoConfiguration,hiddenHttpMethodFilter,httpPutFormContentFilter,org.springframework.boot.autoconfigure.aop.AopAutoConfiguration$JdkDynamicAutoProxyConfiguration,org.springframework.aop.config.internalAutoProxyCreator,org.springframework.boot.autoconfigure.aop.AopAutoConfiguration,org.springframework.boot.autoconfigure.transaction.jta.JtaAutoConfiguration,spring.jta-org.springframework.boot.autoconfigure.transaction.jta.JtaProperties,org.springframework.boot.autoconfigure.jdbc.DataSourceConfiguration$Tomcat,dataSource,org.springframework.boot.autoconfigure.jdbc.DataSourceAutoConfiguration$PooledDataSourceConfiguration,org.springframework.boot.autoconfigure.jdbc.metadata.DataSourcePoolMetadataProvidersConfiguration$TomcatDataSourcePoolMetadataProviderConfiguration,tomcatPoolDataSourceMetadataProvider,org.springframework.boot.autoconfigure.jdbc.metadata.DataSourcePoolMetadataProvidersConfiguration,org.springframework.boot.autoconfigure.jdbc.DataSourceAutoConfiguration,dataSourceInitializer,spring.datasource-org.springframework.boot.autoconfigure.jdbc.DataSourceProperties,dataSourceInitializerPostProcessor,org.springframework.boot.autoconfigure.orm.jpa.JpaBaseConfiguration$JpaWebConfiguration$JpaWebMvcConfiguration,openEntityManagerInViewInterceptor,org.springframework.boot.autoconfigure.orm.jpa.JpaBaseConfiguration$JpaWebConfiguration,org.springframework.boot.autoconfigure.orm.jpa.HibernateJpaAutoConfiguration,transactionManager,jpaVendorAdapter,entityManagerFactoryBuilder,entityManagerFactory,spring.jpa-org.springframework.boot.autoconfigure.orm.jpa.JpaProperties,dataSourceInitializedPublisher,org.springframework.boot.autoconfigure.context.ConfigurationPropertiesAutoConfiguration,org.springframework.boot.autoconfigure.dao.PersistenceExceptionTranslationAutoConfiguration,persistenceExceptionTranslationPostProcessor,org.springframework.boot.autoconfigure.data.jpa.JpaRepositoriesAutoConfiguration,emBeanDefinitionRegistrarPostProcessor,jpaMappingContext,jpaContext,org.springframework.boot.autoconfigure.gson.GsonAutoConfiguration,gson,org.springframework.boot.autoconfigure.web.HttpMessageConvertersAutoConfiguration$StringHttpMessageConverterConfiguration,stringHttpMessageConverter,spring.http.encoding-org.springframework.boot.autoconfigure.web.HttpEncodingProperties,org.springframework.boot.autoconfigure.web.JacksonHttpMessageConvertersConfiguration$MappingJackson2HttpMessageConverterConfiguration,mappingJackson2HttpMessageConverter,org.springframework.boot.autoconfigure.web.JacksonHttpMessageConvertersConfiguration,org.springframework.boot.autoconfigure.web.GsonHttpMessageConvertersConfiguration,org.springframework.boot.autoconfigure.web.HttpMessageConvertersAutoConfiguration,messageConverters,org.springframework.data.web.config.HateoasAwareSpringDataWebConfiguration,pageableResolver,sortResolver,pagedResourcesAssembler,pagedResourcesAssemblerArgumentResolver,org.springframework.data.web.config.SpringDataJacksonConfiguration,jacksonGeoModule,org.springframework.boot.autoconfigure.data.web.SpringDataWebAutoConfiguration,org.springframework.boot.autoconfigure.h2.H2ConsoleAutoConfiguration,h2Console,spring.h2.console-org.springframework.boot.autoconfigure.h2.H2ConsoleProperties,org.springframework.boot.autoconfigure.hateoas.HypermediaAutoConfiguration$EntityLinksConfiguration,entityLinksPluginRegistry,controllerEntityLinks,delegatingEntityLinks,org.springframework.hateoas.config.HateoasConfiguration,linkRelationMessageSource,org.springframework.boot.autoconfigure.hateoas.HypermediaAutoConfiguration$HypermediaConfiguration,halObjectMapperConfigurer,org.springframework.hateoas.hal.HalLinkDiscoverer#0,_halObjectMapper,org.springframework.hateoas.config.HypermediaSupportBeanDefinitionRegistrar$DefaultObjectMapperCustomizer#0,org.springframework.hateoas.config.HypermediaSupportBeanDefinitionRegistrar$Jackson2ModuleRegisteringBeanPostProcessor#0,_linkDiscovererRegistry,org.springframework.hateoas.LinkDiscoverers#0,defaultRelProvider,annotationRelProvider,relProviderPluginRegistry,_relProvider,org.springframework.boot.autoconfigure.hateoas.HypermediaHttpMessageConverterConfiguration,halMessageConverterSupportedMediaTypeCustomizer,org.springframework.boot.autoconfigure.hateoas.HypermediaAutoConfiguration,spring.hateoas-org.springframework.boot.autoconfigure.hateoas.HateoasProperties,org.springframework.boot.autoconfigure.info.ProjectInfoAutoConfiguration,spring.info-org.springframework.boot.autoconfigure.info.ProjectInfoProperties,org.springframework.boot.autoconfigure.jdbc.DataSourceTransactionManagerAutoConfiguration$DataSourceTransactionManagerConfiguration,org.springframework.boot.autoconfigure.jdbc.DataSourceTransactionManagerAutoConfiguration,org.springframework.boot.autoconfigure.jdbc.JdbcTemplateAutoConfiguration,jdbcTemplate,namedParameterJdbcTemplate,org.springframework.transaction.annotation.ProxyTransactionManagementConfiguration,org.springframework.transaction.config.internalTransactionAdvisor,transactionAttributeSource,transactionInterceptor,org.springframework.transaction.config.internalTransactionalEventListenerFactory,org.springframework.boot.autoconfigure.transaction.TransactionAutoConfiguration$EnableTransactionManagementConfiguration$CglibAutoProxyConfiguration,org.springframework.boot.autoconfigure.transaction.TransactionAutoConfiguration$EnableTransactionManagementConfiguration,org.springframework.boot.autoconfigure.transaction.TransactionAutoConfiguration$TransactionTemplateConfiguration,transactionTemplate,org.springframework.boot.autoconfigure.transaction.TransactionAutoConfiguration,platformTransactionManagerCustomizers,spring.transaction-org.springframework.boot.autoconfigure.transaction.TransactionProperties,org.springframework.boot.autoconfigure.web.HttpEncodingAutoConfiguration,characterEncodingFilter,localeCharsetMappingsCustomizer,org.springframework.boot.autoconfigure.web.MultipartAutoConfiguration,multipartConfigElement,multipartResolver,spring.http.multipart-org.springframework.boot.autoconfigure.web.MultipartProperties,org.springframework.boot.autoconfigure.web.ServerPropertiesAutoConfiguration,serverProperties,duplicateServerPropertiesDetector,org.springframework.boot.autoconfigure.web.WebClientAutoConfiguration$RestTemplateConfiguration,restTemplateBuilder,org.springframework.boot.autoconfigure.web.WebClientAutoConfiguration,org.springframework.orm.jpa.SharedEntityManagerCreator#0]; root of factory hierarchy
00:07:17.370 qrouter [Test worker] DEBUG o.s.b.f.s.DefaultListableBeanFactory -Returning cached instance of singleton bean 'org.springframework.boot.test.mock.mockito.MockitoPostProcessor$SpyPostProcessor'
00:07:17.370 qrouter [Test worker] DEBUG o.s.b.f.s.DefaultListableBeanFactory -Returning cached instance of singleton bean 'org.springframework.boot.test.mock.mockito.MockitoPostProcessor'
00:07:17.370 qrouter [Test worker] DEBUG o.s.b.f.s.DefaultListableBeanFactory -Returning cached instance of singleton bean 'org.springframework.context.annotation.internalConfigurationAnnotationProcessor'
00:07:17.370 qrouter [Test worker] DEBUG o.s.b.f.s.DefaultListableBeanFactory -Returning cached instance of singleton bean 'org.springframework.context.annotation.internalAutowiredAnnotationProcessor'
00:07:17.370 qrouter [Test worker] DEBUG o.s.b.f.s.DefaultListableBeanFactory -Returning cached instance of singleton bean 'org.springframework.context.annotation.internalRequiredAnnotationProcessor'
00:07:17.370 qrouter [Test worker] DEBUG o.s.b.f.s.DefaultListableBeanFactory -Returning cached instance of singleton bean 'org.springframework.context.annotation.internalCommonAnnotationProcessor'
00:07:17.371 qrouter [Test worker] DEBUG o.s.b.f.s.DefaultListableBeanFactory -Returning cached instance of singleton bean 'org.springframework.context.annotation.internalPersistenceAnnotationProcessor'
00:07:17.372 qrouter [Test worker] DEBUG o.s.b.f.s.DefaultListableBeanFactory -Creating shared instance of singleton bean 'org.springframework.context.event.internalEventListenerProcessor'
00:07:17.372 qrouter [Test worker] DEBUG o.s.b.f.s.DefaultListableBeanFactory -Creating instance of bean 'org.springframework.context.event.internalEventListenerProcessor'
00:07:17.373 qrouter [Test worker] DEBUG o.s.b.f.s.DefaultListableBeanFactory -Returning cached instance of singleton bean 'org.springframework.transaction.config.internalTransactionAdvisor'
00:07:17.388 qrouter [Test worker] DEBUG o.s.b.f.s.DefaultListableBeanFactory -Eagerly caching bean 'org.springframework.context.event.internalEventListenerProcessor' to allow for resolving potential circular references
00:07:17.403 qrouter [Test worker] DEBUG o.s.b.f.s.DefaultListableBeanFactory -Returning cached instance of singleton bean 'org.springframework.transaction.config.internalTransactionAdvisor'
00:07:17.403 qrouter [Test worker] DEBUG o.s.b.f.s.DefaultListableBeanFactory -Returning cached instance of singleton bean 'org.springframework.transaction.config.internalTransactionAdvisor'
00:07:17.404 qrouter [Test worker] DEBUG o.s.b.f.s.DefaultListableBeanFactory -Finished creating instance of bean 'org.springframework.context.event.internalEventListenerProcessor'
00:07:17.405 qrouter [Test worker] DEBUG o.s.b.f.s.DefaultListableBeanFactory -Creating shared instance of singleton bean 'org.springframework.context.event.internalEventListenerFactory'
00:07:17.405 qrouter [Test worker] DEBUG o.s.b.f.s.DefaultListableBeanFactory -Creating instance of bean 'org.springframework.context.event.internalEventListenerFactory'
00:07:17.405 qrouter [Test worker] DEBUG o.s.b.f.s.DefaultListableBeanFactory -Returning cached instance of singleton bean 'org.springframework.transaction.config.internalTransactionAdvisor'
00:07:17.408 qrouter [Test worker] DEBUG o.s.b.f.s.DefaultListableBeanFactory -Eagerly caching bean 'org.springframework.context.event.internalEventListenerFactory' to allow for resolving potential circular references
00:07:17.419 qrouter [Test worker] DEBUG o.s.b.f.s.DefaultListableBeanFactory -Returning cached instance of singleton bean 'org.springframework.transaction.config.internalTransactionAdvisor'
00:07:17.420 qrouter [Test worker] DEBUG o.s.b.f.s.DefaultListableBeanFactory -Returning cached instance of singleton bean 'org.springframework.transaction.config.internalTransactionAdvisor'
00:07:17.421 qrouter [Test worker] DEBUG o.s.b.f.s.DefaultListableBeanFactory -Finished creating instance of bean 'org.springframework.context.event.internalEventListenerFactory'
00:07:17.421 qrouter [Test worker] DEBUG o.s.b.f.s.DefaultListableBeanFactory -Creating shared instance of singleton bean 'applicationLauncher'
00:07:17.422 qrouter [Test worker] DEBUG o.s.b.f.s.DefaultListableBeanFactory -Creating instance of bean 'applicationLauncher'
00:07:17.423 qrouter [Test worker] DEBUG o.s.b.f.s.DefaultListableBeanFactory -Returning cached instance of singleton bean 'org.springframework.transaction.config.internalTransactionAdvisor'
00:07:17.425 qrouter [Test worker] DEBUG o.s.b.f.s.DefaultListableBeanFactory -Eagerly caching bean 'applicationLauncher' to allow for resolving potential circular references
00:07:17.437 qrouter [Test worker] DEBUG o.s.b.f.s.DefaultListableBeanFactory -Returning cached instance of singleton bean 'org.springframework.transaction.config.internalTransactionAdvisor'
00:07:17.437 qrouter [Test worker] DEBUG o.s.b.f.s.DefaultListableBeanFactory -Returning cached instance of singleton bean 'org.springframework.transaction.config.internalTransactionAdvisor'
00:07:17.454 qrouter [Test worker] DEBUG o.s.b.f.s.DefaultListableBeanFactory -Finished creating instance of bean 'applicationLauncher'
00:07:17.455 qrouter [Test worker] DEBUG o.s.b.f.s.DefaultListableBeanFactory -Returning cached instance of singleton bean 'org.springframework.boot.autoconfigure.internalCachingMetadataReaderFactory'
00:07:17.457 qrouter [Test worker] DEBUG o.s.b.f.s.DefaultListableBeanFactory -Creating shared instance of singleton bean 'shopLocatorTestConfiguration'
00:07:17.457 qrouter [Test worker] DEBUG o.s.b.f.s.DefaultListableBeanFactory -Creating instance of bean 'shopLocatorTestConfiguration'
00:07:17.458 qrouter [Test worker] DEBUG o.s.b.f.s.DefaultListableBeanFactory -Returning cached instance of singleton bean 'org.springframework.transaction.config.internalTransactionAdvisor'
00:07:17.462 qrouter [Test worker] DEBUG o.s.b.f.s.DefaultListableBeanFactory -Eagerly caching bean 'shopLocatorTestConfiguration' to allow for resolving potential circular references
00:07:17.474 qrouter [Test worker] DEBUG o.s.b.f.s.DefaultListableBeanFactory -Returning cached instance of singleton bean 'org.springframework.transaction.config.internalTransactionAdvisor'
00:07:17.475 qrouter [Test worker] DEBUG o.s.b.f.s.DefaultListableBeanFactory -Returning cached instance of singleton bean 'org.springframework.transaction.config.internalTransactionAdvisor'
00:07:17.478 qrouter [Test worker] DEBUG o.s.b.f.s.DefaultListableBeanFactory -Finished creating instance of bean 'shopLocatorTestConfiguration'
00:07:17.479 qrouter [Test worker] DEBUG o.s.b.f.s.DefaultListableBeanFactory -Creating shared instance of singleton bean 'retailShopController'
00:07:17.479 qrouter [Test worker] DEBUG o.s.b.f.s.DefaultListableBeanFactory -Creating instance of bean 'retailShopController'
00:07:17.479 qrouter [Test worker] DEBUG o.s.b.f.s.DefaultListableBeanFactory -Returning cached instance of singleton bean 'org.springframework.transaction.config.internalTransactionAdvisor'
00:07:17.503 qrouter [Test worker] DEBUG o.s.b.f.annotation.InjectionMetadata -Registered injected element on class [shop.retail.controllers.RetailShopController]: AutowiredFieldElement for shop.retail.service.ShopLocator shop.retail.controllers.RetailShopController.shopLocator
00:07:17.503 qrouter [Test worker] DEBUG o.s.b.f.s.DefaultListableBeanFactory -Eagerly caching bean 'retailShopController' to allow for resolving potential circular references
00:07:17.512 qrouter [Test worker] DEBUG o.s.b.f.annotation.InjectionMetadata -Processing injected element of bean 'retailShopController': AutowiredFieldElement for shop.retail.service.ShopLocator shop.retail.controllers.RetailShopController.shopLocator
00:07:17.525 qrouter [Test worker] DEBUG o.s.b.f.s.DefaultListableBeanFactory -Creating shared instance of singleton bean 'shopLocator'
00:07:17.525 qrouter [Test worker] DEBUG o.s.b.f.s.DefaultListableBeanFactory -Creating instance of bean 'shopLocator'
00:07:17.525 qrouter [Test worker] DEBUG o.s.b.f.s.DefaultListableBeanFactory -Returning cached instance of singleton bean 'org.springframework.transaction.config.internalTransactionAdvisor'
00:07:17.526 qrouter [Test worker] DEBUG o.s.b.f.s.DefaultListableBeanFactory -Returning cached instance of singleton bean 'shopLocatorTestConfiguration'
00:07:17.564 qrouter [Test worker] DEBUG o.s.b.f.annotation.InjectionMetadata -Registered injected element on class [shop.retail.service.ShopLocatorImpl]: AutowiredFieldElement for private shop.retail.dao.RetailShopDao shop.retail.service.ShopLocatorImpl.retailShopDao
00:07:17.564 qrouter [Test worker] DEBUG o.s.b.f.s.DefaultListableBeanFactory -Eagerly caching bean 'shopLocator' to allow for resolving potential circular references
00:07:17.574 qrouter [Test worker] DEBUG o.s.b.f.annotation.InjectionMetadata -Processing injected element of bean 'shopLocator': AutowiredFieldElement for private shop.retail.dao.RetailShopDao shop.retail.service.ShopLocatorImpl.retailShopDao
00:07:17.579 qrouter [Test worker] DEBUG o.s.b.f.s.DefaultListableBeanFactory -Creating shared instance of singleton bean 'retailShopDao'
00:07:17.580 qrouter [Test worker] DEBUG o.s.b.f.s.DefaultListableBeanFactory -Creating instance of bean 'retailShopDao'
00:07:17.580 qrouter [Test worker] DEBUG o.s.b.f.s.DefaultListableBeanFactory -Returning cached instance of singleton bean 'org.springframework.transaction.config.internalTransactionAdvisor'
00:07:17.580 qrouter [Test worker] DEBUG o.s.b.f.s.DefaultListableBeanFactory -Returning cached instance of singleton bean 'shopLocatorTestConfiguration'
00:07:18.439 qrouter [Test worker] DEBUG o.s.b.f.s.DefaultListableBeanFactory -Eagerly caching bean 'retailShopDao' to allow for resolving potential circular references
00:07:18.456 qrouter [Test worker] DEBUG o.s.b.f.s.DefaultListableBeanFactory -Returning cached instance of singleton bean 'org.springframework.transaction.config.internalTransactionAdvisor'
00:07:18.456 qrouter [Test worker] DEBUG o.s.b.f.s.DefaultListableBeanFactory -Returning cached instance of singleton bean 'org.springframework.transaction.config.internalTransactionAdvisor'
00:07:18.459 qrouter [Test worker] DEBUG o.s.b.f.s.DefaultListableBeanFactory -Finished creating instance of bean 'retailShopDao'
00:07:18.459 qrouter [Test worker] DEBUG o.s.b.f.a.AutowiredAnnotationBeanPostProcessor -Autowiring by type from bean name 'shopLocator' to bean named 'retailShopDao'
00:07:18.460 qrouter [Test worker] DEBUG o.s.b.f.s.DefaultListableBeanFactory -Returning cached instance of singleton bean 'org.springframework.transaction.config.internalTransactionAdvisor'
00:07:18.461 qrouter [Test worker] DEBUG o.s.b.f.s.DefaultListableBeanFactory -Returning cached instance of singleton bean 'org.springframework.transaction.config.internalTransactionAdvisor'
00:07:18.464 qrouter [Test worker] DEBUG o.s.b.f.s.DefaultListableBeanFactory -Finished creating instance of bean 'shopLocator'
00:07:18.464 qrouter [Test worker] DEBUG o.s.b.f.a.AutowiredAnnotationBeanPostProcessor -Autowiring by type from bean name 'retailShopController' to bean named 'shopLocator'
00:07:18.465 qrouter [Test worker] DEBUG o.s.b.f.s.DefaultListableBeanFactory -Returning cached instance of singleton bean 'org.springframework.transaction.config.internalTransactionAdvisor'
00:07:18.465 qrouter [Test worker] DEBUG o.s.b.f.s.DefaultListableBeanFactory -Returning cached instance of singleton bean 'org.springframework.transaction.config.internalTransactionAdvisor'
00:07:18.471 qrouter [Test worker] DEBUG o.s.b.f.s.DefaultListableBeanFactory -Finished creating instance of bean 'retailShopController'
00:07:18.471 qrouter [Test worker] DEBUG o.s.b.f.s.DefaultListableBeanFactory -Creating shared instance of singleton bean 'retailShopDaoImpl'
00:07:18.472 qrouter [Test worker] DEBUG o.s.b.f.s.DefaultListableBeanFactory -Creating instance of bean 'retailShopDaoImpl'
00:07:18.472 qrouter [Test worker] DEBUG o.s.b.f.s.DefaultListableBeanFactory -Returning cached instance of singleton bean 'org.springframework.transaction.config.internalTransactionAdvisor'
00:07:18.480 qrouter [Test worker] DEBUG o.s.b.f.annotation.InjectionMetadata -Registered injected element on class [shop.retail.dao.RetailShopDaoImpl]: PersistenceElement for private javax.persistence.EntityManager shop.retail.dao.RetailShopDaoImpl.entityManager
00:07:18.481 qrouter [Test worker] DEBUG o.s.b.f.s.DefaultListableBeanFactory -Eagerly caching bean 'retailShopDaoImpl' to allow for resolving potential circular references
00:07:18.489 qrouter [Test worker] DEBUG o.s.b.f.annotation.InjectionMetadata -Processing injected element of bean 'retailShopDaoImpl': PersistenceElement for private javax.persistence.EntityManager shop.retail.dao.RetailShopDaoImpl.entityManager
00:07:18.496 qrouter [Test worker] DEBUG o.s.b.f.s.DefaultListableBeanFactory -Returning cached instance of singleton bean 'entityManagerFactory'
00:07:18.496 qrouter [Test worker] DEBUG o.s.b.f.s.DefaultListableBeanFactory -Returning cached instance of singleton bean 'org.springframework.transaction.config.internalTransactionAdvisor'
00:07:18.496 qrouter [Test worker] DEBUG o.s.b.f.s.DefaultListableBeanFactory -Returning cached instance of singleton bean 'org.springframework.transaction.config.internalTransactionAdvisor'
00:07:18.516 qrouter [Test worker] DEBUG o.s.b.f.s.DefaultListableBeanFactory -Returning cached instance of singleton bean 'dataSourceInitializer'
00:07:18.518 qrouter [Test worker] DEBUG o.s.c.i.s.PathMatchingResourcePatternResolver -Resolved classpath location [data-all.sql] to resources []
00:07:18.519 qrouter [Test worker] DEBUG o.s.c.i.s.PathMatchingResourcePatternResolver -Resolved classpath location [data.sql] to resources []
00:07:18.553 qrouter [Test worker] DEBUG o.s.b.f.s.DefaultListableBeanFactory -Returning cached instance of singleton bean 'org.springframework.transaction.config.internalTransactionAdvisor'
00:07:18.553 qrouter [Test worker] DEBUG o.s.b.f.s.DefaultListableBeanFactory -Returning cached instance of singleton bean 'org.springframework.transaction.config.internalTransactionAdvisor'
00:07:18.559 qrouter [Test worker] DEBUG o.s.t.a.AnnotationTransactionAttributeSource -Adding transactional method 'shop.retail.dao.RetailShopDaoImpl.getAll' with attribute: PROPAGATION_REQUIRED,ISOLATION_DEFAULT
00:07:18.617 qrouter [Test worker] DEBUG o.s.a.a.a.AnnotationAwareAspectJAutoProxyCreator -Creating implicit proxy for bean 'retailShopDaoImpl' with 0 common interceptors and 1 specific interceptors
00:07:18.637 qrouter [Test worker] DEBUG o.s.aop.framework.CglibAopProxy -Creating CGLIB proxy: target source is SingletonTargetSource for target object [shop.retail.dao.RetailShopDaoImpl@df6947]
00:07:18.706 qrouter [Test worker] DEBUG o.s.t.a.AnnotationTransactionAttributeSource -Adding transactional method 'shop.retail.dao.RetailShopDaoImpl.getAll' with attribute: PROPAGATION_REQUIRED,ISOLATION_DEFAULT
00:07:18.707 qrouter [Test worker] DEBUG o.s.aop.framework.CglibAopProxy -Unable to apply any optimizations to advised method: public java.util.List shop.retail.dao.RetailShopDaoImpl.getAll()
00:07:18.709 qrouter [Test worker] DEBUG o.s.t.a.AnnotationTransactionAttributeSource -Adding transactional method 'shop.retail.dao.RetailShopDaoImpl.deleteShop' with attribute: PROPAGATION_REQUIRED,ISOLATION_DEFAULT
00:07:18.709 qrouter [Test worker] DEBUG o.s.aop.framework.CglibAopProxy -Unable to apply any optimizations to advised method: public void shop.retail.dao.RetailShopDaoImpl.deleteShop(long)
00:07:18.710 qrouter [Test worker] DEBUG o.s.t.a.AnnotationTransactionAttributeSource -Adding transactional method 'shop.retail.dao.RetailShopDaoImpl.getShopById' with attribute: PROPAGATION_REQUIRED,ISOLATION_DEFAULT
00:07:18.711 qrouter [Test worker] DEBUG o.s.aop.framework.CglibAopProxy -Unable to apply any optimizations to advised method: public shop.retail.models.Shop shop.retail.dao.RetailShopDaoImpl.getShopById(long)
00:07:18.712 qrouter [Test worker] DEBUG o.s.t.a.AnnotationTransactionAttributeSource -Adding transactional method 'shop.retail.dao.RetailShopDaoImpl.findNearest' with attribute: PROPAGATION_REQUIRED,ISOLATION_DEFAULT
00:07:18.712 qrouter [Test worker] DEBUG o.s.aop.framework.CglibAopProxy -Unable to apply any optimizations to advised method: public shop.retail.models.Shop shop.retail.dao.RetailShopDaoImpl.findNearest(java.lang.String,java.lang.String)
00:07:18.713 qrouter [Test worker] DEBUG o.s.t.a.AnnotationTransactionAttributeSource -Adding transactional method 'shop.retail.dao.RetailShopDaoImpl.shopExists' with attribute: PROPAGATION_REQUIRED,ISOLATION_DEFAULT
00:07:18.713 qrouter [Test worker] DEBUG o.s.aop.framework.CglibAopProxy -Unable to apply any optimizations to advised method: public shop.retail.models.Shop shop.retail.dao.RetailShopDaoImpl.shopExists(java.lang.String)
00:07:18.714 qrouter [Test worker] DEBUG o.s.t.a.AnnotationTransactionAttributeSource -Adding transactional method 'shop.retail.dao.RetailShopDaoImpl.updateShop' with attribute: PROPAGATION_REQUIRED,ISOLATION_DEFAULT
00:07:18.715 qrouter [Test worker] DEBUG o.s.aop.framework.CglibAopProxy -Unable to apply any optimizations to advised method: public shop.retail.models.Shop shop.retail.dao.RetailShopDaoImpl.updateShop(shop.retail.models.Shop)
00:07:18.716 qrouter [Test worker] DEBUG o.s.t.a.AnnotationTransactionAttributeSource -Adding transactional method 'shop.retail.dao.RetailShopDaoImpl.addShop' with attribute: PROPAGATION_REQUIRED,ISOLATION_DEFAULT
00:07:18.716 qrouter [Test worker] DEBUG o.s.aop.framework.CglibAopProxy -Unable to apply any optimizations to advised method: public shop.retail.models.Shop shop.retail.dao.RetailShopDaoImpl.addShop(shop.retail.models.Shop)
00:07:18.716 qrouter [Test worker] DEBUG o.s.aop.framework.CglibAopProxy -Found 'equals' method: public boolean java.lang.Object.equals(java.lang.Object)
00:07:18.717 qrouter [Test worker] DEBUG o.s.aop.framework.CglibAopProxy -Unable to apply any optimizations to advised method: public java.lang.String java.lang.Object.toString()
00:07:18.717 qrouter [Test worker] DEBUG o.s.aop.framework.CglibAopProxy -Found 'hashCode' method: public native int java.lang.Object.hashCode()
00:07:18.717 qrouter [Test worker] DEBUG o.s.aop.framework.CglibAopProxy -Unable to apply any optimizations to advised method: protected native java.lang.Object java.lang.Object.clone() throws java.lang.CloneNotSupportedException
00:07:18.720 qrouter [Test worker] DEBUG o.s.aop.framework.CglibAopProxy -Method is declared on Advised interface: public abstract int org.springframework.aop.framework.Advised.indexOf(org.aopalliance.aop.Advice)
00:07:18.721 qrouter [Test worker] DEBUG o.s.aop.framework.CglibAopProxy -Method is declared on Advised interface: public abstract int org.springframework.aop.framework.Advised.indexOf(org.springframework.aop.Advisor)
00:07:18.721 qrouter [Test worker] DEBUG o.s.aop.framework.CglibAopProxy -Method is declared on Advised interface: public abstract boolean org.springframework.aop.framework.Advised.isFrozen()
00:07:18.722 qrouter [Test worker] DEBUG o.s.aop.framework.CglibAopProxy -Method is declared on Advised interface: public abstract java.lang.Class[] org.springframework.aop.framework.Advised.getProxiedInterfaces()
00:07:18.724 qrouter [Test worker] DEBUG o.s.aop.framework.CglibAopProxy -Method is declared on Advised interface: public abstract boolean org.springframework.aop.framework.Advised.isInterfaceProxied(java.lang.Class)
00:07:18.724 qrouter [Test worker] DEBUG o.s.aop.framework.CglibAopProxy -Method is declared on Advised interface: public abstract boolean org.springframework.aop.framework.Advised.isProxyTargetClass()
00:07:18.725 qrouter [Test worker] DEBUG o.s.aop.framework.CglibAopProxy -Method is declared on Advised interface: public abstract java.lang.String org.springframework.aop.framework.Advised.toProxyConfigString()
00:07:18.725 qrouter [Test worker] DEBUG o.s.aop.framework.CglibAopProxy -Method is declared on Advised interface: public abstract org.springframework.aop.TargetSource org.springframework.aop.framework.Advised.getTargetSource()
00:07:18.725 qrouter [Test worker] DEBUG o.s.aop.framework.CglibAopProxy -Method is declared on Advised interface: public abstract org.springframework.aop.Advisor[] org.springframework.aop.framework.Advised.getAdvisors()
00:07:18.726 qrouter [Test worker] DEBUG o.s.aop.framework.CglibAopProxy -Method is declared on Advised interface: public abstract void org.springframework.aop.framework.Advised.setTargetSource(org.springframework.aop.TargetSource)
00:07:18.726 qrouter [Test worker] DEBUG o.s.aop.framework.CglibAopProxy -Method is declared on Advised interface: public abstract void org.springframework.aop.framework.Advised.setExposeProxy(boolean)
00:07:18.727 qrouter [Test worker] DEBUG o.s.aop.framework.CglibAopProxy -Method is declared on Advised interface: public abstract boolean org.springframework.aop.framework.Advised.isExposeProxy()
00:07:18.727 qrouter [Test worker] DEBUG o.s.aop.framework.CglibAopProxy -Method is declared on Advised interface: public abstract void org.springframework.aop.framework.Advised.setPreFiltered(boolean)
00:07:18.728 qrouter [Test worker] DEBUG o.s.aop.framework.CglibAopProxy -Method is declared on Advised interface: public abstract boolean org.springframework.aop.framework.Advised.isPreFiltered()
00:07:18.728 qrouter [Test worker] DEBUG o.s.aop.framework.CglibAopProxy -Method is declared on Advised interface: public abstract void org.springframework.aop.framework.Advised.addAdvisor(org.springframework.aop.Advisor) throws org.springframework.aop.framework.AopConfigException
00:07:18.729 qrouter [Test worker] DEBUG o.s.aop.framework.CglibAopProxy -Method is declared on Advised interface: public abstract void org.springframework.aop.framework.Advised.addAdvisor(int,org.springframework.aop.Advisor) throws org.springframework.aop.framework.AopConfigException
00:07:18.729 qrouter [Test worker] DEBUG o.s.aop.framework.CglibAopProxy -Method is declared on Advised interface: public abstract void org.springframework.aop.framework.Advised.removeAdvisor(int) throws org.springframework.aop.framework.AopConfigException
00:07:18.729 qrouter [Test worker] DEBUG o.s.aop.framework.CglibAopProxy -Method is declared on Advised interface: public abstract boolean org.springframework.aop.framework.Advised.removeAdvisor(org.springframework.aop.Advisor)
00:07:18.729 qrouter [Test worker] DEBUG o.s.aop.framework.CglibAopProxy -Method is declared on Advised interface: public abstract boolean org.springframework.aop.framework.Advised.replaceAdvisor(org.springframework.aop.Advisor,org.springframework.aop.Advisor) throws org.springframework.aop.framework.AopConfigException
00:07:18.730 qrouter [Test worker] DEBUG o.s.aop.framework.CglibAopProxy -Method is declared on Advised interface: public abstract void org.springframework.aop.framework.Advised.addAdvice(int,org.aopalliance.aop.Advice) throws org.springframework.aop.framework.AopConfigException
00:07:18.730 qrouter [Test worker] DEBUG o.s.aop.framework.CglibAopProxy -Method is declared on Advised interface: public abstract void org.springframework.aop.framework.Advised.addAdvice(org.aopalliance.aop.Advice) throws org.springframework.aop.framework.AopConfigException
00:07:18.730 qrouter [Test worker] DEBUG o.s.aop.framework.CglibAopProxy -Method is declared on Advised interface: public abstract boolean org.springframework.aop.framework.Advised.removeAdvice(org.aopalliance.aop.Advice)
00:07:18.730 qrouter [Test worker] DEBUG o.s.aop.framework.CglibAopProxy -Method is declared on Advised interface: public abstract java.lang.Class org.springframework.aop.TargetClassAware.getTargetClass()
00:07:18.802 qrouter [Test worker] DEBUG o.s.b.f.s.DefaultListableBeanFactory -Finished creating instance of bean 'retailShopDaoImpl'
00:07:18.803 qrouter [Test worker] DEBUG o.s.b.f.s.DefaultListableBeanFactory -Creating shared instance of singleton bean 'restExceptionHandler'
00:07:18.803 qrouter [Test worker] DEBUG o.s.b.f.s.DefaultListableBeanFactory -Creating instance of bean 'restExceptionHandler'
00:07:18.804 qrouter [Test worker] DEBUG o.s.b.f.s.DefaultListableBeanFactory -Returning cached instance of singleton bean 'org.springframework.transaction.config.internalTransactionAdvisor'
00:07:18.808 qrouter [Test worker] DEBUG o.s.b.f.s.DefaultListableBeanFactory -Eagerly caching bean 'restExceptionHandler' to allow for resolving potential circular references
00:07:18.823 qrouter [Test worker] DEBUG o.s.b.f.s.DefaultListableBeanFactory -Returning cached instance of singleton bean 'org.springframework.transaction.config.internalTransactionAdvisor'
00:07:18.823 qrouter [Test worker] DEBUG o.s.b.f.s.DefaultListableBeanFactory -Returning cached instance of singleton bean 'org.springframework.transaction.config.internalTransactionAdvisor'
00:07:18.825 qrouter [Test worker] DEBUG o.s.b.f.s.DefaultListableBeanFactory -Finished creating instance of bean 'restExceptionHandler'
00:07:18.825 qrouter [Test worker] DEBUG o.s.b.f.s.DefaultListableBeanFactory -Creating shared instance of singleton bean 'shopLocatorImpl'
00:07:18.826 qrouter [Test worker] DEBUG o.s.b.f.s.DefaultListableBeanFactory -Creating instance of bean 'shopLocatorImpl'
00:07:18.826 qrouter [Test worker] DEBUG o.s.b.f.s.DefaultListableBeanFactory -Returning cached instance of singleton bean 'org.springframework.transaction.config.internalTransactionAdvisor'
00:07:18.827 qrouter [Test worker] DEBUG o.s.b.f.annotation.InjectionMetadata -Registered injected element on class [shop.retail.service.ShopLocatorImpl]: AutowiredFieldElement for private shop.retail.dao.RetailShopDao shop.retail.service.ShopLocatorImpl.retailShopDao
00:07:18.828 qrouter [Test worker] DEBUG o.s.b.f.s.DefaultListableBeanFactory -Eagerly caching bean 'shopLocatorImpl' to allow for resolving potential circular references
00:07:18.828 qrouter [Test worker] DEBUG o.s.b.f.annotation.InjectionMetadata -Processing injected element of bean 'shopLocatorImpl': AutowiredFieldElement for private shop.retail.dao.RetailShopDao shop.retail.service.ShopLocatorImpl.retailShopDao
00:07:18.829 qrouter [Test worker] DEBUG o.s.b.f.s.DefaultListableBeanFactory -Returning cached instance of singleton bean 'retailShopDaoImpl'
00:07:18.830 qrouter [Test worker] DEBUG o.s.b.f.s.DefaultListableBeanFactory -Returning cached instance of singleton bean 'retailShopDao'
00:07:18.831 qrouter [Test worker] DEBUG o.s.b.f.a.AutowiredAnnotationBeanPostProcessor -Autowiring by type from bean name 'shopLocatorImpl' to bean named 'retailShopDao'
00:07:18.831 qrouter [Test worker] DEBUG o.s.b.f.s.DefaultListableBeanFactory -Returning cached instance of singleton bean 'org.springframework.transaction.config.internalTransactionAdvisor'
00:07:18.832 qrouter [Test worker] DEBUG o.s.b.f.s.DefaultListableBeanFactory -Returning cached instance of singleton bean 'org.springframework.transaction.config.internalTransactionAdvisor'
00:07:18.833 qrouter [Test worker] DEBUG o.s.b.f.s.DefaultListableBeanFactory -Finished creating instance of bean 'shopLocatorImpl'
00:07:18.833 qrouter [Test worker] DEBUG o.s.b.f.s.DefaultListableBeanFactory -Creating shared instance of singleton bean 'swaggerTest'
00:07:18.833 qrouter [Test worker] DEBUG o.s.b.f.s.DefaultListableBeanFactory -Creating instance of bean 'swaggerTest'
00:07:18.834 qrouter [Test worker] DEBUG o.s.b.f.s.DefaultListableBeanFactory -Returning cached instance of singleton bean 'org.springframework.transaction.config.internalTransactionAdvisor'
00:07:18.837 qrouter [Test worker] DEBUG o.s.b.f.s.DefaultListableBeanFactory -Eagerly caching bean 'swaggerTest' to allow for resolving potential circular references
00:07:18.851 qrouter [Test worker] DEBUG o.s.b.f.s.DefaultListableBeanFactory -Returning cached instance of singleton bean 'org.springframework.transaction.config.internalTransactionAdvisor'
00:07:18.851 qrouter [Test worker] DEBUG o.s.b.f.s.DefaultListableBeanFactory -Returning cached instance of singleton bean 'org.springframework.transaction.config.internalTransactionAdvisor'
00:07:18.854 qrouter [Test worker] DEBUG o.s.b.f.s.DefaultListableBeanFactory -Finished creating instance of bean 'swaggerTest'
00:07:18.855 qrouter [Test worker] DEBUG o.s.b.f.s.DefaultListableBeanFactory -Creating shared instance of singleton bean 'swagger2ParameterNameReader'
00:07:18.855 qrouter [Test worker] DEBUG o.s.b.f.s.DefaultListableBeanFactory -Creating instance of bean 'swagger2ParameterNameReader'
00:07:18.855 qrouter [Test worker] DEBUG o.s.b.f.s.DefaultListableBeanFactory -Returning cached instance of singleton bean 'org.springframework.transaction.config.internalTransactionAdvisor'
00:07:18.877 qrouter [Test worker] DEBUG o.s.b.f.s.DefaultListableBeanFactory -Eagerly caching bean 'swagger2ParameterNameReader' to allow for resolving potential circular references
00:07:18.885 qrouter [Test worker] DEBUG o.s.b.f.s.DefaultListableBeanFactory -Returning cached instance of singleton bean 'org.springframework.transaction.config.internalTransactionAdvisor'
00:07:18.885 qrouter [Test worker] DEBUG o.s.b.f.s.DefaultListableBeanFactory -Returning cached instance of singleton bean 'org.springframework.transaction.config.internalTransactionAdvisor'
00:07:18.889 qrouter [Test worker] DEBUG o.s.b.f.s.DefaultListableBeanFactory -Finished creating instance of bean 'swagger2ParameterNameReader'
00:07:18.890 qrouter [Test worker] DEBUG o.s.b.f.s.DefaultListableBeanFactory -Creating shared instance of singleton bean 'swagger2Controller'
00:07:18.891 qrouter [Test worker] DEBUG o.s.b.f.s.DefaultListableBeanFactory -Creating instance of bean 'swagger2Controller'
00:07:18.891 qrouter [Test worker] DEBUG o.s.b.f.s.DefaultListableBeanFactory -Returning cached instance of singleton bean 'org.springframework.transaction.config.internalTransactionAdvisor'
00:07:18.896 qrouter [Test worker] DEBUG o.s.b.f.annotation.InjectionMetadata -Registered injected element on class [springfox.documentation.swagger2.web.Swagger2Controller]: AutowiredFieldElement for private java.lang.String springfox.documentation.swagger2.web.Swagger2Controller.hostNameOverride
00:07:18.897 qrouter [Test worker] DEBUG o.s.b.f.annotation.InjectionMetadata -Registered injected element on class [springfox.documentation.swagger2.web.Swagger2Controller]: AutowiredFieldElement for private springfox.documentation.spring.web.DocumentationCache springfox.documentation.swagger2.web.Swagger2Controller.documentationCache
00:07:18.897 qrouter [Test worker] DEBUG o.s.b.f.annotation.InjectionMetadata -Registered injected element on class [springfox.documentation.swagger2.web.Swagger2Controller]: AutowiredFieldElement for private springfox.documentation.swagger2.mappers.ServiceModelToSwagger2Mapper springfox.documentation.swagger2.web.Swagger2Controller.mapper
00:07:18.898 qrouter [Test worker] DEBUG o.s.b.f.annotation.InjectionMetadata -Registered injected element on class [springfox.documentation.swagger2.web.Swagger2Controller]: AutowiredFieldElement for private springfox.documentation.spring.web.json.JsonSerializer springfox.documentation.swagger2.web.Swagger2Controller.jsonSerializer
00:07:18.898 qrouter [Test worker] DEBUG o.s.b.f.s.DefaultListableBeanFactory -Eagerly caching bean 'swagger2Controller' to allow for resolving potential circular references
00:07:18.907 qrouter [Test worker] DEBUG o.s.b.f.annotation.InjectionMetadata -Processing injected element of bean 'swagger2Controller': AutowiredFieldElement for private java.lang.String springfox.documentation.swagger2.web.Swagger2Controller.hostNameOverride
00:07:18.909 qrouter [Test worker] DEBUG o.s.c.e.PropertySourcesPropertyResolver -Could not find key 'springfox.documentation.swagger.v2.host:DEFAULT' in any property source
00:07:18.909 qrouter [Test worker] DEBUG o.s.c.e.PropertySourcesPropertyResolver -Could not find key 'springfox.documentation.swagger.v2.host:DEFAULT' in any property source
00:07:18.909 qrouter [Test worker] DEBUG o.s.c.e.PropertySourcesPropertyResolver -Could not find key 'springfox.documentation.swagger.v2.host' in any property source
00:07:18.909 qrouter [Test worker] DEBUG o.s.c.e.PropertySourcesPropertyResolver -Could not find key 'springfox.documentation.swagger.v2.host' in any property source
00:07:18.910 qrouter [Test worker] DEBUG o.s.b.f.annotation.InjectionMetadata -Processing injected element of bean 'swagger2Controller': AutowiredFieldElement for private springfox.documentation.spring.web.DocumentationCache springfox.documentation.swagger2.web.Swagger2Controller.documentationCache
00:07:18.923 qrouter [Test worker] DEBUG o.s.b.f.s.DefaultListableBeanFactory -Creating shared instance of singleton bean 'resourceGroupCache'
00:07:18.924 qrouter [Test worker] DEBUG o.s.b.f.s.DefaultListableBeanFactory -Creating instance of bean 'resourceGroupCache'
00:07:18.924 qrouter [Test worker] DEBUG o.s.b.f.s.DefaultListableBeanFactory -Returning cached instance of singleton bean 'org.springframework.transaction.config.internalTransactionAdvisor'
00:07:18.925 qrouter [Test worker] DEBUG o.s.b.f.s.DefaultListableBeanFactory -Creating shared instance of singleton bean 'springfox.documentation.spring.web.SpringMvcDocumentationConfiguration'
00:07:18.925 qrouter [Test worker] DEBUG o.s.b.f.s.DefaultListableBeanFactory -Creating instance of bean 'springfox.documentation.spring.web.SpringMvcDocumentationConfiguration'
00:07:18.925 qrouter [Test worker] DEBUG o.s.b.f.s.DefaultListableBeanFactory -Returning cached instance of singleton bean 'org.springframework.transaction.config.internalTransactionAdvisor'
00:07:18.930 qrouter [Test worker] DEBUG o.s.b.f.s.DefaultListableBeanFactory -Eagerly caching bean 'springfox.documentation.spring.web.SpringMvcDocumentationConfiguration' to allow for resolving potential circular references
00:07:18.950 qrouter [Test worker] DEBUG o.s.b.f.s.DefaultListableBeanFactory -Returning cached instance of singleton bean 'org.springframework.transaction.config.internalTransactionAdvisor'
00:07:18.951 qrouter [Test worker] DEBUG o.s.b.f.s.DefaultListableBeanFactory -Returning cached instance of singleton bean 'org.springframework.transaction.config.internalTransactionAdvisor'
00:07:18.965 qrouter [Test worker] DEBUG o.s.b.f.s.DefaultListableBeanFactory -Finished creating instance of bean 'springfox.documentation.spring.web.SpringMvcDocumentationConfiguration'
00:07:19.104 qrouter [Test worker] DEBUG o.s.b.f.s.DefaultListableBeanFactory -Eagerly caching bean 'resourceGroupCache' to allow for resolving potential circular references
00:07:19.112 qrouter [Test worker] DEBUG o.s.b.f.s.DefaultListableBeanFactory -Returning cached instance of singleton bean 'org.springframework.transaction.config.internalTransactionAdvisor'
00:07:19.112 qrouter [Test worker] DEBUG o.s.b.f.s.DefaultListableBeanFactory -Returning cached instance of singleton bean 'org.springframework.transaction.config.internalTransactionAdvisor'
00:07:19.113 qrouter [Test worker] DEBUG o.s.b.f.s.DefaultListableBeanFactory -Finished creating instance of bean 'resourceGroupCache'
00:07:19.113 qrouter [Test worker] DEBUG o.s.b.f.a.AutowiredAnnotationBeanPostProcessor -Autowiring by type from bean name 'swagger2Controller' to bean named 'resourceGroupCache'
00:07:19.114 qrouter [Test worker] DEBUG o.s.b.f.annotation.InjectionMetadata -Processing injected element of bean 'swagger2Controller': AutowiredFieldElement for private springfox.documentation.swagger2.mappers.ServiceModelToSwagger2Mapper springfox.documentation.swagger2.web.Swagger2Controller.mapper
00:07:19.127 qrouter [Test worker] DEBUG o.s.b.f.s.DefaultListableBeanFactory -Creating shared instance of singleton bean 'serviceModelToSwagger2MapperImpl'
00:07:19.127 qrouter [Test worker] DEBUG o.s.b.f.s.DefaultListableBeanFactory -Creating instance of bean 'serviceModelToSwagger2MapperImpl'
00:07:19.127 qrouter [Test worker] DEBUG o.s.b.f.s.DefaultListableBeanFactory -Returning cached instance of singleton bean 'org.springframework.transaction.config.internalTransactionAdvisor'
00:07:19.174 qrouter [Test worker] DEBUG o.s.b.f.annotation.InjectionMetadata -Registered injected element on class [springfox.documentation.swagger2.mappers.ServiceModelToSwagger2MapperImpl]: AutowiredFieldElement for private springfox.documentation.swagger2.mappers.ModelMapper springfox.documentation.swagger2.mappers.ServiceModelToSwagger2MapperImpl.modelMapper
00:07:19.175 qrouter [Test worker] DEBUG o.s.b.f.annotation.InjectionMetadata -Registered injected element on class [springfox.documentation.swagger2.mappers.ServiceModelToSwagger2MapperImpl]: AutowiredFieldElement for private springfox.documentation.swagger2.mappers.ParameterMapper springfox.documentation.swagger2.mappers.ServiceModelToSwagger2MapperImpl.parameterMapper
00:07:19.175 qrouter [Test worker] DEBUG o.s.b.f.annotation.InjectionMetadata -Registered injected element on class [springfox.documentation.swagger2.mappers.ServiceModelToSwagger2MapperImpl]: AutowiredFieldElement for private springfox.documentation.swagger2.mappers.SecurityMapper springfox.documentation.swagger2.mappers.ServiceModelToSwagger2MapperImpl.securityMapper
00:07:19.175 qrouter [Test worker] DEBUG o.s.b.f.annotation.InjectionMetadata -Registered injected element on class [springfox.documentation.swagger2.mappers.ServiceModelToSwagger2MapperImpl]: AutowiredFieldElement for private springfox.documentation.swagger2.mappers.LicenseMapper springfox.documentation.swagger2.mappers.ServiceModelToSwagger2MapperImpl.licenseMapper
00:07:19.175 qrouter [Test worker] DEBUG o.s.b.f.annotation.InjectionMetadata -Registered injected element on class [springfox.documentation.swagger2.mappers.ServiceModelToSwagger2MapperImpl]: AutowiredFieldElement for private springfox.documentation.swagger2.mappers.VendorExtensionsMapper springfox.documentation.swagger2.mappers.ServiceModelToSwagger2MapperImpl.vendorExtensionsMapper
00:07:19.176 qrouter [Test worker] DEBUG o.s.b.f.s.DefaultListableBeanFactory -Eagerly caching bean 'serviceModelToSwagger2MapperImpl' to allow for resolving potential circular references
00:07:19.185 qrouter [Test worker] DEBUG o.s.b.f.annotation.InjectionMetadata -Processing injected element of bean 'serviceModelToSwagger2MapperImpl': AutowiredFieldElement for private springfox.documentation.swagger2.mappers.ModelMapper springfox.documentation.swagger2.mappers.ServiceModelToSwagger2MapperImpl.modelMapper
00:07:19.194 qrouter [Test worker] DEBUG o.s.b.f.s.DefaultListableBeanFactory -Creating shared instance of singleton bean 'modelMapperImpl'
00:07:19.194 qrouter [Test worker] DEBUG o.s.b.f.s.DefaultListableBeanFactory -Creating instance of bean 'modelMapperImpl'
00:07:19.195 qrouter [Test worker] DEBUG o.s.b.f.s.DefaultListableBeanFactory -Returning cached instance of singleton bean 'org.springframework.transaction.config.internalTransactionAdvisor'
00:07:19.207 qrouter [Test worker] DEBUG o.s.b.f.s.DefaultListableBeanFactory -Eagerly caching bean 'modelMapperImpl' to allow for resolving potential circular references
00:07:19.217 qrouter [Test worker] DEBUG o.s.b.f.s.DefaultListableBeanFactory -Returning cached instance of singleton bean 'org.springframework.transaction.config.internalTransactionAdvisor'
00:07:19.217 qrouter [Test worker] DEBUG o.s.b.f.s.DefaultListableBeanFactory -Returning cached instance of singleton bean 'org.springframework.transaction.config.internalTransactionAdvisor'
00:07:19.218 qrouter [Test worker] DEBUG o.s.b.f.s.DefaultListableBeanFactory -Finished creating instance of bean 'modelMapperImpl'
00:07:19.219 qrouter [Test worker] DEBUG o.s.b.f.a.AutowiredAnnotationBeanPostProcessor -Autowiring by type from bean name 'serviceModelToSwagger2MapperImpl' to bean named 'modelMapperImpl'
00:07:19.220 qrouter [Test worker] DEBUG o.s.b.f.annotation.InjectionMetadata -Processing injected element of bean 'serviceModelToSwagger2MapperImpl': AutowiredFieldElement for private springfox.documentation.swagger2.mappers.ParameterMapper springfox.documentation.swagger2.mappers.ServiceModelToSwagger2MapperImpl.parameterMapper
00:07:19.227 qrouter [Test worker] DEBUG o.s.b.f.s.DefaultListableBeanFactory -Creating shared instance of singleton bean 'parameterMapperImpl'
00:07:19.228 qrouter [Test worker] DEBUG o.s.b.f.s.DefaultListableBeanFactory -Creating instance of bean 'parameterMapperImpl'
00:07:19.228 qrouter [Test worker] DEBUG o.s.b.f.s.DefaultListableBeanFactory -Returning cached instance of singleton bean 'org.springframework.transaction.config.internalTransactionAdvisor'
00:07:19.235 qrouter [Test worker] DEBUG o.s.b.f.s.DefaultListableBeanFactory -Eagerly caching bean 'parameterMapperImpl' to allow for resolving potential circular references
00:07:19.246 qrouter [Test worker] DEBUG o.s.b.f.s.DefaultListableBeanFactory -Returning cached instance of singleton bean 'org.springframework.transaction.config.internalTransactionAdvisor'
00:07:19.247 qrouter [Test worker] DEBUG o.s.b.f.s.DefaultListableBeanFactory -Returning cached instance of singleton bean 'org.springframework.transaction.config.internalTransactionAdvisor'
00:07:19.248 qrouter [Test worker] DEBUG o.s.b.f.s.DefaultListableBeanFactory -Finished creating instance of bean 'parameterMapperImpl'
00:07:19.248 qrouter [Test worker] DEBUG o.s.b.f.a.AutowiredAnnotationBeanPostProcessor -Autowiring by type from bean name 'serviceModelToSwagger2MapperImpl' to bean named 'parameterMapperImpl'
00:07:19.248 qrouter [Test worker] DEBUG o.s.b.f.annotation.InjectionMetadata -Processing injected element of bean 'serviceModelToSwagger2MapperImpl': AutowiredFieldElement for private springfox.documentation.swagger2.mappers.SecurityMapper springfox.documentation.swagger2.mappers.ServiceModelToSwagger2MapperImpl.securityMapper
00:07:19.256 qrouter [Test worker] DEBUG o.s.b.f.s.DefaultListableBeanFactory -Creating shared instance of singleton bean 'securityMapperImpl'
00:07:19.257 qrouter [Test worker] DEBUG o.s.b.f.s.DefaultListableBeanFactory -Creating instance of bean 'securityMapperImpl'
00:07:19.257 qrouter [Test worker] DEBUG o.s.b.f.s.DefaultListableBeanFactory -Returning cached instance of singleton bean 'org.springframework.transaction.config.internalTransactionAdvisor'
00:07:19.349 qrouter [Test worker] DEBUG o.s.b.f.s.DefaultListableBeanFactory -Eagerly caching bean 'securityMapperImpl' to allow for resolving potential circular references
00:07:19.363 qrouter [Test worker] DEBUG o.s.b.f.s.DefaultListableBeanFactory -Returning cached instance of singleton bean 'org.springframework.transaction.config.internalTransactionAdvisor'
00:07:19.364 qrouter [Test worker] DEBUG o.s.b.f.s.DefaultListableBeanFactory -Returning cached instance of singleton bean 'org.springframework.transaction.config.internalTransactionAdvisor'
00:07:19.364 qrouter [Test worker] DEBUG o.s.b.f.s.DefaultListableBeanFactory -Finished creating instance of bean 'securityMapperImpl'
00:07:19.365 qrouter [Test worker] DEBUG o.s.b.f.a.AutowiredAnnotationBeanPostProcessor -Autowiring by type from bean name 'serviceModelToSwagger2MapperImpl' to bean named 'securityMapperImpl'
00:07:19.365 qrouter [Test worker] DEBUG o.s.b.f.annotation.InjectionMetadata -Processing injected element of bean 'serviceModelToSwagger2MapperImpl': AutowiredFieldElement for private springfox.documentation.swagger2.mappers.LicenseMapper springfox.documentation.swagger2.mappers.ServiceModelToSwagger2MapperImpl.licenseMapper
00:07:19.373 qrouter [Test worker] DEBUG o.s.b.f.s.DefaultListableBeanFactory -Creating shared instance of singleton bean 'licenseMapperImpl'
00:07:19.374 qrouter [Test worker] DEBUG o.s.b.f.s.DefaultListableBeanFactory -Creating instance of bean 'licenseMapperImpl'
00:07:19.374 qrouter [Test worker] DEBUG o.s.b.f.s.DefaultListableBeanFactory -Returning cached instance of singleton bean 'org.springframework.transaction.config.internalTransactionAdvisor'
00:07:19.379 qrouter [Test worker] DEBUG o.s.b.f.s.DefaultListableBeanFactory -Eagerly caching bean 'licenseMapperImpl' to allow for resolving potential circular references
00:07:19.390 qrouter [Test worker] DEBUG o.s.b.f.s.DefaultListableBeanFactory -Returning cached instance of singleton bean 'org.springframework.transaction.config.internalTransactionAdvisor'
00:07:19.390 qrouter [Test worker] DEBUG o.s.b.f.s.DefaultListableBeanFactory -Returning cached instance of singleton bean 'org.springframework.transaction.config.internalTransactionAdvisor'
00:07:19.391 qrouter [Test worker] DEBUG o.s.b.f.s.DefaultListableBeanFactory -Finished creating instance of bean 'licenseMapperImpl'
00:07:19.391 qrouter [Test worker] DEBUG o.s.b.f.a.AutowiredAnnotationBeanPostProcessor -Autowiring by type from bean name 'serviceModelToSwagger2MapperImpl' to bean named 'licenseMapperImpl'
00:07:19.391 qrouter [Test worker] DEBUG o.s.b.f.annotation.InjectionMetadata -Processing injected element of bean 'serviceModelToSwagger2MapperImpl': AutowiredFieldElement for private springfox.documentation.swagger2.mappers.VendorExtensionsMapper springfox.documentation.swagger2.mappers.ServiceModelToSwagger2MapperImpl.vendorExtensionsMapper
00:07:19.397 qrouter [Test worker] DEBUG o.s.b.f.s.DefaultListableBeanFactory -Creating shared instance of singleton bean 'vendorExtensionsMapperImpl'
00:07:19.398 qrouter [Test worker] DEBUG o.s.b.f.s.DefaultListableBeanFactory -Creating instance of bean 'vendorExtensionsMapperImpl'
00:07:19.399 qrouter [Test worker] DEBUG o.s.b.f.s.DefaultListableBeanFactory -Returning cached instance of singleton bean 'org.springframework.transaction.config.internalTransactionAdvisor'
00:07:19.405 qrouter [Test worker] DEBUG o.s.b.f.s.DefaultListableBeanFactory -Eagerly caching bean 'vendorExtensionsMapperImpl' to allow for resolving potential circular references
00:07:19.413 qrouter [Test worker] DEBUG o.s.b.f.s.DefaultListableBeanFactory -Returning cached instance of singleton bean 'org.springframework.transaction.config.internalTransactionAdvisor'
00:07:19.413 qrouter [Test worker] DEBUG o.s.b.f.s.DefaultListableBeanFactory -Returning cached instance of singleton bean 'org.springframework.transaction.config.internalTransactionAdvisor'
00:07:19.414 qrouter [Test worker] DEBUG o.s.b.f.s.DefaultListableBeanFactory -Finished creating instance of bean 'vendorExtensionsMapperImpl'
00:07:19.414 qrouter [Test worker] DEBUG o.s.b.f.a.AutowiredAnnotationBeanPostProcessor -Autowiring by type from bean name 'serviceModelToSwagger2MapperImpl' to bean named 'vendorExtensionsMapperImpl'
00:07:19.415 qrouter [Test worker] DEBUG o.s.b.f.s.DefaultListableBeanFactory -Returning cached instance of singleton bean 'org.springframework.transaction.config.internalTransactionAdvisor'
00:07:19.415 qrouter [Test worker] DEBUG o.s.b.f.s.DefaultListableBeanFactory -Returning cached instance of singleton bean 'org.springframework.transaction.config.internalTransactionAdvisor'
00:07:19.417 qrouter [Test worker] DEBUG o.s.b.f.s.DefaultListableBeanFactory -Finished creating instance of bean 'serviceModelToSwagger2MapperImpl'
00:07:19.417 qrouter [Test worker] DEBUG o.s.b.f.a.AutowiredAnnotationBeanPostProcessor -Autowiring by type from bean name 'swagger2Controller' to bean named 'serviceModelToSwagger2MapperImpl'
00:07:19.417 qrouter [Test worker] DEBUG o.s.b.f.annotation.InjectionMetadata -Processing injected element of bean 'swagger2Controller': AutowiredFieldElement for private springfox.documentation.spring.web.json.JsonSerializer springfox.documentation.swagger2.web.Swagger2Controller.jsonSerializer
00:07:19.425 qrouter [Test worker] DEBUG o.s.b.f.s.DefaultListableBeanFactory -Creating shared instance of singleton bean 'jsonSerializer'
00:07:19.425 qrouter [Test worker] DEBUG o.s.b.f.s.DefaultListableBeanFactory -Creating instance of bean 'jsonSerializer'
00:07:19.429 qrouter [Test worker] DEBUG o.s.b.f.s.DefaultListableBeanFactory -Returning cached instance of singleton bean 'org.springframework.transaction.config.internalTransactionAdvisor'
00:07:19.430 qrouter [Test worker] DEBUG o.s.b.f.s.DefaultListableBeanFactory -Returning cached instance of singleton bean 'springfox.documentation.spring.web.SpringMvcDocumentationConfiguration'
00:07:19.443 qrouter [Test worker] DEBUG o.s.b.f.s.DefaultListableBeanFactory -Creating shared instance of singleton bean 'swagger2Module'
00:07:19.443 qrouter [Test worker] DEBUG o.s.b.f.s.DefaultListableBeanFactory -Creating instance of bean 'swagger2Module'
00:07:19.443 qrouter [Test worker] DEBUG o.s.b.f.s.DefaultListableBeanFactory -Returning cached instance of singleton bean 'org.springframework.transaction.config.internalTransactionAdvisor'
00:07:19.444 qrouter [Test worker] DEBUG o.s.b.f.s.DefaultListableBeanFactory -Creating shared instance of singleton bean 'springfox.documentation.swagger2.configuration.Swagger2DocumentationConfiguration'
00:07:19.444 qrouter [Test worker] DEBUG o.s.b.f.s.DefaultListableBeanFactory -Creating instance of bean 'springfox.documentation.swagger2.configuration.Swagger2DocumentationConfiguration'
00:07:19.444 qrouter [Test worker] DEBUG o.s.b.f.s.DefaultListableBeanFactory -Returning cached instance of singleton bean 'org.springframework.transaction.config.internalTransactionAdvisor'
00:07:19.446 qrouter [Test worker] DEBUG o.s.b.f.s.DefaultListableBeanFactory -Eagerly caching bean 'springfox.documentation.swagger2.configuration.Swagger2DocumentationConfiguration' to allow for resolving potential circular references
00:07:19.458 qrouter [Test worker] DEBUG o.s.b.f.s.DefaultListableBeanFactory -Returning cached instance of singleton bean 'org.springframework.transaction.config.internalTransactionAdvisor'
00:07:19.458 qrouter [Test worker] DEBUG o.s.b.f.s.DefaultListableBeanFactory -Returning cached instance of singleton bean 'org.springframework.transaction.config.internalTransactionAdvisor'
00:07:19.460 qrouter [Test worker] DEBUG o.s.b.f.s.DefaultListableBeanFactory -Finished creating instance of bean 'springfox.documentation.swagger2.configuration.Swagger2DocumentationConfiguration'
00:07:19.502 qrouter [Test worker] DEBUG o.s.b.f.s.DefaultListableBeanFactory -Eagerly caching bean 'swagger2Module' to allow for resolving potential circular references
00:07:19.538 qrouter [Test worker] DEBUG o.s.b.f.s.DefaultListableBeanFactory -Returning cached instance of singleton bean 'org.springframework.transaction.config.internalTransactionAdvisor'
00:07:19.538 qrouter [Test worker] DEBUG o.s.b.f.s.DefaultListableBeanFactory -Returning cached instance of singleton bean 'org.springframework.transaction.config.internalTransactionAdvisor'
00:07:19.541 qrouter [Test worker] DEBUG o.s.b.f.s.DefaultListableBeanFactory -Finished creating instance of bean 'swagger2Module'
00:07:19.542 qrouter [Test worker] DEBUG o.s.b.f.s.DefaultListableBeanFactory -Autowiring by type from bean name 'jsonSerializer' via factory method to bean named 'swagger2Module'
00:07:19.562 qrouter [Test worker] DEBUG o.s.b.f.s.DefaultListableBeanFactory -Eagerly caching bean 'jsonSerializer' to allow for resolving potential circular references
00:07:19.567 qrouter [Test worker] DEBUG o.s.b.f.s.DefaultListableBeanFactory -Returning cached instance of singleton bean 'org.springframework.transaction.config.internalTransactionAdvisor'
00:07:19.567 qrouter [Test worker] DEBUG o.s.b.f.s.DefaultListableBeanFactory -Returning cached instance of singleton bean 'org.springframework.transaction.config.internalTransactionAdvisor'
00:07:19.568 qrouter [Test worker] DEBUG o.s.b.f.s.DefaultListableBeanFactory -Finished creating instance of bean 'jsonSerializer'
00:07:19.568 qrouter [Test worker] DEBUG o.s.b.f.a.AutowiredAnnotationBeanPostProcessor -Autowiring by type from bean name 'swagger2Controller' to bean named 'jsonSerializer'
00:07:19.569 qrouter [Test worker] DEBUG o.s.b.f.s.DefaultListableBeanFactory -Returning cached instance of singleton bean 'org.springframework.transaction.config.internalTransactionAdvisor'
00:07:19.569 qrouter [Test worker] DEBUG o.s.b.f.s.DefaultListableBeanFactory -Returning cached instance of singleton bean 'org.springframework.transaction.config.internalTransactionAdvisor'
00:07:19.570 qrouter [Test worker] DEBUG o.s.b.f.s.DefaultListableBeanFactory -Finished creating instance of bean 'swagger2Controller'
00:07:19.571 qrouter [Test worker] DEBUG o.s.b.f.s.DefaultListableBeanFactory -Returning cached instance of singleton bean 'licenseMapperImpl'
00:07:19.571 qrouter [Test worker] DEBUG o.s.b.f.s.DefaultListableBeanFactory -Returning cached instance of singleton bean 'modelMapperImpl'
00:07:19.571 qrouter [Test worker] DEBUG o.s.b.f.s.DefaultListableBeanFactory -Returning cached instance of singleton bean 'parameterMapperImpl'
00:07:19.571 qrouter [Test worker] DEBUG o.s.b.f.s.DefaultListableBeanFactory -Returning cached instance of singleton bean 'securityMapperImpl'
00:07:19.572 qrouter [Test worker] DEBUG o.s.b.f.s.DefaultListableBeanFactory -Returning cached instance of singleton bean 'serviceModelToSwagger2MapperImpl'
00:07:19.572 qrouter [Test worker] DEBUG o.s.b.f.s.DefaultListableBeanFactory -Returning cached instance of singleton bean 'vendorExtensionsMapperImpl'
00:07:19.572 qrouter [Test worker] DEBUG o.s.b.f.s.DefaultListableBeanFactory -Creating shared instance of singleton bean 'apiDescriptionReader'
00:07:19.572 qrouter [Test worker] DEBUG o.s.b.f.s.DefaultListableBeanFactory -Creating instance of bean 'apiDescriptionReader'
00:07:19.573 qrouter [Test worker] DEBUG o.s.b.f.s.DefaultListableBeanFactory -Returning cached instance of singleton bean 'org.springframework.transaction.config.internalTransactionAdvisor'
00:07:19.613 qrouter [Test worker] DEBUG o.s.b.f.s.DefaultListableBeanFactory -Creating shared instance of singleton bean 'apiOperationReader'
00:07:19.613 qrouter [Test worker] DEBUG o.s.b.f.s.DefaultListableBeanFactory -Creating instance of bean 'apiOperationReader'
00:07:19.614 qrouter [Test worker] DEBUG o.s.b.f.s.DefaultListableBeanFactory -Returning cached instance of singleton bean 'org.springframework.transaction.config.internalTransactionAdvisor'
00:07:19.633 qrouter [Test worker] DEBUG o.s.b.f.s.DefaultListableBeanFactory -Creating shared instance of singleton bean 'documentationPluginsManager'
00:07:19.633 qrouter [Test worker] DEBUG o.s.b.f.s.DefaultListableBeanFactory -Creating instance of bean 'documentationPluginsManager'
00:07:19.634 qrouter [Test worker] DEBUG o.s.b.f.s.DefaultListableBeanFactory -Returning cached instance of singleton bean 'org.springframework.transaction.config.internalTransactionAdvisor'
00:07:19.670 qrouter [Test worker] DEBUG o.s.b.f.annotation.InjectionMetadata -Registered injected element on class [springfox.documentation.spring.web.plugins.DocumentationPluginsManager]: AutowiredFieldElement for private org.springframework.plugin.core.PluginRegistry springfox.documentation.spring.web.plugins.DocumentationPluginsManager.documentationPlugins
00:07:19.671 qrouter [Test worker] DEBUG o.s.b.f.annotation.InjectionMetadata -Registered injected element on class [springfox.documentation.spring.web.plugins.DocumentationPluginsManager]: AutowiredFieldElement for private org.springframework.plugin.core.PluginRegistry springfox.documentation.spring.web.plugins.DocumentationPluginsManager.apiListingPlugins
00:07:19.672 qrouter [Test worker] DEBUG o.s.b.f.annotation.InjectionMetadata -Registered injected element on class [springfox.documentation.spring.web.plugins.DocumentationPluginsManager]: AutowiredFieldElement for private org.springframework.plugin.core.PluginRegistry springfox.documentation.spring.web.plugins.DocumentationPluginsManager.parameterPlugins
00:07:19.672 qrouter [Test worker] DEBUG o.s.b.f.annotation.InjectionMetadata -Registered injected element on class [springfox.documentation.spring.web.plugins.DocumentationPluginsManager]: AutowiredFieldElement for private org.springframework.plugin.core.PluginRegistry springfox.documentation.spring.web.plugins.DocumentationPluginsManager.parameterExpanderPlugins
00:07:19.673 qrouter [Test worker] DEBUG o.s.b.f.annotation.InjectionMetadata -Registered injected element on class [springfox.documentation.spring.web.plugins.DocumentationPluginsManager]: AutowiredFieldElement for private org.springframework.plugin.core.PluginRegistry springfox.documentation.spring.web.plugins.DocumentationPluginsManager.operationBuilderPlugins
00:07:19.673 qrouter [Test worker] DEBUG o.s.b.f.annotation.InjectionMetadata -Registered injected element on class [springfox.documentation.spring.web.plugins.DocumentationPluginsManager]: AutowiredFieldElement for private org.springframework.plugin.core.PluginRegistry springfox.documentation.spring.web.plugins.DocumentationPluginsManager.resourceGroupingStrategies
00:07:19.674 qrouter [Test worker] DEBUG o.s.b.f.annotation.InjectionMetadata -Registered injected element on class [springfox.documentation.spring.web.plugins.DocumentationPluginsManager]: AutowiredFieldElement for private org.springframework.plugin.core.PluginRegistry springfox.documentation.spring.web.plugins.DocumentationPluginsManager.operationModelsProviders
00:07:19.674 qrouter [Test worker] DEBUG o.s.b.f.annotation.InjectionMetadata -Registered injected element on class [springfox.documentation.spring.web.plugins.DocumentationPluginsManager]: AutowiredFieldElement for private org.springframework.plugin.core.PluginRegistry springfox.documentation.spring.web.plugins.DocumentationPluginsManager.defaultsProviders
00:07:19.675 qrouter [Test worker] DEBUG o.s.b.f.annotation.InjectionMetadata -Registered injected element on class [springfox.documentation.spring.web.plugins.DocumentationPluginsManager]: AutowiredFieldElement for private org.springframework.plugin.core.PluginRegistry springfox.documentation.spring.web.plugins.DocumentationPluginsManager.pathDecorators
00:07:19.675 qrouter [Test worker] DEBUG o.s.b.f.s.DefaultListableBeanFactory -Eagerly caching bean 'documentationPluginsManager' to allow for resolving potential circular references
00:07:19.688 qrouter [Test worker] DEBUG o.s.b.f.annotation.InjectionMetadata -Processing injected element of bean 'documentationPluginsManager': AutowiredFieldElement for private org.springframework.plugin.core.PluginRegistry springfox.documentation.spring.web.plugins.DocumentationPluginsManager.documentationPlugins
00:07:19.721 qrouter [Test worker] DEBUG o.s.b.f.s.DefaultListableBeanFactory -Creating shared instance of singleton bean 'documentationPluginRegistry'
00:07:19.722 qrouter [Test worker] DEBUG o.s.b.f.s.DefaultListableBeanFactory -Creating instance of bean 'documentationPluginRegistry'
00:07:19.722 qrouter [Test worker] DEBUG o.s.b.f.s.DefaultListableBeanFactory -Returning cached instance of singleton bean 'org.springframework.transaction.config.internalTransactionAdvisor'
00:07:19.727 qrouter [Test worker] DEBUG o.s.b.f.s.DefaultListableBeanFactory -Eagerly caching bean 'documentationPluginRegistry' to allow for resolving potential circular references
00:07:19.748 qrouter [Test worker] DEBUG o.s.b.f.s.DefaultListableBeanFactory -Invoking afterPropertiesSet() on bean with name 'documentationPluginRegistry'
00:07:19.749 qrouter [Test worker] DEBUG o.s.b.f.s.DefaultListableBeanFactory -Returning cached instance of singleton bean 'org.springframework.transaction.config.internalTransactionAdvisor'
00:07:19.749 qrouter [Test worker] DEBUG o.s.b.f.s.DefaultListableBeanFactory -Returning cached instance of singleton bean 'org.springframework.transaction.config.internalTransactionAdvisor'
00:07:19.750 qrouter [Test worker] DEBUG o.s.b.f.s.DefaultListableBeanFactory -Finished creating instance of bean 'documentationPluginRegistry'
00:07:19.756 qrouter [Test worker] DEBUG o.s.aop.framework.JdkDynamicAopProxy -Creating JDK dynamic proxy: target source is org.springframework.plugin.core.support.AbstractTypeAwareSupport$BeansOfTypeTargetSource@1a186a5
00:07:19.776 qrouter [Test worker] DEBUG o.s.b.f.s.DefaultListableBeanFactory -Returning cached instance of singleton bean 'org.springframework.transaction.config.internalTransactionAdvisor'
00:07:19.776 qrouter [Test worker] DEBUG o.s.b.f.s.DefaultListableBeanFactory -Returning cached instance of singleton bean 'org.springframework.transaction.config.internalTransactionAdvisor'
00:07:19.778 qrouter [Test worker] DEBUG o.s.b.f.a.AutowiredAnnotationBeanPostProcessor -Autowiring by type from bean name 'documentationPluginsManager' to bean named 'documentationPluginRegistry'
00:07:19.779 qrouter [Test worker] DEBUG o.s.b.f.annotation.InjectionMetadata -Processing injected element of bean 'documentationPluginsManager': AutowiredFieldElement for private org.springframework.plugin.core.PluginRegistry springfox.documentation.spring.web.plugins.DocumentationPluginsManager.apiListingPlugins
00:07:19.787 qrouter [Test worker] DEBUG o.s.b.f.s.DefaultListableBeanFactory -Creating shared instance of singleton bean 'apiListingBuilderPluginRegistry'
00:07:19.787 qrouter [Test worker] DEBUG o.s.b.f.s.DefaultListableBeanFactory -Creating instance of bean 'apiListingBuilderPluginRegistry'
00:07:19.787 qrouter [Test worker] DEBUG o.s.b.f.s.DefaultListableBeanFactory -Returning cached instance of singleton bean 'org.springframework.transaction.config.internalTransactionAdvisor'
00:07:19.789 qrouter [Test worker] DEBUG o.s.b.f.s.DefaultListableBeanFactory -Eagerly caching bean 'apiListingBuilderPluginRegistry' to allow for resolving potential circular references
00:07:19.789 qrouter [Test worker] DEBUG o.s.b.f.s.DefaultListableBeanFactory -Invoking afterPropertiesSet() on bean with name 'apiListingBuilderPluginRegistry'
00:07:19.790 qrouter [Test worker] DEBUG o.s.b.f.s.DefaultListableBeanFactory -Returning cached instance of singleton bean 'org.springframework.transaction.config.internalTransactionAdvisor'
00:07:19.790 qrouter [Test worker] DEBUG o.s.b.f.s.DefaultListableBeanFactory -Returning cached instance of singleton bean 'org.springframework.transaction.config.internalTransactionAdvisor'
00:07:19.791 qrouter [Test worker] DEBUG o.s.b.f.s.DefaultListableBeanFactory -Finished creating instance of bean 'apiListingBuilderPluginRegistry'
00:07:19.791 qrouter [Test worker] DEBUG o.s.aop.framework.JdkDynamicAopProxy -Creating JDK dynamic proxy: target source is org.springframework.plugin.core.support.AbstractTypeAwareSupport$BeansOfTypeTargetSource@4da071
00:07:19.792 qrouter [Test worker] DEBUG o.s.b.f.s.DefaultListableBeanFactory -Returning cached instance of singleton bean 'org.springframework.transaction.config.internalTransactionAdvisor'
00:07:19.792 qrouter [Test worker] DEBUG o.s.b.f.s.DefaultListableBeanFactory -Returning cached instance of singleton bean 'org.springframework.transaction.config.internalTransactionAdvisor'
00:07:19.793 qrouter [Test worker] DEBUG o.s.b.f.a.AutowiredAnnotationBeanPostProcessor -Autowiring by type from bean name 'documentationPluginsManager' to bean named 'apiListingBuilderPluginRegistry'
00:07:19.793 qrouter [Test worker] DEBUG o.s.b.f.annotation.InjectionMetadata -Processing injected element of bean 'documentationPluginsManager': AutowiredFieldElement for private org.springframework.plugin.core.PluginRegistry springfox.documentation.spring.web.plugins.DocumentationPluginsManager.parameterPlugins
00:07:19.800 qrouter [Test worker] DEBUG o.s.b.f.s.DefaultListableBeanFactory -Creating shared instance of singleton bean 'parameterBuilderPluginRegistry'
00:07:19.800 qrouter [Test worker] DEBUG o.s.b.f.s.DefaultListableBeanFactory -Creating instance of bean 'parameterBuilderPluginRegistry'
00:07:19.801 qrouter [Test worker] DEBUG o.s.b.f.s.DefaultListableBeanFactory -Returning cached instance of singleton bean 'org.springframework.transaction.config.internalTransactionAdvisor'
00:07:19.802 qrouter [Test worker] DEBUG o.s.b.f.s.DefaultListableBeanFactory -Eagerly caching bean 'parameterBuilderPluginRegistry' to allow for resolving potential circular references
00:07:19.803 qrouter [Test worker] DEBUG o.s.b.f.s.DefaultListableBeanFactory -Invoking afterPropertiesSet() on bean with name 'parameterBuilderPluginRegistry'
00:07:19.803 qrouter [Test worker] DEBUG o.s.b.f.s.DefaultListableBeanFactory -Returning cached instance of singleton bean 'org.springframework.transaction.config.internalTransactionAdvisor'
00:07:19.803 qrouter [Test worker] DEBUG o.s.b.f.s.DefaultListableBeanFactory -Returning cached instance of singleton bean 'org.springframework.transaction.config.internalTransactionAdvisor'
00:07:19.804 qrouter [Test worker] DEBUG o.s.b.f.s.DefaultListableBeanFactory -Finished creating instance of bean 'parameterBuilderPluginRegistry'
00:07:19.804 qrouter [Test worker] DEBUG o.s.aop.framework.JdkDynamicAopProxy -Creating JDK dynamic proxy: target source is org.springframework.plugin.core.support.AbstractTypeAwareSupport$BeansOfTypeTargetSource@9ed691
00:07:19.804 qrouter [Test worker] DEBUG o.s.b.f.s.DefaultListableBeanFactory -Returning cached instance of singleton bean 'org.springframework.transaction.config.internalTransactionAdvisor'
00:07:19.805 qrouter [Test worker] DEBUG o.s.b.f.s.DefaultListableBeanFactory -Returning cached instance of singleton bean 'org.springframework.transaction.config.internalTransactionAdvisor'
00:07:19.806 qrouter [Test worker] DEBUG o.s.b.f.a.AutowiredAnnotationBeanPostProcessor -Autowiring by type from bean name 'documentationPluginsManager' to bean named 'parameterBuilderPluginRegistry'
00:07:19.806 qrouter [Test worker] DEBUG o.s.b.f.annotation.InjectionMetadata -Processing injected element of bean 'documentationPluginsManager': AutowiredFieldElement for private org.springframework.plugin.core.PluginRegistry springfox.documentation.spring.web.plugins.DocumentationPluginsManager.parameterExpanderPlugins
00:07:19.814 qrouter [Test worker] DEBUG o.s.b.f.s.DefaultListableBeanFactory -Creating shared instance of singleton bean 'expandedParameterBuilderPluginRegistry'
00:07:19.815 qrouter [Test worker] DEBUG o.s.b.f.s.DefaultListableBeanFactory -Creating instance of bean 'expandedParameterBuilderPluginRegistry'
00:07:19.815 qrouter [Test worker] DEBUG o.s.b.f.s.DefaultListableBeanFactory -Returning cached instance of singleton bean 'org.springframework.transaction.config.internalTransactionAdvisor'
00:07:19.816 qrouter [Test worker] DEBUG o.s.b.f.s.DefaultListableBeanFactory -Eagerly caching bean 'expandedParameterBuilderPluginRegistry' to allow for resolving potential circular references
00:07:19.817 qrouter [Test worker] DEBUG o.s.b.f.s.DefaultListableBeanFactory -Invoking afterPropertiesSet() on bean with name 'expandedParameterBuilderPluginRegistry'
00:07:19.817 qrouter [Test worker] DEBUG o.s.b.f.s.DefaultListableBeanFactory -Returning cached instance of singleton bean 'org.springframework.transaction.config.internalTransactionAdvisor'
00:07:19.817 qrouter [Test worker] DEBUG o.s.b.f.s.DefaultListableBeanFactory -Returning cached instance of singleton bean 'org.springframework.transaction.config.internalTransactionAdvisor'
00:07:19.818 qrouter [Test worker] DEBUG o.s.b.f.s.DefaultListableBeanFactory -Finished creating instance of bean 'expandedParameterBuilderPluginRegistry'
00:07:19.819 qrouter [Test worker] DEBUG o.s.aop.framework.JdkDynamicAopProxy -Creating JDK dynamic proxy: target source is org.springframework.plugin.core.support.AbstractTypeAwareSupport$BeansOfTypeTargetSource@1ca039
00:07:19.819 qrouter [Test worker] DEBUG o.s.b.f.s.DefaultListableBeanFactory -Returning cached instance of singleton bean 'org.springframework.transaction.config.internalTransactionAdvisor'
00:07:19.820 qrouter [Test worker] DEBUG o.s.b.f.s.DefaultListableBeanFactory -Returning cached instance of singleton bean 'org.springframework.transaction.config.internalTransactionAdvisor'
00:07:19.820 qrouter [Test worker] DEBUG o.s.b.f.a.AutowiredAnnotationBeanPostProcessor -Autowiring by type from bean name 'documentationPluginsManager' to bean named 'expandedParameterBuilderPluginRegistry'
00:07:19.821 qrouter [Test worker] DEBUG o.s.b.f.annotation.InjectionMetadata -Processing injected element of bean 'documentationPluginsManager': AutowiredFieldElement for private org.springframework.plugin.core.PluginRegistry springfox.documentation.spring.web.plugins.DocumentationPluginsManager.operationBuilderPlugins
00:07:19.830 qrouter [Test worker] DEBUG o.s.b.f.s.DefaultListableBeanFactory -Creating shared instance of singleton bean 'operationBuilderPluginRegistry'
00:07:19.831 qrouter [Test worker] DEBUG o.s.b.f.s.DefaultListableBeanFactory -Creating instance of bean 'operationBuilderPluginRegistry'
00:07:19.831 qrouter [Test worker] DEBUG o.s.b.f.s.DefaultListableBeanFactory -Returning cached instance of singleton bean 'org.springframework.transaction.config.internalTransactionAdvisor'
00:07:19.832 qrouter [Test worker] DEBUG o.s.b.f.s.DefaultListableBeanFactory -Eagerly caching bean 'operationBuilderPluginRegistry' to allow for resolving potential circular references
00:07:19.833 qrouter [Test worker] DEBUG o.s.b.f.s.DefaultListableBeanFactory -Invoking afterPropertiesSet() on bean with name 'operationBuilderPluginRegistry'
00:07:19.833 qrouter [Test worker] DEBUG o.s.b.f.s.DefaultListableBeanFactory -Returning cached instance of singleton bean 'org.springframework.transaction.config.internalTransactionAdvisor'
00:07:19.833 qrouter [Test worker] DEBUG o.s.b.f.s.DefaultListableBeanFactory -Returning cached instance of singleton bean 'org.springframework.transaction.config.internalTransactionAdvisor'
00:07:19.834 qrouter [Test worker] DEBUG o.s.b.f.s.DefaultListableBeanFactory -Finished creating instance of bean 'operationBuilderPluginRegistry'
00:07:19.834 qrouter [Test worker] DEBUG o.s.aop.framework.JdkDynamicAopProxy -Creating JDK dynamic proxy: target source is org.springframework.plugin.core.support.AbstractTypeAwareSupport$BeansOfTypeTargetSource@7b567e
00:07:19.835 qrouter [Test worker] DEBUG o.s.b.f.s.DefaultListableBeanFactory -Returning cached instance of singleton bean 'org.springframework.transaction.config.internalTransactionAdvisor'
00:07:19.835 qrouter [Test worker] DEBUG o.s.b.f.s.DefaultListableBeanFactory -Returning cached instance of singleton bean 'org.springframework.transaction.config.internalTransactionAdvisor'
00:07:19.836 qrouter [Test worker] DEBUG o.s.b.f.a.AutowiredAnnotationBeanPostProcessor -Autowiring by type from bean name 'documentationPluginsManager' to bean named 'operationBuilderPluginRegistry'
00:07:19.836 qrouter [Test worker] DEBUG o.s.b.f.annotation.InjectionMetadata -Processing injected element of bean 'documentationPluginsManager': AutowiredFieldElement for private org.springframework.plugin.core.PluginRegistry springfox.documentation.spring.web.plugins.DocumentationPluginsManager.resourceGroupingStrategies
00:07:19.843 qrouter [Test worker] DEBUG o.s.b.f.s.DefaultListableBeanFactory -Creating shared instance of singleton bean 'resourceGroupingStrategyRegistry'
00:07:19.843 qrouter [Test worker] DEBUG o.s.b.f.s.DefaultListableBeanFactory -Creating instance of bean 'resourceGroupingStrategyRegistry'
00:07:19.843 qrouter [Test worker] DEBUG o.s.b.f.s.DefaultListableBeanFactory -Returning cached instance of singleton bean 'org.springframework.transaction.config.internalTransactionAdvisor'
00:07:19.845 qrouter [Test worker] DEBUG o.s.b.f.s.DefaultListableBeanFactory -Eagerly caching bean 'resourceGroupingStrategyRegistry' to allow for resolving potential circular references
00:07:19.845 qrouter [Test worker] DEBUG o.s.b.f.s.DefaultListableBeanFactory -Invoking afterPropertiesSet() on bean with name 'resourceGroupingStrategyRegistry'
00:07:19.846 qrouter [Test worker] DEBUG o.s.b.f.s.DefaultListableBeanFactory -Returning cached instance of singleton bean 'org.springframework.transaction.config.internalTransactionAdvisor'
00:07:19.846 qrouter [Test worker] DEBUG o.s.b.f.s.DefaultListableBeanFactory -Returning cached instance of singleton bean 'org.springframework.transaction.config.internalTransactionAdvisor'
00:07:19.847 qrouter [Test worker] DEBUG o.s.b.f.s.DefaultListableBeanFactory -Finished creating instance of bean 'resourceGroupingStrategyRegistry'
00:07:19.847 qrouter [Test worker] DEBUG o.s.aop.framework.JdkDynamicAopProxy -Creating JDK dynamic proxy: target source is org.springframework.plugin.core.support.AbstractTypeAwareSupport$BeansOfTypeTargetSource@180c733
00:07:19.847 qrouter [Test worker] DEBUG o.s.b.f.s.DefaultListableBeanFactory -Returning cached instance of singleton bean 'org.springframework.transaction.config.internalTransactionAdvisor'
00:07:19.848 qrouter [Test worker] DEBUG o.s.b.f.s.DefaultListableBeanFactory -Returning cached instance of singleton bean 'org.springframework.transaction.config.internalTransactionAdvisor'
00:07:19.848 qrouter [Test worker] DEBUG o.s.b.f.a.AutowiredAnnotationBeanPostProcessor -Autowiring by type from bean name 'documentationPluginsManager' to bean named 'resourceGroupingStrategyRegistry'
00:07:19.849 qrouter [Test worker] DEBUG o.s.b.f.annotation.InjectionMetadata -Processing injected element of bean 'documentationPluginsManager': AutowiredFieldElement for private org.springframework.plugin.core.PluginRegistry springfox.documentation.spring.web.plugins.DocumentationPluginsManager.operationModelsProviders
00:07:19.859 qrouter [Test worker] DEBUG o.s.b.f.s.DefaultListableBeanFactory -Creating shared instance of singleton bean 'operationModelsProviderPluginRegistry'
00:07:19.859 qrouter [Test worker] DEBUG o.s.b.f.s.DefaultListableBeanFactory -Creating instance of bean 'operationModelsProviderPluginRegistry'
00:07:19.859 qrouter [Test worker] DEBUG o.s.b.f.s.DefaultListableBeanFactory -Returning cached instance of singleton bean 'org.springframework.transaction.config.internalTransactionAdvisor'
00:07:19.861 qrouter [Test worker] DEBUG o.s.b.f.s.DefaultListableBeanFactory -Eagerly caching bean 'operationModelsProviderPluginRegistry' to allow for resolving potential circular references
00:07:19.861 qrouter [Test worker] DEBUG o.s.b.f.s.DefaultListableBeanFactory -Invoking afterPropertiesSet() on bean with name 'operationModelsProviderPluginRegistry'
00:07:19.862 qrouter [Test worker] DEBUG o.s.b.f.s.DefaultListableBeanFactory -Returning cached instance of singleton bean 'org.springframework.transaction.config.internalTransactionAdvisor'
00:07:19.862 qrouter [Test worker] DEBUG o.s.b.f.s.DefaultListableBeanFactory -Returning cached instance of singleton bean 'org.springframework.transaction.config.internalTransactionAdvisor'
00:07:19.862 qrouter [Test worker] DEBUG o.s.b.f.s.DefaultListableBeanFactory -Finished creating instance of bean 'operationModelsProviderPluginRegistry'
00:07:19.863 qrouter [Test worker] DEBUG o.s.aop.framework.JdkDynamicAopProxy -Creating JDK dynamic proxy: target source is org.springframework.plugin.core.support.AbstractTypeAwareSupport$BeansOfTypeTargetSource@979204
00:07:19.863 qrouter [Test worker] DEBUG o.s.b.f.s.DefaultListableBeanFactory -Returning cached instance of singleton bean 'org.springframework.transaction.config.internalTransactionAdvisor'
00:07:19.863 qrouter [Test worker] DEBUG o.s.b.f.s.DefaultListableBeanFactory -Returning cached instance of singleton bean 'org.springframework.transaction.config.internalTransactionAdvisor'
00:07:19.864 qrouter [Test worker] DEBUG o.s.b.f.a.AutowiredAnnotationBeanPostProcessor -Autowiring by type from bean name 'documentationPluginsManager' to bean named 'operationModelsProviderPluginRegistry'
00:07:19.864 qrouter [Test worker] DEBUG o.s.b.f.annotation.InjectionMetadata -Processing injected element of bean 'documentationPluginsManager': AutowiredFieldElement for private org.springframework.plugin.core.PluginRegistry springfox.documentation.spring.web.plugins.DocumentationPluginsManager.defaultsProviders
00:07:19.871 qrouter [Test worker] DEBUG o.s.b.f.s.DefaultListableBeanFactory -Creating shared instance of singleton bean 'defaultsProviderPluginRegistry'
00:07:19.872 qrouter [Test worker] DEBUG o.s.b.f.s.DefaultListableBeanFactory -Creating instance of bean 'defaultsProviderPluginRegistry'
00:07:19.872 qrouter [Test worker] DEBUG o.s.b.f.s.DefaultListableBeanFactory -Returning cached instance of singleton bean 'org.springframework.transaction.config.internalTransactionAdvisor'
00:07:19.873 qrouter [Test worker] DEBUG o.s.b.f.s.DefaultListableBeanFactory -Eagerly caching bean 'defaultsProviderPluginRegistry' to allow for resolving potential circular references
00:07:19.874 qrouter [Test worker] DEBUG o.s.b.f.s.DefaultListableBeanFactory -Invoking afterPropertiesSet() on bean with name 'defaultsProviderPluginRegistry'
00:07:19.874 qrouter [Test worker] DEBUG o.s.b.f.s.DefaultListableBeanFactory -Returning cached instance of singleton bean 'org.springframework.transaction.config.internalTransactionAdvisor'
00:07:19.874 qrouter [Test worker] DEBUG o.s.b.f.s.DefaultListableBeanFactory -Returning cached instance of singleton bean 'org.springframework.transaction.config.internalTransactionAdvisor'
00:07:19.875 qrouter [Test worker] DEBUG o.s.b.f.s.DefaultListableBeanFactory -Finished creating instance of bean 'defaultsProviderPluginRegistry'
00:07:19.875 qrouter [Test worker] DEBUG o.s.aop.framework.JdkDynamicAopProxy -Creating JDK dynamic proxy: target source is org.springframework.plugin.core.support.AbstractTypeAwareSupport$BeansOfTypeTargetSource@f30570
00:07:19.875 qrouter [Test worker] DEBUG o.s.b.f.s.DefaultListableBeanFactory -Returning cached instance of singleton bean 'org.springframework.transaction.config.internalTransactionAdvisor'
00:07:19.876 qrouter [Test worker] DEBUG o.s.b.f.s.DefaultListableBeanFactory -Returning cached instance of singleton bean 'org.springframework.transaction.config.internalTransactionAdvisor'
00:07:19.876 qrouter [Test worker] DEBUG o.s.b.f.a.AutowiredAnnotationBeanPostProcessor -Autowiring by type from bean name 'documentationPluginsManager' to bean named 'defaultsProviderPluginRegistry'
00:07:19.876 qrouter [Test worker] DEBUG o.s.b.f.annotation.InjectionMetadata -Processing injected element of bean 'documentationPluginsManager': AutowiredFieldElement for private org.springframework.plugin.core.PluginRegistry springfox.documentation.spring.web.plugins.DocumentationPluginsManager.pathDecorators
00:07:19.885 qrouter [Test worker] DEBUG o.s.b.f.s.DefaultListableBeanFactory -Creating shared instance of singleton bean 'pathDecoratorRegistry'
00:07:19.885 qrouter [Test worker] DEBUG o.s.b.f.s.DefaultListableBeanFactory -Creating instance of bean 'pathDecoratorRegistry'
00:07:19.886 qrouter [Test worker] DEBUG o.s.b.f.s.DefaultListableBeanFactory -Returning cached instance of singleton bean 'org.springframework.transaction.config.internalTransactionAdvisor'
00:07:19.887 qrouter [Test worker] DEBUG o.s.b.f.s.DefaultListableBeanFactory -Eagerly caching bean 'pathDecoratorRegistry' to allow for resolving potential circular references
00:07:19.888 qrouter [Test worker] DEBUG o.s.b.f.s.DefaultListableBeanFactory -Invoking afterPropertiesSet() on bean with name 'pathDecoratorRegistry'
00:07:19.888 qrouter [Test worker] DEBUG o.s.b.f.s.DefaultListableBeanFactory -Returning cached instance of singleton bean 'org.springframework.transaction.config.internalTransactionAdvisor'
00:07:19.888 qrouter [Test worker] DEBUG o.s.b.f.s.DefaultListableBeanFactory -Returning cached instance of singleton bean 'org.springframework.transaction.config.internalTransactionAdvisor'
00:07:19.889 qrouter [Test worker] DEBUG o.s.b.f.s.DefaultListableBeanFactory -Finished creating instance of bean 'pathDecoratorRegistry'
00:07:19.890 qrouter [Test worker] DEBUG o.s.aop.framework.JdkDynamicAopProxy -Creating JDK dynamic proxy: target source is org.springframework.plugin.core.support.AbstractTypeAwareSupport$BeansOfTypeTargetSource@a502cd
00:07:19.890 qrouter [Test worker] DEBUG o.s.b.f.s.DefaultListableBeanFactory -Returning cached instance of singleton bean 'org.springframework.transaction.config.internalTransactionAdvisor'
00:07:19.890 qrouter [Test worker] DEBUG o.s.b.f.s.DefaultListableBeanFactory -Returning cached instance of singleton bean 'org.springframework.transaction.config.internalTransactionAdvisor'
00:07:19.891 qrouter [Test worker] DEBUG o.s.b.f.a.AutowiredAnnotationBeanPostProcessor -Autowiring by type from bean name 'documentationPluginsManager' to bean named 'pathDecoratorRegistry'
00:07:19.892 qrouter [Test worker] DEBUG o.s.b.f.s.DefaultListableBeanFactory -Returning cached instance of singleton bean 'org.springframework.transaction.config.internalTransactionAdvisor'
00:07:19.892 qrouter [Test worker] DEBUG o.s.b.f.s.DefaultListableBeanFactory -Returning cached instance of singleton bean 'org.springframework.transaction.config.internalTransactionAdvisor'
00:07:19.894 qrouter [Test worker] DEBUG o.s.b.f.s.DefaultListableBeanFactory -Finished creating instance of bean 'documentationPluginsManager'
00:07:19.899 qrouter [Test worker] DEBUG o.s.b.f.s.DefaultListableBeanFactory -Creating shared instance of singleton bean 'cachingOperationNameGenerator'
00:07:19.899 qrouter [Test worker] DEBUG o.s.b.f.s.DefaultListableBeanFactory -Creating instance of bean 'cachingOperationNameGenerator'
00:07:19.900 qrouter [Test worker] DEBUG o.s.b.f.s.DefaultListableBeanFactory -Returning cached instance of singleton bean 'org.springframework.transaction.config.internalTransactionAdvisor'
00:07:19.902 qrouter [Test worker] DEBUG o.s.b.f.s.DefaultListableBeanFactory -Eagerly caching bean 'cachingOperationNameGenerator' to allow for resolving potential circular references
00:07:19.908 qrouter [Test worker] DEBUG o.s.b.f.s.DefaultListableBeanFactory -Returning cached instance of singleton bean 'org.springframework.transaction.config.internalTransactionAdvisor'
00:07:19.908 qrouter [Test worker] DEBUG o.s.b.f.s.DefaultListableBeanFactory -Returning cached instance of singleton bean 'org.springframework.transaction.config.internalTransactionAdvisor'
00:07:19.910 qrouter [Test worker] DEBUG o.s.b.f.s.DefaultListableBeanFactory -Finished creating instance of bean 'cachingOperationNameGenerator'
00:07:19.910 qrouter [Test worker] DEBUG o.s.b.f.s.DefaultListableBeanFactory -Autowiring by type from bean name 'apiOperationReader' via constructor to bean named 'documentationPluginsManager'
00:07:19.911 qrouter [Test worker] DEBUG o.s.b.f.s.DefaultListableBeanFactory -Autowiring by type from bean name 'apiOperationReader' via constructor to bean named 'cachingOperationNameGenerator'
00:07:19.913 qrouter [Test worker] DEBUG o.s.b.f.s.DefaultListableBeanFactory -Eagerly caching bean 'apiOperationReader' to allow for resolving potential circular references
00:07:19.923 qrouter [Test worker] DEBUG o.s.b.f.s.DefaultListableBeanFactory -Returning cached instance of singleton bean 'org.springframework.transaction.config.internalTransactionAdvisor'
00:07:19.923 qrouter [Test worker] DEBUG o.s.b.f.s.DefaultListableBeanFactory -Returning cached instance of singleton bean 'org.springframework.transaction.config.internalTransactionAdvisor'
00:07:19.924 qrouter [Test worker] DEBUG o.s.b.f.s.DefaultListableBeanFactory -Finished creating instance of bean 'apiOperationReader'
00:07:19.924 qrouter [Test worker] DEBUG o.s.b.f.s.DefaultListableBeanFactory -Autowiring by type from bean name 'apiDescriptionReader' via constructor to bean named 'apiOperationReader'
00:07:19.925 qrouter [Test worker] DEBUG o.s.b.f.s.DefaultListableBeanFactory -Eagerly caching bean 'apiDescriptionReader' to allow for resolving potential circular references
00:07:19.932 qrouter [Test worker] DEBUG o.s.b.f.s.DefaultListableBeanFactory -Returning cached instance of singleton bean 'org.springframework.transaction.config.internalTransactionAdvisor'
00:07:19.932 qrouter [Test worker] DEBUG o.s.b.f.s.DefaultListableBeanFactory -Returning cached instance of singleton bean 'org.springframework.transaction.config.internalTransactionAdvisor'
00:07:19.934 qrouter [Test worker] DEBUG o.s.b.f.s.DefaultListableBeanFactory -Finished creating instance of bean 'apiDescriptionReader'
00:07:19.934 qrouter [Test worker] DEBUG o.s.b.f.s.DefaultListableBeanFactory -Creating shared instance of singleton bean 'apiDocumentationScanner'
00:07:19.934 qrouter [Test worker] DEBUG o.s.b.f.s.DefaultListableBeanFactory -Creating instance of bean 'apiDocumentationScanner'
00:07:19.935 qrouter [Test worker] DEBUG o.s.b.f.s.DefaultListableBeanFactory -Returning cached instance of singleton bean 'org.springframework.transaction.config.internalTransactionAdvisor'
00:07:19.950 qrouter [Test worker] DEBUG o.s.b.f.s.DefaultListableBeanFactory -Creating shared instance of singleton bean 'apiListingReferenceScanner'
00:07:19.950 qrouter [Test worker] DEBUG o.s.b.f.s.DefaultListableBeanFactory -Creating instance of bean 'apiListingReferenceScanner'
00:07:19.950 qrouter [Test worker] DEBUG o.s.b.f.s.DefaultListableBeanFactory -Returning cached instance of singleton bean 'org.springframework.transaction.config.internalTransactionAdvisor'
00:07:19.953 qrouter [Test worker] DEBUG o.s.b.f.s.DefaultListableBeanFactory -Eagerly caching bean 'apiListingReferenceScanner' to allow for resolving potential circular references
00:07:19.959 qrouter [Test worker] DEBUG o.s.b.f.s.DefaultListableBeanFactory -Returning cached instance of singleton bean 'org.springframework.transaction.config.internalTransactionAdvisor'
00:07:19.959 qrouter [Test worker] DEBUG o.s.b.f.s.DefaultListableBeanFactory -Returning cached instance of singleton bean 'org.springframework.transaction.config.internalTransactionAdvisor'
00:07:19.960 qrouter [Test worker] DEBUG o.s.b.f.s.DefaultListableBeanFactory -Finished creating instance of bean 'apiListingReferenceScanner'
00:07:19.965 qrouter [Test worker] DEBUG o.s.b.f.s.DefaultListableBeanFactory -Creating shared instance of singleton bean 'apiListingScanner'
00:07:19.965 qrouter [Test worker] DEBUG o.s.b.f.s.DefaultListableBeanFactory -Creating instance of bean 'apiListingScanner'
00:07:19.966 qrouter [Test worker] DEBUG o.s.b.f.s.DefaultListableBeanFactory -Returning cached instance of singleton bean 'org.springframework.transaction.config.internalTransactionAdvisor'
00:07:19.983 qrouter [Test worker] DEBUG o.s.b.f.s.DefaultListableBeanFactory -Returning cached instance of singleton bean 'apiDescriptionReader'
00:07:19.991 qrouter [Test worker] DEBUG o.s.b.f.s.DefaultListableBeanFactory -Creating shared instance of singleton bean 'apiModelReader'
00:07:19.991 qrouter [Test worker] DEBUG o.s.b.f.s.DefaultListableBeanFactory -Creating instance of bean 'apiModelReader'
00:07:19.991 qrouter [Test worker] DEBUG o.s.b.f.s.DefaultListableBeanFactory -Returning cached instance of singleton bean 'org.springframework.transaction.config.internalTransactionAdvisor'
00:07:19.999 qrouter [Test worker] DEBUG o.s.b.f.s.DefaultListableBeanFactory -Creating shared instance of singleton bean 'defaultModelProvider'
00:07:19.999 qrouter [Test worker] DEBUG o.s.b.f.s.DefaultListableBeanFactory -Creating instance of bean 'defaultModelProvider'
00:07:20.000 qrouter [Test worker] DEBUG o.s.b.f.s.DefaultListableBeanFactory -Returning cached instance of singleton bean 'org.springframework.transaction.config.internalTransactionAdvisor'
00:07:20.013 qrouter [Test worker] DEBUG o.s.b.f.s.DefaultListableBeanFactory -Creating shared instance of singleton bean 'typeResolver'
00:07:20.013 qrouter [Test worker] DEBUG o.s.b.f.s.DefaultListableBeanFactory -Creating instance of bean 'typeResolver'
00:07:20.014 qrouter [Test worker] DEBUG o.s.b.f.s.DefaultListableBeanFactory -Returning cached instance of singleton bean 'org.springframework.transaction.config.internalTransactionAdvisor'
00:07:20.014 qrouter [Test worker] DEBUG o.s.b.f.s.DefaultListableBeanFactory -Creating shared instance of singleton bean 'springfox.documentation.schema.configuration.ModelsConfiguration'
00:07:20.015 qrouter [Test worker] DEBUG o.s.b.f.s.DefaultListableBeanFactory -Creating instance of bean 'springfox.documentation.schema.configuration.ModelsConfiguration'
00:07:20.015 qrouter [Test worker] DEBUG o.s.b.f.s.DefaultListableBeanFactory -Returning cached instance of singleton bean 'org.springframework.transaction.config.internalTransactionAdvisor'
00:07:20.018 qrouter [Test worker] DEBUG o.s.b.f.s.DefaultListableBeanFactory -Eagerly caching bean 'springfox.documentation.schema.configuration.ModelsConfiguration' to allow for resolving potential circular references
00:07:20.029 qrouter [Test worker] DEBUG o.s.b.f.s.DefaultListableBeanFactory -Returning cached instance of singleton bean 'org.springframework.transaction.config.internalTransactionAdvisor'
00:07:20.030 qrouter [Test worker] DEBUG o.s.b.f.s.DefaultListableBeanFactory -Returning cached instance of singleton bean 'org.springframework.transaction.config.internalTransactionAdvisor'
00:07:20.036 qrouter [Test worker] DEBUG o.s.b.f.s.DefaultListableBeanFactory -Finished creating instance of bean 'springfox.documentation.schema.configuration.ModelsConfiguration'
00:07:20.074 qrouter [Test worker] DEBUG o.s.b.f.s.DefaultListableBeanFactory -Eagerly caching bean 'typeResolver' to allow for resolving potential circular references
00:07:20.081 qrouter [Test worker] DEBUG o.s.b.f.s.DefaultListableBeanFactory -Returning cached instance of singleton bean 'org.springframework.transaction.config.internalTransactionAdvisor'
00:07:20.081 qrouter [Test worker] DEBUG o.s.b.f.s.DefaultListableBeanFactory -Returning cached instance of singleton bean 'org.springframework.transaction.config.internalTransactionAdvisor'
00:07:20.082 qrouter [Test worker] DEBUG o.s.b.f.s.DefaultListableBeanFactory -Finished creating instance of bean 'typeResolver'
00:07:20.087 qrouter [Test worker] DEBUG o.s.b.f.s.DefaultListableBeanFactory -Creating shared instance of singleton bean 'optimized'
00:07:20.087 qrouter [Test worker] DEBUG o.s.b.f.s.DefaultListableBeanFactory -Creating instance of bean 'optimized'
00:07:20.087 qrouter [Test worker] DEBUG o.s.b.f.s.DefaultListableBeanFactory -Returning cached instance of singleton bean 'org.springframework.transaction.config.internalTransactionAdvisor'
00:07:20.097 qrouter [Test worker] DEBUG o.s.b.f.s.DefaultListableBeanFactory -Creating shared instance of singleton bean 'accessorsProvider'
00:07:20.097 qrouter [Test worker] DEBUG o.s.b.f.s.DefaultListableBeanFactory -Creating instance of bean 'accessorsProvider'
00:07:20.098 qrouter [Test worker] DEBUG o.s.b.f.s.DefaultListableBeanFactory -Returning cached instance of singleton bean 'org.springframework.transaction.config.internalTransactionAdvisor'
00:07:20.106 qrouter [Test worker] DEBUG o.s.b.f.s.DefaultListableBeanFactory -Returning cached instance of singleton bean 'typeResolver'
00:07:20.106 qrouter [Test worker] DEBUG o.s.b.f.s.DefaultListableBeanFactory -Autowiring by type from bean name 'accessorsProvider' via constructor to bean named 'typeResolver'
00:07:20.107 qrouter [Test worker] DEBUG o.s.b.f.s.DefaultListableBeanFactory -Eagerly caching bean 'accessorsProvider' to allow for resolving potential circular references
00:07:20.112 qrouter [Test worker] DEBUG o.s.b.f.s.DefaultListableBeanFactory -Returning cached instance of singleton bean 'org.springframework.transaction.config.internalTransactionAdvisor'
00:07:20.112 qrouter [Test worker] DEBUG o.s.b.f.s.DefaultListableBeanFactory -Returning cached instance of singleton bean 'org.springframework.transaction.config.internalTransactionAdvisor'
00:07:20.112 qrouter [Test worker] DEBUG o.s.b.f.s.DefaultListableBeanFactory -Finished creating instance of bean 'accessorsProvider'
00:07:20.117 qrouter [Test worker] DEBUG o.s.b.f.s.DefaultListableBeanFactory -Creating shared instance of singleton bean 'fieldProvider'
00:07:20.117 qrouter [Test worker] DEBUG o.s.b.f.s.DefaultListableBeanFactory -Creating instance of bean 'fieldProvider'
00:07:20.117 qrouter [Test worker] DEBUG o.s.b.f.s.DefaultListableBeanFactory -Returning cached instance of singleton bean 'org.springframework.transaction.config.internalTransactionAdvisor'
00:07:20.120 qrouter [Test worker] DEBUG o.s.b.f.s.DefaultListableBeanFactory -Returning cached instance of singleton bean 'typeResolver'
00:07:20.120 qrouter [Test worker] DEBUG o.s.b.f.s.DefaultListableBeanFactory -Autowiring by type from bean name 'fieldProvider' via constructor to bean named 'typeResolver'
00:07:20.121 qrouter [Test worker] DEBUG o.s.b.f.s.DefaultListableBeanFactory -Eagerly caching bean 'fieldProvider' to allow for resolving potential circular references
00:07:20.125 qrouter [Test worker] DEBUG o.s.b.f.s.DefaultListableBeanFactory -Returning cached instance of singleton bean 'org.springframework.transaction.config.internalTransactionAdvisor'
00:07:20.125 qrouter [Test worker] DEBUG o.s.b.f.s.DefaultListableBeanFactory -Returning cached instance of singleton bean 'org.springframework.transaction.config.internalTransactionAdvisor'
00:07:20.126 qrouter [Test worker] DEBUG o.s.b.f.s.DefaultListableBeanFactory -Finished creating instance of bean 'fieldProvider'
00:07:20.126 qrouter [Test worker] DEBUG o.s.b.f.s.DefaultListableBeanFactory -Returning cached instance of singleton bean 'typeResolver'
00:07:20.131 qrouter [Test worker] DEBUG o.s.b.f.s.DefaultListableBeanFactory -Creating shared instance of singleton bean 'objectMapperBeanPropertyNamingStrategy'
00:07:20.131 qrouter [Test worker] DEBUG o.s.b.f.s.DefaultListableBeanFactory -Creating instance of bean 'objectMapperBeanPropertyNamingStrategy'
00:07:20.131 qrouter [Test worker] DEBUG o.s.b.f.s.DefaultListableBeanFactory -Returning cached instance of singleton bean 'org.springframework.transaction.config.internalTransactionAdvisor'
00:07:20.133 qrouter [Test worker] DEBUG o.s.b.f.s.DefaultListableBeanFactory -Eagerly caching bean 'objectMapperBeanPropertyNamingStrategy' to allow for resolving potential circular references
00:07:20.142 qrouter [Test worker] DEBUG o.s.b.f.s.DefaultListableBeanFactory -Returning cached instance of singleton bean 'org.springframework.transaction.config.internalTransactionAdvisor'
00:07:20.142 qrouter [Test worker] DEBUG o.s.b.f.s.DefaultListableBeanFactory -Returning cached instance of singleton bean 'org.springframework.transaction.config.internalTransactionAdvisor'
00:07:20.144 qrouter [Test worker] DEBUG o.s.b.f.s.DefaultListableBeanFactory -Finished creating instance of bean 'objectMapperBeanPropertyNamingStrategy'
00:07:20.149 qrouter [Test worker] DEBUG o.s.b.f.s.DefaultListableBeanFactory -Creating shared instance of singleton bean 'schemaPluginsManager'
00:07:20.149 qrouter [Test worker] DEBUG o.s.b.f.s.DefaultListableBeanFactory -Creating instance of bean 'schemaPluginsManager'
00:07:20.149 qrouter [Test worker] DEBUG o.s.b.f.s.DefaultListableBeanFactory -Returning cached instance of singleton bean 'org.springframework.transaction.config.internalTransactionAdvisor'
00:07:20.159 qrouter [Test worker] DEBUG o.s.b.f.s.DefaultListableBeanFactory -Creating shared instance of singleton bean 'modelPropertyBuilderPluginRegistry'
00:07:20.159 qrouter [Test worker] DEBUG o.s.b.f.s.DefaultListableBeanFactory -Creating instance of bean 'modelPropertyBuilderPluginRegistry'
00:07:20.159 qrouter [Test worker] DEBUG o.s.b.f.s.DefaultListableBeanFactory -Returning cached instance of singleton bean 'org.springframework.transaction.config.internalTransactionAdvisor'
00:07:20.160 qrouter [Test worker] DEBUG o.s.b.f.s.DefaultListableBeanFactory -Eagerly caching bean 'modelPropertyBuilderPluginRegistry' to allow for resolving potential circular references
00:07:20.160 qrouter [Test worker] DEBUG o.s.b.f.s.DefaultListableBeanFactory -Invoking afterPropertiesSet() on bean with name 'modelPropertyBuilderPluginRegistry'
00:07:20.160 qrouter [Test worker] DEBUG o.s.b.f.s.DefaultListableBeanFactory -Returning cached instance of singleton bean 'org.springframework.transaction.config.internalTransactionAdvisor'
00:07:20.161 qrouter [Test worker] DEBUG o.s.b.f.s.DefaultListableBeanFactory -Returning cached instance of singleton bean 'org.springframework.transaction.config.internalTransactionAdvisor'
00:07:20.161 qrouter [Test worker] DEBUG o.s.b.f.s.DefaultListableBeanFactory -Finished creating instance of bean 'modelPropertyBuilderPluginRegistry'
00:07:20.161 qrouter [Test worker] DEBUG o.s.aop.framework.JdkDynamicAopProxy -Creating JDK dynamic proxy: target source is org.springframework.plugin.core.support.AbstractTypeAwareSupport$BeansOfTypeTargetSource@1863d4b
00:07:20.162 qrouter [Test worker] DEBUG o.s.b.f.s.DefaultListableBeanFactory -Returning cached instance of singleton bean 'org.springframework.transaction.config.internalTransactionAdvisor'
00:07:20.162 qrouter [Test worker] DEBUG o.s.b.f.s.DefaultListableBeanFactory -Returning cached instance of singleton bean 'org.springframework.transaction.config.internalTransactionAdvisor'
00:07:20.167 qrouter [Test worker] DEBUG o.s.b.f.s.DefaultListableBeanFactory -Creating shared instance of singleton bean 'modelBuilderPluginRegistry'
00:07:20.168 qrouter [Test worker] DEBUG o.s.b.f.s.DefaultListableBeanFactory -Creating instance of bean 'modelBuilderPluginRegistry'
00:07:20.168 qrouter [Test worker] DEBUG o.s.b.f.s.DefaultListableBeanFactory -Returning cached instance of singleton bean 'org.springframework.transaction.config.internalTransactionAdvisor'
00:07:20.169 qrouter [Test worker] DEBUG o.s.b.f.s.DefaultListableBeanFactory -Eagerly caching bean 'modelBuilderPluginRegistry' to allow for resolving potential circular references
00:07:20.169 qrouter [Test worker] DEBUG o.s.b.f.s.DefaultListableBeanFactory -Invoking afterPropertiesSet() on bean with name 'modelBuilderPluginRegistry'
00:07:20.170 qrouter [Test worker] DEBUG o.s.b.f.s.DefaultListableBeanFactory -Returning cached instance of singleton bean 'org.springframework.transaction.config.internalTransactionAdvisor'
00:07:20.170 qrouter [Test worker] DEBUG o.s.b.f.s.DefaultListableBeanFactory -Returning cached instance of singleton bean 'org.springframework.transaction.config.internalTransactionAdvisor'
00:07:20.171 qrouter [Test worker] DEBUG o.s.b.f.s.DefaultListableBeanFactory -Finished creating instance of bean 'modelBuilderPluginRegistry'
00:07:20.171 qrouter [Test worker] DEBUG o.s.aop.framework.JdkDynamicAopProxy -Creating JDK dynamic proxy: target source is org.springframework.plugin.core.support.AbstractTypeAwareSupport$BeansOfTypeTargetSource@4944a1
00:07:20.171 qrouter [Test worker] DEBUG o.s.b.f.s.DefaultListableBeanFactory -Returning cached instance of singleton bean 'org.springframework.transaction.config.internalTransactionAdvisor'
00:07:20.172 qrouter [Test worker] DEBUG o.s.b.f.s.DefaultListableBeanFactory -Returning cached instance of singleton bean 'org.springframework.transaction.config.internalTransactionAdvisor'
00:07:20.173 qrouter [Test worker] DEBUG o.s.b.f.s.DefaultListableBeanFactory -Autowiring by type from bean name 'schemaPluginsManager' via constructor to bean named 'modelPropertyBuilderPluginRegistry'
00:07:20.173 qrouter [Test worker] DEBUG o.s.b.f.s.DefaultListableBeanFactory -Autowiring by type from bean name 'schemaPluginsManager' via constructor to bean named 'modelBuilderPluginRegistry'
00:07:20.174 qrouter [Test worker] DEBUG o.s.b.f.s.DefaultListableBeanFactory -Eagerly caching bean 'schemaPluginsManager' to allow for resolving potential circular references
00:07:20.178 qrouter [Test worker] DEBUG o.s.b.f.s.DefaultListableBeanFactory -Returning cached instance of singleton bean 'org.springframework.transaction.config.internalTransactionAdvisor'
00:07:20.179 qrouter [Test worker] DEBUG o.s.b.f.s.DefaultListableBeanFactory -Returning cached instance of singleton bean 'org.springframework.transaction.config.internalTransactionAdvisor'
00:07:20.179 qrouter [Test worker] DEBUG o.s.b.f.s.DefaultListableBeanFactory -Finished creating instance of bean 'schemaPluginsManager'
00:07:20.184 qrouter [Test worker] DEBUG o.s.b.f.s.DefaultListableBeanFactory -Creating shared instance of singleton bean 'typeNameExtractor'
00:07:20.184 qrouter [Test worker] DEBUG o.s.b.f.s.DefaultListableBeanFactory -Creating instance of bean 'typeNameExtractor'
00:07:20.184 qrouter [Test worker] DEBUG o.s.b.f.s.DefaultListableBeanFactory -Returning cached instance of singleton bean 'org.springframework.transaction.config.internalTransactionAdvisor'
00:07:20.190 qrouter [Test worker] DEBUG o.s.b.f.s.DefaultListableBeanFactory -Returning cached instance of singleton bean 'typeResolver'
00:07:20.195 qrouter [Test worker] DEBUG o.s.b.f.s.DefaultListableBeanFactory -Creating shared instance of singleton bean 'typeNameProviderPluginRegistry'
00:07:20.195 qrouter [Test worker] DEBUG o.s.b.f.s.DefaultListableBeanFactory -Creating instance of bean 'typeNameProviderPluginRegistry'
00:07:20.195 qrouter [Test worker] DEBUG o.s.b.f.s.DefaultListableBeanFactory -Returning cached instance of singleton bean 'org.springframework.transaction.config.internalTransactionAdvisor'
00:07:20.196 qrouter [Test worker] DEBUG o.s.b.f.s.DefaultListableBeanFactory -Eagerly caching bean 'typeNameProviderPluginRegistry' to allow for resolving potential circular references
00:07:20.197 qrouter [Test worker] DEBUG o.s.b.f.s.DefaultListableBeanFactory -Invoking afterPropertiesSet() on bean with name 'typeNameProviderPluginRegistry'
00:07:20.197 qrouter [Test worker] DEBUG o.s.b.f.s.DefaultListableBeanFactory -Returning cached instance of singleton bean 'org.springframework.transaction.config.internalTransactionAdvisor'
00:07:20.197 qrouter [Test worker] DEBUG o.s.b.f.s.DefaultListableBeanFactory -Returning cached instance of singleton bean 'org.springframework.transaction.config.internalTransactionAdvisor'
00:07:20.198 qrouter [Test worker] DEBUG o.s.b.f.s.DefaultListableBeanFactory -Finished creating instance of bean 'typeNameProviderPluginRegistry'
00:07:20.198 qrouter [Test worker] DEBUG o.s.aop.framework.JdkDynamicAopProxy -Creating JDK dynamic proxy: target source is org.springframework.plugin.core.support.AbstractTypeAwareSupport$BeansOfTypeTargetSource@13b7b44
00:07:20.199 qrouter [Test worker] DEBUG o.s.b.f.s.DefaultListableBeanFactory -Returning cached instance of singleton bean 'org.springframework.transaction.config.internalTransactionAdvisor'
00:07:20.199 qrouter [Test worker] DEBUG o.s.b.f.s.DefaultListableBeanFactory -Returning cached instance of singleton bean 'org.springframework.transaction.config.internalTransactionAdvisor'
00:07:20.199 qrouter [Test worker] DEBUG o.s.b.f.s.DefaultListableBeanFactory -Autowiring by type from bean name 'typeNameExtractor' via constructor to bean named 'typeResolver'
00:07:20.200 qrouter [Test worker] DEBUG o.s.b.f.s.DefaultListableBeanFactory -Autowiring by type from bean name 'typeNameExtractor' via constructor to bean named 'typeNameProviderPluginRegistry'
00:07:20.200 qrouter [Test worker] DEBUG o.s.b.f.s.DefaultListableBeanFactory -Eagerly caching bean 'typeNameExtractor' to allow for resolving potential circular references
00:07:20.204 qrouter [Test worker] DEBUG o.s.b.f.s.DefaultListableBeanFactory -Returning cached instance of singleton bean 'org.springframework.transaction.config.internalTransactionAdvisor'
00:07:20.204 qrouter [Test worker] DEBUG o.s.b.f.s.DefaultListableBeanFactory -Returning cached instance of singleton bean 'org.springframework.transaction.config.internalTransactionAdvisor'
00:07:20.205 qrouter [Test worker] DEBUG o.s.b.f.s.DefaultListableBeanFactory -Finished creating instance of bean 'typeNameExtractor'
00:07:20.205 qrouter [Test worker] DEBUG o.s.b.f.s.DefaultListableBeanFactory -Autowiring by type from bean name 'optimized' via constructor to bean named 'accessorsProvider'
00:07:20.205 qrouter [Test worker] DEBUG o.s.b.f.s.DefaultListableBeanFactory -Autowiring by type from bean name 'optimized' via constructor to bean named 'fieldProvider'
00:07:20.205 qrouter [Test worker] DEBUG o.s.b.f.s.DefaultListableBeanFactory -Autowiring by type from bean name 'optimized' via constructor to bean named 'typeResolver'
00:07:20.205 qrouter [Test worker] DEBUG o.s.b.f.s.DefaultListableBeanFactory -Autowiring by type from bean name 'optimized' via constructor to bean named 'objectMapperBeanPropertyNamingStrategy'
00:07:20.206 qrouter [Test worker] DEBUG o.s.b.f.s.DefaultListableBeanFactory -Autowiring by type from bean name 'optimized' via constructor to bean named 'schemaPluginsManager'
00:07:20.206 qrouter [Test worker] DEBUG o.s.b.f.s.DefaultListableBeanFactory -Autowiring by type from bean name 'optimized' via constructor to bean named 'typeNameExtractor'
00:07:20.207 qrouter [Test worker] DEBUG o.s.b.f.s.DefaultListableBeanFactory -Eagerly caching bean 'optimized' to allow for resolving potential circular references
00:07:20.214 qrouter [Test worker] DEBUG o.s.b.f.s.DefaultListableBeanFactory -Returning cached instance of singleton bean 'org.springframework.transaction.config.internalTransactionAdvisor'
00:07:20.214 qrouter [Test worker] DEBUG o.s.b.f.s.DefaultListableBeanFactory -Returning cached instance of singleton bean 'org.springframework.transaction.config.internalTransactionAdvisor'
00:07:20.217 qrouter [Test worker] DEBUG o.s.b.f.s.DefaultListableBeanFactory -Finished creating instance of bean 'optimized'
00:07:20.224 qrouter [Test worker] DEBUG o.s.b.f.s.DefaultListableBeanFactory -Creating shared instance of singleton bean 'modelDependencyProvider'
00:07:20.224 qrouter [Test worker] DEBUG o.s.b.f.s.DefaultListableBeanFactory -Creating instance of bean 'modelDependencyProvider'
00:07:20.225 qrouter [Test worker] DEBUG o.s.b.f.s.DefaultListableBeanFactory -Returning cached instance of singleton bean 'org.springframework.transaction.config.internalTransactionAdvisor'
00:07:20.234 qrouter [Test worker] DEBUG o.s.b.f.s.DefaultListableBeanFactory -Returning cached instance of singleton bean 'typeResolver'
00:07:20.234 qrouter [Test worker] DEBUG o.s.b.f.s.DefaultListableBeanFactory -Returning cached instance of singleton bean 'optimized'
00:07:20.235 qrouter [Test worker] DEBUG o.s.b.f.s.DefaultListableBeanFactory -Returning cached instance of singleton bean 'typeNameExtractor'
00:07:20.235 qrouter [Test worker] DEBUG o.s.b.f.s.DefaultListableBeanFactory -Autowiring by type from bean name 'modelDependencyProvider' via constructor to bean named 'typeResolver'
00:07:20.235 qrouter [Test worker] DEBUG o.s.b.f.s.DefaultListableBeanFactory -Autowiring by type from bean name 'modelDependencyProvider' via constructor to bean named 'optimized'
00:07:20.235 qrouter [Test worker] DEBUG o.s.b.f.s.DefaultListableBeanFactory -Autowiring by type from bean name 'modelDependencyProvider' via constructor to bean named 'typeNameExtractor'
00:07:20.237 qrouter [Test worker] DEBUG o.s.b.f.s.DefaultListableBeanFactory -Eagerly caching bean 'modelDependencyProvider' to allow for resolving potential circular references
00:07:20.241 qrouter [Test worker] DEBUG o.s.b.f.s.DefaultListableBeanFactory -Returning cached instance of singleton bean 'org.springframework.transaction.config.internalTransactionAdvisor'
00:07:20.242 qrouter [Test worker] DEBUG o.s.b.f.s.DefaultListableBeanFactory -Returning cached instance of singleton bean 'org.springframework.transaction.config.internalTransactionAdvisor'
00:07:20.243 qrouter [Test worker] DEBUG o.s.b.f.s.DefaultListableBeanFactory -Finished creating instance of bean 'modelDependencyProvider'
00:07:20.243 qrouter [Test worker] DEBUG o.s.b.f.s.DefaultListableBeanFactory -Returning cached instance of singleton bean 'schemaPluginsManager'
00:07:20.244 qrouter [Test worker] DEBUG o.s.b.f.s.DefaultListableBeanFactory -Returning cached instance of singleton bean 'typeNameExtractor'
00:07:20.244 qrouter [Test worker] DEBUG o.s.b.f.s.DefaultListableBeanFactory -Autowiring by type from bean name 'defaultModelProvider' via constructor to bean named 'typeResolver'
00:07:20.244 qrouter [Test worker] DEBUG o.s.b.f.s.DefaultListableBeanFactory -Autowiring by type from bean name 'defaultModelProvider' via constructor to bean named 'optimized'
00:07:20.244 qrouter [Test worker] DEBUG o.s.b.f.s.DefaultListableBeanFactory -Autowiring by type from bean name 'defaultModelProvider' via constructor to bean named 'modelDependencyProvider'
00:07:20.244 qrouter [Test worker] DEBUG o.s.b.f.s.DefaultListableBeanFactory -Autowiring by type from bean name 'defaultModelProvider' via constructor to bean named 'schemaPluginsManager'
00:07:20.244 qrouter [Test worker] DEBUG o.s.b.f.s.DefaultListableBeanFactory -Autowiring by type from bean name 'defaultModelProvider' via constructor to bean named 'typeNameExtractor'
00:07:20.245 qrouter [Test worker] DEBUG o.s.b.f.s.DefaultListableBeanFactory -Eagerly caching bean 'defaultModelProvider' to allow for resolving potential circular references
00:07:20.252 qrouter [Test worker] DEBUG o.s.b.f.s.DefaultListableBeanFactory -Returning cached instance of singleton bean 'org.springframework.transaction.config.internalTransactionAdvisor'
00:07:20.252 qrouter [Test worker] DEBUG o.s.b.f.s.DefaultListableBeanFactory -Returning cached instance of singleton bean 'org.springframework.transaction.config.internalTransactionAdvisor'
00:07:20.254 qrouter [Test worker] DEBUG o.s.b.f.s.DefaultListableBeanFactory -Finished creating instance of bean 'defaultModelProvider'
00:07:20.255 qrouter [Test worker] DEBUG o.s.b.f.s.DefaultListableBeanFactory -Returning cached instance of singleton bean 'typeResolver'
00:07:20.255 qrouter [Test worker] DEBUG o.s.b.f.s.DefaultListableBeanFactory -Returning cached instance of singleton bean 'documentationPluginsManager'
00:07:20.255 qrouter [Test worker] DEBUG o.s.b.f.s.DefaultListableBeanFactory -Autowiring by type from bean name 'apiModelReader' via constructor to bean named 'defaultModelProvider'
00:07:20.256 qrouter [Test worker] DEBUG o.s.b.f.s.DefaultListableBeanFactory -Autowiring by type from bean name 'apiModelReader' via constructor to bean named 'typeResolver'
00:07:20.256 qrouter [Test worker] DEBUG o.s.b.f.s.DefaultListableBeanFactory -Autowiring by type from bean name 'apiModelReader' via constructor to bean named 'documentationPluginsManager'
00:07:20.256 qrouter [Test worker] DEBUG o.s.b.f.s.DefaultListableBeanFactory -Eagerly caching bean 'apiModelReader' to allow for resolving potential circular references
00:07:20.262 qrouter [Test worker] DEBUG o.s.b.f.s.DefaultListableBeanFactory -Returning cached instance of singleton bean 'org.springframework.transaction.config.internalTransactionAdvisor'
00:07:20.262 qrouter [Test worker] DEBUG o.s.b.f.s.DefaultListableBeanFactory -Returning cached instance of singleton bean 'org.springframework.transaction.config.internalTransactionAdvisor'
00:07:20.263 qrouter [Test worker] DEBUG o.s.b.f.s.DefaultListableBeanFactory -Finished creating instance of bean 'apiModelReader'
00:07:20.263 qrouter [Test worker] DEBUG o.s.b.f.s.DefaultListableBeanFactory -Returning cached instance of singleton bean 'documentationPluginsManager'
00:07:20.264 qrouter [Test worker] DEBUG o.s.b.f.s.DefaultListableBeanFactory -Autowiring by type from bean name 'apiListingScanner' via constructor to bean named 'apiDescriptionReader'
00:07:20.264 qrouter [Test worker] DEBUG o.s.b.f.s.DefaultListableBeanFactory -Autowiring by type from bean name 'apiListingScanner' via constructor to bean named 'apiModelReader'
00:07:20.264 qrouter [Test worker] DEBUG o.s.b.f.s.DefaultListableBeanFactory -Autowiring by type from bean name 'apiListingScanner' via constructor to bean named 'documentationPluginsManager'
00:07:20.265 qrouter [Test worker] DEBUG o.s.b.f.s.DefaultListableBeanFactory -Eagerly caching bean 'apiListingScanner' to allow for resolving potential circular references
00:07:20.269 qrouter [Test worker] DEBUG o.s.b.f.s.DefaultListableBeanFactory -Returning cached instance of singleton bean 'org.springframework.transaction.config.internalTransactionAdvisor'
00:07:20.269 qrouter [Test worker] DEBUG o.s.b.f.s.DefaultListableBeanFactory -Returning cached instance of singleton bean 'org.springframework.transaction.config.internalTransactionAdvisor'
00:07:20.270 qrouter [Test worker] DEBUG o.s.b.f.s.DefaultListableBeanFactory -Finished creating instance of bean 'apiListingScanner'
00:07:20.270 qrouter [Test worker] DEBUG o.s.b.f.s.DefaultListableBeanFactory -Autowiring by type from bean name 'apiDocumentationScanner' via constructor to bean named 'apiListingReferenceScanner'
00:07:20.270 qrouter [Test worker] DEBUG o.s.b.f.s.DefaultListableBeanFactory -Autowiring by type from bean name 'apiDocumentationScanner' via constructor to bean named 'apiListingScanner'
00:07:20.271 qrouter [Test worker] DEBUG o.s.b.f.s.DefaultListableBeanFactory -Eagerly caching bean 'apiDocumentationScanner' to allow for resolving potential circular references
00:07:20.275 qrouter [Test worker] DEBUG o.s.b.f.s.DefaultListableBeanFactory -Returning cached instance of singleton bean 'org.springframework.transaction.config.internalTransactionAdvisor'
00:07:20.275 qrouter [Test worker] DEBUG o.s.b.f.s.DefaultListableBeanFactory -Returning cached instance of singleton bean 'org.springframework.transaction.config.internalTransactionAdvisor'
00:07:20.276 qrouter [Test worker] DEBUG o.s.b.f.s.DefaultListableBeanFactory -Finished creating instance of bean 'apiDocumentationScanner'
00:07:20.276 qrouter [Test worker] DEBUG o.s.b.f.s.DefaultListableBeanFactory -Returning cached instance of singleton bean 'apiListingReferenceScanner'
00:07:20.276 qrouter [Test worker] DEBUG o.s.b.f.s.DefaultListableBeanFactory -Returning cached instance of singleton bean 'apiListingScanner'
00:07:20.276 qrouter [Test worker] DEBUG o.s.b.f.s.DefaultListableBeanFactory -Returning cached instance of singleton bean 'apiModelReader'
00:07:20.276 qrouter [Test worker] DEBUG o.s.b.f.s.DefaultListableBeanFactory -Creating shared instance of singleton bean 'mediaTypeReader'
00:07:20.276 qrouter [Test worker] DEBUG o.s.b.f.s.DefaultListableBeanFactory -Creating instance of bean 'mediaTypeReader'
00:07:20.277 qrouter [Test worker] DEBUG o.s.b.f.s.DefaultListableBeanFactory -Returning cached instance of singleton bean 'org.springframework.transaction.config.internalTransactionAdvisor'
00:07:20.280 qrouter [Test worker] DEBUG o.s.b.f.s.DefaultListableBeanFactory -Returning cached instance of singleton bean 'typeResolver'
00:07:20.280 qrouter [Test worker] DEBUG o.s.b.f.s.DefaultListableBeanFactory -Autowiring by type from bean name 'mediaTypeReader' via constructor to bean named 'typeResolver'
00:07:20.281 qrouter [Test worker] DEBUG o.s.b.f.s.DefaultListableBeanFactory -Eagerly caching bean 'mediaTypeReader' to allow for resolving potential circular references
00:07:20.289 qrouter [Test worker] DEBUG o.s.b.f.s.DefaultListableBeanFactory -Returning cached instance of singleton bean 'org.springframework.transaction.config.internalTransactionAdvisor'
00:07:20.289 qrouter [Test worker] DEBUG o.s.b.f.s.DefaultListableBeanFactory -Returning cached instance of singleton bean 'org.springframework.transaction.config.internalTransactionAdvisor'
00:07:20.292 qrouter [Test worker] DEBUG o.s.b.f.s.DefaultListableBeanFactory -Finished creating instance of bean 'mediaTypeReader'
00:07:20.292 qrouter [Test worker] DEBUG o.s.b.f.s.DefaultListableBeanFactory -Returning cached instance of singleton bean 'apiOperationReader'
00:07:20.292 qrouter [Test worker] DEBUG o.s.b.f.s.DefaultListableBeanFactory -Returning cached instance of singleton bean 'cachingOperationNameGenerator'
00:07:20.292 qrouter [Test worker] DEBUG o.s.b.f.s.DefaultListableBeanFactory -Creating shared instance of singleton bean 'defaultOperationReader'
00:07:20.292 qrouter [Test worker] DEBUG o.s.b.f.s.DefaultListableBeanFactory -Creating instance of bean 'defaultOperationReader'
00:07:20.293 qrouter [Test worker] DEBUG o.s.b.f.s.DefaultListableBeanFactory -Returning cached instance of singleton bean 'org.springframework.transaction.config.internalTransactionAdvisor'
00:07:20.294 qrouter [Test worker] DEBUG o.s.b.f.s.DefaultListableBeanFactory -Eagerly caching bean 'defaultOperationReader' to allow for resolving potential circular references
00:07:20.300 qrouter [Test worker] DEBUG o.s.b.f.s.DefaultListableBeanFactory -Returning cached instance of singleton bean 'org.springframework.transaction.config.internalTransactionAdvisor'
00:07:20.300 qrouter [Test worker] DEBUG o.s.b.f.s.DefaultListableBeanFactory -Returning cached instance of singleton bean 'org.springframework.transaction.config.internalTransactionAdvisor'
00:07:20.302 qrouter [Test worker] DEBUG o.s.b.f.s.DefaultListableBeanFactory -Finished creating instance of bean 'defaultOperationReader'
00:07:20.302 qrouter [Test worker] DEBUG o.s.b.f.s.DefaultListableBeanFactory -Creating shared instance of singleton bean 'operationDeprecatedReader'
00:07:20.302 qrouter [Test worker] DEBUG o.s.b.f.s.DefaultListableBeanFactory -Creating instance of bean 'operationDeprecatedReader'
00:07:20.303 qrouter [Test worker] DEBUG o.s.b.f.s.DefaultListableBeanFactory -Returning cached instance of singleton bean 'org.springframework.transaction.config.internalTransactionAdvisor'
00:07:20.304 qrouter [Test worker] DEBUG o.s.b.f.s.DefaultListableBeanFactory -Eagerly caching bean 'operationDeprecatedReader' to allow for resolving potential circular references
00:07:20.310 qrouter [Test worker] DEBUG o.s.b.f.s.DefaultListableBeanFactory -Returning cached instance of singleton bean 'org.springframework.transaction.config.internalTransactionAdvisor'
00:07:20.311 qrouter [Test worker] DEBUG o.s.b.f.s.DefaultListableBeanFactory -Returning cached instance of singleton bean 'org.springframework.transaction.config.internalTransactionAdvisor'
00:07:20.312 qrouter [Test worker] DEBUG o.s.b.f.s.DefaultListableBeanFactory -Finished creating instance of bean 'operationDeprecatedReader'
00:07:20.313 qrouter [Test worker] DEBUG o.s.b.f.s.DefaultListableBeanFactory -Creating shared instance of singleton bean 'operationModelsProvider'
00:07:20.313 qrouter [Test worker] DEBUG o.s.b.f.s.DefaultListableBeanFactory -Creating instance of bean 'operationModelsProvider'
00:07:20.313 qrouter [Test worker] DEBUG o.s.b.f.s.DefaultListableBeanFactory -Returning cached instance of singleton bean 'org.springframework.transaction.config.internalTransactionAdvisor'
00:07:20.317 qrouter [Test worker] DEBUG o.s.b.f.s.DefaultListableBeanFactory -Returning cached instance of singleton bean 'typeResolver'
00:07:20.317 qrouter [Test worker] DEBUG o.s.b.f.s.DefaultListableBeanFactory -Autowiring by type from bean name 'operationModelsProvider' via constructor to bean named 'typeResolver'
00:07:20.318 qrouter [Test worker] DEBUG o.s.b.f.s.DefaultListableBeanFactory -Eagerly caching bean 'operationModelsProvider' to allow for resolving potential circular references
00:07:20.324 qrouter [Test worker] DEBUG o.s.b.f.s.DefaultListableBeanFactory -Returning cached instance of singleton bean 'org.springframework.transaction.config.internalTransactionAdvisor'
00:07:20.325 qrouter [Test worker] DEBUG o.s.b.f.s.DefaultListableBeanFactory -Returning cached instance of singleton bean 'org.springframework.transaction.config.internalTransactionAdvisor'
00:07:20.327 qrouter [Test worker] DEBUG o.s.b.f.s.DefaultListableBeanFactory -Finished creating instance of bean 'operationModelsProvider'
00:07:20.327 qrouter [Test worker] DEBUG o.s.b.f.s.DefaultListableBeanFactory -Creating shared instance of singleton bean 'operationParameterReader'
00:07:20.327 qrouter [Test worker] DEBUG o.s.b.f.s.DefaultListableBeanFactory -Creating instance of bean 'operationParameterReader'
00:07:20.328 qrouter [Test worker] DEBUG o.s.b.f.s.DefaultListableBeanFactory -Returning cached instance of singleton bean 'org.springframework.transaction.config.internalTransactionAdvisor'
00:07:20.348 qrouter [Test worker] DEBUG o.s.b.f.s.DefaultListableBeanFactory -Returning cached instance of singleton bean 'typeResolver'
00:07:20.353 qrouter [Test worker] DEBUG o.s.b.f.s.DefaultListableBeanFactory -Creating shared instance of singleton bean 'modelAttributeParameterExpander'
00:07:20.353 qrouter [Test worker] DEBUG o.s.b.f.s.DefaultListableBeanFactory -Creating instance of bean 'modelAttributeParameterExpander'
00:07:20.353 qrouter [Test worker] DEBUG o.s.b.f.s.DefaultListableBeanFactory -Returning cached instance of singleton bean 'org.springframework.transaction.config.internalTransactionAdvisor'
00:07:20.360 qrouter [Test worker] DEBUG o.s.b.f.s.DefaultListableBeanFactory -Returning cached instance of singleton bean 'typeResolver'
00:07:20.360 qrouter [Test worker] DEBUG o.s.b.f.s.DefaultListableBeanFactory -Autowiring by type from bean name 'modelAttributeParameterExpander' via constructor to bean named 'typeResolver'
00:07:20.361 qrouter [Test worker] DEBUG o.s.b.f.annotation.InjectionMetadata -Registered injected element on class [springfox.documentation.spring.web.readers.parameter.ModelAttributeParameterExpander]: AutowiredFieldElement for protected springfox.documentation.spring.web.plugins.DocumentationPluginsManager springfox.documentation.spring.web.readers.parameter.ModelAttributeParameterExpander.pluginsManager
00:07:20.362 qrouter [Test worker] DEBUG o.s.b.f.s.DefaultListableBeanFactory -Eagerly caching bean 'modelAttributeParameterExpander' to allow for resolving potential circular references
00:07:20.366 qrouter [Test worker] DEBUG o.s.b.f.annotation.InjectionMetadata -Processing injected element of bean 'modelAttributeParameterExpander': AutowiredFieldElement for protected springfox.documentation.spring.web.plugins.DocumentationPluginsManager springfox.documentation.spring.web.readers.parameter.ModelAttributeParameterExpander.pluginsManager
00:07:20.367 qrouter [Test worker] DEBUG o.s.b.f.s.DefaultListableBeanFactory -Returning cached instance of singleton bean 'documentationPluginsManager'
00:07:20.368 qrouter [Test worker] DEBUG o.s.b.f.a.AutowiredAnnotationBeanPostProcessor -Autowiring by type from bean name 'modelAttributeParameterExpander' to bean named 'documentationPluginsManager'
00:07:20.368 qrouter [Test worker] DEBUG o.s.b.f.s.DefaultListableBeanFactory -Returning cached instance of singleton bean 'org.springframework.transaction.config.internalTransactionAdvisor'
00:07:20.368 qrouter [Test worker] DEBUG o.s.b.f.s.DefaultListableBeanFactory -Returning cached instance of singleton bean 'org.springframework.transaction.config.internalTransactionAdvisor'
00:07:20.369 qrouter [Test worker] DEBUG o.s.b.f.s.DefaultListableBeanFactory -Finished creating instance of bean 'modelAttributeParameterExpander'
00:07:20.369 qrouter [Test worker] DEBUG o.s.b.f.s.DefaultListableBeanFactory -Autowiring by type from bean name 'operationParameterReader' via constructor to bean named 'typeResolver'
00:07:20.370 qrouter [Test worker] DEBUG o.s.b.f.s.DefaultListableBeanFactory -Autowiring by type from bean name 'operationParameterReader' via constructor to bean named 'modelAttributeParameterExpander'
00:07:20.371 qrouter [Test worker] DEBUG o.s.b.f.annotation.InjectionMetadata -Registered injected element on class [springfox.documentation.spring.web.readers.operation.OperationParameterReader]: AutowiredFieldElement for private springfox.documentation.spring.web.plugins.DocumentationPluginsManager springfox.documentation.spring.web.readers.operation.OperationParameterReader.pluginsManager
00:07:20.371 qrouter [Test worker] DEBUG o.s.b.f.s.DefaultListableBeanFactory -Eagerly caching bean 'operationParameterReader' to allow for resolving potential circular references
00:07:20.378 qrouter [Test worker] DEBUG o.s.b.f.annotation.InjectionMetadata -Processing injected element of bean 'operationParameterReader': AutowiredFieldElement for private springfox.documentation.spring.web.plugins.DocumentationPluginsManager springfox.documentation.spring.web.readers.operation.OperationParameterReader.pluginsManager
00:07:20.379 qrouter [Test worker] DEBUG o.s.b.f.s.DefaultListableBeanFactory -Returning cached instance of singleton bean 'documentationPluginsManager'
00:07:20.379 qrouter [Test worker] DEBUG o.s.b.f.a.AutowiredAnnotationBeanPostProcessor -Autowiring by type from bean name 'operationParameterReader' to bean named 'documentationPluginsManager'
00:07:20.380 qrouter [Test worker] DEBUG o.s.b.f.s.DefaultListableBeanFactory -Returning cached instance of singleton bean 'org.springframework.transaction.config.internalTransactionAdvisor'
00:07:20.380 qrouter [Test worker] DEBUG o.s.b.f.s.DefaultListableBeanFactory -Returning cached instance of singleton bean 'org.springframework.transaction.config.internalTransactionAdvisor'
00:07:20.382 qrouter [Test worker] DEBUG o.s.b.f.s.DefaultListableBeanFactory -Finished creating instance of bean 'operationParameterReader'
00:07:20.382 qrouter [Test worker] DEBUG o.s.b.f.s.DefaultListableBeanFactory -Creating shared instance of singleton bean 'operationParameterRequestConditionReader'
00:07:20.382 qrouter [Test worker] DEBUG o.s.b.f.s.DefaultListableBeanFactory -Creating instance of bean 'operationParameterRequestConditionReader'
00:07:20.383 qrouter [Test worker] DEBUG o.s.b.f.s.DefaultListableBeanFactory -Returning cached instance of singleton bean 'org.springframework.transaction.config.internalTransactionAdvisor'
00:07:20.388 qrouter [Test worker] DEBUG o.s.b.f.s.DefaultListableBeanFactory -Returning cached instance of singleton bean 'typeResolver'
00:07:20.388 qrouter [Test worker] DEBUG o.s.b.f.s.DefaultListableBeanFactory -Autowiring by type from bean name 'operationParameterRequestConditionReader' via constructor to bean named 'typeResolver'
00:07:20.389 qrouter [Test worker] DEBUG o.s.b.f.s.DefaultListableBeanFactory -Eagerly caching bean 'operationParameterRequestConditionReader' to allow for resolving potential circular references
00:07:20.397 qrouter [Test worker] DEBUG o.s.b.f.s.DefaultListableBeanFactory -Returning cached instance of singleton bean 'org.springframework.transaction.config.internalTransactionAdvisor'
00:07:20.397 qrouter [Test worker] DEBUG o.s.b.f.s.DefaultListableBeanFactory -Returning cached instance of singleton bean 'org.springframework.transaction.config.internalTransactionAdvisor'
00:07:20.401 qrouter [Test worker] DEBUG o.s.b.f.s.DefaultListableBeanFactory -Finished creating instance of bean 'operationParameterRequestConditionReader'
00:07:20.401 qrouter [Test worker] DEBUG o.s.b.f.s.DefaultListableBeanFactory -Creating shared instance of singleton bean 'operationResponseClassReader'
00:07:20.402 qrouter [Test worker] DEBUG o.s.b.f.s.DefaultListableBeanFactory -Creating instance of bean 'operationResponseClassReader'
00:07:20.402 qrouter [Test worker] DEBUG o.s.b.f.s.DefaultListableBeanFactory -Returning cached instance of singleton bean 'org.springframework.transaction.config.internalTransactionAdvisor'
00:07:20.406 qrouter [Test worker] DEBUG o.s.b.f.s.DefaultListableBeanFactory -Returning cached instance of singleton bean 'typeResolver'
00:07:20.407 qrouter [Test worker] DEBUG o.s.b.f.s.DefaultListableBeanFactory -Returning cached instance of singleton bean 'typeNameExtractor'
00:07:20.407 qrouter [Test worker] DEBUG o.s.b.f.s.DefaultListableBeanFactory -Autowiring by type from bean name 'operationResponseClassReader' via constructor to bean named 'typeResolver'
00:07:20.407 qrouter [Test worker] DEBUG o.s.b.f.s.DefaultListableBeanFactory -Autowiring by type from bean name 'operationResponseClassReader' via constructor to bean named 'typeNameExtractor'
00:07:20.408 qrouter [Test worker] DEBUG o.s.b.f.s.DefaultListableBeanFactory -Eagerly caching bean 'operationResponseClassReader' to allow for resolving potential circular references
00:07:20.417 qrouter [Test worker] DEBUG o.s.b.f.s.DefaultListableBeanFactory -Returning cached instance of singleton bean 'org.springframework.transaction.config.internalTransactionAdvisor'
00:07:20.418 qrouter [Test worker] DEBUG o.s.b.f.s.DefaultListableBeanFactory -Returning cached instance of singleton bean 'org.springframework.transaction.config.internalTransactionAdvisor'
00:07:20.420 qrouter [Test worker] DEBUG o.s.b.f.s.DefaultListableBeanFactory -Finished creating instance of bean 'operationResponseClassReader'
00:07:20.421 qrouter [Test worker] DEBUG o.s.b.f.s.DefaultListableBeanFactory -Creating shared instance of singleton bean 'operationTagsReader'
00:07:20.421 qrouter [Test worker] DEBUG o.s.b.f.s.DefaultListableBeanFactory -Creating instance of bean 'operationTagsReader'
00:07:20.421 qrouter [Test worker] DEBUG o.s.b.f.s.DefaultListableBeanFactory -Returning cached instance of singleton bean 'org.springframework.transaction.config.internalTransactionAdvisor'
00:07:20.422 qrouter [Test worker] DEBUG o.s.b.f.annotation.InjectionMetadata -Registered injected element on class [springfox.documentation.spring.web.readers.operation.OperationTagsReader]: AutowiredFieldElement for private springfox.documentation.spring.web.plugins.DocumentationPluginsManager springfox.documentation.spring.web.readers.operation.OperationTagsReader.pluginsManager
00:07:20.423 qrouter [Test worker] DEBUG o.s.b.f.s.DefaultListableBeanFactory -Eagerly caching bean 'operationTagsReader' to allow for resolving potential circular references
00:07:20.429 qrouter [Test worker] DEBUG o.s.b.f.annotation.InjectionMetadata -Processing injected element of bean 'operationTagsReader': AutowiredFieldElement for private springfox.documentation.spring.web.plugins.DocumentationPluginsManager springfox.documentation.spring.web.readers.operation.OperationTagsReader.pluginsManager
00:07:20.430 qrouter [Test worker] DEBUG o.s.b.f.s.DefaultListableBeanFactory -Returning cached instance of singleton bean 'documentationPluginsManager'
00:07:20.430 qrouter [Test worker] DEBUG o.s.b.f.a.AutowiredAnnotationBeanPostProcessor -Autowiring by type from bean name 'operationTagsReader' to bean named 'documentationPluginsManager'
00:07:20.431 qrouter [Test worker] DEBUG o.s.b.f.s.DefaultListableBeanFactory -Returning cached instance of singleton bean 'org.springframework.transaction.config.internalTransactionAdvisor'
00:07:20.431 qrouter [Test worker] DEBUG o.s.b.f.s.DefaultListableBeanFactory -Returning cached instance of singleton bean 'org.springframework.transaction.config.internalTransactionAdvisor'
00:07:20.434 qrouter [Test worker] DEBUG o.s.b.f.s.DefaultListableBeanFactory -Finished creating instance of bean 'operationTagsReader'
00:07:20.434 qrouter [Test worker] DEBUG o.s.b.f.s.DefaultListableBeanFactory -Creating shared instance of singleton bean 'responseMessagesReader'
00:07:20.434 qrouter [Test worker] DEBUG o.s.b.f.s.DefaultListableBeanFactory -Creating instance of bean 'responseMessagesReader'
00:07:20.435 qrouter [Test worker] DEBUG o.s.b.f.s.DefaultListableBeanFactory -Returning cached instance of singleton bean 'org.springframework.transaction.config.internalTransactionAdvisor'
00:07:20.444 qrouter [Test worker] DEBUG o.s.b.f.s.DefaultListableBeanFactory -Returning cached instance of singleton bean 'typeResolver'
00:07:20.445 qrouter [Test worker] DEBUG o.s.b.f.s.DefaultListableBeanFactory -Returning cached instance of singleton bean 'typeNameExtractor'
00:07:20.445 qrouter [Test worker] DEBUG o.s.b.f.s.DefaultListableBeanFactory -Autowiring by type from bean name 'responseMessagesReader' via constructor to bean named 'typeResolver'
00:07:20.445 qrouter [Test worker] DEBUG o.s.b.f.s.DefaultListableBeanFactory -Autowiring by type from bean name 'responseMessagesReader' via constructor to bean named 'typeNameExtractor'
00:07:20.446 qrouter [Test worker] DEBUG o.s.b.f.s.DefaultListableBeanFactory -Eagerly caching bean 'responseMessagesReader' to allow for resolving potential circular references
00:07:20.455 qrouter [Test worker] DEBUG o.s.b.f.s.DefaultListableBeanFactory -Returning cached instance of singleton bean 'org.springframework.transaction.config.internalTransactionAdvisor'
00:07:20.455 qrouter [Test worker] DEBUG o.s.b.f.s.DefaultListableBeanFactory -Returning cached instance of singleton bean 'org.springframework.transaction.config.internalTransactionAdvisor'
00:07:20.458 qrouter [Test worker] DEBUG o.s.b.f.s.DefaultListableBeanFactory -Finished creating instance of bean 'responseMessagesReader'
00:07:20.459 qrouter [Test worker] DEBUG o.s.b.f.s.DefaultListableBeanFactory -Creating shared instance of singleton bean 'expandedParameterBuilder'
00:07:20.459 qrouter [Test worker] DEBUG o.s.b.f.s.DefaultListableBeanFactory -Creating instance of bean 'expandedParameterBuilder'
00:07:20.460 qrouter [Test worker] DEBUG o.s.b.f.s.DefaultListableBeanFactory -Returning cached instance of singleton bean 'org.springframework.transaction.config.internalTransactionAdvisor'
00:07:20.464 qrouter [Test worker] DEBUG o.s.b.f.s.DefaultListableBeanFactory -Returning cached instance of singleton bean 'typeResolver'
00:07:20.464 qrouter [Test worker] DEBUG o.s.b.f.s.DefaultListableBeanFactory -Autowiring by type from bean name 'expandedParameterBuilder' via constructor to bean named 'typeResolver'
00:07:20.465 qrouter [Test worker] DEBUG o.s.b.f.s.DefaultListableBeanFactory -Eagerly caching bean 'expandedParameterBuilder' to allow for resolving potential circular references
00:07:20.474 qrouter [Test worker] DEBUG o.s.b.f.s.DefaultListableBeanFactory -Returning cached instance of singleton bean 'org.springframework.transaction.config.internalTransactionAdvisor'
00:07:20.475 qrouter [Test worker] DEBUG o.s.b.f.s.DefaultListableBeanFactory -Returning cached instance of singleton bean 'org.springframework.transaction.config.internalTransactionAdvisor'
00:07:20.478 qrouter [Test worker] DEBUG o.s.b.f.s.DefaultListableBeanFactory -Finished creating instance of bean 'expandedParameterBuilder'
00:07:20.478 qrouter [Test worker] DEBUG o.s.b.f.s.DefaultListableBeanFactory -Returning cached instance of singleton bean 'modelAttributeParameterExpander'
00:07:20.478 qrouter [Test worker] DEBUG o.s.b.f.s.DefaultListableBeanFactory -Creating shared instance of singleton bean 'parameterDataTypeReader'
00:07:20.478 qrouter [Test worker] DEBUG o.s.b.f.s.DefaultListableBeanFactory -Creating instance of bean 'parameterDataTypeReader'
00:07:20.479 qrouter [Test worker] DEBUG o.s.b.f.s.DefaultListableBeanFactory -Returning cached instance of singleton bean 'org.springframework.transaction.config.internalTransactionAdvisor'
00:07:20.483 qrouter [Test worker] DEBUG o.s.b.f.s.DefaultListableBeanFactory -Returning cached instance of singleton bean 'typeNameExtractor'
00:07:20.484 qrouter [Test worker] DEBUG o.s.b.f.s.DefaultListableBeanFactory -Returning cached instance of singleton bean 'typeResolver'
00:07:20.484 qrouter [Test worker] DEBUG o.s.b.f.s.DefaultListableBeanFactory -Autowiring by type from bean name 'parameterDataTypeReader' via constructor to bean named 'typeNameExtractor'
00:07:20.484 qrouter [Test worker] DEBUG o.s.b.f.s.DefaultListableBeanFactory -Autowiring by type from bean name 'parameterDataTypeReader' via constructor to bean named 'typeResolver'
00:07:20.486 qrouter [Test worker] DEBUG o.s.b.f.s.DefaultListableBeanFactory -Eagerly caching bean 'parameterDataTypeReader' to allow for resolving potential circular references
00:07:20.496 qrouter [Test worker] DEBUG o.s.b.f.s.DefaultListableBeanFactory -Returning cached instance of singleton bean 'org.springframework.transaction.config.internalTransactionAdvisor'
00:07:20.496 qrouter [Test worker] DEBUG o.s.b.f.s.DefaultListableBeanFactory -Returning cached instance of singleton bean 'org.springframework.transaction.config.internalTransactionAdvisor'
00:07:20.499 qrouter [Test worker] DEBUG o.s.b.f.s.DefaultListableBeanFactory -Finished creating instance of bean 'parameterDataTypeReader'
00:07:20.499 qrouter [Test worker] DEBUG o.s.b.f.s.DefaultListableBeanFactory -Creating shared instance of singleton bean 'parameterDefaultReader'
00:07:20.499 qrouter [Test worker] DEBUG o.s.b.f.s.DefaultListableBeanFactory -Creating instance of bean 'parameterDefaultReader'
00:07:20.500 qrouter [Test worker] DEBUG o.s.b.f.s.DefaultListableBeanFactory -Returning cached instance of singleton bean 'org.springframework.transaction.config.internalTransactionAdvisor'
00:07:20.501 qrouter [Test worker] DEBUG o.s.b.f.s.DefaultListableBeanFactory -Eagerly caching bean 'parameterDefaultReader' to allow for resolving potential circular references
00:07:20.510 qrouter [Test worker] DEBUG o.s.b.f.s.DefaultListableBeanFactory -Returning cached instance of singleton bean 'org.springframework.transaction.config.internalTransactionAdvisor'
00:07:20.510 qrouter [Test worker] DEBUG o.s.b.f.s.DefaultListableBeanFactory -Returning cached instance of singleton bean 'org.springframework.transaction.config.internalTransactionAdvisor'
00:07:20.512 qrouter [Test worker] DEBUG o.s.b.f.s.DefaultListableBeanFactory -Finished creating instance of bean 'parameterDefaultReader'
00:07:20.513 qrouter [Test worker] DEBUG o.s.b.f.s.DefaultListableBeanFactory -Creating shared instance of singleton bean 'parameterMultiplesReader'
00:07:20.513 qrouter [Test worker] DEBUG o.s.b.f.s.DefaultListableBeanFactory -Creating instance of bean 'parameterMultiplesReader'
00:07:20.514 qrouter [Test worker] DEBUG o.s.b.f.s.DefaultListableBeanFactory -Returning cached instance of singleton bean 'org.springframework.transaction.config.internalTransactionAdvisor'
00:07:20.515 qrouter [Test worker] DEBUG o.s.b.f.s.DefaultListableBeanFactory -Eagerly caching bean 'parameterMultiplesReader' to allow for resolving potential circular references
00:07:20.524 qrouter [Test worker] DEBUG o.s.b.f.s.DefaultListableBeanFactory -Returning cached instance of singleton bean 'org.springframework.transaction.config.internalTransactionAdvisor'
00:07:20.524 qrouter [Test worker] DEBUG o.s.b.f.s.DefaultListableBeanFactory -Returning cached instance of singleton bean 'org.springframework.transaction.config.internalTransactionAdvisor'
00:07:20.527 qrouter [Test worker] DEBUG o.s.b.f.s.DefaultListableBeanFactory -Finished creating instance of bean 'parameterMultiplesReader'
00:07:20.527 qrouter [Test worker] DEBUG o.s.b.f.s.DefaultListableBeanFactory -Creating shared instance of singleton bean 'parameterNameReader'
00:07:20.527 qrouter [Test worker] DEBUG o.s.b.f.s.DefaultListableBeanFactory -Creating instance of bean 'parameterNameReader'
00:07:20.528 qrouter [Test worker] DEBUG o.s.b.f.s.DefaultListableBeanFactory -Returning cached instance of singleton bean 'org.springframework.transaction.config.internalTransactionAdvisor'
00:07:20.529 qrouter [Test worker] DEBUG o.s.b.f.s.DefaultListableBeanFactory -Eagerly caching bean 'parameterNameReader' to allow for resolving potential circular references
00:07:20.540 qrouter [Test worker] DEBUG o.s.b.f.s.DefaultListableBeanFactory -Returning cached instance of singleton bean 'org.springframework.transaction.config.internalTransactionAdvisor'
00:07:20.540 qrouter [Test worker] DEBUG o.s.b.f.s.DefaultListableBeanFactory -Returning cached instance of singleton bean 'org.springframework.transaction.config.internalTransactionAdvisor'
00:07:20.542 qrouter [Test worker] DEBUG o.s.b.f.s.DefaultListableBeanFactory -Finished creating instance of bean 'parameterNameReader'
00:07:20.543 qrouter [Test worker] DEBUG o.s.b.f.s.DefaultListableBeanFactory -Creating shared instance of singleton bean 'parameterRequiredReader'
00:07:20.543 qrouter [Test worker] DEBUG o.s.b.f.s.DefaultListableBeanFactory -Creating instance of bean 'parameterRequiredReader'
00:07:20.543 qrouter [Test worker] DEBUG o.s.b.f.s.DefaultListableBeanFactory -Returning cached instance of singleton bean 'org.springframework.transaction.config.internalTransactionAdvisor'
00:07:20.547 qrouter [Test worker] DEBUG o.s.b.f.s.DefaultListableBeanFactory -Eagerly caching bean 'parameterRequiredReader' to allow for resolving potential circular references
00:07:20.557 qrouter [Test worker] DEBUG o.s.b.f.s.DefaultListableBeanFactory -Returning cached instance of singleton bean 'org.springframework.transaction.config.internalTransactionAdvisor'
00:07:20.557 qrouter [Test worker] DEBUG o.s.b.f.s.DefaultListableBeanFactory -Returning cached instance of singleton bean 'org.springframework.transaction.config.internalTransactionAdvisor'
00:07:20.560 qrouter [Test worker] DEBUG o.s.b.f.s.DefaultListableBeanFactory -Finished creating instance of bean 'parameterRequiredReader'
00:07:20.560 qrouter [Test worker] DEBUG o.s.b.f.s.DefaultListableBeanFactory -Creating shared instance of singleton bean 'parameterTypeReader'
00:07:20.560 qrouter [Test worker] DEBUG o.s.b.f.s.DefaultListableBeanFactory -Creating instance of bean 'parameterTypeReader'
00:07:20.561 qrouter [Test worker] DEBUG o.s.b.f.s.DefaultListableBeanFactory -Returning cached instance of singleton bean 'org.springframework.transaction.config.internalTransactionAdvisor'
00:07:20.563 qrouter [Test worker] DEBUG o.s.b.f.s.DefaultListableBeanFactory -Eagerly caching bean 'parameterTypeReader' to allow for resolving potential circular references
00:07:20.571 qrouter [Test worker] DEBUG o.s.b.f.s.DefaultListableBeanFactory -Returning cached instance of singleton bean 'org.springframework.transaction.config.internalTransactionAdvisor'
00:07:20.571 qrouter [Test worker] DEBUG o.s.b.f.s.DefaultListableBeanFactory -Returning cached instance of singleton bean 'org.springframework.transaction.config.internalTransactionAdvisor'
00:07:20.574 qrouter [Test worker] DEBUG o.s.b.f.s.DefaultListableBeanFactory -Finished creating instance of bean 'parameterTypeReader'
00:07:20.574 qrouter [Test worker] DEBUG o.s.b.f.s.DefaultListableBeanFactory -Creating shared instance of singleton bean 'documentationPluginsBootstrapper'
00:07:20.574 qrouter [Test worker] DEBUG o.s.b.f.s.DefaultListableBeanFactory -Creating instance of bean 'documentationPluginsBootstrapper'
00:07:20.575 qrouter [Test worker] DEBUG o.s.b.f.s.DefaultListableBeanFactory -Returning cached instance of singleton bean 'org.springframework.transaction.config.internalTransactionAdvisor'
00:07:20.580 qrouter [Test worker] DEBUG o.s.b.f.s.DefaultListableBeanFactory -Returning cached instance of singleton bean 'documentationPluginsManager'
00:07:20.586 qrouter [Test worker] DEBUG o.s.b.f.s.DefaultListableBeanFactory -Creating shared instance of singleton bean 'webMvcRequestHandlerProvider'
00:07:20.586 qrouter [Test worker] DEBUG o.s.b.f.s.DefaultListableBeanFactory -Creating instance of bean 'webMvcRequestHandlerProvider'
00:07:20.587 qrouter [Test worker] DEBUG o.s.b.f.s.DefaultListableBeanFactory -Returning cached instance of singleton bean 'org.springframework.transaction.config.internalTransactionAdvisor'
00:07:20.599 qrouter [Test worker] DEBUG o.s.b.f.s.DefaultListableBeanFactory -Creating shared instance of singleton bean 'requestMappingHandlerMapping'
00:07:20.600 qrouter [Test worker] DEBUG o.s.b.f.s.DefaultListableBeanFactory -Creating instance of bean 'requestMappingHandlerMapping'
00:07:20.600 qrouter [Test worker] DEBUG o.s.b.f.s.DefaultListableBeanFactory -Returning cached instance of singleton bean 'org.springframework.transaction.config.internalTransactionAdvisor'
00:07:20.601 qrouter [Test worker] DEBUG o.s.b.f.s.DefaultListableBeanFactory -Creating shared instance of singleton bean 'org.springframework.boot.autoconfigure.web.WebMvcAutoConfiguration$EnableWebMvcConfiguration'
00:07:20.601 qrouter [Test worker] DEBUG o.s.b.f.s.DefaultListableBeanFactory -Creating instance of bean 'org.springframework.boot.autoconfigure.web.WebMvcAutoConfiguration$EnableWebMvcConfiguration'
00:07:20.601 qrouter [Test worker] DEBUG o.s.b.f.s.DefaultListableBeanFactory -Returning cached instance of singleton bean 'org.springframework.transaction.config.internalTransactionAdvisor'
00:07:20.606 qrouter [Test worker] DEBUG o.s.c.LocalVariableTableParameterNameDiscoverer -Cannot find '.class' file for class [class org.springframework.boot.autoconfigure.web.WebMvcAutoConfiguration$EnableWebMvcConfiguration$$EnhancerBySpringCGLIB$$ccac2efd] - unable to determine constructor/method parameter names
00:07:20.613 qrouter [Test worker] DEBUG o.s.b.f.s.DefaultListableBeanFactory -Autowiring by type from bean name 'org.springframework.boot.autoconfigure.web.WebMvcAutoConfiguration$EnableWebMvcConfiguration' via constructor to bean named 'org.springframework.beans.factory.support.DefaultListableBeanFactory@1b7543b'
00:07:20.621 qrouter [Test worker] DEBUG o.s.b.f.s.DefaultListableBeanFactory -Creating shared instance of singleton bean 'spring.mvc-org.springframework.boot.autoconfigure.web.WebMvcProperties'
00:07:20.621 qrouter [Test worker] DEBUG o.s.b.f.s.DefaultListableBeanFactory -Creating instance of bean 'spring.mvc-org.springframework.boot.autoconfigure.web.WebMvcProperties'
00:07:20.621 qrouter [Test worker] DEBUG o.s.b.f.s.DefaultListableBeanFactory -Returning cached instance of singleton bean 'org.springframework.transaction.config.internalTransactionAdvisor'
00:07:20.624 qrouter [Test worker] DEBUG o.s.b.f.s.DefaultListableBeanFactory -Eagerly caching bean 'spring.mvc-org.springframework.boot.autoconfigure.web.WebMvcProperties' to allow for resolving potential circular references
00:07:20.644 qrouter [Test worker] DEBUG o.s.core.env.MutablePropertySources -Adding [Inlined Test Properties] PropertySource with lowest search precedence
00:07:20.644 qrouter [Test worker] DEBUG o.s.core.env.MutablePropertySources -Adding [systemProperties] PropertySource with lowest search precedence
00:07:20.644 qrouter [Test worker] DEBUG o.s.core.env.MutablePropertySources -Adding [systemEnvironment] PropertySource with lowest search precedence
00:07:20.645 qrouter [Test worker] DEBUG o.s.core.env.MutablePropertySources -Adding [random] PropertySource with lowest search precedence
00:07:20.645 qrouter [Test worker] DEBUG o.s.core.env.MutablePropertySources -Adding [applicationConfig: [classpath:/application.properties]] PropertySource with lowest search precedence
00:07:20.677 qrouter [Test worker] DEBUG o.s.b.f.s.DefaultListableBeanFactory -Returning cached instance of singleton bean 'org.springframework.transaction.config.internalTransactionAdvisor'
00:07:20.677 qrouter [Test worker] DEBUG o.s.b.f.s.DefaultListableBeanFactory -Returning cached instance of singleton bean 'org.springframework.transaction.config.internalTransactionAdvisor'
00:07:20.683 qrouter [Test worker] DEBUG o.s.b.f.s.DefaultListableBeanFactory -Finished creating instance of bean 'spring.mvc-org.springframework.boot.autoconfigure.web.WebMvcProperties'
00:07:20.738 qrouter [Test worker] DEBUG o.s.b.f.annotation.InjectionMetadata -Registered injected element on class [org.springframework.boot.autoconfigure.web.WebMvcAutoConfiguration$EnableWebMvcConfiguration$$EnhancerBySpringCGLIB$$ccac2efd]: AutowiredMethodElement for public void org.springframework.web.servlet.config.annotation.DelegatingWebMvcConfiguration.setConfigurers(java.util.List)
00:07:20.738 qrouter [Test worker] DEBUG o.s.b.f.s.DefaultListableBeanFactory -Eagerly caching bean 'org.springframework.boot.autoconfigure.web.WebMvcAutoConfiguration$EnableWebMvcConfiguration' to allow for resolving potential circular references
00:07:20.740 qrouter [Test worker] DEBUG o.s.b.f.annotation.InjectionMetadata -Processing injected element of bean 'org.springframework.boot.autoconfigure.web.WebMvcAutoConfiguration$EnableWebMvcConfiguration': AutowiredMethodElement for public void org.springframework.web.servlet.config.annotation.DelegatingWebMvcConfiguration.setConfigurers(java.util.List)
00:07:20.747 qrouter [Test worker] DEBUG o.s.b.f.s.DefaultListableBeanFactory -Creating shared instance of singleton bean 'org.springframework.boot.autoconfigure.web.WebMvcAutoConfiguration$WebMvcAutoConfigurationAdapter'
00:07:20.747 qrouter [Test worker] DEBUG o.s.b.f.s.DefaultListableBeanFactory -Creating instance of bean 'org.springframework.boot.autoconfigure.web.WebMvcAutoConfiguration$WebMvcAutoConfigurationAdapter'
00:07:20.748 qrouter [Test worker] DEBUG o.s.b.f.s.DefaultListableBeanFactory -Returning cached instance of singleton bean 'org.springframework.transaction.config.internalTransactionAdvisor'
00:07:20.753 qrouter [Test worker] DEBUG o.s.c.LocalVariableTableParameterNameDiscoverer -Cannot find '.class' file for class [class org.springframework.boot.autoconfigure.web.WebMvcAutoConfiguration$WebMvcAutoConfigurationAdapter$$EnhancerBySpringCGLIB$$6081e470] - unable to determine constructor/method parameter names
00:07:20.764 qrouter [Test worker] DEBUG o.s.b.f.s.DefaultListableBeanFactory -Creating shared instance of singleton bean 'spring.resources-org.springframework.boot.autoconfigure.web.ResourceProperties'
00:07:20.764 qrouter [Test worker] DEBUG o.s.b.f.s.DefaultListableBeanFactory -Creating instance of bean 'spring.resources-org.springframework.boot.autoconfigure.web.ResourceProperties'
00:07:20.765 qrouter [Test worker] DEBUG o.s.b.f.s.DefaultListableBeanFactory -Returning cached instance of singleton bean 'org.springframework.transaction.config.internalTransactionAdvisor'
00:07:20.774 qrouter [Test worker] DEBUG o.s.b.f.s.DefaultListableBeanFactory -Eagerly caching bean 'spring.resources-org.springframework.boot.autoconfigure.web.ResourceProperties' to allow for resolving potential circular references
00:07:20.788 qrouter [Test worker] DEBUG o.s.core.env.MutablePropertySources -Adding [Inlined Test Properties] PropertySource with lowest search precedence
00:07:20.788 qrouter [Test worker] DEBUG o.s.core.env.MutablePropertySources -Adding [systemProperties] PropertySource with lowest search precedence
00:07:20.789 qrouter [Test worker] DEBUG o.s.core.env.MutablePropertySources -Adding [systemEnvironment] PropertySource with lowest search precedence
00:07:20.790 qrouter [Test worker] DEBUG o.s.core.env.MutablePropertySources -Adding [random] PropertySource with lowest search precedence
00:07:20.790 qrouter [Test worker] DEBUG o.s.core.env.MutablePropertySources -Adding [applicationConfig: [classpath:/application.properties]] PropertySource with lowest search precedence
00:07:20.793 qrouter [Test worker] DEBUG o.s.b.f.s.DefaultListableBeanFactory -Returning cached instance of singleton bean 'org.springframework.transaction.config.internalTransactionAdvisor'
00:07:20.793 qrouter [Test worker] DEBUG o.s.b.f.s.DefaultListableBeanFactory -Returning cached instance of singleton bean 'org.springframework.transaction.config.internalTransactionAdvisor'
00:07:20.796 qrouter [Test worker] DEBUG o.s.b.f.s.DefaultListableBeanFactory -Finished creating instance of bean 'spring.resources-org.springframework.boot.autoconfigure.web.ResourceProperties'
00:07:20.797 qrouter [Test worker] DEBUG o.s.b.f.s.DefaultListableBeanFactory -Returning cached instance of singleton bean 'spring.mvc-org.springframework.boot.autoconfigure.web.WebMvcProperties'
00:07:20.803 qrouter [Test worker] DEBUG o.s.aop.framework.CglibAopProxy -Creating CGLIB proxy: target source is org.springframework.context.annotation.ContextAnnotationAutowireCandidateResolver$1@1c167d5
00:07:20.810 qrouter [Test worker] DEBUG o.s.aop.framework.CglibAopProxy -Unable to apply any optimizations to advised method: public java.util.Iterator org.springframework.boot.autoconfigure.web.HttpMessageConverters.iterator()
00:07:20.810 qrouter [Test worker] DEBUG o.s.aop.framework.CglibAopProxy -Unable to apply any optimizations to advised method: public java.util.List org.springframework.boot.autoconfigure.web.HttpMessageConverters.getConverters()
00:07:20.811 qrouter [Test worker] DEBUG o.s.aop.framework.CglibAopProxy -Unable to apply any optimizations to advised method: protected java.util.List org.springframework.boot.autoconfigure.web.HttpMessageConverters.postProcessPartConverters(java.util.List)
00:07:20.811 qrouter [Test worker] DEBUG o.s.aop.framework.CglibAopProxy -Unable to apply any optimizations to advised method: protected java.util.List org.springframework.boot.autoconfigure.web.HttpMessageConverters.postProcessConverters(java.util.List)
00:07:20.811 qrouter [Test worker] DEBUG o.s.aop.framework.CglibAopProxy -Found 'equals' method: public boolean java.lang.Object.equals(java.lang.Object)
00:07:20.811 qrouter [Test worker] DEBUG o.s.aop.framework.CglibAopProxy -Unable to apply any optimizations to advised method: public java.lang.String java.lang.Object.toString()
00:07:20.811 qrouter [Test worker] DEBUG o.s.aop.framework.CglibAopProxy -Found 'hashCode' method: public native int java.lang.Object.hashCode()
00:07:20.811 qrouter [Test worker] DEBUG o.s.aop.framework.CglibAopProxy -Unable to apply any optimizations to advised method: protected native java.lang.Object java.lang.Object.clone() throws java.lang.CloneNotSupportedException
00:07:20.812 qrouter [Test worker] DEBUG o.s.aop.framework.CglibAopProxy -Unable to apply any optimizations to advised method: public default java.util.Spliterator java.lang.Iterable.spliterator()
00:07:20.812 qrouter [Test worker] DEBUG o.s.aop.framework.CglibAopProxy -Unable to apply any optimizations to advised method: public default void java.lang.Iterable.forEach(java.util.function.Consumer)
00:07:20.812 qrouter [Test worker] DEBUG o.s.aop.framework.CglibAopProxy -Method is declared on Advised interface: public abstract int org.springframework.aop.framework.Advised.indexOf(org.aopalliance.aop.Advice)
00:07:20.812 qrouter [Test worker] DEBUG o.s.aop.framework.CglibAopProxy -Method is declared on Advised interface: public abstract int org.springframework.aop.framework.Advised.indexOf(org.springframework.aop.Advisor)
00:07:20.812 qrouter [Test worker] DEBUG o.s.aop.framework.CglibAopProxy -Method is declared on Advised interface: public abstract boolean org.springframework.aop.framework.Advised.isFrozen()
00:07:20.812 qrouter [Test worker] DEBUG o.s.aop.framework.CglibAopProxy -Method is declared on Advised interface: public abstract java.lang.Class[] org.springframework.aop.framework.Advised.getProxiedInterfaces()
00:07:20.813 qrouter [Test worker] DEBUG o.s.aop.framework.CglibAopProxy -Method is declared on Advised interface: public abstract boolean org.springframework.aop.framework.Advised.isInterfaceProxied(java.lang.Class)
00:07:20.813 qrouter [Test worker] DEBUG o.s.aop.framework.CglibAopProxy -Method is declared on Advised interface: public abstract boolean org.springframework.aop.framework.Advised.isProxyTargetClass()
00:07:20.813 qrouter [Test worker] DEBUG o.s.aop.framework.CglibAopProxy -Method is declared on Advised interface: public abstract java.lang.String org.springframework.aop.framework.Advised.toProxyConfigString()
00:07:20.813 qrouter [Test worker] DEBUG o.s.aop.framework.CglibAopProxy -Method is declared on Advised interface: public abstract org.springframework.aop.TargetSource org.springframework.aop.framework.Advised.getTargetSource()
00:07:20.813 qrouter [Test worker] DEBUG o.s.aop.framework.CglibAopProxy -Method is declared on Advised interface: public abstract org.springframework.aop.Advisor[] org.springframework.aop.framework.Advised.getAdvisors()
00:07:20.813 qrouter [Test worker] DEBUG o.s.aop.framework.CglibAopProxy -Method is declared on Advised interface: public abstract void org.springframework.aop.framework.Advised.setTargetSource(org.springframework.aop.TargetSource)
00:07:20.813 qrouter [Test worker] DEBUG o.s.aop.framework.CglibAopProxy -Method is declared on Advised interface: public abstract void org.springframework.aop.framework.Advised.setExposeProxy(boolean)
00:07:20.813 qrouter [Test worker] DEBUG o.s.aop.framework.CglibAopProxy -Method is declared on Advised interface: public abstract boolean org.springframework.aop.framework.Advised.isExposeProxy()
00:07:20.814 qrouter [Test worker] DEBUG o.s.aop.framework.CglibAopProxy -Method is declared on Advised interface: public abstract void org.springframework.aop.framework.Advised.setPreFiltered(boolean)
00:07:20.814 qrouter [Test worker] DEBUG o.s.aop.framework.CglibAopProxy -Method is declared on Advised interface: public abstract boolean org.springframework.aop.framework.Advised.isPreFiltered()
00:07:20.814 qrouter [Test worker] DEBUG o.s.aop.framework.CglibAopProxy -Method is declared on Advised interface: public abstract void org.springframework.aop.framework.Advised.addAdvisor(org.springframework.aop.Advisor) throws org.springframework.aop.framework.AopConfigException
00:07:20.814 qrouter [Test worker] DEBUG o.s.aop.framework.CglibAopProxy -Method is declared on Advised interface: public abstract void org.springframework.aop.framework.Advised.addAdvisor(int,org.springframework.aop.Advisor) throws org.springframework.aop.framework.AopConfigException
00:07:20.814 qrouter [Test worker] DEBUG o.s.aop.framework.CglibAopProxy -Method is declared on Advised interface: public abstract void org.springframework.aop.framework.Advised.removeAdvisor(int) throws org.springframework.aop.framework.AopConfigException
00:07:20.814 qrouter [Test worker] DEBUG o.s.aop.framework.CglibAopProxy -Method is declared on Advised interface: public abstract boolean org.springframework.aop.framework.Advised.removeAdvisor(org.springframework.aop.Advisor)
00:07:20.815 qrouter [Test worker] DEBUG o.s.aop.framework.CglibAopProxy -Method is declared on Advised interface: public abstract boolean org.springframework.aop.framework.Advised.replaceAdvisor(org.springframework.aop.Advisor,org.springframework.aop.Advisor) throws org.springframework.aop.framework.AopConfigException
00:07:20.819 qrouter [Test worker] DEBUG o.s.aop.framework.CglibAopProxy -Method is declared on Advised interface: public abstract void org.springframework.aop.framework.Advised.addAdvice(int,org.aopalliance.aop.Advice) throws org.springframework.aop.framework.AopConfigException
00:07:20.819 qrouter [Test worker] DEBUG o.s.aop.framework.CglibAopProxy -Method is declared on Advised interface: public abstract void org.springframework.aop.framework.Advised.addAdvice(org.aopalliance.aop.Advice) throws org.springframework.aop.framework.AopConfigException
00:07:20.819 qrouter [Test worker] DEBUG o.s.aop.framework.CglibAopProxy -Method is declared on Advised interface: public abstract boolean org.springframework.aop.framework.Advised.removeAdvice(org.aopalliance.aop.Advice)
00:07:20.819 qrouter [Test worker] DEBUG o.s.aop.framework.CglibAopProxy -Method is declared on Advised interface: public abstract java.lang.Class org.springframework.aop.TargetClassAware.getTargetClass()
00:07:20.880 qrouter [Test worker] DEBUG o.s.b.f.s.DefaultListableBeanFactory -Autowiring by type from bean name 'org.springframework.boot.autoconfigure.web.WebMvcAutoConfiguration$WebMvcAutoConfigurationAdapter' via constructor to bean named 'spring.resources-org.springframework.boot.autoconfigure.web.ResourceProperties'
00:07:20.881 qrouter [Test worker] DEBUG o.s.b.f.s.DefaultListableBeanFactory -Autowiring by type from bean name 'org.springframework.boot.autoconfigure.web.WebMvcAutoConfiguration$WebMvcAutoConfigurationAdapter' via constructor to bean named 'spring.mvc-org.springframework.boot.autoconfigure.web.WebMvcProperties'
00:07:20.881 qrouter [Test worker] DEBUG o.s.b.f.s.DefaultListableBeanFactory -Autowiring by type from bean name 'org.springframework.boot.autoconfigure.web.WebMvcAutoConfiguration$WebMvcAutoConfigurationAdapter' via constructor to bean named 'org.springframework.beans.factory.support.DefaultListableBeanFactory@1b7543b'
00:07:20.892 qrouter [Test worker] DEBUG o.s.b.f.s.DefaultListableBeanFactory -Eagerly caching bean 'org.springframework.boot.autoconfigure.web.WebMvcAutoConfiguration$WebMvcAutoConfigurationAdapter' to allow for resolving potential circular references
00:07:20.920 qrouter [Test worker] DEBUG o.s.b.f.s.DefaultListableBeanFactory -Returning cached instance of singleton bean 'org.springframework.transaction.config.internalTransactionAdvisor'
00:07:20.920 qrouter [Test worker] DEBUG o.s.b.f.s.DefaultListableBeanFactory -Returning cached instance of singleton bean 'org.springframework.transaction.config.internalTransactionAdvisor'
00:07:20.964 qrouter [Test worker] DEBUG o.s.b.f.s.DefaultListableBeanFactory -Finished creating instance of bean 'org.springframework.boot.autoconfigure.web.WebMvcAutoConfiguration$WebMvcAutoConfigurationAdapter'
00:07:20.964 qrouter [Test worker] DEBUG o.s.b.f.s.DefaultListableBeanFactory -Creating shared instance of singleton bean 'org.springframework.boot.autoconfigure.orm.jpa.JpaBaseConfiguration$JpaWebConfiguration$JpaWebMvcConfiguration'
00:07:20.965 qrouter [Test worker] DEBUG o.s.b.f.s.DefaultListableBeanFactory -Creating instance of bean 'org.springframework.boot.autoconfigure.orm.jpa.JpaBaseConfiguration$JpaWebConfiguration$JpaWebMvcConfiguration'
00:07:20.965 qrouter [Test worker] DEBUG o.s.b.f.s.DefaultListableBeanFactory -Returning cached instance of singleton bean 'org.springframework.transaction.config.internalTransactionAdvisor'
00:07:20.968 qrouter [Test worker] DEBUG o.s.b.f.s.DefaultListableBeanFactory -Eagerly caching bean 'org.springframework.boot.autoconfigure.orm.jpa.JpaBaseConfiguration$JpaWebConfiguration$JpaWebMvcConfiguration' to allow for resolving potential circular references
00:07:21.002 qrouter [Test worker] DEBUG o.s.b.f.s.DefaultListableBeanFactory -Returning cached instance of singleton bean 'org.springframework.transaction.config.internalTransactionAdvisor'
00:07:21.002 qrouter [Test worker] DEBUG o.s.b.f.s.DefaultListableBeanFactory -Returning cached instance of singleton bean 'org.springframework.transaction.config.internalTransactionAdvisor'
00:07:21.007 qrouter [Test worker] DEBUG o.s.b.f.s.DefaultListableBeanFactory -Finished creating instance of bean 'org.springframework.boot.autoconfigure.orm.jpa.JpaBaseConfiguration$JpaWebConfiguration$JpaWebMvcConfiguration'
00:07:21.008 qrouter [Test worker] DEBUG o.s.b.f.s.DefaultListableBeanFactory -Creating shared instance of singleton bean 'org.springframework.data.web.config.HateoasAwareSpringDataWebConfiguration'
00:07:21.008 qrouter [Test worker] DEBUG o.s.b.f.s.DefaultListableBeanFactory -Creating instance of bean 'org.springframework.data.web.config.HateoasAwareSpringDataWebConfiguration'
00:07:21.009 qrouter [Test worker] DEBUG o.s.b.f.s.DefaultListableBeanFactory -Returning cached instance of singleton bean 'org.springframework.transaction.config.internalTransactionAdvisor'
00:07:21.028 qrouter [Test worker] DEBUG o.s.b.f.annotation.InjectionMetadata -Registered injected element on class [org.springframework.data.web.config.HateoasAwareSpringDataWebConfiguration$$EnhancerBySpringCGLIB$$69464c2e]: AutowiredFieldElement for private org.springframework.context.ApplicationContext org.springframework.data.web.config.SpringDataWebConfiguration.context
00:07:21.029 qrouter [Test worker] DEBUG o.s.b.f.annotation.InjectionMetadata -Registered injected element on class [org.springframework.data.web.config.HateoasAwareSpringDataWebConfiguration$$EnhancerBySpringCGLIB$$69464c2e]: AutowiredFieldElement for org.springframework.beans.factory.ObjectFactory org.springframework.data.web.config.SpringDataWebConfiguration.conversionService
00:07:21.029 qrouter [Test worker] DEBUG o.s.b.f.s.DefaultListableBeanFactory -Eagerly caching bean 'org.springframework.data.web.config.HateoasAwareSpringDataWebConfiguration' to allow for resolving potential circular references
00:07:21.072 qrouter [Test worker] DEBUG o.s.b.f.annotation.InjectionMetadata -Processing injected element of bean 'org.springframework.data.web.config.HateoasAwareSpringDataWebConfiguration': AutowiredFieldElement for private org.springframework.context.ApplicationContext org.springframework.data.web.config.SpringDataWebConfiguration.context
00:07:21.080 qrouter [Test worker] DEBUG o.s.b.f.a.AutowiredAnnotationBeanPostProcessor -Autowiring by type from bean name 'org.springframework.data.web.config.HateoasAwareSpringDataWebConfiguration' to bean named 'org.springframework.web.context.support.GenericWebApplicationContext@1ec853e'
00:07:21.080 qrouter [Test worker] DEBUG o.s.b.f.annotation.InjectionMetadata -Processing injected element of bean 'org.springframework.data.web.config.HateoasAwareSpringDataWebConfiguration': AutowiredFieldElement for org.springframework.beans.factory.ObjectFactory org.springframework.data.web.config.SpringDataWebConfiguration.conversionService
00:07:21.082 qrouter [Test worker] DEBUG o.s.b.f.s.DefaultListableBeanFactory -Returning cached instance of singleton bean 'org.springframework.transaction.config.internalTransactionAdvisor'
00:07:21.082 qrouter [Test worker] DEBUG o.s.b.f.s.DefaultListableBeanFactory -Returning cached instance of singleton bean 'org.springframework.transaction.config.internalTransactionAdvisor'
00:07:21.105 qrouter [Test worker] DEBUG o.s.b.f.s.DefaultListableBeanFactory -Finished creating instance of bean 'org.springframework.data.web.config.HateoasAwareSpringDataWebConfiguration'
00:07:21.108 qrouter [Test worker] DEBUG o.s.b.f.a.AutowiredAnnotationBeanPostProcessor -Autowiring by type from bean name 'org.springframework.boot.autoconfigure.web.WebMvcAutoConfiguration$EnableWebMvcConfiguration' to bean named 'org.springframework.boot.autoconfigure.web.WebMvcAutoConfiguration$WebMvcAutoConfigurationAdapter'
00:07:21.108 qrouter [Test worker] DEBUG o.s.b.f.a.AutowiredAnnotationBeanPostProcessor -Autowiring by type from bean name 'org.springframework.boot.autoconfigure.web.WebMvcAutoConfiguration$EnableWebMvcConfiguration' to bean named 'org.springframework.boot.autoconfigure.orm.jpa.JpaBaseConfiguration$JpaWebConfiguration$JpaWebMvcConfiguration'
00:07:21.108 qrouter [Test worker] DEBUG o.s.b.f.a.AutowiredAnnotationBeanPostProcessor -Autowiring by type from bean name 'org.springframework.boot.autoconfigure.web.WebMvcAutoConfiguration$EnableWebMvcConfiguration' to bean named 'org.springframework.data.web.config.HateoasAwareSpringDataWebConfiguration'
00:07:21.110 qrouter [Test worker] DEBUG o.s.b.f.s.DefaultListableBeanFactory -Returning cached instance of singleton bean 'org.springframework.transaction.config.internalTransactionAdvisor'
00:07:21.111 qrouter [Test worker] DEBUG o.s.b.f.s.DefaultListableBeanFactory -Returning cached instance of singleton bean 'org.springframework.transaction.config.internalTransactionAdvisor'
00:07:21.129 qrouter [Test worker] DEBUG o.s.b.f.s.DefaultListableBeanFactory -Finished creating instance of bean 'org.springframework.boot.autoconfigure.web.WebMvcAutoConfiguration$EnableWebMvcConfiguration'
00:07:21.315 qrouter [Test worker] DEBUG o.s.b.f.s.DefaultListableBeanFactory -Creating shared instance of singleton bean 'openEntityManagerInViewInterceptor'
00:07:21.315 qrouter [Test worker] DEBUG o.s.b.f.s.DefaultListableBeanFactory -Creating instance of bean 'openEntityManagerInViewInterceptor'
00:07:21.315 qrouter [Test worker] DEBUG o.s.b.f.s.DefaultListableBeanFactory -Returning cached instance of singleton bean 'org.springframework.transaction.config.internalTransactionAdvisor'
00:07:21.316 qrouter [Test worker] DEBUG o.s.b.f.s.DefaultListableBeanFactory -Returning cached instance of singleton bean 'org.springframework.boot.autoconfigure.orm.jpa.JpaBaseConfiguration$JpaWebConfiguration$JpaWebMvcConfiguration'
00:07:21.393 qrouter [Test worker] DEBUG o.s.b.f.s.DefaultListableBeanFactory -Eagerly caching bean 'openEntityManagerInViewInterceptor' to allow for resolving potential circular references
00:07:21.425 qrouter [Test worker] DEBUG o.s.b.f.s.DefaultListableBeanFactory -Returning cached instance of singleton bean 'entityManagerFactory'
00:07:21.426 qrouter [Test worker] DEBUG o.s.b.f.s.DefaultListableBeanFactory -Returning cached instance of singleton bean 'org.springframework.transaction.config.internalTransactionAdvisor'
00:07:21.426 qrouter [Test worker] DEBUG o.s.b.f.s.DefaultListableBeanFactory -Returning cached instance of singleton bean 'org.springframework.transaction.config.internalTransactionAdvisor'
00:07:21.428 qrouter [Test worker] DEBUG o.s.b.f.s.DefaultListableBeanFactory -Finished creating instance of bean 'openEntityManagerInViewInterceptor'
00:07:21.440 qrouter [Test worker] DEBUG o.s.b.f.s.DefaultListableBeanFactory -Creating shared instance of singleton bean 'mvcConversionService'
00:07:21.440 qrouter [Test worker] DEBUG o.s.b.f.s.DefaultListableBeanFactory -Creating instance of bean 'mvcConversionService'
00:07:21.441 qrouter [Test worker] DEBUG o.s.b.f.s.DefaultListableBeanFactory -Returning cached instance of singleton bean 'org.springframework.transaction.config.internalTransactionAdvisor'
00:07:21.441 qrouter [Test worker] DEBUG o.s.b.f.s.DefaultListableBeanFactory -Returning cached instance of singleton bean 'org.springframework.boot.autoconfigure.web.WebMvcAutoConfiguration$EnableWebMvcConfiguration'
00:07:21.586 qrouter [Test worker] DEBUG o.s.b.f.s.DefaultListableBeanFactory -Eagerly caching bean 'mvcConversionService' to allow for resolving potential circular references
00:07:21.610 qrouter [Test worker] DEBUG o.s.b.f.s.DefaultListableBeanFactory -Returning cached instance of singleton bean 'org.springframework.transaction.config.internalTransactionAdvisor'
00:07:21.610 qrouter [Test worker] DEBUG o.s.b.f.s.DefaultListableBeanFactory -Returning cached instance of singleton bean 'org.springframework.transaction.config.internalTransactionAdvisor'
00:07:21.613 qrouter [Test worker] DEBUG o.s.b.f.s.DefaultListableBeanFactory -Finished creating instance of bean 'mvcConversionService'
00:07:21.619 qrouter [Test worker] DEBUG o.s.b.f.s.DefaultListableBeanFactory -Creating shared instance of singleton bean 'mvcResourceUrlProvider'
00:07:21.619 qrouter [Test worker] DEBUG o.s.b.f.s.DefaultListableBeanFactory -Creating instance of bean 'mvcResourceUrlProvider'
00:07:21.620 qrouter [Test worker] DEBUG o.s.b.f.s.DefaultListableBeanFactory -Returning cached instance of singleton bean 'org.springframework.transaction.config.internalTransactionAdvisor'
00:07:21.620 qrouter [Test worker] DEBUG o.s.b.f.s.DefaultListableBeanFactory -Returning cached instance of singleton bean 'org.springframework.boot.autoconfigure.web.WebMvcAutoConfiguration$EnableWebMvcConfiguration'
00:07:21.627 qrouter [Test worker] DEBUG o.s.b.f.s.DefaultListableBeanFactory -Eagerly caching bean 'mvcResourceUrlProvider' to allow for resolving potential circular references
00:07:21.639 qrouter [Test worker] DEBUG o.s.b.f.s.DefaultListableBeanFactory -Returning cached instance of singleton bean 'org.springframework.transaction.config.internalTransactionAdvisor'
00:07:21.640 qrouter [Test worker] DEBUG o.s.b.f.s.DefaultListableBeanFactory -Returning cached instance of singleton bean 'org.springframework.transaction.config.internalTransactionAdvisor'
00:07:21.641 qrouter [Test worker] DEBUG o.s.b.f.s.DefaultListableBeanFactory -Finished creating instance of bean 'mvcResourceUrlProvider'
00:07:21.643 qrouter [Test worker] DEBUG o.s.b.f.s.DefaultListableBeanFactory -Creating shared instance of singleton bean 'mvcContentNegotiationManager'
00:07:21.643 qrouter [Test worker] DEBUG o.s.b.f.s.DefaultListableBeanFactory -Creating instance of bean 'mvcContentNegotiationManager'
00:07:21.644 qrouter [Test worker] DEBUG o.s.b.f.s.DefaultListableBeanFactory -Returning cached instance of singleton bean 'org.springframework.transaction.config.internalTransactionAdvisor'
00:07:21.644 qrouter [Test worker] DEBUG o.s.b.f.s.DefaultListableBeanFactory -Returning cached instance of singleton bean 'org.springframework.boot.autoconfigure.web.WebMvcAutoConfiguration$EnableWebMvcConfiguration'
00:07:21.690 qrouter [Test worker] DEBUG o.s.b.f.s.DefaultListableBeanFactory -Eagerly caching bean 'mvcContentNegotiationManager' to allow for resolving potential circular references
00:07:21.707 qrouter [Test worker] DEBUG o.s.b.f.s.DefaultListableBeanFactory -Returning cached instance of singleton bean 'org.springframework.transaction.config.internalTransactionAdvisor'
00:07:21.707 qrouter [Test worker] DEBUG o.s.b.f.s.DefaultListableBeanFactory -Returning cached instance of singleton bean 'org.springframework.transaction.config.internalTransactionAdvisor'
00:07:21.708 qrouter [Test worker] DEBUG o.s.b.f.s.DefaultListableBeanFactory -Finished creating instance of bean 'mvcContentNegotiationManager'
00:07:21.743 qrouter [Test worker] DEBUG o.s.b.f.s.DefaultListableBeanFactory -Eagerly caching bean 'requestMappingHandlerMapping' to allow for resolving potential circular references
00:07:21.808 qrouter [Test worker] DEBUG o.s.b.f.s.DefaultListableBeanFactory -Invoking afterPropertiesSet() on bean with name 'requestMappingHandlerMapping'
00:07:21.810 qrouter [Test worker] DEBUG o.s.w.s.m.m.a.RequestMappingHandlerMapping -Looking for request mappings in application context: org.springframework.web.context.support.GenericWebApplicationContext@1ec853e: startup date [Tue Aug 29 00:06:54 IST 2017]; root of context hierarchy
00:07:21.950 qrouter [Test worker] DEBUG o.s.w.s.m.m.a.RequestMappingHandlerMapping -5 request handler methods found on class shop.retail.controllers.RetailShopController: {public org.springframework.http.ResponseEntity shop.retail.controllers.RetailShopController.getNearestShop(java.lang.String,java.lang.String) throws shop.retail.exception.RetailManagerException={[/shop/find],methods=[GET]}, public org.springframework.http.ResponseEntity shop.retail.controllers.RetailShopController.deleteShop(java.lang.Integer) throws shop.retail.exception.RetailManagerException={[/shop/{id}],methods=[DELETE]}, public org.springframework.http.ResponseEntity shop.retail.controllers.RetailShopController.getAllShop()={[/shop],methods=[GET]}, public org.springframework.http.ResponseEntity shop.retail.controllers.RetailShopController.addShop(shop.retail.models.Shop)={[/shop],methods=[POST]}, public org.springframework.http.ResponseEntity shop.retail.controllers.RetailShopController.getShop(long) throws shop.retail.exception.RetailManagerException={[/shop/{id}],methods=[GET]}}
00:07:21.955 qrouter [Test worker] INFO  o.s.w.s.m.m.a.RequestMappingHandlerMapping -Mapped "{[/shop/find],methods=[GET]}" onto public org.springframework.http.ResponseEntity<shop.retail.models.Shop> shop.retail.controllers.RetailShopController.getNearestShop(java.lang.String,java.lang.String) throws shop.retail.exception.RetailManagerException
00:07:21.973 qrouter [Test worker] INFO  o.s.w.s.m.m.a.RequestMappingHandlerMapping -Mapped "{[/shop/{id}],methods=[DELETE]}" onto public org.springframework.http.ResponseEntity<java.lang.Void> shop.retail.controllers.RetailShopController.deleteShop(java.lang.Integer) throws shop.retail.exception.RetailManagerException
00:07:21.975 qrouter [Test worker] INFO  o.s.w.s.m.m.a.RequestMappingHandlerMapping -Mapped "{[/shop],methods=[GET]}" onto public org.springframework.http.ResponseEntity<java.util.List<shop.retail.models.Shop>> shop.retail.controllers.RetailShopController.getAllShop()
00:07:21.977 qrouter [Test worker] INFO  o.s.w.s.m.m.a.RequestMappingHandlerMapping -Mapped "{[/shop],methods=[POST]}" onto public org.springframework.http.ResponseEntity<shop.retail.models.Shop> shop.retail.controllers.RetailShopController.addShop(shop.retail.models.Shop)
00:07:21.979 qrouter [Test worker] INFO  o.s.w.s.m.m.a.RequestMappingHandlerMapping -Mapped "{[/shop/{id}],methods=[GET]}" onto public org.springframework.http.ResponseEntity<shop.retail.models.Shop> shop.retail.controllers.RetailShopController.getShop(long) throws shop.retail.exception.RetailManagerException
00:07:21.982 qrouter [Test worker] DEBUG o.s.c.e.PropertySourcesPropertyResolver -Could not find key 'springfox.documentation.swagger.v2.path:/v2/api-docs' in any property source
00:07:21.982 qrouter [Test worker] DEBUG o.s.c.e.PropertySourcesPropertyResolver -Could not find key 'springfox.documentation.swagger.v2.path:/v2/api-docs' in any property source
00:07:21.983 qrouter [Test worker] DEBUG o.s.c.e.PropertySourcesPropertyResolver -Could not find key 'springfox.documentation.swagger.v2.path' in any property source
00:07:21.983 qrouter [Test worker] DEBUG o.s.c.e.PropertySourcesPropertyResolver -Could not find key 'springfox.documentation.swagger.v2.path' in any property source
00:07:21.985 qrouter [Test worker] DEBUG o.s.w.s.m.m.a.RequestMappingHandlerMapping -1 request handler methods found on class springfox.documentation.swagger2.web.Swagger2Controller: {public org.springframework.http.ResponseEntity springfox.documentation.swagger2.web.Swagger2Controller.getDocumentation(java.lang.String)={[/v2/api-docs],methods=[GET]}}
00:07:21.986 qrouter [Test worker] INFO  o.s.w.s.m.m.a.RequestMappingHandlerMapping -Mapped "{[/v2/api-docs],methods=[GET]}" onto public org.springframework.http.ResponseEntity<springfox.documentation.spring.web.json.Json> springfox.documentation.swagger2.web.Swagger2Controller.getDocumentation(java.lang.String)
00:07:22.053 qrouter [Test worker] DEBUG o.s.w.s.m.m.a.RequestMappingHandlerMapping -3 request handler methods found on class springfox.documentation.swagger.web.ApiResourceController: {org.springframework.http.ResponseEntity springfox.documentation.swagger.web.ApiResourceController.securityConfiguration()={[/configuration/security]}, org.springframework.http.ResponseEntity springfox.documentation.swagger.web.ApiResourceController.uiConfiguration()={[/configuration/ui]}, org.springframework.http.ResponseEntity springfox.documentation.swagger.web.ApiResourceController.swaggerResources()={[/swagger-resources]}}
00:07:22.055 qrouter [Test worker] INFO  o.s.w.s.m.m.a.RequestMappingHandlerMapping -Mapped "{[/configuration/security]}" onto org.springframework.http.ResponseEntity<springfox.documentation.swagger.web.SecurityConfiguration> springfox.documentation.swagger.web.ApiResourceController.securityConfiguration()
00:07:22.056 qrouter [Test worker] INFO  o.s.w.s.m.m.a.RequestMappingHandlerMapping -Mapped "{[/configuration/ui]}" onto org.springframework.http.ResponseEntity<springfox.documentation.swagger.web.UiConfiguration> springfox.documentation.swagger.web.ApiResourceController.uiConfiguration()
00:07:22.058 qrouter [Test worker] INFO  o.s.w.s.m.m.a.RequestMappingHandlerMapping -Mapped "{[/swagger-resources]}" onto org.springframework.http.ResponseEntity<java.util.List<springfox.documentation.swagger.web.SwaggerResource>> springfox.documentation.swagger.web.ApiResourceController.swaggerResources()
00:07:22.088 qrouter [Test worker] DEBUG o.s.c.e.PropertySourcesPropertyResolver -Could not find key 'error.path:/error' in any property source
00:07:22.088 qrouter [Test worker] DEBUG o.s.c.e.PropertySourcesPropertyResolver -Could not find key 'error.path:/error' in any property source
00:07:22.089 qrouter [Test worker] DEBUG o.s.c.e.PropertySourcesPropertyResolver -Could not find key 'error.path' in any property source
00:07:22.089 qrouter [Test worker] DEBUG o.s.c.e.PropertySourcesPropertyResolver -Could not find key 'error.path' in any property source
00:07:22.090 qrouter [Test worker] DEBUG o.s.c.e.PropertySourcesPropertyResolver -Could not find key 'server.error.path:/error' in any property source
00:07:22.090 qrouter [Test worker] DEBUG o.s.c.e.PropertySourcesPropertyResolver -Could not find key 'server.error.path:/error' in any property source
00:07:22.091 qrouter [Test worker] DEBUG o.s.c.e.PropertySourcesPropertyResolver -Could not find key 'server.error.path' in any property source
00:07:22.092 qrouter [Test worker] DEBUG o.s.c.e.PropertySourcesPropertyResolver -Could not find key 'server.error.path' in any property source
00:07:22.102 qrouter [Test worker] DEBUG o.s.c.e.PropertySourcesPropertyResolver -Could not find key 'error.path:/error' in any property source
00:07:22.104 qrouter [Test worker] DEBUG o.s.c.e.PropertySourcesPropertyResolver -Could not find key 'error.path:/error' in any property source
00:07:22.104 qrouter [Test worker] DEBUG o.s.c.e.PropertySourcesPropertyResolver -Could not find key 'error.path' in any property source
00:07:22.104 qrouter [Test worker] DEBUG o.s.c.e.PropertySourcesPropertyResolver -Could not find key 'error.path' in any property source
00:07:22.105 qrouter [Test worker] DEBUG o.s.c.e.PropertySourcesPropertyResolver -Could not find key 'server.error.path:/error' in any property source
00:07:22.105 qrouter [Test worker] DEBUG o.s.c.e.PropertySourcesPropertyResolver -Could not find key 'server.error.path:/error' in any property source
00:07:22.106 qrouter [Test worker] DEBUG o.s.c.e.PropertySourcesPropertyResolver -Could not find key 'server.error.path' in any property source
00:07:22.106 qrouter [Test worker] DEBUG o.s.c.e.PropertySourcesPropertyResolver -Could not find key 'server.error.path' in any property source
00:07:22.127 qrouter [Test worker] DEBUG o.s.w.s.m.m.a.RequestMappingHandlerMapping -2 request handler methods found on class org.springframework.boot.autoconfigure.web.BasicErrorController: {public org.springframework.http.ResponseEntity org.springframework.boot.autoconfigure.web.BasicErrorController.error(javax.servlet.http.HttpServletRequest)={[/error]}, public org.springframework.web.servlet.ModelAndView org.springframework.boot.autoconfigure.web.BasicErrorController.errorHtml(javax.servlet.http.HttpServletRequest,javax.servlet.http.HttpServletResponse)={[/error],produces=[text/html]}}
00:07:22.129 qrouter [Test worker] INFO  o.s.w.s.m.m.a.RequestMappingHandlerMapping -Mapped "{[/error]}" onto public org.springframework.http.ResponseEntity<java.util.Map<java.lang.String, java.lang.Object>> org.springframework.boot.autoconfigure.web.BasicErrorController.error(javax.servlet.http.HttpServletRequest)
00:07:22.130 qrouter [Test worker] INFO  o.s.w.s.m.m.a.RequestMappingHandlerMapping -Mapped "{[/error],produces=[text/html]}" onto public org.springframework.web.servlet.ModelAndView org.springframework.boot.autoconfigure.web.BasicErrorController.errorHtml(javax.servlet.http.HttpServletRequest,javax.servlet.http.HttpServletResponse)
00:07:22.164 qrouter [Test worker] DEBUG o.s.b.f.s.DefaultListableBeanFactory -Returning cached instance of singleton bean 'org.springframework.transaction.config.internalTransactionAdvisor'
00:07:22.165 qrouter [Test worker] DEBUG o.s.b.f.s.DefaultListableBeanFactory -Returning cached instance of singleton bean 'org.springframework.transaction.config.internalTransactionAdvisor'
00:07:22.167 qrouter [Test worker] DEBUG o.s.b.f.s.DefaultListableBeanFactory -Finished creating instance of bean 'requestMappingHandlerMapping'
00:07:22.168 qrouter [Test worker] DEBUG o.s.b.f.s.DefaultListableBeanFactory -Autowiring by type from bean name 'webMvcRequestHandlerProvider' via constructor to bean named 'requestMappingHandlerMapping'
00:07:22.169 qrouter [Test worker] DEBUG o.s.b.f.s.DefaultListableBeanFactory -Eagerly caching bean 'webMvcRequestHandlerProvider' to allow for resolving potential circular references
00:07:22.184 qrouter [Test worker] DEBUG o.s.b.f.s.DefaultListableBeanFactory -Returning cached instance of singleton bean 'org.springframework.transaction.config.internalTransactionAdvisor'
00:07:22.184 qrouter [Test worker] DEBUG o.s.b.f.s.DefaultListableBeanFactory -Returning cached instance of singleton bean 'org.springframework.transaction.config.internalTransactionAdvisor'
00:07:22.186 qrouter [Test worker] DEBUG o.s.b.f.s.DefaultListableBeanFactory -Finished creating instance of bean 'webMvcRequestHandlerProvider'
00:07:22.187 qrouter [Test worker] DEBUG o.s.b.f.s.DefaultListableBeanFactory -Returning cached instance of singleton bean 'resourceGroupCache'
00:07:22.194 qrouter [Test worker] DEBUG o.s.b.f.s.DefaultListableBeanFactory -Returning cached instance of singleton bean 'apiDocumentationScanner'
00:07:22.195 qrouter [Test worker] DEBUG o.s.b.f.s.DefaultListableBeanFactory -Returning cached instance of singleton bean 'typeResolver'
00:07:22.202 qrouter [Test worker] DEBUG o.s.b.f.s.DefaultListableBeanFactory -Creating shared instance of singleton bean 'defaults'
00:07:22.202 qrouter [Test worker] DEBUG o.s.b.f.s.DefaultListableBeanFactory -Creating instance of bean 'defaults'
00:07:22.203 qrouter [Test worker] DEBUG o.s.b.f.s.DefaultListableBeanFactory -Returning cached instance of singleton bean 'org.springframework.transaction.config.internalTransactionAdvisor'
00:07:22.204 qrouter [Test worker] DEBUG o.s.b.f.s.DefaultListableBeanFactory -Returning cached instance of singleton bean 'springfox.documentation.spring.web.SpringMvcDocumentationConfiguration'
00:07:22.367 qrouter [Test worker] DEBUG o.s.b.f.s.DefaultListableBeanFactory -Eagerly caching bean 'defaults' to allow for resolving potential circular references
00:07:22.379 qrouter [Test worker] DEBUG o.s.b.f.s.DefaultListableBeanFactory -Returning cached instance of singleton bean 'org.springframework.transaction.config.internalTransactionAdvisor'
00:07:22.380 qrouter [Test worker] DEBUG o.s.b.f.s.DefaultListableBeanFactory -Returning cached instance of singleton bean 'org.springframework.transaction.config.internalTransactionAdvisor'
00:07:22.381 qrouter [Test worker] DEBUG o.s.b.f.s.DefaultListableBeanFactory -Finished creating instance of bean 'defaults'
00:07:22.387 qrouter [Test worker] DEBUG o.s.b.f.s.DefaultListableBeanFactory -Returning cached instance of singleton bean 'servletContext'
00:07:22.388 qrouter [Test worker] DEBUG o.s.b.f.s.DefaultListableBeanFactory -Autowiring by type from bean name 'documentationPluginsBootstrapper' via constructor to bean named 'documentationPluginsManager'
00:07:22.388 qrouter [Test worker] DEBUG o.s.b.f.s.DefaultListableBeanFactory -Autowiring by type from bean name 'documentationPluginsBootstrapper' via constructor to bean named 'webMvcRequestHandlerProvider'
00:07:22.389 qrouter [Test worker] DEBUG o.s.b.f.s.DefaultListableBeanFactory -Autowiring by type from bean name 'documentationPluginsBootstrapper' via constructor to bean named 'resourceGroupCache'
00:07:22.389 qrouter [Test worker] DEBUG o.s.b.f.s.DefaultListableBeanFactory -Autowiring by type from bean name 'documentationPluginsBootstrapper' via constructor to bean named 'apiDocumentationScanner'
00:07:22.389 qrouter [Test worker] DEBUG o.s.b.f.s.DefaultListableBeanFactory -Autowiring by type from bean name 'documentationPluginsBootstrapper' via constructor to bean named 'typeResolver'
00:07:22.389 qrouter [Test worker] DEBUG o.s.b.f.s.DefaultListableBeanFactory -Autowiring by type from bean name 'documentationPluginsBootstrapper' via constructor to bean named 'defaults'
00:07:22.390 qrouter [Test worker] DEBUG o.s.b.f.s.DefaultListableBeanFactory -Autowiring by type from bean name 'documentationPluginsBootstrapper' via constructor to bean named 'servletContext'
00:07:22.394 qrouter [Test worker] DEBUG o.s.b.f.s.DefaultListableBeanFactory -Eagerly caching bean 'documentationPluginsBootstrapper' to allow for resolving potential circular references
00:07:22.403 qrouter [Test worker] DEBUG o.s.b.f.s.DefaultListableBeanFactory -Returning cached instance of singleton bean 'org.springframework.transaction.config.internalTransactionAdvisor'
00:07:22.403 qrouter [Test worker] DEBUG o.s.b.f.s.DefaultListableBeanFactory -Returning cached instance of singleton bean 'org.springframework.transaction.config.internalTransactionAdvisor'
00:07:22.405 qrouter [Test worker] DEBUG o.s.b.f.s.DefaultListableBeanFactory -Finished creating instance of bean 'documentationPluginsBootstrapper'
00:07:22.405 qrouter [Test worker] DEBUG o.s.b.f.s.DefaultListableBeanFactory -Returning cached instance of singleton bean 'documentationPluginsManager'
00:07:22.405 qrouter [Test worker] DEBUG o.s.b.f.s.DefaultListableBeanFactory -Returning cached instance of singleton bean 'webMvcRequestHandlerProvider'
00:07:22.405 qrouter [Test worker] DEBUG o.s.b.f.s.DefaultListableBeanFactory -Creating shared instance of singleton bean 'operationPathDecorator'
00:07:22.406 qrouter [Test worker] DEBUG o.s.b.f.s.DefaultListableBeanFactory -Creating instance of bean 'operationPathDecorator'
00:07:22.406 qrouter [Test worker] DEBUG o.s.b.f.s.DefaultListableBeanFactory -Returning cached instance of singleton bean 'org.springframework.transaction.config.internalTransactionAdvisor'
00:07:22.407 qrouter [Test worker] DEBUG o.s.b.f.s.DefaultListableBeanFactory -Eagerly caching bean 'operationPathDecorator' to allow for resolving potential circular references
00:07:22.417 qrouter [Test worker] DEBUG o.s.b.f.s.DefaultListableBeanFactory -Returning cached instance of singleton bean 'org.springframework.transaction.config.internalTransactionAdvisor'
00:07:22.418 qrouter [Test worker] DEBUG o.s.b.f.s.DefaultListableBeanFactory -Returning cached instance of singleton bean 'org.springframework.transaction.config.internalTransactionAdvisor'
00:07:22.420 qrouter [Test worker] DEBUG o.s.b.f.s.DefaultListableBeanFactory -Finished creating instance of bean 'operationPathDecorator'
00:07:22.420 qrouter [Test worker] DEBUG o.s.b.f.s.DefaultListableBeanFactory -Creating shared instance of singleton bean 'pathMappingDecorator'
00:07:22.420 qrouter [Test worker] DEBUG o.s.b.f.s.DefaultListableBeanFactory -Creating instance of bean 'pathMappingDecorator'
00:07:22.421 qrouter [Test worker] DEBUG o.s.b.f.s.DefaultListableBeanFactory -Returning cached instance of singleton bean 'org.springframework.transaction.config.internalTransactionAdvisor'
00:07:22.422 qrouter [Test worker] DEBUG o.s.b.f.s.DefaultListableBeanFactory -Eagerly caching bean 'pathMappingDecorator' to allow for resolving potential circular references
00:07:22.428 qrouter [Test worker] DEBUG o.s.b.f.s.DefaultListableBeanFactory -Returning cached instance of singleton bean 'org.springframework.transaction.config.internalTransactionAdvisor'
00:07:22.428 qrouter [Test worker] DEBUG o.s.b.f.s.DefaultListableBeanFactory -Returning cached instance of singleton bean 'org.springframework.transaction.config.internalTransactionAdvisor'
00:07:22.431 qrouter [Test worker] DEBUG o.s.b.f.s.DefaultListableBeanFactory -Finished creating instance of bean 'pathMappingDecorator'
00:07:22.431 qrouter [Test worker] DEBUG o.s.b.f.s.DefaultListableBeanFactory -Creating shared instance of singleton bean 'pathSanitizer'
00:07:22.431 qrouter [Test worker] DEBUG o.s.b.f.s.DefaultListableBeanFactory -Creating instance of bean 'pathSanitizer'
00:07:22.432 qrouter [Test worker] DEBUG o.s.b.f.s.DefaultListableBeanFactory -Returning cached instance of singleton bean 'org.springframework.transaction.config.internalTransactionAdvisor'
00:07:22.433 qrouter [Test worker] DEBUG o.s.b.f.s.DefaultListableBeanFactory -Eagerly caching bean 'pathSanitizer' to allow for resolving potential circular references
00:07:22.440 qrouter [Test worker] DEBUG o.s.b.f.s.DefaultListableBeanFactory -Returning cached instance of singleton bean 'org.springframework.transaction.config.internalTransactionAdvisor'
00:07:22.440 qrouter [Test worker] DEBUG o.s.b.f.s.DefaultListableBeanFactory -Returning cached instance of singleton bean 'org.springframework.transaction.config.internalTransactionAdvisor'
00:07:22.442 qrouter [Test worker] DEBUG o.s.b.f.s.DefaultListableBeanFactory -Finished creating instance of bean 'pathSanitizer'
00:07:22.442 qrouter [Test worker] DEBUG o.s.b.f.s.DefaultListableBeanFactory -Creating shared instance of singleton bean 'queryStringUriTemplateDecorator'
00:07:22.442 qrouter [Test worker] DEBUG o.s.b.f.s.DefaultListableBeanFactory -Creating instance of bean 'queryStringUriTemplateDecorator'
00:07:22.443 qrouter [Test worker] DEBUG o.s.b.f.s.DefaultListableBeanFactory -Returning cached instance of singleton bean 'org.springframework.transaction.config.internalTransactionAdvisor'
00:07:22.444 qrouter [Test worker] DEBUG o.s.b.f.s.DefaultListableBeanFactory -Eagerly caching bean 'queryStringUriTemplateDecorator' to allow for resolving potential circular references
00:07:22.451 qrouter [Test worker] DEBUG o.s.b.f.s.DefaultListableBeanFactory -Returning cached instance of singleton bean 'org.springframework.transaction.config.internalTransactionAdvisor'
00:07:22.452 qrouter [Test worker] DEBUG o.s.b.f.s.DefaultListableBeanFactory -Returning cached instance of singleton bean 'org.springframework.transaction.config.internalTransactionAdvisor'
00:07:22.454 qrouter [Test worker] DEBUG o.s.b.f.s.DefaultListableBeanFactory -Finished creating instance of bean 'queryStringUriTemplateDecorator'
00:07:22.454 qrouter [Test worker] DEBUG o.s.b.f.s.DefaultListableBeanFactory -Returning cached instance of singleton bean 'defaultModelProvider'
00:07:22.454 qrouter [Test worker] DEBUG o.s.b.f.s.DefaultListableBeanFactory -Creating shared instance of singleton bean 'modelContextKeyGenerator'
00:07:22.455 qrouter [Test worker] DEBUG o.s.b.f.s.DefaultListableBeanFactory -Creating instance of bean 'modelContextKeyGenerator'
00:07:22.455 qrouter [Test worker] DEBUG o.s.b.f.s.DefaultListableBeanFactory -Returning cached instance of singleton bean 'org.springframework.transaction.config.internalTransactionAdvisor'
00:07:22.459 qrouter [Test worker] DEBUG o.s.b.f.s.DefaultListableBeanFactory -Returning cached instance of singleton bean 'typeResolver'
00:07:22.459 qrouter [Test worker] DEBUG o.s.b.f.s.DefaultListableBeanFactory -Autowiring by type from bean name 'modelContextKeyGenerator' via constructor to bean named 'typeResolver'
00:07:22.460 qrouter [Test worker] DEBUG o.s.b.f.s.DefaultListableBeanFactory -Eagerly caching bean 'modelContextKeyGenerator' to allow for resolving potential circular references
00:07:22.479 qrouter [Test worker] DEBUG o.s.b.f.s.DefaultListableBeanFactory -Returning cached instance of singleton bean 'org.springframework.transaction.config.internalTransactionAdvisor'
00:07:22.480 qrouter [Test worker] DEBUG o.s.b.f.s.DefaultListableBeanFactory -Returning cached instance of singleton bean 'org.springframework.transaction.config.internalTransactionAdvisor'
00:07:22.481 qrouter [Test worker] DEBUG o.s.b.f.s.DefaultListableBeanFactory -Finished creating instance of bean 'modelContextKeyGenerator'
00:07:22.481 qrouter [Test worker] DEBUG o.s.b.f.s.DefaultListableBeanFactory -Returning cached instance of singleton bean 'modelDependencyProvider'
00:07:22.481 qrouter [Test worker] DEBUG o.s.b.f.s.DefaultListableBeanFactory -Returning cached instance of singleton bean 'typeNameExtractor'
00:07:22.481 qrouter [Test worker] DEBUG o.s.b.f.s.DefaultListableBeanFactory -Returning cached instance of singleton bean 'schemaPluginsManager'
00:07:22.481 qrouter [Test worker] DEBUG o.s.b.f.s.DefaultListableBeanFactory -Creating shared instance of singleton bean 'default'
00:07:22.482 qrouter [Test worker] DEBUG o.s.b.f.s.DefaultListableBeanFactory -Creating instance of bean 'default'
00:07:22.482 qrouter [Test worker] DEBUG o.s.b.f.s.DefaultListableBeanFactory -Returning cached instance of singleton bean 'org.springframework.transaction.config.internalTransactionAdvisor'
00:07:22.491 qrouter [Test worker] DEBUG o.s.b.f.s.DefaultListableBeanFactory -Creating shared instance of singleton bean 'beanModelPropertyProvider'
00:07:22.491 qrouter [Test worker] DEBUG o.s.b.f.s.DefaultListableBeanFactory -Creating instance of bean 'beanModelPropertyProvider'
00:07:22.491 qrouter [Test worker] DEBUG o.s.b.f.s.DefaultListableBeanFactory -Returning cached instance of singleton bean 'org.springframework.transaction.config.internalTransactionAdvisor'
00:07:22.496 qrouter [Test worker] DEBUG o.s.b.f.s.DefaultListableBeanFactory -Returning cached instance of singleton bean 'accessorsProvider'
00:07:22.497 qrouter [Test worker] DEBUG o.s.b.f.s.DefaultListableBeanFactory -Returning cached instance of singleton bean 'typeResolver'
00:07:22.497 qrouter [Test worker] DEBUG o.s.b.f.s.DefaultListableBeanFactory -Returning cached instance of singleton bean 'objectMapperBeanPropertyNamingStrategy'
00:07:22.498 qrouter [Test worker] DEBUG o.s.b.f.s.DefaultListableBeanFactory -Returning cached instance of singleton bean 'schemaPluginsManager'
00:07:22.498 qrouter [Test worker] DEBUG o.s.b.f.s.DefaultListableBeanFactory -Returning cached instance of singleton bean 'typeNameExtractor'
00:07:22.498 qrouter [Test worker] DEBUG o.s.b.f.s.DefaultListableBeanFactory -Autowiring by type from bean name 'beanModelPropertyProvider' via constructor to bean named 'accessorsProvider'
00:07:22.499 qrouter [Test worker] DEBUG o.s.b.f.s.DefaultListableBeanFactory -Autowiring by type from bean name 'beanModelPropertyProvider' via constructor to bean named 'typeResolver'
00:07:22.499 qrouter [Test worker] DEBUG o.s.b.f.s.DefaultListableBeanFactory -Autowiring by type from bean name 'beanModelPropertyProvider' via constructor to bean named 'objectMapperBeanPropertyNamingStrategy'
00:07:22.499 qrouter [Test worker] DEBUG o.s.b.f.s.DefaultListableBeanFactory -Autowiring by type from bean name 'beanModelPropertyProvider' via constructor to bean named 'schemaPluginsManager'
00:07:22.499 qrouter [Test worker] DEBUG o.s.b.f.s.DefaultListableBeanFactory -Autowiring by type from bean name 'beanModelPropertyProvider' via constructor to bean named 'typeNameExtractor'
00:07:22.500 qrouter [Test worker] DEBUG o.s.b.f.s.DefaultListableBeanFactory -Eagerly caching bean 'beanModelPropertyProvider' to allow for resolving potential circular references
00:07:22.509 qrouter [Test worker] DEBUG o.s.b.f.s.DefaultListableBeanFactory -Returning cached instance of singleton bean 'org.springframework.transaction.config.internalTransactionAdvisor'
00:07:22.509 qrouter [Test worker] DEBUG o.s.b.f.s.DefaultListableBeanFactory -Returning cached instance of singleton bean 'org.springframework.transaction.config.internalTransactionAdvisor'
00:07:22.510 qrouter [Test worker] DEBUG o.s.b.f.s.DefaultListableBeanFactory -Finished creating instance of bean 'beanModelPropertyProvider'
00:07:22.516 qrouter [Test worker] DEBUG o.s.b.f.s.DefaultListableBeanFactory -Creating shared instance of singleton bean 'fieldModelPropertyProvider'
00:07:22.516 qrouter [Test worker] DEBUG o.s.b.f.s.DefaultListableBeanFactory -Creating instance of bean 'fieldModelPropertyProvider'
00:07:22.516 qrouter [Test worker] DEBUG o.s.b.f.s.DefaultListableBeanFactory -Returning cached instance of singleton bean 'org.springframework.transaction.config.internalTransactionAdvisor'
00:07:22.521 qrouter [Test worker] DEBUG o.s.b.f.s.DefaultListableBeanFactory -Returning cached instance of singleton bean 'fieldProvider'
00:07:22.522 qrouter [Test worker] DEBUG o.s.b.f.s.DefaultListableBeanFactory -Returning cached instance of singleton bean 'objectMapperBeanPropertyNamingStrategy'
00:07:22.522 qrouter [Test worker] DEBUG o.s.b.f.s.DefaultListableBeanFactory -Returning cached instance of singleton bean 'schemaPluginsManager'
00:07:22.523 qrouter [Test worker] DEBUG o.s.b.f.s.DefaultListableBeanFactory -Returning cached instance of singleton bean 'typeNameExtractor'
00:07:22.523 qrouter [Test worker] DEBUG o.s.b.f.s.DefaultListableBeanFactory -Autowiring by type from bean name 'fieldModelPropertyProvider' via constructor to bean named 'fieldProvider'
00:07:22.523 qrouter [Test worker] DEBUG o.s.b.f.s.DefaultListableBeanFactory -Autowiring by type from bean name 'fieldModelPropertyProvider' via constructor to bean named 'objectMapperBeanPropertyNamingStrategy'
00:07:22.523 qrouter [Test worker] DEBUG o.s.b.f.s.DefaultListableBeanFactory -Autowiring by type from bean name 'fieldModelPropertyProvider' via constructor to bean named 'schemaPluginsManager'
00:07:22.523 qrouter [Test worker] DEBUG o.s.b.f.s.DefaultListableBeanFactory -Autowiring by type from bean name 'fieldModelPropertyProvider' via constructor to bean named 'typeNameExtractor'
00:07:22.525 qrouter [Test worker] DEBUG o.s.b.f.s.DefaultListableBeanFactory -Eagerly caching bean 'fieldModelPropertyProvider' to allow for resolving potential circular references
00:07:22.532 qrouter [Test worker] DEBUG o.s.b.f.s.DefaultListableBeanFactory -Returning cached instance of singleton bean 'org.springframework.transaction.config.internalTransactionAdvisor'
00:07:22.532 qrouter [Test worker] DEBUG o.s.b.f.s.DefaultListableBeanFactory -Returning cached instance of singleton bean 'org.springframework.transaction.config.internalTransactionAdvisor'
00:07:22.534 qrouter [Test worker] DEBUG o.s.b.f.s.DefaultListableBeanFactory -Finished creating instance of bean 'fieldModelPropertyProvider'
00:07:22.538 qrouter [Test worker] DEBUG o.s.b.f.s.DefaultListableBeanFactory -Creating shared instance of singleton bean 'constructorModelPropertyProvider'
00:07:22.538 qrouter [Test worker] DEBUG o.s.b.f.s.DefaultListableBeanFactory -Creating instance of bean 'constructorModelPropertyProvider'
00:07:22.538 qrouter [Test worker] DEBUG o.s.b.f.s.DefaultListableBeanFactory -Returning cached instance of singleton bean 'org.springframework.transaction.config.internalTransactionAdvisor'
00:07:22.542 qrouter [Test worker] DEBUG o.s.b.f.s.DefaultListableBeanFactory -Returning cached instance of singleton bean 'fieldProvider'
00:07:22.542 qrouter [Test worker] DEBUG o.s.b.f.s.DefaultListableBeanFactory -Returning cached instance of singleton bean 'objectMapperBeanPropertyNamingStrategy'
00:07:22.543 qrouter [Test worker] DEBUG o.s.b.f.s.DefaultListableBeanFactory -Returning cached instance of singleton bean 'schemaPluginsManager'
00:07:22.543 qrouter [Test worker] DEBUG o.s.b.f.s.DefaultListableBeanFactory -Returning cached instance of singleton bean 'typeNameExtractor'
00:07:22.543 qrouter [Test worker] DEBUG o.s.b.f.s.DefaultListableBeanFactory -Autowiring by type from bean name 'constructorModelPropertyProvider' via constructor to bean named 'fieldProvider'
00:07:22.544 qrouter [Test worker] DEBUG o.s.b.f.s.DefaultListableBeanFactory -Autowiring by type from bean name 'constructorModelPropertyProvider' via constructor to bean named 'objectMapperBeanPropertyNamingStrategy'
00:07:22.544 qrouter [Test worker] DEBUG o.s.b.f.s.DefaultListableBeanFactory -Autowiring by type from bean name 'constructorModelPropertyProvider' via constructor to bean named 'schemaPluginsManager'
00:07:22.544 qrouter [Test worker] DEBUG o.s.b.f.s.DefaultListableBeanFactory -Autowiring by type from bean name 'constructorModelPropertyProvider' via constructor to bean named 'typeNameExtractor'
00:07:22.545 qrouter [Test worker] DEBUG o.s.b.f.s.DefaultListableBeanFactory -Eagerly caching bean 'constructorModelPropertyProvider' to allow for resolving potential circular references
00:07:22.555 qrouter [Test worker] DEBUG o.s.b.f.s.DefaultListableBeanFactory -Returning cached instance of singleton bean 'org.springframework.transaction.config.internalTransactionAdvisor'
00:07:22.556 qrouter [Test worker] DEBUG o.s.b.f.s.DefaultListableBeanFactory -Returning cached instance of singleton bean 'org.springframework.transaction.config.internalTransactionAdvisor'
00:07:22.558 qrouter [Test worker] DEBUG o.s.b.f.s.DefaultListableBeanFactory -Finished creating instance of bean 'constructorModelPropertyProvider'
00:07:22.558 qrouter [Test worker] DEBUG o.s.b.f.s.DefaultListableBeanFactory -Autowiring by type from bean name 'default' via constructor to bean named 'beanModelPropertyProvider'
00:07:22.558 qrouter [Test worker] DEBUG o.s.b.f.s.DefaultListableBeanFactory -Autowiring by type from bean name 'default' via constructor to bean named 'fieldModelPropertyProvider'
00:07:22.559 qrouter [Test worker] DEBUG o.s.b.f.s.DefaultListableBeanFactory -Autowiring by type from bean name 'default' via constructor to bean named 'constructorModelPropertyProvider'
00:07:22.560 qrouter [Test worker] DEBUG o.s.b.f.s.DefaultListableBeanFactory -Eagerly caching bean 'default' to allow for resolving potential circular references
00:07:22.570 qrouter [Test worker] DEBUG o.s.b.f.s.DefaultListableBeanFactory -Returning cached instance of singleton bean 'org.springframework.transaction.config.internalTransactionAdvisor'
00:07:22.570 qrouter [Test worker] DEBUG o.s.b.f.s.DefaultListableBeanFactory -Returning cached instance of singleton bean 'org.springframework.transaction.config.internalTransactionAdvisor'
00:07:22.571 qrouter [Test worker] DEBUG o.s.b.f.s.DefaultListableBeanFactory -Finished creating instance of bean 'default'
00:07:22.571 qrouter [Test worker] DEBUG o.s.b.f.s.DefaultListableBeanFactory -Creating shared instance of singleton bean 'modelPropertiesKeyGenerator'
00:07:22.571 qrouter [Test worker] DEBUG o.s.b.f.s.DefaultListableBeanFactory -Creating instance of bean 'modelPropertiesKeyGenerator'
00:07:22.572 qrouter [Test worker] DEBUG o.s.b.f.s.DefaultListableBeanFactory -Returning cached instance of singleton bean 'org.springframework.transaction.config.internalTransactionAdvisor'
00:07:22.573 qrouter [Test worker] DEBUG o.s.b.f.s.DefaultListableBeanFactory -Eagerly caching bean 'modelPropertiesKeyGenerator' to allow for resolving potential circular references
00:07:22.582 qrouter [Test worker] DEBUG o.s.b.f.s.DefaultListableBeanFactory -Returning cached instance of singleton bean 'org.springframework.transaction.config.internalTransactionAdvisor'
00:07:22.582 qrouter [Test worker] DEBUG o.s.b.f.s.DefaultListableBeanFactory -Returning cached instance of singleton bean 'org.springframework.transaction.config.internalTransactionAdvisor'
00:07:22.583 qrouter [Test worker] DEBUG o.s.b.f.s.DefaultListableBeanFactory -Finished creating instance of bean 'modelPropertiesKeyGenerator'
00:07:22.583 qrouter [Test worker] DEBUG o.s.b.f.s.DefaultListableBeanFactory -Returning cached instance of singleton bean 'objectMapperBeanPropertyNamingStrategy'
00:07:22.583 qrouter [Test worker] DEBUG o.s.b.f.s.DefaultListableBeanFactory -Returning cached instance of singleton bean 'optimized'
00:07:22.583 qrouter [Test worker] DEBUG o.s.b.f.s.DefaultListableBeanFactory -Returning cached instance of singleton bean 'accessorsProvider'
00:07:22.584 qrouter [Test worker] DEBUG o.s.b.f.s.DefaultListableBeanFactory -Returning cached instance of singleton bean 'beanModelPropertyProvider'
00:07:22.584 qrouter [Test worker] DEBUG o.s.b.f.s.DefaultListableBeanFactory -Returning cached instance of singleton bean 'constructorModelPropertyProvider'
00:07:22.584 qrouter [Test worker] DEBUG o.s.b.f.s.DefaultListableBeanFactory -Returning cached instance of singleton bean 'fieldModelPropertyProvider'
00:07:22.584 qrouter [Test worker] DEBUG o.s.b.f.s.DefaultListableBeanFactory -Returning cached instance of singleton bean 'fieldProvider'
00:07:22.584 qrouter [Test worker] DEBUG o.s.b.f.s.DefaultListableBeanFactory -Creating shared instance of singleton bean 'apiModelBuilder'
00:07:22.584 qrouter [Test worker] DEBUG o.s.b.f.s.DefaultListableBeanFactory -Creating instance of bean 'apiModelBuilder'
00:07:22.585 qrouter [Test worker] DEBUG o.s.b.f.s.DefaultListableBeanFactory -Returning cached instance of singleton bean 'org.springframework.transaction.config.internalTransactionAdvisor'
00:07:22.589 qrouter [Test worker] DEBUG o.s.b.f.s.DefaultListableBeanFactory -Returning cached instance of singleton bean 'typeResolver'
00:07:22.589 qrouter [Test worker] DEBUG o.s.b.f.s.DefaultListableBeanFactory -Autowiring by type from bean name 'apiModelBuilder' via constructor to bean named 'typeResolver'
00:07:22.590 qrouter [Test worker] DEBUG o.s.b.f.s.DefaultListableBeanFactory -Eagerly caching bean 'apiModelBuilder' to allow for resolving potential circular references
00:07:22.599 qrouter [Test worker] DEBUG o.s.b.f.s.DefaultListableBeanFactory -Returning cached instance of singleton bean 'org.springframework.transaction.config.internalTransactionAdvisor'
00:07:22.599 qrouter [Test worker] DEBUG o.s.b.f.s.DefaultListableBeanFactory -Returning cached instance of singleton bean 'org.springframework.transaction.config.internalTransactionAdvisor'
00:07:22.601 qrouter [Test worker] DEBUG o.s.b.f.s.DefaultListableBeanFactory -Finished creating instance of bean 'apiModelBuilder'
00:07:22.601 qrouter [Test worker] DEBUG o.s.b.f.s.DefaultListableBeanFactory -Creating shared instance of singleton bean 'apiModelPropertyPropertyBuilder'
00:07:22.602 qrouter [Test worker] DEBUG o.s.b.f.s.DefaultListableBeanFactory -Creating instance of bean 'apiModelPropertyPropertyBuilder'
00:07:22.602 qrouter [Test worker] DEBUG o.s.b.f.s.DefaultListableBeanFactory -Returning cached instance of singleton bean 'org.springframework.transaction.config.internalTransactionAdvisor'
00:07:22.603 qrouter [Test worker] DEBUG o.s.b.f.s.DefaultListableBeanFactory -Eagerly caching bean 'apiModelPropertyPropertyBuilder' to allow for resolving potential circular references
00:07:22.612 qrouter [Test worker] DEBUG o.s.b.f.s.DefaultListableBeanFactory -Returning cached instance of singleton bean 'org.springframework.transaction.config.internalTransactionAdvisor'
00:07:22.612 qrouter [Test worker] DEBUG o.s.b.f.s.DefaultListableBeanFactory -Returning cached instance of singleton bean 'org.springframework.transaction.config.internalTransactionAdvisor'
00:07:22.615 qrouter [Test worker] DEBUG o.s.b.f.s.DefaultListableBeanFactory -Finished creating instance of bean 'apiModelPropertyPropertyBuilder'
00:07:22.615 qrouter [Test worker] DEBUG o.s.b.f.s.DefaultListableBeanFactory -Creating shared instance of singleton bean 'apiModelTypeNameProvider'
00:07:22.615 qrouter [Test worker] DEBUG o.s.b.f.s.DefaultListableBeanFactory -Creating instance of bean 'apiModelTypeNameProvider'
00:07:22.615 qrouter [Test worker] DEBUG o.s.b.f.s.DefaultListableBeanFactory -Returning cached instance of singleton bean 'org.springframework.transaction.config.internalTransactionAdvisor'
00:07:22.619 qrouter [Test worker] DEBUG o.s.b.f.s.DefaultListableBeanFactory -Eagerly caching bean 'apiModelTypeNameProvider' to allow for resolving potential circular references
00:07:22.631 qrouter [Test worker] DEBUG o.s.b.f.s.DefaultListableBeanFactory -Returning cached instance of singleton bean 'org.springframework.transaction.config.internalTransactionAdvisor'
00:07:22.632 qrouter [Test worker] DEBUG o.s.b.f.s.DefaultListableBeanFactory -Returning cached instance of singleton bean 'org.springframework.transaction.config.internalTransactionAdvisor'
00:07:22.636 qrouter [Test worker] DEBUG o.s.b.f.s.DefaultListableBeanFactory -Finished creating instance of bean 'apiModelTypeNameProvider'
00:07:22.636 qrouter [Test worker] DEBUG o.s.b.f.s.DefaultListableBeanFactory -Creating shared instance of singleton bean 'operationAuthReader'
00:07:22.637 qrouter [Test worker] DEBUG o.s.b.f.s.DefaultListableBeanFactory -Creating instance of bean 'operationAuthReader'
00:07:22.637 qrouter [Test worker] DEBUG o.s.b.f.s.DefaultListableBeanFactory -Returning cached instance of singleton bean 'org.springframework.transaction.config.internalTransactionAdvisor'
00:07:22.638 qrouter [Test worker] DEBUG o.s.b.f.s.DefaultListableBeanFactory -Eagerly caching bean 'operationAuthReader' to allow for resolving potential circular references
00:07:22.647 qrouter [Test worker] DEBUG o.s.b.f.s.DefaultListableBeanFactory -Returning cached instance of singleton bean 'org.springframework.transaction.config.internalTransactionAdvisor'
00:07:22.648 qrouter [Test worker] DEBUG o.s.b.f.s.DefaultListableBeanFactory -Returning cached instance of singleton bean 'org.springframework.transaction.config.internalTransactionAdvisor'
00:07:22.651 qrouter [Test worker] DEBUG o.s.b.f.s.DefaultListableBeanFactory -Finished creating instance of bean 'operationAuthReader'
00:07:22.651 qrouter [Test worker] DEBUG o.s.b.f.s.DefaultListableBeanFactory -Creating shared instance of singleton bean 'operationHiddenReader'
00:07:22.651 qrouter [Test worker] DEBUG o.s.b.f.s.DefaultListableBeanFactory -Creating instance of bean 'operationHiddenReader'
00:07:22.652 qrouter [Test worker] DEBUG o.s.b.f.s.DefaultListableBeanFactory -Returning cached instance of singleton bean 'org.springframework.transaction.config.internalTransactionAdvisor'
00:07:22.653 qrouter [Test worker] DEBUG o.s.b.f.s.DefaultListableBeanFactory -Eagerly caching bean 'operationHiddenReader' to allow for resolving potential circular references
00:07:22.662 qrouter [Test worker] DEBUG o.s.b.f.s.DefaultListableBeanFactory -Returning cached instance of singleton bean 'org.springframework.transaction.config.internalTransactionAdvisor'
00:07:22.662 qrouter [Test worker] DEBUG o.s.b.f.s.DefaultListableBeanFactory -Returning cached instance of singleton bean 'org.springframework.transaction.config.internalTransactionAdvisor'
00:07:22.664 qrouter [Test worker] DEBUG o.s.b.f.s.DefaultListableBeanFactory -Finished creating instance of bean 'operationHiddenReader'
00:07:22.665 qrouter [Test worker] DEBUG o.s.b.f.s.DefaultListableBeanFactory -Creating shared instance of singleton bean 'operationHttpMethodReader'
00:07:22.665 qrouter [Test worker] DEBUG o.s.b.f.s.DefaultListableBeanFactory -Creating instance of bean 'operationHttpMethodReader'
00:07:22.666 qrouter [Test worker] DEBUG o.s.b.f.s.DefaultListableBeanFactory -Returning cached instance of singleton bean 'org.springframework.transaction.config.internalTransactionAdvisor'
00:07:22.668 qrouter [Test worker] DEBUG o.s.b.f.s.DefaultListableBeanFactory -Eagerly caching bean 'operationHttpMethodReader' to allow for resolving potential circular references
00:07:22.676 qrouter [Test worker] DEBUG o.s.b.f.s.DefaultListableBeanFactory -Returning cached instance of singleton bean 'org.springframework.transaction.config.internalTransactionAdvisor'
00:07:22.677 qrouter [Test worker] DEBUG o.s.b.f.s.DefaultListableBeanFactory -Returning cached instance of singleton bean 'org.springframework.transaction.config.internalTransactionAdvisor'
00:07:22.679 qrouter [Test worker] DEBUG o.s.b.f.s.DefaultListableBeanFactory -Finished creating instance of bean 'operationHttpMethodReader'
00:07:22.680 qrouter [Test worker] DEBUG o.s.b.f.s.DefaultListableBeanFactory -Creating shared instance of singleton bean 'operationImplicitParameterReader'
00:07:22.680 qrouter [Test worker] DEBUG o.s.b.f.s.DefaultListableBeanFactory -Creating instance of bean 'operationImplicitParameterReader'
00:07:22.680 qrouter [Test worker] DEBUG o.s.b.f.s.DefaultListableBeanFactory -Returning cached instance of singleton bean 'org.springframework.transaction.config.internalTransactionAdvisor'
00:07:22.692 qrouter [Test worker] DEBUG o.s.b.f.s.DefaultListableBeanFactory -Eagerly caching bean 'operationImplicitParameterReader' to allow for resolving potential circular references
00:07:22.700 qrouter [Test worker] DEBUG o.s.b.f.s.DefaultListableBeanFactory -Returning cached instance of singleton bean 'org.springframework.transaction.config.internalTransactionAdvisor'
00:07:22.700 qrouter [Test worker] DEBUG o.s.b.f.s.DefaultListableBeanFactory -Returning cached instance of singleton bean 'org.springframework.transaction.config.internalTransactionAdvisor'
00:07:22.703 qrouter [Test worker] DEBUG o.s.b.f.s.DefaultListableBeanFactory -Finished creating instance of bean 'operationImplicitParameterReader'
00:07:22.703 qrouter [Test worker] DEBUG o.s.b.f.s.DefaultListableBeanFactory -Creating shared instance of singleton bean 'operationImplicitParametersReader'
00:07:22.703 qrouter [Test worker] DEBUG o.s.b.f.s.DefaultListableBeanFactory -Creating instance of bean 'operationImplicitParametersReader'
00:07:22.704 qrouter [Test worker] DEBUG o.s.b.f.s.DefaultListableBeanFactory -Returning cached instance of singleton bean 'org.springframework.transaction.config.internalTransactionAdvisor'
00:07:22.705 qrouter [Test worker] DEBUG o.s.b.f.s.DefaultListableBeanFactory -Eagerly caching bean 'operationImplicitParametersReader' to allow for resolving potential circular references
00:07:22.716 qrouter [Test worker] DEBUG o.s.b.f.s.DefaultListableBeanFactory -Returning cached instance of singleton bean 'org.springframework.transaction.config.internalTransactionAdvisor'
00:07:22.716 qrouter [Test worker] DEBUG o.s.b.f.s.DefaultListableBeanFactory -Returning cached instance of singleton bean 'org.springframework.transaction.config.internalTransactionAdvisor'
00:07:22.718 qrouter [Test worker] DEBUG o.s.b.f.s.DefaultListableBeanFactory -Finished creating instance of bean 'operationImplicitParametersReader'
00:07:22.718 qrouter [Test worker] DEBUG o.s.b.f.s.DefaultListableBeanFactory -Creating shared instance of singleton bean 'operationNicknameIntoUniqueIdReader'
00:07:22.718 qrouter [Test worker] DEBUG o.s.b.f.s.DefaultListableBeanFactory -Creating instance of bean 'operationNicknameIntoUniqueIdReader'
00:07:22.719 qrouter [Test worker] DEBUG o.s.b.f.s.DefaultListableBeanFactory -Returning cached instance of singleton bean 'org.springframework.transaction.config.internalTransactionAdvisor'
00:07:22.720 qrouter [Test worker] DEBUG o.s.b.f.s.DefaultListableBeanFactory -Eagerly caching bean 'operationNicknameIntoUniqueIdReader' to allow for resolving potential circular references
00:07:22.726 qrouter [Test worker] DEBUG o.s.b.f.s.DefaultListableBeanFactory -Returning cached instance of singleton bean 'org.springframework.transaction.config.internalTransactionAdvisor'
00:07:22.726 qrouter [Test worker] DEBUG o.s.b.f.s.DefaultListableBeanFactory -Returning cached instance of singleton bean 'org.springframework.transaction.config.internalTransactionAdvisor'
00:07:22.728 qrouter [Test worker] DEBUG o.s.b.f.s.DefaultListableBeanFactory -Finished creating instance of bean 'operationNicknameIntoUniqueIdReader'
00:07:22.728 qrouter [Test worker] DEBUG o.s.b.f.s.DefaultListableBeanFactory -Creating shared instance of singleton bean 'operationNotesReader'
00:07:22.729 qrouter [Test worker] DEBUG o.s.b.f.s.DefaultListableBeanFactory -Creating instance of bean 'operationNotesReader'
00:07:22.729 qrouter [Test worker] DEBUG o.s.b.f.s.DefaultListableBeanFactory -Returning cached instance of singleton bean 'org.springframework.transaction.config.internalTransactionAdvisor'
00:07:22.730 qrouter [Test worker] DEBUG o.s.b.f.s.DefaultListableBeanFactory -Eagerly caching bean 'operationNotesReader' to allow for resolving potential circular references
00:07:22.736 qrouter [Test worker] DEBUG o.s.b.f.s.DefaultListableBeanFactory -Returning cached instance of singleton bean 'org.springframework.transaction.config.internalTransactionAdvisor'
00:07:22.736 qrouter [Test worker] DEBUG o.s.b.f.s.DefaultListableBeanFactory -Returning cached instance of singleton bean 'org.springframework.transaction.config.internalTransactionAdvisor'
00:07:22.738 qrouter [Test worker] DEBUG o.s.b.f.s.DefaultListableBeanFactory -Finished creating instance of bean 'operationNotesReader'
00:07:22.738 qrouter [Test worker] DEBUG o.s.b.f.s.DefaultListableBeanFactory -Creating shared instance of singleton bean 'operationPositionReader'
00:07:22.738 qrouter [Test worker] DEBUG o.s.b.f.s.DefaultListableBeanFactory -Creating instance of bean 'operationPositionReader'
00:07:22.739 qrouter [Test worker] DEBUG o.s.b.f.s.DefaultListableBeanFactory -Returning cached instance of singleton bean 'org.springframework.transaction.config.internalTransactionAdvisor'
00:07:22.740 qrouter [Test worker] DEBUG o.s.b.f.s.DefaultListableBeanFactory -Eagerly caching bean 'operationPositionReader' to allow for resolving potential circular references
00:07:22.745 qrouter [Test worker] DEBUG o.s.b.f.s.DefaultListableBeanFactory -Returning cached instance of singleton bean 'org.springframework.transaction.config.internalTransactionAdvisor'
00:07:22.746 qrouter [Test worker] DEBUG o.s.b.f.s.DefaultListableBeanFactory -Returning cached instance of singleton bean 'org.springframework.transaction.config.internalTransactionAdvisor'
00:07:22.748 qrouter [Test worker] DEBUG o.s.b.f.s.DefaultListableBeanFactory -Finished creating instance of bean 'operationPositionReader'
00:07:22.748 qrouter [Test worker] DEBUG o.s.b.f.s.DefaultListableBeanFactory -Creating shared instance of singleton bean 'operationSummaryReader'
00:07:22.748 qrouter [Test worker] DEBUG o.s.b.f.s.DefaultListableBeanFactory -Creating instance of bean 'operationSummaryReader'
00:07:22.749 qrouter [Test worker] DEBUG o.s.b.f.s.DefaultListableBeanFactory -Returning cached instance of singleton bean 'org.springframework.transaction.config.internalTransactionAdvisor'
00:07:22.750 qrouter [Test worker] DEBUG o.s.b.f.s.DefaultListableBeanFactory -Eagerly caching bean 'operationSummaryReader' to allow for resolving potential circular references
00:07:22.773 qrouter [Test worker] DEBUG o.s.b.f.s.DefaultListableBeanFactory -Returning cached instance of singleton bean 'org.springframework.transaction.config.internalTransactionAdvisor'
00:07:22.773 qrouter [Test worker] DEBUG o.s.b.f.s.DefaultListableBeanFactory -Returning cached instance of singleton bean 'org.springframework.transaction.config.internalTransactionAdvisor'
00:07:22.776 qrouter [Test worker] DEBUG o.s.b.f.s.DefaultListableBeanFactory -Finished creating instance of bean 'operationSummaryReader'
00:07:22.776 qrouter [Test worker] DEBUG o.s.b.f.s.DefaultListableBeanFactory -Creating shared instance of singleton bean 'swaggerMediaTypeReader'
00:07:22.776 qrouter [Test worker] DEBUG o.s.b.f.s.DefaultListableBeanFactory -Creating instance of bean 'swaggerMediaTypeReader'
00:07:22.776 qrouter [Test worker] DEBUG o.s.b.f.s.DefaultListableBeanFactory -Returning cached instance of singleton bean 'org.springframework.transaction.config.internalTransactionAdvisor'
00:07:22.778 qrouter [Test worker] DEBUG o.s.b.f.s.DefaultListableBeanFactory -Eagerly caching bean 'swaggerMediaTypeReader' to allow for resolving potential circular references
00:07:22.786 qrouter [Test worker] DEBUG o.s.b.f.s.DefaultListableBeanFactory -Returning cached instance of singleton bean 'org.springframework.transaction.config.internalTransactionAdvisor'
00:07:22.787 qrouter [Test worker] DEBUG o.s.b.f.s.DefaultListableBeanFactory -Returning cached instance of singleton bean 'org.springframework.transaction.config.internalTransactionAdvisor'
00:07:22.789 qrouter [Test worker] DEBUG o.s.b.f.s.DefaultListableBeanFactory -Finished creating instance of bean 'swaggerMediaTypeReader'
00:07:22.789 qrouter [Test worker] DEBUG o.s.b.f.s.DefaultListableBeanFactory -Creating shared instance of singleton bean 'swaggerOperationModelsProvider'
00:07:22.789 qrouter [Test worker] DEBUG o.s.b.f.s.DefaultListableBeanFactory -Creating instance of bean 'swaggerOperationModelsProvider'
00:07:22.790 qrouter [Test worker] DEBUG o.s.b.f.s.DefaultListableBeanFactory -Returning cached instance of singleton bean 'org.springframework.transaction.config.internalTransactionAdvisor'
00:07:22.794 qrouter [Test worker] DEBUG o.s.b.f.s.DefaultListableBeanFactory -Returning cached instance of singleton bean 'typeResolver'
00:07:22.794 qrouter [Test worker] DEBUG o.s.b.f.s.DefaultListableBeanFactory -Autowiring by type from bean name 'swaggerOperationModelsProvider' via constructor to bean named 'typeResolver'
00:07:22.795 qrouter [Test worker] DEBUG o.s.b.f.s.DefaultListableBeanFactory -Eagerly caching bean 'swaggerOperationModelsProvider' to allow for resolving potential circular references
00:07:22.802 qrouter [Test worker] DEBUG o.s.b.f.s.DefaultListableBeanFactory -Returning cached instance of singleton bean 'org.springframework.transaction.config.internalTransactionAdvisor'
00:07:22.802 qrouter [Test worker] DEBUG o.s.b.f.s.DefaultListableBeanFactory -Returning cached instance of singleton bean 'org.springframework.transaction.config.internalTransactionAdvisor'
00:07:22.805 qrouter [Test worker] DEBUG o.s.b.f.s.DefaultListableBeanFactory -Finished creating instance of bean 'swaggerOperationModelsProvider'
00:07:22.805 qrouter [Test worker] DEBUG o.s.b.f.s.DefaultListableBeanFactory -Creating shared instance of singleton bean 'swaggerOperationResponseClassReader'
00:07:22.806 qrouter [Test worker] DEBUG o.s.b.f.s.DefaultListableBeanFactory -Creating instance of bean 'swaggerOperationResponseClassReader'
00:07:22.806 qrouter [Test worker] DEBUG o.s.b.f.s.DefaultListableBeanFactory -Returning cached instance of singleton bean 'org.springframework.transaction.config.internalTransactionAdvisor'
00:07:22.810 qrouter [Test worker] DEBUG o.s.b.f.s.DefaultListableBeanFactory -Returning cached instance of singleton bean 'typeResolver'
00:07:22.811 qrouter [Test worker] DEBUG o.s.b.f.s.DefaultListableBeanFactory -Returning cached instance of singleton bean 'typeNameExtractor'
00:07:22.812 qrouter [Test worker] DEBUG o.s.b.f.s.DefaultListableBeanFactory -Autowiring by type from bean name 'swaggerOperationResponseClassReader' via constructor to bean named 'typeResolver'
00:07:22.812 qrouter [Test worker] DEBUG o.s.b.f.s.DefaultListableBeanFactory -Autowiring by type from bean name 'swaggerOperationResponseClassReader' via constructor to bean named 'typeNameExtractor'
00:07:22.813 qrouter [Test worker] DEBUG o.s.b.f.s.DefaultListableBeanFactory -Eagerly caching bean 'swaggerOperationResponseClassReader' to allow for resolving potential circular references
00:07:22.819 qrouter [Test worker] DEBUG o.s.b.f.s.DefaultListableBeanFactory -Returning cached instance of singleton bean 'org.springframework.transaction.config.internalTransactionAdvisor'
00:07:22.820 qrouter [Test worker] DEBUG o.s.b.f.s.DefaultListableBeanFactory -Returning cached instance of singleton bean 'org.springframework.transaction.config.internalTransactionAdvisor'
00:07:22.822 qrouter [Test worker] DEBUG o.s.b.f.s.DefaultListableBeanFactory -Finished creating instance of bean 'swaggerOperationResponseClassReader'
00:07:22.823 qrouter [Test worker] DEBUG o.s.b.f.s.DefaultListableBeanFactory -Creating shared instance of singleton bean 'swaggerResponseMessageReader'
00:07:22.823 qrouter [Test worker] DEBUG o.s.b.f.s.DefaultListableBeanFactory -Creating instance of bean 'swaggerResponseMessageReader'
00:07:22.823 qrouter [Test worker] DEBUG o.s.b.f.s.DefaultListableBeanFactory -Returning cached instance of singleton bean 'org.springframework.transaction.config.internalTransactionAdvisor'
00:07:22.830 qrouter [Test worker] DEBUG o.s.b.f.s.DefaultListableBeanFactory -Returning cached instance of singleton bean 'typeNameExtractor'
00:07:22.830 qrouter [Test worker] DEBUG o.s.b.f.s.DefaultListableBeanFactory -Returning cached instance of singleton bean 'typeResolver'
00:07:22.830 qrouter [Test worker] DEBUG o.s.b.f.s.DefaultListableBeanFactory -Autowiring by type from bean name 'swaggerResponseMessageReader' via constructor to bean named 'typeNameExtractor'
00:07:22.831 qrouter [Test worker] DEBUG o.s.b.f.s.DefaultListableBeanFactory -Autowiring by type from bean name 'swaggerResponseMessageReader' via constructor to bean named 'typeResolver'
00:07:22.832 qrouter [Test worker] DEBUG o.s.b.f.s.DefaultListableBeanFactory -Eagerly caching bean 'swaggerResponseMessageReader' to allow for resolving potential circular references
00:07:22.839 qrouter [Test worker] DEBUG o.s.b.f.s.DefaultListableBeanFactory -Returning cached instance of singleton bean 'org.springframework.transaction.config.internalTransactionAdvisor'
00:07:22.839 qrouter [Test worker] DEBUG o.s.b.f.s.DefaultListableBeanFactory -Returning cached instance of singleton bean 'org.springframework.transaction.config.internalTransactionAdvisor'
00:07:22.841 qrouter [Test worker] DEBUG o.s.b.f.s.DefaultListableBeanFactory -Finished creating instance of bean 'swaggerResponseMessageReader'
00:07:22.842 qrouter [Test worker] DEBUG o.s.b.f.s.DefaultListableBeanFactory -Creating shared instance of singleton bean 'vendorExtensionsReader'
00:07:22.842 qrouter [Test worker] DEBUG o.s.b.f.s.DefaultListableBeanFactory -Creating instance of bean 'vendorExtensionsReader'
00:07:22.842 qrouter [Test worker] DEBUG o.s.b.f.s.DefaultListableBeanFactory -Returning cached instance of singleton bean 'org.springframework.transaction.config.internalTransactionAdvisor'
00:07:22.845 qrouter [Test worker] DEBUG o.s.b.f.s.DefaultListableBeanFactory -Eagerly caching bean 'vendorExtensionsReader' to allow for resolving potential circular references
00:07:22.851 qrouter [Test worker] DEBUG o.s.b.f.s.DefaultListableBeanFactory -Returning cached instance of singleton bean 'org.springframework.transaction.config.internalTransactionAdvisor'
00:07:22.851 qrouter [Test worker] DEBUG o.s.b.f.s.DefaultListableBeanFactory -Returning cached instance of singleton bean 'org.springframework.transaction.config.internalTransactionAdvisor'
00:07:22.852 qrouter [Test worker] DEBUG o.s.b.f.s.DefaultListableBeanFactory -Finished creating instance of bean 'vendorExtensionsReader'
00:07:22.853 qrouter [Test worker] DEBUG o.s.b.f.s.DefaultListableBeanFactory -Creating shared instance of singleton bean 'swaggerParameterAccessReader'
00:07:22.853 qrouter [Test worker] DEBUG o.s.b.f.s.DefaultListableBeanFactory -Creating instance of bean 'swaggerParameterAccessReader'
00:07:22.853 qrouter [Test worker] DEBUG o.s.b.f.s.DefaultListableBeanFactory -Returning cached instance of singleton bean 'org.springframework.transaction.config.internalTransactionAdvisor'
00:07:22.854 qrouter [Test worker] DEBUG o.s.b.f.s.DefaultListableBeanFactory -Eagerly caching bean 'swaggerParameterAccessReader' to allow for resolving potential circular references
00:07:22.859 qrouter [Test worker] DEBUG o.s.b.f.s.DefaultListableBeanFactory -Returning cached instance of singleton bean 'org.springframework.transaction.config.internalTransactionAdvisor'
00:07:22.860 qrouter [Test worker] DEBUG o.s.b.f.s.DefaultListableBeanFactory -Returning cached instance of singleton bean 'org.springframework.transaction.config.internalTransactionAdvisor'
00:07:22.861 qrouter [Test worker] DEBUG o.s.b.f.s.DefaultListableBeanFactory -Finished creating instance of bean 'swaggerParameterAccessReader'
00:07:22.861 qrouter [Test worker] DEBUG o.s.b.f.s.DefaultListableBeanFactory -Creating shared instance of singleton bean 'swaggerParameterAllowableReader'
00:07:22.861 qrouter [Test worker] DEBUG o.s.b.f.s.DefaultListableBeanFactory -Creating instance of bean 'swaggerParameterAllowableReader'
00:07:22.862 qrouter [Test worker] DEBUG o.s.b.f.s.DefaultListableBeanFactory -Returning cached instance of singleton bean 'org.springframework.transaction.config.internalTransactionAdvisor'
00:07:22.863 qrouter [Test worker] DEBUG o.s.b.f.s.DefaultListableBeanFactory -Eagerly caching bean 'swaggerParameterAllowableReader' to allow for resolving potential circular references
00:07:22.868 qrouter [Test worker] DEBUG o.s.b.f.s.DefaultListableBeanFactory -Returning cached instance of singleton bean 'org.springframework.transaction.config.internalTransactionAdvisor'
00:07:22.869 qrouter [Test worker] DEBUG o.s.b.f.s.DefaultListableBeanFactory -Returning cached instance of singleton bean 'org.springframework.transaction.config.internalTransactionAdvisor'
00:07:22.870 qrouter [Test worker] DEBUG o.s.b.f.s.DefaultListableBeanFactory -Finished creating instance of bean 'swaggerParameterAllowableReader'
00:07:22.870 qrouter [Test worker] DEBUG o.s.b.f.s.DefaultListableBeanFactory -Creating shared instance of singleton bean 'swaggerParameterDefaultReader'
00:07:22.870 qrouter [Test worker] DEBUG o.s.b.f.s.DefaultListableBeanFactory -Creating instance of bean 'swaggerParameterDefaultReader'
00:07:22.871 qrouter [Test worker] DEBUG o.s.b.f.s.DefaultListableBeanFactory -Returning cached instance of singleton bean 'org.springframework.transaction.config.internalTransactionAdvisor'
00:07:22.872 qrouter [Test worker] DEBUG o.s.b.f.s.DefaultListableBeanFactory -Eagerly caching bean 'swaggerParameterDefaultReader' to allow for resolving potential circular references
00:07:22.878 qrouter [Test worker] DEBUG o.s.b.f.s.DefaultListableBeanFactory -Returning cached instance of singleton bean 'org.springframework.transaction.config.internalTransactionAdvisor'
00:07:22.878 qrouter [Test worker] DEBUG o.s.b.f.s.DefaultListableBeanFactory -Returning cached instance of singleton bean 'org.springframework.transaction.config.internalTransactionAdvisor'
00:07:22.880 qrouter [Test worker] DEBUG o.s.b.f.s.DefaultListableBeanFactory -Finished creating instance of bean 'swaggerParameterDefaultReader'
00:07:22.880 qrouter [Test worker] DEBUG o.s.b.f.s.DefaultListableBeanFactory -Creating shared instance of singleton bean 'swaggerParameterDescriptionReader'
00:07:22.880 qrouter [Test worker] DEBUG o.s.b.f.s.DefaultListableBeanFactory -Creating instance of bean 'swaggerParameterDescriptionReader'
00:07:22.880 qrouter [Test worker] DEBUG o.s.b.f.s.DefaultListableBeanFactory -Returning cached instance of singleton bean 'org.springframework.transaction.config.internalTransactionAdvisor'
00:07:22.881 qrouter [Test worker] DEBUG o.s.b.f.s.DefaultListableBeanFactory -Eagerly caching bean 'swaggerParameterDescriptionReader' to allow for resolving potential circular references
00:07:22.890 qrouter [Test worker] DEBUG o.s.b.f.s.DefaultListableBeanFactory -Returning cached instance of singleton bean 'org.springframework.transaction.config.internalTransactionAdvisor'
00:07:22.890 qrouter [Test worker] DEBUG o.s.b.f.s.DefaultListableBeanFactory -Returning cached instance of singleton bean 'org.springframework.transaction.config.internalTransactionAdvisor'
00:07:22.892 qrouter [Test worker] DEBUG o.s.b.f.s.DefaultListableBeanFactory -Finished creating instance of bean 'swaggerParameterDescriptionReader'
00:07:22.892 qrouter [Test worker] DEBUG o.s.b.f.s.DefaultListableBeanFactory -Creating shared instance of singleton bean 'swaggerParameterMultiplesReader'
00:07:22.892 qrouter [Test worker] DEBUG o.s.b.f.s.DefaultListableBeanFactory -Creating instance of bean 'swaggerParameterMultiplesReader'
00:07:22.892 qrouter [Test worker] DEBUG o.s.b.f.s.DefaultListableBeanFactory -Returning cached instance of singleton bean 'org.springframework.transaction.config.internalTransactionAdvisor'
00:07:22.893 qrouter [Test worker] DEBUG o.s.b.f.s.DefaultListableBeanFactory -Eagerly caching bean 'swaggerParameterMultiplesReader' to allow for resolving potential circular references
00:07:22.900 qrouter [Test worker] DEBUG o.s.b.f.s.DefaultListableBeanFactory -Returning cached instance of singleton bean 'org.springframework.transaction.config.internalTransactionAdvisor'
00:07:22.900 qrouter [Test worker] DEBUG o.s.b.f.s.DefaultListableBeanFactory -Returning cached instance of singleton bean 'org.springframework.transaction.config.internalTransactionAdvisor'
00:07:22.901 qrouter [Test worker] DEBUG o.s.b.f.s.DefaultListableBeanFactory -Finished creating instance of bean 'swaggerParameterMultiplesReader'
00:07:22.901 qrouter [Test worker] DEBUG o.s.b.f.s.DefaultListableBeanFactory -Creating shared instance of singleton bean 'swaggerParameterRequiredReader'
00:07:22.901 qrouter [Test worker] DEBUG o.s.b.f.s.DefaultListableBeanFactory -Creating instance of bean 'swaggerParameterRequiredReader'
00:07:22.902 qrouter [Test worker] DEBUG o.s.b.f.s.DefaultListableBeanFactory -Returning cached instance of singleton bean 'org.springframework.transaction.config.internalTransactionAdvisor'
00:07:22.902 qrouter [Test worker] DEBUG o.s.b.f.s.DefaultListableBeanFactory -Eagerly caching bean 'swaggerParameterRequiredReader' to allow for resolving potential circular references
00:07:22.909 qrouter [Test worker] DEBUG o.s.b.f.s.DefaultListableBeanFactory -Returning cached instance of singleton bean 'org.springframework.transaction.config.internalTransactionAdvisor'
00:07:22.910 qrouter [Test worker] DEBUG o.s.b.f.s.DefaultListableBeanFactory -Returning cached instance of singleton bean 'org.springframework.transaction.config.internalTransactionAdvisor'
00:07:22.911 qrouter [Test worker] DEBUG o.s.b.f.s.DefaultListableBeanFactory -Finished creating instance of bean 'swaggerParameterRequiredReader'
00:07:22.911 qrouter [Test worker] DEBUG o.s.b.f.s.DefaultListableBeanFactory -Creating shared instance of singleton bean 'swaggerExpandedParameterBuilder'
00:07:22.911 qrouter [Test worker] DEBUG o.s.b.f.s.DefaultListableBeanFactory -Creating instance of bean 'swaggerExpandedParameterBuilder'
00:07:22.911 qrouter [Test worker] DEBUG o.s.b.f.s.DefaultListableBeanFactory -Returning cached instance of singleton bean 'org.springframework.transaction.config.internalTransactionAdvisor'
00:07:22.915 qrouter [Test worker] DEBUG o.s.b.f.s.DefaultListableBeanFactory -Eagerly caching bean 'swaggerExpandedParameterBuilder' to allow for resolving potential circular references
00:07:22.921 qrouter [Test worker] DEBUG o.s.b.f.s.DefaultListableBeanFactory -Returning cached instance of singleton bean 'org.springframework.transaction.config.internalTransactionAdvisor'
00:07:22.921 qrouter [Test worker] DEBUG o.s.b.f.s.DefaultListableBeanFactory -Returning cached instance of singleton bean 'org.springframework.transaction.config.internalTransactionAdvisor'
00:07:22.923 qrouter [Test worker] DEBUG o.s.b.f.s.DefaultListableBeanFactory -Finished creating instance of bean 'swaggerExpandedParameterBuilder'
00:07:22.923 qrouter [Test worker] DEBUG o.s.b.f.s.DefaultListableBeanFactory -Creating shared instance of singleton bean 'apiResourceController'
00:07:22.923 qrouter [Test worker] DEBUG o.s.b.f.s.DefaultListableBeanFactory -Creating instance of bean 'apiResourceController'
00:07:22.924 qrouter [Test worker] DEBUG o.s.b.f.s.DefaultListableBeanFactory -Returning cached instance of singleton bean 'org.springframework.transaction.config.internalTransactionAdvisor'
00:07:22.932 qrouter [Test worker] DEBUG o.s.b.f.annotation.InjectionMetadata -Registered injected element on class [springfox.documentation.swagger.web.ApiResourceController]: AutowiredFieldElement for private java.lang.String springfox.documentation.swagger.web.ApiResourceController.swagger1Url
00:07:22.932 qrouter [Test worker] DEBUG o.s.b.f.annotation.InjectionMetadata -Registered injected element on class [springfox.documentation.swagger.web.ApiResourceController]: AutowiredFieldElement for private java.lang.String springfox.documentation.swagger.web.ApiResourceController.swagger2Url
00:07:22.932 qrouter [Test worker] DEBUG o.s.b.f.annotation.InjectionMetadata -Registered injected element on class [springfox.documentation.swagger.web.ApiResourceController]: AutowiredFieldElement for private springfox.documentation.spring.web.DocumentationCache springfox.documentation.swagger.web.ApiResourceController.documentationCache
00:07:22.932 qrouter [Test worker] DEBUG o.s.b.f.annotation.InjectionMetadata -Registered injected element on class [springfox.documentation.swagger.web.ApiResourceController]: AutowiredFieldElement for private springfox.documentation.swagger.web.SecurityConfiguration springfox.documentation.swagger.web.ApiResourceController.securityConfiguration
00:07:22.932 qrouter [Test worker] DEBUG o.s.b.f.annotation.InjectionMetadata -Registered injected element on class [springfox.documentation.swagger.web.ApiResourceController]: AutowiredFieldElement for private springfox.documentation.swagger.web.UiConfiguration springfox.documentation.swagger.web.ApiResourceController.uiConfiguration
00:07:22.932 qrouter [Test worker] DEBUG o.s.b.f.s.DefaultListableBeanFactory -Eagerly caching bean 'apiResourceController' to allow for resolving potential circular references
00:07:22.936 qrouter [Test worker] DEBUG o.s.b.f.annotation.InjectionMetadata -Processing injected element of bean 'apiResourceController': AutowiredFieldElement for private java.lang.String springfox.documentation.swagger.web.ApiResourceController.swagger1Url
00:07:22.936 qrouter [Test worker] DEBUG o.s.c.e.PropertySourcesPropertyResolver -Could not find key 'springfox.documentation.swagger.v1.path:/api-docs' in any property source
00:07:22.937 qrouter [Test worker] DEBUG o.s.c.e.PropertySourcesPropertyResolver -Could not find key 'springfox.documentation.swagger.v1.path:/api-docs' in any property source
00:07:22.937 qrouter [Test worker] DEBUG o.s.c.e.PropertySourcesPropertyResolver -Could not find key 'springfox.documentation.swagger.v1.path' in any property source
00:07:22.937 qrouter [Test worker] DEBUG o.s.c.e.PropertySourcesPropertyResolver -Could not find key 'springfox.documentation.swagger.v1.path' in any property source
00:07:22.937 qrouter [Test worker] DEBUG o.s.b.f.annotation.InjectionMetadata -Processing injected element of bean 'apiResourceController': AutowiredFieldElement for private java.lang.String springfox.documentation.swagger.web.ApiResourceController.swagger2Url
00:07:22.937 qrouter [Test worker] DEBUG o.s.c.e.PropertySourcesPropertyResolver -Could not find key 'springfox.documentation.swagger.v2.path:/v2/api-docs' in any property source
00:07:22.938 qrouter [Test worker] DEBUG o.s.c.e.PropertySourcesPropertyResolver -Could not find key 'springfox.documentation.swagger.v2.path:/v2/api-docs' in any property source
00:07:22.938 qrouter [Test worker] DEBUG o.s.c.e.PropertySourcesPropertyResolver -Could not find key 'springfox.documentation.swagger.v2.path' in any property source
00:07:22.938 qrouter [Test worker] DEBUG o.s.c.e.PropertySourcesPropertyResolver -Could not find key 'springfox.documentation.swagger.v2.path' in any property source
00:07:22.938 qrouter [Test worker] DEBUG o.s.b.f.annotation.InjectionMetadata -Processing injected element of bean 'apiResourceController': AutowiredFieldElement for private springfox.documentation.spring.web.DocumentationCache springfox.documentation.swagger.web.ApiResourceController.documentationCache
00:07:22.938 qrouter [Test worker] DEBUG o.s.b.f.s.DefaultListableBeanFactory -Returning cached instance of singleton bean 'resourceGroupCache'
00:07:22.939 qrouter [Test worker] DEBUG o.s.b.f.a.AutowiredAnnotationBeanPostProcessor -Autowiring by type from bean name 'apiResourceController' to bean named 'resourceGroupCache'
00:07:22.939 qrouter [Test worker] DEBUG o.s.b.f.annotation.InjectionMetadata -Processing injected element of bean 'apiResourceController': AutowiredFieldElement for private springfox.documentation.swagger.web.SecurityConfiguration springfox.documentation.swagger.web.ApiResourceController.securityConfiguration
00:07:22.944 qrouter [Test worker] DEBUG o.s.b.f.annotation.InjectionMetadata -Processing injected element of bean 'apiResourceController': AutowiredFieldElement for private springfox.documentation.swagger.web.UiConfiguration springfox.documentation.swagger.web.ApiResourceController.uiConfiguration
00:07:22.949 qrouter [Test worker] DEBUG o.s.b.f.s.DefaultListableBeanFactory -Returning cached instance of singleton bean 'org.springframework.transaction.config.internalTransactionAdvisor'
00:07:22.949 qrouter [Test worker] DEBUG o.s.b.f.s.DefaultListableBeanFactory -Returning cached instance of singleton bean 'org.springframework.transaction.config.internalTransactionAdvisor'
00:07:22.950 qrouter [Test worker] DEBUG o.s.b.f.s.DefaultListableBeanFactory -Finished creating instance of bean 'apiResourceController'
00:07:22.950 qrouter [Test worker] DEBUG o.s.b.f.s.DefaultListableBeanFactory -Creating shared instance of singleton bean 'classOrApiAnnotationResourceGrouping'
00:07:22.950 qrouter [Test worker] DEBUG o.s.b.f.s.DefaultListableBeanFactory -Creating instance of bean 'classOrApiAnnotationResourceGrouping'
00:07:22.951 qrouter [Test worker] DEBUG o.s.b.f.s.DefaultListableBeanFactory -Returning cached instance of singleton bean 'org.springframework.transaction.config.internalTransactionAdvisor'
00:07:22.952 qrouter [Test worker] DEBUG o.s.b.f.s.DefaultListableBeanFactory -Eagerly caching bean 'classOrApiAnnotationResourceGrouping' to allow for resolving potential circular references
00:07:22.961 qrouter [Test worker] DEBUG o.s.b.f.s.DefaultListableBeanFactory -Returning cached instance of singleton bean 'org.springframework.transaction.config.internalTransactionAdvisor'
00:07:22.961 qrouter [Test worker] DEBUG o.s.b.f.s.DefaultListableBeanFactory -Returning cached instance of singleton bean 'org.springframework.transaction.config.internalTransactionAdvisor'
00:07:22.962 qrouter [Test worker] DEBUG o.s.b.f.s.DefaultListableBeanFactory -Finished creating instance of bean 'classOrApiAnnotationResourceGrouping'
00:07:22.963 qrouter [Test worker] DEBUG o.s.b.f.s.DefaultListableBeanFactory -Returning cached instance of singleton bean 'shopLocator'
00:07:22.963 qrouter [Test worker] DEBUG o.s.b.f.s.DefaultListableBeanFactory -Returning cached instance of singleton bean 'retailShopDao'
00:07:22.963 qrouter [Test worker] DEBUG o.s.b.f.s.DefaultListableBeanFactory -Returning cached instance of singleton bean 'propertiesResolver'
00:07:22.963 qrouter [Test worker] DEBUG o.s.b.f.s.DefaultListableBeanFactory -Returning cached instance of singleton bean 'springfox.documentation.schema.configuration.ModelsConfiguration'
00:07:22.963 qrouter [Test worker] DEBUG o.s.b.f.s.DefaultListableBeanFactory -Returning cached instance of singleton bean 'typeResolver'
00:07:22.963 qrouter [Test worker] DEBUG o.s.b.f.s.DefaultListableBeanFactory -Creating shared instance of singleton bean 'modelsCache'
00:07:22.963 qrouter [Test worker] DEBUG o.s.b.f.s.DefaultListableBeanFactory -Creating instance of bean 'modelsCache'
00:07:22.963 qrouter [Test worker] DEBUG o.s.b.f.s.DefaultListableBeanFactory -Returning cached instance of singleton bean 'org.springframework.transaction.config.internalTransactionAdvisor'
00:07:22.963 qrouter [Test worker] DEBUG o.s.b.f.s.DefaultListableBeanFactory -Returning cached instance of singleton bean 'springfox.documentation.schema.configuration.ModelsConfiguration'
00:07:22.981 qrouter [Test worker] DEBUG o.s.b.f.s.DefaultListableBeanFactory -Eagerly caching bean 'modelsCache' to allow for resolving potential circular references
00:07:22.997 qrouter [Test worker] DEBUG o.s.b.f.s.DefaultListableBeanFactory -Returning cached instance of singleton bean 'org.springframework.transaction.config.internalTransactionAdvisor'
00:07:22.997 qrouter [Test worker] DEBUG o.s.b.f.s.DefaultListableBeanFactory -Returning cached instance of singleton bean 'org.springframework.transaction.config.internalTransactionAdvisor'
00:07:22.999 qrouter [Test worker] DEBUG o.s.b.f.s.DefaultListableBeanFactory -Finished creating instance of bean 'modelsCache'
00:07:22.999 qrouter [Test worker] DEBUG o.s.b.f.s.DefaultListableBeanFactory -Creating shared instance of singleton bean 'modelDependenciesCache'
00:07:23.000 qrouter [Test worker] DEBUG o.s.b.f.s.DefaultListableBeanFactory -Creating instance of bean 'modelDependenciesCache'
00:07:23.000 qrouter [Test worker] DEBUG o.s.b.f.s.DefaultListableBeanFactory -Returning cached instance of singleton bean 'org.springframework.transaction.config.internalTransactionAdvisor'
00:07:23.000 qrouter [Test worker] DEBUG o.s.b.f.s.DefaultListableBeanFactory -Returning cached instance of singleton bean 'springfox.documentation.schema.configuration.ModelsConfiguration'
00:07:23.003 qrouter [Test worker] DEBUG o.s.b.f.s.DefaultListableBeanFactory -Eagerly caching bean 'modelDependenciesCache' to allow for resolving potential circular references
00:07:23.005 qrouter [Test worker] DEBUG o.s.b.f.s.DefaultListableBeanFactory -Returning cached instance of singleton bean 'org.springframework.transaction.config.internalTransactionAdvisor'
00:07:23.005 qrouter [Test worker] DEBUG o.s.b.f.s.DefaultListableBeanFactory -Returning cached instance of singleton bean 'org.springframework.transaction.config.internalTransactionAdvisor'
00:07:23.006 qrouter [Test worker] DEBUG o.s.b.f.s.DefaultListableBeanFactory -Finished creating instance of bean 'modelDependenciesCache'
00:07:23.006 qrouter [Test worker] DEBUG o.s.b.f.s.DefaultListableBeanFactory -Creating shared instance of singleton bean 'modelPropertiesCache'
00:07:23.006 qrouter [Test worker] DEBUG o.s.b.f.s.DefaultListableBeanFactory -Creating instance of bean 'modelPropertiesCache'
00:07:23.006 qrouter [Test worker] DEBUG o.s.b.f.s.DefaultListableBeanFactory -Returning cached instance of singleton bean 'org.springframework.transaction.config.internalTransactionAdvisor'
00:07:23.007 qrouter [Test worker] DEBUG o.s.b.f.s.DefaultListableBeanFactory -Returning cached instance of singleton bean 'springfox.documentation.schema.configuration.ModelsConfiguration'
00:07:23.009 qrouter [Test worker] DEBUG o.s.b.f.s.DefaultListableBeanFactory -Eagerly caching bean 'modelPropertiesCache' to allow for resolving potential circular references
00:07:23.010 qrouter [Test worker] DEBUG o.s.b.f.s.DefaultListableBeanFactory -Returning cached instance of singleton bean 'org.springframework.transaction.config.internalTransactionAdvisor'
00:07:23.010 qrouter [Test worker] DEBUG o.s.b.f.s.DefaultListableBeanFactory -Returning cached instance of singleton bean 'org.springframework.transaction.config.internalTransactionAdvisor'
00:07:23.010 qrouter [Test worker] DEBUG o.s.b.f.s.DefaultListableBeanFactory -Finished creating instance of bean 'modelPropertiesCache'
00:07:23.011 qrouter [Test worker] DEBUG o.s.b.f.s.DefaultListableBeanFactory -Returning cached instance of singleton bean 'modelBuilderPluginRegistry'
00:07:23.011 qrouter [Test worker] DEBUG o.s.b.f.s.DefaultListableBeanFactory -Returning cached instance of singleton bean 'modelPropertyBuilderPluginRegistry'
00:07:23.011 qrouter [Test worker] DEBUG o.s.b.f.s.DefaultListableBeanFactory -Returning cached instance of singleton bean 'typeNameProviderPluginRegistry'
00:07:23.011 qrouter [Test worker] DEBUG o.s.b.f.s.DefaultListableBeanFactory -Returning cached instance of singleton bean 'springfox.documentation.spring.web.SpringMvcDocumentationConfiguration'
00:07:23.011 qrouter [Test worker] DEBUG o.s.b.f.s.DefaultListableBeanFactory -Returning cached instance of singleton bean 'defaults'
00:07:23.011 qrouter [Test worker] DEBUG o.s.b.f.s.DefaultListableBeanFactory -Returning cached instance of singleton bean 'resourceGroupCache'
00:07:23.011 qrouter [Test worker] DEBUG o.s.b.f.s.DefaultListableBeanFactory -Returning cached instance of singleton bean 'objectMapperConfigurer'
00:07:23.011 qrouter [Test worker] DEBUG o.s.b.f.s.DefaultListableBeanFactory -Returning cached instance of singleton bean 'jsonSerializer'
00:07:23.012 qrouter [Test worker] DEBUG o.s.b.f.s.DefaultListableBeanFactory -Creating shared instance of singleton bean 'operationsKeyGenerator'
00:07:23.012 qrouter [Test worker] DEBUG o.s.b.f.s.DefaultListableBeanFactory -Creating instance of bean 'operationsKeyGenerator'
00:07:23.012 qrouter [Test worker] DEBUG o.s.b.f.s.DefaultListableBeanFactory -Returning cached instance of singleton bean 'org.springframework.transaction.config.internalTransactionAdvisor'
00:07:23.015 qrouter [Test worker] DEBUG o.s.b.f.s.DefaultListableBeanFactory -Returning cached instance of singleton bean 'springfox.documentation.spring.web.SpringMvcDocumentationConfiguration'
00:07:23.021 qrouter [Test worker] DEBUG o.s.b.f.s.DefaultListableBeanFactory -Eagerly caching bean 'operationsKeyGenerator' to allow for resolving potential circular references
00:07:23.048 qrouter [Test worker] DEBUG o.s.b.f.s.DefaultListableBeanFactory -Returning cached instance of singleton bean 'org.springframework.transaction.config.internalTransactionAdvisor'
00:07:23.048 qrouter [Test worker] DEBUG o.s.b.f.s.DefaultListableBeanFactory -Returning cached instance of singleton bean 'org.springframework.transaction.config.internalTransactionAdvisor'
00:07:23.052 qrouter [Test worker] DEBUG o.s.b.f.s.DefaultListableBeanFactory -Finished creating instance of bean 'operationsKeyGenerator'
00:07:23.053 qrouter [Test worker] DEBUG o.s.b.f.s.DefaultListableBeanFactory -Creating shared instance of singleton bean 'operationsCache'
00:07:23.053 qrouter [Test worker] DEBUG o.s.b.f.s.DefaultListableBeanFactory -Creating instance of bean 'operationsCache'
00:07:23.053 qrouter [Test worker] DEBUG o.s.b.f.s.DefaultListableBeanFactory -Returning cached instance of singleton bean 'org.springframework.transaction.config.internalTransactionAdvisor'
00:07:23.054 qrouter [Test worker] DEBUG o.s.b.f.s.DefaultListableBeanFactory -Returning cached instance of singleton bean 'springfox.documentation.spring.web.SpringMvcDocumentationConfiguration'
00:07:23.055 qrouter [Test worker] DEBUG o.s.b.f.s.DefaultListableBeanFactory -Eagerly caching bean 'operationsCache' to allow for resolving potential circular references
00:07:23.056 qrouter [Test worker] DEBUG o.s.b.f.s.DefaultListableBeanFactory -Returning cached instance of singleton bean 'org.springframework.transaction.config.internalTransactionAdvisor'
00:07:23.056 qrouter [Test worker] DEBUG o.s.b.f.s.DefaultListableBeanFactory -Returning cached instance of singleton bean 'org.springframework.transaction.config.internalTransactionAdvisor'
00:07:23.058 qrouter [Test worker] DEBUG o.s.b.f.s.DefaultListableBeanFactory -Finished creating instance of bean 'operationsCache'
00:07:23.058 qrouter [Test worker] DEBUG o.s.b.f.s.DefaultListableBeanFactory -Returning cached instance of singleton bean 'documentationPluginRegistry'
00:07:23.058 qrouter [Test worker] DEBUG o.s.b.f.s.DefaultListableBeanFactory -Returning cached instance of singleton bean 'apiListingBuilderPluginRegistry'
00:07:23.058 qrouter [Test worker] DEBUG o.s.b.f.s.DefaultListableBeanFactory -Returning cached instance of singleton bean 'operationBuilderPluginRegistry'
00:07:23.058 qrouter [Test worker] DEBUG o.s.b.f.s.DefaultListableBeanFactory -Returning cached instance of singleton bean 'parameterBuilderPluginRegistry'
00:07:23.058 qrouter [Test worker] DEBUG o.s.b.f.s.DefaultListableBeanFactory -Returning cached instance of singleton bean 'expandedParameterBuilderPluginRegistry'
00:07:23.058 qrouter [Test worker] DEBUG o.s.b.f.s.DefaultListableBeanFactory -Returning cached instance of singleton bean 'resourceGroupingStrategyRegistry'
00:07:23.059 qrouter [Test worker] DEBUG o.s.b.f.s.DefaultListableBeanFactory -Returning cached instance of singleton bean 'operationModelsProviderPluginRegistry'
00:07:23.059 qrouter [Test worker] DEBUG o.s.b.f.s.DefaultListableBeanFactory -Returning cached instance of singleton bean 'defaultsProviderPluginRegistry'
00:07:23.059 qrouter [Test worker] DEBUG o.s.b.f.s.DefaultListableBeanFactory -Returning cached instance of singleton bean 'pathDecoratorRegistry'
00:07:23.059 qrouter [Test worker] DEBUG o.s.b.f.s.DefaultListableBeanFactory -Creating shared instance of singleton bean 'springfox.documentation.swagger.configuration.SwaggerCommonConfiguration'
00:07:23.059 qrouter [Test worker] DEBUG o.s.b.f.s.DefaultListableBeanFactory -Creating instance of bean 'springfox.documentation.swagger.configuration.SwaggerCommonConfiguration'
00:07:23.060 qrouter [Test worker] DEBUG o.s.b.f.s.DefaultListableBeanFactory -Returning cached instance of singleton bean 'org.springframework.transaction.config.internalTransactionAdvisor'
00:07:23.062 qrouter [Test worker] DEBUG o.s.b.f.s.DefaultListableBeanFactory -Eagerly caching bean 'springfox.documentation.swagger.configuration.SwaggerCommonConfiguration' to allow for resolving potential circular references
00:07:23.075 qrouter [Test worker] DEBUG o.s.b.f.s.DefaultListableBeanFactory -Returning cached instance of singleton bean 'org.springframework.transaction.config.internalTransactionAdvisor'
00:07:23.076 qrouter [Test worker] DEBUG o.s.b.f.s.DefaultListableBeanFactory -Returning cached instance of singleton bean 'org.springframework.transaction.config.internalTransactionAdvisor'
00:07:23.078 qrouter [Test worker] DEBUG o.s.b.f.s.DefaultListableBeanFactory -Finished creating instance of bean 'springfox.documentation.swagger.configuration.SwaggerCommonConfiguration'
00:07:23.078 qrouter [Test worker] DEBUG o.s.b.f.s.DefaultListableBeanFactory -Returning cached instance of singleton bean 'swaggerProperties'
00:07:23.078 qrouter [Test worker] DEBUG o.s.b.f.s.DefaultListableBeanFactory -Returning cached instance of singleton bean 'springfox.documentation.swagger2.configuration.Swagger2DocumentationConfiguration'
00:07:23.078 qrouter [Test worker] DEBUG o.s.b.f.s.DefaultListableBeanFactory -Returning cached instance of singleton bean 'swagger2Module'
00:07:23.079 qrouter [Test worker] DEBUG o.s.b.f.s.DefaultListableBeanFactory -Creating shared instance of singleton bean 'postsApi'
00:07:23.079 qrouter [Test worker] DEBUG o.s.b.f.s.DefaultListableBeanFactory -Creating instance of bean 'postsApi'
00:07:23.079 qrouter [Test worker] DEBUG o.s.b.f.s.DefaultListableBeanFactory -Returning cached instance of singleton bean 'org.springframework.transaction.config.internalTransactionAdvisor'
00:07:23.079 qrouter [Test worker] DEBUG o.s.b.f.s.DefaultListableBeanFactory -Returning cached instance of singleton bean 'swaggerTest'
00:07:23.170 qrouter [Test worker] DEBUG o.s.b.f.s.DefaultListableBeanFactory -Eagerly caching bean 'postsApi' to allow for resolving potential circular references
00:07:23.185 qrouter [Test worker] DEBUG o.s.b.f.s.DefaultListableBeanFactory -Returning cached instance of singleton bean 'org.springframework.transaction.config.internalTransactionAdvisor'
00:07:23.185 qrouter [Test worker] DEBUG o.s.b.f.s.DefaultListableBeanFactory -Returning cached instance of singleton bean 'org.springframework.transaction.config.internalTransactionAdvisor'
00:07:23.187 qrouter [Test worker] DEBUG o.s.b.f.s.DefaultListableBeanFactory -Finished creating instance of bean 'postsApi'
00:07:23.187 qrouter [Test worker] DEBUG o.s.b.f.s.DefaultListableBeanFactory -Returning cached instance of singleton bean 'org.springframework.boot.autoconfigure.AutoConfigurationPackages'
00:07:23.187 qrouter [Test worker] DEBUG o.s.b.f.s.DefaultListableBeanFactory -Returning cached instance of singleton bean 'org.springframework.boot.autoconfigure.condition.BeanTypeRegistry'
00:07:23.187 qrouter [Test worker] DEBUG o.s.b.f.s.DefaultListableBeanFactory -Returning cached instance of singleton bean 'org.springframework.boot.autoconfigure.context.MessageSourceAutoConfiguration'
00:07:23.187 qrouter [Test worker] DEBUG o.s.b.f.s.DefaultListableBeanFactory -Returning cached instance of singleton bean 'messageSource'
00:07:23.187 qrouter [Test worker] DEBUG o.s.b.f.s.DefaultListableBeanFactory -Returning cached instance of singleton bean 'org.springframework.boot.context.properties.ConfigurationPropertiesBindingPostProcessor'
00:07:23.187 qrouter [Test worker] DEBUG o.s.b.f.s.DefaultListableBeanFactory -Returning cached instance of singleton bean 'org.springframework.boot.context.properties.ConfigurationPropertiesBindingPostProcessor.store'
00:07:23.188 qrouter [Test worker] DEBUG o.s.b.f.s.DefaultListableBeanFactory -Creating shared instance of singleton bean 'org.springframework.boot.autoconfigure.context.PropertyPlaceholderAutoConfiguration'
00:07:23.188 qrouter [Test worker] DEBUG o.s.b.f.s.DefaultListableBeanFactory -Creating instance of bean 'org.springframework.boot.autoconfigure.context.PropertyPlaceholderAutoConfiguration'
00:07:23.189 qrouter [Test worker] DEBUG o.s.b.f.s.DefaultListableBeanFactory -Returning cached instance of singleton bean 'org.springframework.transaction.config.internalTransactionAdvisor'
00:07:23.191 qrouter [Test worker] DEBUG o.s.b.f.s.DefaultListableBeanFactory -Eagerly caching bean 'org.springframework.boot.autoconfigure.context.PropertyPlaceholderAutoConfiguration' to allow for resolving potential circular references
00:07:23.202 qrouter [Test worker] DEBUG o.s.b.f.s.DefaultListableBeanFactory -Returning cached instance of singleton bean 'org.springframework.transaction.config.internalTransactionAdvisor'
00:07:23.203 qrouter [Test worker] DEBUG o.s.b.f.s.DefaultListableBeanFactory -Returning cached instance of singleton bean 'org.springframework.transaction.config.internalTransactionAdvisor'
00:07:23.205 qrouter [Test worker] DEBUG o.s.b.f.s.DefaultListableBeanFactory -Finished creating instance of bean 'org.springframework.boot.autoconfigure.context.PropertyPlaceholderAutoConfiguration'
00:07:23.205 qrouter [Test worker] DEBUG o.s.b.f.s.DefaultListableBeanFactory -Creating shared instance of singleton bean 'org.springframework.boot.autoconfigure.jackson.JacksonAutoConfiguration$Jackson2ObjectMapperBuilderCustomizerConfiguration'
00:07:23.205 qrouter [Test worker] DEBUG o.s.b.f.s.DefaultListableBeanFactory -Creating instance of bean 'org.springframework.boot.autoconfigure.jackson.JacksonAutoConfiguration$Jackson2ObjectMapperBuilderCustomizerConfiguration'
00:07:23.206 qrouter [Test worker] DEBUG o.s.b.f.s.DefaultListableBeanFactory -Returning cached instance of singleton bean 'org.springframework.transaction.config.internalTransactionAdvisor'
00:07:23.208 qrouter [Test worker] DEBUG o.s.b.f.s.DefaultListableBeanFactory -Eagerly caching bean 'org.springframework.boot.autoconfigure.jackson.JacksonAutoConfiguration$Jackson2ObjectMapperBuilderCustomizerConfiguration' to allow for resolving potential circular references
00:07:23.221 qrouter [Test worker] DEBUG o.s.b.f.s.DefaultListableBeanFactory -Returning cached instance of singleton bean 'org.springframework.transaction.config.internalTransactionAdvisor'
00:07:23.221 qrouter [Test worker] DEBUG o.s.b.f.s.DefaultListableBeanFactory -Returning cached instance of singleton bean 'org.springframework.transaction.config.internalTransactionAdvisor'
00:07:23.224 qrouter [Test worker] DEBUG o.s.b.f.s.DefaultListableBeanFactory -Finished creating instance of bean 'org.springframework.boot.autoconfigure.jackson.JacksonAutoConfiguration$Jackson2ObjectMapperBuilderCustomizerConfiguration'
00:07:23.225 qrouter [Test worker] DEBUG o.s.b.f.s.DefaultListableBeanFactory -Creating shared instance of singleton bean 'standardJacksonObjectMapperBuilderCustomizer'
00:07:23.225 qrouter [Test worker] DEBUG o.s.b.f.s.DefaultListableBeanFactory -Creating instance of bean 'standardJacksonObjectMapperBuilderCustomizer'
00:07:23.225 qrouter [Test worker] DEBUG o.s.b.f.s.DefaultListableBeanFactory -Returning cached instance of singleton bean 'org.springframework.transaction.config.internalTransactionAdvisor'
00:07:23.226 qrouter [Test worker] DEBUG o.s.b.f.s.DefaultListableBeanFactory -Returning cached instance of singleton bean 'org.springframework.boot.autoconfigure.jackson.JacksonAutoConfiguration$Jackson2ObjectMapperBuilderCustomizerConfiguration'
00:07:23.242 qrouter [Test worker] DEBUG o.s.b.f.s.DefaultListableBeanFactory -Creating shared instance of singleton bean 'spring.jackson-org.springframework.boot.autoconfigure.jackson.JacksonProperties'
00:07:23.243 qrouter [Test worker] DEBUG o.s.b.f.s.DefaultListableBeanFactory -Creating instance of bean 'spring.jackson-org.springframework.boot.autoconfigure.jackson.JacksonProperties'
00:07:23.243 qrouter [Test worker] DEBUG o.s.b.f.s.DefaultListableBeanFactory -Returning cached instance of singleton bean 'org.springframework.transaction.config.internalTransactionAdvisor'
00:07:23.245 qrouter [Test worker] DEBUG o.s.b.f.s.DefaultListableBeanFactory -Eagerly caching bean 'spring.jackson-org.springframework.boot.autoconfigure.jackson.JacksonProperties' to allow for resolving potential circular references
00:07:23.259 qrouter [Test worker] DEBUG o.s.core.env.MutablePropertySources -Adding [Inlined Test Properties] PropertySource with lowest search precedence
00:07:23.259 qrouter [Test worker] DEBUG o.s.core.env.MutablePropertySources -Adding [systemProperties] PropertySource with lowest search precedence
00:07:23.260 qrouter [Test worker] DEBUG o.s.core.env.MutablePropertySources -Adding [systemEnvironment] PropertySource with lowest search precedence
00:07:23.260 qrouter [Test worker] DEBUG o.s.core.env.MutablePropertySources -Adding [random] PropertySource with lowest search precedence
00:07:23.260 qrouter [Test worker] DEBUG o.s.core.env.MutablePropertySources -Adding [applicationConfig: [classpath:/application.properties]] PropertySource with lowest search precedence
00:07:23.275 qrouter [Test worker] DEBUG o.s.b.f.s.DefaultListableBeanFactory -Returning cached instance of singleton bean 'org.springframework.transaction.config.internalTransactionAdvisor'
00:07:23.276 qrouter [Test worker] DEBUG o.s.b.f.s.DefaultListableBeanFactory -Returning cached instance of singleton bean 'org.springframework.transaction.config.internalTransactionAdvisor'
00:07:23.278 qrouter [Test worker] DEBUG o.s.b.f.s.DefaultListableBeanFactory -Finished creating instance of bean 'spring.jackson-org.springframework.boot.autoconfigure.jackson.JacksonProperties'
00:07:23.279 qrouter [Test worker] DEBUG o.s.b.f.s.DefaultListableBeanFactory -Autowiring by type from bean name 'standardJacksonObjectMapperBuilderCustomizer' via factory method to bean named 'org.springframework.web.context.support.GenericWebApplicationContext@1ec853e'
00:07:23.279 qrouter [Test worker] DEBUG o.s.b.f.s.DefaultListableBeanFactory -Autowiring by type from bean name 'standardJacksonObjectMapperBuilderCustomizer' via factory method to bean named 'spring.jackson-org.springframework.boot.autoconfigure.jackson.JacksonProperties'
00:07:23.301 qrouter [Test worker] DEBUG o.s.b.f.s.DefaultListableBeanFactory -Eagerly caching bean 'standardJacksonObjectMapperBuilderCustomizer' to allow for resolving potential circular references
00:07:23.314 qrouter [Test worker] DEBUG o.s.b.f.s.DefaultListableBeanFactory -Returning cached instance of singleton bean 'org.springframework.transaction.config.internalTransactionAdvisor'
00:07:23.314 qrouter [Test worker] DEBUG o.s.b.f.s.DefaultListableBeanFactory -Returning cached instance of singleton bean 'org.springframework.transaction.config.internalTransactionAdvisor'
00:07:23.315 qrouter [Test worker] DEBUG o.s.b.f.s.DefaultListableBeanFactory -Finished creating instance of bean 'standardJacksonObjectMapperBuilderCustomizer'
00:07:23.315 qrouter [Test worker] DEBUG o.s.b.f.s.DefaultListableBeanFactory -Returning cached instance of singleton bean 'spring.jackson-org.springframework.boot.autoconfigure.jackson.JacksonProperties'
00:07:23.315 qrouter [Test worker] DEBUG o.s.b.f.s.DefaultListableBeanFactory -Creating shared instance of singleton bean 'org.springframework.boot.autoconfigure.jackson.JacksonAutoConfiguration$JacksonObjectMapperBuilderConfiguration'
00:07:23.315 qrouter [Test worker] DEBUG o.s.b.f.s.DefaultListableBeanFactory -Creating instance of bean 'org.springframework.boot.autoconfigure.jackson.JacksonAutoConfiguration$JacksonObjectMapperBuilderConfiguration'
00:07:23.335 qrouter [Test worker] DEBUG o.s.b.f.s.DefaultListableBeanFactory -Returning cached instance of singleton bean 'org.springframework.transaction.config.internalTransactionAdvisor'
00:07:23.337 qrouter [Test worker] DEBUG o.s.c.LocalVariableTableParameterNameDiscoverer -Cannot find '.class' file for class [class org.springframework.boot.autoconfigure.jackson.JacksonAutoConfiguration$JacksonObjectMapperBuilderConfiguration$$EnhancerBySpringCGLIB$$835ece9e] - unable to determine constructor/method parameter names
00:07:23.339 qrouter [Test worker] DEBUG o.s.b.f.s.DefaultListableBeanFactory -Returning cached instance of singleton bean 'spring.jackson-org.springframework.boot.autoconfigure.jackson.JacksonProperties'
00:07:23.344 qrouter [Test worker] DEBUG o.s.b.f.s.DefaultListableBeanFactory -Returning cached instance of singleton bean 'standardJacksonObjectMapperBuilderCustomizer'
00:07:23.344 qrouter [Test worker] DEBUG o.s.b.f.s.DefaultListableBeanFactory -Autowiring by type from bean name 'org.springframework.boot.autoconfigure.jackson.JacksonAutoConfiguration$JacksonObjectMapperBuilderConfiguration' via constructor to bean named 'org.springframework.web.context.support.GenericWebApplicationContext@1ec853e'
00:07:23.345 qrouter [Test worker] DEBUG o.s.b.f.s.DefaultListableBeanFactory -Autowiring by type from bean name 'org.springframework.boot.autoconfigure.jackson.JacksonAutoConfiguration$JacksonObjectMapperBuilderConfiguration' via constructor to bean named 'spring.jackson-org.springframework.boot.autoconfigure.jackson.JacksonProperties'
00:07:23.345 qrouter [Test worker] DEBUG o.s.b.f.s.DefaultListableBeanFactory -Autowiring by type from bean name 'org.springframework.boot.autoconfigure.jackson.JacksonAutoConfiguration$JacksonObjectMapperBuilderConfiguration' via constructor to bean named 'standardJacksonObjectMapperBuilderCustomizer'
00:07:23.347 qrouter [Test worker] DEBUG o.s.b.f.s.DefaultListableBeanFactory -Eagerly caching bean 'org.springframework.boot.autoconfigure.jackson.JacksonAutoConfiguration$JacksonObjectMapperBuilderConfiguration' to allow for resolving potential circular references
00:07:23.360 qrouter [Test worker] DEBUG o.s.b.f.s.DefaultListableBeanFactory -Returning cached instance of singleton bean 'org.springframework.transaction.config.internalTransactionAdvisor'
00:07:23.361 qrouter [Test worker] DEBUG o.s.b.f.s.DefaultListableBeanFactory -Returning cached instance of singleton bean 'org.springframework.transaction.config.internalTransactionAdvisor'
00:07:23.364 qrouter [Test worker] DEBUG o.s.b.f.s.DefaultListableBeanFactory -Finished creating instance of bean 'org.springframework.boot.autoconfigure.jackson.JacksonAutoConfiguration$JacksonObjectMapperBuilderConfiguration'
00:07:23.364 qrouter [Test worker] DEBUG o.s.b.f.s.DefaultListableBeanFactory -Creating shared instance of singleton bean 'jacksonObjectMapperBuilder'
00:07:23.365 qrouter [Test worker] DEBUG o.s.b.f.s.DefaultListableBeanFactory -Creating instance of bean 'jacksonObjectMapperBuilder'
00:07:23.365 qrouter [Test worker] DEBUG o.s.b.f.s.DefaultListableBeanFactory -Returning cached instance of singleton bean 'org.springframework.transaction.config.internalTransactionAdvisor'
00:07:23.366 qrouter [Test worker] DEBUG o.s.b.f.s.DefaultListableBeanFactory -Returning cached instance of singleton bean 'org.springframework.boot.autoconfigure.jackson.JacksonAutoConfiguration$JacksonObjectMapperBuilderConfiguration'
00:07:23.369 qrouter [Test worker] DEBUG o.s.b.f.s.DefaultListableBeanFactory -Returning cached instance of singleton bean 'standardJacksonObjectMapperBuilderCustomizer'
00:07:23.370 qrouter [Test worker] DEBUG o.s.b.f.s.DefaultListableBeanFactory -Autowiring by type from bean name 'jacksonObjectMapperBuilder' via factory method to bean named 'standardJacksonObjectMapperBuilderCustomizer'
00:07:23.393 qrouter [Test worker] DEBUG o.s.b.f.s.DefaultListableBeanFactory -Returning cached instance of singleton bean 'swagger2Module'
00:07:23.393 qrouter [Test worker] DEBUG o.s.b.f.s.DefaultListableBeanFactory -Creating shared instance of singleton bean 'jsonComponentModule'
00:07:23.393 qrouter [Test worker] DEBUG o.s.b.f.s.DefaultListableBeanFactory -Creating instance of bean 'jsonComponentModule'
00:07:23.394 qrouter [Test worker] DEBUG o.s.b.f.s.DefaultListableBeanFactory -Returning cached instance of singleton bean 'org.springframework.transaction.config.internalTransactionAdvisor'
00:07:23.394 qrouter [Test worker] DEBUG o.s.b.f.s.DefaultListableBeanFactory -Creating shared instance of singleton bean 'org.springframework.boot.autoconfigure.jackson.JacksonAutoConfiguration'
00:07:23.394 qrouter [Test worker] DEBUG o.s.b.f.s.DefaultListableBeanFactory -Creating instance of bean 'org.springframework.boot.autoconfigure.jackson.JacksonAutoConfiguration'
00:07:23.395 qrouter [Test worker] DEBUG o.s.b.f.s.DefaultListableBeanFactory -Returning cached instance of singleton bean 'org.springframework.transaction.config.internalTransactionAdvisor'
00:07:23.397 qrouter [Test worker] DEBUG o.s.b.f.s.DefaultListableBeanFactory -Eagerly caching bean 'org.springframework.boot.autoconfigure.jackson.JacksonAutoConfiguration' to allow for resolving potential circular references
00:07:23.411 qrouter [Test worker] DEBUG o.s.b.f.s.DefaultListableBeanFactory -Returning cached instance of singleton bean 'org.springframework.transaction.config.internalTransactionAdvisor'
00:07:23.411 qrouter [Test worker] DEBUG o.s.b.f.s.DefaultListableBeanFactory -Returning cached instance of singleton bean 'org.springframework.transaction.config.internalTransactionAdvisor'
00:07:23.414 qrouter [Test worker] DEBUG o.s.b.f.s.DefaultListableBeanFactory -Finished creating instance of bean 'org.springframework.boot.autoconfigure.jackson.JacksonAutoConfiguration'
00:07:23.432 qrouter [Test worker] DEBUG o.s.c.a.CommonAnnotationBeanPostProcessor -Found init method on class [org.springframework.boot.jackson.JsonComponentModule]: public void org.springframework.boot.jackson.JsonComponentModule.registerJsonComponents()
00:07:23.432 qrouter [Test worker] DEBUG o.s.c.a.CommonAnnotationBeanPostProcessor -Registered init method on class [org.springframework.boot.jackson.JsonComponentModule]: org.springframework.beans.factory.annotation.InitDestroyAnnotationBeanPostProcessor$LifecycleElement@65126ba1
00:07:23.435 qrouter [Test worker] DEBUG o.s.b.f.s.DefaultListableBeanFactory -Eagerly caching bean 'jsonComponentModule' to allow for resolving potential circular references
00:07:23.451 qrouter [Test worker] DEBUG o.s.c.a.CommonAnnotationBeanPostProcessor -Invoking init method on bean 'jsonComponentModule': public void org.springframework.boot.jackson.JsonComponentModule.registerJsonComponents()
00:07:23.499 qrouter [Test worker] DEBUG o.s.b.f.s.DefaultListableBeanFactory -Returning cached instance of singleton bean 'org.springframework.transaction.config.internalTransactionAdvisor'
00:07:23.499 qrouter [Test worker] DEBUG o.s.b.f.s.DefaultListableBeanFactory -Returning cached instance of singleton bean 'org.springframework.transaction.config.internalTransactionAdvisor'
00:07:23.501 qrouter [Test worker] DEBUG o.s.b.f.s.DefaultListableBeanFactory -Finished creating instance of bean 'jsonComponentModule'
00:07:23.501 qrouter [Test worker] DEBUG o.s.b.f.s.DefaultListableBeanFactory -Creating shared instance of singleton bean 'jacksonGeoModule'
00:07:23.501 qrouter [Test worker] DEBUG o.s.b.f.s.DefaultListableBeanFactory -Creating instance of bean 'jacksonGeoModule'
00:07:23.502 qrouter [Test worker] DEBUG o.s.b.f.s.DefaultListableBeanFactory -Returning cached instance of singleton bean 'org.springframework.transaction.config.internalTransactionAdvisor'
00:07:23.502 qrouter [Test worker] DEBUG o.s.b.f.s.DefaultListableBeanFactory -Creating shared instance of singleton bean 'org.springframework.data.web.config.SpringDataJacksonConfiguration'
00:07:23.503 qrouter [Test worker] DEBUG o.s.b.f.s.DefaultListableBeanFactory -Creating instance of bean 'org.springframework.data.web.config.SpringDataJacksonConfiguration'
00:07:23.503 qrouter [Test worker] DEBUG o.s.b.f.s.DefaultListableBeanFactory -Returning cached instance of singleton bean 'org.springframework.transaction.config.internalTransactionAdvisor'
00:07:23.504 qrouter [Test worker] DEBUG o.s.b.f.s.DefaultListableBeanFactory -Eagerly caching bean 'org.springframework.data.web.config.SpringDataJacksonConfiguration' to allow for resolving potential circular references
00:07:23.513 qrouter [Test worker] DEBUG o.s.b.f.s.DefaultListableBeanFactory -Returning cached instance of singleton bean 'org.springframework.transaction.config.internalTransactionAdvisor'
00:07:23.513 qrouter [Test worker] DEBUG o.s.b.f.s.DefaultListableBeanFactory -Returning cached instance of singleton bean 'org.springframework.transaction.config.internalTransactionAdvisor'
00:07:23.513 qrouter [Test worker] DEBUG o.s.b.f.s.DefaultListableBeanFactory -Finished creating instance of bean 'org.springframework.data.web.config.SpringDataJacksonConfiguration'
00:07:23.536 qrouter [Test worker] DEBUG o.s.b.f.s.DefaultListableBeanFactory -Eagerly caching bean 'jacksonGeoModule' to allow for resolving potential circular references
00:07:23.547 qrouter [Test worker] DEBUG o.s.b.f.s.DefaultListableBeanFactory -Returning cached instance of singleton bean 'org.springframework.transaction.config.internalTransactionAdvisor'
00:07:23.548 qrouter [Test worker] DEBUG o.s.b.f.s.DefaultListableBeanFactory -Returning cached instance of singleton bean 'org.springframework.transaction.config.internalTransactionAdvisor'
00:07:23.549 qrouter [Test worker] DEBUG o.s.b.f.s.DefaultListableBeanFactory -Finished creating instance of bean 'jacksonGeoModule'
00:07:23.551 qrouter [Test worker] DEBUG o.s.b.f.s.DefaultListableBeanFactory -Eagerly caching bean 'jacksonObjectMapperBuilder' to allow for resolving potential circular references
00:07:23.563 qrouter [Test worker] DEBUG o.s.b.f.s.DefaultListableBeanFactory -Returning cached instance of singleton bean 'org.springframework.transaction.config.internalTransactionAdvisor'
00:07:23.563 qrouter [Test worker] DEBUG o.s.b.f.s.DefaultListableBeanFactory -Returning cached instance of singleton bean 'org.springframework.transaction.config.internalTransactionAdvisor'
00:07:23.564 qrouter [Test worker] DEBUG o.s.b.f.s.DefaultListableBeanFactory -Finished creating instance of bean 'jacksonObjectMapperBuilder'
00:07:23.564 qrouter [Test worker] DEBUG o.s.b.f.s.DefaultListableBeanFactory -Creating shared instance of singleton bean 'org.springframework.boot.autoconfigure.jackson.JacksonAutoConfiguration$JacksonObjectMapperConfiguration'
00:07:23.564 qrouter [Test worker] DEBUG o.s.b.f.s.DefaultListableBeanFactory -Creating instance of bean 'org.springframework.boot.autoconfigure.jackson.JacksonAutoConfiguration$JacksonObjectMapperConfiguration'
00:07:23.565 qrouter [Test worker] DEBUG o.s.b.f.s.DefaultListableBeanFactory -Returning cached instance of singleton bean 'org.springframework.transaction.config.internalTransactionAdvisor'
00:07:23.568 qrouter [Test worker] DEBUG o.s.b.f.s.DefaultListableBeanFactory -Eagerly caching bean 'org.springframework.boot.autoconfigure.jackson.JacksonAutoConfiguration$JacksonObjectMapperConfiguration' to allow for resolving potential circular references
00:07:23.581 qrouter [Test worker] DEBUG o.s.b.f.s.DefaultListableBeanFactory -Returning cached instance of singleton bean 'org.springframework.transaction.config.internalTransactionAdvisor'
00:07:23.581 qrouter [Test worker] DEBUG o.s.b.f.s.DefaultListableBeanFactory -Returning cached instance of singleton bean 'org.springframework.transaction.config.internalTransactionAdvisor'
00:07:23.585 qrouter [Test worker] DEBUG o.s.b.f.s.DefaultListableBeanFactory -Finished creating instance of bean 'org.springframework.boot.autoconfigure.jackson.JacksonAutoConfiguration$JacksonObjectMapperConfiguration'
00:07:23.585 qrouter [Test worker] DEBUG o.s.b.f.s.DefaultListableBeanFactory -Creating shared instance of singleton bean 'jacksonObjectMapper'
00:07:23.585 qrouter [Test worker] DEBUG o.s.b.f.s.DefaultListableBeanFactory -Creating instance of bean 'jacksonObjectMapper'
00:07:23.586 qrouter [Test worker] DEBUG o.s.b.f.s.DefaultListableBeanFactory -Returning cached instance of singleton bean 'org.springframework.transaction.config.internalTransactionAdvisor'
00:07:23.586 qrouter [Test worker] DEBUG o.s.b.f.s.DefaultListableBeanFactory -Returning cached instance of singleton bean 'org.springframework.boot.autoconfigure.jackson.JacksonAutoConfiguration$JacksonObjectMapperConfiguration'
00:07:23.594 qrouter [Test worker] DEBUG o.s.b.f.s.DefaultListableBeanFactory -Returning cached instance of singleton bean 'jacksonObjectMapperBuilder'
00:07:23.594 qrouter [Test worker] DEBUG o.s.b.f.s.DefaultListableBeanFactory -Autowiring by type from bean name 'jacksonObjectMapper' via factory method to bean named 'jacksonObjectMapperBuilder'
00:07:23.662 qrouter [Test worker] DEBUG o.s.b.f.s.DefaultListableBeanFactory -Eagerly caching bean 'jacksonObjectMapper' to allow for resolving potential circular references
00:07:23.731 qrouter [Test worker] DEBUG o.s.b.f.s.DefaultListableBeanFactory -Returning cached instance of singleton bean 'org.springframework.transaction.config.internalTransactionAdvisor'
00:07:23.731 qrouter [Test worker] DEBUG o.s.b.f.s.DefaultListableBeanFactory -Returning cached instance of singleton bean 'org.springframework.transaction.config.internalTransactionAdvisor'
00:07:23.751 qrouter [Test worker] DEBUG o.s.b.f.s.DefaultListableBeanFactory -Finished creating instance of bean 'jacksonObjectMapper'
00:07:23.751 qrouter [Test worker] DEBUG o.s.b.f.s.DefaultListableBeanFactory -Returning cached instance of singleton bean 'org.springframework.boot.autoconfigure.jackson.JacksonAutoConfiguration'
00:07:23.751 qrouter [Test worker] DEBUG o.s.b.f.s.DefaultListableBeanFactory -Returning cached instance of singleton bean 'jsonComponentModule'
00:07:23.752 qrouter [Test worker] DEBUG o.s.b.f.s.DefaultListableBeanFactory -Creating shared instance of singleton bean 'org.springframework.boot.autoconfigure.websocket.WebSocketAutoConfiguration$TomcatWebSocketConfiguration'
00:07:23.752 qrouter [Test worker] DEBUG o.s.b.f.s.DefaultListableBeanFactory -Creating instance of bean 'org.springframework.boot.autoconfigure.websocket.WebSocketAutoConfiguration$TomcatWebSocketConfiguration'
00:07:23.752 qrouter [Test worker] DEBUG o.s.b.f.s.DefaultListableBeanFactory -Returning cached instance of singleton bean 'org.springframework.transaction.config.internalTransactionAdvisor'
00:07:23.760 qrouter [Test worker] DEBUG o.s.b.f.s.DefaultListableBeanFactory -Eagerly caching bean 'org.springframework.boot.autoconfigure.websocket.WebSocketAutoConfiguration$TomcatWebSocketConfiguration' to allow for resolving potential circular references
00:07:23.781 qrouter [Test worker] DEBUG o.s.b.f.s.DefaultListableBeanFactory -Returning cached instance of singleton bean 'org.springframework.transaction.config.internalTransactionAdvisor'
00:07:23.781 qrouter [Test worker] DEBUG o.s.b.f.s.DefaultListableBeanFactory -Returning cached instance of singleton bean 'org.springframework.transaction.config.internalTransactionAdvisor'
00:07:23.785 qrouter [Test worker] DEBUG o.s.b.f.s.DefaultListableBeanFactory -Finished creating instance of bean 'org.springframework.boot.autoconfigure.websocket.WebSocketAutoConfiguration$TomcatWebSocketConfiguration'
00:07:23.786 qrouter [Test worker] DEBUG o.s.b.f.s.DefaultListableBeanFactory -Creating shared instance of singleton bean 'websocketContainerCustomizer'
00:07:23.786 qrouter [Test worker] DEBUG o.s.b.f.s.DefaultListableBeanFactory -Creating instance of bean 'websocketContainerCustomizer'
00:07:23.787 qrouter [Test worker] DEBUG o.s.b.f.s.DefaultListableBeanFactory -Returning cached instance of singleton bean 'org.springframework.transaction.config.internalTransactionAdvisor'
00:07:23.787 qrouter [Test worker] DEBUG o.s.b.f.s.DefaultListableBeanFactory -Returning cached instance of singleton bean 'org.springframework.boot.autoconfigure.websocket.WebSocketAutoConfiguration$TomcatWebSocketConfiguration'
00:07:23.816 qrouter [Test worker] DEBUG o.s.b.f.s.DefaultListableBeanFactory -Eagerly caching bean 'websocketContainerCustomizer' to allow for resolving potential circular references
00:07:23.830 qrouter [Test worker] DEBUG o.s.b.f.s.DefaultListableBeanFactory -Returning cached instance of singleton bean 'org.springframework.transaction.config.internalTransactionAdvisor'
00:07:23.830 qrouter [Test worker] DEBUG o.s.b.f.s.DefaultListableBeanFactory -Returning cached instance of singleton bean 'org.springframework.transaction.config.internalTransactionAdvisor'
00:07:23.832 qrouter [Test worker] DEBUG o.s.b.f.s.DefaultListableBeanFactory -Finished creating instance of bean 'websocketContainerCustomizer'
00:07:23.832 qrouter [Test worker] DEBUG o.s.b.f.s.DefaultListableBeanFactory -Creating shared instance of singleton bean 'org.springframework.boot.autoconfigure.websocket.WebSocketAutoConfiguration'
00:07:23.832 qrouter [Test worker] DEBUG o.s.b.f.s.DefaultListableBeanFactory -Creating instance of bean 'org.springframework.boot.autoconfigure.websocket.WebSocketAutoConfiguration'
00:07:23.833 qrouter [Test worker] DEBUG o.s.b.f.s.DefaultListableBeanFactory -Returning cached instance of singleton bean 'org.springframework.transaction.config.internalTransactionAdvisor'
00:07:23.835 qrouter [Test worker] DEBUG o.s.b.f.s.DefaultListableBeanFactory -Eagerly caching bean 'org.springframework.boot.autoconfigure.websocket.WebSocketAutoConfiguration' to allow for resolving potential circular references
00:07:23.847 qrouter [Test worker] DEBUG o.s.b.f.s.DefaultListableBeanFactory -Returning cached instance of singleton bean 'org.springframework.transaction.config.internalTransactionAdvisor'
00:07:23.848 qrouter [Test worker] DEBUG o.s.b.f.s.DefaultListableBeanFactory -Returning cached instance of singleton bean 'org.springframework.transaction.config.internalTransactionAdvisor'
00:07:23.849 qrouter [Test worker] DEBUG o.s.b.f.s.DefaultListableBeanFactory -Finished creating instance of bean 'org.springframework.boot.autoconfigure.websocket.WebSocketAutoConfiguration'
00:07:23.850 qrouter [Test worker] DEBUG o.s.b.f.s.DefaultListableBeanFactory -Creating shared instance of singleton bean 'org.springframework.boot.autoconfigure.web.EmbeddedServletContainerAutoConfiguration$EmbeddedTomcat'
00:07:23.850 qrouter [Test worker] DEBUG o.s.b.f.s.DefaultListableBeanFactory -Creating instance of bean 'org.springframework.boot.autoconfigure.web.EmbeddedServletContainerAutoConfiguration$EmbeddedTomcat'
00:07:23.851 qrouter [Test worker] DEBUG o.s.b.f.s.DefaultListableBeanFactory -Returning cached instance of singleton bean 'org.springframework.transaction.config.internalTransactionAdvisor'
00:07:23.853 qrouter [Test worker] DEBUG o.s.b.f.s.DefaultListableBeanFactory -Eagerly caching bean 'org.springframework.boot.autoconfigure.web.EmbeddedServletContainerAutoConfiguration$EmbeddedTomcat' to allow for resolving potential circular references
00:07:23.866 qrouter [Test worker] DEBUG o.s.b.f.s.DefaultListableBeanFactory -Returning cached instance of singleton bean 'org.springframework.transaction.config.internalTransactionAdvisor'
00:07:23.866 qrouter [Test worker] DEBUG o.s.b.f.s.DefaultListableBeanFactory -Returning cached instance of singleton bean 'org.springframework.transaction.config.internalTransactionAdvisor'
00:07:23.870 qrouter [Test worker] DEBUG o.s.b.f.s.DefaultListableBeanFactory -Finished creating instance of bean 'org.springframework.boot.autoconfigure.web.EmbeddedServletContainerAutoConfiguration$EmbeddedTomcat'
00:07:23.870 qrouter [Test worker] DEBUG o.s.b.f.s.DefaultListableBeanFactory -Creating shared instance of singleton bean 'tomcatEmbeddedServletContainerFactory'
00:07:23.870 qrouter [Test worker] DEBUG o.s.b.f.s.DefaultListableBeanFactory -Creating instance of bean 'tomcatEmbeddedServletContainerFactory'
00:07:23.871 qrouter [Test worker] DEBUG o.s.b.f.s.DefaultListableBeanFactory -Returning cached instance of singleton bean 'org.springframework.transaction.config.internalTransactionAdvisor'
00:07:23.871 qrouter [Test worker] DEBUG o.s.b.f.s.DefaultListableBeanFactory -Returning cached instance of singleton bean 'org.springframework.boot.autoconfigure.web.EmbeddedServletContainerAutoConfiguration$EmbeddedTomcat'
00:07:24.124 qrouter [Test worker] DEBUG o.s.b.f.s.DefaultListableBeanFactory -Eagerly caching bean 'tomcatEmbeddedServletContainerFactory' to allow for resolving potential circular references
00:07:24.177 qrouter [Test worker] DEBUG o.s.b.f.s.DefaultListableBeanFactory -Returning cached instance of singleton bean 'websocketContainerCustomizer'
00:07:24.178 qrouter [Test worker] DEBUG o.s.b.f.s.DefaultListableBeanFactory -Creating shared instance of singleton bean 'localeCharsetMappingsCustomizer'
00:07:24.178 qrouter [Test worker] DEBUG o.s.b.f.s.DefaultListableBeanFactory -Creating instance of bean 'localeCharsetMappingsCustomizer'
00:07:24.178 qrouter [Test worker] DEBUG o.s.b.f.s.DefaultListableBeanFactory -Returning cached instance of singleton bean 'org.springframework.transaction.config.internalTransactionAdvisor'
00:07:24.179 qrouter [Test worker] DEBUG o.s.b.f.s.DefaultListableBeanFactory -Creating shared instance of singleton bean 'org.springframework.boot.autoconfigure.web.HttpEncodingAutoConfiguration'
00:07:24.179 qrouter [Test worker] DEBUG o.s.b.f.s.DefaultListableBeanFactory -Creating instance of bean 'org.springframework.boot.autoconfigure.web.HttpEncodingAutoConfiguration'
00:07:24.179 qrouter [Test worker] DEBUG o.s.b.f.s.DefaultListableBeanFactory -Returning cached instance of singleton bean 'org.springframework.transaction.config.internalTransactionAdvisor'
00:07:24.182 qrouter [Test worker] DEBUG o.s.c.LocalVariableTableParameterNameDiscoverer -Cannot find '.class' file for class [class org.springframework.boot.autoconfigure.web.HttpEncodingAutoConfiguration$$EnhancerBySpringCGLIB$$4c6af39f] - unable to determine constructor/method parameter names
00:07:24.190 qrouter [Test worker] DEBUG o.s.b.f.s.DefaultListableBeanFactory -Creating shared instance of singleton bean 'spring.http.encoding-org.springframework.boot.autoconfigure.web.HttpEncodingProperties'
00:07:24.191 qrouter [Test worker] DEBUG o.s.b.f.s.DefaultListableBeanFactory -Creating instance of bean 'spring.http.encoding-org.springframework.boot.autoconfigure.web.HttpEncodingProperties'
00:07:24.191 qrouter [Test worker] DEBUG o.s.b.f.s.DefaultListableBeanFactory -Returning cached instance of singleton bean 'org.springframework.transaction.config.internalTransactionAdvisor'
00:07:24.193 qrouter [Test worker] DEBUG o.s.b.f.s.DefaultListableBeanFactory -Eagerly caching bean 'spring.http.encoding-org.springframework.boot.autoconfigure.web.HttpEncodingProperties' to allow for resolving potential circular references
00:07:24.203 qrouter [Test worker] DEBUG o.s.core.env.MutablePropertySources -Adding [Inlined Test Properties] PropertySource with lowest search precedence
00:07:24.204 qrouter [Test worker] DEBUG o.s.core.env.MutablePropertySources -Adding [systemProperties] PropertySource with lowest search precedence
00:07:24.204 qrouter [Test worker] DEBUG o.s.core.env.MutablePropertySources -Adding [systemEnvironment] PropertySource with lowest search precedence
00:07:24.204 qrouter [Test worker] DEBUG o.s.core.env.MutablePropertySources -Adding [random] PropertySource with lowest search precedence
00:07:24.205 qrouter [Test worker] DEBUG o.s.core.env.MutablePropertySources -Adding [applicationConfig: [classpath:/application.properties]] PropertySource with lowest search precedence
00:07:24.210 qrouter [Test worker] DEBUG o.s.b.f.s.DefaultListableBeanFactory -Returning cached instance of singleton bean 'org.springframework.transaction.config.internalTransactionAdvisor'
00:07:24.211 qrouter [Test worker] DEBUG o.s.b.f.s.DefaultListableBeanFactory -Returning cached instance of singleton bean 'org.springframework.transaction.config.internalTransactionAdvisor'
00:07:24.213 qrouter [Test worker] DEBUG o.s.b.f.s.DefaultListableBeanFactory -Finished creating instance of bean 'spring.http.encoding-org.springframework.boot.autoconfigure.web.HttpEncodingProperties'
00:07:24.213 qrouter [Test worker] DEBUG o.s.b.f.s.DefaultListableBeanFactory -Autowiring by type from bean name 'org.springframework.boot.autoconfigure.web.HttpEncodingAutoConfiguration' via constructor to bean named 'spring.http.encoding-org.springframework.boot.autoconfigure.web.HttpEncodingProperties'
00:07:24.215 qrouter [Test worker] DEBUG o.s.b.f.s.DefaultListableBeanFactory -Eagerly caching bean 'org.springframework.boot.autoconfigure.web.HttpEncodingAutoConfiguration' to allow for resolving potential circular references
00:07:24.229 qrouter [Test worker] DEBUG o.s.b.f.s.DefaultListableBeanFactory -Returning cached instance of singleton bean 'org.springframework.transaction.config.internalTransactionAdvisor'
00:07:24.230 qrouter [Test worker] DEBUG o.s.b.f.s.DefaultListableBeanFactory -Returning cached instance of singleton bean 'org.springframework.transaction.config.internalTransactionAdvisor'
00:07:24.240 qrouter [Test worker] DEBUG o.s.b.f.s.DefaultListableBeanFactory -Finished creating instance of bean 'org.springframework.boot.autoconfigure.web.HttpEncodingAutoConfiguration'
00:07:24.261 qrouter [Test worker] DEBUG o.s.b.f.s.DefaultListableBeanFactory -Eagerly caching bean 'localeCharsetMappingsCustomizer' to allow for resolving potential circular references
00:07:24.274 qrouter [Test worker] DEBUG o.s.b.f.s.DefaultListableBeanFactory -Returning cached instance of singleton bean 'org.springframework.transaction.config.internalTransactionAdvisor'
00:07:24.274 qrouter [Test worker] DEBUG o.s.b.f.s.DefaultListableBeanFactory -Returning cached instance of singleton bean 'org.springframework.transaction.config.internalTransactionAdvisor'
00:07:24.275 qrouter [Test worker] DEBUG o.s.b.f.s.DefaultListableBeanFactory -Finished creating instance of bean 'localeCharsetMappingsCustomizer'
00:07:24.276 qrouter [Test worker] DEBUG o.s.b.f.s.DefaultListableBeanFactory -Creating shared instance of singleton bean 'serverProperties'
00:07:24.276 qrouter [Test worker] DEBUG o.s.b.f.s.DefaultListableBeanFactory -Creating instance of bean 'serverProperties'
00:07:24.277 qrouter [Test worker] DEBUG o.s.b.f.s.DefaultListableBeanFactory -Returning cached instance of singleton bean 'org.springframework.transaction.config.internalTransactionAdvisor'
00:07:24.277 qrouter [Test worker] DEBUG o.s.b.f.s.DefaultListableBeanFactory -Creating shared instance of singleton bean 'org.springframework.boot.autoconfigure.web.ServerPropertiesAutoConfiguration'
00:07:24.277 qrouter [Test worker] DEBUG o.s.b.f.s.DefaultListableBeanFactory -Creating instance of bean 'org.springframework.boot.autoconfigure.web.ServerPropertiesAutoConfiguration'
00:07:24.278 qrouter [Test worker] DEBUG o.s.b.f.s.DefaultListableBeanFactory -Returning cached instance of singleton bean 'org.springframework.transaction.config.internalTransactionAdvisor'
00:07:24.283 qrouter [Test worker] DEBUG o.s.b.f.s.DefaultListableBeanFactory -Eagerly caching bean 'org.springframework.boot.autoconfigure.web.ServerPropertiesAutoConfiguration' to allow for resolving potential circular references
00:07:24.300 qrouter [Test worker] DEBUG o.s.b.f.s.DefaultListableBeanFactory -Returning cached instance of singleton bean 'org.springframework.transaction.config.internalTransactionAdvisor'
00:07:24.301 qrouter [Test worker] DEBUG o.s.b.f.s.DefaultListableBeanFactory -Returning cached instance of singleton bean 'org.springframework.transaction.config.internalTransactionAdvisor'
00:07:24.306 qrouter [Test worker] DEBUG o.s.b.f.s.DefaultListableBeanFactory -Finished creating instance of bean 'org.springframework.boot.autoconfigure.web.ServerPropertiesAutoConfiguration'
00:07:24.378 qrouter [Test worker] DEBUG o.s.b.f.s.DefaultListableBeanFactory -Eagerly caching bean 'serverProperties' to allow for resolving potential circular references
00:07:24.422 qrouter [Test worker] DEBUG o.s.core.env.MutablePropertySources -Adding [Inlined Test Properties] PropertySource with lowest search precedence
00:07:24.422 qrouter [Test worker] DEBUG o.s.core.env.MutablePropertySources -Adding [systemProperties] PropertySource with lowest search precedence
00:07:24.423 qrouter [Test worker] DEBUG o.s.core.env.MutablePropertySources -Adding [systemEnvironment] PropertySource with lowest search precedence
00:07:24.423 qrouter [Test worker] DEBUG o.s.core.env.MutablePropertySources -Adding [random] PropertySource with lowest search precedence
00:07:24.423 qrouter [Test worker] DEBUG o.s.core.env.MutablePropertySources -Adding [applicationConfig: [classpath:/application.properties]] PropertySource with lowest search precedence
00:07:24.424 qrouter [Test worker] DEBUG o.s.core.env.MutablePropertySources -Adding [Inlined Test Properties] PropertySource with lowest search precedence
00:07:24.424 qrouter [Test worker] DEBUG o.s.core.env.MutablePropertySources -Adding [systemProperties] PropertySource with lowest search precedence
00:07:24.424 qrouter [Test worker] DEBUG o.s.core.env.MutablePropertySources -Adding [systemEnvironment] PropertySource with lowest search precedence
00:07:24.425 qrouter [Test worker] DEBUG o.s.core.env.MutablePropertySources -Adding [random] PropertySource with lowest search precedence
00:07:24.425 qrouter [Test worker] DEBUG o.s.core.env.MutablePropertySources -Adding [applicationConfig: [classpath:/application.properties]] PropertySource with lowest search precedence
00:07:24.425 qrouter [Test worker] DEBUG o.s.c.e.PropertySourcesPropertyResolver -Found key 'server.port' in [Inlined Test Properties] with type [String]
00:07:24.446 qrouter [Test worker] DEBUG o.s.b.f.s.DefaultListableBeanFactory -Returning cached instance of singleton bean 'org.springframework.transaction.config.internalTransactionAdvisor'
00:07:24.446 qrouter [Test worker] DEBUG o.s.b.f.s.DefaultListableBeanFactory -Returning cached instance of singleton bean 'org.springframework.transaction.config.internalTransactionAdvisor'
00:07:24.456 qrouter [Test worker] DEBUG o.s.b.f.s.DefaultListableBeanFactory -Finished creating instance of bean 'serverProperties'
00:07:24.456 qrouter [Test worker] DEBUG o.s.b.f.s.DefaultListableBeanFactory -Creating shared instance of singleton bean 'duplicateServerPropertiesDetector'
00:07:24.456 qrouter [Test worker] DEBUG o.s.b.f.s.DefaultListableBeanFactory -Creating instance of bean 'duplicateServerPropertiesDetector'
00:07:24.457 qrouter [Test worker] DEBUG o.s.b.f.s.DefaultListableBeanFactory -Returning cached instance of singleton bean 'org.springframework.transaction.config.internalTransactionAdvisor'
00:07:24.457 qrouter [Test worker] DEBUG o.s.b.f.s.DefaultListableBeanFactory -Returning cached instance of singleton bean 'org.springframework.boot.autoconfigure.web.ServerPropertiesAutoConfiguration'
00:07:24.459 qrouter [Test worker] DEBUG o.s.b.f.s.DefaultListableBeanFactory -Eagerly caching bean 'duplicateServerPropertiesDetector' to allow for resolving potential circular references
00:07:24.475 qrouter [Test worker] DEBUG o.s.b.f.s.DefaultListableBeanFactory -Returning cached instance of singleton bean 'org.springframework.transaction.config.internalTransactionAdvisor'
00:07:24.476 qrouter [Test worker] DEBUG o.s.b.f.s.DefaultListableBeanFactory -Returning cached instance of singleton bean 'org.springframework.transaction.config.internalTransactionAdvisor'
00:07:24.477 qrouter [Test worker] DEBUG o.s.b.f.s.DefaultListableBeanFactory -Finished creating instance of bean 'duplicateServerPropertiesDetector'
00:07:24.525 qrouter [Test worker] DEBUG o.s.b.f.s.DefaultListableBeanFactory -Creating shared instance of singleton bean 'errorPageCustomizer'
00:07:24.526 qrouter [Test worker] DEBUG o.s.b.f.s.DefaultListableBeanFactory -Creating instance of bean 'errorPageCustomizer'
00:07:24.526 qrouter [Test worker] DEBUG o.s.b.f.s.DefaultListableBeanFactory -Returning cached instance of singleton bean 'org.springframework.transaction.config.internalTransactionAdvisor'
00:07:24.527 qrouter [Test worker] DEBUG o.s.b.f.s.DefaultListableBeanFactory -Creating shared instance of singleton bean 'org.springframework.boot.autoconfigure.web.ErrorMvcAutoConfiguration'
00:07:24.527 qrouter [Test worker] DEBUG o.s.b.f.s.DefaultListableBeanFactory -Creating instance of bean 'org.springframework.boot.autoconfigure.web.ErrorMvcAutoConfiguration'
00:07:24.528 qrouter [Test worker] DEBUG o.s.b.f.s.DefaultListableBeanFactory -Returning cached instance of singleton bean 'org.springframework.transaction.config.internalTransactionAdvisor'
00:07:24.531 qrouter [Test worker] DEBUG o.s.c.LocalVariableTableParameterNameDiscoverer -Cannot find '.class' file for class [class org.springframework.boot.autoconfigure.web.ErrorMvcAutoConfiguration$$EnhancerBySpringCGLIB$$2b7996e8] - unable to determine constructor/method parameter names
00:07:24.533 qrouter [Test worker] DEBUG o.s.b.f.s.DefaultListableBeanFactory -Returning cached instance of singleton bean 'serverProperties'
00:07:24.534 qrouter [Test worker] DEBUG o.s.b.f.s.DefaultListableBeanFactory -Autowiring by type from bean name 'org.springframework.boot.autoconfigure.web.ErrorMvcAutoConfiguration' via constructor to bean named 'serverProperties'
00:07:24.541 qrouter [Test worker] DEBUG o.s.b.f.s.DefaultListableBeanFactory -Creating shared instance of singleton bean 'conventionErrorViewResolver'
00:07:24.541 qrouter [Test worker] DEBUG o.s.b.f.s.DefaultListableBeanFactory -Creating instance of bean 'conventionErrorViewResolver'
00:07:24.541 qrouter [Test worker] DEBUG o.s.b.f.s.DefaultListableBeanFactory -Returning cached instance of singleton bean 'org.springframework.transaction.config.internalTransactionAdvisor'
00:07:24.542 qrouter [Test worker] DEBUG o.s.b.f.s.DefaultListableBeanFactory -Creating shared instance of singleton bean 'org.springframework.boot.autoconfigure.web.ErrorMvcAutoConfiguration$DefaultErrorViewResolverConfiguration'
00:07:24.542 qrouter [Test worker] DEBUG o.s.b.f.s.DefaultListableBeanFactory -Creating instance of bean 'org.springframework.boot.autoconfigure.web.ErrorMvcAutoConfiguration$DefaultErrorViewResolverConfiguration'
00:07:24.542 qrouter [Test worker] DEBUG o.s.b.f.s.DefaultListableBeanFactory -Returning cached instance of singleton bean 'org.springframework.transaction.config.internalTransactionAdvisor'
00:07:24.545 qrouter [Test worker] DEBUG o.s.c.LocalVariableTableParameterNameDiscoverer -Cannot find '.class' file for class [class org.springframework.boot.autoconfigure.web.ErrorMvcAutoConfiguration$DefaultErrorViewResolverConfiguration$$EnhancerBySpringCGLIB$$3816a048] - unable to determine constructor/method parameter names
00:07:24.546 qrouter [Test worker] DEBUG o.s.b.f.s.DefaultListableBeanFactory -Returning cached instance of singleton bean 'spring.resources-org.springframework.boot.autoconfigure.web.ResourceProperties'
00:07:24.546 qrouter [Test worker] DEBUG o.s.b.f.s.DefaultListableBeanFactory -Autowiring by type from bean name 'org.springframework.boot.autoconfigure.web.ErrorMvcAutoConfiguration$DefaultErrorViewResolverConfiguration' via constructor to bean named 'org.springframework.web.context.support.GenericWebApplicationContext@1ec853e'
00:07:24.546 qrouter [Test worker] DEBUG o.s.b.f.s.DefaultListableBeanFactory -Autowiring by type from bean name 'org.springframework.boot.autoconfigure.web.ErrorMvcAutoConfiguration$DefaultErrorViewResolverConfiguration' via constructor to bean named 'spring.resources-org.springframework.boot.autoconfigure.web.ResourceProperties'
00:07:24.549 qrouter [Test worker] DEBUG o.s.b.f.s.DefaultListableBeanFactory -Eagerly caching bean 'org.springframework.boot.autoconfigure.web.ErrorMvcAutoConfiguration$DefaultErrorViewResolverConfiguration' to allow for resolving potential circular references
00:07:24.564 qrouter [Test worker] DEBUG o.s.b.f.s.DefaultListableBeanFactory -Returning cached instance of singleton bean 'org.springframework.transaction.config.internalTransactionAdvisor'
00:07:24.564 qrouter [Test worker] DEBUG o.s.b.f.s.DefaultListableBeanFactory -Returning cached instance of singleton bean 'org.springframework.transaction.config.internalTransactionAdvisor'
00:07:24.568 qrouter [Test worker] DEBUG o.s.b.f.s.DefaultListableBeanFactory -Finished creating instance of bean 'org.springframework.boot.autoconfigure.web.ErrorMvcAutoConfiguration$DefaultErrorViewResolverConfiguration'
00:07:24.612 qrouter [Test worker] DEBUG o.s.b.f.s.DefaultListableBeanFactory -Eagerly caching bean 'conventionErrorViewResolver' to allow for resolving potential circular references
00:07:24.625 qrouter [Test worker] DEBUG o.s.b.f.s.DefaultListableBeanFactory -Returning cached instance of singleton bean 'org.springframework.transaction.config.internalTransactionAdvisor'
00:07:24.625 qrouter [Test worker] DEBUG o.s.b.f.s.DefaultListableBeanFactory -Returning cached instance of singleton bean 'org.springframework.transaction.config.internalTransactionAdvisor'
00:07:24.626 qrouter [Test worker] DEBUG o.s.b.f.s.DefaultListableBeanFactory -Finished creating instance of bean 'conventionErrorViewResolver'
00:07:24.629 qrouter [Test worker] DEBUG o.s.b.f.s.DefaultListableBeanFactory -Eagerly caching bean 'org.springframework.boot.autoconfigure.web.ErrorMvcAutoConfiguration' to allow for resolving potential circular references
00:07:24.642 qrouter [Test worker] DEBUG o.s.b.f.s.DefaultListableBeanFactory -Returning cached instance of singleton bean 'org.springframework.transaction.config.internalTransactionAdvisor'
00:07:24.642 qrouter [Test worker] DEBUG o.s.b.f.s.DefaultListableBeanFactory -Returning cached instance of singleton bean 'org.springframework.transaction.config.internalTransactionAdvisor'
00:07:24.654 qrouter [Test worker] DEBUG o.s.b.f.s.DefaultListableBeanFactory -Finished creating instance of bean 'org.springframework.boot.autoconfigure.web.ErrorMvcAutoConfiguration'
00:07:24.672 qrouter [Test worker] DEBUG o.s.b.f.s.DefaultListableBeanFactory -Eagerly caching bean 'errorPageCustomizer' to allow for resolving potential circular references
00:07:24.682 qrouter [Test worker] DEBUG o.s.b.f.s.DefaultListableBeanFactory -Returning cached instance of singleton bean 'org.springframework.transaction.config.internalTransactionAdvisor'
00:07:24.683 qrouter [Test worker] DEBUG o.s.b.f.s.DefaultListableBeanFactory -Returning cached instance of singleton bean 'org.springframework.transaction.config.internalTransactionAdvisor'
00:07:24.684 qrouter [Test worker] DEBUG o.s.b.f.s.DefaultListableBeanFactory -Finished creating instance of bean 'errorPageCustomizer'
00:07:24.685 qrouter [Test worker] DEBUG o.s.b.f.s.DefaultListableBeanFactory -Returning cached instance of singleton bean 'org.springframework.transaction.config.internalTransactionAdvisor'
00:07:24.686 qrouter [Test worker] DEBUG o.s.b.f.s.DefaultListableBeanFactory -Returning cached instance of singleton bean 'org.springframework.transaction.config.internalTransactionAdvisor'
00:07:24.698 qrouter [Test worker] DEBUG o.s.b.f.s.DefaultListableBeanFactory -Finished creating instance of bean 'tomcatEmbeddedServletContainerFactory'
00:07:24.698 qrouter [Test worker] DEBUG o.s.b.f.s.DefaultListableBeanFactory -Creating shared instance of singleton bean 'org.springframework.boot.autoconfigure.web.EmbeddedServletContainerAutoConfiguration'
00:07:24.699 qrouter [Test worker] DEBUG o.s.b.f.s.DefaultListableBeanFactory -Creating instance of bean 'org.springframework.boot.autoconfigure.web.EmbeddedServletContainerAutoConfiguration'
00:07:24.699 qrouter [Test worker] DEBUG o.s.b.f.s.DefaultListableBeanFactory -Returning cached instance of singleton bean 'org.springframework.transaction.config.internalTransactionAdvisor'
00:07:24.701 qrouter [Test worker] DEBUG o.s.b.f.s.DefaultListableBeanFactory -Eagerly caching bean 'org.springframework.boot.autoconfigure.web.EmbeddedServletContainerAutoConfiguration' to allow for resolving potential circular references
00:07:24.727 qrouter [Test worker] DEBUG o.s.b.f.s.DefaultListableBeanFactory -Returning cached instance of singleton bean 'org.springframework.transaction.config.internalTransactionAdvisor'
00:07:24.728 qrouter [Test worker] DEBUG o.s.b.f.s.DefaultListableBeanFactory -Returning cached instance of singleton bean 'org.springframework.transaction.config.internalTransactionAdvisor'
00:07:24.729 qrouter [Test worker] DEBUG o.s.b.f.s.DefaultListableBeanFactory -Finished creating instance of bean 'org.springframework.boot.autoconfigure.web.EmbeddedServletContainerAutoConfiguration'
00:07:24.729 qrouter [Test worker] DEBUG o.s.b.f.s.DefaultListableBeanFactory -Returning cached instance of singleton bean 'embeddedServletContainerCustomizerBeanPostProcessor'
00:07:24.729 qrouter [Test worker] DEBUG o.s.b.f.s.DefaultListableBeanFactory -Returning cached instance of singleton bean 'errorPageRegistrarBeanPostProcessor'
00:07:24.730 qrouter [Test worker] DEBUG o.s.b.f.s.DefaultListableBeanFactory -Creating shared instance of singleton bean 'org.springframework.boot.autoconfigure.web.DispatcherServletAutoConfiguration$DispatcherServletConfiguration'
00:07:24.730 qrouter [Test worker] DEBUG o.s.b.f.s.DefaultListableBeanFactory -Creating instance of bean 'org.springframework.boot.autoconfigure.web.DispatcherServletAutoConfiguration$DispatcherServletConfiguration'
00:07:24.730 qrouter [Test worker] DEBUG o.s.b.f.s.DefaultListableBeanFactory -Returning cached instance of singleton bean 'org.springframework.transaction.config.internalTransactionAdvisor'
00:07:24.733 qrouter [Test worker] DEBUG o.s.c.LocalVariableTableParameterNameDiscoverer -Cannot find '.class' file for class [class org.springframework.boot.autoconfigure.web.DispatcherServletAutoConfiguration$DispatcherServletConfiguration$$EnhancerBySpringCGLIB$$1be43c46] - unable to determine constructor/method parameter names
00:07:24.734 qrouter [Test worker] DEBUG o.s.b.f.s.DefaultListableBeanFactory -Returning cached instance of singleton bean 'spring.mvc-org.springframework.boot.autoconfigure.web.WebMvcProperties'
00:07:24.734 qrouter [Test worker] DEBUG o.s.b.f.s.DefaultListableBeanFactory -Autowiring by type from bean name 'org.springframework.boot.autoconfigure.web.DispatcherServletAutoConfiguration$DispatcherServletConfiguration' via constructor to bean named 'spring.mvc-org.springframework.boot.autoconfigure.web.WebMvcProperties'
00:07:24.736 qrouter [Test worker] DEBUG o.s.b.f.s.DefaultListableBeanFactory -Eagerly caching bean 'org.springframework.boot.autoconfigure.web.DispatcherServletAutoConfiguration$DispatcherServletConfiguration' to allow for resolving potential circular references
00:07:24.751 qrouter [Test worker] DEBUG o.s.b.f.s.DefaultListableBeanFactory -Returning cached instance of singleton bean 'org.springframework.transaction.config.internalTransactionAdvisor'
00:07:24.751 qrouter [Test worker] DEBUG o.s.b.f.s.DefaultListableBeanFactory -Returning cached instance of singleton bean 'org.springframework.transaction.config.internalTransactionAdvisor'
00:07:24.758 qrouter [Test worker] DEBUG o.s.b.f.s.DefaultListableBeanFactory -Finished creating instance of bean 'org.springframework.boot.autoconfigure.web.DispatcherServletAutoConfiguration$DispatcherServletConfiguration'
00:07:24.759 qrouter [Test worker] DEBUG o.s.b.f.s.DefaultListableBeanFactory -Creating shared instance of singleton bean 'dispatcherServlet'
00:07:24.759 qrouter [Test worker] DEBUG o.s.b.f.s.DefaultListableBeanFactory -Creating instance of bean 'dispatcherServlet'
00:07:24.759 qrouter [Test worker] DEBUG o.s.b.f.s.DefaultListableBeanFactory -Returning cached instance of singleton bean 'org.springframework.transaction.config.internalTransactionAdvisor'
00:07:24.760 qrouter [Test worker] DEBUG o.s.b.f.s.DefaultListableBeanFactory -Returning cached instance of singleton bean 'org.springframework.boot.autoconfigure.web.DispatcherServletAutoConfiguration$DispatcherServletConfiguration'
00:07:24.851 qrouter [Test worker] DEBUG o.s.b.f.s.DefaultListableBeanFactory -Eagerly caching bean 'dispatcherServlet' to allow for resolving potential circular references
00:07:24.913 qrouter [Test worker] DEBUG o.s.b.f.s.DefaultListableBeanFactory -Returning cached instance of singleton bean 'org.springframework.transaction.config.internalTransactionAdvisor'
00:07:24.913 qrouter [Test worker] DEBUG o.s.b.f.s.DefaultListableBeanFactory -Returning cached instance of singleton bean 'org.springframework.transaction.config.internalTransactionAdvisor'
00:07:24.915 qrouter [Test worker] DEBUG o.s.b.f.s.DefaultListableBeanFactory -Finished creating instance of bean 'dispatcherServlet'
00:07:24.915 qrouter [Test worker] DEBUG o.s.b.f.s.DefaultListableBeanFactory -Returning cached instance of singleton bean 'spring.mvc-org.springframework.boot.autoconfigure.web.WebMvcProperties'
00:07:24.915 qrouter [Test worker] DEBUG o.s.b.f.s.DefaultListableBeanFactory -Creating shared instance of singleton bean 'org.springframework.boot.autoconfigure.web.DispatcherServletAutoConfiguration$DispatcherServletRegistrationConfiguration'
00:07:24.916 qrouter [Test worker] DEBUG o.s.b.f.s.DefaultListableBeanFactory -Creating instance of bean 'org.springframework.boot.autoconfigure.web.DispatcherServletAutoConfiguration$DispatcherServletRegistrationConfiguration'
00:07:24.916 qrouter [Test worker] DEBUG o.s.b.f.s.DefaultListableBeanFactory -Returning cached instance of singleton bean 'org.springframework.transaction.config.internalTransactionAdvisor'
00:07:24.918 qrouter [Test worker] DEBUG o.s.c.LocalVariableTableParameterNameDiscoverer -Cannot find '.class' file for class [class org.springframework.boot.autoconfigure.web.DispatcherServletAutoConfiguration$DispatcherServletRegistrationConfiguration$$EnhancerBySpringCGLIB$$96d3cb6d] - unable to determine constructor/method parameter names
00:07:24.919 qrouter [Test worker] DEBUG o.s.b.f.s.DefaultListableBeanFactory -Returning cached instance of singleton bean 'serverProperties'
00:07:24.919 qrouter [Test worker] DEBUG o.s.b.f.s.DefaultListableBeanFactory -Returning cached instance of singleton bean 'spring.mvc-org.springframework.boot.autoconfigure.web.WebMvcProperties'
00:07:24.920 qrouter [Test worker] DEBUG o.s.b.f.s.DefaultListableBeanFactory -Autowiring by type from bean name 'org.springframework.boot.autoconfigure.web.DispatcherServletAutoConfiguration$DispatcherServletRegistrationConfiguration' via constructor to bean named 'serverProperties'
00:07:24.920 qrouter [Test worker] DEBUG o.s.b.f.s.DefaultListableBeanFactory -Autowiring by type from bean name 'org.springframework.boot.autoconfigure.web.DispatcherServletAutoConfiguration$DispatcherServletRegistrationConfiguration' via constructor to bean named 'spring.mvc-org.springframework.boot.autoconfigure.web.WebMvcProperties'
00:07:24.924 qrouter [Test worker] DEBUG o.s.b.f.s.DefaultListableBeanFactory -Creating shared instance of singleton bean 'multipartConfigElement'
00:07:24.924 qrouter [Test worker] DEBUG o.s.b.f.s.DefaultListableBeanFactory -Creating instance of bean 'multipartConfigElement'
00:07:24.924 qrouter [Test worker] DEBUG o.s.b.f.s.DefaultListableBeanFactory -Returning cached instance of singleton bean 'org.springframework.transaction.config.internalTransactionAdvisor'
00:07:24.925 qrouter [Test worker] DEBUG o.s.b.f.s.DefaultListableBeanFactory -Creating shared instance of singleton bean 'org.springframework.boot.autoconfigure.web.MultipartAutoConfiguration'
00:07:24.925 qrouter [Test worker] DEBUG o.s.b.f.s.DefaultListableBeanFactory -Creating instance of bean 'org.springframework.boot.autoconfigure.web.MultipartAutoConfiguration'
00:07:24.926 qrouter [Test worker] DEBUG o.s.b.f.s.DefaultListableBeanFactory -Returning cached instance of singleton bean 'org.springframework.transaction.config.internalTransactionAdvisor'
00:07:24.928 qrouter [Test worker] DEBUG o.s.c.LocalVariableTableParameterNameDiscoverer -Cannot find '.class' file for class [class org.springframework.boot.autoconfigure.web.MultipartAutoConfiguration$$EnhancerBySpringCGLIB$$302c403a] - unable to determine constructor/method parameter names
00:07:24.939 qrouter [Test worker] DEBUG o.s.b.f.s.DefaultListableBeanFactory -Creating shared instance of singleton bean 'spring.http.multipart-org.springframework.boot.autoconfigure.web.MultipartProperties'
00:07:24.940 qrouter [Test worker] DEBUG o.s.b.f.s.DefaultListableBeanFactory -Creating instance of bean 'spring.http.multipart-org.springframework.boot.autoconfigure.web.MultipartProperties'
00:07:24.940 qrouter [Test worker] DEBUG o.s.b.f.s.DefaultListableBeanFactory -Returning cached instance of singleton bean 'org.springframework.transaction.config.internalTransactionAdvisor'
00:07:24.942 qrouter [Test worker] DEBUG o.s.b.f.s.DefaultListableBeanFactory -Eagerly caching bean 'spring.http.multipart-org.springframework.boot.autoconfigure.web.MultipartProperties' to allow for resolving potential circular references
00:07:24.952 qrouter [Test worker] DEBUG o.s.core.env.MutablePropertySources -Adding [Inlined Test Properties] PropertySource with lowest search precedence
00:07:24.953 qrouter [Test worker] DEBUG o.s.core.env.MutablePropertySources -Adding [systemProperties] PropertySource with lowest search precedence
00:07:24.953 qrouter [Test worker] DEBUG o.s.core.env.MutablePropertySources -Adding [systemEnvironment] PropertySource with lowest search precedence
00:07:24.953 qrouter [Test worker] DEBUG o.s.core.env.MutablePropertySources -Adding [random] PropertySource with lowest search precedence
00:07:24.954 qrouter [Test worker] DEBUG o.s.core.env.MutablePropertySources -Adding [applicationConfig: [classpath:/application.properties]] PropertySource with lowest search precedence
00:07:24.958 qrouter [Test worker] DEBUG o.s.b.f.s.DefaultListableBeanFactory -Returning cached instance of singleton bean 'org.springframework.transaction.config.internalTransactionAdvisor'
00:07:24.958 qrouter [Test worker] DEBUG o.s.b.f.s.DefaultListableBeanFactory -Returning cached instance of singleton bean 'org.springframework.transaction.config.internalTransactionAdvisor'
00:07:24.962 qrouter [Test worker] DEBUG o.s.b.f.s.DefaultListableBeanFactory -Finished creating instance of bean 'spring.http.multipart-org.springframework.boot.autoconfigure.web.MultipartProperties'
00:07:24.962 qrouter [Test worker] DEBUG o.s.b.f.s.DefaultListableBeanFactory -Autowiring by type from bean name 'org.springframework.boot.autoconfigure.web.MultipartAutoConfiguration' via constructor to bean named 'spring.http.multipart-org.springframework.boot.autoconfigure.web.MultipartProperties'
00:07:24.964 qrouter [Test worker] DEBUG o.s.b.f.s.DefaultListableBeanFactory -Eagerly caching bean 'org.springframework.boot.autoconfigure.web.MultipartAutoConfiguration' to allow for resolving potential circular references
00:07:24.987 qrouter [Test worker] DEBUG o.s.b.f.s.DefaultListableBeanFactory -Returning cached instance of singleton bean 'org.springframework.transaction.config.internalTransactionAdvisor'
00:07:24.987 qrouter [Test worker] DEBUG o.s.b.f.s.DefaultListableBeanFactory -Returning cached instance of singleton bean 'org.springframework.transaction.config.internalTransactionAdvisor'
00:07:24.995 qrouter [Test worker] DEBUG o.s.b.f.s.DefaultListableBeanFactory -Finished creating instance of bean 'org.springframework.boot.autoconfigure.web.MultipartAutoConfiguration'
00:07:25.022 qrouter [Test worker] DEBUG o.s.b.f.s.DefaultListableBeanFactory -Eagerly caching bean 'multipartConfigElement' to allow for resolving potential circular references
00:07:25.028 qrouter [Test worker] DEBUG o.s.b.f.s.DefaultListableBeanFactory -Returning cached instance of singleton bean 'org.springframework.transaction.config.internalTransactionAdvisor'
00:07:25.029 qrouter [Test worker] DEBUG o.s.b.f.s.DefaultListableBeanFactory -Returning cached instance of singleton bean 'org.springframework.transaction.config.internalTransactionAdvisor'
00:07:25.030 qrouter [Test worker] DEBUG o.s.b.f.s.DefaultListableBeanFactory -Finished creating instance of bean 'multipartConfigElement'
00:07:25.032 qrouter [Test worker] DEBUG o.s.b.f.s.DefaultListableBeanFactory -Eagerly caching bean 'org.springframework.boot.autoconfigure.web.DispatcherServletAutoConfiguration$DispatcherServletRegistrationConfiguration' to allow for resolving potential circular references
00:07:25.063 qrouter [Test worker] DEBUG o.s.b.f.s.DefaultListableBeanFactory -Returning cached instance of singleton bean 'org.springframework.transaction.config.internalTransactionAdvisor'
00:07:25.064 qrouter [Test worker] DEBUG o.s.b.f.s.DefaultListableBeanFactory -Returning cached instance of singleton bean 'org.springframework.transaction.config.internalTransactionAdvisor'
00:07:25.068 qrouter [Test worker] DEBUG o.s.b.f.s.DefaultListableBeanFactory -Finished creating instance of bean 'org.springframework.boot.autoconfigure.web.DispatcherServletAutoConfiguration$DispatcherServletRegistrationConfiguration'
00:07:25.068 qrouter [Test worker] DEBUG o.s.b.f.s.DefaultListableBeanFactory -Creating shared instance of singleton bean 'dispatcherServletRegistration'
00:07:25.068 qrouter [Test worker] DEBUG o.s.b.f.s.DefaultListableBeanFactory -Creating instance of bean 'dispatcherServletRegistration'
00:07:25.069 qrouter [Test worker] DEBUG o.s.b.f.s.DefaultListableBeanFactory -Returning cached instance of singleton bean 'org.springframework.transaction.config.internalTransactionAdvisor'
00:07:25.069 qrouter [Test worker] DEBUG o.s.b.f.s.DefaultListableBeanFactory -Returning cached instance of singleton bean 'org.springframework.boot.autoconfigure.web.DispatcherServletAutoConfiguration$DispatcherServletRegistrationConfiguration'
00:07:25.077 qrouter [Test worker] DEBUG o.s.b.f.s.DefaultListableBeanFactory -Returning cached instance of singleton bean 'dispatcherServlet'
00:07:25.078 qrouter [Test worker] DEBUG o.s.b.f.s.DefaultListableBeanFactory -Autowiring by type from bean name 'dispatcherServletRegistration' via factory method to bean named 'dispatcherServlet'
00:07:25.106 qrouter [Test worker] DEBUG o.s.b.f.s.DefaultListableBeanFactory -Eagerly caching bean 'dispatcherServletRegistration' to allow for resolving potential circular references
00:07:25.125 qrouter [Test worker] DEBUG o.s.b.f.s.DefaultListableBeanFactory -Returning cached instance of singleton bean 'org.springframework.transaction.config.internalTransactionAdvisor'
00:07:25.125 qrouter [Test worker] DEBUG o.s.b.f.s.DefaultListableBeanFactory -Returning cached instance of singleton bean 'org.springframework.transaction.config.internalTransactionAdvisor'
00:07:25.126 qrouter [Test worker] DEBUG o.s.b.f.s.DefaultListableBeanFactory -Finished creating instance of bean 'dispatcherServletRegistration'
00:07:25.127 qrouter [Test worker] DEBUG o.s.b.f.s.DefaultListableBeanFactory -Creating shared instance of singleton bean 'org.springframework.boot.autoconfigure.web.DispatcherServletAutoConfiguration'
00:07:25.127 qrouter [Test worker] DEBUG o.s.b.f.s.DefaultListableBeanFactory -Creating instance of bean 'org.springframework.boot.autoconfigure.web.DispatcherServletAutoConfiguration'
00:07:25.128 qrouter [Test worker] DEBUG o.s.b.f.s.DefaultListableBeanFactory -Returning cached instance of singleton bean 'org.springframework.transaction.config.internalTransactionAdvisor'
00:07:25.130 qrouter [Test worker] DEBUG o.s.b.f.s.DefaultListableBeanFactory -Eagerly caching bean 'org.springframework.boot.autoconfigure.web.DispatcherServletAutoConfiguration' to allow for resolving potential circular references
00:07:25.147 qrouter [Test worker] DEBUG o.s.b.f.s.DefaultListableBeanFactory -Returning cached instance of singleton bean 'org.springframework.transaction.config.internalTransactionAdvisor'
00:07:25.147 qrouter [Test worker] DEBUG o.s.b.f.s.DefaultListableBeanFactory -Returning cached instance of singleton bean 'org.springframework.transaction.config.internalTransactionAdvisor'
00:07:25.148 qrouter [Test worker] DEBUG o.s.b.f.s.DefaultListableBeanFactory -Finished creating instance of bean 'org.springframework.boot.autoconfigure.web.DispatcherServletAutoConfiguration'
00:07:25.149 qrouter [Test worker] DEBUG o.s.b.f.s.DefaultListableBeanFactory -Creating shared instance of singleton bean 'org.springframework.boot.autoconfigure.validation.ValidationAutoConfiguration'
00:07:25.149 qrouter [Test worker] DEBUG o.s.b.f.s.DefaultListableBeanFactory -Creating instance of bean 'org.springframework.boot.autoconfigure.validation.ValidationAutoConfiguration'
00:07:25.149 qrouter [Test worker] DEBUG o.s.b.f.s.DefaultListableBeanFactory -Returning cached instance of singleton bean 'org.springframework.transaction.config.internalTransactionAdvisor'
00:07:25.152 qrouter [Test worker] DEBUG o.s.b.f.s.DefaultListableBeanFactory -Eagerly caching bean 'org.springframework.boot.autoconfigure.validation.ValidationAutoConfiguration' to allow for resolving potential circular references
00:07:25.165 qrouter [Test worker] DEBUG o.s.b.f.s.DefaultListableBeanFactory -Returning cached instance of singleton bean 'org.springframework.transaction.config.internalTransactionAdvisor'
00:07:25.166 qrouter [Test worker] DEBUG o.s.b.f.s.DefaultListableBeanFactory -Returning cached instance of singleton bean 'org.springframework.transaction.config.internalTransactionAdvisor'
00:07:25.170 qrouter [Test worker] DEBUG o.s.b.f.s.DefaultListableBeanFactory -Finished creating instance of bean 'org.springframework.boot.autoconfigure.validation.ValidationAutoConfiguration'
00:07:25.170 qrouter [Test worker] DEBUG o.s.b.f.s.DefaultListableBeanFactory -Returning cached instance of singleton bean 'defaultValidator'
00:07:25.170 qrouter [Test worker] DEBUG o.s.b.f.s.DefaultListableBeanFactory -Returning cached instance of singleton bean 'methodValidationPostProcessor'
00:07:25.170 qrouter [Test worker] DEBUG o.s.b.f.s.DefaultListableBeanFactory -Creating shared instance of singleton bean 'org.springframework.boot.autoconfigure.web.ErrorMvcAutoConfiguration$WhitelabelErrorViewConfiguration'
00:07:25.170 qrouter [Test worker] DEBUG o.s.b.f.s.DefaultListableBeanFactory -Creating instance of bean 'org.springframework.boot.autoconfigure.web.ErrorMvcAutoConfiguration$WhitelabelErrorViewConfiguration'
00:07:25.171 qrouter [Test worker] DEBUG o.s.b.f.s.DefaultListableBeanFactory -Returning cached instance of singleton bean 'org.springframework.transaction.config.internalTransactionAdvisor'
00:07:25.179 qrouter [Test worker] DEBUG o.s.b.f.s.DefaultListableBeanFactory -Eagerly caching bean 'org.springframework.boot.autoconfigure.web.ErrorMvcAutoConfiguration$WhitelabelErrorViewConfiguration' to allow for resolving potential circular references
00:07:25.192 qrouter [Test worker] DEBUG o.s.b.f.s.DefaultListableBeanFactory -Returning cached instance of singleton bean 'org.springframework.transaction.config.internalTransactionAdvisor'
00:07:25.193 qrouter [Test worker] DEBUG o.s.b.f.s.DefaultListableBeanFactory -Returning cached instance of singleton bean 'org.springframework.transaction.config.internalTransactionAdvisor'
00:07:25.197 qrouter [Test worker] DEBUG o.s.b.f.s.DefaultListableBeanFactory -Finished creating instance of bean 'org.springframework.boot.autoconfigure.web.ErrorMvcAutoConfiguration$WhitelabelErrorViewConfiguration'
00:07:25.198 qrouter [Test worker] DEBUG o.s.b.f.s.DefaultListableBeanFactory -Creating shared instance of singleton bean 'error'
00:07:25.198 qrouter [Test worker] DEBUG o.s.b.f.s.DefaultListableBeanFactory -Creating instance of bean 'error'
00:07:25.198 qrouter [Test worker] DEBUG o.s.b.f.s.DefaultListableBeanFactory -Returning cached instance of singleton bean 'org.springframework.transaction.config.internalTransactionAdvisor'
00:07:25.199 qrouter [Test worker] DEBUG o.s.b.f.s.DefaultListableBeanFactory -Returning cached instance of singleton bean 'org.springframework.boot.autoconfigure.web.ErrorMvcAutoConfiguration$WhitelabelErrorViewConfiguration'
00:07:25.219 qrouter [Test worker] DEBUG o.s.b.f.s.DefaultListableBeanFactory -Eagerly caching bean 'error' to allow for resolving potential circular references
00:07:25.229 qrouter [Test worker] DEBUG o.s.b.f.s.DefaultListableBeanFactory -Returning cached instance of singleton bean 'org.springframework.transaction.config.internalTransactionAdvisor'
00:07:25.230 qrouter [Test worker] DEBUG o.s.b.f.s.DefaultListableBeanFactory -Returning cached instance of singleton bean 'org.springframework.transaction.config.internalTransactionAdvisor'
00:07:25.230 qrouter [Test worker] DEBUG o.s.b.f.s.DefaultListableBeanFactory -Finished creating instance of bean 'error'
00:07:25.231 qrouter [Test worker] DEBUG o.s.b.f.s.DefaultListableBeanFactory -Creating shared instance of singleton bean 'beanNameViewResolver'
00:07:25.231 qrouter [Test worker] DEBUG o.s.b.f.s.DefaultListableBeanFactory -Creating instance of bean 'beanNameViewResolver'
00:07:25.231 qrouter [Test worker] DEBUG o.s.b.f.s.DefaultListableBeanFactory -Returning cached instance of singleton bean 'org.springframework.transaction.config.internalTransactionAdvisor'
00:07:25.232 qrouter [Test worker] DEBUG o.s.b.f.s.DefaultListableBeanFactory -Returning cached instance of singleton bean 'org.springframework.boot.autoconfigure.web.ErrorMvcAutoConfiguration$WhitelabelErrorViewConfiguration'
00:07:25.234 qrouter [Test worker] DEBUG o.s.b.f.s.DefaultListableBeanFactory -Eagerly caching bean 'beanNameViewResolver' to allow for resolving potential circular references
00:07:25.256 qrouter [Test worker] DEBUG o.s.b.f.s.DefaultListableBeanFactory -Returning cached instance of singleton bean 'org.springframework.transaction.config.internalTransactionAdvisor'
00:07:25.257 qrouter [Test worker] DEBUG o.s.b.f.s.DefaultListableBeanFactory -Returning cached instance of singleton bean 'org.springframework.transaction.config.internalTransactionAdvisor'
00:07:25.258 qrouter [Test worker] DEBUG o.s.b.f.s.DefaultListableBeanFactory -Finished creating instance of bean 'beanNameViewResolver'
00:07:25.258 qrouter [Test worker] DEBUG o.s.b.f.s.DefaultListableBeanFactory -Returning cached instance of singleton bean 'org.springframework.boot.autoconfigure.web.ErrorMvcAutoConfiguration$DefaultErrorViewResolverConfiguration'
00:07:25.258 qrouter [Test worker] DEBUG o.s.b.f.s.DefaultListableBeanFactory -Returning cached instance of singleton bean 'conventionErrorViewResolver'
00:07:25.258 qrouter [Test worker] DEBUG o.s.b.f.s.DefaultListableBeanFactory -Returning cached instance of singleton bean 'org.springframework.boot.autoconfigure.web.ErrorMvcAutoConfiguration'
00:07:25.258 qrouter [Test worker] DEBUG o.s.b.f.s.DefaultListableBeanFactory -Creating shared instance of singleton bean 'errorAttributes'
00:07:25.259 qrouter [Test worker] DEBUG o.s.b.f.s.DefaultListableBeanFactory -Creating instance of bean 'errorAttributes'
00:07:25.259 qrouter [Test worker] DEBUG o.s.b.f.s.DefaultListableBeanFactory -Returning cached instance of singleton bean 'org.springframework.transaction.config.internalTransactionAdvisor'
00:07:25.259 qrouter [Test worker] DEBUG o.s.b.f.s.DefaultListableBeanFactory -Returning cached instance of singleton bean 'org.springframework.boot.autoconfigure.web.ErrorMvcAutoConfiguration'
00:07:25.262 qrouter [Test worker] DEBUG o.s.b.f.s.DefaultListableBeanFactory -Eagerly caching bean 'errorAttributes' to allow for resolving potential circular references
00:07:25.277 qrouter [Test worker] DEBUG o.s.b.f.s.DefaultListableBeanFactory -Returning cached instance of singleton bean 'org.springframework.transaction.config.internalTransactionAdvisor'
00:07:25.278 qrouter [Test worker] DEBUG o.s.b.f.s.DefaultListableBeanFactory -Returning cached instance of singleton bean 'org.springframework.transaction.config.internalTransactionAdvisor'
00:07:25.280 qrouter [Test worker] DEBUG o.s.b.f.s.DefaultListableBeanFactory -Finished creating instance of bean 'errorAttributes'
00:07:25.280 qrouter [Test worker] DEBUG o.s.b.f.s.DefaultListableBeanFactory -Creating shared instance of singleton bean 'basicErrorController'
00:07:25.280 qrouter [Test worker] DEBUG o.s.b.f.s.DefaultListableBeanFactory -Creating instance of bean 'basicErrorController'
00:07:25.281 qrouter [Test worker] DEBUG o.s.b.f.s.DefaultListableBeanFactory -Returning cached instance of singleton bean 'org.springframework.transaction.config.internalTransactionAdvisor'
00:07:25.281 qrouter [Test worker] DEBUG o.s.b.f.s.DefaultListableBeanFactory -Returning cached instance of singleton bean 'org.springframework.boot.autoconfigure.web.ErrorMvcAutoConfiguration'
00:07:25.289 qrouter [Test worker] DEBUG o.s.b.f.s.DefaultListableBeanFactory -Returning cached instance of singleton bean 'errorAttributes'
00:07:25.290 qrouter [Test worker] DEBUG o.s.b.f.s.DefaultListableBeanFactory -Autowiring by type from bean name 'basicErrorController' via factory method to bean named 'errorAttributes'
00:07:25.292 qrouter [Test worker] DEBUG o.s.b.f.s.DefaultListableBeanFactory -Eagerly caching bean 'basicErrorController' to allow for resolving potential circular references
00:07:25.303 qrouter [Test worker] DEBUG o.s.b.f.s.DefaultListableBeanFactory -Returning cached instance of singleton bean 'org.springframework.transaction.config.internalTransactionAdvisor'
00:07:25.303 qrouter [Test worker] DEBUG o.s.b.f.s.DefaultListableBeanFactory -Returning cached instance of singleton bean 'org.springframework.transaction.config.internalTransactionAdvisor'
00:07:25.307 qrouter [Test worker] DEBUG o.s.b.f.s.DefaultListableBeanFactory -Finished creating instance of bean 'basicErrorController'
00:07:25.308 qrouter [Test worker] DEBUG o.s.b.f.s.DefaultListableBeanFactory -Returning cached instance of singleton bean 'errorPageCustomizer'
00:07:25.308 qrouter [Test worker] DEBUG o.s.b.f.s.DefaultListableBeanFactory -Returning cached instance of singleton bean 'preserveErrorControllerTargetClassPostProcessor'
00:07:25.308 qrouter [Test worker] DEBUG o.s.b.f.s.DefaultListableBeanFactory -Returning cached instance of singleton bean 'spring.resources-org.springframework.boot.autoconfigure.web.ResourceProperties'
00:07:25.309 qrouter [Test worker] DEBUG o.s.b.f.s.DefaultListableBeanFactory -Returning cached instance of singleton bean 'org.springframework.boot.autoconfigure.web.WebMvcAutoConfiguration$EnableWebMvcConfiguration'
00:07:25.309 qrouter [Test worker] DEBUG o.s.b.f.s.DefaultListableBeanFactory -Creating shared instance of singleton bean 'requestMappingHandlerAdapter'
00:07:25.309 qrouter [Test worker] DEBUG o.s.b.f.s.DefaultListableBeanFactory -Creating instance of bean 'requestMappingHandlerAdapter'
00:07:25.310 qrouter [Test worker] DEBUG o.s.b.f.s.DefaultListableBeanFactory -Returning cached instance of singleton bean 'org.springframework.transaction.config.internalTransactionAdvisor'
00:07:25.311 qrouter [Test worker] DEBUG o.s.b.f.s.DefaultListableBeanFactory -Returning cached instance of singleton bean 'org.springframework.boot.autoconfigure.web.WebMvcAutoConfiguration$EnableWebMvcConfiguration'
00:07:25.395 qrouter [Test worker] DEBUG o.s.b.f.s.DefaultListableBeanFactory -Returning cached instance of singleton bean 'mvcContentNegotiationManager'
00:07:25.402 qrouter [Test worker] DEBUG o.s.b.f.s.DefaultListableBeanFactory -Creating shared instance of singleton bean 'messageConverters'
00:07:25.402 qrouter [Test worker] DEBUG o.s.b.f.s.DefaultListableBeanFactory -Creating instance of bean 'messageConverters'
00:07:25.402 qrouter [Test worker] DEBUG o.s.b.f.s.DefaultListableBeanFactory -Returning cached instance of singleton bean 'org.springframework.transaction.config.internalTransactionAdvisor'
00:07:25.403 qrouter [Test worker] DEBUG o.s.b.f.s.DefaultListableBeanFactory -Creating shared instance of singleton bean 'org.springframework.boot.autoconfigure.web.HttpMessageConvertersAutoConfiguration'
00:07:25.403 qrouter [Test worker] DEBUG o.s.b.f.s.DefaultListableBeanFactory -Creating instance of bean 'org.springframework.boot.autoconfigure.web.HttpMessageConvertersAutoConfiguration'
00:07:25.404 qrouter [Test worker] DEBUG o.s.b.f.s.DefaultListableBeanFactory -Returning cached instance of singleton bean 'org.springframework.transaction.config.internalTransactionAdvisor'
00:07:25.406 qrouter [Test worker] DEBUG o.s.c.LocalVariableTableParameterNameDiscoverer -Cannot find '.class' file for class [class org.springframework.boot.autoconfigure.web.HttpMessageConvertersAutoConfiguration$$EnhancerBySpringCGLIB$$636ab54] - unable to determine constructor/method parameter names
00:07:25.415 qrouter [Test worker] DEBUG o.s.b.f.s.DefaultListableBeanFactory -Creating shared instance of singleton bean 'stringHttpMessageConverter'
00:07:25.415 qrouter [Test worker] DEBUG o.s.b.f.s.DefaultListableBeanFactory -Creating instance of bean 'stringHttpMessageConverter'
00:07:25.415 qrouter [Test worker] DEBUG o.s.b.f.s.DefaultListableBeanFactory -Returning cached instance of singleton bean 'org.springframework.transaction.config.internalTransactionAdvisor'
00:07:25.416 qrouter [Test worker] DEBUG o.s.b.f.s.DefaultListableBeanFactory -Creating shared instance of singleton bean 'org.springframework.boot.autoconfigure.web.HttpMessageConvertersAutoConfiguration$StringHttpMessageConverterConfiguration'
00:07:25.416 qrouter [Test worker] DEBUG o.s.b.f.s.DefaultListableBeanFactory -Creating instance of bean 'org.springframework.boot.autoconfigure.web.HttpMessageConvertersAutoConfiguration$StringHttpMessageConverterConfiguration'
00:07:25.416 qrouter [Test worker] DEBUG o.s.b.f.s.DefaultListableBeanFactory -Returning cached instance of singleton bean 'org.springframework.transaction.config.internalTransactionAdvisor'
00:07:25.419 qrouter [Test worker] DEBUG o.s.c.LocalVariableTableParameterNameDiscoverer -Cannot find '.class' file for class [class org.springframework.boot.autoconfigure.web.HttpMessageConvertersAutoConfiguration$StringHttpMessageConverterConfiguration$$EnhancerBySpringCGLIB$$c2acb5f4] - unable to determine constructor/method parameter names
00:07:25.419 qrouter [Test worker] DEBUG o.s.b.f.s.DefaultListableBeanFactory -Returning cached instance of singleton bean 'spring.http.encoding-org.springframework.boot.autoconfigure.web.HttpEncodingProperties'
00:07:25.419 qrouter [Test worker] DEBUG o.s.b.f.s.DefaultListableBeanFactory -Autowiring by type from bean name 'org.springframework.boot.autoconfigure.web.HttpMessageConvertersAutoConfiguration$StringHttpMessageConverterConfiguration' via constructor to bean named 'spring.http.encoding-org.springframework.boot.autoconfigure.web.HttpEncodingProperties'
00:07:25.421 qrouter [Test worker] DEBUG o.s.b.f.s.DefaultListableBeanFactory -Eagerly caching bean 'org.springframework.boot.autoconfigure.web.HttpMessageConvertersAutoConfiguration$StringHttpMessageConverterConfiguration' to allow for resolving potential circular references
00:07:25.435 qrouter [Test worker] DEBUG o.s.b.f.s.DefaultListableBeanFactory -Returning cached instance of singleton bean 'org.springframework.transaction.config.internalTransactionAdvisor'
00:07:25.435 qrouter [Test worker] DEBUG o.s.b.f.s.DefaultListableBeanFactory -Returning cached instance of singleton bean 'org.springframework.transaction.config.internalTransactionAdvisor'
00:07:25.439 qrouter [Test worker] DEBUG o.s.b.f.s.DefaultListableBeanFactory -Finished creating instance of bean 'org.springframework.boot.autoconfigure.web.HttpMessageConvertersAutoConfiguration$StringHttpMessageConverterConfiguration'
00:07:25.461 qrouter [Test worker] DEBUG o.s.b.f.s.DefaultListableBeanFactory -Eagerly caching bean 'stringHttpMessageConverter' to allow for resolving potential circular references
00:07:25.477 qrouter [Test worker] DEBUG o.s.b.f.s.DefaultListableBeanFactory -Returning cached instance of singleton bean 'org.springframework.transaction.config.internalTransactionAdvisor'
00:07:25.478 qrouter [Test worker] DEBUG o.s.b.f.s.DefaultListableBeanFactory -Returning cached instance of singleton bean 'org.springframework.transaction.config.internalTransactionAdvisor'
00:07:25.479 qrouter [Test worker] DEBUG o.s.b.f.s.DefaultListableBeanFactory -Finished creating instance of bean 'stringHttpMessageConverter'
00:07:25.482 qrouter [Test worker] DEBUG o.s.b.f.s.DefaultListableBeanFactory -Creating shared instance of singleton bean 'mappingJackson2HttpMessageConverter'
00:07:25.483 qrouter [Test worker] DEBUG o.s.b.f.s.DefaultListableBeanFactory -Creating instance of bean 'mappingJackson2HttpMessageConverter'
00:07:25.483 qrouter [Test worker] DEBUG o.s.b.f.s.DefaultListableBeanFactory -Returning cached instance of singleton bean 'org.springframework.transaction.config.internalTransactionAdvisor'
00:07:25.483 qrouter [Test worker] DEBUG o.s.b.f.s.DefaultListableBeanFactory -Creating shared instance of singleton bean 'org.springframework.boot.autoconfigure.web.JacksonHttpMessageConvertersConfiguration$MappingJackson2HttpMessageConverterConfiguration'
00:07:25.484 qrouter [Test worker] DEBUG o.s.b.f.s.DefaultListableBeanFactory -Creating instance of bean 'org.springframework.boot.autoconfigure.web.JacksonHttpMessageConvertersConfiguration$MappingJackson2HttpMessageConverterConfiguration'
00:07:25.484 qrouter [Test worker] DEBUG o.s.b.f.s.DefaultListableBeanFactory -Returning cached instance of singleton bean 'org.springframework.transaction.config.internalTransactionAdvisor'
00:07:25.486 qrouter [Test worker] DEBUG o.s.b.f.s.DefaultListableBeanFactory -Eagerly caching bean 'org.springframework.boot.autoconfigure.web.JacksonHttpMessageConvertersConfiguration$MappingJackson2HttpMessageConverterConfiguration' to allow for resolving potential circular references
00:07:25.502 qrouter [Test worker] DEBUG o.s.b.f.s.DefaultListableBeanFactory -Returning cached instance of singleton bean 'org.springframework.transaction.config.internalTransactionAdvisor'
00:07:25.502 qrouter [Test worker] DEBUG o.s.b.f.s.DefaultListableBeanFactory -Returning cached instance of singleton bean 'org.springframework.transaction.config.internalTransactionAdvisor'
00:07:25.507 qrouter [Test worker] DEBUG o.s.b.f.s.DefaultListableBeanFactory -Finished creating instance of bean 'org.springframework.boot.autoconfigure.web.JacksonHttpMessageConvertersConfiguration$MappingJackson2HttpMessageConverterConfiguration'
00:07:25.515 qrouter [Test worker] DEBUG o.s.b.f.s.DefaultListableBeanFactory -Returning cached instance of singleton bean 'jacksonObjectMapper'
00:07:25.516 qrouter [Test worker] DEBUG o.s.b.f.s.DefaultListableBeanFactory -Autowiring by type from bean name 'mappingJackson2HttpMessageConverter' via factory method to bean named 'jacksonObjectMapper'
00:07:25.544 qrouter [Test worker] DEBUG o.s.b.f.s.DefaultListableBeanFactory -Eagerly caching bean 'mappingJackson2HttpMessageConverter' to allow for resolving potential circular references
00:07:25.566 qrouter [Test worker] DEBUG o.s.b.f.s.DefaultListableBeanFactory -Returning cached instance of singleton bean 'org.springframework.transaction.config.internalTransactionAdvisor'
00:07:25.566 qrouter [Test worker] DEBUG o.s.b.f.s.DefaultListableBeanFactory -Returning cached instance of singleton bean 'org.springframework.transaction.config.internalTransactionAdvisor'
00:07:25.567 qrouter [Test worker] DEBUG o.s.b.f.s.DefaultListableBeanFactory -Finished creating instance of bean 'mappingJackson2HttpMessageConverter'
00:07:25.569 qrouter [Test worker] DEBUG o.s.b.f.s.DefaultListableBeanFactory -Eagerly caching bean 'org.springframework.boot.autoconfigure.web.HttpMessageConvertersAutoConfiguration' to allow for resolving potential circular references
00:07:25.582 qrouter [Test worker] DEBUG o.s.b.f.s.DefaultListableBeanFactory -Returning cached instance of singleton bean 'org.springframework.transaction.config.internalTransactionAdvisor'
00:07:25.583 qrouter [Test worker] DEBUG o.s.b.f.s.DefaultListableBeanFactory -Returning cached instance of singleton bean 'org.springframework.transaction.config.internalTransactionAdvisor'
00:07:25.603 qrouter [Test worker] DEBUG o.s.b.f.s.DefaultListableBeanFactory -Finished creating instance of bean 'org.springframework.boot.autoconfigure.web.HttpMessageConvertersAutoConfiguration'
00:07:25.652 qrouter [Test worker] DEBUG o.s.b.f.s.DefaultListableBeanFactory -Eagerly caching bean 'messageConverters' to allow for resolving potential circular references
00:07:25.662 qrouter [Test worker] DEBUG o.s.b.f.s.DefaultListableBeanFactory -Returning cached instance of singleton bean 'org.springframework.transaction.config.internalTransactionAdvisor'
00:07:25.662 qrouter [Test worker] DEBUG o.s.b.f.s.DefaultListableBeanFactory -Returning cached instance of singleton bean 'org.springframework.transaction.config.internalTransactionAdvisor'
00:07:25.663 qrouter [Test worker] DEBUG o.s.b.f.s.DefaultListableBeanFactory -Finished creating instance of bean 'messageConverters'
00:07:26.089 qrouter [Test worker] DEBUG o.s.b.f.s.DefaultListableBeanFactory -Returning cached instance of singleton bean 'mvcConversionService'
00:07:26.090 qrouter [Test worker] DEBUG o.s.b.f.s.DefaultListableBeanFactory -Creating shared instance of singleton bean 'mvcValidator'
00:07:26.091 qrouter [Test worker] DEBUG o.s.b.f.s.DefaultListableBeanFactory -Creating instance of bean 'mvcValidator'
00:07:26.091 qrouter [Test worker] DEBUG o.s.b.f.s.DefaultListableBeanFactory -Returning cached instance of singleton bean 'org.springframework.transaction.config.internalTransactionAdvisor'
00:07:26.092 qrouter [Test worker] DEBUG o.s.b.f.s.DefaultListableBeanFactory -Returning cached instance of singleton bean 'org.springframework.boot.autoconfigure.web.WebMvcAutoConfiguration$EnableWebMvcConfiguration'
00:07:26.105 qrouter [Test worker] DEBUG o.s.b.f.s.DefaultListableBeanFactory -Returning cached instance of singleton bean 'defaultValidator'
00:07:26.106 qrouter [Test worker] DEBUG o.s.b.f.s.DefaultListableBeanFactory -Eagerly caching bean 'mvcValidator' to allow for resolving potential circular references
00:07:26.125 qrouter [Test worker] DEBUG o.s.b.f.s.DefaultListableBeanFactory -Invoking afterPropertiesSet() on bean with name 'mvcValidator'
00:07:26.125 qrouter [Test worker] DEBUG o.s.b.f.s.DefaultListableBeanFactory -Returning cached instance of singleton bean 'org.springframework.transaction.config.internalTransactionAdvisor'
00:07:26.126 qrouter [Test worker] DEBUG o.s.b.f.s.DefaultListableBeanFactory -Returning cached instance of singleton bean 'org.springframework.transaction.config.internalTransactionAdvisor'
00:07:26.127 qrouter [Test worker] DEBUG o.s.b.f.s.DefaultListableBeanFactory -Finished creating instance of bean 'mvcValidator'
00:07:26.129 qrouter [Test worker] DEBUG o.s.b.f.s.DefaultListableBeanFactory -Creating shared instance of singleton bean 'sortResolver'
00:07:26.129 qrouter [Test worker] DEBUG o.s.b.f.s.DefaultListableBeanFactory -Creating instance of bean 'sortResolver'
00:07:26.130 qrouter [Test worker] DEBUG o.s.b.f.s.DefaultListableBeanFactory -Returning cached instance of singleton bean 'org.springframework.transaction.config.internalTransactionAdvisor'
00:07:26.130 qrouter [Test worker] DEBUG o.s.b.f.s.DefaultListableBeanFactory -Returning cached instance of singleton bean 'org.springframework.data.web.config.HateoasAwareSpringDataWebConfiguration'
00:07:26.220 qrouter [Test worker] DEBUG o.s.b.f.s.DefaultListableBeanFactory -Eagerly caching bean 'sortResolver' to allow for resolving potential circular references
00:07:26.235 qrouter [Test worker] DEBUG o.s.b.f.s.DefaultListableBeanFactory -Returning cached instance of singleton bean 'org.springframework.transaction.config.internalTransactionAdvisor'
00:07:26.236 qrouter [Test worker] DEBUG o.s.b.f.s.DefaultListableBeanFactory -Returning cached instance of singleton bean 'org.springframework.transaction.config.internalTransactionAdvisor'
00:07:26.237 qrouter [Test worker] DEBUG o.s.b.f.s.DefaultListableBeanFactory -Finished creating instance of bean 'sortResolver'
00:07:26.239 qrouter [Test worker] DEBUG o.s.b.f.s.DefaultListableBeanFactory -Creating shared instance of singleton bean 'pageableResolver'
00:07:26.239 qrouter [Test worker] DEBUG o.s.b.f.s.DefaultListableBeanFactory -Creating instance of bean 'pageableResolver'
00:07:26.239 qrouter [Test worker] DEBUG o.s.b.f.s.DefaultListableBeanFactory -Returning cached instance of singleton bean 'org.springframework.transaction.config.internalTransactionAdvisor'
00:07:26.240 qrouter [Test worker] DEBUG o.s.b.f.s.DefaultListableBeanFactory -Returning cached instance of singleton bean 'org.springframework.data.web.config.HateoasAwareSpringDataWebConfiguration'
00:07:26.255 qrouter [Test worker] DEBUG o.s.b.f.s.DefaultListableBeanFactory -Returning cached instance of singleton bean 'sortResolver'
00:07:26.257 qrouter [Test worker] DEBUG o.s.b.f.s.DefaultListableBeanFactory -Eagerly caching bean 'pageableResolver' to allow for resolving potential circular references
00:07:26.272 qrouter [Test worker] DEBUG o.s.b.f.s.DefaultListableBeanFactory -Returning cached instance of singleton bean 'org.springframework.transaction.config.internalTransactionAdvisor'
00:07:26.272 qrouter [Test worker] DEBUG o.s.b.f.s.DefaultListableBeanFactory -Returning cached instance of singleton bean 'org.springframework.transaction.config.internalTransactionAdvisor'
00:07:26.273 qrouter [Test worker] DEBUG o.s.b.f.s.DefaultListableBeanFactory -Finished creating instance of bean 'pageableResolver'
00:07:26.290 qrouter [Test worker] DEBUG o.s.b.f.s.DefaultListableBeanFactory -Returning cached instance of singleton bean 'mvcConversionService'
00:07:26.294 qrouter [Test worker] DEBUG o.s.b.f.s.DefaultListableBeanFactory -Creating shared instance of singleton bean 'pagedResourcesAssemblerArgumentResolver'
00:07:26.294 qrouter [Test worker] DEBUG o.s.b.f.s.DefaultListableBeanFactory -Creating instance of bean 'pagedResourcesAssemblerArgumentResolver'
00:07:26.295 qrouter [Test worker] DEBUG o.s.b.f.s.DefaultListableBeanFactory -Returning cached instance of singleton bean 'org.springframework.transaction.config.internalTransactionAdvisor'
00:07:26.295 qrouter [Test worker] DEBUG o.s.b.f.s.DefaultListableBeanFactory -Returning cached instance of singleton bean 'org.springframework.data.web.config.HateoasAwareSpringDataWebConfiguration'
00:07:26.298 qrouter [Test worker] DEBUG o.s.b.f.s.DefaultListableBeanFactory -Returning cached instance of singleton bean 'pageableResolver'
00:07:26.321 qrouter [Test worker] DEBUG o.s.b.f.s.DefaultListableBeanFactory -Eagerly caching bean 'pagedResourcesAssemblerArgumentResolver' to allow for resolving potential circular references
00:07:26.330 qrouter [Test worker] DEBUG o.s.b.f.s.DefaultListableBeanFactory -Returning cached instance of singleton bean 'org.springframework.transaction.config.internalTransactionAdvisor'
00:07:26.330 qrouter [Test worker] DEBUG o.s.b.f.s.DefaultListableBeanFactory -Returning cached instance of singleton bean 'org.springframework.transaction.config.internalTransactionAdvisor'
00:07:26.331 qrouter [Test worker] DEBUG o.s.b.f.s.DefaultListableBeanFactory -Finished creating instance of bean 'pagedResourcesAssemblerArgumentResolver'
00:07:26.377 qrouter [Test worker] DEBUG o.s.b.f.s.DefaultListableBeanFactory -Eagerly caching bean 'requestMappingHandlerAdapter' to allow for resolving potential circular references
00:07:26.518 qrouter [Test worker] DEBUG o.s.b.f.s.DefaultListableBeanFactory -Returning cached instance of singleton bean 'default'
00:07:26.518 qrouter [Test worker] DEBUG o.s.b.f.s.DefaultListableBeanFactory -Returning cached instance of singleton bean 'objectMapperBeanPropertyNamingStrategy'
00:07:26.519 qrouter [Test worker] DEBUG o.s.b.f.s.DefaultListableBeanFactory -Returning cached instance of singleton bean 'optimized'
00:07:26.519 qrouter [Test worker] DEBUG o.s.b.f.s.DefaultListableBeanFactory -Returning cached instance of singleton bean 'beanModelPropertyProvider'
00:07:26.519 qrouter [Test worker] DEBUG o.s.b.f.s.DefaultListableBeanFactory -Returning cached instance of singleton bean 'constructorModelPropertyProvider'
00:07:26.519 qrouter [Test worker] DEBUG o.s.b.f.s.DefaultListableBeanFactory -Returning cached instance of singleton bean 'fieldModelPropertyProvider'
00:07:26.612 qrouter [Test worker] DEBUG o.s.b.f.s.DefaultListableBeanFactory -Creating shared instance of singleton bean '_relProvider'
00:07:26.613 qrouter [Test worker] DEBUG o.s.b.f.s.DefaultListableBeanFactory -Creating instance of bean '_relProvider'
00:07:26.613 qrouter [Test worker] DEBUG o.s.b.f.s.DefaultListableBeanFactory -Returning cached instance of singleton bean 'org.springframework.transaction.config.internalTransactionAdvisor'
00:07:26.614 qrouter [Test worker] DEBUG o.s.b.f.s.DefaultListableBeanFactory -Creating instance of bean '(inner bean)#15a6d73'
00:07:26.615 qrouter [Test worker] DEBUG o.s.b.f.s.DefaultListableBeanFactory -Returning cached instance of singleton bean 'org.springframework.transaction.config.internalTransactionAdvisor'
00:07:26.617 qrouter [Test worker] DEBUG o.s.b.f.s.DefaultListableBeanFactory -Invoking afterPropertiesSet() on bean with name '(inner bean)#15a6d73'
00:07:26.617 qrouter [Test worker] DEBUG o.s.b.f.s.DefaultListableBeanFactory -Returning cached instance of singleton bean 'org.springframework.transaction.config.internalTransactionAdvisor'
00:07:26.617 qrouter [Test worker] DEBUG o.s.b.f.s.DefaultListableBeanFactory -Returning cached instance of singleton bean 'org.springframework.transaction.config.internalTransactionAdvisor'
00:07:26.618 qrouter [Test worker] DEBUG o.s.b.f.s.DefaultListableBeanFactory -Finished creating instance of bean '(inner bean)#15a6d73'
00:07:26.618 qrouter [Test worker] DEBUG o.s.aop.framework.JdkDynamicAopProxy -Creating JDK dynamic proxy: target source is org.springframework.plugin.core.support.AbstractTypeAwareSupport$BeansOfTypeTargetSource@199979d
00:07:26.619 qrouter [Test worker] DEBUG o.s.b.f.s.DefaultListableBeanFactory -Returning cached instance of singleton bean 'org.springframework.transaction.config.internalTransactionAdvisor'
00:07:26.619 qrouter [Test worker] DEBUG o.s.b.f.s.DefaultListableBeanFactory -Returning cached instance of singleton bean 'org.springframework.transaction.config.internalTransactionAdvisor'
00:07:26.622 qrouter [Test worker] DEBUG o.s.b.f.s.DefaultListableBeanFactory -Eagerly caching bean '_relProvider' to allow for resolving potential circular references
00:07:26.632 qrouter [Test worker] DEBUG o.s.b.f.s.DefaultListableBeanFactory -Returning cached instance of singleton bean 'org.springframework.transaction.config.internalTransactionAdvisor'
00:07:26.632 qrouter [Test worker] DEBUG o.s.b.f.s.DefaultListableBeanFactory -Returning cached instance of singleton bean 'org.springframework.transaction.config.internalTransactionAdvisor'
00:07:26.633 qrouter [Test worker] DEBUG o.s.b.f.s.DefaultListableBeanFactory -Finished creating instance of bean '_relProvider'
00:07:26.633 qrouter [Test worker] DEBUG o.s.b.f.s.DefaultListableBeanFactory -Creating shared instance of singleton bean '_halObjectMapper'
00:07:26.634 qrouter [Test worker] DEBUG o.s.b.f.s.DefaultListableBeanFactory -Creating instance of bean '_halObjectMapper'
00:07:26.634 qrouter [Test worker] DEBUG o.s.b.f.s.DefaultListableBeanFactory -Returning cached instance of singleton bean 'org.springframework.transaction.config.internalTransactionAdvisor'
00:07:26.642 qrouter [Test worker] DEBUG o.s.b.f.s.DefaultListableBeanFactory -Eagerly caching bean '_halObjectMapper' to allow for resolving potential circular references
00:07:26.643 qrouter [Test worker] DEBUG o.s.b.f.s.DefaultListableBeanFactory -Returning cached instance of singleton bean 'jacksonObjectMapperBuilder'
00:07:26.653 qrouter [Test worker] DEBUG o.s.b.f.s.DefaultListableBeanFactory -Returning cached instance of singleton bean 'org.springframework.transaction.config.internalTransactionAdvisor'
00:07:26.653 qrouter [Test worker] DEBUG o.s.b.f.s.DefaultListableBeanFactory -Returning cached instance of singleton bean 'org.springframework.transaction.config.internalTransactionAdvisor'
00:07:26.658 qrouter [Test worker] DEBUG o.s.b.f.s.DefaultListableBeanFactory -Finished creating instance of bean '_halObjectMapper'
00:07:26.659 qrouter [Test worker] DEBUG o.s.b.f.s.DefaultListableBeanFactory -Creating shared instance of singleton bean 'linkRelationMessageSource'
00:07:26.659 qrouter [Test worker] DEBUG o.s.b.f.s.DefaultListableBeanFactory -Creating instance of bean 'linkRelationMessageSource'
00:07:26.659 qrouter [Test worker] DEBUG o.s.b.f.s.DefaultListableBeanFactory -Returning cached instance of singleton bean 'org.springframework.transaction.config.internalTransactionAdvisor'
00:07:26.660 qrouter [Test worker] DEBUG o.s.b.f.s.DefaultListableBeanFactory -Creating shared instance of singleton bean 'org.springframework.hateoas.config.HateoasConfiguration'
00:07:26.660 qrouter [Test worker] DEBUG o.s.b.f.s.DefaultListableBeanFactory -Creating instance of bean 'org.springframework.hateoas.config.HateoasConfiguration'
00:07:26.660 qrouter [Test worker] DEBUG o.s.b.f.s.DefaultListableBeanFactory -Returning cached instance of singleton bean 'org.springframework.transaction.config.internalTransactionAdvisor'
00:07:26.663 qrouter [Test worker] DEBUG o.s.b.f.s.DefaultListableBeanFactory -Eagerly caching bean 'org.springframework.hateoas.config.HateoasConfiguration' to allow for resolving potential circular references
00:07:26.674 qrouter [Test worker] DEBUG o.s.b.f.s.DefaultListableBeanFactory -Returning cached instance of singleton bean 'org.springframework.transaction.config.internalTransactionAdvisor'
00:07:26.674 qrouter [Test worker] DEBUG o.s.b.f.s.DefaultListableBeanFactory -Returning cached instance of singleton bean 'org.springframework.transaction.config.internalTransactionAdvisor'
00:07:26.677 qrouter [Test worker] DEBUG o.s.b.f.s.DefaultListableBeanFactory -Finished creating instance of bean 'org.springframework.hateoas.config.HateoasConfiguration'
00:07:26.704 qrouter [Test worker] DEBUG o.s.b.f.s.DefaultListableBeanFactory -Eagerly caching bean 'linkRelationMessageSource' to allow for resolving potential circular references
00:07:26.710 qrouter [Test worker] DEBUG o.s.b.f.s.DefaultListableBeanFactory -Returning cached instance of singleton bean 'org.springframework.transaction.config.internalTransactionAdvisor'
00:07:26.710 qrouter [Test worker] DEBUG o.s.b.f.s.DefaultListableBeanFactory -Returning cached instance of singleton bean 'org.springframework.transaction.config.internalTransactionAdvisor'
00:07:26.712 qrouter [Test worker] DEBUG o.s.b.f.s.DefaultListableBeanFactory -Finished creating instance of bean 'linkRelationMessageSource'
00:07:26.781 qrouter [Test worker] DEBUG o.s.b.f.s.DefaultListableBeanFactory -Invoking afterPropertiesSet() on bean with name 'requestMappingHandlerAdapter'
00:07:26.782 qrouter [Test worker] INFO  o.s.w.s.m.m.a.RequestMappingHandlerAdapter -Looking for @ControllerAdvice: org.springframework.web.context.support.GenericWebApplicationContext@1ec853e: startup date [Tue Aug 29 00:06:54 IST 2017]; root of context hierarchy
00:07:27.000 qrouter [Test worker] DEBUG o.s.b.f.s.DefaultListableBeanFactory -Returning cached instance of singleton bean 'org.springframework.transaction.config.internalTransactionAdvisor'
00:07:27.000 qrouter [Test worker] DEBUG o.s.b.f.s.DefaultListableBeanFactory -Returning cached instance of singleton bean 'org.springframework.transaction.config.internalTransactionAdvisor'
00:07:27.002 qrouter [Test worker] DEBUG o.s.b.f.s.DefaultListableBeanFactory -Finished creating instance of bean 'requestMappingHandlerAdapter'
00:07:27.003 qrouter [Test worker] DEBUG o.s.b.f.s.DefaultListableBeanFactory -Returning cached instance of singleton bean 'requestMappingHandlerMapping'
00:07:27.003 qrouter [Test worker] DEBUG o.s.b.f.s.DefaultListableBeanFactory -Returning cached instance of singleton bean 'mvcValidator'
00:07:27.003 qrouter [Test worker] DEBUG o.s.b.f.s.DefaultListableBeanFactory -Returning cached instance of singleton bean 'mvcContentNegotiationManager'
00:07:27.003 qrouter [Test worker] DEBUG o.s.b.f.s.DefaultListableBeanFactory -Creating shared instance of singleton bean 'mvcPathMatcher'
00:07:27.003 qrouter [Test worker] DEBUG o.s.b.f.s.DefaultListableBeanFactory -Creating instance of bean 'mvcPathMatcher'
00:07:27.004 qrouter [Test worker] DEBUG o.s.b.f.s.DefaultListableBeanFactory -Returning cached instance of singleton bean 'org.springframework.transaction.config.internalTransactionAdvisor'
00:07:27.004 qrouter [Test worker] DEBUG o.s.b.f.s.DefaultListableBeanFactory -Returning cached instance of singleton bean 'org.springframework.boot.autoconfigure.web.WebMvcAutoConfiguration$EnableWebMvcConfiguration'
00:07:27.006 qrouter [Test worker] DEBUG o.s.b.f.s.DefaultListableBeanFactory -Eagerly caching bean 'mvcPathMatcher' to allow for resolving potential circular references
00:07:27.014 qrouter [Test worker] DEBUG o.s.b.f.s.DefaultListableBeanFactory -Returning cached instance of singleton bean 'org.springframework.transaction.config.internalTransactionAdvisor'
00:07:27.014 qrouter [Test worker] DEBUG o.s.b.f.s.DefaultListableBeanFactory -Returning cached instance of singleton bean 'org.springframework.transaction.config.internalTransactionAdvisor'
00:07:27.015 qrouter [Test worker] DEBUG o.s.b.f.s.DefaultListableBeanFactory -Finished creating instance of bean 'mvcPathMatcher'
00:07:27.016 qrouter [Test worker] DEBUG o.s.b.f.s.DefaultListableBeanFactory -Creating shared instance of singleton bean 'mvcUrlPathHelper'
00:07:27.016 qrouter [Test worker] DEBUG o.s.b.f.s.DefaultListableBeanFactory -Creating instance of bean 'mvcUrlPathHelper'
00:07:27.016 qrouter [Test worker] DEBUG o.s.b.f.s.DefaultListableBeanFactory -Returning cached instance of singleton bean 'org.springframework.transaction.config.internalTransactionAdvisor'
00:07:27.016 qrouter [Test worker] DEBUG o.s.b.f.s.DefaultListableBeanFactory -Returning cached instance of singleton bean 'org.springframework.boot.autoconfigure.web.WebMvcAutoConfiguration$EnableWebMvcConfiguration'
00:07:27.018 qrouter [Test worker] DEBUG o.s.b.f.s.DefaultListableBeanFactory -Eagerly caching bean 'mvcUrlPathHelper' to allow for resolving potential circular references
00:07:27.023 qrouter [Test worker] DEBUG o.s.b.f.s.DefaultListableBeanFactory -Returning cached instance of singleton bean 'org.springframework.transaction.config.internalTransactionAdvisor'
00:07:27.023 qrouter [Test worker] DEBUG o.s.b.f.s.DefaultListableBeanFactory -Returning cached instance of singleton bean 'org.springframework.transaction.config.internalTransactionAdvisor'
00:07:27.024 qrouter [Test worker] DEBUG o.s.b.f.s.DefaultListableBeanFactory -Finished creating instance of bean 'mvcUrlPathHelper'
00:07:27.025 qrouter [Test worker] DEBUG o.s.b.f.s.DefaultListableBeanFactory -Creating shared instance of singleton bean 'viewControllerHandlerMapping'
00:07:27.025 qrouter [Test worker] DEBUG o.s.b.f.s.DefaultListableBeanFactory -Creating instance of bean 'viewControllerHandlerMapping'
00:07:27.025 qrouter [Test worker] DEBUG o.s.b.f.s.DefaultListableBeanFactory -Returning cached instance of singleton bean 'org.springframework.transaction.config.internalTransactionAdvisor'
00:07:27.026 qrouter [Test worker] DEBUG o.s.b.f.s.DefaultListableBeanFactory -Returning cached instance of singleton bean 'org.springframework.boot.autoconfigure.web.WebMvcAutoConfiguration$EnableWebMvcConfiguration'
00:07:27.028 qrouter [Test worker] DEBUG o.s.b.f.s.DefaultListableBeanFactory -Returning cached instance of singleton bean 'mvcPathMatcher'
00:07:27.029 qrouter [Test worker] DEBUG o.s.b.f.s.DefaultListableBeanFactory -Returning cached instance of singleton bean 'mvcUrlPathHelper'
00:07:27.030 qrouter [Test worker] DEBUG o.s.b.f.s.DefaultListableBeanFactory -Eagerly caching bean 'viewControllerHandlerMapping' to allow for resolving potential circular references
00:07:27.056 qrouter [Test worker] DEBUG o.s.b.f.s.DefaultListableBeanFactory -Returning cached instance of singleton bean 'org.springframework.transaction.config.internalTransactionAdvisor'
00:07:27.056 qrouter [Test worker] DEBUG o.s.b.f.s.DefaultListableBeanFactory -Returning cached instance of singleton bean 'org.springframework.transaction.config.internalTransactionAdvisor'
00:07:27.057 qrouter [Test worker] DEBUG o.s.b.f.s.DefaultListableBeanFactory -Finished creating instance of bean 'viewControllerHandlerMapping'
00:07:27.058 qrouter [Test worker] DEBUG o.s.b.f.s.DefaultListableBeanFactory -Creating shared instance of singleton bean 'beanNameHandlerMapping'
00:07:27.058 qrouter [Test worker] DEBUG o.s.b.f.s.DefaultListableBeanFactory -Creating instance of bean 'beanNameHandlerMapping'
00:07:27.058 qrouter [Test worker] DEBUG o.s.b.f.s.DefaultListableBeanFactory -Returning cached instance of singleton bean 'org.springframework.transaction.config.internalTransactionAdvisor'
00:07:27.059 qrouter [Test worker] DEBUG o.s.b.f.s.DefaultListableBeanFactory -Returning cached instance of singleton bean 'org.springframework.boot.autoconfigure.web.WebMvcAutoConfiguration$EnableWebMvcConfiguration'
00:07:27.063 qrouter [Test worker] DEBUG o.s.b.f.s.DefaultListableBeanFactory -Eagerly caching bean 'beanNameHandlerMapping' to allow for resolving potential circular references
00:07:27.102 qrouter [Test worker] DEBUG o.s.w.s.h.BeanNameUrlHandlerMapping -Looking for URL mappings in application context: org.springframework.web.context.support.GenericWebApplicationContext@1ec853e: startup date [Tue Aug 29 00:06:54 IST 2017]; root of context hierarchy
00:07:27.103 qrouter [Test worker] DEBUG o.s.w.s.h.BeanNameUrlHandlerMapping -Rejected bean name 'org.springframework.boot.test.mock.mockito.MockitoPostProcessor$SpyPostProcessor': no URL paths identified
00:07:27.103 qrouter [Test worker] DEBUG o.s.w.s.h.BeanNameUrlHandlerMapping -Rejected bean name 'org.springframework.boot.test.mock.mockito.MockitoPostProcessor': no URL paths identified
00:07:27.103 qrouter [Test worker] DEBUG o.s.w.s.h.BeanNameUrlHandlerMapping -Rejected bean name 'org.springframework.context.annotation.internalConfigurationAnnotationProcessor': no URL paths identified
00:07:27.103 qrouter [Test worker] DEBUG o.s.w.s.h.BeanNameUrlHandlerMapping -Rejected bean name 'org.springframework.context.annotation.internalAutowiredAnnotationProcessor': no URL paths identified
00:07:27.103 qrouter [Test worker] DEBUG o.s.w.s.h.BeanNameUrlHandlerMapping -Rejected bean name 'org.springframework.context.annotation.internalRequiredAnnotationProcessor': no URL paths identified
00:07:27.104 qrouter [Test worker] DEBUG o.s.w.s.h.BeanNameUrlHandlerMapping -Rejected bean name 'org.springframework.context.annotation.internalCommonAnnotationProcessor': no URL paths identified
00:07:27.104 qrouter [Test worker] DEBUG o.s.w.s.h.BeanNameUrlHandlerMapping -Rejected bean name 'org.springframework.context.annotation.internalPersistenceAnnotationProcessor': no URL paths identified
00:07:27.104 qrouter [Test worker] DEBUG o.s.w.s.h.BeanNameUrlHandlerMapping -Rejected bean name 'org.springframework.context.event.internalEventListenerProcessor': no URL paths identified
00:07:27.104 qrouter [Test worker] DEBUG o.s.w.s.h.BeanNameUrlHandlerMapping -Rejected bean name 'org.springframework.context.event.internalEventListenerFactory': no URL paths identified
00:07:27.104 qrouter [Test worker] DEBUG o.s.w.s.h.BeanNameUrlHandlerMapping -Rejected bean name 'applicationLauncher': no URL paths identified
00:07:27.104 qrouter [Test worker] DEBUG o.s.w.s.h.BeanNameUrlHandlerMapping -Rejected bean name 'org.springframework.boot.autoconfigure.internalCachingMetadataReaderFactory': no URL paths identified
00:07:27.105 qrouter [Test worker] DEBUG o.s.w.s.h.BeanNameUrlHandlerMapping -Rejected bean name 'shopLocatorTestConfiguration': no URL paths identified
00:07:27.105 qrouter [Test worker] DEBUG o.s.w.s.h.BeanNameUrlHandlerMapping -Rejected bean name 'retailShopController': no URL paths identified
00:07:27.105 qrouter [Test worker] DEBUG o.s.w.s.h.BeanNameUrlHandlerMapping -Rejected bean name 'retailShopDaoImpl': no URL paths identified
00:07:27.105 qrouter [Test worker] DEBUG o.s.w.s.h.BeanNameUrlHandlerMapping -Rejected bean name 'restExceptionHandler': no URL paths identified
00:07:27.105 qrouter [Test worker] DEBUG o.s.w.s.h.BeanNameUrlHandlerMapping -Rejected bean name 'shopLocatorImpl': no URL paths identified
00:07:27.105 qrouter [Test worker] DEBUG o.s.w.s.h.BeanNameUrlHandlerMapping -Rejected bean name 'swaggerTest': no URL paths identified
00:07:27.105 qrouter [Test worker] DEBUG o.s.w.s.h.BeanNameUrlHandlerMapping -Rejected bean name 'swagger2ParameterNameReader': no URL paths identified
00:07:27.106 qrouter [Test worker] DEBUG o.s.w.s.h.BeanNameUrlHandlerMapping -Rejected bean name 'swagger2Controller': no URL paths identified
00:07:27.106 qrouter [Test worker] DEBUG o.s.w.s.h.BeanNameUrlHandlerMapping -Rejected bean name 'licenseMapperImpl': no URL paths identified
00:07:27.106 qrouter [Test worker] DEBUG o.s.w.s.h.BeanNameUrlHandlerMapping -Rejected bean name 'modelMapperImpl': no URL paths identified
00:07:27.106 qrouter [Test worker] DEBUG o.s.w.s.h.BeanNameUrlHandlerMapping -Rejected bean name 'parameterMapperImpl': no URL paths identified
00:07:27.106 qrouter [Test worker] DEBUG o.s.w.s.h.BeanNameUrlHandlerMapping -Rejected bean name 'securityMapperImpl': no URL paths identified
00:07:27.106 qrouter [Test worker] DEBUG o.s.w.s.h.BeanNameUrlHandlerMapping -Rejected bean name 'serviceModelToSwagger2MapperImpl': no URL paths identified
00:07:27.107 qrouter [Test worker] DEBUG o.s.w.s.h.BeanNameUrlHandlerMapping -Rejected bean name 'vendorExtensionsMapperImpl': no URL paths identified
00:07:27.107 qrouter [Test worker] DEBUG o.s.w.s.h.BeanNameUrlHandlerMapping -Rejected bean name 'apiDescriptionReader': no URL paths identified
00:07:27.107 qrouter [Test worker] DEBUG o.s.w.s.h.BeanNameUrlHandlerMapping -Rejected bean name 'apiDocumentationScanner': no URL paths identified
00:07:27.107 qrouter [Test worker] DEBUG o.s.w.s.h.BeanNameUrlHandlerMapping -Rejected bean name 'apiListingReferenceScanner': no URL paths identified
00:07:27.107 qrouter [Test worker] DEBUG o.s.w.s.h.BeanNameUrlHandlerMapping -Rejected bean name 'apiListingScanner': no URL paths identified
00:07:27.107 qrouter [Test worker] DEBUG o.s.w.s.h.BeanNameUrlHandlerMapping -Rejected bean name 'apiModelReader': no URL paths identified
00:07:27.107 qrouter [Test worker] DEBUG o.s.w.s.h.BeanNameUrlHandlerMapping -Rejected bean name 'mediaTypeReader': no URL paths identified
00:07:27.108 qrouter [Test worker] DEBUG o.s.w.s.h.BeanNameUrlHandlerMapping -Rejected bean name 'apiOperationReader': no URL paths identified
00:07:27.108 qrouter [Test worker] DEBUG o.s.w.s.h.BeanNameUrlHandlerMapping -Rejected bean name 'cachingOperationNameGenerator': no URL paths identified
00:07:27.108 qrouter [Test worker] DEBUG o.s.w.s.h.BeanNameUrlHandlerMapping -Rejected bean name 'defaultOperationReader': no URL paths identified
00:07:27.108 qrouter [Test worker] DEBUG o.s.w.s.h.BeanNameUrlHandlerMapping -Rejected bean name 'operationDeprecatedReader': no URL paths identified
00:07:27.109 qrouter [Test worker] DEBUG o.s.w.s.h.BeanNameUrlHandlerMapping -Rejected bean name 'operationModelsProvider': no URL paths identified
00:07:27.109 qrouter [Test worker] DEBUG o.s.w.s.h.BeanNameUrlHandlerMapping -Rejected bean name 'operationParameterReader': no URL paths identified
00:07:27.109 qrouter [Test worker] DEBUG o.s.w.s.h.BeanNameUrlHandlerMapping -Rejected bean name 'operationParameterRequestConditionReader': no URL paths identified
00:07:27.109 qrouter [Test worker] DEBUG o.s.w.s.h.BeanNameUrlHandlerMapping -Rejected bean name 'operationResponseClassReader': no URL paths identified
00:07:27.109 qrouter [Test worker] DEBUG o.s.w.s.h.BeanNameUrlHandlerMapping -Rejected bean name 'operationTagsReader': no URL paths identified
00:07:27.109 qrouter [Test worker] DEBUG o.s.w.s.h.BeanNameUrlHandlerMapping -Rejected bean name 'responseMessagesReader': no URL paths identified
00:07:27.110 qrouter [Test worker] DEBUG o.s.w.s.h.BeanNameUrlHandlerMapping -Rejected bean name 'expandedParameterBuilder': no URL paths identified
00:07:27.110 qrouter [Test worker] DEBUG o.s.w.s.h.BeanNameUrlHandlerMapping -Rejected bean name 'modelAttributeParameterExpander': no URL paths identified
00:07:27.110 qrouter [Test worker] DEBUG o.s.w.s.h.BeanNameUrlHandlerMapping -Rejected bean name 'parameterDataTypeReader': no URL paths identified
00:07:27.110 qrouter [Test worker] DEBUG o.s.w.s.h.BeanNameUrlHandlerMapping -Rejected bean name 'parameterDefaultReader': no URL paths identified
00:07:27.110 qrouter [Test worker] DEBUG o.s.w.s.h.BeanNameUrlHandlerMapping -Rejected bean name 'parameterMultiplesReader': no URL paths identified
00:07:27.110 qrouter [Test worker] DEBUG o.s.w.s.h.BeanNameUrlHandlerMapping -Rejected bean name 'parameterNameReader': no URL paths identified
00:07:27.110 qrouter [Test worker] DEBUG o.s.w.s.h.BeanNameUrlHandlerMapping -Rejected bean name 'parameterRequiredReader': no URL paths identified
00:07:27.111 qrouter [Test worker] DEBUG o.s.w.s.h.BeanNameUrlHandlerMapping -Rejected bean name 'parameterTypeReader': no URL paths identified
00:07:27.111 qrouter [Test worker] DEBUG o.s.w.s.h.BeanNameUrlHandlerMapping -Rejected bean name 'documentationPluginsBootstrapper': no URL paths identified
00:07:27.111 qrouter [Test worker] DEBUG o.s.w.s.h.BeanNameUrlHandlerMapping -Rejected bean name 'documentationPluginsManager': no URL paths identified
00:07:27.111 qrouter [Test worker] DEBUG o.s.w.s.h.BeanNameUrlHandlerMapping -Rejected bean name 'webMvcRequestHandlerProvider': no URL paths identified
00:07:27.111 qrouter [Test worker] DEBUG o.s.w.s.h.BeanNameUrlHandlerMapping -Rejected bean name 'operationPathDecorator': no URL paths identified
00:07:27.111 qrouter [Test worker] DEBUG o.s.w.s.h.BeanNameUrlHandlerMapping -Rejected bean name 'pathMappingDecorator': no URL paths identified
00:07:27.111 qrouter [Test worker] DEBUG o.s.w.s.h.BeanNameUrlHandlerMapping -Rejected bean name 'pathSanitizer': no URL paths identified
00:07:27.111 qrouter [Test worker] DEBUG o.s.w.s.h.BeanNameUrlHandlerMapping -Rejected bean name 'queryStringUriTemplateDecorator': no URL paths identified
00:07:27.112 qrouter [Test worker] DEBUG o.s.w.s.h.BeanNameUrlHandlerMapping -Rejected bean name 'defaultModelProvider': no URL paths identified
00:07:27.112 qrouter [Test worker] DEBUG o.s.w.s.h.BeanNameUrlHandlerMapping -Rejected bean name 'modelContextKeyGenerator': no URL paths identified
00:07:27.112 qrouter [Test worker] DEBUG o.s.w.s.h.BeanNameUrlHandlerMapping -Rejected bean name 'modelDependencyProvider': no URL paths identified
00:07:27.112 qrouter [Test worker] DEBUG o.s.w.s.h.BeanNameUrlHandlerMapping -Rejected bean name 'typeNameExtractor': no URL paths identified
00:07:27.112 qrouter [Test worker] DEBUG o.s.w.s.h.BeanNameUrlHandlerMapping -Rejected bean name 'schemaPluginsManager': no URL paths identified
00:07:27.112 qrouter [Test worker] DEBUG o.s.w.s.h.BeanNameUrlHandlerMapping -Rejected bean name 'default': no URL paths identified
00:07:27.112 qrouter [Test worker] DEBUG o.s.w.s.h.BeanNameUrlHandlerMapping -Rejected bean name 'modelPropertiesKeyGenerator': no URL paths identified
00:07:27.113 qrouter [Test worker] DEBUG o.s.w.s.h.BeanNameUrlHandlerMapping -Rejected bean name 'objectMapperBeanPropertyNamingStrategy': no URL paths identified
00:07:27.113 qrouter [Test worker] DEBUG o.s.w.s.h.BeanNameUrlHandlerMapping -Rejected bean name 'optimized': no URL paths identified
00:07:27.113 qrouter [Test worker] DEBUG o.s.w.s.h.BeanNameUrlHandlerMapping -Rejected bean name 'accessorsProvider': no URL paths identified
00:07:27.113 qrouter [Test worker] DEBUG o.s.w.s.h.BeanNameUrlHandlerMapping -Rejected bean name 'beanModelPropertyProvider': no URL paths identified
00:07:27.113 qrouter [Test worker] DEBUG o.s.w.s.h.BeanNameUrlHandlerMapping -Rejected bean name 'constructorModelPropertyProvider': no URL paths identified
00:07:27.113 qrouter [Test worker] DEBUG o.s.w.s.h.BeanNameUrlHandlerMapping -Rejected bean name 'fieldModelPropertyProvider': no URL paths identified
00:07:27.114 qrouter [Test worker] DEBUG o.s.w.s.h.BeanNameUrlHandlerMapping -Rejected bean name 'fieldProvider': no URL paths identified
00:07:27.114 qrouter [Test worker] DEBUG o.s.w.s.h.BeanNameUrlHandlerMapping -Rejected bean name 'apiModelBuilder': no URL paths identified
00:07:27.114 qrouter [Test worker] DEBUG o.s.w.s.h.BeanNameUrlHandlerMapping -Rejected bean name 'apiModelPropertyPropertyBuilder': no URL paths identified
00:07:27.114 qrouter [Test worker] DEBUG o.s.w.s.h.BeanNameUrlHandlerMapping -Rejected bean name 'apiModelTypeNameProvider': no URL paths identified
00:07:27.114 qrouter [Test worker] DEBUG o.s.w.s.h.BeanNameUrlHandlerMapping -Rejected bean name 'operationAuthReader': no URL paths identified
00:07:27.114 qrouter [Test worker] DEBUG o.s.w.s.h.BeanNameUrlHandlerMapping -Rejected bean name 'operationHiddenReader': no URL paths identified
00:07:27.114 qrouter [Test worker] DEBUG o.s.w.s.h.BeanNameUrlHandlerMapping -Rejected bean name 'operationHttpMethodReader': no URL paths identified
00:07:27.115 qrouter [Test worker] DEBUG o.s.w.s.h.BeanNameUrlHandlerMapping -Rejected bean name 'operationImplicitParameterReader': no URL paths identified
00:07:27.115 qrouter [Test worker] DEBUG o.s.w.s.h.BeanNameUrlHandlerMapping -Rejected bean name 'operationImplicitParametersReader': no URL paths identified
00:07:27.115 qrouter [Test worker] DEBUG o.s.w.s.h.BeanNameUrlHandlerMapping -Rejected bean name 'operationNicknameIntoUniqueIdReader': no URL paths identified
00:07:27.115 qrouter [Test worker] DEBUG o.s.w.s.h.BeanNameUrlHandlerMapping -Rejected bean name 'operationNotesReader': no URL paths identified
00:07:27.115 qrouter [Test worker] DEBUG o.s.w.s.h.BeanNameUrlHandlerMapping -Rejected bean name 'operationPositionReader': no URL paths identified
00:07:27.115 qrouter [Test worker] DEBUG o.s.w.s.h.BeanNameUrlHandlerMapping -Rejected bean name 'operationSummaryReader': no URL paths identified
00:07:27.116 qrouter [Test worker] DEBUG o.s.w.s.h.BeanNameUrlHandlerMapping -Rejected bean name 'swaggerMediaTypeReader': no URL paths identified
00:07:27.116 qrouter [Test worker] DEBUG o.s.w.s.h.BeanNameUrlHandlerMapping -Rejected bean name 'swaggerOperationModelsProvider': no URL paths identified
00:07:27.116 qrouter [Test worker] DEBUG o.s.w.s.h.BeanNameUrlHandlerMapping -Rejected bean name 'swaggerOperationResponseClassReader': no URL paths identified
00:07:27.116 qrouter [Test worker] DEBUG o.s.w.s.h.BeanNameUrlHandlerMapping -Rejected bean name 'swaggerResponseMessageReader': no URL paths identified
00:07:27.116 qrouter [Test worker] DEBUG o.s.w.s.h.BeanNameUrlHandlerMapping -Rejected bean name 'vendorExtensionsReader': no URL paths identified
00:07:27.116 qrouter [Test worker] DEBUG o.s.w.s.h.BeanNameUrlHandlerMapping -Rejected bean name 'swaggerParameterAccessReader': no URL paths identified
00:07:27.117 qrouter [Test worker] DEBUG o.s.w.s.h.BeanNameUrlHandlerMapping -Rejected bean name 'swaggerParameterAllowableReader': no URL paths identified
00:07:27.117 qrouter [Test worker] DEBUG o.s.w.s.h.BeanNameUrlHandlerMapping -Rejected bean name 'swaggerParameterDefaultReader': no URL paths identified
00:07:27.117 qrouter [Test worker] DEBUG o.s.w.s.h.BeanNameUrlHandlerMapping -Rejected bean name 'swaggerParameterDescriptionReader': no URL paths identified
00:07:27.117 qrouter [Test worker] DEBUG o.s.w.s.h.BeanNameUrlHandlerMapping -Rejected bean name 'swaggerParameterMultiplesReader': no URL paths identified
00:07:27.117 qrouter [Test worker] DEBUG o.s.w.s.h.BeanNameUrlHandlerMapping -Rejected bean name 'swaggerParameterRequiredReader': no URL paths identified
00:07:27.117 qrouter [Test worker] DEBUG o.s.w.s.h.BeanNameUrlHandlerMapping -Rejected bean name 'swaggerExpandedParameterBuilder': no URL paths identified
00:07:27.118 qrouter [Test worker] DEBUG o.s.w.s.h.BeanNameUrlHandlerMapping -Rejected bean name 'apiResourceController': no URL paths identified
00:07:27.118 qrouter [Test worker] DEBUG o.s.w.s.h.BeanNameUrlHandlerMapping -Rejected bean name 'classOrApiAnnotationResourceGrouping': no URL paths identified
00:07:27.118 qrouter [Test worker] DEBUG o.s.w.s.h.BeanNameUrlHandlerMapping -Rejected bean name 'shopLocator': no URL paths identified
00:07:27.118 qrouter [Test worker] DEBUG o.s.w.s.h.BeanNameUrlHandlerMapping -Rejected bean name 'retailShopDao': no URL paths identified
00:07:27.119 qrouter [Test worker] DEBUG o.s.w.s.h.BeanNameUrlHandlerMapping -Rejected bean name 'propertiesResolver': no URL paths identified
00:07:27.119 qrouter [Test worker] DEBUG o.s.w.s.h.BeanNameUrlHandlerMapping -Rejected bean name 'springfox.documentation.schema.configuration.ModelsConfiguration': no URL paths identified
00:07:27.119 qrouter [Test worker] DEBUG o.s.w.s.h.BeanNameUrlHandlerMapping -Rejected bean name 'typeResolver': no URL paths identified
00:07:27.119 qrouter [Test worker] DEBUG o.s.w.s.h.BeanNameUrlHandlerMapping -Rejected bean name 'modelsCache': no URL paths identified
00:07:27.119 qrouter [Test worker] DEBUG o.s.w.s.h.BeanNameUrlHandlerMapping -Rejected bean name 'modelDependenciesCache': no URL paths identified
00:07:27.119 qrouter [Test worker] DEBUG o.s.w.s.h.BeanNameUrlHandlerMapping -Rejected bean name 'modelPropertiesCache': no URL paths identified
00:07:27.119 qrouter [Test worker] DEBUG o.s.w.s.h.BeanNameUrlHandlerMapping -Rejected bean name 'modelBuilderPluginRegistry': no URL paths identified
00:07:27.120 qrouter [Test worker] DEBUG o.s.w.s.h.BeanNameUrlHandlerMapping -Rejected bean name 'modelPropertyBuilderPluginRegistry': no URL paths identified
00:07:27.120 qrouter [Test worker] DEBUG o.s.w.s.h.BeanNameUrlHandlerMapping -Rejected bean name 'typeNameProviderPluginRegistry': no URL paths identified
00:07:27.120 qrouter [Test worker] DEBUG o.s.w.s.h.BeanNameUrlHandlerMapping -Rejected bean name 'springfox.documentation.spring.web.SpringMvcDocumentationConfiguration': no URL paths identified
00:07:27.120 qrouter [Test worker] DEBUG o.s.w.s.h.BeanNameUrlHandlerMapping -Rejected bean name 'defaults': no URL paths identified
00:07:27.120 qrouter [Test worker] DEBUG o.s.w.s.h.BeanNameUrlHandlerMapping -Rejected bean name 'resourceGroupCache': no URL paths identified
00:07:27.120 qrouter [Test worker] DEBUG o.s.w.s.h.BeanNameUrlHandlerMapping -Rejected bean name 'objectMapperConfigurer': no URL paths identified
00:07:27.120 qrouter [Test worker] DEBUG o.s.w.s.h.BeanNameUrlHandlerMapping -Rejected bean name 'jsonSerializer': no URL paths identified
00:07:27.121 qrouter [Test worker] DEBUG o.s.w.s.h.BeanNameUrlHandlerMapping -Rejected bean name 'operationsKeyGenerator': no URL paths identified
00:07:27.121 qrouter [Test worker] DEBUG o.s.w.s.h.BeanNameUrlHandlerMapping -Rejected bean name 'operationsCache': no URL paths identified
00:07:27.121 qrouter [Test worker] DEBUG o.s.w.s.h.BeanNameUrlHandlerMapping -Rejected bean name 'documentationPluginRegistry': no URL paths identified
00:07:27.121 qrouter [Test worker] DEBUG o.s.w.s.h.BeanNameUrlHandlerMapping -Rejected bean name 'apiListingBuilderPluginRegistry': no URL paths identified
00:07:27.121 qrouter [Test worker] DEBUG o.s.w.s.h.BeanNameUrlHandlerMapping -Rejected bean name 'operationBuilderPluginRegistry': no URL paths identified
00:07:27.121 qrouter [Test worker] DEBUG o.s.w.s.h.BeanNameUrlHandlerMapping -Rejected bean name 'parameterBuilderPluginRegistry': no URL paths identified
00:07:27.121 qrouter [Test worker] DEBUG o.s.w.s.h.BeanNameUrlHandlerMapping -Rejected bean name 'expandedParameterBuilderPluginRegistry': no URL paths identified
00:07:27.121 qrouter [Test worker] DEBUG o.s.w.s.h.BeanNameUrlHandlerMapping -Rejected bean name 'resourceGroupingStrategyRegistry': no URL paths identified
00:07:27.122 qrouter [Test worker] DEBUG o.s.w.s.h.BeanNameUrlHandlerMapping -Rejected bean name 'operationModelsProviderPluginRegistry': no URL paths identified
00:07:27.122 qrouter [Test worker] DEBUG o.s.w.s.h.BeanNameUrlHandlerMapping -Rejected bean name 'defaultsProviderPluginRegistry': no URL paths identified
00:07:27.122 qrouter [Test worker] DEBUG o.s.w.s.h.BeanNameUrlHandlerMapping -Rejected bean name 'pathDecoratorRegistry': no URL paths identified
00:07:27.122 qrouter [Test worker] DEBUG o.s.w.s.h.BeanNameUrlHandlerMapping -Rejected bean name 'springfox.documentation.swagger.configuration.SwaggerCommonConfiguration': no URL paths identified
00:07:27.122 qrouter [Test worker] DEBUG o.s.w.s.h.BeanNameUrlHandlerMapping -Rejected bean name 'swaggerProperties': no URL paths identified
00:07:27.123 qrouter [Test worker] DEBUG o.s.w.s.h.BeanNameUrlHandlerMapping -Rejected bean name 'springfox.documentation.swagger2.configuration.Swagger2DocumentationConfiguration': no URL paths identified
00:07:27.123 qrouter [Test worker] DEBUG o.s.w.s.h.BeanNameUrlHandlerMapping -Rejected bean name 'swagger2Module': no URL paths identified
00:07:27.123 qrouter [Test worker] DEBUG o.s.w.s.h.BeanNameUrlHandlerMapping -Rejected bean name 'postsApi': no URL paths identified
00:07:27.123 qrouter [Test worker] DEBUG o.s.w.s.h.BeanNameUrlHandlerMapping -Rejected bean name 'org.springframework.boot.autoconfigure.AutoConfigurationPackages': no URL paths identified
00:07:27.123 qrouter [Test worker] DEBUG o.s.w.s.h.BeanNameUrlHandlerMapping -Rejected bean name 'org.springframework.boot.autoconfigure.condition.BeanTypeRegistry': no URL paths identified
00:07:27.123 qrouter [Test worker] DEBUG o.s.w.s.h.BeanNameUrlHandlerMapping -Rejected bean name 'org.springframework.boot.autoconfigure.context.MessageSourceAutoConfiguration': no URL paths identified
00:07:27.123 qrouter [Test worker] DEBUG o.s.w.s.h.BeanNameUrlHandlerMapping -Rejected bean name 'messageSource': no URL paths identified
00:07:27.124 qrouter [Test worker] DEBUG o.s.w.s.h.BeanNameUrlHandlerMapping -Rejected bean name 'org.springframework.boot.context.properties.ConfigurationPropertiesBindingPostProcessor': no URL paths identified
00:07:27.124 qrouter [Test worker] DEBUG o.s.w.s.h.BeanNameUrlHandlerMapping -Rejected bean name 'org.springframework.boot.context.properties.ConfigurationPropertiesBindingPostProcessor.store': no URL paths identified
00:07:27.124 qrouter [Test worker] DEBUG o.s.w.s.h.BeanNameUrlHandlerMapping -Rejected bean name 'org.springframework.boot.autoconfigure.context.PropertyPlaceholderAutoConfiguration': no URL paths identified
00:07:27.124 qrouter [Test worker] DEBUG o.s.w.s.h.BeanNameUrlHandlerMapping -Rejected bean name 'org.springframework.boot.autoconfigure.jackson.JacksonAutoConfiguration$Jackson2ObjectMapperBuilderCustomizerConfiguration': no URL paths identified
00:07:27.124 qrouter [Test worker] DEBUG o.s.w.s.h.BeanNameUrlHandlerMapping -Rejected bean name 'standardJacksonObjectMapperBuilderCustomizer': no URL paths identified
00:07:27.124 qrouter [Test worker] DEBUG o.s.w.s.h.BeanNameUrlHandlerMapping -Rejected bean name 'spring.jackson-org.springframework.boot.autoconfigure.jackson.JacksonProperties': no URL paths identified
00:07:27.125 qrouter [Test worker] DEBUG o.s.w.s.h.BeanNameUrlHandlerMapping -Rejected bean name 'org.springframework.boot.autoconfigure.jackson.JacksonAutoConfiguration$JacksonObjectMapperBuilderConfiguration': no URL paths identified
00:07:27.125 qrouter [Test worker] DEBUG o.s.w.s.h.BeanNameUrlHandlerMapping -Rejected bean name 'jacksonObjectMapperBuilder': no URL paths identified
00:07:27.125 qrouter [Test worker] DEBUG o.s.w.s.h.BeanNameUrlHandlerMapping -Rejected bean name 'org.springframework.boot.autoconfigure.jackson.JacksonAutoConfiguration$JacksonObjectMapperConfiguration': no URL paths identified
00:07:27.125 qrouter [Test worker] DEBUG o.s.w.s.h.BeanNameUrlHandlerMapping -Rejected bean name 'jacksonObjectMapper': no URL paths identified
00:07:27.125 qrouter [Test worker] DEBUG o.s.w.s.h.BeanNameUrlHandlerMapping -Rejected bean name 'org.springframework.boot.autoconfigure.jackson.JacksonAutoConfiguration': no URL paths identified
00:07:27.125 qrouter [Test worker] DEBUG o.s.w.s.h.BeanNameUrlHandlerMapping -Rejected bean name 'jsonComponentModule': no URL paths identified
00:07:27.125 qrouter [Test worker] DEBUG o.s.w.s.h.BeanNameUrlHandlerMapping -Rejected bean name 'org.springframework.boot.autoconfigure.websocket.WebSocketAutoConfiguration$TomcatWebSocketConfiguration': no URL paths identified
00:07:27.126 qrouter [Test worker] DEBUG o.s.w.s.h.BeanNameUrlHandlerMapping -Rejected bean name 'websocketContainerCustomizer': no URL paths identified
00:07:27.126 qrouter [Test worker] DEBUG o.s.w.s.h.BeanNameUrlHandlerMapping -Rejected bean name 'org.springframework.boot.autoconfigure.websocket.WebSocketAutoConfiguration': no URL paths identified
00:07:27.126 qrouter [Test worker] DEBUG o.s.w.s.h.BeanNameUrlHandlerMapping -Rejected bean name 'org.springframework.boot.autoconfigure.web.EmbeddedServletContainerAutoConfiguration$EmbeddedTomcat': no URL paths identified
00:07:27.126 qrouter [Test worker] DEBUG o.s.w.s.h.BeanNameUrlHandlerMapping -Rejected bean name 'tomcatEmbeddedServletContainerFactory': no URL paths identified
00:07:27.126 qrouter [Test worker] DEBUG o.s.w.s.h.BeanNameUrlHandlerMapping -Rejected bean name 'org.springframework.boot.autoconfigure.web.EmbeddedServletContainerAutoConfiguration': no URL paths identified
00:07:27.126 qrouter [Test worker] DEBUG o.s.w.s.h.BeanNameUrlHandlerMapping -Rejected bean name 'embeddedServletContainerCustomizerBeanPostProcessor': no URL paths identified
00:07:27.127 qrouter [Test worker] DEBUG o.s.w.s.h.BeanNameUrlHandlerMapping -Rejected bean name 'errorPageRegistrarBeanPostProcessor': no URL paths identified
00:07:27.127 qrouter [Test worker] DEBUG o.s.w.s.h.BeanNameUrlHandlerMapping -Rejected bean name 'org.springframework.boot.autoconfigure.web.DispatcherServletAutoConfiguration$DispatcherServletConfiguration': no URL paths identified
00:07:27.127 qrouter [Test worker] DEBUG o.s.w.s.h.BeanNameUrlHandlerMapping -Rejected bean name 'dispatcherServlet': no URL paths identified
00:07:27.127 qrouter [Test worker] DEBUG o.s.w.s.h.BeanNameUrlHandlerMapping -Rejected bean name 'spring.mvc-org.springframework.boot.autoconfigure.web.WebMvcProperties': no URL paths identified
00:07:27.127 qrouter [Test worker] DEBUG o.s.w.s.h.BeanNameUrlHandlerMapping -Rejected bean name 'org.springframework.boot.autoconfigure.web.DispatcherServletAutoConfiguration$DispatcherServletRegistrationConfiguration': no URL paths identified
00:07:27.128 qrouter [Test worker] DEBUG o.s.w.s.h.BeanNameUrlHandlerMapping -Rejected bean name 'dispatcherServletRegistration': no URL paths identified
00:07:27.128 qrouter [Test worker] DEBUG o.s.w.s.h.BeanNameUrlHandlerMapping -Rejected bean name 'org.springframework.boot.autoconfigure.web.DispatcherServletAutoConfiguration': no URL paths identified
00:07:27.128 qrouter [Test worker] DEBUG o.s.w.s.h.BeanNameUrlHandlerMapping -Rejected bean name 'org.springframework.boot.autoconfigure.validation.ValidationAutoConfiguration': no URL paths identified
00:07:27.128 qrouter [Test worker] DEBUG o.s.w.s.h.BeanNameUrlHandlerMapping -Rejected bean name 'defaultValidator': no URL paths identified
00:07:27.129 qrouter [Test worker] DEBUG o.s.w.s.h.BeanNameUrlHandlerMapping -Rejected bean name 'methodValidationPostProcessor': no URL paths identified
00:07:27.129 qrouter [Test worker] DEBUG o.s.w.s.h.BeanNameUrlHandlerMapping -Rejected bean name 'org.springframework.boot.autoconfigure.web.ErrorMvcAutoConfiguration$WhitelabelErrorViewConfiguration': no URL paths identified
00:07:27.129 qrouter [Test worker] DEBUG o.s.w.s.h.BeanNameUrlHandlerMapping -Rejected bean name 'error': no URL paths identified
00:07:27.129 qrouter [Test worker] DEBUG o.s.w.s.h.BeanNameUrlHandlerMapping -Rejected bean name 'beanNameViewResolver': no URL paths identified
00:07:27.129 qrouter [Test worker] DEBUG o.s.w.s.h.BeanNameUrlHandlerMapping -Rejected bean name 'org.springframework.boot.autoconfigure.web.ErrorMvcAutoConfiguration$DefaultErrorViewResolverConfiguration': no URL paths identified
00:07:27.129 qrouter [Test worker] DEBUG o.s.w.s.h.BeanNameUrlHandlerMapping -Rejected bean name 'conventionErrorViewResolver': no URL paths identified
00:07:27.129 qrouter [Test worker] DEBUG o.s.w.s.h.BeanNameUrlHandlerMapping -Rejected bean name 'org.springframework.boot.autoconfigure.web.ErrorMvcAutoConfiguration': no URL paths identified
00:07:27.130 qrouter [Test worker] DEBUG o.s.w.s.h.BeanNameUrlHandlerMapping -Rejected bean name 'errorAttributes': no URL paths identified
00:07:27.130 qrouter [Test worker] DEBUG o.s.w.s.h.BeanNameUrlHandlerMapping -Rejected bean name 'basicErrorController': no URL paths identified
00:07:27.130 qrouter [Test worker] DEBUG o.s.w.s.h.BeanNameUrlHandlerMapping -Rejected bean name 'errorPageCustomizer': no URL paths identified
00:07:27.130 qrouter [Test worker] DEBUG o.s.w.s.h.BeanNameUrlHandlerMapping -Rejected bean name 'preserveErrorControllerTargetClassPostProcessor': no URL paths identified
00:07:27.131 qrouter [Test worker] DEBUG o.s.w.s.h.BeanNameUrlHandlerMapping -Rejected bean name 'spring.resources-org.springframework.boot.autoconfigure.web.ResourceProperties': no URL paths identified
00:07:27.131 qrouter [Test worker] DEBUG o.s.w.s.h.BeanNameUrlHandlerMapping -Rejected bean name 'org.springframework.boot.autoconfigure.web.WebMvcAutoConfiguration$EnableWebMvcConfiguration': no URL paths identified
00:07:27.131 qrouter [Test worker] DEBUG o.s.w.s.h.BeanNameUrlHandlerMapping -Rejected bean name 'requestMappingHandlerAdapter': no URL paths identified
00:07:27.131 qrouter [Test worker] DEBUG o.s.w.s.h.BeanNameUrlHandlerMapping -Rejected bean name 'requestMappingHandlerMapping': no URL paths identified
00:07:27.131 qrouter [Test worker] DEBUG o.s.w.s.h.BeanNameUrlHandlerMapping -Rejected bean name 'mvcValidator': no URL paths identified
00:07:27.131 qrouter [Test worker] DEBUG o.s.w.s.h.BeanNameUrlHandlerMapping -Rejected bean name 'mvcContentNegotiationManager': no URL paths identified
00:07:27.131 qrouter [Test worker] DEBUG o.s.w.s.h.BeanNameUrlHandlerMapping -Rejected bean name 'mvcPathMatcher': no URL paths identified
00:07:27.131 qrouter [Test worker] DEBUG o.s.w.s.h.BeanNameUrlHandlerMapping -Rejected bean name 'mvcUrlPathHelper': no URL paths identified
00:07:27.132 qrouter [Test worker] DEBUG o.s.w.s.h.BeanNameUrlHandlerMapping -Rejected bean name 'viewControllerHandlerMapping': no URL paths identified
00:07:27.132 qrouter [Test worker] DEBUG o.s.w.s.h.BeanNameUrlHandlerMapping -Rejected bean name 'beanNameHandlerMapping': no URL paths identified
00:07:27.132 qrouter [Test worker] DEBUG o.s.w.s.h.BeanNameUrlHandlerMapping -Rejected bean name 'resourceHandlerMapping': no URL paths identified
00:07:27.132 qrouter [Test worker] DEBUG o.s.w.s.h.BeanNameUrlHandlerMapping -Rejected bean name 'mvcResourceUrlProvider': no URL paths identified
00:07:27.132 qrouter [Test worker] DEBUG o.s.w.s.h.BeanNameUrlHandlerMapping -Rejected bean name 'defaultServletHandlerMapping': no URL paths identified
00:07:27.132 qrouter [Test worker] DEBUG o.s.w.s.h.BeanNameUrlHandlerMapping -Rejected bean name 'mvcConversionService': no URL paths identified
00:07:27.132 qrouter [Test worker] DEBUG o.s.w.s.h.BeanNameUrlHandlerMapping -Rejected bean name 'mvcUriComponentsContributor': no URL paths identified
00:07:27.132 qrouter [Test worker] DEBUG o.s.w.s.h.BeanNameUrlHandlerMapping -Rejected bean name 'httpRequestHandlerAdapter': no URL paths identified
00:07:27.132 qrouter [Test worker] DEBUG o.s.w.s.h.BeanNameUrlHandlerMapping -Rejected bean name 'simpleControllerHandlerAdapter': no URL paths identified
00:07:27.133 qrouter [Test worker] DEBUG o.s.w.s.h.BeanNameUrlHandlerMapping -Rejected bean name 'handlerExceptionResolver': no URL paths identified
00:07:27.133 qrouter [Test worker] DEBUG o.s.w.s.h.BeanNameUrlHandlerMapping -Rejected bean name 'mvcViewResolver': no URL paths identified
00:07:27.133 qrouter [Test worker] DEBUG o.s.w.s.h.BeanNameUrlHandlerMapping -Rejected bean name 'org.springframework.boot.autoconfigure.web.WebMvcAutoConfiguration$WebMvcAutoConfigurationAdapter$FaviconConfiguration': no URL paths identified
00:07:27.133 qrouter [Test worker] DEBUG o.s.w.s.h.BeanNameUrlHandlerMapping -Rejected bean name 'faviconHandlerMapping': no URL paths identified
00:07:27.133 qrouter [Test worker] DEBUG o.s.w.s.h.BeanNameUrlHandlerMapping -Rejected bean name 'faviconRequestHandler': no URL paths identified
00:07:27.133 qrouter [Test worker] DEBUG o.s.w.s.h.BeanNameUrlHandlerMapping -Rejected bean name 'org.springframework.boot.autoconfigure.web.WebMvcAutoConfiguration$WebMvcAutoConfigurationAdapter': no URL paths identified
00:07:27.133 qrouter [Test worker] DEBUG o.s.w.s.h.BeanNameUrlHandlerMapping -Rejected bean name 'defaultViewResolver': no URL paths identified
00:07:27.133 qrouter [Test worker] DEBUG o.s.w.s.h.BeanNameUrlHandlerMapping -Rejected bean name 'viewResolver': no URL paths identified
00:07:27.133 qrouter [Test worker] DEBUG o.s.w.s.h.BeanNameUrlHandlerMapping -Rejected bean name 'welcomePageHandlerMapping': no URL paths identified
00:07:27.134 qrouter [Test worker] DEBUG o.s.w.s.h.BeanNameUrlHandlerMapping -Rejected bean name 'requestContextFilter': no URL paths identified
00:07:27.134 qrouter [Test worker] DEBUG o.s.w.s.h.BeanNameUrlHandlerMapping -Rejected bean name 'org.springframework.boot.autoconfigure.web.WebMvcAutoConfiguration': no URL paths identified
00:07:27.134 qrouter [Test worker] DEBUG o.s.w.s.h.BeanNameUrlHandlerMapping -Rejected bean name 'hiddenHttpMethodFilter': no URL paths identified
00:07:27.134 qrouter [Test worker] DEBUG o.s.w.s.h.BeanNameUrlHandlerMapping -Rejected bean name 'httpPutFormContentFilter': no URL paths identified
00:07:27.134 qrouter [Test worker] DEBUG o.s.w.s.h.BeanNameUrlHandlerMapping -Rejected bean name 'org.springframework.boot.autoconfigure.aop.AopAutoConfiguration$JdkDynamicAutoProxyConfiguration': no URL paths identified
00:07:27.134 qrouter [Test worker] DEBUG o.s.w.s.h.BeanNameUrlHandlerMapping -Rejected bean name 'org.springframework.aop.config.internalAutoProxyCreator': no URL paths identified
00:07:27.134 qrouter [Test worker] DEBUG o.s.w.s.h.BeanNameUrlHandlerMapping -Rejected bean name 'org.springframework.boot.autoconfigure.aop.AopAutoConfiguration': no URL paths identified
00:07:27.134 qrouter [Test worker] DEBUG o.s.w.s.h.BeanNameUrlHandlerMapping -Rejected bean name 'org.springframework.boot.autoconfigure.transaction.jta.JtaAutoConfiguration': no URL paths identified
00:07:27.134 qrouter [Test worker] DEBUG o.s.w.s.h.BeanNameUrlHandlerMapping -Rejected bean name 'spring.jta-org.springframework.boot.autoconfigure.transaction.jta.JtaProperties': no URL paths identified
00:07:27.135 qrouter [Test worker] DEBUG o.s.w.s.h.BeanNameUrlHandlerMapping -Rejected bean name 'org.springframework.boot.autoconfigure.jdbc.DataSourceConfiguration$Tomcat': no URL paths identified
00:07:27.135 qrouter [Test worker] DEBUG o.s.w.s.h.BeanNameUrlHandlerMapping -Rejected bean name 'dataSource': no URL paths identified
00:07:27.135 qrouter [Test worker] DEBUG o.s.w.s.h.BeanNameUrlHandlerMapping -Rejected bean name 'org.springframework.boot.autoconfigure.jdbc.DataSourceAutoConfiguration$PooledDataSourceConfiguration': no URL paths identified
00:07:27.135 qrouter [Test worker] DEBUG o.s.w.s.h.BeanNameUrlHandlerMapping -Rejected bean name 'org.springframework.boot.autoconfigure.jdbc.metadata.DataSourcePoolMetadataProvidersConfiguration$TomcatDataSourcePoolMetadataProviderConfiguration': no URL paths identified
00:07:27.136 qrouter [Test worker] DEBUG o.s.w.s.h.BeanNameUrlHandlerMapping -Rejected bean name 'tomcatPoolDataSourceMetadataProvider': no URL paths identified
00:07:27.136 qrouter [Test worker] DEBUG o.s.w.s.h.BeanNameUrlHandlerMapping -Rejected bean name 'org.springframework.boot.autoconfigure.jdbc.metadata.DataSourcePoolMetadataProvidersConfiguration': no URL paths identified
00:07:27.136 qrouter [Test worker] DEBUG o.s.w.s.h.BeanNameUrlHandlerMapping -Rejected bean name 'org.springframework.boot.autoconfigure.jdbc.DataSourceAutoConfiguration': no URL paths identified
00:07:27.136 qrouter [Test worker] DEBUG o.s.w.s.h.BeanNameUrlHandlerMapping -Rejected bean name 'dataSourceInitializer': no URL paths identified
00:07:27.136 qrouter [Test worker] DEBUG o.s.w.s.h.BeanNameUrlHandlerMapping -Rejected bean name 'spring.datasource-org.springframework.boot.autoconfigure.jdbc.DataSourceProperties': no URL paths identified
00:07:27.136 qrouter [Test worker] DEBUG o.s.w.s.h.BeanNameUrlHandlerMapping -Rejected bean name 'dataSourceInitializerPostProcessor': no URL paths identified
00:07:27.137 qrouter [Test worker] DEBUG o.s.w.s.h.BeanNameUrlHandlerMapping -Rejected bean name 'org.springframework.boot.autoconfigure.orm.jpa.JpaBaseConfiguration$JpaWebConfiguration$JpaWebMvcConfiguration': no URL paths identified
00:07:27.137 qrouter [Test worker] DEBUG o.s.w.s.h.BeanNameUrlHandlerMapping -Rejected bean name 'openEntityManagerInViewInterceptor': no URL paths identified
00:07:27.137 qrouter [Test worker] DEBUG o.s.w.s.h.BeanNameUrlHandlerMapping -Rejected bean name 'org.springframework.boot.autoconfigure.orm.jpa.JpaBaseConfiguration$JpaWebConfiguration': no URL paths identified
00:07:27.137 qrouter [Test worker] DEBUG o.s.w.s.h.BeanNameUrlHandlerMapping -Rejected bean name 'org.springframework.boot.autoconfigure.orm.jpa.HibernateJpaAutoConfiguration': no URL paths identified
00:07:27.137 qrouter [Test worker] DEBUG o.s.w.s.h.BeanNameUrlHandlerMapping -Rejected bean name 'transactionManager': no URL paths identified
00:07:27.138 qrouter [Test worker] DEBUG o.s.w.s.h.BeanNameUrlHandlerMapping -Rejected bean name 'jpaVendorAdapter': no URL paths identified
00:07:27.138 qrouter [Test worker] DEBUG o.s.w.s.h.BeanNameUrlHandlerMapping -Rejected bean name 'entityManagerFactoryBuilder': no URL paths identified
00:07:27.138 qrouter [Test worker] DEBUG o.s.w.s.h.BeanNameUrlHandlerMapping -Rejected bean name 'entityManagerFactory': no URL paths identified
00:07:27.138 qrouter [Test worker] DEBUG o.s.w.s.h.BeanNameUrlHandlerMapping -Rejected bean name 'spring.jpa-org.springframework.boot.autoconfigure.orm.jpa.JpaProperties': no URL paths identified
00:07:27.138 qrouter [Test worker] DEBUG o.s.w.s.h.BeanNameUrlHandlerMapping -Rejected bean name 'dataSourceInitializedPublisher': no URL paths identified
00:07:27.138 qrouter [Test worker] DEBUG o.s.w.s.h.BeanNameUrlHandlerMapping -Rejected bean name 'org.springframework.boot.autoconfigure.context.ConfigurationPropertiesAutoConfiguration': no URL paths identified
00:07:27.138 qrouter [Test worker] DEBUG o.s.w.s.h.BeanNameUrlHandlerMapping -Rejected bean name 'org.springframework.boot.autoconfigure.dao.PersistenceExceptionTranslationAutoConfiguration': no URL paths identified
00:07:27.139 qrouter [Test worker] DEBUG o.s.w.s.h.BeanNameUrlHandlerMapping -Rejected bean name 'persistenceExceptionTranslationPostProcessor': no URL paths identified
00:07:27.139 qrouter [Test worker] DEBUG o.s.w.s.h.BeanNameUrlHandlerMapping -Rejected bean name 'org.springframework.boot.autoconfigure.data.jpa.JpaRepositoriesAutoConfiguration': no URL paths identified
00:07:27.139 qrouter [Test worker] DEBUG o.s.w.s.h.BeanNameUrlHandlerMapping -Rejected bean name 'emBeanDefinitionRegistrarPostProcessor': no URL paths identified
00:07:27.139 qrouter [Test worker] DEBUG o.s.w.s.h.BeanNameUrlHandlerMapping -Rejected bean name 'jpaMappingContext': no URL paths identified
00:07:27.139 qrouter [Test worker] DEBUG o.s.w.s.h.BeanNameUrlHandlerMapping -Rejected bean name 'jpaContext': no URL paths identified
00:07:27.140 qrouter [Test worker] DEBUG o.s.w.s.h.BeanNameUrlHandlerMapping -Rejected bean name 'org.springframework.boot.autoconfigure.gson.GsonAutoConfiguration': no URL paths identified
00:07:27.140 qrouter [Test worker] DEBUG o.s.w.s.h.BeanNameUrlHandlerMapping -Rejected bean name 'gson': no URL paths identified
00:07:27.140 qrouter [Test worker] DEBUG o.s.w.s.h.BeanNameUrlHandlerMapping -Rejected bean name 'org.springframework.boot.autoconfigure.web.HttpMessageConvertersAutoConfiguration$StringHttpMessageConverterConfiguration': no URL paths identified
00:07:27.140 qrouter [Test worker] DEBUG o.s.w.s.h.BeanNameUrlHandlerMapping -Rejected bean name 'stringHttpMessageConverter': no URL paths identified
00:07:27.140 qrouter [Test worker] DEBUG o.s.w.s.h.BeanNameUrlHandlerMapping -Rejected bean name 'spring.http.encoding-org.springframework.boot.autoconfigure.web.HttpEncodingProperties': no URL paths identified
00:07:27.140 qrouter [Test worker] DEBUG o.s.w.s.h.BeanNameUrlHandlerMapping -Rejected bean name 'org.springframework.boot.autoconfigure.web.JacksonHttpMessageConvertersConfiguration$MappingJackson2HttpMessageConverterConfiguration': no URL paths identified
00:07:27.141 qrouter [Test worker] DEBUG o.s.w.s.h.BeanNameUrlHandlerMapping -Rejected bean name 'mappingJackson2HttpMessageConverter': no URL paths identified
00:07:27.141 qrouter [Test worker] DEBUG o.s.w.s.h.BeanNameUrlHandlerMapping -Rejected bean name 'org.springframework.boot.autoconfigure.web.JacksonHttpMessageConvertersConfiguration': no URL paths identified
00:07:27.141 qrouter [Test worker] DEBUG o.s.w.s.h.BeanNameUrlHandlerMapping -Rejected bean name 'org.springframework.boot.autoconfigure.web.GsonHttpMessageConvertersConfiguration': no URL paths identified
00:07:27.141 qrouter [Test worker] DEBUG o.s.w.s.h.BeanNameUrlHandlerMapping -Rejected bean name 'org.springframework.boot.autoconfigure.web.HttpMessageConvertersAutoConfiguration': no URL paths identified
00:07:27.141 qrouter [Test worker] DEBUG o.s.w.s.h.BeanNameUrlHandlerMapping -Rejected bean name 'messageConverters': no URL paths identified
00:07:27.141 qrouter [Test worker] DEBUG o.s.w.s.h.BeanNameUrlHandlerMapping -Rejected bean name 'org.springframework.data.web.config.HateoasAwareSpringDataWebConfiguration': no URL paths identified
00:07:27.141 qrouter [Test worker] DEBUG o.s.w.s.h.BeanNameUrlHandlerMapping -Rejected bean name 'pageableResolver': no URL paths identified
00:07:27.141 qrouter [Test worker] DEBUG o.s.w.s.h.BeanNameUrlHandlerMapping -Rejected bean name 'sortResolver': no URL paths identified
00:07:27.142 qrouter [Test worker] DEBUG o.s.w.s.h.BeanNameUrlHandlerMapping -Rejected bean name 'pagedResourcesAssembler': no URL paths identified
00:07:27.142 qrouter [Test worker] DEBUG o.s.w.s.h.BeanNameUrlHandlerMapping -Rejected bean name 'pagedResourcesAssemblerArgumentResolver': no URL paths identified
00:07:27.142 qrouter [Test worker] DEBUG o.s.w.s.h.BeanNameUrlHandlerMapping -Rejected bean name 'org.springframework.data.web.config.SpringDataJacksonConfiguration': no URL paths identified
00:07:27.142 qrouter [Test worker] DEBUG o.s.w.s.h.BeanNameUrlHandlerMapping -Rejected bean name 'jacksonGeoModule': no URL paths identified
00:07:27.142 qrouter [Test worker] DEBUG o.s.w.s.h.BeanNameUrlHandlerMapping -Rejected bean name 'org.springframework.boot.autoconfigure.data.web.SpringDataWebAutoConfiguration': no URL paths identified
00:07:27.142 qrouter [Test worker] DEBUG o.s.w.s.h.BeanNameUrlHandlerMapping -Rejected bean name 'org.springframework.boot.autoconfigure.h2.H2ConsoleAutoConfiguration': no URL paths identified
00:07:27.143 qrouter [Test worker] DEBUG o.s.w.s.h.BeanNameUrlHandlerMapping -Rejected bean name 'h2Console': no URL paths identified
00:07:27.143 qrouter [Test worker] DEBUG o.s.w.s.h.BeanNameUrlHandlerMapping -Rejected bean name 'spring.h2.console-org.springframework.boot.autoconfigure.h2.H2ConsoleProperties': no URL paths identified
00:07:27.143 qrouter [Test worker] DEBUG o.s.w.s.h.BeanNameUrlHandlerMapping -Rejected bean name 'org.springframework.boot.autoconfigure.hateoas.HypermediaAutoConfiguration$EntityLinksConfiguration': no URL paths identified
00:07:27.143 qrouter [Test worker] DEBUG o.s.w.s.h.BeanNameUrlHandlerMapping -Rejected bean name 'entityLinksPluginRegistry': no URL paths identified
00:07:27.143 qrouter [Test worker] DEBUG o.s.w.s.h.BeanNameUrlHandlerMapping -Rejected bean name 'controllerEntityLinks': no URL paths identified
00:07:27.143 qrouter [Test worker] DEBUG o.s.w.s.h.BeanNameUrlHandlerMapping -Rejected bean name 'delegatingEntityLinks': no URL paths identified
00:07:27.143 qrouter [Test worker] DEBUG o.s.w.s.h.BeanNameUrlHandlerMapping -Rejected bean name 'org.springframework.hateoas.config.HateoasConfiguration': no URL paths identified
00:07:27.144 qrouter [Test worker] DEBUG o.s.w.s.h.BeanNameUrlHandlerMapping -Rejected bean name 'linkRelationMessageSource': no URL paths identified
00:07:27.144 qrouter [Test worker] DEBUG o.s.w.s.h.BeanNameUrlHandlerMapping -Rejected bean name 'org.springframework.boot.autoconfigure.hateoas.HypermediaAutoConfiguration$HypermediaConfiguration': no URL paths identified
00:07:27.144 qrouter [Test worker] DEBUG o.s.w.s.h.BeanNameUrlHandlerMapping -Rejected bean name 'halObjectMapperConfigurer': no URL paths identified
00:07:27.144 qrouter [Test worker] DEBUG o.s.w.s.h.BeanNameUrlHandlerMapping -Rejected bean name 'org.springframework.hateoas.hal.HalLinkDiscoverer#0': no URL paths identified
00:07:27.144 qrouter [Test worker] DEBUG o.s.w.s.h.BeanNameUrlHandlerMapping -Rejected bean name '_halObjectMapper': no URL paths identified
00:07:27.144 qrouter [Test worker] DEBUG o.s.w.s.h.BeanNameUrlHandlerMapping -Rejected bean name 'org.springframework.hateoas.config.HypermediaSupportBeanDefinitionRegistrar$DefaultObjectMapperCustomizer#0': no URL paths identified
00:07:27.145 qrouter [Test worker] DEBUG o.s.w.s.h.BeanNameUrlHandlerMapping -Rejected bean name 'org.springframework.hateoas.config.HypermediaSupportBeanDefinitionRegistrar$Jackson2ModuleRegisteringBeanPostProcessor#0': no URL paths identified
00:07:27.145 qrouter [Test worker] DEBUG o.s.w.s.h.BeanNameUrlHandlerMapping -Rejected bean name '_linkDiscovererRegistry': no URL paths identified
00:07:27.145 qrouter [Test worker] DEBUG o.s.w.s.h.BeanNameUrlHandlerMapping -Rejected bean name 'org.springframework.hateoas.LinkDiscoverers#0': no URL paths identified
00:07:27.145 qrouter [Test worker] DEBUG o.s.w.s.h.BeanNameUrlHandlerMapping -Rejected bean name 'defaultRelProvider': no URL paths identified
00:07:27.145 qrouter [Test worker] DEBUG o.s.w.s.h.BeanNameUrlHandlerMapping -Rejected bean name 'annotationRelProvider': no URL paths identified
00:07:27.146 qrouter [Test worker] DEBUG o.s.w.s.h.BeanNameUrlHandlerMapping -Rejected bean name 'relProviderPluginRegistry': no URL paths identified
00:07:27.146 qrouter [Test worker] DEBUG o.s.w.s.h.BeanNameUrlHandlerMapping -Rejected bean name '_relProvider': no URL paths identified
00:07:27.146 qrouter [Test worker] DEBUG o.s.w.s.h.BeanNameUrlHandlerMapping -Rejected bean name 'org.springframework.boot.autoconfigure.hateoas.HypermediaHttpMessageConverterConfiguration': no URL paths identified
00:07:27.146 qrouter [Test worker] DEBUG o.s.w.s.h.BeanNameUrlHandlerMapping -Rejected bean name 'halMessageConverterSupportedMediaTypeCustomizer': no URL paths identified
00:07:27.146 qrouter [Test worker] DEBUG o.s.w.s.h.BeanNameUrlHandlerMapping -Rejected bean name 'org.springframework.boot.autoconfigure.hateoas.HypermediaAutoConfiguration': no URL paths identified
00:07:27.147 qrouter [Test worker] DEBUG o.s.w.s.h.BeanNameUrlHandlerMapping -Rejected bean name 'spring.hateoas-org.springframework.boot.autoconfigure.hateoas.HateoasProperties': no URL paths identified
00:07:27.147 qrouter [Test worker] DEBUG o.s.w.s.h.BeanNameUrlHandlerMapping -Rejected bean name 'org.springframework.boot.autoconfigure.info.ProjectInfoAutoConfiguration': no URL paths identified
00:07:27.147 qrouter [Test worker] DEBUG o.s.w.s.h.BeanNameUrlHandlerMapping -Rejected bean name 'spring.info-org.springframework.boot.autoconfigure.info.ProjectInfoProperties': no URL paths identified
00:07:27.147 qrouter [Test worker] DEBUG o.s.w.s.h.BeanNameUrlHandlerMapping -Rejected bean name 'org.springframework.boot.autoconfigure.jdbc.DataSourceTransactionManagerAutoConfiguration$DataSourceTransactionManagerConfiguration': no URL paths identified
00:07:27.148 qrouter [Test worker] DEBUG o.s.w.s.h.BeanNameUrlHandlerMapping -Rejected bean name 'org.springframework.boot.autoconfigure.jdbc.DataSourceTransactionManagerAutoConfiguration': no URL paths identified
00:07:27.148 qrouter [Test worker] DEBUG o.s.w.s.h.BeanNameUrlHandlerMapping -Rejected bean name 'org.springframework.boot.autoconfigure.jdbc.JdbcTemplateAutoConfiguration': no URL paths identified
00:07:27.148 qrouter [Test worker] DEBUG o.s.w.s.h.BeanNameUrlHandlerMapping -Rejected bean name 'jdbcTemplate': no URL paths identified
00:07:27.148 qrouter [Test worker] DEBUG o.s.w.s.h.BeanNameUrlHandlerMapping -Rejected bean name 'namedParameterJdbcTemplate': no URL paths identified
00:07:27.148 qrouter [Test worker] DEBUG o.s.w.s.h.BeanNameUrlHandlerMapping -Rejected bean name 'org.springframework.transaction.annotation.ProxyTransactionManagementConfiguration': no URL paths identified
00:07:27.148 qrouter [Test worker] DEBUG o.s.w.s.h.BeanNameUrlHandlerMapping -Rejected bean name 'org.springframework.transaction.config.internalTransactionAdvisor': no URL paths identified
00:07:27.148 qrouter [Test worker] DEBUG o.s.w.s.h.BeanNameUrlHandlerMapping -Rejected bean name 'transactionAttributeSource': no URL paths identified
00:07:27.149 qrouter [Test worker] DEBUG o.s.w.s.h.BeanNameUrlHandlerMapping -Rejected bean name 'transactionInterceptor': no URL paths identified
00:07:27.149 qrouter [Test worker] DEBUG o.s.w.s.h.BeanNameUrlHandlerMapping -Rejected bean name 'org.springframework.transaction.config.internalTransactionalEventListenerFactory': no URL paths identified
00:07:27.149 qrouter [Test worker] DEBUG o.s.w.s.h.BeanNameUrlHandlerMapping -Rejected bean name 'org.springframework.boot.autoconfigure.transaction.TransactionAutoConfiguration$EnableTransactionManagementConfiguration$CglibAutoProxyConfiguration': no URL paths identified
00:07:27.149 qrouter [Test worker] DEBUG o.s.w.s.h.BeanNameUrlHandlerMapping -Rejected bean name 'org.springframework.boot.autoconfigure.transaction.TransactionAutoConfiguration$EnableTransactionManagementConfiguration': no URL paths identified
00:07:27.149 qrouter [Test worker] DEBUG o.s.w.s.h.BeanNameUrlHandlerMapping -Rejected bean name 'org.springframework.boot.autoconfigure.transaction.TransactionAutoConfiguration$TransactionTemplateConfiguration': no URL paths identified
00:07:27.150 qrouter [Test worker] DEBUG o.s.w.s.h.BeanNameUrlHandlerMapping -Rejected bean name 'transactionTemplate': no URL paths identified
00:07:27.150 qrouter [Test worker] DEBUG o.s.w.s.h.BeanNameUrlHandlerMapping -Rejected bean name 'org.springframework.boot.autoconfigure.transaction.TransactionAutoConfiguration': no URL paths identified
00:07:27.150 qrouter [Test worker] DEBUG o.s.w.s.h.BeanNameUrlHandlerMapping -Rejected bean name 'platformTransactionManagerCustomizers': no URL paths identified
00:07:27.150 qrouter [Test worker] DEBUG o.s.w.s.h.BeanNameUrlHandlerMapping -Rejected bean name 'spring.transaction-org.springframework.boot.autoconfigure.transaction.TransactionProperties': no URL paths identified
00:07:27.150 qrouter [Test worker] DEBUG o.s.w.s.h.BeanNameUrlHandlerMapping -Rejected bean name 'org.springframework.boot.autoconfigure.web.HttpEncodingAutoConfiguration': no URL paths identified
00:07:27.150 qrouter [Test worker] DEBUG o.s.w.s.h.BeanNameUrlHandlerMapping -Rejected bean name 'characterEncodingFilter': no URL paths identified
00:07:27.151 qrouter [Test worker] DEBUG o.s.w.s.h.BeanNameUrlHandlerMapping -Rejected bean name 'localeCharsetMappingsCustomizer': no URL paths identified
00:07:27.151 qrouter [Test worker] DEBUG o.s.w.s.h.BeanNameUrlHandlerMapping -Rejected bean name 'org.springframework.boot.autoconfigure.web.MultipartAutoConfiguration': no URL paths identified
00:07:27.151 qrouter [Test worker] DEBUG o.s.w.s.h.BeanNameUrlHandlerMapping -Rejected bean name 'multipartConfigElement': no URL paths identified
00:07:27.151 qrouter [Test worker] DEBUG o.s.w.s.h.BeanNameUrlHandlerMapping -Rejected bean name 'multipartResolver': no URL paths identified
00:07:27.151 qrouter [Test worker] DEBUG o.s.w.s.h.BeanNameUrlHandlerMapping -Rejected bean name 'spring.http.multipart-org.springframework.boot.autoconfigure.web.MultipartProperties': no URL paths identified
00:07:27.151 qrouter [Test worker] DEBUG o.s.w.s.h.BeanNameUrlHandlerMapping -Rejected bean name 'org.springframework.boot.autoconfigure.web.ServerPropertiesAutoConfiguration': no URL paths identified
00:07:27.152 qrouter [Test worker] DEBUG o.s.w.s.h.BeanNameUrlHandlerMapping -Rejected bean name 'serverProperties': no URL paths identified
00:07:27.152 qrouter [Test worker] DEBUG o.s.w.s.h.BeanNameUrlHandlerMapping -Rejected bean name 'duplicateServerPropertiesDetector': no URL paths identified
00:07:27.152 qrouter [Test worker] DEBUG o.s.w.s.h.BeanNameUrlHandlerMapping -Rejected bean name 'org.springframework.boot.autoconfigure.web.WebClientAutoConfiguration$RestTemplateConfiguration': no URL paths identified
00:07:27.152 qrouter [Test worker] DEBUG o.s.w.s.h.BeanNameUrlHandlerMapping -Rejected bean name 'restTemplateBuilder': no URL paths identified
00:07:27.152 qrouter [Test worker] DEBUG o.s.w.s.h.BeanNameUrlHandlerMapping -Rejected bean name 'org.springframework.boot.autoconfigure.web.WebClientAutoConfiguration': no URL paths identified
00:07:27.153 qrouter [Test worker] DEBUG o.s.w.s.h.BeanNameUrlHandlerMapping -Rejected bean name 'org.springframework.orm.jpa.SharedEntityManagerCreator#0': no URL paths identified
00:07:27.153 qrouter [Test worker] DEBUG o.s.w.s.h.BeanNameUrlHandlerMapping -Rejected bean name 'autoConfigurationReport': no URL paths identified
00:07:27.153 qrouter [Test worker] DEBUG o.s.w.s.h.BeanNameUrlHandlerMapping -Rejected bean name 'org.springframework.boot.test.context.filter.TestTypeExcludeFilter': no URL paths identified
00:07:27.154 qrouter [Test worker] DEBUG o.s.w.s.h.BeanNameUrlHandlerMapping -Rejected bean name 'org.springframework.boot.test.autoconfigure.properties.PropertyMappingContextCustomizer$PropertyMappingCheckBeanPostProcessor': no URL paths identified
00:07:27.154 qrouter [Test worker] DEBUG o.s.w.s.h.BeanNameUrlHandlerMapping -Rejected bean name 'springApplicationArguments': no URL paths identified
00:07:27.154 qrouter [Test worker] DEBUG o.s.w.s.h.BeanNameUrlHandlerMapping -Rejected bean name 'springBootBanner': no URL paths identified
00:07:27.154 qrouter [Test worker] DEBUG o.s.w.s.h.BeanNameUrlHandlerMapping -Rejected bean name 'springBootLoggingSystem': no URL paths identified
00:07:27.155 qrouter [Test worker] DEBUG o.s.w.s.h.BeanNameUrlHandlerMapping -Rejected bean name 'environment': no URL paths identified
00:07:27.155 qrouter [Test worker] DEBUG o.s.w.s.h.BeanNameUrlHandlerMapping -Rejected bean name 'systemProperties': no URL paths identified
00:07:27.155 qrouter [Test worker] DEBUG o.s.w.s.h.BeanNameUrlHandlerMapping -Rejected bean name 'systemEnvironment': no URL paths identified
00:07:27.155 qrouter [Test worker] DEBUG o.s.w.s.h.BeanNameUrlHandlerMapping -Rejected bean name 'servletContext': no URL paths identified
00:07:27.155 qrouter [Test worker] DEBUG o.s.w.s.h.BeanNameUrlHandlerMapping -Rejected bean name 'contextParameters': no URL paths identified
00:07:27.155 qrouter [Test worker] DEBUG o.s.w.s.h.BeanNameUrlHandlerMapping -Rejected bean name 'contextAttributes': no URL paths identified
00:07:27.155 qrouter [Test worker] DEBUG o.s.w.s.h.BeanNameUrlHandlerMapping -Rejected bean name 'org.springframework.context.annotation.ConfigurationClassPostProcessor.importRegistry': no URL paths identified
00:07:27.156 qrouter [Test worker] DEBUG o.s.w.s.h.BeanNameUrlHandlerMapping -Rejected bean name 'org.springframework.boot.test.mock.mockito.MockitoBeans': no URL paths identified
00:07:27.156 qrouter [Test worker] DEBUG o.s.w.s.h.BeanNameUrlHandlerMapping -Rejected bean name 'applicationEventMulticaster': no URL paths identified
00:07:27.157 qrouter [Test worker] DEBUG o.s.b.f.s.DefaultListableBeanFactory -Returning cached instance of singleton bean 'org.springframework.transaction.config.internalTransactionAdvisor'
00:07:27.157 qrouter [Test worker] DEBUG o.s.b.f.s.DefaultListableBeanFactory -Returning cached instance of singleton bean 'org.springframework.transaction.config.internalTransactionAdvisor'
00:07:27.159 qrouter [Test worker] DEBUG o.s.b.f.s.DefaultListableBeanFactory -Finished creating instance of bean 'beanNameHandlerMapping'
00:07:27.159 qrouter [Test worker] DEBUG o.s.b.f.s.DefaultListableBeanFactory -Creating shared instance of singleton bean 'resourceHandlerMapping'
00:07:27.159 qrouter [Test worker] DEBUG o.s.b.f.s.DefaultListableBeanFactory -Creating instance of bean 'resourceHandlerMapping'
00:07:27.160 qrouter [Test worker] DEBUG o.s.b.f.s.DefaultListableBeanFactory -Returning cached instance of singleton bean 'org.springframework.transaction.config.internalTransactionAdvisor'
00:07:27.160 qrouter [Test worker] DEBUG o.s.b.f.s.DefaultListableBeanFactory -Returning cached instance of singleton bean 'org.springframework.boot.autoconfigure.web.WebMvcAutoConfiguration$EnableWebMvcConfiguration'
00:07:27.162 qrouter [Test worker] DEBUG o.s.b.f.s.DefaultListableBeanFactory -Returning cached instance of singleton bean 'mvcContentNegotiationManager'
00:07:27.195 qrouter [Test worker] DEBUG o.s.b.f.s.DefaultListableBeanFactory -Returning cached instance of singleton bean 'mvcPathMatcher'
00:07:27.195 qrouter [Test worker] DEBUG o.s.b.f.s.DefaultListableBeanFactory -Returning cached instance of singleton bean 'mvcUrlPathHelper'
00:07:27.196 qrouter [Test worker] DEBUG o.s.b.f.s.DefaultListableBeanFactory -Returning cached instance of singleton bean 'mvcResourceUrlProvider'
00:07:27.197 qrouter [Test worker] DEBUG o.s.b.f.s.DefaultListableBeanFactory -Eagerly caching bean 'resourceHandlerMapping' to allow for resolving potential circular references
00:07:27.234 qrouter [Test worker] INFO  o.s.w.s.h.SimpleUrlHandlerMapping -Mapped URL path [/webjars/**] onto handler of type [class org.springframework.web.servlet.resource.ResourceHttpRequestHandler]
00:07:27.234 qrouter [Test worker] INFO  o.s.w.s.h.SimpleUrlHandlerMapping -Mapped URL path [/**] onto handler of type [class org.springframework.web.servlet.resource.ResourceHttpRequestHandler]
00:07:27.235 qrouter [Test worker] DEBUG o.s.b.f.s.DefaultListableBeanFactory -Returning cached instance of singleton bean 'org.springframework.transaction.config.internalTransactionAdvisor'
00:07:27.235 qrouter [Test worker] DEBUG o.s.b.f.s.DefaultListableBeanFactory -Returning cached instance of singleton bean 'org.springframework.transaction.config.internalTransactionAdvisor'
00:07:27.236 qrouter [Test worker] DEBUG o.s.b.f.s.DefaultListableBeanFactory -Finished creating instance of bean 'resourceHandlerMapping'
00:07:27.236 qrouter [Test worker] DEBUG o.s.b.f.s.DefaultListableBeanFactory -Returning cached instance of singleton bean 'mvcResourceUrlProvider'
00:07:27.237 qrouter [Test worker] DEBUG o.s.b.f.s.DefaultListableBeanFactory -Creating shared instance of singleton bean 'defaultServletHandlerMapping'
00:07:27.237 qrouter [Test worker] DEBUG o.s.b.f.s.DefaultListableBeanFactory -Creating instance of bean 'defaultServletHandlerMapping'
00:07:27.237 qrouter [Test worker] DEBUG o.s.b.f.s.DefaultListableBeanFactory -Returning cached instance of singleton bean 'org.springframework.transaction.config.internalTransactionAdvisor'
00:07:27.238 qrouter [Test worker] DEBUG o.s.b.f.s.DefaultListableBeanFactory -Returning cached instance of singleton bean 'org.springframework.boot.autoconfigure.web.WebMvcAutoConfiguration$EnableWebMvcConfiguration'
00:07:27.239 qrouter [Test worker] DEBUG o.s.b.f.s.DefaultListableBeanFactory -Eagerly caching bean 'defaultServletHandlerMapping' to allow for resolving potential circular references
00:07:27.243 qrouter [Test worker] DEBUG o.s.b.f.s.DefaultListableBeanFactory -Returning cached instance of singleton bean 'org.springframework.transaction.config.internalTransactionAdvisor'
00:07:27.243 qrouter [Test worker] DEBUG o.s.b.f.s.DefaultListableBeanFactory -Returning cached instance of singleton bean 'org.springframework.transaction.config.internalTransactionAdvisor'
00:07:27.244 qrouter [Test worker] DEBUG o.s.b.f.s.DefaultListableBeanFactory -Finished creating instance of bean 'defaultServletHandlerMapping'
00:07:27.244 qrouter [Test worker] DEBUG o.s.b.f.s.DefaultListableBeanFactory -Returning cached instance of singleton bean 'mvcConversionService'
00:07:27.244 qrouter [Test worker] DEBUG o.s.b.f.s.DefaultListableBeanFactory -Creating shared instance of singleton bean 'mvcUriComponentsContributor'
00:07:27.244 qrouter [Test worker] DEBUG o.s.b.f.s.DefaultListableBeanFactory -Creating instance of bean 'mvcUriComponentsContributor'
00:07:27.245 qrouter [Test worker] DEBUG o.s.b.f.s.DefaultListableBeanFactory -Returning cached instance of singleton bean 'org.springframework.transaction.config.internalTransactionAdvisor'
00:07:27.245 qrouter [Test worker] DEBUG o.s.b.f.s.DefaultListableBeanFactory -Returning cached instance of singleton bean 'org.springframework.boot.autoconfigure.web.WebMvcAutoConfiguration$EnableWebMvcConfiguration'
00:07:27.247 qrouter [Test worker] DEBUG o.s.b.f.s.DefaultListableBeanFactory -Returning cached instance of singleton bean 'requestMappingHandlerAdapter'
00:07:27.247 qrouter [Test worker] DEBUG o.s.b.f.s.DefaultListableBeanFactory -Returning cached instance of singleton bean 'mvcConversionService'
00:07:27.248 qrouter [Test worker] DEBUG o.s.b.f.s.DefaultListableBeanFactory -Eagerly caching bean 'mvcUriComponentsContributor' to allow for resolving potential circular references
00:07:27.255 qrouter [Test worker] DEBUG o.s.b.f.s.DefaultListableBeanFactory -Returning cached instance of singleton bean 'org.springframework.transaction.config.internalTransactionAdvisor'
00:07:27.255 qrouter [Test worker] DEBUG o.s.b.f.s.DefaultListableBeanFactory -Returning cached instance of singleton bean 'org.springframework.transaction.config.internalTransactionAdvisor'
00:07:27.255 qrouter [Test worker] DEBUG o.s.b.f.s.DefaultListableBeanFactory -Finished creating instance of bean 'mvcUriComponentsContributor'
00:07:27.256 qrouter [Test worker] DEBUG o.s.b.f.s.DefaultListableBeanFactory -Creating shared instance of singleton bean 'httpRequestHandlerAdapter'
00:07:27.256 qrouter [Test worker] DEBUG o.s.b.f.s.DefaultListableBeanFactory -Creating instance of bean 'httpRequestHandlerAdapter'
00:07:27.256 qrouter [Test worker] DEBUG o.s.b.f.s.DefaultListableBeanFactory -Returning cached instance of singleton bean 'org.springframework.transaction.config.internalTransactionAdvisor'
00:07:27.257 qrouter [Test worker] DEBUG o.s.b.f.s.DefaultListableBeanFactory -Returning cached instance of singleton bean 'org.springframework.boot.autoconfigure.web.WebMvcAutoConfiguration$EnableWebMvcConfiguration'
00:07:27.258 qrouter [Test worker] DEBUG o.s.b.f.s.DefaultListableBeanFactory -Eagerly caching bean 'httpRequestHandlerAdapter' to allow for resolving potential circular references
00:07:27.263 qrouter [Test worker] DEBUG o.s.b.f.s.DefaultListableBeanFactory -Returning cached instance of singleton bean 'org.springframework.transaction.config.internalTransactionAdvisor'
00:07:27.264 qrouter [Test worker] DEBUG o.s.b.f.s.DefaultListableBeanFactory -Returning cached instance of singleton bean 'org.springframework.transaction.config.internalTransactionAdvisor'
00:07:27.264 qrouter [Test worker] DEBUG o.s.b.f.s.DefaultListableBeanFactory -Finished creating instance of bean 'httpRequestHandlerAdapter'
00:07:27.264 qrouter [Test worker] DEBUG o.s.b.f.s.DefaultListableBeanFactory -Creating shared instance of singleton bean 'simpleControllerHandlerAdapter'
00:07:27.265 qrouter [Test worker] DEBUG o.s.b.f.s.DefaultListableBeanFactory -Creating instance of bean 'simpleControllerHandlerAdapter'
00:07:27.265 qrouter [Test worker] DEBUG o.s.b.f.s.DefaultListableBeanFactory -Returning cached instance of singleton bean 'org.springframework.transaction.config.internalTransactionAdvisor'
00:07:27.265 qrouter [Test worker] DEBUG o.s.b.f.s.DefaultListableBeanFactory -Returning cached instance of singleton bean 'org.springframework.boot.autoconfigure.web.WebMvcAutoConfiguration$EnableWebMvcConfiguration'
00:07:27.267 qrouter [Test worker] DEBUG o.s.b.f.s.DefaultListableBeanFactory -Eagerly caching bean 'simpleControllerHandlerAdapter' to allow for resolving potential circular references
00:07:27.272 qrouter [Test worker] DEBUG o.s.b.f.s.DefaultListableBeanFactory -Returning cached instance of singleton bean 'org.springframework.transaction.config.internalTransactionAdvisor'
00:07:27.273 qrouter [Test worker] DEBUG o.s.b.f.s.DefaultListableBeanFactory -Returning cached instance of singleton bean 'org.springframework.transaction.config.internalTransactionAdvisor'
00:07:27.273 qrouter [Test worker] DEBUG o.s.b.f.s.DefaultListableBeanFactory -Finished creating instance of bean 'simpleControllerHandlerAdapter'
00:07:27.273 qrouter [Test worker] DEBUG o.s.b.f.s.DefaultListableBeanFactory -Creating shared instance of singleton bean 'handlerExceptionResolver'
00:07:27.274 qrouter [Test worker] DEBUG o.s.b.f.s.DefaultListableBeanFactory -Creating instance of bean 'handlerExceptionResolver'
00:07:27.274 qrouter [Test worker] DEBUG o.s.b.f.s.DefaultListableBeanFactory -Returning cached instance of singleton bean 'org.springframework.transaction.config.internalTransactionAdvisor'
00:07:27.274 qrouter [Test worker] DEBUG o.s.b.f.s.DefaultListableBeanFactory -Returning cached instance of singleton bean 'org.springframework.boot.autoconfigure.web.WebMvcAutoConfiguration$EnableWebMvcConfiguration'
00:07:27.290 qrouter [Test worker] DEBUG o.s.b.f.s.DefaultListableBeanFactory -Returning cached instance of singleton bean 'mvcContentNegotiationManager'
00:07:27.290 qrouter [Test worker] DEBUG o.s.w.s.m.m.a.ExceptionHandlerExceptionResolver -Looking for exception mappings: org.springframework.web.context.support.GenericWebApplicationContext@1ec853e: startup date [Tue Aug 29 00:06:54 IST 2017]; root of context hierarchy
00:07:27.323 qrouter [Test worker] INFO  o.s.w.s.m.m.a.ExceptionHandlerExceptionResolver -Detected @ExceptionHandler methods in restExceptionHandler
00:07:27.335 qrouter [Test worker] DEBUG o.s.b.f.s.DefaultListableBeanFactory -Eagerly caching bean 'handlerExceptionResolver' to allow for resolving potential circular references
00:07:27.345 qrouter [Test worker] DEBUG o.s.b.f.s.DefaultListableBeanFactory -Returning cached instance of singleton bean 'org.springframework.transaction.config.internalTransactionAdvisor'
00:07:27.346 qrouter [Test worker] DEBUG o.s.b.f.s.DefaultListableBeanFactory -Returning cached instance of singleton bean 'org.springframework.transaction.config.internalTransactionAdvisor'
00:07:27.346 qrouter [Test worker] DEBUG o.s.b.f.s.DefaultListableBeanFactory -Finished creating instance of bean 'handlerExceptionResolver'
00:07:27.346 qrouter [Test worker] DEBUG o.s.b.f.s.DefaultListableBeanFactory -Creating shared instance of singleton bean 'mvcViewResolver'
00:07:27.347 qrouter [Test worker] DEBUG o.s.b.f.s.DefaultListableBeanFactory -Creating instance of bean 'mvcViewResolver'
00:07:27.347 qrouter [Test worker] DEBUG o.s.b.f.s.DefaultListableBeanFactory -Returning cached instance of singleton bean 'org.springframework.transaction.config.internalTransactionAdvisor'
00:07:27.347 qrouter [Test worker] DEBUG o.s.b.f.s.DefaultListableBeanFactory -Returning cached instance of singleton bean 'org.springframework.boot.autoconfigure.web.WebMvcAutoConfiguration$EnableWebMvcConfiguration'
00:07:27.358 qrouter [Test worker] DEBUG o.s.b.f.s.DefaultListableBeanFactory -Returning cached instance of singleton bean 'mvcContentNegotiationManager'
00:07:27.365 qrouter [Test worker] DEBUG o.s.b.f.s.DefaultListableBeanFactory -Eagerly caching bean 'mvcViewResolver' to allow for resolving potential circular references
00:07:27.379 qrouter [Test worker] DEBUG o.s.b.f.s.DefaultListableBeanFactory -Invoking afterPropertiesSet() on bean with name 'mvcViewResolver'
00:07:27.379 qrouter [Test worker] DEBUG o.s.b.f.s.DefaultListableBeanFactory -Returning cached instance of singleton bean 'org.springframework.transaction.config.internalTransactionAdvisor'
00:07:27.379 qrouter [Test worker] DEBUG o.s.b.f.s.DefaultListableBeanFactory -Returning cached instance of singleton bean 'org.springframework.transaction.config.internalTransactionAdvisor'
00:07:27.380 qrouter [Test worker] DEBUG o.s.b.f.s.DefaultListableBeanFactory -Finished creating instance of bean 'mvcViewResolver'
00:07:27.380 qrouter [Test worker] DEBUG o.s.b.f.s.DefaultListableBeanFactory -Creating shared instance of singleton bean 'org.springframework.boot.autoconfigure.web.WebMvcAutoConfiguration$WebMvcAutoConfigurationAdapter$FaviconConfiguration'
00:07:27.381 qrouter [Test worker] DEBUG o.s.b.f.s.DefaultListableBeanFactory -Creating instance of bean 'org.springframework.boot.autoconfigure.web.WebMvcAutoConfiguration$WebMvcAutoConfigurationAdapter$FaviconConfiguration'
00:07:27.381 qrouter [Test worker] DEBUG o.s.b.f.s.DefaultListableBeanFactory -Returning cached instance of singleton bean 'org.springframework.transaction.config.internalTransactionAdvisor'
00:07:27.383 qrouter [Test worker] DEBUG o.s.c.LocalVariableTableParameterNameDiscoverer -Cannot find '.class' file for class [class org.springframework.boot.autoconfigure.web.WebMvcAutoConfiguration$WebMvcAutoConfigurationAdapter$FaviconConfiguration$$EnhancerBySpringCGLIB$$ad9bb8e8] - unable to determine constructor/method parameter names
00:07:27.384 qrouter [Test worker] DEBUG o.s.b.f.s.DefaultListableBeanFactory -Returning cached instance of singleton bean 'spring.resources-org.springframework.boot.autoconfigure.web.ResourceProperties'
00:07:27.384 qrouter [Test worker] DEBUG o.s.b.f.s.DefaultListableBeanFactory -Autowiring by type from bean name 'org.springframework.boot.autoconfigure.web.WebMvcAutoConfiguration$WebMvcAutoConfigurationAdapter$FaviconConfiguration' via constructor to bean named 'spring.resources-org.springframework.boot.autoconfigure.web.ResourceProperties'
00:07:27.385 qrouter [Test worker] DEBUG o.s.b.f.s.DefaultListableBeanFactory -Eagerly caching bean 'org.springframework.boot.autoconfigure.web.WebMvcAutoConfiguration$WebMvcAutoConfigurationAdapter$FaviconConfiguration' to allow for resolving potential circular references
00:07:27.407 qrouter [Test worker] DEBUG o.s.b.f.s.DefaultListableBeanFactory -Returning cached instance of singleton bean 'org.springframework.transaction.config.internalTransactionAdvisor'
00:07:27.407 qrouter [Test worker] DEBUG o.s.b.f.s.DefaultListableBeanFactory -Returning cached instance of singleton bean 'org.springframework.transaction.config.internalTransactionAdvisor'
00:07:27.411 qrouter [Test worker] DEBUG o.s.b.f.s.DefaultListableBeanFactory -Finished creating instance of bean 'org.springframework.boot.autoconfigure.web.WebMvcAutoConfiguration$WebMvcAutoConfigurationAdapter$FaviconConfiguration'
00:07:27.411 qrouter [Test worker] DEBUG o.s.b.f.s.DefaultListableBeanFactory -Creating shared instance of singleton bean 'faviconHandlerMapping'
00:07:27.411 qrouter [Test worker] DEBUG o.s.b.f.s.DefaultListableBeanFactory -Creating instance of bean 'faviconHandlerMapping'
00:07:27.411 qrouter [Test worker] DEBUG o.s.b.f.s.DefaultListableBeanFactory -Returning cached instance of singleton bean 'org.springframework.transaction.config.internalTransactionAdvisor'
00:07:27.412 qrouter [Test worker] DEBUG o.s.b.f.s.DefaultListableBeanFactory -Returning cached instance of singleton bean 'org.springframework.boot.autoconfigure.web.WebMvcAutoConfiguration$WebMvcAutoConfigurationAdapter$FaviconConfiguration'
00:07:27.426 qrouter [Test worker] DEBUG o.s.b.f.s.DefaultListableBeanFactory -Creating shared instance of singleton bean 'faviconRequestHandler'
00:07:27.426 qrouter [Test worker] DEBUG o.s.b.f.s.DefaultListableBeanFactory -Creating instance of bean 'faviconRequestHandler'
00:07:27.426 qrouter [Test worker] DEBUG o.s.b.f.s.DefaultListableBeanFactory -Returning cached instance of singleton bean 'org.springframework.transaction.config.internalTransactionAdvisor'
00:07:27.426 qrouter [Test worker] DEBUG o.s.b.f.s.DefaultListableBeanFactory -Returning cached instance of singleton bean 'org.springframework.boot.autoconfigure.web.WebMvcAutoConfiguration$WebMvcAutoConfigurationAdapter$FaviconConfiguration'
00:07:27.430 qrouter [Test worker] DEBUG o.s.b.f.s.DefaultListableBeanFactory -Eagerly caching bean 'faviconRequestHandler' to allow for resolving potential circular references
00:07:27.455 qrouter [Test worker] DEBUG o.s.b.f.s.DefaultListableBeanFactory -Invoking afterPropertiesSet() on bean with name 'faviconRequestHandler'
00:07:27.456 qrouter [Test worker] DEBUG o.s.b.f.s.DefaultListableBeanFactory -Returning cached instance of singleton bean 'org.springframework.transaction.config.internalTransactionAdvisor'
00:07:27.456 qrouter [Test worker] DEBUG o.s.b.f.s.DefaultListableBeanFactory -Returning cached instance of singleton bean 'org.springframework.transaction.config.internalTransactionAdvisor'
00:07:27.458 qrouter [Test worker] DEBUG o.s.b.f.s.DefaultListableBeanFactory -Finished creating instance of bean 'faviconRequestHandler'
00:07:27.459 qrouter [Test worker] DEBUG o.s.b.f.s.DefaultListableBeanFactory -Eagerly caching bean 'faviconHandlerMapping' to allow for resolving potential circular references
00:07:27.462 qrouter [Test worker] INFO  o.s.w.s.h.SimpleUrlHandlerMapping -Mapped URL path [/**/favicon.ico] onto handler of type [class org.springframework.web.servlet.resource.ResourceHttpRequestHandler]
00:07:27.463 qrouter [Test worker] DEBUG o.s.b.f.s.DefaultListableBeanFactory -Returning cached instance of singleton bean 'org.springframework.transaction.config.internalTransactionAdvisor'
00:07:27.463 qrouter [Test worker] DEBUG o.s.b.f.s.DefaultListableBeanFactory -Returning cached instance of singleton bean 'org.springframework.transaction.config.internalTransactionAdvisor'
00:07:27.464 qrouter [Test worker] DEBUG o.s.b.f.s.DefaultListableBeanFactory -Finished creating instance of bean 'faviconHandlerMapping'
00:07:27.464 qrouter [Test worker] DEBUG o.s.b.f.s.DefaultListableBeanFactory -Returning cached instance of singleton bean 'faviconRequestHandler'
00:07:27.464 qrouter [Test worker] DEBUG o.s.b.f.s.DefaultListableBeanFactory -Returning cached instance of singleton bean 'org.springframework.boot.autoconfigure.web.WebMvcAutoConfiguration$WebMvcAutoConfigurationAdapter'
00:07:27.465 qrouter [Test worker] DEBUG o.s.b.f.s.DefaultListableBeanFactory -Creating shared instance of singleton bean 'defaultViewResolver'
00:07:27.465 qrouter [Test worker] DEBUG o.s.b.f.s.DefaultListableBeanFactory -Creating instance of bean 'defaultViewResolver'
00:07:27.465 qrouter [Test worker] DEBUG o.s.b.f.s.DefaultListableBeanFactory -Returning cached instance of singleton bean 'org.springframework.transaction.config.internalTransactionAdvisor'
00:07:27.465 qrouter [Test worker] DEBUG o.s.b.f.s.DefaultListableBeanFactory -Returning cached instance of singleton bean 'org.springframework.boot.autoconfigure.web.WebMvcAutoConfiguration$WebMvcAutoConfigurationAdapter'
00:07:27.526 qrouter [Test worker] DEBUG o.s.b.f.s.DefaultListableBeanFactory -Eagerly caching bean 'defaultViewResolver' to allow for resolving potential circular references
00:07:27.550 qrouter [Test worker] DEBUG o.s.b.f.s.DefaultListableBeanFactory -Returning cached instance of singleton bean 'org.springframework.transaction.config.internalTransactionAdvisor'
00:07:27.550 qrouter [Test worker] DEBUG o.s.b.f.s.DefaultListableBeanFactory -Returning cached instance of singleton bean 'org.springframework.transaction.config.internalTransactionAdvisor'
00:07:27.551 qrouter [Test worker] DEBUG o.s.b.f.s.DefaultListableBeanFactory -Finished creating instance of bean 'defaultViewResolver'
00:07:27.552 qrouter [Test worker] DEBUG o.s.b.f.s.DefaultListableBeanFactory -Creating shared instance of singleton bean 'viewResolver'
00:07:27.552 qrouter [Test worker] DEBUG o.s.b.f.s.DefaultListableBeanFactory -Creating instance of bean 'viewResolver'
00:07:27.552 qrouter [Test worker] DEBUG o.s.b.f.s.DefaultListableBeanFactory -Returning cached instance of singleton bean 'org.springframework.transaction.config.internalTransactionAdvisor'
00:07:27.553 qrouter [Test worker] DEBUG o.s.b.f.s.DefaultListableBeanFactory -Returning cached instance of singleton bean 'org.springframework.boot.autoconfigure.web.WebMvcAutoConfiguration$WebMvcAutoConfigurationAdapter'
00:07:27.560 qrouter [Test worker] DEBUG o.s.b.f.s.DefaultListableBeanFactory -Autowiring by type from bean name 'viewResolver' via factory method to bean named 'org.springframework.beans.factory.support.DefaultListableBeanFactory@1b7543b'
00:07:27.567 qrouter [Test worker] DEBUG o.s.b.f.s.DefaultListableBeanFactory -Returning cached instance of singleton bean 'mvcContentNegotiationManager'
00:07:27.568 qrouter [Test worker] DEBUG o.s.b.f.s.DefaultListableBeanFactory -Eagerly caching bean 'viewResolver' to allow for resolving potential circular references
00:07:27.600 qrouter [Test worker] DEBUG o.s.b.f.s.DefaultListableBeanFactory -Returning cached instance of singleton bean 'beanNameViewResolver'
00:07:27.601 qrouter [Test worker] DEBUG o.s.b.f.s.DefaultListableBeanFactory -Returning cached instance of singleton bean 'mvcViewResolver'
00:07:27.601 qrouter [Test worker] DEBUG o.s.b.f.s.DefaultListableBeanFactory -Returning cached instance of singleton bean 'defaultViewResolver'
00:07:27.601 qrouter [Test worker] DEBUG o.s.b.f.s.DefaultListableBeanFactory -Returning cached instance of singleton bean 'org.springframework.transaction.config.internalTransactionAdvisor'
00:07:27.601 qrouter [Test worker] DEBUG o.s.b.f.s.DefaultListableBeanFactory -Returning cached instance of singleton bean 'org.springframework.transaction.config.internalTransactionAdvisor'
00:07:27.602 qrouter [Test worker] DEBUG o.s.b.f.s.DefaultListableBeanFactory -Returning eagerly cached instance of singleton bean 'viewResolver' that is not fully initialized yet - a consequence of a circular reference
00:07:27.603 qrouter [Test worker] DEBUG o.s.b.f.s.DefaultListableBeanFactory -Invoking afterPropertiesSet() on bean with name 'viewResolver'
00:07:27.603 qrouter [Test worker] DEBUG o.s.b.f.s.DefaultListableBeanFactory -Finished creating instance of bean 'viewResolver'
00:07:27.603 qrouter [Test worker] DEBUG o.s.b.f.s.DefaultListableBeanFactory -Creating shared instance of singleton bean 'welcomePageHandlerMapping'
00:07:27.603 qrouter [Test worker] DEBUG o.s.b.f.s.DefaultListableBeanFactory -Creating instance of bean 'welcomePageHandlerMapping'
00:07:27.604 qrouter [Test worker] DEBUG o.s.b.f.s.DefaultListableBeanFactory -Returning cached instance of singleton bean 'org.springframework.transaction.config.internalTransactionAdvisor'
00:07:27.604 qrouter [Test worker] DEBUG o.s.b.f.s.DefaultListableBeanFactory -Returning cached instance of singleton bean 'org.springframework.boot.autoconfigure.web.WebMvcAutoConfiguration$WebMvcAutoConfigurationAdapter'
00:07:27.604 qrouter [Test worker] DEBUG o.s.b.f.s.DefaultListableBeanFactory -Returning cached instance of singleton bean 'spring.resources-org.springframework.boot.autoconfigure.web.ResourceProperties'
00:07:27.604 qrouter [Test worker] DEBUG o.s.b.f.s.DefaultListableBeanFactory -Autowiring by type from bean name 'welcomePageHandlerMapping' via factory method to bean named 'spring.resources-org.springframework.boot.autoconfigure.web.ResourceProperties'
00:07:27.614 qrouter [Test worker] DEBUG o.s.b.f.s.DefaultListableBeanFactory -Eagerly caching bean 'welcomePageHandlerMapping' to allow for resolving potential circular references
00:07:27.644 qrouter [Test worker] DEBUG o.s.b.f.s.DefaultListableBeanFactory -Returning cached instance of singleton bean 'org.springframework.transaction.config.internalTransactionAdvisor'
00:07:27.645 qrouter [Test worker] DEBUG o.s.b.f.s.DefaultListableBeanFactory -Returning cached instance of singleton bean 'org.springframework.transaction.config.internalTransactionAdvisor'
00:07:27.646 qrouter [Test worker] DEBUG o.s.b.f.s.DefaultListableBeanFactory -Finished creating instance of bean 'welcomePageHandlerMapping'
00:07:27.647 qrouter [Test worker] DEBUG o.s.b.f.s.DefaultListableBeanFactory -Creating shared instance of singleton bean 'requestContextFilter'
00:07:27.647 qrouter [Test worker] DEBUG o.s.b.f.s.DefaultListableBeanFactory -Creating instance of bean 'requestContextFilter'
00:07:27.648 qrouter [Test worker] DEBUG o.s.b.f.s.DefaultListableBeanFactory -Returning cached instance of singleton bean 'org.springframework.transaction.config.internalTransactionAdvisor'
00:07:27.655 qrouter [Test worker] DEBUG o.s.b.f.s.DefaultListableBeanFactory -Eagerly caching bean 'requestContextFilter' to allow for resolving potential circular references
00:07:27.684 qrouter [Test worker] DEBUG o.s.b.f.s.DefaultListableBeanFactory -Invoking afterPropertiesSet() on bean with name 'requestContextFilter'
00:07:27.684 qrouter [Test worker] DEBUG o.s.b.f.s.DefaultListableBeanFactory -Returning cached instance of singleton bean 'org.springframework.transaction.config.internalTransactionAdvisor'
00:07:27.684 qrouter [Test worker] DEBUG o.s.b.f.s.DefaultListableBeanFactory -Returning cached instance of singleton bean 'org.springframework.transaction.config.internalTransactionAdvisor'
00:07:27.685 qrouter [Test worker] DEBUG o.s.b.f.s.DefaultListableBeanFactory -Finished creating instance of bean 'requestContextFilter'
00:07:27.685 qrouter [Test worker] DEBUG o.s.b.f.s.DefaultListableBeanFactory -Creating shared instance of singleton bean 'org.springframework.boot.autoconfigure.web.WebMvcAutoConfiguration'
00:07:27.685 qrouter [Test worker] DEBUG o.s.b.f.s.DefaultListableBeanFactory -Creating instance of bean 'org.springframework.boot.autoconfigure.web.WebMvcAutoConfiguration'
00:07:27.686 qrouter [Test worker] DEBUG o.s.b.f.s.DefaultListableBeanFactory -Returning cached instance of singleton bean 'org.springframework.transaction.config.internalTransactionAdvisor'
00:07:27.689 qrouter [Test worker] DEBUG o.s.b.f.s.DefaultListableBeanFactory -Eagerly caching bean 'org.springframework.boot.autoconfigure.web.WebMvcAutoConfiguration' to allow for resolving potential circular references
00:07:27.697 qrouter [Test worker] DEBUG o.s.b.f.s.DefaultListableBeanFactory -Returning cached instance of singleton bean 'org.springframework.transaction.config.internalTransactionAdvisor'
00:07:27.697 qrouter [Test worker] DEBUG o.s.b.f.s.DefaultListableBeanFactory -Returning cached instance of singleton bean 'org.springframework.transaction.config.internalTransactionAdvisor'
00:07:27.702 qrouter [Test worker] DEBUG o.s.b.f.s.DefaultListableBeanFactory -Finished creating instance of bean 'org.springframework.boot.autoconfigure.web.WebMvcAutoConfiguration'
00:07:27.702 qrouter [Test worker] DEBUG o.s.b.f.s.DefaultListableBeanFactory -Creating shared instance of singleton bean 'hiddenHttpMethodFilter'
00:07:27.703 qrouter [Test worker] DEBUG o.s.b.f.s.DefaultListableBeanFactory -Creating instance of bean 'hiddenHttpMethodFilter'
00:07:27.703 qrouter [Test worker] DEBUG o.s.b.f.s.DefaultListableBeanFactory -Returning cached instance of singleton bean 'org.springframework.transaction.config.internalTransactionAdvisor'
00:07:27.704 qrouter [Test worker] DEBUG o.s.b.f.s.DefaultListableBeanFactory -Returning cached instance of singleton bean 'org.springframework.boot.autoconfigure.web.WebMvcAutoConfiguration'
00:07:27.718 qrouter [Test worker] DEBUG o.s.b.f.s.DefaultListableBeanFactory -Eagerly caching bean 'hiddenHttpMethodFilter' to allow for resolving potential circular references
00:07:27.749 qrouter [Test worker] DEBUG o.s.b.f.s.DefaultListableBeanFactory -Invoking afterPropertiesSet() on bean with name 'hiddenHttpMethodFilter'
00:07:27.749 qrouter [Test worker] DEBUG o.s.b.f.s.DefaultListableBeanFactory -Returning cached instance of singleton bean 'org.springframework.transaction.config.internalTransactionAdvisor'
00:07:27.750 qrouter [Test worker] DEBUG o.s.b.f.s.DefaultListableBeanFactory -Returning cached instance of singleton bean 'org.springframework.transaction.config.internalTransactionAdvisor'
00:07:27.751 qrouter [Test worker] DEBUG o.s.b.f.s.DefaultListableBeanFactory -Finished creating instance of bean 'hiddenHttpMethodFilter'
00:07:27.751 qrouter [Test worker] DEBUG o.s.b.f.s.DefaultListableBeanFactory -Creating shared instance of singleton bean 'httpPutFormContentFilter'
00:07:27.751 qrouter [Test worker] DEBUG o.s.b.f.s.DefaultListableBeanFactory -Creating instance of bean 'httpPutFormContentFilter'
00:07:27.752 qrouter [Test worker] DEBUG o.s.b.f.s.DefaultListableBeanFactory -Returning cached instance of singleton bean 'org.springframework.transaction.config.internalTransactionAdvisor'
00:07:27.752 qrouter [Test worker] DEBUG o.s.b.f.s.DefaultListableBeanFactory -Returning cached instance of singleton bean 'org.springframework.boot.autoconfigure.web.WebMvcAutoConfiguration'
00:07:27.768 qrouter [Test worker] DEBUG o.s.b.f.s.DefaultListableBeanFactory -Eagerly caching bean 'httpPutFormContentFilter' to allow for resolving potential circular references
00:07:27.816 qrouter [Test worker] DEBUG o.s.b.f.s.DefaultListableBeanFactory -Invoking afterPropertiesSet() on bean with name 'httpPutFormContentFilter'
00:07:27.816 qrouter [Test worker] DEBUG o.s.b.f.s.DefaultListableBeanFactory -Returning cached instance of singleton bean 'org.springframework.transaction.config.internalTransactionAdvisor'
00:07:27.816 qrouter [Test worker] DEBUG o.s.b.f.s.DefaultListableBeanFactory -Returning cached instance of singleton bean 'org.springframework.transaction.config.internalTransactionAdvisor'
00:07:27.817 qrouter [Test worker] DEBUG o.s.b.f.s.DefaultListableBeanFactory -Finished creating instance of bean 'httpPutFormContentFilter'
00:07:27.818 qrouter [Test worker] DEBUG o.s.b.f.s.DefaultListableBeanFactory -Creating shared instance of singleton bean 'org.springframework.boot.autoconfigure.aop.AopAutoConfiguration$JdkDynamicAutoProxyConfiguration'
00:07:27.818 qrouter [Test worker] DEBUG o.s.b.f.s.DefaultListableBeanFactory -Creating instance of bean 'org.springframework.boot.autoconfigure.aop.AopAutoConfiguration$JdkDynamicAutoProxyConfiguration'
00:07:27.818 qrouter [Test worker] DEBUG o.s.b.f.s.DefaultListableBeanFactory -Returning cached instance of singleton bean 'org.springframework.transaction.config.internalTransactionAdvisor'
00:07:27.820 qrouter [Test worker] DEBUG o.s.b.f.s.DefaultListableBeanFactory -Eagerly caching bean 'org.springframework.boot.autoconfigure.aop.AopAutoConfiguration$JdkDynamicAutoProxyConfiguration' to allow for resolving potential circular references
00:07:27.833 qrouter [Test worker] DEBUG o.s.b.f.s.DefaultListableBeanFactory -Returning cached instance of singleton bean 'org.springframework.transaction.config.internalTransactionAdvisor'
00:07:27.833 qrouter [Test worker] DEBUG o.s.b.f.s.DefaultListableBeanFactory -Returning cached instance of singleton bean 'org.springframework.transaction.config.internalTransactionAdvisor'
00:07:27.834 qrouter [Test worker] DEBUG o.s.b.f.s.DefaultListableBeanFactory -Finished creating instance of bean 'org.springframework.boot.autoconfigure.aop.AopAutoConfiguration$JdkDynamicAutoProxyConfiguration'
00:07:27.834 qrouter [Test worker] DEBUG o.s.b.f.s.DefaultListableBeanFactory -Returning cached instance of singleton bean 'org.springframework.aop.config.internalAutoProxyCreator'
00:07:27.835 qrouter [Test worker] DEBUG o.s.b.f.s.DefaultListableBeanFactory -Creating shared instance of singleton bean 'org.springframework.boot.autoconfigure.aop.AopAutoConfiguration'
00:07:27.835 qrouter [Test worker] DEBUG o.s.b.f.s.DefaultListableBeanFactory -Creating instance of bean 'org.springframework.boot.autoconfigure.aop.AopAutoConfiguration'
00:07:27.835 qrouter [Test worker] DEBUG o.s.b.f.s.DefaultListableBeanFactory -Returning cached instance of singleton bean 'org.springframework.transaction.config.internalTransactionAdvisor'
00:07:27.837 qrouter [Test worker] DEBUG o.s.b.f.s.DefaultListableBeanFactory -Eagerly caching bean 'org.springframework.boot.autoconfigure.aop.AopAutoConfiguration' to allow for resolving potential circular references
00:07:27.847 qrouter [Test worker] DEBUG o.s.b.f.s.DefaultListableBeanFactory -Returning cached instance of singleton bean 'org.springframework.transaction.config.internalTransactionAdvisor'
00:07:27.848 qrouter [Test worker] DEBUG o.s.b.f.s.DefaultListableBeanFactory -Returning cached instance of singleton bean 'org.springframework.transaction.config.internalTransactionAdvisor'
00:07:27.849 qrouter [Test worker] DEBUG o.s.b.f.s.DefaultListableBeanFactory -Finished creating instance of bean 'org.springframework.boot.autoconfigure.aop.AopAutoConfiguration'
00:07:27.849 qrouter [Test worker] DEBUG o.s.b.f.s.DefaultListableBeanFactory -Creating shared instance of singleton bean 'org.springframework.boot.autoconfigure.transaction.jta.JtaAutoConfiguration'
00:07:27.850 qrouter [Test worker] DEBUG o.s.b.f.s.DefaultListableBeanFactory -Creating instance of bean 'org.springframework.boot.autoconfigure.transaction.jta.JtaAutoConfiguration'
00:07:27.850 qrouter [Test worker] DEBUG o.s.b.f.s.DefaultListableBeanFactory -Returning cached instance of singleton bean 'org.springframework.transaction.config.internalTransactionAdvisor'
00:07:27.851 qrouter [Test worker] DEBUG o.s.b.f.s.DefaultListableBeanFactory -Eagerly caching bean 'org.springframework.boot.autoconfigure.transaction.jta.JtaAutoConfiguration' to allow for resolving potential circular references
00:07:27.857 qrouter [Test worker] DEBUG o.s.b.f.s.DefaultListableBeanFactory -Returning cached instance of singleton bean 'org.springframework.transaction.config.internalTransactionAdvisor'
00:07:27.857 qrouter [Test worker] DEBUG o.s.b.f.s.DefaultListableBeanFactory -Returning cached instance of singleton bean 'org.springframework.transaction.config.internalTransactionAdvisor'
00:07:27.858 qrouter [Test worker] DEBUG o.s.b.f.s.DefaultListableBeanFactory -Finished creating instance of bean 'org.springframework.boot.autoconfigure.transaction.jta.JtaAutoConfiguration'
00:07:27.859 qrouter [Test worker] DEBUG o.s.b.f.s.DefaultListableBeanFactory -Creating shared instance of singleton bean 'spring.jta-org.springframework.boot.autoconfigure.transaction.jta.JtaProperties'
00:07:27.859 qrouter [Test worker] DEBUG o.s.b.f.s.DefaultListableBeanFactory -Creating instance of bean 'spring.jta-org.springframework.boot.autoconfigure.transaction.jta.JtaProperties'
00:07:27.859 qrouter [Test worker] DEBUG o.s.b.f.s.DefaultListableBeanFactory -Returning cached instance of singleton bean 'org.springframework.transaction.config.internalTransactionAdvisor'
00:07:27.860 qrouter [Test worker] DEBUG o.s.b.f.s.DefaultListableBeanFactory -Eagerly caching bean 'spring.jta-org.springframework.boot.autoconfigure.transaction.jta.JtaProperties' to allow for resolving potential circular references
00:07:27.867 qrouter [Test worker] DEBUG o.s.core.env.MutablePropertySources -Adding [Inlined Test Properties] PropertySource with lowest search precedence
00:07:27.867 qrouter [Test worker] DEBUG o.s.core.env.MutablePropertySources -Adding [systemProperties] PropertySource with lowest search precedence
00:07:27.867 qrouter [Test worker] DEBUG o.s.core.env.MutablePropertySources -Adding [systemEnvironment] PropertySource with lowest search precedence
00:07:27.867 qrouter [Test worker] DEBUG o.s.core.env.MutablePropertySources -Adding [random] PropertySource with lowest search precedence
00:07:27.868 qrouter [Test worker] DEBUG o.s.core.env.MutablePropertySources -Adding [applicationConfig: [classpath:/application.properties]] PropertySource with lowest search precedence
00:07:27.875 qrouter [Test worker] DEBUG o.s.b.f.s.DefaultListableBeanFactory -Returning cached instance of singleton bean 'org.springframework.transaction.config.internalTransactionAdvisor'
00:07:27.875 qrouter [Test worker] DEBUG o.s.b.f.s.DefaultListableBeanFactory -Returning cached instance of singleton bean 'org.springframework.transaction.config.internalTransactionAdvisor'
00:07:27.877 qrouter [Test worker] DEBUG o.s.b.f.s.DefaultListableBeanFactory -Finished creating instance of bean 'spring.jta-org.springframework.boot.autoconfigure.transaction.jta.JtaProperties'
00:07:27.877 qrouter [Test worker] DEBUG o.s.b.f.s.DefaultListableBeanFactory -Returning cached instance of singleton bean 'org.springframework.boot.autoconfigure.jdbc.DataSourceConfiguration$Tomcat'
00:07:27.877 qrouter [Test worker] DEBUG o.s.b.f.s.DefaultListableBeanFactory -Returning cached instance of singleton bean 'dataSource'
00:07:27.877 qrouter [Test worker] DEBUG o.s.b.f.s.DefaultListableBeanFactory -Creating shared instance of singleton bean 'org.springframework.boot.autoconfigure.jdbc.DataSourceAutoConfiguration$PooledDataSourceConfiguration'
00:07:27.878 qrouter [Test worker] DEBUG o.s.b.f.s.DefaultListableBeanFactory -Creating instance of bean 'org.springframework.boot.autoconfigure.jdbc.DataSourceAutoConfiguration$PooledDataSourceConfiguration'
00:07:27.878 qrouter [Test worker] DEBUG o.s.b.f.s.DefaultListableBeanFactory -Returning cached instance of singleton bean 'org.springframework.transaction.config.internalTransactionAdvisor'
00:07:27.880 qrouter [Test worker] DEBUG o.s.b.f.s.DefaultListableBeanFactory -Eagerly caching bean 'org.springframework.boot.autoconfigure.jdbc.DataSourceAutoConfiguration$PooledDataSourceConfiguration' to allow for resolving potential circular references
00:07:27.891 qrouter [Test worker] DEBUG o.s.b.f.s.DefaultListableBeanFactory -Returning cached instance of singleton bean 'org.springframework.transaction.config.internalTransactionAdvisor'
00:07:27.892 qrouter [Test worker] DEBUG o.s.b.f.s.DefaultListableBeanFactory -Returning cached instance of singleton bean 'org.springframework.transaction.config.internalTransactionAdvisor'
00:07:27.893 qrouter [Test worker] DEBUG o.s.b.f.s.DefaultListableBeanFactory -Finished creating instance of bean 'org.springframework.boot.autoconfigure.jdbc.DataSourceAutoConfiguration$PooledDataSourceConfiguration'
00:07:27.893 qrouter [Test worker] DEBUG o.s.b.f.s.DefaultListableBeanFactory -Creating shared instance of singleton bean 'org.springframework.boot.autoconfigure.jdbc.metadata.DataSourcePoolMetadataProvidersConfiguration$TomcatDataSourcePoolMetadataProviderConfiguration'
00:07:27.894 qrouter [Test worker] DEBUG o.s.b.f.s.DefaultListableBeanFactory -Creating instance of bean 'org.springframework.boot.autoconfigure.jdbc.metadata.DataSourcePoolMetadataProvidersConfiguration$TomcatDataSourcePoolMetadataProviderConfiguration'
00:07:27.894 qrouter [Test worker] DEBUG o.s.b.f.s.DefaultListableBeanFactory -Returning cached instance of singleton bean 'org.springframework.transaction.config.internalTransactionAdvisor'
00:07:27.896 qrouter [Test worker] DEBUG o.s.b.f.s.DefaultListableBeanFactory -Eagerly caching bean 'org.springframework.boot.autoconfigure.jdbc.metadata.DataSourcePoolMetadataProvidersConfiguration$TomcatDataSourcePoolMetadataProviderConfiguration' to allow for resolving potential circular references
00:07:27.906 qrouter [Test worker] DEBUG o.s.b.f.s.DefaultListableBeanFactory -Returning cached instance of singleton bean 'org.springframework.transaction.config.internalTransactionAdvisor'
00:07:27.907 qrouter [Test worker] DEBUG o.s.b.f.s.DefaultListableBeanFactory -Returning cached instance of singleton bean 'org.springframework.transaction.config.internalTransactionAdvisor'
00:07:27.909 qrouter [Test worker] DEBUG o.s.b.f.s.DefaultListableBeanFactory -Finished creating instance of bean 'org.springframework.boot.autoconfigure.jdbc.metadata.DataSourcePoolMetadataProvidersConfiguration$TomcatDataSourcePoolMetadataProviderConfiguration'
00:07:27.909 qrouter [Test worker] DEBUG o.s.b.f.s.DefaultListableBeanFactory -Creating shared instance of singleton bean 'tomcatPoolDataSourceMetadataProvider'
00:07:27.909 qrouter [Test worker] DEBUG o.s.b.f.s.DefaultListableBeanFactory -Creating instance of bean 'tomcatPoolDataSourceMetadataProvider'
00:07:27.910 qrouter [Test worker] DEBUG o.s.b.f.s.DefaultListableBeanFactory -Returning cached instance of singleton bean 'org.springframework.transaction.config.internalTransactionAdvisor'
00:07:27.910 qrouter [Test worker] DEBUG o.s.b.f.s.DefaultListableBeanFactory -Returning cached instance of singleton bean 'org.springframework.boot.autoconfigure.jdbc.metadata.DataSourcePoolMetadataProvidersConfiguration$TomcatDataSourcePoolMetadataProviderConfiguration'
00:07:27.929 qrouter [Test worker] DEBUG o.s.b.f.s.DefaultListableBeanFactory -Eagerly caching bean 'tomcatPoolDataSourceMetadataProvider' to allow for resolving potential circular references
00:07:27.939 qrouter [Test worker] DEBUG o.s.b.f.s.DefaultListableBeanFactory -Returning cached instance of singleton bean 'org.springframework.transaction.config.internalTransactionAdvisor'
00:07:27.939 qrouter [Test worker] DEBUG o.s.b.f.s.DefaultListableBeanFactory -Returning cached instance of singleton bean 'org.springframework.transaction.config.internalTransactionAdvisor'
00:07:27.940 qrouter [Test worker] DEBUG o.s.b.f.s.DefaultListableBeanFactory -Finished creating instance of bean 'tomcatPoolDataSourceMetadataProvider'
00:07:27.940 qrouter [Test worker] DEBUG o.s.b.f.s.DefaultListableBeanFactory -Creating shared instance of singleton bean 'org.springframework.boot.autoconfigure.jdbc.metadata.DataSourcePoolMetadataProvidersConfiguration'
00:07:27.941 qrouter [Test worker] DEBUG o.s.b.f.s.DefaultListableBeanFactory -Creating instance of bean 'org.springframework.boot.autoconfigure.jdbc.metadata.DataSourcePoolMetadataProvidersConfiguration'
00:07:27.941 qrouter [Test worker] DEBUG o.s.b.f.s.DefaultListableBeanFactory -Returning cached instance of singleton bean 'org.springframework.transaction.config.internalTransactionAdvisor'
00:07:27.943 qrouter [Test worker] DEBUG o.s.b.f.s.DefaultListableBeanFactory -Eagerly caching bean 'org.springframework.boot.autoconfigure.jdbc.metadata.DataSourcePoolMetadataProvidersConfiguration' to allow for resolving potential circular references
00:07:27.956 qrouter [Test worker] DEBUG o.s.b.f.s.DefaultListableBeanFactory -Returning cached instance of singleton bean 'org.springframework.transaction.config.internalTransactionAdvisor'
00:07:27.956 qrouter [Test worker] DEBUG o.s.b.f.s.DefaultListableBeanFactory -Returning cached instance of singleton bean 'org.springframework.transaction.config.internalTransactionAdvisor'
00:07:27.957 qrouter [Test worker] DEBUG o.s.b.f.s.DefaultListableBeanFactory -Finished creating instance of bean 'org.springframework.boot.autoconfigure.jdbc.metadata.DataSourcePoolMetadataProvidersConfiguration'
00:07:27.957 qrouter [Test worker] DEBUG o.s.b.f.s.DefaultListableBeanFactory -Returning cached instance of singleton bean 'org.springframework.boot.autoconfigure.jdbc.DataSourceAutoConfiguration'
00:07:27.958 qrouter [Test worker] DEBUG o.s.b.f.s.DefaultListableBeanFactory -Returning cached instance of singleton bean 'dataSourceInitializer'
00:07:27.958 qrouter [Test worker] DEBUG o.s.b.f.s.DefaultListableBeanFactory -Returning cached instance of singleton bean 'spring.datasource-org.springframework.boot.autoconfigure.jdbc.DataSourceProperties'
00:07:27.958 qrouter [Test worker] DEBUG o.s.b.f.s.DefaultListableBeanFactory -Returning cached instance of singleton bean 'dataSourceInitializerPostProcessor'
00:07:27.958 qrouter [Test worker] DEBUG o.s.b.f.s.DefaultListableBeanFactory -Returning cached instance of singleton bean 'org.springframework.boot.autoconfigure.orm.jpa.JpaBaseConfiguration$JpaWebConfiguration$JpaWebMvcConfiguration'
00:07:27.958 qrouter [Test worker] DEBUG o.s.b.f.s.DefaultListableBeanFactory -Returning cached instance of singleton bean 'openEntityManagerInViewInterceptor'
00:07:27.958 qrouter [Test worker] DEBUG o.s.b.f.s.DefaultListableBeanFactory -Creating shared instance of singleton bean 'org.springframework.boot.autoconfigure.orm.jpa.JpaBaseConfiguration$JpaWebConfiguration'
00:07:27.958 qrouter [Test worker] DEBUG o.s.b.f.s.DefaultListableBeanFactory -Creating instance of bean 'org.springframework.boot.autoconfigure.orm.jpa.JpaBaseConfiguration$JpaWebConfiguration'
00:07:27.959 qrouter [Test worker] DEBUG o.s.b.f.s.DefaultListableBeanFactory -Returning cached instance of singleton bean 'org.springframework.transaction.config.internalTransactionAdvisor'
00:07:27.961 qrouter [Test worker] DEBUG o.s.b.f.s.DefaultListableBeanFactory -Eagerly caching bean 'org.springframework.boot.autoconfigure.orm.jpa.JpaBaseConfiguration$JpaWebConfiguration' to allow for resolving potential circular references
00:07:27.977 qrouter [Test worker] DEBUG o.s.b.f.s.DefaultListableBeanFactory -Returning cached instance of singleton bean 'org.springframework.transaction.config.internalTransactionAdvisor'
00:07:27.977 qrouter [Test worker] DEBUG o.s.b.f.s.DefaultListableBeanFactory -Returning cached instance of singleton bean 'org.springframework.transaction.config.internalTransactionAdvisor'
00:07:27.979 qrouter [Test worker] DEBUG o.s.b.f.s.DefaultListableBeanFactory -Finished creating instance of bean 'org.springframework.boot.autoconfigure.orm.jpa.JpaBaseConfiguration$JpaWebConfiguration'
00:07:27.979 qrouter [Test worker] DEBUG o.s.b.f.s.DefaultListableBeanFactory -Returning cached instance of singleton bean 'org.springframework.boot.autoconfigure.orm.jpa.HibernateJpaAutoConfiguration'
00:07:27.979 qrouter [Test worker] DEBUG o.s.b.f.s.DefaultListableBeanFactory -Creating shared instance of singleton bean 'transactionManager'
00:07:27.979 qrouter [Test worker] DEBUG o.s.b.f.s.DefaultListableBeanFactory -Creating instance of bean 'transactionManager'
00:07:27.980 qrouter [Test worker] DEBUG o.s.b.f.s.DefaultListableBeanFactory -Returning cached instance of singleton bean 'org.springframework.transaction.config.internalTransactionAdvisor'
00:07:27.980 qrouter [Test worker] DEBUG o.s.b.f.s.DefaultListableBeanFactory -Returning cached instance of singleton bean 'org.springframework.boot.autoconfigure.orm.jpa.HibernateJpaAutoConfiguration'
00:07:28.053 qrouter [Test worker] DEBUG o.s.b.f.s.DefaultListableBeanFactory -Eagerly caching bean 'transactionManager' to allow for resolving potential circular references
00:07:28.077 qrouter [Test worker] DEBUG o.s.b.f.s.DefaultListableBeanFactory -Returning cached instance of singleton bean 'entityManagerFactory'
00:07:28.078 qrouter [Test worker] DEBUG o.s.b.f.s.DefaultListableBeanFactory -Invoking afterPropertiesSet() on bean with name 'transactionManager'
00:07:28.084 qrouter [Test worker] DEBUG o.s.b.f.s.DefaultListableBeanFactory -Returning cached instance of singleton bean 'org.springframework.transaction.config.internalTransactionAdvisor'
00:07:28.084 qrouter [Test worker] DEBUG o.s.b.f.s.DefaultListableBeanFactory -Returning cached instance of singleton bean 'org.springframework.transaction.config.internalTransactionAdvisor'
00:07:28.086 qrouter [Test worker] DEBUG o.s.b.f.s.DefaultListableBeanFactory -Finished creating instance of bean 'transactionManager'
00:07:28.086 qrouter [Test worker] DEBUG o.s.b.f.s.DefaultListableBeanFactory -Returning cached instance of singleton bean 'jpaVendorAdapter'
00:07:28.086 qrouter [Test worker] DEBUG o.s.b.f.s.DefaultListableBeanFactory -Returning cached instance of singleton bean 'entityManagerFactoryBuilder'
00:07:28.087 qrouter [Test worker] DEBUG o.s.b.f.s.DefaultListableBeanFactory -Returning cached instance of singleton bean 'entityManagerFactory'
00:07:28.087 qrouter [Test worker] DEBUG o.s.b.f.s.DefaultListableBeanFactory -Returning cached instance of singleton bean 'spring.jpa-org.springframework.boot.autoconfigure.orm.jpa.JpaProperties'
00:07:28.087 qrouter [Test worker] DEBUG o.s.b.f.s.DefaultListableBeanFactory -Returning cached instance of singleton bean 'dataSourceInitializedPublisher'
00:07:28.088 qrouter [Test worker] DEBUG o.s.b.f.s.DefaultListableBeanFactory -Creating shared instance of singleton bean 'org.springframework.boot.autoconfigure.context.ConfigurationPropertiesAutoConfiguration'
00:07:28.088 qrouter [Test worker] DEBUG o.s.b.f.s.DefaultListableBeanFactory -Creating instance of bean 'org.springframework.boot.autoconfigure.context.ConfigurationPropertiesAutoConfiguration'
00:07:28.088 qrouter [Test worker] DEBUG o.s.b.f.s.DefaultListableBeanFactory -Returning cached instance of singleton bean 'org.springframework.transaction.config.internalTransactionAdvisor'
00:07:28.090 qrouter [Test worker] DEBUG o.s.b.f.s.DefaultListableBeanFactory -Eagerly caching bean 'org.springframework.boot.autoconfigure.context.ConfigurationPropertiesAutoConfiguration' to allow for resolving potential circular references
00:07:28.102 qrouter [Test worker] DEBUG o.s.b.f.s.DefaultListableBeanFactory -Returning cached instance of singleton bean 'org.springframework.transaction.config.internalTransactionAdvisor'
00:07:28.102 qrouter [Test worker] DEBUG o.s.b.f.s.DefaultListableBeanFactory -Returning cached instance of singleton bean 'org.springframework.transaction.config.internalTransactionAdvisor'
00:07:28.103 qrouter [Test worker] DEBUG o.s.b.f.s.DefaultListableBeanFactory -Finished creating instance of bean 'org.springframework.boot.autoconfigure.context.ConfigurationPropertiesAutoConfiguration'
00:07:28.104 qrouter [Test worker] DEBUG o.s.b.f.s.DefaultListableBeanFactory -Creating shared instance of singleton bean 'org.springframework.boot.autoconfigure.dao.PersistenceExceptionTranslationAutoConfiguration'
00:07:28.104 qrouter [Test worker] DEBUG o.s.b.f.s.DefaultListableBeanFactory -Creating instance of bean 'org.springframework.boot.autoconfigure.dao.PersistenceExceptionTranslationAutoConfiguration'
00:07:28.104 qrouter [Test worker] DEBUG o.s.b.f.s.DefaultListableBeanFactory -Returning cached instance of singleton bean 'org.springframework.transaction.config.internalTransactionAdvisor'
00:07:28.106 qrouter [Test worker] DEBUG o.s.b.f.s.DefaultListableBeanFactory -Eagerly caching bean 'org.springframework.boot.autoconfigure.dao.PersistenceExceptionTranslationAutoConfiguration' to allow for resolving potential circular references
00:07:28.111 qrouter [Test worker] DEBUG o.s.b.f.s.DefaultListableBeanFactory -Returning cached instance of singleton bean 'org.springframework.transaction.config.internalTransactionAdvisor'
00:07:28.112 qrouter [Test worker] DEBUG o.s.b.f.s.DefaultListableBeanFactory -Returning cached instance of singleton bean 'org.springframework.transaction.config.internalTransactionAdvisor'
00:07:28.113 qrouter [Test worker] DEBUG o.s.b.f.s.DefaultListableBeanFactory -Finished creating instance of bean 'org.springframework.boot.autoconfigure.dao.PersistenceExceptionTranslationAutoConfiguration'
00:07:28.113 qrouter [Test worker] DEBUG o.s.b.f.s.DefaultListableBeanFactory -Returning cached instance of singleton bean 'persistenceExceptionTranslationPostProcessor'
00:07:28.114 qrouter [Test worker] DEBUG o.s.b.f.s.DefaultListableBeanFactory -Creating shared instance of singleton bean 'org.springframework.boot.autoconfigure.data.jpa.JpaRepositoriesAutoConfiguration'
00:07:28.114 qrouter [Test worker] DEBUG o.s.b.f.s.DefaultListableBeanFactory -Creating instance of bean 'org.springframework.boot.autoconfigure.data.jpa.JpaRepositoriesAutoConfiguration'
00:07:28.115 qrouter [Test worker] DEBUG o.s.b.f.s.DefaultListableBeanFactory -Returning cached instance of singleton bean 'org.springframework.transaction.config.internalTransactionAdvisor'
00:07:28.116 qrouter [Test worker] DEBUG o.s.b.f.s.DefaultListableBeanFactory -Eagerly caching bean 'org.springframework.boot.autoconfigure.data.jpa.JpaRepositoriesAutoConfiguration' to allow for resolving potential circular references
00:07:28.129 qrouter [Test worker] DEBUG o.s.b.f.s.DefaultListableBeanFactory -Returning cached instance of singleton bean 'org.springframework.transaction.config.internalTransactionAdvisor'
00:07:28.129 qrouter [Test worker] DEBUG o.s.b.f.s.DefaultListableBeanFactory -Returning cached instance of singleton bean 'org.springframework.transaction.config.internalTransactionAdvisor'
00:07:28.130 qrouter [Test worker] DEBUG o.s.b.f.s.DefaultListableBeanFactory -Finished creating instance of bean 'org.springframework.boot.autoconfigure.data.jpa.JpaRepositoriesAutoConfiguration'
00:07:28.131 qrouter [Test worker] DEBUG o.s.b.f.s.DefaultListableBeanFactory -Returning cached instance of singleton bean 'emBeanDefinitionRegistrarPostProcessor'
00:07:28.131 qrouter [Test worker] DEBUG o.s.b.f.s.DefaultListableBeanFactory -Creating shared instance of singleton bean 'jpaMappingContext'
00:07:28.131 qrouter [Test worker] DEBUG o.s.b.f.s.DefaultListableBeanFactory -Creating instance of bean 'jpaMappingContext'
00:07:28.131 qrouter [Test worker] DEBUG o.s.b.f.s.DefaultListableBeanFactory -Returning cached instance of singleton bean 'org.springframework.transaction.config.internalTransactionAdvisor'
00:07:28.133 qrouter [Test worker] DEBUG o.s.b.f.s.DefaultListableBeanFactory -Eagerly caching bean 'jpaMappingContext' to allow for resolving potential circular references
00:07:28.154 qrouter [Test worker] DEBUG o.s.b.f.s.DefaultListableBeanFactory -Invoking afterPropertiesSet() on bean with name 'jpaMappingContext'
00:07:28.154 qrouter [Test worker] DEBUG o.s.b.f.s.DefaultListableBeanFactory -Returning cached instance of singleton bean 'entityManagerFactory'
00:07:28.374 qrouter [Test worker] DEBUG o.s.b.f.s.DefaultListableBeanFactory -Returning cached instance of singleton bean 'org.springframework.transaction.config.internalTransactionAdvisor'
00:07:28.375 qrouter [Test worker] DEBUG o.s.b.f.s.DefaultListableBeanFactory -Returning cached instance of singleton bean 'org.springframework.transaction.config.internalTransactionAdvisor'
00:07:28.376 qrouter [Test worker] DEBUG o.s.b.f.s.DefaultListableBeanFactory -Finished creating instance of bean 'jpaMappingContext'
00:07:28.377 qrouter [Test worker] DEBUG o.s.b.f.s.DefaultListableBeanFactory -Creating shared instance of singleton bean 'jpaContext'
00:07:28.377 qrouter [Test worker] DEBUG o.s.b.f.s.DefaultListableBeanFactory -Creating instance of bean 'jpaContext'
00:07:28.377 qrouter [Test worker] DEBUG o.s.b.f.s.DefaultListableBeanFactory -Returning cached instance of singleton bean 'org.springframework.transaction.config.internalTransactionAdvisor'
00:07:28.401 qrouter [Test worker] DEBUG o.s.b.f.s.DefaultListableBeanFactory -Creating shared instance of singleton bean 'org.springframework.orm.jpa.SharedEntityManagerCreator#0'
00:07:28.401 qrouter [Test worker] DEBUG o.s.b.f.s.DefaultListableBeanFactory -Creating instance of bean 'org.springframework.orm.jpa.SharedEntityManagerCreator#0'
00:07:28.403 qrouter [Test worker] DEBUG o.s.b.f.s.DefaultListableBeanFactory -Returning cached instance of singleton bean 'org.springframework.transaction.config.internalTransactionAdvisor'
00:07:28.403 qrouter [Test worker] DEBUG o.s.b.f.s.DefaultListableBeanFactory -Returning cached instance of singleton bean 'entityManagerFactory'
00:07:28.415 qrouter [Test worker] DEBUG o.s.b.f.s.DefaultListableBeanFactory -Eagerly caching bean 'org.springframework.orm.jpa.SharedEntityManagerCreator#0' to allow for resolving potential circular references
00:07:28.433 qrouter [Test worker] DEBUG o.s.b.f.s.DefaultListableBeanFactory -Returning cached instance of singleton bean 'org.springframework.transaction.config.internalTransactionAdvisor'
00:07:28.433 qrouter [Test worker] DEBUG o.s.b.f.s.DefaultListableBeanFactory -Returning cached instance of singleton bean 'org.springframework.transaction.config.internalTransactionAdvisor'
00:07:28.437 qrouter [Test worker] DEBUG o.s.b.f.s.DefaultListableBeanFactory -Finished creating instance of bean 'org.springframework.orm.jpa.SharedEntityManagerCreator#0'
00:07:28.438 qrouter [Test worker] DEBUG o.s.b.f.s.DefaultListableBeanFactory -Autowiring by type from bean name 'jpaContext' via constructor to bean named 'org.springframework.orm.jpa.SharedEntityManagerCreator#0'
00:07:28.440 qrouter [Test worker] DEBUG o.s.b.f.s.DefaultListableBeanFactory -Eagerly caching bean 'jpaContext' to allow for resolving potential circular references
00:07:28.450 qrouter [Test worker] DEBUG o.s.b.f.s.DefaultListableBeanFactory -Returning cached instance of singleton bean 'org.springframework.transaction.config.internalTransactionAdvisor'
00:07:28.450 qrouter [Test worker] DEBUG o.s.b.f.s.DefaultListableBeanFactory -Returning cached instance of singleton bean 'org.springframework.transaction.config.internalTransactionAdvisor'
00:07:28.451 qrouter [Test worker] DEBUG o.s.b.f.s.DefaultListableBeanFactory -Finished creating instance of bean 'jpaContext'
00:07:28.451 qrouter [Test worker] DEBUG o.s.b.f.s.DefaultListableBeanFactory -Creating shared instance of singleton bean 'org.springframework.boot.autoconfigure.gson.GsonAutoConfiguration'
00:07:28.452 qrouter [Test worker] DEBUG o.s.b.f.s.DefaultListableBeanFactory -Creating instance of bean 'org.springframework.boot.autoconfigure.gson.GsonAutoConfiguration'
00:07:28.452 qrouter [Test worker] DEBUG o.s.b.f.s.DefaultListableBeanFactory -Returning cached instance of singleton bean 'org.springframework.transaction.config.internalTransactionAdvisor'
00:07:28.455 qrouter [Test worker] DEBUG o.s.b.f.s.DefaultListableBeanFactory -Eagerly caching bean 'org.springframework.boot.autoconfigure.gson.GsonAutoConfiguration' to allow for resolving potential circular references
00:07:28.465 qrouter [Test worker] DEBUG o.s.b.f.s.DefaultListableBeanFactory -Returning cached instance of singleton bean 'org.springframework.transaction.config.internalTransactionAdvisor'
00:07:28.465 qrouter [Test worker] DEBUG o.s.b.f.s.DefaultListableBeanFactory -Returning cached instance of singleton bean 'org.springframework.transaction.config.internalTransactionAdvisor'
00:07:28.468 qrouter [Test worker] DEBUG o.s.b.f.s.DefaultListableBeanFactory -Finished creating instance of bean 'org.springframework.boot.autoconfigure.gson.GsonAutoConfiguration'
00:07:28.469 qrouter [Test worker] DEBUG o.s.b.f.s.DefaultListableBeanFactory -Creating shared instance of singleton bean 'gson'
00:07:28.469 qrouter [Test worker] DEBUG o.s.b.f.s.DefaultListableBeanFactory -Creating instance of bean 'gson'
00:07:28.469 qrouter [Test worker] DEBUG o.s.b.f.s.DefaultListableBeanFactory -Returning cached instance of singleton bean 'org.springframework.transaction.config.internalTransactionAdvisor'
00:07:28.470 qrouter [Test worker] DEBUG o.s.b.f.s.DefaultListableBeanFactory -Returning cached instance of singleton bean 'org.springframework.boot.autoconfigure.gson.GsonAutoConfiguration'
00:07:28.788 qrouter [Test worker] DEBUG o.s.b.f.s.DefaultListableBeanFactory -Eagerly caching bean 'gson' to allow for resolving potential circular references
00:07:28.798 qrouter [Test worker] DEBUG o.s.b.f.s.DefaultListableBeanFactory -Returning cached instance of singleton bean 'org.springframework.transaction.config.internalTransactionAdvisor'
00:07:28.798 qrouter [Test worker] DEBUG o.s.b.f.s.DefaultListableBeanFactory -Returning cached instance of singleton bean 'org.springframework.transaction.config.internalTransactionAdvisor'
00:07:28.799 qrouter [Test worker] DEBUG o.s.b.f.s.DefaultListableBeanFactory -Finished creating instance of bean 'gson'
00:07:28.799 qrouter [Test worker] DEBUG o.s.b.f.s.DefaultListableBeanFactory -Returning cached instance of singleton bean 'org.springframework.boot.autoconfigure.web.HttpMessageConvertersAutoConfiguration$StringHttpMessageConverterConfiguration'
00:07:28.799 qrouter [Test worker] DEBUG o.s.b.f.s.DefaultListableBeanFactory -Returning cached instance of singleton bean 'stringHttpMessageConverter'
00:07:28.800 qrouter [Test worker] DEBUG o.s.b.f.s.DefaultListableBeanFactory -Returning cached instance of singleton bean 'spring.http.encoding-org.springframework.boot.autoconfigure.web.HttpEncodingProperties'
00:07:28.800 qrouter [Test worker] DEBUG o.s.b.f.s.DefaultListableBeanFactory -Returning cached instance of singleton bean 'org.springframework.boot.autoconfigure.web.JacksonHttpMessageConvertersConfiguration$MappingJackson2HttpMessageConverterConfiguration'
00:07:28.800 qrouter [Test worker] DEBUG o.s.b.f.s.DefaultListableBeanFactory -Returning cached instance of singleton bean 'mappingJackson2HttpMessageConverter'
00:07:28.801 qrouter [Test worker] DEBUG o.s.b.f.s.DefaultListableBeanFactory -Creating shared instance of singleton bean 'org.springframework.boot.autoconfigure.web.JacksonHttpMessageConvertersConfiguration'
00:07:28.801 qrouter [Test worker] DEBUG o.s.b.f.s.DefaultListableBeanFactory -Creating instance of bean 'org.springframework.boot.autoconfigure.web.JacksonHttpMessageConvertersConfiguration'
00:07:28.801 qrouter [Test worker] DEBUG o.s.b.f.s.DefaultListableBeanFactory -Returning cached instance of singleton bean 'org.springframework.transaction.config.internalTransactionAdvisor'
00:07:28.803 qrouter [Test worker] DEBUG o.s.b.f.s.DefaultListableBeanFactory -Eagerly caching bean 'org.springframework.boot.autoconfigure.web.JacksonHttpMessageConvertersConfiguration' to allow for resolving potential circular references
00:07:28.812 qrouter [Test worker] DEBUG o.s.b.f.s.DefaultListableBeanFactory -Returning cached instance of singleton bean 'org.springframework.transaction.config.internalTransactionAdvisor'
00:07:28.812 qrouter [Test worker] DEBUG o.s.b.f.s.DefaultListableBeanFactory -Returning cached instance of singleton bean 'org.springframework.transaction.config.internalTransactionAdvisor'
00:07:28.813 qrouter [Test worker] DEBUG o.s.b.f.s.DefaultListableBeanFactory -Finished creating instance of bean 'org.springframework.boot.autoconfigure.web.JacksonHttpMessageConvertersConfiguration'
00:07:28.813 qrouter [Test worker] DEBUG o.s.b.f.s.DefaultListableBeanFactory -Creating shared instance of singleton bean 'org.springframework.boot.autoconfigure.web.GsonHttpMessageConvertersConfiguration'
00:07:28.813 qrouter [Test worker] DEBUG o.s.b.f.s.DefaultListableBeanFactory -Creating instance of bean 'org.springframework.boot.autoconfigure.web.GsonHttpMessageConvertersConfiguration'
00:07:28.814 qrouter [Test worker] DEBUG o.s.b.f.s.DefaultListableBeanFactory -Returning cached instance of singleton bean 'org.springframework.transaction.config.internalTransactionAdvisor'
00:07:28.815 qrouter [Test worker] DEBUG o.s.b.f.s.DefaultListableBeanFactory -Eagerly caching bean 'org.springframework.boot.autoconfigure.web.GsonHttpMessageConvertersConfiguration' to allow for resolving potential circular references
00:07:28.827 qrouter [Test worker] DEBUG o.s.b.f.s.DefaultListableBeanFactory -Returning cached instance of singleton bean 'org.springframework.transaction.config.internalTransactionAdvisor'
00:07:28.827 qrouter [Test worker] DEBUG o.s.b.f.s.DefaultListableBeanFactory -Returning cached instance of singleton bean 'org.springframework.transaction.config.internalTransactionAdvisor'
00:07:28.829 qrouter [Test worker] DEBUG o.s.b.f.s.DefaultListableBeanFactory -Finished creating instance of bean 'org.springframework.boot.autoconfigure.web.GsonHttpMessageConvertersConfiguration'
00:07:28.829 qrouter [Test worker] DEBUG o.s.b.f.s.DefaultListableBeanFactory -Returning cached instance of singleton bean 'org.springframework.boot.autoconfigure.web.HttpMessageConvertersAutoConfiguration'
00:07:28.829 qrouter [Test worker] DEBUG o.s.b.f.s.DefaultListableBeanFactory -Returning cached instance of singleton bean 'messageConverters'
00:07:28.829 qrouter [Test worker] DEBUG o.s.b.f.s.DefaultListableBeanFactory -Returning cached instance of singleton bean 'org.springframework.data.web.config.HateoasAwareSpringDataWebConfiguration'
00:07:28.829 qrouter [Test worker] DEBUG o.s.b.f.s.DefaultListableBeanFactory -Returning cached instance of singleton bean 'pageableResolver'
00:07:28.830 qrouter [Test worker] DEBUG o.s.b.f.s.DefaultListableBeanFactory -Returning cached instance of singleton bean 'sortResolver'
00:07:28.830 qrouter [Test worker] DEBUG o.s.b.f.s.DefaultListableBeanFactory -Creating shared instance of singleton bean 'pagedResourcesAssembler'
00:07:28.830 qrouter [Test worker] DEBUG o.s.b.f.s.DefaultListableBeanFactory -Creating instance of bean 'pagedResourcesAssembler'
00:07:28.831 qrouter [Test worker] DEBUG o.s.b.f.s.DefaultListableBeanFactory -Returning cached instance of singleton bean 'org.springframework.transaction.config.internalTransactionAdvisor'
00:07:28.832 qrouter [Test worker] DEBUG o.s.b.f.s.DefaultListableBeanFactory -Returning cached instance of singleton bean 'org.springframework.data.web.config.HateoasAwareSpringDataWebConfiguration'
00:07:28.838 qrouter [Test worker] DEBUG o.s.b.f.s.DefaultListableBeanFactory -Returning cached instance of singleton bean 'pageableResolver'
00:07:28.848 qrouter [Test worker] DEBUG o.s.b.f.s.DefaultListableBeanFactory -Eagerly caching bean 'pagedResourcesAssembler' to allow for resolving potential circular references
00:07:28.862 qrouter [Test worker] DEBUG o.s.b.f.s.DefaultListableBeanFactory -Returning cached instance of singleton bean 'org.springframework.transaction.config.internalTransactionAdvisor'
00:07:28.863 qrouter [Test worker] DEBUG o.s.b.f.s.DefaultListableBeanFactory -Returning cached instance of singleton bean 'org.springframework.transaction.config.internalTransactionAdvisor'
00:07:28.864 qrouter [Test worker] DEBUG o.s.b.f.s.DefaultListableBeanFactory -Finished creating instance of bean 'pagedResourcesAssembler'
00:07:28.865 qrouter [Test worker] DEBUG o.s.b.f.s.DefaultListableBeanFactory -Returning cached instance of singleton bean 'pagedResourcesAssemblerArgumentResolver'
00:07:28.865 qrouter [Test worker] DEBUG o.s.b.f.s.DefaultListableBeanFactory -Returning cached instance of singleton bean 'org.springframework.data.web.config.SpringDataJacksonConfiguration'
00:07:28.865 qrouter [Test worker] DEBUG o.s.b.f.s.DefaultListableBeanFactory -Returning cached instance of singleton bean 'jacksonGeoModule'
00:07:28.866 qrouter [Test worker] DEBUG o.s.b.f.s.DefaultListableBeanFactory -Creating shared instance of singleton bean 'org.springframework.boot.autoconfigure.data.web.SpringDataWebAutoConfiguration'
00:07:28.866 qrouter [Test worker] DEBUG o.s.b.f.s.DefaultListableBeanFactory -Creating instance of bean 'org.springframework.boot.autoconfigure.data.web.SpringDataWebAutoConfiguration'
00:07:28.867 qrouter [Test worker] DEBUG o.s.b.f.s.DefaultListableBeanFactory -Returning cached instance of singleton bean 'org.springframework.transaction.config.internalTransactionAdvisor'
00:07:28.869 qrouter [Test worker] DEBUG o.s.b.f.s.DefaultListableBeanFactory -Eagerly caching bean 'org.springframework.boot.autoconfigure.data.web.SpringDataWebAutoConfiguration' to allow for resolving potential circular references
00:07:28.883 qrouter [Test worker] DEBUG o.s.b.f.s.DefaultListableBeanFactory -Returning cached instance of singleton bean 'org.springframework.transaction.config.internalTransactionAdvisor'
00:07:28.883 qrouter [Test worker] DEBUG o.s.b.f.s.DefaultListableBeanFactory -Returning cached instance of singleton bean 'org.springframework.transaction.config.internalTransactionAdvisor'
00:07:28.887 qrouter [Test worker] DEBUG o.s.b.f.s.DefaultListableBeanFactory -Finished creating instance of bean 'org.springframework.boot.autoconfigure.data.web.SpringDataWebAutoConfiguration'
00:07:28.887 qrouter [Test worker] DEBUG o.s.b.f.s.DefaultListableBeanFactory -Creating shared instance of singleton bean 'org.springframework.boot.autoconfigure.h2.H2ConsoleAutoConfiguration'
00:07:28.887 qrouter [Test worker] DEBUG o.s.b.f.s.DefaultListableBeanFactory -Creating instance of bean 'org.springframework.boot.autoconfigure.h2.H2ConsoleAutoConfiguration'
00:07:28.888 qrouter [Test worker] DEBUG o.s.b.f.s.DefaultListableBeanFactory -Returning cached instance of singleton bean 'org.springframework.transaction.config.internalTransactionAdvisor'
00:07:28.891 qrouter [Test worker] DEBUG o.s.c.LocalVariableTableParameterNameDiscoverer -Cannot find '.class' file for class [class org.springframework.boot.autoconfigure.h2.H2ConsoleAutoConfiguration$$EnhancerBySpringCGLIB$$4517132b] - unable to determine constructor/method parameter names
00:07:28.903 qrouter [Test worker] DEBUG o.s.b.f.s.DefaultListableBeanFactory -Creating shared instance of singleton bean 'spring.h2.console-org.springframework.boot.autoconfigure.h2.H2ConsoleProperties'
00:07:28.903 qrouter [Test worker] DEBUG o.s.b.f.s.DefaultListableBeanFactory -Creating instance of bean 'spring.h2.console-org.springframework.boot.autoconfigure.h2.H2ConsoleProperties'
00:07:28.904 qrouter [Test worker] DEBUG o.s.b.f.s.DefaultListableBeanFactory -Returning cached instance of singleton bean 'org.springframework.transaction.config.internalTransactionAdvisor'
00:07:28.905 qrouter [Test worker] DEBUG o.s.b.f.s.DefaultListableBeanFactory -Eagerly caching bean 'spring.h2.console-org.springframework.boot.autoconfigure.h2.H2ConsoleProperties' to allow for resolving potential circular references
00:07:28.913 qrouter [Test worker] DEBUG o.s.core.env.MutablePropertySources -Adding [Inlined Test Properties] PropertySource with lowest search precedence
00:07:28.913 qrouter [Test worker] DEBUG o.s.core.env.MutablePropertySources -Adding [systemProperties] PropertySource with lowest search precedence
00:07:28.913 qrouter [Test worker] DEBUG o.s.core.env.MutablePropertySources -Adding [systemEnvironment] PropertySource with lowest search precedence
00:07:28.914 qrouter [Test worker] DEBUG o.s.core.env.MutablePropertySources -Adding [random] PropertySource with lowest search precedence
00:07:28.914 qrouter [Test worker] DEBUG o.s.core.env.MutablePropertySources -Adding [applicationConfig: [classpath:/application.properties]] PropertySource with lowest search precedence
00:07:28.916 qrouter [Test worker] DEBUG o.s.core.env.MutablePropertySources -Adding [Inlined Test Properties] PropertySource with lowest search precedence
00:07:28.916 qrouter [Test worker] DEBUG o.s.core.env.MutablePropertySources -Adding [systemProperties] PropertySource with lowest search precedence
00:07:28.916 qrouter [Test worker] DEBUG o.s.core.env.MutablePropertySources -Adding [systemEnvironment] PropertySource with lowest search precedence
00:07:28.917 qrouter [Test worker] DEBUG o.s.core.env.MutablePropertySources -Adding [random] PropertySource with lowest search precedence
00:07:28.917 qrouter [Test worker] DEBUG o.s.core.env.MutablePropertySources -Adding [applicationConfig: [classpath:/application.properties]] PropertySource with lowest search precedence
00:07:28.918 qrouter [Test worker] DEBUG o.s.c.e.PropertySourcesPropertyResolver -Found key 'spring.h2.console.enabled' in [applicationConfig: [classpath:/application.properties]] with type [String]
00:07:28.919 qrouter [Test worker] DEBUG o.s.core.env.MutablePropertySources -Adding [Inlined Test Properties] PropertySource with lowest search precedence
00:07:28.919 qrouter [Test worker] DEBUG o.s.core.env.MutablePropertySources -Adding [systemProperties] PropertySource with lowest search precedence
00:07:28.919 qrouter [Test worker] DEBUG o.s.core.env.MutablePropertySources -Adding [systemEnvironment] PropertySource with lowest search precedence
00:07:28.919 qrouter [Test worker] DEBUG o.s.core.env.MutablePropertySources -Adding [random] PropertySource with lowest search precedence
00:07:28.920 qrouter [Test worker] DEBUG o.s.core.env.MutablePropertySources -Adding [applicationConfig: [classpath:/application.properties]] PropertySource with lowest search precedence
00:07:28.920 qrouter [Test worker] DEBUG o.s.c.e.PropertySourcesPropertyResolver -Found key 'spring.h2.console.path' in [applicationConfig: [classpath:/application.properties]] with type [String]
00:07:28.927 qrouter [Test worker] DEBUG o.s.b.f.s.DefaultListableBeanFactory -Returning cached instance of singleton bean 'org.springframework.transaction.config.internalTransactionAdvisor'
00:07:28.927 qrouter [Test worker] DEBUG o.s.b.f.s.DefaultListableBeanFactory -Returning cached instance of singleton bean 'org.springframework.transaction.config.internalTransactionAdvisor'
00:07:28.929 qrouter [Test worker] DEBUG o.s.b.f.s.DefaultListableBeanFactory -Finished creating instance of bean 'spring.h2.console-org.springframework.boot.autoconfigure.h2.H2ConsoleProperties'
00:07:28.929 qrouter [Test worker] DEBUG o.s.b.f.s.DefaultListableBeanFactory -Autowiring by type from bean name 'org.springframework.boot.autoconfigure.h2.H2ConsoleAutoConfiguration' via constructor to bean named 'spring.h2.console-org.springframework.boot.autoconfigure.h2.H2ConsoleProperties'
00:07:28.931 qrouter [Test worker] DEBUG o.s.b.f.s.DefaultListableBeanFactory -Eagerly caching bean 'org.springframework.boot.autoconfigure.h2.H2ConsoleAutoConfiguration' to allow for resolving potential circular references
00:07:28.943 qrouter [Test worker] DEBUG o.s.b.f.s.DefaultListableBeanFactory -Returning cached instance of singleton bean 'org.springframework.transaction.config.internalTransactionAdvisor'
00:07:28.944 qrouter [Test worker] DEBUG o.s.b.f.s.DefaultListableBeanFactory -Returning cached instance of singleton bean 'org.springframework.transaction.config.internalTransactionAdvisor'
00:07:28.949 qrouter [Test worker] DEBUG o.s.b.f.s.DefaultListableBeanFactory -Finished creating instance of bean 'org.springframework.boot.autoconfigure.h2.H2ConsoleAutoConfiguration'
00:07:28.949 qrouter [Test worker] DEBUG o.s.b.f.s.DefaultListableBeanFactory -Creating shared instance of singleton bean 'h2Console'
00:07:28.950 qrouter [Test worker] DEBUG o.s.b.f.s.DefaultListableBeanFactory -Creating instance of bean 'h2Console'
00:07:28.950 qrouter [Test worker] DEBUG o.s.b.f.s.DefaultListableBeanFactory -Returning cached instance of singleton bean 'org.springframework.transaction.config.internalTransactionAdvisor'
00:07:28.951 qrouter [Test worker] DEBUG o.s.b.f.s.DefaultListableBeanFactory -Returning cached instance of singleton bean 'org.springframework.boot.autoconfigure.h2.H2ConsoleAutoConfiguration'
00:07:28.973 qrouter [Test worker] DEBUG o.s.b.f.s.DefaultListableBeanFactory -Eagerly caching bean 'h2Console' to allow for resolving potential circular references
00:07:28.974 qrouter [Test worker] DEBUG o.s.b.f.s.DefaultListableBeanFactory -Returning cached instance of singleton bean 'org.springframework.transaction.config.internalTransactionAdvisor'
00:07:28.974 qrouter [Test worker] DEBUG o.s.b.f.s.DefaultListableBeanFactory -Returning cached instance of singleton bean 'org.springframework.transaction.config.internalTransactionAdvisor'
00:07:28.975 qrouter [Test worker] DEBUG o.s.b.f.s.DefaultListableBeanFactory -Finished creating instance of bean 'h2Console'
00:07:28.975 qrouter [Test worker] DEBUG o.s.b.f.s.DefaultListableBeanFactory -Returning cached instance of singleton bean 'spring.h2.console-org.springframework.boot.autoconfigure.h2.H2ConsoleProperties'
00:07:28.975 qrouter [Test worker] DEBUG o.s.b.f.s.DefaultListableBeanFactory -Creating shared instance of singleton bean 'org.springframework.boot.autoconfigure.hateoas.HypermediaAutoConfiguration$EntityLinksConfiguration'
00:07:28.976 qrouter [Test worker] DEBUG o.s.b.f.s.DefaultListableBeanFactory -Creating instance of bean 'org.springframework.boot.autoconfigure.hateoas.HypermediaAutoConfiguration$EntityLinksConfiguration'
00:07:28.976 qrouter [Test worker] DEBUG o.s.b.f.s.DefaultListableBeanFactory -Returning cached instance of singleton bean 'org.springframework.transaction.config.internalTransactionAdvisor'
00:07:28.978 qrouter [Test worker] DEBUG o.s.b.f.s.DefaultListableBeanFactory -Eagerly caching bean 'org.springframework.boot.autoconfigure.hateoas.HypermediaAutoConfiguration$EntityLinksConfiguration' to allow for resolving potential circular references
00:07:28.992 qrouter [Test worker] DEBUG o.s.b.f.s.DefaultListableBeanFactory -Returning cached instance of singleton bean 'org.springframework.transaction.config.internalTransactionAdvisor'
00:07:28.992 qrouter [Test worker] DEBUG o.s.b.f.s.DefaultListableBeanFactory -Returning cached instance of singleton bean 'org.springframework.transaction.config.internalTransactionAdvisor'
00:07:28.995 qrouter [Test worker] DEBUG o.s.b.f.s.DefaultListableBeanFactory -Finished creating instance of bean 'org.springframework.boot.autoconfigure.hateoas.HypermediaAutoConfiguration$EntityLinksConfiguration'
00:07:28.995 qrouter [Test worker] DEBUG o.s.b.f.s.DefaultListableBeanFactory -Creating shared instance of singleton bean 'entityLinksPluginRegistry'
00:07:28.995 qrouter [Test worker] DEBUG o.s.b.f.s.DefaultListableBeanFactory -Creating instance of bean 'entityLinksPluginRegistry'
00:07:28.996 qrouter [Test worker] DEBUG o.s.b.f.s.DefaultListableBeanFactory -Returning cached instance of singleton bean 'org.springframework.transaction.config.internalTransactionAdvisor'
00:07:28.997 qrouter [Test worker] DEBUG o.s.b.f.s.DefaultListableBeanFactory -Eagerly caching bean 'entityLinksPluginRegistry' to allow for resolving potential circular references
00:07:28.997 qrouter [Test worker] DEBUG o.s.b.f.s.DefaultListableBeanFactory -Invoking afterPropertiesSet() on bean with name 'entityLinksPluginRegistry'
00:07:28.998 qrouter [Test worker] DEBUG o.s.b.f.s.DefaultListableBeanFactory -Returning cached instance of singleton bean 'org.springframework.transaction.config.internalTransactionAdvisor'
00:07:28.998 qrouter [Test worker] DEBUG o.s.b.f.s.DefaultListableBeanFactory -Returning cached instance of singleton bean 'org.springframework.transaction.config.internalTransactionAdvisor'
00:07:28.999 qrouter [Test worker] DEBUG o.s.b.f.s.DefaultListableBeanFactory -Finished creating instance of bean 'entityLinksPluginRegistry'
00:07:28.999 qrouter [Test worker] DEBUG o.s.b.f.s.DefaultListableBeanFactory -Creating shared instance of singleton bean 'controllerEntityLinks'
00:07:28.999 qrouter [Test worker] DEBUG o.s.b.f.s.DefaultListableBeanFactory -Creating instance of bean 'controllerEntityLinks'
00:07:29.000 qrouter [Test worker] DEBUG o.s.b.f.s.DefaultListableBeanFactory -Returning cached instance of singleton bean 'org.springframework.transaction.config.internalTransactionAdvisor'
00:07:29.001 qrouter [Test worker] DEBUG o.s.b.f.s.DefaultListableBeanFactory -Eagerly caching bean 'controllerEntityLinks' to allow for resolving potential circular references
00:07:29.038 qrouter [Test worker] DEBUG o.s.b.f.s.DefaultListableBeanFactory -Creating instance of bean '(inner bean)#923f3a'
00:07:29.038 qrouter [Test worker] DEBUG o.s.b.f.s.DefaultListableBeanFactory -Returning cached instance of singleton bean 'org.springframework.transaction.config.internalTransactionAdvisor'
00:07:29.112 qrouter [Test worker] DEBUG o.s.b.f.s.DefaultListableBeanFactory -Returning cached instance of singleton bean 'pageableResolver'
00:07:29.113 qrouter [Test worker] DEBUG o.s.b.f.s.DefaultListableBeanFactory -Returning cached instance of singleton bean 'sortResolver'
00:07:29.115 qrouter [Test worker] DEBUG o.s.b.f.s.DefaultListableBeanFactory -Autowiring by type from bean name '(inner bean)#923f3a' via property 'uriComponentsContributors' to bean named 'pageableResolver'
00:07:29.115 qrouter [Test worker] DEBUG o.s.b.f.s.DefaultListableBeanFactory -Autowiring by type from bean name '(inner bean)#923f3a' via property 'uriComponentsContributors' to bean named 'sortResolver'
00:07:29.116 qrouter [Test worker] DEBUG o.s.b.f.s.DefaultListableBeanFactory -Returning cached instance of singleton bean 'org.springframework.transaction.config.internalTransactionAdvisor'
00:07:29.117 qrouter [Test worker] DEBUG o.s.b.f.s.DefaultListableBeanFactory -Returning cached instance of singleton bean 'org.springframework.transaction.config.internalTransactionAdvisor'
00:07:29.123 qrouter [Test worker] DEBUG o.s.b.f.s.DefaultListableBeanFactory -Finished creating instance of bean '(inner bean)#923f3a'
00:07:29.124 qrouter [Test worker] DEBUG o.s.b.f.s.DefaultListableBeanFactory -Invoking afterPropertiesSet() on bean with name 'controllerEntityLinks'
00:07:29.175 qrouter [Test worker] DEBUG o.s.b.f.s.DefaultListableBeanFactory -Returning cached instance of singleton bean 'org.springframework.transaction.config.internalTransactionAdvisor'
00:07:29.175 qrouter [Test worker] DEBUG o.s.b.f.s.DefaultListableBeanFactory -Returning cached instance of singleton bean 'org.springframework.transaction.config.internalTransactionAdvisor'
00:07:29.177 qrouter [Test worker] DEBUG o.s.b.f.s.DefaultListableBeanFactory -Finished creating instance of bean 'controllerEntityLinks'
00:07:29.177 qrouter [Test worker] DEBUG o.s.b.f.s.DefaultListableBeanFactory -Returning cached instance of singleton bean 'controllerEntityLinks'
00:07:29.178 qrouter [Test worker] DEBUG o.s.b.f.s.DefaultListableBeanFactory -Returning cached instance of singleton bean 'org.springframework.transaction.config.internalTransactionAdvisor'
00:07:29.178 qrouter [Test worker] DEBUG o.s.b.f.s.DefaultListableBeanFactory -Returning cached instance of singleton bean 'org.springframework.transaction.config.internalTransactionAdvisor'
00:07:29.180 qrouter [Test worker] DEBUG o.s.b.f.s.DefaultListableBeanFactory -Creating shared instance of singleton bean 'delegatingEntityLinks'
00:07:29.180 qrouter [Test worker] DEBUG o.s.b.f.s.DefaultListableBeanFactory -Creating instance of bean 'delegatingEntityLinks'
00:07:29.180 qrouter [Test worker] DEBUG o.s.b.f.s.DefaultListableBeanFactory -Returning cached instance of singleton bean 'org.springframework.transaction.config.internalTransactionAdvisor'
00:07:29.181 qrouter [Test worker] DEBUG o.s.b.f.s.DefaultListableBeanFactory -Creating instance of bean '(inner bean)#10bb14f'
00:07:29.182 qrouter [Test worker] DEBUG o.s.b.f.s.DefaultListableBeanFactory -Returning cached instance of singleton bean 'org.springframework.transaction.config.internalTransactionAdvisor'
00:07:29.184 qrouter [Test worker] DEBUG o.s.b.f.s.DefaultListableBeanFactory -Invoking afterPropertiesSet() on bean with name '(inner bean)#10bb14f'
00:07:29.184 qrouter [Test worker] DEBUG o.s.b.f.s.DefaultListableBeanFactory -Returning cached instance of singleton bean 'org.springframework.transaction.config.internalTransactionAdvisor'
00:07:29.184 qrouter [Test worker] DEBUG o.s.b.f.s.DefaultListableBeanFactory -Returning cached instance of singleton bean 'org.springframework.transaction.config.internalTransactionAdvisor'
00:07:29.185 qrouter [Test worker] DEBUG o.s.b.f.s.DefaultListableBeanFactory -Finished creating instance of bean '(inner bean)#10bb14f'
00:07:29.185 qrouter [Test worker] DEBUG o.s.aop.framework.JdkDynamicAopProxy -Creating JDK dynamic proxy: target source is org.springframework.plugin.core.support.AbstractTypeAwareSupport$BeansOfTypeTargetSource@a543d0
00:07:29.186 qrouter [Test worker] DEBUG o.s.b.f.s.DefaultListableBeanFactory -Returning cached instance of singleton bean 'org.springframework.transaction.config.internalTransactionAdvisor'
00:07:29.186 qrouter [Test worker] DEBUG o.s.b.f.s.DefaultListableBeanFactory -Returning cached instance of singleton bean 'org.springframework.transaction.config.internalTransactionAdvisor'
00:07:29.221 qrouter [Test worker] DEBUG o.s.b.f.s.DefaultListableBeanFactory -Eagerly caching bean 'delegatingEntityLinks' to allow for resolving potential circular references
00:07:29.242 qrouter [Test worker] DEBUG o.s.b.f.s.DefaultListableBeanFactory -Returning cached instance of singleton bean 'org.springframework.transaction.config.internalTransactionAdvisor'
00:07:29.242 qrouter [Test worker] DEBUG o.s.b.f.s.DefaultListableBeanFactory -Returning cached instance of singleton bean 'org.springframework.transaction.config.internalTransactionAdvisor'
00:07:29.243 qrouter [Test worker] DEBUG o.s.b.f.s.DefaultListableBeanFactory -Finished creating instance of bean 'delegatingEntityLinks'
00:07:29.243 qrouter [Test worker] DEBUG o.s.b.f.s.DefaultListableBeanFactory -Returning cached instance of singleton bean 'org.springframework.hateoas.config.HateoasConfiguration'
00:07:29.243 qrouter [Test worker] DEBUG o.s.b.f.s.DefaultListableBeanFactory -Returning cached instance of singleton bean 'linkRelationMessageSource'
00:07:29.244 qrouter [Test worker] DEBUG o.s.b.f.s.DefaultListableBeanFactory -Creating shared instance of singleton bean 'org.springframework.boot.autoconfigure.hateoas.HypermediaAutoConfiguration$HypermediaConfiguration'
00:07:29.244 qrouter [Test worker] DEBUG o.s.b.f.s.DefaultListableBeanFactory -Creating instance of bean 'org.springframework.boot.autoconfigure.hateoas.HypermediaAutoConfiguration$HypermediaConfiguration'
00:07:29.245 qrouter [Test worker] DEBUG o.s.b.f.s.DefaultListableBeanFactory -Returning cached instance of singleton bean 'org.springframework.transaction.config.internalTransactionAdvisor'
00:07:29.247 qrouter [Test worker] DEBUG o.s.b.f.s.DefaultListableBeanFactory -Eagerly caching bean 'org.springframework.boot.autoconfigure.hateoas.HypermediaAutoConfiguration$HypermediaConfiguration' to allow for resolving potential circular references
00:07:29.266 qrouter [Test worker] DEBUG o.s.b.f.s.DefaultListableBeanFactory -Returning cached instance of singleton bean 'org.springframework.transaction.config.internalTransactionAdvisor'
00:07:29.266 qrouter [Test worker] DEBUG o.s.b.f.s.DefaultListableBeanFactory -Returning cached instance of singleton bean 'org.springframework.transaction.config.internalTransactionAdvisor'
00:07:29.272 qrouter [Test worker] DEBUG o.s.b.f.s.DefaultListableBeanFactory -Finished creating instance of bean 'org.springframework.boot.autoconfigure.hateoas.HypermediaAutoConfiguration$HypermediaConfiguration'
00:07:29.273 qrouter [Test worker] DEBUG o.s.b.f.s.DefaultListableBeanFactory -Returning cached instance of singleton bean 'halObjectMapperConfigurer'
00:07:29.273 qrouter [Test worker] DEBUG o.s.b.f.s.DefaultListableBeanFactory -Creating shared instance of singleton bean 'org.springframework.hateoas.hal.HalLinkDiscoverer#0'
00:07:29.273 qrouter [Test worker] DEBUG o.s.b.f.s.DefaultListableBeanFactory -Creating instance of bean 'org.springframework.hateoas.hal.HalLinkDiscoverer#0'
00:07:29.273 qrouter [Test worker] DEBUG o.s.b.f.s.DefaultListableBeanFactory -Returning cached instance of singleton bean 'org.springframework.transaction.config.internalTransactionAdvisor'
00:07:29.281 qrouter [Test worker] DEBUG o.s.b.f.s.DefaultListableBeanFactory -Eagerly caching bean 'org.springframework.hateoas.hal.HalLinkDiscoverer#0' to allow for resolving potential circular references
00:07:29.300 qrouter [Test worker] DEBUG o.s.b.f.s.DefaultListableBeanFactory -Returning cached instance of singleton bean 'org.springframework.transaction.config.internalTransactionAdvisor'
00:07:29.300 qrouter [Test worker] DEBUG o.s.b.f.s.DefaultListableBeanFactory -Returning cached instance of singleton bean 'org.springframework.transaction.config.internalTransactionAdvisor'
00:07:29.308 qrouter [Test worker] DEBUG o.s.b.f.s.DefaultListableBeanFactory -Finished creating instance of bean 'org.springframework.hateoas.hal.HalLinkDiscoverer#0'
00:07:29.309 qrouter [Test worker] DEBUG o.s.b.f.s.DefaultListableBeanFactory -Returning cached instance of singleton bean '_halObjectMapper'
00:07:29.309 qrouter [Test worker] DEBUG o.s.b.f.s.DefaultListableBeanFactory -Returning cached instance of singleton bean 'org.springframework.hateoas.config.HypermediaSupportBeanDefinitionRegistrar$DefaultObjectMapperCustomizer#0'
00:07:29.309 qrouter [Test worker] DEBUG o.s.b.f.s.DefaultListableBeanFactory -Returning cached instance of singleton bean 'org.springframework.hateoas.config.HypermediaSupportBeanDefinitionRegistrar$Jackson2ModuleRegisteringBeanPostProcessor#0'
00:07:29.310 qrouter [Test worker] DEBUG o.s.b.f.s.DefaultListableBeanFactory -Creating shared instance of singleton bean '_linkDiscovererRegistry'
00:07:29.310 qrouter [Test worker] DEBUG o.s.b.f.s.DefaultListableBeanFactory -Creating instance of bean '_linkDiscovererRegistry'
00:07:29.310 qrouter [Test worker] DEBUG o.s.b.f.s.DefaultListableBeanFactory -Returning cached instance of singleton bean 'org.springframework.transaction.config.internalTransactionAdvisor'
00:07:29.311 qrouter [Test worker] DEBUG o.s.b.f.s.DefaultListableBeanFactory -Eagerly caching bean '_linkDiscovererRegistry' to allow for resolving potential circular references
00:07:29.312 qrouter [Test worker] DEBUG o.s.b.f.s.DefaultListableBeanFactory -Invoking afterPropertiesSet() on bean with name '_linkDiscovererRegistry'
00:07:29.313 qrouter [Test worker] DEBUG o.s.b.f.s.DefaultListableBeanFactory -Returning cached instance of singleton bean 'org.springframework.transaction.config.internalTransactionAdvisor'
00:07:29.313 qrouter [Test worker] DEBUG o.s.b.f.s.DefaultListableBeanFactory -Returning cached instance of singleton bean 'org.springframework.transaction.config.internalTransactionAdvisor'
00:07:29.313 qrouter [Test worker] DEBUG o.s.b.f.s.DefaultListableBeanFactory -Finished creating instance of bean '_linkDiscovererRegistry'
00:07:29.314 qrouter [Test worker] DEBUG o.s.b.f.s.DefaultListableBeanFactory -Creating shared instance of singleton bean 'org.springframework.hateoas.LinkDiscoverers#0'
00:07:29.314 qrouter [Test worker] DEBUG o.s.b.f.s.DefaultListableBeanFactory -Creating instance of bean 'org.springframework.hateoas.LinkDiscoverers#0'
00:07:29.314 qrouter [Test worker] DEBUG o.s.b.f.s.DefaultListableBeanFactory -Returning cached instance of singleton bean 'org.springframework.transaction.config.internalTransactionAdvisor'
00:07:29.315 qrouter [Test worker] DEBUG o.s.b.f.s.DefaultListableBeanFactory -Returning cached instance of singleton bean '_linkDiscovererRegistry'
00:07:29.315 qrouter [Test worker] DEBUG o.s.aop.framework.JdkDynamicAopProxy -Creating JDK dynamic proxy: target source is org.springframework.plugin.core.support.AbstractTypeAwareSupport$BeansOfTypeTargetSource@73076f
00:07:29.315 qrouter [Test worker] DEBUG o.s.b.f.s.DefaultListableBeanFactory -Returning cached instance of singleton bean 'org.springframework.transaction.config.internalTransactionAdvisor'
00:07:29.316 qrouter [Test worker] DEBUG o.s.b.f.s.DefaultListableBeanFactory -Returning cached instance of singleton bean 'org.springframework.transaction.config.internalTransactionAdvisor'
00:07:29.321 qrouter [Test worker] DEBUG o.s.b.f.s.DefaultListableBeanFactory -Eagerly caching bean 'org.springframework.hateoas.LinkDiscoverers#0' to allow for resolving potential circular references
00:07:29.326 qrouter [Test worker] DEBUG o.s.b.f.s.DefaultListableBeanFactory -Returning cached instance of singleton bean 'org.springframework.transaction.config.internalTransactionAdvisor'
00:07:29.326 qrouter [Test worker] DEBUG o.s.b.f.s.DefaultListableBeanFactory -Returning cached instance of singleton bean 'org.springframework.transaction.config.internalTransactionAdvisor'
00:07:29.327 qrouter [Test worker] DEBUG o.s.b.f.s.DefaultListableBeanFactory -Finished creating instance of bean 'org.springframework.hateoas.LinkDiscoverers#0'
00:07:29.328 qrouter [Test worker] DEBUG o.s.b.f.s.DefaultListableBeanFactory -Creating shared instance of singleton bean 'defaultRelProvider'
00:07:29.328 qrouter [Test worker] DEBUG o.s.b.f.s.DefaultListableBeanFactory -Creating instance of bean 'defaultRelProvider'
00:07:29.328 qrouter [Test worker] DEBUG o.s.b.f.s.DefaultListableBeanFactory -Returning cached instance of singleton bean 'org.springframework.transaction.config.internalTransactionAdvisor'
00:07:29.329 qrouter [Test worker] DEBUG o.s.b.f.s.DefaultListableBeanFactory -Eagerly caching bean 'defaultRelProvider' to allow for resolving potential circular references
00:07:29.346 qrouter [Test worker] DEBUG o.s.b.f.s.DefaultListableBeanFactory -Returning cached instance of singleton bean 'org.springframework.transaction.config.internalTransactionAdvisor'
00:07:29.346 qrouter [Test worker] DEBUG o.s.b.f.s.DefaultListableBeanFactory -Returning cached instance of singleton bean 'org.springframework.transaction.config.internalTransactionAdvisor'
00:07:29.348 qrouter [Test worker] DEBUG o.s.b.f.s.DefaultListableBeanFactory -Finished creating instance of bean 'defaultRelProvider'
00:07:29.350 qrouter [Test worker] DEBUG o.s.b.f.s.DefaultListableBeanFactory -Creating shared instance of singleton bean 'annotationRelProvider'
00:07:29.351 qrouter [Test worker] DEBUG o.s.b.f.s.DefaultListableBeanFactory -Creating instance of bean 'annotationRelProvider'
00:07:29.351 qrouter [Test worker] DEBUG o.s.b.f.s.DefaultListableBeanFactory -Returning cached instance of singleton bean 'org.springframework.transaction.config.internalTransactionAdvisor'
00:07:29.352 qrouter [Test worker] DEBUG o.s.b.f.s.DefaultListableBeanFactory -Eagerly caching bean 'annotationRelProvider' to allow for resolving potential circular references
00:07:29.362 qrouter [Test worker] DEBUG o.s.b.f.s.DefaultListableBeanFactory -Returning cached instance of singleton bean 'org.springframework.transaction.config.internalTransactionAdvisor'
00:07:29.362 qrouter [Test worker] DEBUG o.s.b.f.s.DefaultListableBeanFactory -Returning cached instance of singleton bean 'org.springframework.transaction.config.internalTransactionAdvisor'
00:07:29.364 qrouter [Test worker] DEBUG o.s.b.f.s.DefaultListableBeanFactory -Finished creating instance of bean 'annotationRelProvider'
00:07:29.365 qrouter [Test worker] DEBUG o.s.b.f.s.DefaultListableBeanFactory -Creating shared instance of singleton bean 'relProviderPluginRegistry'
00:07:29.365 qrouter [Test worker] DEBUG o.s.b.f.s.DefaultListableBeanFactory -Creating instance of bean 'relProviderPluginRegistry'
00:07:29.365 qrouter [Test worker] DEBUG o.s.b.f.s.DefaultListableBeanFactory -Returning cached instance of singleton bean 'org.springframework.transaction.config.internalTransactionAdvisor'
00:07:29.366 qrouter [Test worker] DEBUG o.s.b.f.s.DefaultListableBeanFactory -Eagerly caching bean 'relProviderPluginRegistry' to allow for resolving potential circular references
00:07:29.367 qrouter [Test worker] DEBUG o.s.b.f.s.DefaultListableBeanFactory -Invoking afterPropertiesSet() on bean with name 'relProviderPluginRegistry'
00:07:29.367 qrouter [Test worker] DEBUG o.s.b.f.s.DefaultListableBeanFactory -Returning cached instance of singleton bean 'org.springframework.transaction.config.internalTransactionAdvisor'
00:07:29.367 qrouter [Test worker] DEBUG o.s.b.f.s.DefaultListableBeanFactory -Returning cached instance of singleton bean 'org.springframework.transaction.config.internalTransactionAdvisor'
00:07:29.372 qrouter [Test worker] DEBUG o.s.b.f.s.DefaultListableBeanFactory -Finished creating instance of bean 'relProviderPluginRegistry'
00:07:29.373 qrouter [Test worker] DEBUG o.s.b.f.s.DefaultListableBeanFactory -Returning cached instance of singleton bean '_relProvider'
00:07:29.373 qrouter [Test worker] DEBUG o.s.b.f.s.DefaultListableBeanFactory -Creating shared instance of singleton bean 'org.springframework.boot.autoconfigure.hateoas.HypermediaHttpMessageConverterConfiguration'
00:07:29.373 qrouter [Test worker] DEBUG o.s.b.f.s.DefaultListableBeanFactory -Creating instance of bean 'org.springframework.boot.autoconfigure.hateoas.HypermediaHttpMessageConverterConfiguration'
00:07:29.374 qrouter [Test worker] DEBUG o.s.b.f.s.DefaultListableBeanFactory -Returning cached instance of singleton bean 'org.springframework.transaction.config.internalTransactionAdvisor'
00:07:29.376 qrouter [Test worker] DEBUG o.s.b.f.s.DefaultListableBeanFactory -Eagerly caching bean 'org.springframework.boot.autoconfigure.hateoas.HypermediaHttpMessageConverterConfiguration' to allow for resolving potential circular references
00:07:29.382 qrouter [Test worker] DEBUG o.s.b.f.s.DefaultListableBeanFactory -Returning cached instance of singleton bean 'org.springframework.transaction.config.internalTransactionAdvisor'
00:07:29.382 qrouter [Test worker] DEBUG o.s.b.f.s.DefaultListableBeanFactory -Returning cached instance of singleton bean 'org.springframework.transaction.config.internalTransactionAdvisor'
00:07:29.383 qrouter [Test worker] DEBUG o.s.b.f.s.DefaultListableBeanFactory -Finished creating instance of bean 'org.springframework.boot.autoconfigure.hateoas.HypermediaHttpMessageConverterConfiguration'
00:07:29.384 qrouter [Test worker] DEBUG o.s.b.f.s.DefaultListableBeanFactory -Creating shared instance of singleton bean 'halMessageConverterSupportedMediaTypeCustomizer'
00:07:29.384 qrouter [Test worker] DEBUG o.s.b.f.s.DefaultListableBeanFactory -Creating instance of bean 'halMessageConverterSupportedMediaTypeCustomizer'
00:07:29.385 qrouter [Test worker] DEBUG o.s.b.f.s.DefaultListableBeanFactory -Returning cached instance of singleton bean 'org.springframework.transaction.config.internalTransactionAdvisor'
00:07:29.387 qrouter [Test worker] DEBUG o.s.c.a.CommonAnnotationBeanPostProcessor -Found init method on class [org.springframework.boot.autoconfigure.hateoas.HypermediaHttpMessageConverterConfiguration$HalMessageConverterSupportedMediaTypesCustomizer]: public void org.springframework.boot.autoconfigure.hateoas.HypermediaHttpMessageConverterConfiguration$HalMessageConverterSupportedMediaTypesCustomizer.configureHttpMessageConverters()
00:07:29.388 qrouter [Test worker] DEBUG o.s.c.a.CommonAnnotationBeanPostProcessor -Registered init method on class [org.springframework.boot.autoconfigure.hateoas.HypermediaHttpMessageConverterConfiguration$HalMessageConverterSupportedMediaTypesCustomizer]: org.springframework.beans.factory.annotation.InitDestroyAnnotationBeanPostProcessor$LifecycleElement@a5d69b4c
00:07:29.389 qrouter [Test worker] DEBUG o.s.b.f.s.DefaultListableBeanFactory -Eagerly caching bean 'halMessageConverterSupportedMediaTypeCustomizer' to allow for resolving potential circular references
00:07:29.399 qrouter [Test worker] DEBUG o.s.c.a.CommonAnnotationBeanPostProcessor -Invoking init method on bean 'halMessageConverterSupportedMediaTypeCustomizer': public void org.springframework.boot.autoconfigure.hateoas.HypermediaHttpMessageConverterConfiguration$HalMessageConverterSupportedMediaTypesCustomizer.configureHttpMessageConverters()
00:07:29.410 qrouter [Test worker] DEBUG o.s.b.f.s.DefaultListableBeanFactory -Returning cached instance of singleton bean 'requestMappingHandlerAdapter'
00:07:29.411 qrouter [Test worker] DEBUG o.s.b.f.s.DefaultListableBeanFactory -Returning cached instance of singleton bean 'org.springframework.transaction.config.internalTransactionAdvisor'
00:07:29.411 qrouter [Test worker] DEBUG o.s.b.f.s.DefaultListableBeanFactory -Returning cached instance of singleton bean 'org.springframework.transaction.config.internalTransactionAdvisor'
00:07:29.412 qrouter [Test worker] DEBUG o.s.b.f.s.DefaultListableBeanFactory -Finished creating instance of bean 'halMessageConverterSupportedMediaTypeCustomizer'
00:07:29.413 qrouter [Test worker] DEBUG o.s.b.f.s.DefaultListableBeanFactory -Creating shared instance of singleton bean 'org.springframework.boot.autoconfigure.hateoas.HypermediaAutoConfiguration'
00:07:29.413 qrouter [Test worker] DEBUG o.s.b.f.s.DefaultListableBeanFactory -Creating instance of bean 'org.springframework.boot.autoconfigure.hateoas.HypermediaAutoConfiguration'
00:07:29.414 qrouter [Test worker] DEBUG o.s.b.f.s.DefaultListableBeanFactory -Returning cached instance of singleton bean 'org.springframework.transaction.config.internalTransactionAdvisor'
00:07:29.415 qrouter [Test worker] DEBUG o.s.b.f.s.DefaultListableBeanFactory -Eagerly caching bean 'org.springframework.boot.autoconfigure.hateoas.HypermediaAutoConfiguration' to allow for resolving potential circular references
00:07:29.434 qrouter [Test worker] DEBUG o.s.b.f.s.DefaultListableBeanFactory -Returning cached instance of singleton bean 'org.springframework.transaction.config.internalTransactionAdvisor'
00:07:29.434 qrouter [Test worker] DEBUG o.s.b.f.s.DefaultListableBeanFactory -Returning cached instance of singleton bean 'org.springframework.transaction.config.internalTransactionAdvisor'
00:07:29.441 qrouter [Test worker] DEBUG o.s.b.f.s.DefaultListableBeanFactory -Finished creating instance of bean 'org.springframework.boot.autoconfigure.hateoas.HypermediaAutoConfiguration'
00:07:29.441 qrouter [Test worker] DEBUG o.s.b.f.s.DefaultListableBeanFactory -Creating shared instance of singleton bean 'spring.hateoas-org.springframework.boot.autoconfigure.hateoas.HateoasProperties'
00:07:29.441 qrouter [Test worker] DEBUG o.s.b.f.s.DefaultListableBeanFactory -Creating instance of bean 'spring.hateoas-org.springframework.boot.autoconfigure.hateoas.HateoasProperties'
00:07:29.442 qrouter [Test worker] DEBUG o.s.b.f.s.DefaultListableBeanFactory -Returning cached instance of singleton bean 'org.springframework.transaction.config.internalTransactionAdvisor'
00:07:29.443 qrouter [Test worker] DEBUG o.s.b.f.s.DefaultListableBeanFactory -Eagerly caching bean 'spring.hateoas-org.springframework.boot.autoconfigure.hateoas.HateoasProperties' to allow for resolving potential circular references
00:07:29.457 qrouter [Test worker] DEBUG o.s.core.env.MutablePropertySources -Adding [Inlined Test Properties] PropertySource with lowest search precedence
00:07:29.457 qrouter [Test worker] DEBUG o.s.core.env.MutablePropertySources -Adding [systemProperties] PropertySource with lowest search precedence
00:07:29.457 qrouter [Test worker] DEBUG o.s.core.env.MutablePropertySources -Adding [systemEnvironment] PropertySource with lowest search precedence
00:07:29.458 qrouter [Test worker] DEBUG o.s.core.env.MutablePropertySources -Adding [random] PropertySource with lowest search precedence
00:07:29.458 qrouter [Test worker] DEBUG o.s.core.env.MutablePropertySources -Adding [applicationConfig: [classpath:/application.properties]] PropertySource with lowest search precedence
00:07:29.460 qrouter [Test worker] DEBUG o.s.b.f.s.DefaultListableBeanFactory -Returning cached instance of singleton bean 'org.springframework.transaction.config.internalTransactionAdvisor'
00:07:29.460 qrouter [Test worker] DEBUG o.s.b.f.s.DefaultListableBeanFactory -Returning cached instance of singleton bean 'org.springframework.transaction.config.internalTransactionAdvisor'
00:07:29.461 qrouter [Test worker] DEBUG o.s.b.f.s.DefaultListableBeanFactory -Finished creating instance of bean 'spring.hateoas-org.springframework.boot.autoconfigure.hateoas.HateoasProperties'
00:07:29.462 qrouter [Test worker] DEBUG o.s.b.f.s.DefaultListableBeanFactory -Creating shared instance of singleton bean 'org.springframework.boot.autoconfigure.info.ProjectInfoAutoConfiguration'
00:07:29.462 qrouter [Test worker] DEBUG o.s.b.f.s.DefaultListableBeanFactory -Creating instance of bean 'org.springframework.boot.autoconfigure.info.ProjectInfoAutoConfiguration'
00:07:29.462 qrouter [Test worker] DEBUG o.s.b.f.s.DefaultListableBeanFactory -Returning cached instance of singleton bean 'org.springframework.transaction.config.internalTransactionAdvisor'
00:07:29.466 qrouter [Test worker] DEBUG o.s.c.LocalVariableTableParameterNameDiscoverer -Cannot find '.class' file for class [class org.springframework.boot.autoconfigure.info.ProjectInfoAutoConfiguration$$EnhancerBySpringCGLIB$$b1789a0d] - unable to determine constructor/method parameter names
00:07:29.476 qrouter [Test worker] DEBUG o.s.b.f.s.DefaultListableBeanFactory -Creating shared instance of singleton bean 'spring.info-org.springframework.boot.autoconfigure.info.ProjectInfoProperties'
00:07:29.476 qrouter [Test worker] DEBUG o.s.b.f.s.DefaultListableBeanFactory -Creating instance of bean 'spring.info-org.springframework.boot.autoconfigure.info.ProjectInfoProperties'
00:07:29.477 qrouter [Test worker] DEBUG o.s.b.f.s.DefaultListableBeanFactory -Returning cached instance of singleton bean 'org.springframework.transaction.config.internalTransactionAdvisor'
00:07:29.485 qrouter [Test worker] DEBUG o.s.b.f.annotation.InjectionMetadata -Registered injected element on class [org.springframework.boot.autoconfigure.info.ProjectInfoProperties]: AutowiredMethodElement for void org.springframework.boot.autoconfigure.info.ProjectInfoProperties.setDefaultGitLocation(org.springframework.core.io.Resource)
00:07:29.491 qrouter [Test worker] DEBUG o.s.b.f.s.DefaultListableBeanFactory -Eagerly caching bean 'spring.info-org.springframework.boot.autoconfigure.info.ProjectInfoProperties' to allow for resolving potential circular references
00:07:29.491 qrouter [Test worker] DEBUG o.s.b.f.annotation.InjectionMetadata -Processing injected element of bean 'spring.info-org.springframework.boot.autoconfigure.info.ProjectInfoProperties': AutowiredMethodElement for void org.springframework.boot.autoconfigure.info.ProjectInfoProperties.setDefaultGitLocation(org.springframework.core.io.Resource)
00:07:29.493 qrouter [Test worker] DEBUG o.s.c.e.PropertySourcesPropertyResolver -Could not find key 'spring.git.properties:classpath:git.properties' in any property source
00:07:29.493 qrouter [Test worker] DEBUG o.s.c.e.PropertySourcesPropertyResolver -Could not find key 'spring.git.properties:classpath:git.properties' in any property source
00:07:29.493 qrouter [Test worker] DEBUG o.s.c.e.PropertySourcesPropertyResolver -Could not find key 'spring.git.properties' in any property source
00:07:29.494 qrouter [Test worker] DEBUG o.s.c.e.PropertySourcesPropertyResolver -Could not find key 'spring.git.properties' in any property source
00:07:29.499 qrouter [Test worker] DEBUG o.s.core.env.MutablePropertySources -Adding [Inlined Test Properties] PropertySource with lowest search precedence
00:07:29.499 qrouter [Test worker] DEBUG o.s.core.env.MutablePropertySources -Adding [systemProperties] PropertySource with lowest search precedence
00:07:29.499 qrouter [Test worker] DEBUG o.s.core.env.MutablePropertySources -Adding [systemEnvironment] PropertySource with lowest search precedence
00:07:29.500 qrouter [Test worker] DEBUG o.s.core.env.MutablePropertySources -Adding [random] PropertySource with lowest search precedence
00:07:29.501 qrouter [Test worker] DEBUG o.s.core.env.MutablePropertySources -Adding [applicationConfig: [classpath:/application.properties]] PropertySource with lowest search precedence
00:07:29.511 qrouter [Test worker] DEBUG o.s.b.f.s.DefaultListableBeanFactory -Returning cached instance of singleton bean 'org.springframework.transaction.config.internalTransactionAdvisor'
00:07:29.511 qrouter [Test worker] DEBUG o.s.b.f.s.DefaultListableBeanFactory -Returning cached instance of singleton bean 'org.springframework.transaction.config.internalTransactionAdvisor'
00:07:29.512 qrouter [Test worker] DEBUG o.s.b.f.s.DefaultListableBeanFactory -Finished creating instance of bean 'spring.info-org.springframework.boot.autoconfigure.info.ProjectInfoProperties'
00:07:29.513 qrouter [Test worker] DEBUG o.s.b.f.s.DefaultListableBeanFactory -Autowiring by type from bean name 'org.springframework.boot.autoconfigure.info.ProjectInfoAutoConfiguration' via constructor to bean named 'spring.info-org.springframework.boot.autoconfigure.info.ProjectInfoProperties'
00:07:29.515 qrouter [Test worker] DEBUG o.s.b.f.s.DefaultListableBeanFactory -Eagerly caching bean 'org.springframework.boot.autoconfigure.info.ProjectInfoAutoConfiguration' to allow for resolving potential circular references
00:07:29.552 qrouter [Test worker] DEBUG o.s.b.f.s.DefaultListableBeanFactory -Returning cached instance of singleton bean 'org.springframework.transaction.config.internalTransactionAdvisor'
00:07:29.553 qrouter [Test worker] DEBUG o.s.b.f.s.DefaultListableBeanFactory -Returning cached instance of singleton bean 'org.springframework.transaction.config.internalTransactionAdvisor'
00:07:29.560 qrouter [Test worker] DEBUG o.s.b.f.s.DefaultListableBeanFactory -Finished creating instance of bean 'org.springframework.boot.autoconfigure.info.ProjectInfoAutoConfiguration'
00:07:29.560 qrouter [Test worker] DEBUG o.s.b.f.s.DefaultListableBeanFactory -Returning cached instance of singleton bean 'spring.info-org.springframework.boot.autoconfigure.info.ProjectInfoProperties'
00:07:29.560 qrouter [Test worker] DEBUG o.s.b.f.s.DefaultListableBeanFactory -Creating shared instance of singleton bean 'org.springframework.boot.autoconfigure.jdbc.DataSourceTransactionManagerAutoConfiguration$DataSourceTransactionManagerConfiguration'
00:07:29.561 qrouter [Test worker] DEBUG o.s.b.f.s.DefaultListableBeanFactory -Creating instance of bean 'org.springframework.boot.autoconfigure.jdbc.DataSourceTransactionManagerAutoConfiguration$DataSourceTransactionManagerConfiguration'
00:07:29.561 qrouter [Test worker] DEBUG o.s.b.f.s.DefaultListableBeanFactory -Returning cached instance of singleton bean 'org.springframework.transaction.config.internalTransactionAdvisor'
00:07:29.564 qrouter [Test worker] DEBUG o.s.c.LocalVariableTableParameterNameDiscoverer -Cannot find '.class' file for class [class org.springframework.boot.autoconfigure.jdbc.DataSourceTransactionManagerAutoConfiguration$DataSourceTransactionManagerConfiguration$$EnhancerBySpringCGLIB$$227f2563] - unable to determine constructor/method parameter names
00:07:29.574 qrouter [Test worker] DEBUG o.s.b.f.s.DefaultListableBeanFactory -Returning cached instance of singleton bean 'dataSource'
00:07:29.574 qrouter [Test worker] DEBUG o.s.b.f.s.DefaultListableBeanFactory -Autowiring by type from bean name 'org.springframework.boot.autoconfigure.jdbc.DataSourceTransactionManagerAutoConfiguration$DataSourceTransactionManagerConfiguration' via constructor to bean named 'dataSource'
00:07:29.580 qrouter [Test worker] DEBUG o.s.b.f.s.DefaultListableBeanFactory -Returning cached instance of singleton bean 'platformTransactionManagerCustomizers'
00:07:29.581 qrouter [Test worker] DEBUG o.s.b.f.s.DefaultListableBeanFactory -Eagerly caching bean 'org.springframework.boot.autoconfigure.jdbc.DataSourceTransactionManagerAutoConfiguration$DataSourceTransactionManagerConfiguration' to allow for resolving potential circular references
00:07:29.601 qrouter [Test worker] DEBUG o.s.b.f.s.DefaultListableBeanFactory -Returning cached instance of singleton bean 'org.springframework.transaction.config.internalTransactionAdvisor'
00:07:29.602 qrouter [Test worker] DEBUG o.s.b.f.s.DefaultListableBeanFactory -Returning cached instance of singleton bean 'org.springframework.transaction.config.internalTransactionAdvisor'
00:07:29.610 qrouter [Test worker] DEBUG o.s.b.f.s.DefaultListableBeanFactory -Finished creating instance of bean 'org.springframework.boot.autoconfigure.jdbc.DataSourceTransactionManagerAutoConfiguration$DataSourceTransactionManagerConfiguration'
00:07:29.610 qrouter [Test worker] DEBUG o.s.b.f.s.DefaultListableBeanFactory -Creating shared instance of singleton bean 'org.springframework.boot.autoconfigure.jdbc.DataSourceTransactionManagerAutoConfiguration'
00:07:29.611 qrouter [Test worker] DEBUG o.s.b.f.s.DefaultListableBeanFactory -Creating instance of bean 'org.springframework.boot.autoconfigure.jdbc.DataSourceTransactionManagerAutoConfiguration'
00:07:29.611 qrouter [Test worker] DEBUG o.s.b.f.s.DefaultListableBeanFactory -Returning cached instance of singleton bean 'org.springframework.transaction.config.internalTransactionAdvisor'
00:07:29.613 qrouter [Test worker] DEBUG o.s.b.f.s.DefaultListableBeanFactory -Eagerly caching bean 'org.springframework.boot.autoconfigure.jdbc.DataSourceTransactionManagerAutoConfiguration' to allow for resolving potential circular references
00:07:29.633 qrouter [Test worker] DEBUG o.s.b.f.s.DefaultListableBeanFactory -Returning cached instance of singleton bean 'org.springframework.transaction.config.internalTransactionAdvisor'
00:07:29.633 qrouter [Test worker] DEBUG o.s.b.f.s.DefaultListableBeanFactory -Returning cached instance of singleton bean 'org.springframework.transaction.config.internalTransactionAdvisor'
00:07:29.635 qrouter [Test worker] DEBUG o.s.b.f.s.DefaultListableBeanFactory -Finished creating instance of bean 'org.springframework.boot.autoconfigure.jdbc.DataSourceTransactionManagerAutoConfiguration'
00:07:29.636 qrouter [Test worker] DEBUG o.s.b.f.s.DefaultListableBeanFactory -Creating shared instance of singleton bean 'org.springframework.boot.autoconfigure.jdbc.JdbcTemplateAutoConfiguration'
00:07:29.636 qrouter [Test worker] DEBUG o.s.b.f.s.DefaultListableBeanFactory -Creating instance of bean 'org.springframework.boot.autoconfigure.jdbc.JdbcTemplateAutoConfiguration'
00:07:29.636 qrouter [Test worker] DEBUG o.s.b.f.s.DefaultListableBeanFactory -Returning cached instance of singleton bean 'org.springframework.transaction.config.internalTransactionAdvisor'
00:07:29.639 qrouter [Test worker] DEBUG o.s.c.LocalVariableTableParameterNameDiscoverer -Cannot find '.class' file for class [class org.springframework.boot.autoconfigure.jdbc.JdbcTemplateAutoConfiguration$$EnhancerBySpringCGLIB$$9562c1e4] - unable to determine constructor/method parameter names
00:07:29.640 qrouter [Test worker] DEBUG o.s.b.f.s.DefaultListableBeanFactory -Returning cached instance of singleton bean 'dataSource'
00:07:29.640 qrouter [Test worker] DEBUG o.s.b.f.s.DefaultListableBeanFactory -Autowiring by type from bean name 'org.springframework.boot.autoconfigure.jdbc.JdbcTemplateAutoConfiguration' via constructor to bean named 'dataSource'
00:07:29.643 qrouter [Test worker] DEBUG o.s.b.f.s.DefaultListableBeanFactory -Eagerly caching bean 'org.springframework.boot.autoconfigure.jdbc.JdbcTemplateAutoConfiguration' to allow for resolving potential circular references
00:07:29.657 qrouter [Test worker] DEBUG o.s.b.f.s.DefaultListableBeanFactory -Returning cached instance of singleton bean 'org.springframework.transaction.config.internalTransactionAdvisor'
00:07:29.658 qrouter [Test worker] DEBUG o.s.b.f.s.DefaultListableBeanFactory -Returning cached instance of singleton bean 'org.springframework.transaction.config.internalTransactionAdvisor'
00:07:29.665 qrouter [Test worker] DEBUG o.s.b.f.s.DefaultListableBeanFactory -Finished creating instance of bean 'org.springframework.boot.autoconfigure.jdbc.JdbcTemplateAutoConfiguration'
00:07:29.666 qrouter [Test worker] DEBUG o.s.b.f.s.DefaultListableBeanFactory -Creating shared instance of singleton bean 'jdbcTemplate'
00:07:29.666 qrouter [Test worker] DEBUG o.s.b.f.s.DefaultListableBeanFactory -Creating instance of bean 'jdbcTemplate'
00:07:29.666 qrouter [Test worker] DEBUG o.s.b.f.s.DefaultListableBeanFactory -Returning cached instance of singleton bean 'org.springframework.transaction.config.internalTransactionAdvisor'
00:07:29.667 qrouter [Test worker] DEBUG o.s.b.f.s.DefaultListableBeanFactory -Returning cached instance of singleton bean 'org.springframework.boot.autoconfigure.jdbc.JdbcTemplateAutoConfiguration'
00:07:29.773 qrouter [Test worker] DEBUG o.s.b.f.s.DefaultListableBeanFactory -Eagerly caching bean 'jdbcTemplate' to allow for resolving potential circular references
00:07:29.817 qrouter [Test worker] DEBUG o.s.b.f.s.DefaultListableBeanFactory -Invoking afterPropertiesSet() on bean with name 'jdbcTemplate'
00:07:29.818 qrouter [Test worker] DEBUG o.s.b.f.s.DefaultListableBeanFactory -Returning cached instance of singleton bean 'org.springframework.transaction.config.internalTransactionAdvisor'
00:07:29.818 qrouter [Test worker] DEBUG o.s.b.f.s.DefaultListableBeanFactory -Returning cached instance of singleton bean 'org.springframework.transaction.config.internalTransactionAdvisor'
00:07:29.831 qrouter [Test worker] DEBUG o.s.b.f.s.DefaultListableBeanFactory -Finished creating instance of bean 'jdbcTemplate'
00:07:29.832 qrouter [Test worker] DEBUG o.s.b.f.s.DefaultListableBeanFactory -Creating shared instance of singleton bean 'namedParameterJdbcTemplate'
00:07:29.832 qrouter [Test worker] DEBUG o.s.b.f.s.DefaultListableBeanFactory -Creating instance of bean 'namedParameterJdbcTemplate'
00:07:29.833 qrouter [Test worker] DEBUG o.s.b.f.s.DefaultListableBeanFactory -Returning cached instance of singleton bean 'org.springframework.transaction.config.internalTransactionAdvisor'
00:07:29.833 qrouter [Test worker] DEBUG o.s.b.f.s.DefaultListableBeanFactory -Returning cached instance of singleton bean 'org.springframework.boot.autoconfigure.jdbc.JdbcTemplateAutoConfiguration'
00:07:29.847 qrouter [Test worker] DEBUG o.s.b.f.s.DefaultListableBeanFactory -Eagerly caching bean 'namedParameterJdbcTemplate' to allow for resolving potential circular references
00:07:30.220 qrouter [Test worker] DEBUG o.s.b.f.s.DefaultListableBeanFactory -Returning cached instance of singleton bean 'org.springframework.transaction.config.internalTransactionAdvisor'
00:07:30.220 qrouter [Test worker] DEBUG o.s.b.f.s.DefaultListableBeanFactory -Returning cached instance of singleton bean 'org.springframework.transaction.config.internalTransactionAdvisor'
00:07:30.224 qrouter [Test worker] DEBUG o.s.b.f.s.DefaultListableBeanFactory -Finished creating instance of bean 'namedParameterJdbcTemplate'
00:07:30.225 qrouter [Test worker] DEBUG o.s.b.f.s.DefaultListableBeanFactory -Returning cached instance of singleton bean 'org.springframework.transaction.annotation.ProxyTransactionManagementConfiguration'
00:07:30.225 qrouter [Test worker] DEBUG o.s.b.f.s.DefaultListableBeanFactory -Returning cached instance of singleton bean 'org.springframework.transaction.config.internalTransactionAdvisor'
00:07:30.225 qrouter [Test worker] DEBUG o.s.b.f.s.DefaultListableBeanFactory -Returning cached instance of singleton bean 'transactionAttributeSource'
00:07:30.225 qrouter [Test worker] DEBUG o.s.b.f.s.DefaultListableBeanFactory -Returning cached instance of singleton bean 'transactionInterceptor'
00:07:30.225 qrouter [Test worker] DEBUG o.s.b.f.s.DefaultListableBeanFactory -Creating shared instance of singleton bean 'org.springframework.transaction.config.internalTransactionalEventListenerFactory'
00:07:30.226 qrouter [Test worker] DEBUG o.s.b.f.s.DefaultListableBeanFactory -Creating instance of bean 'org.springframework.transaction.config.internalTransactionalEventListenerFactory'
00:07:30.226 qrouter [Test worker] DEBUG o.s.b.f.s.DefaultListableBeanFactory -Returning cached instance of singleton bean 'org.springframework.transaction.config.internalTransactionAdvisor'
00:07:30.227 qrouter [Test worker] DEBUG o.s.b.f.s.DefaultListableBeanFactory -Returning cached instance of singleton bean 'org.springframework.transaction.annotation.ProxyTransactionManagementConfiguration'
00:07:30.247 qrouter [Test worker] DEBUG o.s.b.f.s.DefaultListableBeanFactory -Eagerly caching bean 'org.springframework.transaction.config.internalTransactionalEventListenerFactory' to allow for resolving potential circular references
00:07:30.257 qrouter [Test worker] DEBUG o.s.b.f.s.DefaultListableBeanFactory -Returning cached instance of singleton bean 'org.springframework.transaction.config.internalTransactionAdvisor'
00:07:30.257 qrouter [Test worker] DEBUG o.s.b.f.s.DefaultListableBeanFactory -Returning cached instance of singleton bean 'org.springframework.transaction.config.internalTransactionAdvisor'
00:07:30.259 qrouter [Test worker] DEBUG o.s.b.f.s.DefaultListableBeanFactory -Finished creating instance of bean 'org.springframework.transaction.config.internalTransactionalEventListenerFactory'
00:07:30.259 qrouter [Test worker] DEBUG o.s.b.f.s.DefaultListableBeanFactory -Creating shared instance of singleton bean 'org.springframework.boot.autoconfigure.transaction.TransactionAutoConfiguration$EnableTransactionManagementConfiguration$CglibAutoProxyConfiguration'
00:07:30.259 qrouter [Test worker] DEBUG o.s.b.f.s.DefaultListableBeanFactory -Creating instance of bean 'org.springframework.boot.autoconfigure.transaction.TransactionAutoConfiguration$EnableTransactionManagementConfiguration$CglibAutoProxyConfiguration'
00:07:30.260 qrouter [Test worker] DEBUG o.s.b.f.s.DefaultListableBeanFactory -Returning cached instance of singleton bean 'org.springframework.transaction.config.internalTransactionAdvisor'
00:07:30.262 qrouter [Test worker] DEBUG o.s.b.f.s.DefaultListableBeanFactory -Eagerly caching bean 'org.springframework.boot.autoconfigure.transaction.TransactionAutoConfiguration$EnableTransactionManagementConfiguration$CglibAutoProxyConfiguration' to allow for resolving potential circular references
00:07:30.276 qrouter [Test worker] DEBUG o.s.b.f.s.DefaultListableBeanFactory -Returning cached instance of singleton bean 'org.springframework.transaction.config.internalTransactionAdvisor'
00:07:30.277 qrouter [Test worker] DEBUG o.s.b.f.s.DefaultListableBeanFactory -Returning cached instance of singleton bean 'org.springframework.transaction.config.internalTransactionAdvisor'
00:07:30.278 qrouter [Test worker] DEBUG o.s.b.f.s.DefaultListableBeanFactory -Finished creating instance of bean 'org.springframework.boot.autoconfigure.transaction.TransactionAutoConfiguration$EnableTransactionManagementConfiguration$CglibAutoProxyConfiguration'
00:07:30.278 qrouter [Test worker] DEBUG o.s.b.f.s.DefaultListableBeanFactory -Creating shared instance of singleton bean 'org.springframework.boot.autoconfigure.transaction.TransactionAutoConfiguration$EnableTransactionManagementConfiguration'
00:07:30.278 qrouter [Test worker] DEBUG o.s.b.f.s.DefaultListableBeanFactory -Creating instance of bean 'org.springframework.boot.autoconfigure.transaction.TransactionAutoConfiguration$EnableTransactionManagementConfiguration'
00:07:30.279 qrouter [Test worker] DEBUG o.s.b.f.s.DefaultListableBeanFactory -Returning cached instance of singleton bean 'org.springframework.transaction.config.internalTransactionAdvisor'
00:07:30.280 qrouter [Test worker] DEBUG o.s.b.f.s.DefaultListableBeanFactory -Eagerly caching bean 'org.springframework.boot.autoconfigure.transaction.TransactionAutoConfiguration$EnableTransactionManagementConfiguration' to allow for resolving potential circular references
00:07:30.291 qrouter [Test worker] DEBUG o.s.b.f.s.DefaultListableBeanFactory -Returning cached instance of singleton bean 'org.springframework.transaction.config.internalTransactionAdvisor'
00:07:30.291 qrouter [Test worker] DEBUG o.s.b.f.s.DefaultListableBeanFactory -Returning cached instance of singleton bean 'org.springframework.transaction.config.internalTransactionAdvisor'
00:07:30.292 qrouter [Test worker] DEBUG o.s.b.f.s.DefaultListableBeanFactory -Finished creating instance of bean 'org.springframework.boot.autoconfigure.transaction.TransactionAutoConfiguration$EnableTransactionManagementConfiguration'
00:07:30.293 qrouter [Test worker] DEBUG o.s.b.f.s.DefaultListableBeanFactory -Creating shared instance of singleton bean 'org.springframework.boot.autoconfigure.transaction.TransactionAutoConfiguration$TransactionTemplateConfiguration'
00:07:30.293 qrouter [Test worker] DEBUG o.s.b.f.s.DefaultListableBeanFactory -Creating instance of bean 'org.springframework.boot.autoconfigure.transaction.TransactionAutoConfiguration$TransactionTemplateConfiguration'
00:07:30.294 qrouter [Test worker] DEBUG o.s.b.f.s.DefaultListableBeanFactory -Returning cached instance of singleton bean 'org.springframework.transaction.config.internalTransactionAdvisor'
00:07:30.296 qrouter [Test worker] DEBUG o.s.c.LocalVariableTableParameterNameDiscoverer -Cannot find '.class' file for class [class org.springframework.boot.autoconfigure.transaction.TransactionAutoConfiguration$TransactionTemplateConfiguration$$EnhancerBySpringCGLIB$$7408ea36] - unable to determine constructor/method parameter names
00:07:30.301 qrouter [Test worker] DEBUG o.s.b.f.s.DefaultListableBeanFactory -Returning cached instance of singleton bean 'transactionManager'
00:07:30.301 qrouter [Test worker] DEBUG o.s.b.f.s.DefaultListableBeanFactory -Autowiring by type from bean name 'org.springframework.boot.autoconfigure.transaction.TransactionAutoConfiguration$TransactionTemplateConfiguration' via constructor to bean named 'transactionManager'
00:07:30.302 qrouter [Test worker] DEBUG o.s.b.f.s.DefaultListableBeanFactory -Eagerly caching bean 'org.springframework.boot.autoconfigure.transaction.TransactionAutoConfiguration$TransactionTemplateConfiguration' to allow for resolving potential circular references
00:07:30.312 qrouter [Test worker] DEBUG o.s.b.f.s.DefaultListableBeanFactory -Returning cached instance of singleton bean 'org.springframework.transaction.config.internalTransactionAdvisor'
00:07:30.312 qrouter [Test worker] DEBUG o.s.b.f.s.DefaultListableBeanFactory -Returning cached instance of singleton bean 'org.springframework.transaction.config.internalTransactionAdvisor'
00:07:30.314 qrouter [Test worker] DEBUG o.s.b.f.s.DefaultListableBeanFactory -Finished creating instance of bean 'org.springframework.boot.autoconfigure.transaction.TransactionAutoConfiguration$TransactionTemplateConfiguration'
00:07:30.314 qrouter [Test worker] DEBUG o.s.b.f.s.DefaultListableBeanFactory -Creating shared instance of singleton bean 'transactionTemplate'
00:07:30.314 qrouter [Test worker] DEBUG o.s.b.f.s.DefaultListableBeanFactory -Creating instance of bean 'transactionTemplate'
00:07:30.315 qrouter [Test worker] DEBUG o.s.b.f.s.DefaultListableBeanFactory -Returning cached instance of singleton bean 'org.springframework.transaction.config.internalTransactionAdvisor'
00:07:30.315 qrouter [Test worker] DEBUG o.s.b.f.s.DefaultListableBeanFactory -Returning cached instance of singleton bean 'org.springframework.boot.autoconfigure.transaction.TransactionAutoConfiguration$TransactionTemplateConfiguration'
00:07:30.335 qrouter [Test worker] DEBUG o.s.b.f.s.DefaultListableBeanFactory -Eagerly caching bean 'transactionTemplate' to allow for resolving potential circular references
00:07:30.354 qrouter [Test worker] DEBUG o.s.b.f.s.DefaultListableBeanFactory -Invoking afterPropertiesSet() on bean with name 'transactionTemplate'
00:07:30.354 qrouter [Test worker] DEBUG o.s.b.f.s.DefaultListableBeanFactory -Returning cached instance of singleton bean 'org.springframework.transaction.config.internalTransactionAdvisor'
00:07:30.354 qrouter [Test worker] DEBUG o.s.b.f.s.DefaultListableBeanFactory -Returning cached instance of singleton bean 'org.springframework.transaction.config.internalTransactionAdvisor'
00:07:30.356 qrouter [Test worker] DEBUG o.s.b.f.s.DefaultListableBeanFactory -Finished creating instance of bean 'transactionTemplate'
00:07:30.356 qrouter [Test worker] DEBUG o.s.b.f.s.DefaultListableBeanFactory -Returning cached instance of singleton bean 'org.springframework.boot.autoconfigure.transaction.TransactionAutoConfiguration'
00:07:30.356 qrouter [Test worker] DEBUG o.s.b.f.s.DefaultListableBeanFactory -Returning cached instance of singleton bean 'platformTransactionManagerCustomizers'
00:07:30.356 qrouter [Test worker] DEBUG o.s.b.f.s.DefaultListableBeanFactory -Returning cached instance of singleton bean 'spring.transaction-org.springframework.boot.autoconfigure.transaction.TransactionProperties'
00:07:30.356 qrouter [Test worker] DEBUG o.s.b.f.s.DefaultListableBeanFactory -Returning cached instance of singleton bean 'org.springframework.boot.autoconfigure.web.HttpEncodingAutoConfiguration'
00:07:30.357 qrouter [Test worker] DEBUG o.s.b.f.s.DefaultListableBeanFactory -Creating shared instance of singleton bean 'characterEncodingFilter'
00:07:30.357 qrouter [Test worker] DEBUG o.s.b.f.s.DefaultListableBeanFactory -Creating instance of bean 'characterEncodingFilter'
00:07:30.357 qrouter [Test worker] DEBUG o.s.b.f.s.DefaultListableBeanFactory -Returning cached instance of singleton bean 'org.springframework.transaction.config.internalTransactionAdvisor'
00:07:30.358 qrouter [Test worker] DEBUG o.s.b.f.s.DefaultListableBeanFactory -Returning cached instance of singleton bean 'org.springframework.boot.autoconfigure.web.HttpEncodingAutoConfiguration'
00:07:30.362 qrouter [Test worker] DEBUG o.s.b.f.s.DefaultListableBeanFactory -Eagerly caching bean 'characterEncodingFilter' to allow for resolving potential circular references
00:07:30.396 qrouter [Test worker] DEBUG o.s.b.f.s.DefaultListableBeanFactory -Invoking afterPropertiesSet() on bean with name 'characterEncodingFilter'
00:07:30.397 qrouter [Test worker] DEBUG o.s.b.f.s.DefaultListableBeanFactory -Returning cached instance of singleton bean 'org.springframework.transaction.config.internalTransactionAdvisor'
00:07:30.397 qrouter [Test worker] DEBUG o.s.b.f.s.DefaultListableBeanFactory -Returning cached instance of singleton bean 'org.springframework.transaction.config.internalTransactionAdvisor'
00:07:30.398 qrouter [Test worker] DEBUG o.s.b.f.s.DefaultListableBeanFactory -Finished creating instance of bean 'characterEncodingFilter'
00:07:30.398 qrouter [Test worker] DEBUG o.s.b.f.s.DefaultListableBeanFactory -Returning cached instance of singleton bean 'localeCharsetMappingsCustomizer'
00:07:30.398 qrouter [Test worker] DEBUG o.s.b.f.s.DefaultListableBeanFactory -Returning cached instance of singleton bean 'org.springframework.boot.autoconfigure.web.MultipartAutoConfiguration'
00:07:30.399 qrouter [Test worker] DEBUG o.s.b.f.s.DefaultListableBeanFactory -Returning cached instance of singleton bean 'multipartConfigElement'
00:07:30.399 qrouter [Test worker] DEBUG o.s.b.f.s.DefaultListableBeanFactory -Creating shared instance of singleton bean 'multipartResolver'
00:07:30.399 qrouter [Test worker] DEBUG o.s.b.f.s.DefaultListableBeanFactory -Creating instance of bean 'multipartResolver'
00:07:30.399 qrouter [Test worker] DEBUG o.s.b.f.s.DefaultListableBeanFactory -Returning cached instance of singleton bean 'org.springframework.transaction.config.internalTransactionAdvisor'
00:07:30.400 qrouter [Test worker] DEBUG o.s.b.f.s.DefaultListableBeanFactory -Returning cached instance of singleton bean 'org.springframework.boot.autoconfigure.web.MultipartAutoConfiguration'
00:07:30.405 qrouter [Test worker] DEBUG o.s.b.f.s.DefaultListableBeanFactory -Eagerly caching bean 'multipartResolver' to allow for resolving potential circular references
00:07:30.411 qrouter [Test worker] DEBUG o.s.b.f.s.DefaultListableBeanFactory -Returning cached instance of singleton bean 'org.springframework.transaction.config.internalTransactionAdvisor'
00:07:30.411 qrouter [Test worker] DEBUG o.s.b.f.s.DefaultListableBeanFactory -Returning cached instance of singleton bean 'org.springframework.transaction.config.internalTransactionAdvisor'
00:07:30.412 qrouter [Test worker] DEBUG o.s.b.f.s.DefaultListableBeanFactory -Finished creating instance of bean 'multipartResolver'
00:07:30.412 qrouter [Test worker] DEBUG o.s.b.f.s.DefaultListableBeanFactory -Returning cached instance of singleton bean 'spring.http.multipart-org.springframework.boot.autoconfigure.web.MultipartProperties'
00:07:30.412 qrouter [Test worker] DEBUG o.s.b.f.s.DefaultListableBeanFactory -Returning cached instance of singleton bean 'org.springframework.boot.autoconfigure.web.ServerPropertiesAutoConfiguration'
00:07:30.412 qrouter [Test worker] DEBUG o.s.b.f.s.DefaultListableBeanFactory -Returning cached instance of singleton bean 'serverProperties'
00:07:30.413 qrouter [Test worker] DEBUG o.s.b.f.s.DefaultListableBeanFactory -Returning cached instance of singleton bean 'duplicateServerPropertiesDetector'
00:07:30.413 qrouter [Test worker] DEBUG o.s.b.f.s.DefaultListableBeanFactory -Creating shared instance of singleton bean 'org.springframework.boot.autoconfigure.web.WebClientAutoConfiguration$RestTemplateConfiguration'
00:07:30.413 qrouter [Test worker] DEBUG o.s.b.f.s.DefaultListableBeanFactory -Creating instance of bean 'org.springframework.boot.autoconfigure.web.WebClientAutoConfiguration$RestTemplateConfiguration'
00:07:30.413 qrouter [Test worker] DEBUG o.s.b.f.s.DefaultListableBeanFactory -Returning cached instance of singleton bean 'org.springframework.transaction.config.internalTransactionAdvisor'
00:07:30.415 qrouter [Test worker] DEBUG o.s.c.LocalVariableTableParameterNameDiscoverer -Cannot find '.class' file for class [class org.springframework.boot.autoconfigure.web.WebClientAutoConfiguration$RestTemplateConfiguration$$EnhancerBySpringCGLIB$$7cae040b] - unable to determine constructor/method parameter names
00:07:30.419 qrouter [Test worker] DEBUG o.s.b.f.s.DefaultListableBeanFactory -Eagerly caching bean 'org.springframework.boot.autoconfigure.web.WebClientAutoConfiguration$RestTemplateConfiguration' to allow for resolving potential circular references
00:07:30.428 qrouter [Test worker] DEBUG o.s.b.f.s.DefaultListableBeanFactory -Returning cached instance of singleton bean 'org.springframework.transaction.config.internalTransactionAdvisor'
00:07:30.429 qrouter [Test worker] DEBUG o.s.b.f.s.DefaultListableBeanFactory -Returning cached instance of singleton bean 'org.springframework.transaction.config.internalTransactionAdvisor'
00:07:30.431 qrouter [Test worker] DEBUG o.s.b.f.s.DefaultListableBeanFactory -Finished creating instance of bean 'org.springframework.boot.autoconfigure.web.WebClientAutoConfiguration$RestTemplateConfiguration'
00:07:30.431 qrouter [Test worker] DEBUG o.s.b.f.s.DefaultListableBeanFactory -Creating shared instance of singleton bean 'restTemplateBuilder'
00:07:30.431 qrouter [Test worker] DEBUG o.s.b.f.s.DefaultListableBeanFactory -Creating instance of bean 'restTemplateBuilder'
00:07:30.431 qrouter [Test worker] DEBUG o.s.b.f.s.DefaultListableBeanFactory -Returning cached instance of singleton bean 'org.springframework.transaction.config.internalTransactionAdvisor'
00:07:30.432 qrouter [Test worker] DEBUG o.s.b.f.s.DefaultListableBeanFactory -Returning cached instance of singleton bean 'org.springframework.boot.autoconfigure.web.WebClientAutoConfiguration$RestTemplateConfiguration'
00:07:30.450 qrouter [Test worker] DEBUG o.s.b.f.s.DefaultListableBeanFactory -Returning cached instance of singleton bean 'messageConverters'
00:07:30.462 qrouter [Test worker] DEBUG o.s.b.f.s.DefaultListableBeanFactory -Eagerly caching bean 'restTemplateBuilder' to allow for resolving potential circular references
00:07:30.471 qrouter [Test worker] DEBUG o.s.b.f.s.DefaultListableBeanFactory -Returning cached instance of singleton bean 'org.springframework.transaction.config.internalTransactionAdvisor'
00:07:30.471 qrouter [Test worker] DEBUG o.s.b.f.s.DefaultListableBeanFactory -Returning cached instance of singleton bean 'org.springframework.transaction.config.internalTransactionAdvisor'
00:07:30.472 qrouter [Test worker] DEBUG o.s.b.f.s.DefaultListableBeanFactory -Finished creating instance of bean 'restTemplateBuilder'
00:07:30.472 qrouter [Test worker] DEBUG o.s.b.f.s.DefaultListableBeanFactory -Creating shared instance of singleton bean 'org.springframework.boot.autoconfigure.web.WebClientAutoConfiguration'
00:07:30.472 qrouter [Test worker] DEBUG o.s.b.f.s.DefaultListableBeanFactory -Creating instance of bean 'org.springframework.boot.autoconfigure.web.WebClientAutoConfiguration'
00:07:30.473 qrouter [Test worker] DEBUG o.s.b.f.s.DefaultListableBeanFactory -Returning cached instance of singleton bean 'org.springframework.transaction.config.internalTransactionAdvisor'
00:07:30.474 qrouter [Test worker] DEBUG o.s.b.f.s.DefaultListableBeanFactory -Eagerly caching bean 'org.springframework.boot.autoconfigure.web.WebClientAutoConfiguration' to allow for resolving potential circular references
00:07:30.488 qrouter [Test worker] DEBUG o.s.b.f.s.DefaultListableBeanFactory -Returning cached instance of singleton bean 'org.springframework.transaction.config.internalTransactionAdvisor'
00:07:30.488 qrouter [Test worker] DEBUG o.s.b.f.s.DefaultListableBeanFactory -Returning cached instance of singleton bean 'org.springframework.transaction.config.internalTransactionAdvisor'
00:07:30.489 qrouter [Test worker] DEBUG o.s.b.f.s.DefaultListableBeanFactory -Finished creating instance of bean 'org.springframework.boot.autoconfigure.web.WebClientAutoConfiguration'
00:07:30.489 qrouter [Test worker] DEBUG o.s.b.f.s.DefaultListableBeanFactory -Returning cached instance of singleton bean 'org.springframework.orm.jpa.SharedEntityManagerCreator#0'
00:07:30.492 qrouter [Test worker] DEBUG o.s.b.f.s.DefaultListableBeanFactory -Returning cached instance of singleton bean 'org.springframework.context.event.internalEventListenerFactory'
00:07:30.492 qrouter [Test worker] DEBUG o.s.b.f.s.DefaultListableBeanFactory -Returning cached instance of singleton bean 'org.springframework.transaction.config.internalTransactionalEventListenerFactory'
00:07:31.047 qrouter [Test worker] DEBUG o.s.w.c.s.GenericWebApplicationContext -Unable to locate LifecycleProcessor with name 'lifecycleProcessor': using default [org.springframework.context.support.DefaultLifecycleProcessor@4f93ab]
00:07:31.052 qrouter [Test worker] DEBUG o.s.b.f.s.DefaultListableBeanFactory -Returning cached instance of singleton bean 'lifecycleProcessor'
00:07:31.058 qrouter [Test worker] DEBUG o.s.b.f.s.DefaultListableBeanFactory -Returning cached instance of singleton bean 'org.springframework.boot.autoconfigure.internalCachingMetadataReaderFactory'
00:07:31.059 qrouter [Test worker] DEBUG o.s.b.f.s.DefaultListableBeanFactory -Returning cached instance of singleton bean 'documentationPluginsBootstrapper'
00:07:31.060 qrouter [Test worker] DEBUG o.s.b.f.s.DefaultListableBeanFactory -Returning cached instance of singleton bean 'modelBuilderPluginRegistry'
00:07:31.060 qrouter [Test worker] DEBUG o.s.b.f.s.DefaultListableBeanFactory -Returning cached instance of singleton bean 'modelPropertyBuilderPluginRegistry'
00:07:31.061 qrouter [Test worker] DEBUG o.s.b.f.s.DefaultListableBeanFactory -Returning cached instance of singleton bean 'typeNameProviderPluginRegistry'
00:07:31.061 qrouter [Test worker] DEBUG o.s.b.f.s.DefaultListableBeanFactory -Returning cached instance of singleton bean 'documentationPluginRegistry'
00:07:31.062 qrouter [Test worker] DEBUG o.s.b.f.s.DefaultListableBeanFactory -Returning cached instance of singleton bean 'apiListingBuilderPluginRegistry'
00:07:31.062 qrouter [Test worker] DEBUG o.s.b.f.s.DefaultListableBeanFactory -Returning cached instance of singleton bean 'operationBuilderPluginRegistry'
00:07:31.063 qrouter [Test worker] DEBUG o.s.b.f.s.DefaultListableBeanFactory -Returning cached instance of singleton bean 'parameterBuilderPluginRegistry'
00:07:31.063 qrouter [Test worker] DEBUG o.s.b.f.s.DefaultListableBeanFactory -Returning cached instance of singleton bean 'expandedParameterBuilderPluginRegistry'
00:07:31.064 qrouter [Test worker] DEBUG o.s.b.f.s.DefaultListableBeanFactory -Returning cached instance of singleton bean 'resourceGroupingStrategyRegistry'
00:07:31.064 qrouter [Test worker] DEBUG o.s.b.f.s.DefaultListableBeanFactory -Returning cached instance of singleton bean 'operationModelsProviderPluginRegistry'
00:07:31.065 qrouter [Test worker] DEBUG o.s.b.f.s.DefaultListableBeanFactory -Returning cached instance of singleton bean 'defaultsProviderPluginRegistry'
00:07:31.065 qrouter [Test worker] DEBUG o.s.b.f.s.DefaultListableBeanFactory -Returning cached instance of singleton bean 'pathDecoratorRegistry'
00:07:31.066 qrouter [Test worker] DEBUG o.s.b.f.s.DefaultListableBeanFactory -Returning cached instance of singleton bean 'org.springframework.boot.context.properties.ConfigurationPropertiesBindingPostProcessor'
00:07:31.066 qrouter [Test worker] DEBUG o.s.b.f.s.DefaultListableBeanFactory -Returning cached instance of singleton bean 'mvcResourceUrlProvider'
00:07:31.066 qrouter [Test worker] DEBUG o.s.b.f.s.DefaultListableBeanFactory -Returning cached instance of singleton bean 'entityLinksPluginRegistry'
00:07:31.067 qrouter [Test worker] DEBUG o.s.b.f.s.DefaultListableBeanFactory -Returning cached instance of singleton bean '_linkDiscovererRegistry'
00:07:31.067 qrouter [Test worker] DEBUG o.s.b.f.s.DefaultListableBeanFactory -Returning cached instance of singleton bean 'relProviderPluginRegistry'
00:07:31.247 qrouter [Test worker] DEBUG o.s.b.a.l.AutoConfigurationReportLoggingInitializer -


=========================
AUTO-CONFIGURATION REPORT
=========================


Positive matches:
-----------------

   AopAutoConfiguration matched:
      - @ConditionalOnClass found required classes 'org.springframework.context.annotation.EnableAspectJAutoProxy', 'org.aspectj.lang.annotation.Aspect', 'org.aspectj.lang.reflect.Advice'; @ConditionalOnMissingClass did not find unwanted class (OnClassCondition)
      - @ConditionalOnProperty (spring.aop.auto=true) matched (OnPropertyCondition)

   AopAutoConfiguration.JdkDynamicAutoProxyConfiguration matched:
      - @ConditionalOnProperty (spring.aop.proxy-target-class=false) matched (OnPropertyCondition)

   DataSourceAutoConfiguration matched:
      - @ConditionalOnClass found required classes 'javax.sql.DataSource', 'org.springframework.jdbc.datasource.embedded.EmbeddedDatabaseType'; @ConditionalOnMissingClass did not find unwanted class (OnClassCondition)

   DataSourceAutoConfiguration#dataSourceInitializer matched:
      - @ConditionalOnMissingBean (types: org.springframework.boot.autoconfigure.jdbc.DataSourceInitializer; SearchStrategy: all) did not find any beans (OnBeanCondition)

   DataSourceAutoConfiguration.PooledDataSourceConfiguration matched:
      - AnyNestedCondition 1 matched 1 did not; NestedCondition on DataSourceAutoConfiguration.PooledDataSourceCondition.PooledDataSourceAvailable PooledDataSource found supported DataSource; NestedCondition on DataSourceAutoConfiguration.PooledDataSourceCondition.ExplicitType @ConditionalOnProperty (spring.datasource.type) did not find property 'type' (DataSourceAutoConfiguration.PooledDataSourceCondition)
      - @ConditionalOnMissingBean (types: javax.sql.DataSource,javax.sql.XADataSource; SearchStrategy: all) did not find any beans (OnBeanCondition)

   DataSourceConfiguration.Tomcat matched:
      - @ConditionalOnClass found required class 'org.apache.tomcat.jdbc.pool.DataSource'; @ConditionalOnMissingClass did not find unwanted class (OnClassCondition)
      - @ConditionalOnProperty (spring.datasource.type=org.apache.tomcat.jdbc.pool.DataSource) matched (OnPropertyCondition)

   DataSourcePoolMetadataProvidersConfiguration.TomcatDataSourcePoolMetadataProviderConfiguration matched:
      - @ConditionalOnClass found required class 'org.apache.tomcat.jdbc.pool.DataSource'; @ConditionalOnMissingClass did not find unwanted class (OnClassCondition)

   DataSourceTransactionManagerAutoConfiguration matched:
      - @ConditionalOnClass found required classes 'org.springframework.jdbc.core.JdbcTemplate', 'org.springframework.transaction.PlatformTransactionManager'; @ConditionalOnMissingClass did not find unwanted class (OnClassCondition)

   DataSourceTransactionManagerAutoConfiguration.DataSourceTransactionManagerConfiguration matched:
      - @ConditionalOnSingleCandidate (types: javax.sql.DataSource; SearchStrategy: all) found a primary bean from beans 'dataSource' (OnBeanCondition)

   DispatcherServletAutoConfiguration matched:
      - @ConditionalOnClass found required class 'org.springframework.web.servlet.DispatcherServlet'; @ConditionalOnMissingClass did not find unwanted class (OnClassCondition)
      - @ConditionalOnWebApplication (required) found 'session' scope (OnWebApplicationCondition)

   DispatcherServletAutoConfiguration.DispatcherServletConfiguration matched:
      - @ConditionalOnClass found required class 'javax.servlet.ServletRegistration'; @ConditionalOnMissingClass did not find unwanted class (OnClassCondition)
      - Default DispatcherServlet did not find dispatcher servlet beans (DispatcherServletAutoConfiguration.DefaultDispatcherServletCondition)

   DispatcherServletAutoConfiguration.DispatcherServletRegistrationConfiguration matched:
      - @ConditionalOnClass found required class 'javax.servlet.ServletRegistration'; @ConditionalOnMissingClass did not find unwanted class (OnClassCondition)
      - DispatcherServlet Registration did not find servlet registration bean (DispatcherServletAutoConfiguration.DispatcherServletRegistrationCondition)

   DispatcherServletAutoConfiguration.DispatcherServletRegistrationConfiguration#dispatcherServletRegistration matched:
      - @ConditionalOnBean (names: dispatcherServlet; types: org.springframework.web.servlet.DispatcherServlet; SearchStrategy: all) found beans 'dispatcherServlet', 'dispatcherServlet' (OnBeanCondition)

   EmbeddedServletContainerAutoConfiguration matched:
      - @ConditionalOnWebApplication (required) found 'session' scope (OnWebApplicationCondition)

   EmbeddedServletContainerAutoConfiguration.EmbeddedTomcat matched:
      - @ConditionalOnClass found required classes 'javax.servlet.Servlet', 'org.apache.catalina.startup.Tomcat'; @ConditionalOnMissingClass did not find unwanted class (OnClassCondition)
      - @ConditionalOnMissingBean (types: org.springframework.boot.context.embedded.EmbeddedServletContainerFactory; SearchStrategy: current) did not find any beans (OnBeanCondition)

   ErrorMvcAutoConfiguration matched:
      - @ConditionalOnClass found required classes 'javax.servlet.Servlet', 'org.springframework.web.servlet.DispatcherServlet'; @ConditionalOnMissingClass did not find unwanted class (OnClassCondition)
      - @ConditionalOnWebApplication (required) found 'session' scope (OnWebApplicationCondition)

   ErrorMvcAutoConfiguration#basicErrorController matched:
      - @ConditionalOnMissingBean (types: org.springframework.boot.autoconfigure.web.ErrorController; SearchStrategy: current) did not find any beans (OnBeanCondition)

   ErrorMvcAutoConfiguration#errorAttributes matched:
      - @ConditionalOnMissingBean (types: org.springframework.boot.autoconfigure.web.ErrorAttributes; SearchStrategy: current) did not find any beans (OnBeanCondition)

   ErrorMvcAutoConfiguration.DefaultErrorViewResolverConfiguration#conventionErrorViewResolver matched:
      - @ConditionalOnBean (types: org.springframework.web.servlet.DispatcherServlet; SearchStrategy: all) found bean 'dispatcherServlet'; @ConditionalOnMissingBean (types: org.springframework.boot.autoconfigure.web.DefaultErrorViewResolver; SearchStrategy: all) did not find any beans (OnBeanCondition)

   ErrorMvcAutoConfiguration.WhitelabelErrorViewConfiguration matched:
      - @ConditionalOnProperty (server.error.whitelabel.enabled) matched (OnPropertyCondition)
      - ErrorTemplate Missing did not find error template view (ErrorMvcAutoConfiguration.ErrorTemplateMissingCondition)

   ErrorMvcAutoConfiguration.WhitelabelErrorViewConfiguration#beanNameViewResolver matched:
      - @ConditionalOnMissingBean (types: org.springframework.web.servlet.view.BeanNameViewResolver; SearchStrategy: all) did not find any beans (OnBeanCondition)

   ErrorMvcAutoConfiguration.WhitelabelErrorViewConfiguration#defaultErrorView matched:
      - @ConditionalOnMissingBean (names: error; SearchStrategy: all) did not find any beans (OnBeanCondition)

   GenericCacheConfiguration matched:
      - Cache org.springframework.boot.autoconfigure.cache.GenericCacheConfiguration automatic cache type (CacheCondition)

   GsonAutoConfiguration matched:
      - @ConditionalOnClass found required class 'com.google.gson.Gson'; @ConditionalOnMissingClass did not find unwanted class (OnClassCondition)

   GsonAutoConfiguration#gson matched:
      - @ConditionalOnMissingBean (types: com.google.gson.Gson; SearchStrategy: all) did not find any beans (OnBeanCondition)

   GsonHttpMessageConvertersConfiguration matched:
      - @ConditionalOnClass found required class 'com.google.gson.Gson'; @ConditionalOnMissingClass did not find unwanted class (OnClassCondition)

   H2ConsoleAutoConfiguration matched:
      - @ConditionalOnClass found required class 'org.h2.server.web.WebServlet'; @ConditionalOnMissingClass did not find unwanted class (OnClassCondition)
      - @ConditionalOnWebApplication (required) found 'session' scope (OnWebApplicationCondition)
      - @ConditionalOnProperty (spring.h2.console.enabled=true) matched (OnPropertyCondition)

   HibernateJpaAutoConfiguration matched:
      - @ConditionalOnClass found required classes 'org.springframework.orm.jpa.LocalContainerEntityManagerFactoryBean', 'javax.persistence.EntityManager'; @ConditionalOnMissingClass did not find unwanted class (OnClassCondition)
      - HibernateEntityManager found class 'org.hibernate.ejb.HibernateEntityManager' (HibernateJpaAutoConfiguration.HibernateEntityManagerCondition)

   HttpEncodingAutoConfiguration matched:
      - @ConditionalOnClass found required class 'org.springframework.web.filter.CharacterEncodingFilter'; @ConditionalOnMissingClass did not find unwanted class (OnClassCondition)
      - @ConditionalOnWebApplication (required) found 'session' scope (OnWebApplicationCondition)
      - @ConditionalOnProperty (spring.http.encoding.enabled) matched (OnPropertyCondition)

   HttpEncodingAutoConfiguration#characterEncodingFilter matched:
      - @ConditionalOnMissingBean (types: org.springframework.web.filter.CharacterEncodingFilter; SearchStrategy: all) did not find any beans (OnBeanCondition)

   HttpMessageConvertersAutoConfiguration matched:
      - @ConditionalOnClass found required class 'org.springframework.http.converter.HttpMessageConverter'; @ConditionalOnMissingClass did not find unwanted class (OnClassCondition)

   HttpMessageConvertersAutoConfiguration#messageConverters matched:
      - @ConditionalOnMissingBean (types: org.springframework.boot.autoconfigure.web.HttpMessageConverters; SearchStrategy: all) did not find any beans (OnBeanCondition)

   HttpMessageConvertersAutoConfiguration.StringHttpMessageConverterConfiguration matched:
      - @ConditionalOnClass found required class 'org.springframework.http.converter.StringHttpMessageConverter'; @ConditionalOnMissingClass did not find unwanted class (OnClassCondition)

   HttpMessageConvertersAutoConfiguration.StringHttpMessageConverterConfiguration#stringHttpMessageConverter matched:
      - @ConditionalOnMissingBean (types: org.springframework.http.converter.StringHttpMessageConverter; SearchStrategy: all) did not find any beans (OnBeanCondition)

   HypermediaAutoConfiguration matched:
      - @ConditionalOnClass found required classes 'org.springframework.hateoas.Resource', 'org.springframework.web.bind.annotation.RequestMapping', 'org.springframework.plugin.core.Plugin'; @ConditionalOnMissingClass did not find unwanted class (OnClassCondition)
      - @ConditionalOnWebApplication (required) found 'session' scope (OnWebApplicationCondition)

   HypermediaAutoConfiguration.EntityLinksConfiguration matched:
      - @ConditionalOnMissingBean (types: org.springframework.hateoas.EntityLinks; SearchStrategy: all) did not find any beans (OnBeanCondition)

   HypermediaAutoConfiguration.HypermediaConfiguration matched:
      - @ConditionalOnClass found required class 'com.fasterxml.jackson.databind.ObjectMapper'; @ConditionalOnMissingClass did not find unwanted class (OnClassCondition)
      - @ConditionalOnMissingBean (types: org.springframework.hateoas.LinkDiscoverers; SearchStrategy: all) did not find any beans (OnBeanCondition)

   HypermediaHttpMessageConverterConfiguration#halMessageConverterSupportedMediaTypeCustomizer matched:
      - @ConditionalOnProperty (spring.hateoas.use-hal-as-default-json-media-type) matched (OnPropertyCondition)

   JacksonAutoConfiguration matched:
      - @ConditionalOnClass found required class 'com.fasterxml.jackson.databind.ObjectMapper'; @ConditionalOnMissingClass did not find unwanted class (OnClassCondition)

   JacksonAutoConfiguration.Jackson2ObjectMapperBuilderCustomizerConfiguration matched:
      - @ConditionalOnClass found required classes 'com.fasterxml.jackson.databind.ObjectMapper', 'org.springframework.http.converter.json.Jackson2ObjectMapperBuilder'; @ConditionalOnMissingClass did not find unwanted class (OnClassCondition)

   JacksonAutoConfiguration.JacksonObjectMapperBuilderConfiguration matched:
      - @ConditionalOnClass found required classes 'com.fasterxml.jackson.databind.ObjectMapper', 'org.springframework.http.converter.json.Jackson2ObjectMapperBuilder'; @ConditionalOnMissingClass did not find unwanted class (OnClassCondition)

   JacksonAutoConfiguration.JacksonObjectMapperBuilderConfiguration#jacksonObjectMapperBuilder matched:
      - @ConditionalOnMissingBean (types: org.springframework.http.converter.json.Jackson2ObjectMapperBuilder; SearchStrategy: all) did not find any beans (OnBeanCondition)

   JacksonAutoConfiguration.JacksonObjectMapperConfiguration matched:
      - @ConditionalOnClass found required classes 'com.fasterxml.jackson.databind.ObjectMapper', 'org.springframework.http.converter.json.Jackson2ObjectMapperBuilder'; @ConditionalOnMissingClass did not find unwanted class (OnClassCondition)

   JacksonAutoConfiguration.JacksonObjectMapperConfiguration#jacksonObjectMapper matched:
      - @ConditionalOnMissingBean (types: com.fasterxml.jackson.databind.ObjectMapper; SearchStrategy: all) did not find any beans (OnBeanCondition)

   JacksonHttpMessageConvertersConfiguration.MappingJackson2HttpMessageConverterConfiguration matched:
      - @ConditionalOnClass found required class 'com.fasterxml.jackson.databind.ObjectMapper'; @ConditionalOnMissingClass did not find unwanted class (OnClassCondition)
      - @ConditionalOnProperty (spring.http.converters.preferred-json-mapper=jackson) matched (OnPropertyCondition)
      - @ConditionalOnBean (types: com.fasterxml.jackson.databind.ObjectMapper; SearchStrategy: all) found bean 'jacksonObjectMapper' (OnBeanCondition)

   JacksonHttpMessageConvertersConfiguration.MappingJackson2HttpMessageConverterConfiguration#mappingJackson2HttpMessageConverter matched:
      - @ConditionalOnMissingBean (types: org.springframework.http.converter.json.MappingJackson2HttpMessageConverter; SearchStrategy: all) did not find any beans (OnBeanCondition)

   JdbcTemplateAutoConfiguration matched:
      - @ConditionalOnClass found required classes 'javax.sql.DataSource', 'org.springframework.jdbc.core.JdbcTemplate'; @ConditionalOnMissingClass did not find unwanted class (OnClassCondition)
      - @ConditionalOnSingleCandidate (types: javax.sql.DataSource; SearchStrategy: all) found a primary bean from beans 'dataSource' (OnBeanCondition)

   JdbcTemplateAutoConfiguration#jdbcTemplate matched:
      - @ConditionalOnMissingBean (types: org.springframework.jdbc.core.JdbcOperations; SearchStrategy: all) did not find any beans (OnBeanCondition)

   JdbcTemplateAutoConfiguration#namedParameterJdbcTemplate matched:
      - @ConditionalOnMissingBean (types: org.springframework.jdbc.core.namedparam.NamedParameterJdbcOperations; SearchStrategy: all) did not find any beans (OnBeanCondition)

   JpaBaseConfiguration#entityManagerFactory matched:
      - @ConditionalOnMissingBean (types: org.springframework.orm.jpa.LocalContainerEntityManagerFactoryBean,javax.persistence.EntityManagerFactory; SearchStrategy: all) did not find any beans (OnBeanCondition)

   JpaBaseConfiguration#entityManagerFactoryBuilder matched:
      - @ConditionalOnMissingBean (types: org.springframework.boot.orm.jpa.EntityManagerFactoryBuilder; SearchStrategy: all) did not find any beans (OnBeanCondition)

   JpaBaseConfiguration#jpaVendorAdapter matched:
      - @ConditionalOnMissingBean (types: org.springframework.orm.jpa.JpaVendorAdapter; SearchStrategy: all) did not find any beans (OnBeanCondition)

   JpaBaseConfiguration#transactionManager matched:
      - @ConditionalOnMissingBean (types: org.springframework.transaction.PlatformTransactionManager; SearchStrategy: all) did not find any beans (OnBeanCondition)

   JpaBaseConfiguration.JpaWebConfiguration matched:
      - @ConditionalOnClass found required class 'org.springframework.web.servlet.config.annotation.WebMvcConfigurerAdapter'; @ConditionalOnMissingClass did not find unwanted class (OnClassCondition)
      - @ConditionalOnWebApplication (required) found 'session' scope (OnWebApplicationCondition)
      - @ConditionalOnProperty (spring.jpa.open-in-view=true) matched (OnPropertyCondition)
      - @ConditionalOnMissingBean (types: org.springframework.orm.jpa.support.OpenEntityManagerInViewInterceptor,org.springframework.orm.jpa.support.OpenEntityManagerInViewFilter; SearchStrategy: all) did not find any beans (OnBeanCondition)

   JpaRepositoriesAutoConfiguration matched:
      - @ConditionalOnClass found required class 'org.springframework.data.jpa.repository.JpaRepository'; @ConditionalOnMissingClass did not find unwanted class (OnClassCondition)
      - @ConditionalOnProperty (spring.data.jpa.repositories.enabled=true) matched (OnPropertyCondition)
      - @ConditionalOnBean (types: javax.sql.DataSource; SearchStrategy: all) found bean 'dataSource'; @ConditionalOnMissingBean (types: org.springframework.data.jpa.repository.support.JpaRepositoryFactoryBean,org.springframework.data.jpa.repository.config.JpaRepositoryConfigExtension; SearchStrategy: all) did not find any beans (OnBeanCondition)

   JtaAutoConfiguration matched:
      - @ConditionalOnClass found required class 'javax.transaction.Transaction'; @ConditionalOnMissingClass did not find unwanted class (OnClassCondition)
      - @ConditionalOnProperty (spring.jta.enabled) matched (OnPropertyCondition)

   MessageSourceAutoConfiguration matched:
      - ResourceBundle found bundle URL [file:/F:/GIT_WORK/GIT_REPO/RetailPro/RetailPro/RetailManager/build/resources/main/messages.properties] (MessageSourceAutoConfiguration.ResourceBundleCondition)
      - @ConditionalOnMissingBean (types: org.springframework.context.MessageSource; SearchStrategy: current) did not find any beans (OnBeanCondition)

   MultipartAutoConfiguration matched:
      - @ConditionalOnClass found required classes 'javax.servlet.Servlet', 'org.springframework.web.multipart.support.StandardServletMultipartResolver', 'javax.servlet.MultipartConfigElement'; @ConditionalOnMissingClass did not find unwanted class (OnClassCondition)
      - @ConditionalOnProperty (spring.http.multipart.enabled) matched (OnPropertyCondition)

   MultipartAutoConfiguration#multipartConfigElement matched:
      - @ConditionalOnMissingBean (types: javax.servlet.MultipartConfigElement; SearchStrategy: all) did not find any beans (OnBeanCondition)

   MultipartAutoConfiguration#multipartResolver matched:
      - @ConditionalOnMissingBean (types: org.springframework.web.multipart.MultipartResolver; SearchStrategy: all) did not find any beans (OnBeanCondition)

   NoOpCacheConfiguration matched:
      - Cache org.springframework.boot.autoconfigure.cache.NoOpCacheConfiguration automatic cache type (CacheCondition)

   PersistenceExceptionTranslationAutoConfiguration matched:
      - @ConditionalOnClass found required class 'org.springframework.dao.annotation.PersistenceExceptionTranslationPostProcessor'; @ConditionalOnMissingClass did not find unwanted class (OnClassCondition)

   PersistenceExceptionTranslationAutoConfiguration#persistenceExceptionTranslationPostProcessor matched:
      - @ConditionalOnProperty (spring.dao.exceptiontranslation.enabled) matched (OnPropertyCondition)
      - @ConditionalOnMissingBean (types: org.springframework.dao.annotation.PersistenceExceptionTranslationPostProcessor; SearchStrategy: all) did not find any beans (OnBeanCondition)

   RedisCacheConfiguration matched:
      - Cache org.springframework.boot.autoconfigure.cache.RedisCacheConfiguration automatic cache type (CacheCondition)

   ServerPropertiesAutoConfiguration matched:
      - @ConditionalOnWebApplication (required) found 'session' scope (OnWebApplicationCondition)

   ServerPropertiesAutoConfiguration#serverProperties matched:
      - @ConditionalOnMissingBean (types: org.springframework.boot.autoconfigure.web.ServerProperties; SearchStrategy: current) did not find any beans (OnBeanCondition)

   SimpleCacheConfiguration matched:
      - Cache org.springframework.boot.autoconfigure.cache.SimpleCacheConfiguration automatic cache type (CacheCondition)

   SpringDataWebAutoConfiguration matched:
      - @ConditionalOnClass found required classes 'org.springframework.data.web.PageableHandlerMethodArgumentResolver', 'org.springframework.web.servlet.config.annotation.WebMvcConfigurerAdapter'; @ConditionalOnMissingClass did not find unwanted class (OnClassCondition)
      - @ConditionalOnWebApplication (required) found 'session' scope (OnWebApplicationCondition)
      - @ConditionalOnMissingBean (types: org.springframework.data.web.PageableHandlerMethodArgumentResolver; SearchStrategy: all) did not find any beans (OnBeanCondition)

   TransactionAutoConfiguration matched:
      - @ConditionalOnClass found required class 'org.springframework.transaction.PlatformTransactionManager'; @ConditionalOnMissingClass did not find unwanted class (OnClassCondition)

   TransactionAutoConfiguration#platformTransactionManagerCustomizers matched:
      - @ConditionalOnMissingBean (types: org.springframework.boot.autoconfigure.transaction.TransactionManagerCustomizers; SearchStrategy: all) did not find any beans (OnBeanCondition)

   TransactionAutoConfiguration.EnableTransactionManagementConfiguration matched:
      - @ConditionalOnBean (types: org.springframework.transaction.PlatformTransactionManager; SearchStrategy: all) found bean 'transactionManager'; @ConditionalOnMissingBean (types: org.springframework.transaction.annotation.AbstractTransactionManagementConfiguration; SearchStrategy: all) did not find any beans (OnBeanCondition)

   TransactionAutoConfiguration.EnableTransactionManagementConfiguration.CglibAutoProxyConfiguration matched:
      - @ConditionalOnProperty (spring.aop.proxy-target-class=true) matched (OnPropertyCondition)

   TransactionAutoConfiguration.TransactionTemplateConfiguration matched:
      - @ConditionalOnSingleCandidate (types: org.springframework.transaction.PlatformTransactionManager; SearchStrategy: all) found a primary bean from beans 'transactionManager' (OnBeanCondition)

   TransactionAutoConfiguration.TransactionTemplateConfiguration#transactionTemplate matched:
      - @ConditionalOnMissingBean (types: org.springframework.transaction.support.TransactionTemplate; SearchStrategy: all) did not find any beans (OnBeanCondition)

   ValidationAutoConfiguration matched:
      - @ConditionalOnClass found required class 'javax.validation.executable.ExecutableValidator'; @ConditionalOnMissingClass did not find unwanted class (OnClassCondition)
      - @ConditionalOnResource found location classpath:META-INF/services/javax.validation.spi.ValidationProvider (OnResourceCondition)

   ValidationAutoConfiguration#defaultValidator matched:
      - @ConditionalOnMissingBean (types: javax.validation.Validator; SearchStrategy: all) did not find any beans (OnBeanCondition)

   ValidationAutoConfiguration#methodValidationPostProcessor matched:
      - @ConditionalOnMissingBean (types: org.springframework.validation.beanvalidation.MethodValidationPostProcessor; SearchStrategy: all) did not find any beans (OnBeanCondition)

   WebClientAutoConfiguration.RestTemplateConfiguration matched:
      - @ConditionalOnClass found required class 'org.springframework.web.client.RestTemplate'; @ConditionalOnMissingClass did not find unwanted class (OnClassCondition)

   WebClientAutoConfiguration.RestTemplateConfiguration#restTemplateBuilder matched:
      - @ConditionalOnMissingBean (types: org.springframework.boot.web.client.RestTemplateBuilder; SearchStrategy: all) did not find any beans (OnBeanCondition)

   WebMvcAutoConfiguration matched:
      - @ConditionalOnClass found required classes 'javax.servlet.Servlet', 'org.springframework.web.servlet.DispatcherServlet', 'org.springframework.web.servlet.config.annotation.WebMvcConfigurerAdapter'; @ConditionalOnMissingClass did not find unwanted class (OnClassCondition)
      - @ConditionalOnWebApplication (required) found 'session' scope (OnWebApplicationCondition)
      - @ConditionalOnMissingBean (types: org.springframework.web.servlet.config.annotation.WebMvcConfigurationSupport; SearchStrategy: all) did not find any beans (OnBeanCondition)

   WebMvcAutoConfiguration#hiddenHttpMethodFilter matched:
      - @ConditionalOnMissingBean (types: org.springframework.web.filter.HiddenHttpMethodFilter; SearchStrategy: all) did not find any beans (OnBeanCondition)

   WebMvcAutoConfiguration#httpPutFormContentFilter matched:
      - @ConditionalOnProperty (spring.mvc.formcontent.putfilter.enabled) matched (OnPropertyCondition)
      - @ConditionalOnMissingBean (types: org.springframework.web.filter.HttpPutFormContentFilter; SearchStrategy: all) did not find any beans (OnBeanCondition)

   WebMvcAutoConfiguration.WebMvcAutoConfigurationAdapter#defaultViewResolver matched:
      - @ConditionalOnMissingBean (types: org.springframework.web.servlet.view.InternalResourceViewResolver; SearchStrategy: all) did not find any beans (OnBeanCondition)

   WebMvcAutoConfiguration.WebMvcAutoConfigurationAdapter#requestContextFilter matched:
      - @ConditionalOnMissingBean (types: org.springframework.web.context.request.RequestContextListener,org.springframework.web.filter.RequestContextFilter; SearchStrategy: all) did not find any beans (OnBeanCondition)

   WebMvcAutoConfiguration.WebMvcAutoConfigurationAdapter#viewResolver matched:
      - @ConditionalOnBean (types: org.springframework.web.servlet.ViewResolver; SearchStrategy: all) found beans 'beanNameViewResolver', 'defaultViewResolver', 'mvcViewResolver'; @ConditionalOnMissingBean (names: viewResolver; types: org.springframework.web.servlet.view.ContentNegotiatingViewResolver; SearchStrategy: all) did not find any beans (OnBeanCondition)

   WebMvcAutoConfiguration.WebMvcAutoConfigurationAdapter.FaviconConfiguration matched:
      - @ConditionalOnProperty (spring.mvc.favicon.enabled) matched (OnPropertyCondition)

   WebSocketAutoConfiguration matched:
      - @ConditionalOnClass found required classes 'javax.servlet.Servlet', 'javax.websocket.server.ServerContainer'; @ConditionalOnMissingClass did not find unwanted class (OnClassCondition)
      - @ConditionalOnWebApplication (required) found 'session' scope (OnWebApplicationCondition)

   WebSocketAutoConfiguration.TomcatWebSocketConfiguration matched:
      - @ConditionalOnClass found required classes 'org.apache.catalina.startup.Tomcat', 'org.apache.tomcat.websocket.server.WsSci'; @ConditionalOnMissingClass did not find unwanted class (OnClassCondition)

   WebSocketAutoConfiguration.TomcatWebSocketConfiguration#websocketContainerCustomizer matched:
      - @ConditionalOnJava (1.7 or newer) found 1.8 (OnJavaCondition)
      - @ConditionalOnMissingBean (names: websocketContainerCustomizer; SearchStrategy: all) did not find any beans (OnBeanCondition)


Negative matches:
-----------------

   ActiveMQAutoConfiguration:
      Did not match:
         - @ConditionalOnClass did not find required classes 'javax.jms.ConnectionFactory', 'org.apache.activemq.ActiveMQConnectionFactory' (OnClassCondition)

   AopAutoConfiguration.CglibAutoProxyConfiguration:
      Did not match:
         - @ConditionalOnProperty (spring.aop.proxy-target-class=true) did not find property 'proxy-target-class' (OnPropertyCondition)

   ArtemisAutoConfiguration:
      Did not match:
         - @ConditionalOnClass did not find required classes 'javax.jms.ConnectionFactory', 'org.apache.activemq.artemis.jms.client.ActiveMQConnectionFactory' (OnClassCondition)

   AtomikosJtaConfiguration:
      Did not match:
         - @ConditionalOnClass did not find required class 'com.atomikos.icatch.jta.UserTransactionManager' (OnClassCondition)

   BatchAutoConfiguration:
      Did not match:
         - @ConditionalOnClass did not find required class 'org.springframework.batch.core.launch.JobLauncher' (OnClassCondition)

   BitronixJtaConfiguration:
      Did not match:
         - @ConditionalOnClass did not find required class 'bitronix.tm.jndi.BitronixContext' (OnClassCondition)

   CacheAutoConfiguration:
      Did not match:
         - @ConditionalOnBean (types: org.springframework.cache.interceptor.CacheAspectSupport; SearchStrategy: all) did not find any beans (OnBeanCondition)
      Matched:
         - @ConditionalOnClass found required class 'org.springframework.cache.CacheManager'; @ConditionalOnMissingClass did not find unwanted class (OnClassCondition)

   CacheAutoConfiguration.CacheManagerJpaDependencyConfiguration:
      Did not match:
         - Ancestor org.springframework.boot.autoconfigure.cache.CacheAutoConfiguration did not match (ConditionEvaluationReport.AncestorsMatchedCondition)
      Matched:
         - @ConditionalOnClass found required class 'org.springframework.orm.jpa.LocalContainerEntityManagerFactoryBean'; @ConditionalOnMissingClass did not find unwanted class (OnClassCondition)

   CaffeineCacheConfiguration:
      Did not match:
         - @ConditionalOnClass did not find required classes 'com.github.benmanes.caffeine.cache.Caffeine', 'org.springframework.cache.caffeine.CaffeineCacheManager' (OnClassCondition)

   CassandraAutoConfiguration:
      Did not match:
         - @ConditionalOnClass did not find required class 'com.datastax.driver.core.Cluster' (OnClassCondition)

   CassandraDataAutoConfiguration:
      Did not match:
         - @ConditionalOnClass did not find required classes 'com.datastax.driver.core.Cluster', 'org.springframework.data.cassandra.core.CassandraAdminOperations' (OnClassCondition)

   CassandraRepositoriesAutoConfiguration:
      Did not match:
         - @ConditionalOnClass did not find required classes 'com.datastax.driver.core.Session', 'org.springframework.data.cassandra.repository.CassandraRepository' (OnClassCondition)

   CloudAutoConfiguration:
      Did not match:
         - @ConditionalOnClass did not find required class 'org.springframework.cloud.config.java.CloudScanConfiguration' (OnClassCondition)

   CouchbaseAutoConfiguration:
      Did not match:
         - @ConditionalOnClass did not find required classes 'com.couchbase.client.java.CouchbaseBucket', 'com.couchbase.client.java.Cluster' (OnClassCondition)

   CouchbaseCacheConfiguration:
      Did not match:
         - @ConditionalOnClass did not find required classes 'com.couchbase.client.java.Bucket', 'com.couchbase.client.spring.cache.CouchbaseCacheManager' (OnClassCondition)

   CouchbaseDataAutoConfiguration:
      Did not match:
         - @ConditionalOnClass did not find required classes 'com.couchbase.client.java.Bucket', 'org.springframework.data.couchbase.repository.CouchbaseRepository' (OnClassCondition)

   CouchbaseRepositoriesAutoConfiguration:
      Did not match:
         - @ConditionalOnClass did not find required classes 'com.couchbase.client.java.Bucket', 'org.springframework.data.couchbase.repository.CouchbaseRepository' (OnClassCondition)

   DataSourceAutoConfiguration.EmbeddedDatabaseConfiguration:
      Did not match:
         - EmbeddedDataSource found supported pooled data source (DataSourceAutoConfiguration.EmbeddedDatabaseCondition)

   DataSourceAutoConfiguration.TomcatDataSourceJmxConfiguration:
      Did not match:
         - @ConditionalOnProperty (spring.datasource.jmx-enabled) did not find property 'jmx-enabled' (OnPropertyCondition)
      Matched:
         - @ConditionalOnClass found required class 'org.apache.tomcat.jdbc.pool.DataSourceProxy'; @ConditionalOnMissingClass did not find unwanted class (OnClassCondition)

   DataSourceConfiguration.Dbcp:
      Did not match:
         - @ConditionalOnClass did not find required class 'org.apache.commons.dbcp.BasicDataSource' (OnClassCondition)

   DataSourceConfiguration.Dbcp2:
      Did not match:
         - @ConditionalOnClass did not find required class 'org.apache.commons.dbcp2.BasicDataSource' (OnClassCondition)

   DataSourceConfiguration.Generic:
      Did not match:
         - @ConditionalOnProperty (spring.datasource.type) did not find property 'spring.datasource.type' (OnPropertyCondition)

   DataSourceConfiguration.Hikari:
      Did not match:
         - @ConditionalOnClass did not find required class 'com.zaxxer.hikari.HikariDataSource' (OnClassCondition)

   DataSourcePoolMetadataProvidersConfiguration.CommonsDbcp2PoolDataSourceMetadataProviderConfiguration:
      Did not match:
         - @ConditionalOnClass did not find required class 'org.apache.commons.dbcp2.BasicDataSource' (OnClassCondition)

   DataSourcePoolMetadataProvidersConfiguration.CommonsDbcpPoolDataSourceMetadataProviderConfiguration:
      Did not match:
         - @ConditionalOnClass did not find required class 'org.apache.commons.dbcp.BasicDataSource' (OnClassCondition)

   DataSourcePoolMetadataProvidersConfiguration.HikariPoolDataSourceMetadataProviderConfiguration:
      Did not match:
         - @ConditionalOnClass did not find required class 'com.zaxxer.hikari.HikariDataSource' (OnClassCondition)

   DataSourceTransactionManagerAutoConfiguration.DataSourceTransactionManagerConfiguration#transactionManager:
      Did not match:
         - @ConditionalOnMissingBean (types: org.springframework.transaction.PlatformTransactionManager; SearchStrategy: all) found bean 'transactionManager' (OnBeanCondition)

   DeviceDelegatingViewResolverAutoConfiguration:
      Did not match:
         - @ConditionalOnClass did not find required class 'org.springframework.mobile.device.view.LiteDeviceDelegatingViewResolver' (OnClassCondition)

   DeviceResolverAutoConfiguration:
      Did not match:
         - @ConditionalOnClass did not find required classes 'org.springframework.mobile.device.DeviceResolverHandlerInterceptor', 'org.springframework.mobile.device.DeviceHandlerMethodArgumentResolver' (OnClassCondition)

   DispatcherServletAutoConfiguration.DispatcherServletConfiguration#multipartResolver:
      Did not match:
         - @ConditionalOnBean (types: org.springframework.web.multipart.MultipartResolver; SearchStrategy: all) did not find any beans (OnBeanCondition)

   EhCacheCacheConfiguration:
      Did not match:
         - @ConditionalOnClass did not find required classes 'net.sf.ehcache.Cache', 'org.springframework.cache.ehcache.EhCacheCacheManager' (OnClassCondition)

   ElasticsearchAutoConfiguration:
      Did not match:
         - @ConditionalOnClass did not find required classes 'org.elasticsearch.client.Client', 'org.springframework.data.elasticsearch.client.TransportClientFactoryBean', 'org.springframework.data.elasticsearch.client.NodeClientFactoryBean' (OnClassCondition)

   ElasticsearchDataAutoConfiguration:
      Did not match:
         - @ConditionalOnClass did not find required classes 'org.elasticsearch.client.Client', 'org.springframework.data.elasticsearch.core.ElasticsearchTemplate' (OnClassCondition)

   ElasticsearchRepositoriesAutoConfiguration:
      Did not match:
         - @ConditionalOnClass did not find required classes 'org.elasticsearch.client.Client', 'org.springframework.data.elasticsearch.repository.ElasticsearchRepository' (OnClassCondition)

   EmbeddedLdapAutoConfiguration:
      Did not match:
         - @ConditionalOnClass did not find required class 'com.unboundid.ldap.listener.InMemoryDirectoryServer' (OnClassCondition)

   EmbeddedMongoAutoConfiguration:
      Did not match:
         - @ConditionalOnClass did not find required classes 'com.mongodb.Mongo', 'de.flapdoodle.embed.mongo.MongodStarter' (OnClassCondition)

   EmbeddedServletContainerAutoConfiguration.EmbeddedJetty:
      Did not match:
         - @ConditionalOnClass did not find required classes 'org.eclipse.jetty.server.Server', 'org.eclipse.jetty.util.Loader', 'org.eclipse.jetty.webapp.WebAppContext' (OnClassCondition)

   EmbeddedServletContainerAutoConfiguration.EmbeddedUndertow:
      Did not match:
         - @ConditionalOnClass did not find required classes 'io.undertow.Undertow', 'org.xnio.SslClientAuthMode' (OnClassCondition)

   FacebookAutoConfiguration:
      Did not match:
         - @ConditionalOnClass did not find required classes 'org.springframework.social.config.annotation.SocialConfigurerAdapter', 'org.springframework.social.facebook.connect.FacebookConnectionFactory' (OnClassCondition)

   FallbackWebSecurityAutoConfiguration:
      Did not match:
         - @ConditionalOnClass did not find required class 'org.springframework.security.config.annotation.web.configuration.EnableWebSecurity' (OnClassCondition)

   FlywayAutoConfiguration:
      Did not match:
         - @ConditionalOnClass did not find required class 'org.flywaydb.core.Flyway' (OnClassCondition)

   FreeMarkerAutoConfiguration:
      Did not match:
         - @ConditionalOnClass did not find required classes 'freemarker.template.Configuration', 'org.springframework.ui.freemarker.FreeMarkerConfigurationFactory' (OnClassCondition)

   GroovyTemplateAutoConfiguration:
      Did not match:
         - @ConditionalOnClass did not find required class 'groovy.text.markup.MarkupTemplateEngine' (OnClassCondition)

   GsonHttpMessageConvertersConfiguration.GsonHttpMessageConverterConfiguration:
      Did not match:
         - AnyNestedCondition 0 matched 2 did not; NestedCondition on GsonHttpMessageConvertersConfiguration.PreferGsonOrMissingJacksonCondition.JacksonMissing @ConditionalOnMissingBean (types: org.springframework.http.converter.json.MappingJackson2HttpMessageConverter; SearchStrategy: all) found bean 'mappingJackson2HttpMessageConverter'; NestedCondition on GsonHttpMessageConvertersConfiguration.PreferGsonOrMissingJacksonCondition.GsonPreferred @ConditionalOnProperty (spring.http.converters.preferred-json-mapper=gson) did not find property 'spring.http.converters.preferred-json-mapper' (GsonHttpMessageConvertersConfiguration.PreferGsonOrMissingJacksonCondition)

   GuavaCacheConfiguration:
      Did not match:
         - @ConditionalOnClass did not find required class 'org.springframework.cache.guava.GuavaCacheManager' (OnClassCondition)

   H2ConsoleAutoConfiguration.H2ConsoleSecurityConfiguration:
      Did not match:
         - @ConditionalOnClass did not find required class 'org.springframework.security.config.annotation.web.configuration.WebSecurityConfigurerAdapter' (OnClassCondition)

   HazelcastAutoConfiguration:
      Did not match:
         - @ConditionalOnClass did not find required class 'com.hazelcast.core.HazelcastInstance' (OnClassCondition)

   HazelcastCacheConfiguration:
      Did not match:
         - @ConditionalOnClass did not find required classes 'com.hazelcast.core.HazelcastInstance', 'com.hazelcast.spring.cache.HazelcastCacheManager' (OnClassCondition)

   HazelcastJpaDependencyAutoConfiguration:
      Did not match:
         - @ConditionalOnClass did not find required class 'com.hazelcast.core.HazelcastInstance' (OnClassCondition)

   InfinispanCacheConfiguration:
      Did not match:
         - @ConditionalOnClass did not find required class 'org.infinispan.spring.provider.SpringEmbeddedCacheManager' (OnClassCondition)

   IntegrationAutoConfiguration:
      Did not match:
         - @ConditionalOnClass did not find required class 'org.springframework.integration.config.EnableIntegration' (OnClassCondition)

   JCacheCacheConfiguration:
      Did not match:
         - @ConditionalOnClass did not find required classes 'javax.cache.Caching', 'org.springframework.cache.jcache.JCacheCacheManager' (OnClassCondition)

   JacksonAutoConfiguration.JodaDateTimeJacksonConfiguration:
      Did not match:
         - @ConditionalOnClass did not find required classes 'com.fasterxml.jackson.datatype.joda.ser.DateTimeSerializer', 'com.fasterxml.jackson.datatype.joda.cfg.JacksonJodaDateFormat' (OnClassCondition)

   JacksonAutoConfiguration.ParameterNamesModuleConfiguration:
      Did not match:
         - @ConditionalOnClass did not find required class 'com.fasterxml.jackson.module.paramnames.ParameterNamesModule' (OnClassCondition)

   JacksonHttpMessageConvertersConfiguration.MappingJackson2XmlHttpMessageConverterConfiguration:
      Did not match:
         - @ConditionalOnClass did not find required class 'com.fasterxml.jackson.dataformat.xml.XmlMapper' (OnClassCondition)

   JerseyAutoConfiguration:
      Did not match:
         - @ConditionalOnClass did not find required class 'org.glassfish.jersey.server.spring.SpringComponentProvider' (OnClassCondition)

   JestAutoConfiguration:
      Did not match:
         - @ConditionalOnClass did not find required class 'io.searchbox.client.JestClient' (OnClassCondition)

   JmsAutoConfiguration:
      Did not match:
         - @ConditionalOnClass did not find required classes 'javax.jms.Message', 'org.springframework.jms.core.JmsTemplate' (OnClassCondition)

   JmxAutoConfiguration:
      Did not match:
         - @ConditionalOnProperty (spring.jmx.enabled=true) found different value in property 'enabled' (OnPropertyCondition)
      Matched:
         - @ConditionalOnClass found required class 'org.springframework.jmx.export.MBeanExporter'; @ConditionalOnMissingClass did not find unwanted class (OnClassCondition)

   JndiConnectionFactoryAutoConfiguration:
      Did not match:
         - @ConditionalOnClass did not find required class 'org.springframework.jms.core.JmsTemplate' (OnClassCondition)

   JndiDataSourceAutoConfiguration:
      Did not match:
         - @ConditionalOnProperty (spring.datasource.jndi-name) did not find property 'jndi-name' (OnPropertyCondition)
      Matched:
         - @ConditionalOnClass found required classes 'javax.sql.DataSource', 'org.springframework.jdbc.datasource.embedded.EmbeddedDatabaseType'; @ConditionalOnMissingClass did not find unwanted class (OnClassCondition)

   JndiJtaConfiguration:
      Did not match:
         - @ConditionalOnJndi JNDI environment is not available (OnJndiCondition)
      Matched:
         - @ConditionalOnClass found required class 'org.springframework.transaction.jta.JtaTransactionManager'; @ConditionalOnMissingClass did not find unwanted class (OnClassCondition)

   JooqAutoConfiguration:
      Did not match:
         - @ConditionalOnClass did not find required class 'org.jooq.DSLContext' (OnClassCondition)

   KafkaAutoConfiguration:
      Did not match:
         - @ConditionalOnClass did not find required class 'org.springframework.kafka.core.KafkaTemplate' (OnClassCondition)

   LdapAutoConfiguration:
      Did not match:
         - @ConditionalOnClass did not find required class 'org.springframework.ldap.core.ContextSource' (OnClassCondition)

   LdapDataAutoConfiguration:
      Did not match:
         - @ConditionalOnClass did not find required class 'org.springframework.data.ldap.repository.LdapRepository' (OnClassCondition)

   LdapRepositoriesAutoConfiguration:
      Did not match:
         - @ConditionalOnClass did not find required class 'org.springframework.data.ldap.repository.LdapRepository' (OnClassCondition)

   LinkedInAutoConfiguration:
      Did not match:
         - @ConditionalOnClass did not find required classes 'org.springframework.social.config.annotation.SocialConfigurerAdapter', 'org.springframework.social.linkedin.connect.LinkedInConnectionFactory' (OnClassCondition)

   LiquibaseAutoConfiguration:
      Did not match:
         - @ConditionalOnClass did not find required class 'liquibase.integration.spring.SpringLiquibase' (OnClassCondition)

   MailSenderAutoConfiguration:
      Did not match:
         - @ConditionalOnClass did not find required class 'javax.mail.internet.MimeMessage' (OnClassCondition)

   MailSenderValidatorAutoConfiguration:
      Did not match:
         - @ConditionalOnProperty (spring.mail.test-connection) did not find property 'test-connection' (OnPropertyCondition)

   MongoAutoConfiguration:
      Did not match:
         - @ConditionalOnClass did not find required class 'com.mongodb.MongoClient' (OnClassCondition)

   MongoDataAutoConfiguration:
      Did not match:
         - @ConditionalOnClass did not find required classes 'com.mongodb.Mongo', 'org.springframework.data.mongodb.core.MongoTemplate' (OnClassCondition)

   MongoRepositoriesAutoConfiguration:
      Did not match:
         - @ConditionalOnClass did not find required classes 'com.mongodb.Mongo', 'org.springframework.data.mongodb.repository.MongoRepository' (OnClassCondition)

   MustacheAutoConfiguration:
      Did not match:
         - @ConditionalOnClass did not find required class 'com.samskivert.mustache.Mustache' (OnClassCondition)

   NarayanaJtaConfiguration:
      Did not match:
         - @ConditionalOnClass did not find required classes 'com.arjuna.ats.jta.UserTransaction', 'org.jboss.tm.XAResourceRecoveryRegistry' (OnClassCondition)

   Neo4jDataAutoConfiguration:
      Did not match:
         - @ConditionalOnClass did not find required class 'org.neo4j.ogm.session.SessionFactory' (OnClassCondition)

   Neo4jRepositoriesAutoConfiguration:
      Did not match:
         - @ConditionalOnClass did not find required classes 'org.neo4j.ogm.session.Neo4jSession', 'org.springframework.data.neo4j.repository.GraphRepository' (OnClassCondition)

   OAuth2AutoConfiguration:
      Did not match:
         - @ConditionalOnClass did not find required class 'org.springframework.security.oauth2.common.OAuth2AccessToken' (OnClassCondition)

   ProjectInfoAutoConfiguration#buildProperties:
      Did not match:
         - @ConditionalOnResource did not find resource '${spring.info.build.location:classpath:META-INF/build-info.properties}' (OnResourceCondition)

   ProjectInfoAutoConfiguration#gitProperties:
      Did not match:
         - GitResource did not find git info at classpath:git.properties (ProjectInfoAutoConfiguration.GitResourceAvailableCondition)

   PropertyPlaceholderAutoConfiguration#propertySourcesPlaceholderConfigurer:
      Did not match:
         - @ConditionalOnMissingBean (types: org.springframework.context.support.PropertySourcesPlaceholderConfigurer; SearchStrategy: current) found beans 'propertiesResolver', 'swaggerProperties' (OnBeanCondition)

   RabbitAutoConfiguration:
      Did not match:
         - @ConditionalOnClass did not find required classes 'org.springframework.amqp.rabbit.core.RabbitTemplate', 'com.rabbitmq.client.Channel' (OnClassCondition)

   ReactorAutoConfiguration:
      Did not match:
         - @ConditionalOnClass did not find required classes 'reactor.spring.context.config.EnableReactor', 'reactor.Environment' (OnClassCondition)

   RedisAutoConfiguration:
      Did not match:
         - @ConditionalOnClass did not find required classes 'org.springframework.data.redis.connection.jedis.JedisConnection', 'org.springframework.data.redis.core.RedisOperations', 'redis.clients.jedis.Jedis' (OnClassCondition)

   RedisRepositoriesAutoConfiguration:
      Did not match:
         - @ConditionalOnClass did not find required classes 'redis.clients.jedis.Jedis', 'org.springframework.data.redis.repository.configuration.EnableRedisRepositories' (OnClassCondition)

   RepositoryRestMvcAutoConfiguration:
      Did not match:
         - @ConditionalOnClass did not find required class 'org.springframework.data.rest.webmvc.config.RepositoryRestMvcConfiguration' (OnClassCondition)

   SecurityAutoConfiguration:
      Did not match:
         - @ConditionalOnClass did not find required classes 'org.springframework.security.authentication.AuthenticationManager', 'org.springframework.security.config.annotation.authentication.configurers.GlobalAuthenticationConfigurerAdapter' (OnClassCondition)

   SecurityFilterAutoConfiguration:
      Did not match:
         - @ConditionalOnClass did not find required classes 'org.springframework.security.web.context.AbstractSecurityWebApplicationInitializer', 'org.springframework.security.config.http.SessionCreationPolicy' (OnClassCondition)

   SendGridAutoConfiguration:
      Did not match:
         - @ConditionalOnClass did not find required class 'com.sendgrid.SendGrid' (OnClassCondition)

   SessionAutoConfiguration:
      Did not match:
         - @ConditionalOnClass did not find required class 'org.springframework.session.Session' (OnClassCondition)

   SitePreferenceAutoConfiguration:
      Did not match:
         - @ConditionalOnClass did not find required classes 'org.springframework.mobile.device.site.SitePreferenceHandlerInterceptor', 'org.springframework.mobile.device.site.SitePreferenceHandlerMethodArgumentResolver' (OnClassCondition)

   SocialWebAutoConfiguration:
      Did not match:
         - @ConditionalOnClass did not find required classes 'org.springframework.social.connect.web.ConnectController', 'org.springframework.social.config.annotation.SocialConfigurerAdapter' (OnClassCondition)

   SolrAutoConfiguration:
      Did not match:
         - @ConditionalOnClass did not find required classes 'org.apache.solr.client.solrj.impl.HttpSolrClient', 'org.apache.solr.client.solrj.impl.CloudSolrClient' (OnClassCondition)

   SolrRepositoriesAutoConfiguration:
      Did not match:
         - @ConditionalOnClass did not find required classes 'org.apache.solr.client.solrj.SolrClient', 'org.springframework.data.solr.repository.SolrRepository' (OnClassCondition)

   SpringApplicationAdminJmxAutoConfiguration:
      Did not match:
         - @ConditionalOnProperty (spring.application.admin.enabled=true) did not find property 'enabled' (OnPropertyCondition)

   ThymeleafAutoConfiguration:
      Did not match:
         - @ConditionalOnClass did not find required class 'org.thymeleaf.spring4.SpringTemplateEngine' (OnClassCondition)

   TransactionAutoConfiguration.EnableTransactionManagementConfiguration.JdkDynamicAutoProxyConfiguration:
      Did not match:
         - @ConditionalOnProperty (spring.aop.proxy-target-class=false) did not find property 'proxy-target-class' (OnPropertyCondition)

   TwitterAutoConfiguration:
      Did not match:
         - @ConditionalOnClass did not find required classes 'org.springframework.social.config.annotation.SocialConfigurerAdapter', 'org.springframework.social.twitter.connect.TwitterConnectionFactory' (OnClassCondition)

   WebMvcAutoConfiguration.ResourceChainCustomizerConfiguration:
      Did not match:
         - @ConditionalOnEnabledResourceChain did not find class org.webjars.WebJarAssetLocator (OnEnabledResourceChainCondition)

   WebMvcAutoConfiguration.WebMvcAutoConfigurationAdapter#beanNameViewResolver:
      Did not match:
         - @ConditionalOnMissingBean (types: org.springframework.web.servlet.view.BeanNameViewResolver; SearchStrategy: all) found bean 'beanNameViewResolver' (OnBeanCondition)

   WebMvcAutoConfiguration.WebMvcAutoConfigurationAdapter#dateFormatter:
      Did not match:
         - @ConditionalOnProperty (spring.mvc.date-format) did not find property 'date-format' (OnPropertyCondition)

   WebMvcAutoConfiguration.WebMvcAutoConfigurationAdapter#localeResolver:
      Did not match:
         - @ConditionalOnProperty (spring.mvc.locale) did not find property 'locale' (OnPropertyCondition)

   WebServicesAutoConfiguration:
      Did not match:
         - @ConditionalOnClass did not find required class 'org.springframework.ws.transport.http.MessageDispatcherServlet' (OnClassCondition)

   WebSocketAutoConfiguration.JettyWebSocketConfiguration:
      Did not match:
         - @ConditionalOnClass did not find required class 'org.eclipse.jetty.websocket.jsr356.server.deploy.WebSocketServerContainerInitializer' (OnClassCondition)

   WebSocketAutoConfiguration.UndertowWebSocketConfiguration:
      Did not match:
         - @ConditionalOnClass did not find required class 'io.undertow.websockets.jsr.Bootstrap' (OnClassCondition)

   WebSocketMessagingAutoConfiguration:
      Did not match:
         - @ConditionalOnClass did not find required class 'org.springframework.web.socket.config.annotation.WebSocketMessageBrokerConfigurer' (OnClassCondition)

   XADataSourceAutoConfiguration:
      Did not match:
         - @ConditionalOnBean (types: org.springframework.boot.jta.XADataSourceWrapper; SearchStrategy: all) did not find any beans (OnBeanCondition)
      Matched:
         - @ConditionalOnClass found required classes 'javax.sql.DataSource', 'javax.transaction.TransactionManager', 'org.springframework.jdbc.datasource.embedded.EmbeddedDatabaseType'; @ConditionalOnMissingClass did not find unwanted class (OnClassCondition)


Exclusions:
-----------

    None


Unconditional classes:
----------------------

    org.springframework.boot.autoconfigure.web.WebClientAutoConfiguration

    org.springframework.boot.autoconfigure.context.PropertyPlaceholderAutoConfiguration

    org.springframework.boot.autoconfigure.context.ConfigurationPropertiesAutoConfiguration

    org.springframework.boot.autoconfigure.info.ProjectInfoAutoConfiguration



00:07:31.293 qrouter [Test worker] DEBUG o.s.w.s.resource.ResourceUrlProvider -Looking for resource handler mappings
00:07:31.298 qrouter [Test worker] DEBUG o.s.b.f.s.DefaultListableBeanFactory -Returning cached instance of singleton bean 'resourceHandlerMapping'
00:07:31.299 qrouter [Test worker] DEBUG o.s.b.f.s.DefaultListableBeanFactory -Returning cached instance of singleton bean 'faviconHandlerMapping'
00:07:31.299 qrouter [Test worker] DEBUG o.s.w.s.resource.ResourceUrlProvider -Found resource handler mapping: URL pattern="/**/favicon.ico", locations=[ServletContext resource [/], class path resource [META-INF/resources/], class path resource [resources/], class path resource [static/], class path resource [public/], class path resource []], resolvers=[org.springframework.web.servlet.resource.PathResourceResolver@4d1319]
00:07:31.300 qrouter [Test worker] DEBUG o.s.w.s.resource.ResourceUrlProvider -Found resource handler mapping: URL pattern="/webjars/**", locations=[class path resource [META-INF/resources/webjars/]], resolvers=[org.springframework.web.servlet.resource.PathResourceResolver@1cf06e3]
00:07:31.300 qrouter [Test worker] DEBUG o.s.w.s.resource.ResourceUrlProvider -Found resource handler mapping: URL pattern="/**", locations=[ServletContext resource [/], class path resource [META-INF/resources/], class path resource [resources/], class path resource [static/], class path resource [public/]], resolvers=[org.springframework.web.servlet.resource.PathResourceResolver@1d19542]
00:07:31.300 qrouter [Test worker] INFO  s.d.s.w.p.DocumentationPluginsBootstrapper -Context refreshed
00:07:31.311 qrouter [Test worker] DEBUG o.s.b.f.s.DefaultListableBeanFactory -Returning cached instance of singleton bean 'postsApi'
00:07:31.495 qrouter [Test worker] INFO  s.d.s.w.p.DocumentationPluginsBootstrapper -Found {0} custom documentation plugin(s)
00:07:31.516 qrouter [Test worker] DEBUG o.s.b.f.s.DefaultListableBeanFactory -Returning cached instance of singleton bean 'classOrApiAnnotationResourceGrouping'
00:07:31.534 qrouter [Test worker] INFO  s.d.s.w.s.ApiListingReferenceScanner -Scanning for api listing references
00:07:31.555 qrouter [Test worker] INFO  s.d.s.w.ClassOrApiAnnotationResourceGrouping -Group for method getNearestShop was retail-shop-controller
00:07:31.570 qrouter [Test worker] INFO  s.d.s.w.s.ApiListingReferenceScanner -Request mapping: getNearestShop belongs to groups: [[ResourceGroup{groupName='retail-shop-controller', position=0, controller=shop.retail.controllers.RetailShopController}]] 
00:07:31.572 qrouter [Test worker] INFO  s.d.s.w.ClassOrApiAnnotationResourceGrouping -Group for method getAllShop was retail-shop-controller
00:07:31.573 qrouter [Test worker] INFO  s.d.s.w.s.ApiListingReferenceScanner -Request mapping: getAllShop belongs to groups: [[ResourceGroup{groupName='retail-shop-controller', position=0, controller=shop.retail.controllers.RetailShopController}]] 
00:07:31.574 qrouter [Test worker] INFO  s.d.s.w.ClassOrApiAnnotationResourceGrouping -Group for method addShop was retail-shop-controller
00:07:31.574 qrouter [Test worker] INFO  s.d.s.w.s.ApiListingReferenceScanner -Request mapping: addShop belongs to groups: [[ResourceGroup{groupName='retail-shop-controller', position=0, controller=shop.retail.controllers.RetailShopController}]] 
00:07:31.587 qrouter [Test worker] INFO  s.d.s.w.s.ApiListingReferenceScanner -Created resource listing Path: /public-api/retail-shop-controller Description: retail-shop-controller Position: 0
00:07:31.608 qrouter [Test worker] DEBUG o.s.b.f.s.DefaultListableBeanFactory -Returning cached instance of singleton bean 'operationModelsProvider'
00:07:31.608 qrouter [Test worker] DEBUG o.s.b.f.s.DefaultListableBeanFactory -Returning cached instance of singleton bean 'swaggerOperationModelsProvider'
00:07:31.655 qrouter [Test worker] DEBUG s.d.s.w.r.o.OperationModelsProvider -Adding return parameter of type Lshop/retail/models/Shop;
00:07:31.658 qrouter [Test worker] DEBUG s.d.s.w.r.o.OperationModelsProvider -Reading parameters models for handlerMethod |addShop|
00:07:31.661 qrouter [Test worker] DEBUG s.d.s.w.r.o.OperationModelsProvider -Adding input parameter of type Lshop/retail/models/Shop;
00:07:31.661 qrouter [Test worker] DEBUG s.d.s.w.r.o.OperationModelsProvider -Finished reading parameters models for handlerMethod |addShop|
00:07:31.670 qrouter [Test worker] DEBUG s.d.s.r.o.SwaggerOperationModelsProvider -Reading parameters models for handlerMethod |addShop|
00:07:31.779 qrouter [Test worker] DEBUG s.d.s.p.OptimizedModelPropertiesProvider -Reading property shopId
00:07:31.801 qrouter [Test worker] DEBUG s.d.s.p.bean.BeanModelProperty -Evaluating unwrapped setter for member setShopId
00:07:31.805 qrouter [Test worker] DEBUG s.d.s.p.ObjectMapperBeanPropertyNamingStrategy -Name 'shopId' renamed to 'shopId'
00:07:31.806 qrouter [Test worker] DEBUG s.d.s.p.OptimizedModelPropertiesProvider -Adding property shopId to model
00:07:31.808 qrouter [Test worker] DEBUG s.d.s.p.bean.BeanModelProperty -Evaluating unwrapped setter for member setShopId
00:07:31.809 qrouter [Test worker] DEBUG s.d.s.p.bean.BeanModelProperty -Evaluating unwrapped setter for member setShopId
00:07:31.809 qrouter [Test worker] DEBUG s.d.s.p.bean.BeanModelProperty -Evaluating unwrapped setter for member setShopId
00:07:31.810 qrouter [Test worker] DEBUG s.d.s.p.bean.BeanModelProperty -Evaluating unwrapped setter for member setShopId
00:07:31.816 qrouter [Test worker] DEBUG o.s.b.f.s.DefaultListableBeanFactory -Returning cached instance of singleton bean 'apiModelPropertyPropertyBuilder'
00:07:31.821 qrouter [Test worker] DEBUG s.d.s.p.OptimizedModelPropertiesProvider -Reading property shopName
00:07:31.822 qrouter [Test worker] DEBUG s.d.s.p.bean.BeanModelProperty -Evaluating unwrapped setter for member setShopName
00:07:31.823 qrouter [Test worker] DEBUG s.d.s.p.ObjectMapperBeanPropertyNamingStrategy -Name 'shopName' renamed to 'shopName'
00:07:31.823 qrouter [Test worker] DEBUG s.d.s.p.OptimizedModelPropertiesProvider -Adding property shopName to model
00:07:31.823 qrouter [Test worker] DEBUG s.d.s.p.bean.BeanModelProperty -Evaluating unwrapped setter for member setShopName
00:07:31.823 qrouter [Test worker] DEBUG s.d.s.p.bean.BeanModelProperty -Evaluating unwrapped setter for member setShopName
00:07:31.824 qrouter [Test worker] DEBUG s.d.s.p.bean.BeanModelProperty -Evaluating unwrapped setter for member setShopName
00:07:31.824 qrouter [Test worker] DEBUG s.d.s.p.bean.BeanModelProperty -Evaluating unwrapped setter for member setShopName
00:07:31.824 qrouter [Test worker] DEBUG s.d.s.p.OptimizedModelPropertiesProvider -Reading property shopAddress
00:07:31.825 qrouter [Test worker] DEBUG s.d.s.p.bean.BeanModelProperty -Evaluating unwrapped setter for member setShopAddress
00:07:31.825 qrouter [Test worker] DEBUG s.d.s.p.ObjectMapperBeanPropertyNamingStrategy -Name 'shopAddress' renamed to 'shopAddress'
00:07:31.826 qrouter [Test worker] DEBUG s.d.s.p.OptimizedModelPropertiesProvider -Adding property shopAddress to model
00:07:31.826 qrouter [Test worker] DEBUG s.d.s.p.bean.BeanModelProperty -Evaluating unwrapped setter for member setShopAddress
00:07:31.826 qrouter [Test worker] DEBUG s.d.s.p.bean.BeanModelProperty -Evaluating unwrapped setter for member setShopAddress
00:07:31.826 qrouter [Test worker] DEBUG s.d.s.p.bean.BeanModelProperty -Evaluating unwrapped setter for member setShopAddress
00:07:31.826 qrouter [Test worker] DEBUG s.d.s.p.bean.BeanModelProperty -Evaluating unwrapped setter for member setShopAddress
00:07:31.831 qrouter [Test worker] DEBUG o.s.b.f.s.DefaultListableBeanFactory -Returning cached instance of singleton bean 'apiModelTypeNameProvider'
00:07:31.833 qrouter [Test worker] DEBUG s.d.s.p.OptimizedModelPropertiesProvider -Reading property oldShopAddress
00:07:31.834 qrouter [Test worker] DEBUG s.d.s.p.bean.BeanModelProperty -Evaluating unwrapped setter for member setOldShopAddress
00:07:31.834 qrouter [Test worker] DEBUG s.d.s.p.ObjectMapperBeanPropertyNamingStrategy -Name 'oldShopAddress' renamed to 'oldShopAddress'
00:07:31.834 qrouter [Test worker] DEBUG s.d.s.p.OptimizedModelPropertiesProvider -Adding property oldShopAddress to model
00:07:31.834 qrouter [Test worker] DEBUG s.d.s.p.bean.BeanModelProperty -Evaluating unwrapped setter for member setOldShopAddress
00:07:31.835 qrouter [Test worker] DEBUG s.d.s.p.bean.BeanModelProperty -Evaluating unwrapped setter for member setOldShopAddress
00:07:31.835 qrouter [Test worker] DEBUG s.d.s.p.bean.BeanModelProperty -Evaluating unwrapped setter for member setOldShopAddress
00:07:31.835 qrouter [Test worker] DEBUG s.d.s.p.bean.BeanModelProperty -Evaluating unwrapped setter for member setOldShopAddress
00:07:31.841 qrouter [Test worker] DEBUG s.d.schema.DefaultModelProvider -Inferred 4 properties. Properties found shopId, shopName, shopAddress, oldShopAddress
00:07:31.844 qrouter [Test worker] DEBUG o.s.b.f.s.DefaultListableBeanFactory -Returning cached instance of singleton bean 'apiModelBuilder'
00:07:31.845 qrouter [Test worker] DEBUG s.d.s.web.scanners.ApiModelReader -Generated parameter model id: Shop, name: Shop, schema: {} models
00:07:31.845 qrouter [Test worker] DEBUG s.d.s.web.scanners.ApiModelReader -Adding a new model with key Shop
00:07:31.848 qrouter [Test worker] DEBUG s.d.s.p.OptimizedModelPropertiesProvider -Reading property shopId
00:07:31.849 qrouter [Test worker] DEBUG s.d.s.p.bean.BeanModelProperty -Evaluating unwrapped setter for member setShopId
00:07:31.849 qrouter [Test worker] DEBUG s.d.s.p.ObjectMapperBeanPropertyNamingStrategy -Name 'shopId' renamed to 'shopId'
00:07:31.849 qrouter [Test worker] DEBUG s.d.s.p.OptimizedModelPropertiesProvider -Adding property shopId to model
00:07:31.849 qrouter [Test worker] DEBUG s.d.s.p.bean.BeanModelProperty -Evaluating unwrapped setter for member setShopId
00:07:31.849 qrouter [Test worker] DEBUG s.d.s.p.bean.BeanModelProperty -Evaluating unwrapped setter for member setShopId
00:07:31.850 qrouter [Test worker] DEBUG s.d.s.p.bean.BeanModelProperty -Evaluating unwrapped setter for member setShopId
00:07:31.850 qrouter [Test worker] DEBUG s.d.s.p.bean.BeanModelProperty -Evaluating unwrapped setter for member setShopId
00:07:31.850 qrouter [Test worker] DEBUG s.d.s.p.OptimizedModelPropertiesProvider -Reading property shopName
00:07:31.851 qrouter [Test worker] DEBUG s.d.s.p.bean.BeanModelProperty -Evaluating unwrapped setter for member setShopName
00:07:31.851 qrouter [Test worker] DEBUG s.d.s.p.ObjectMapperBeanPropertyNamingStrategy -Name 'shopName' renamed to 'shopName'
00:07:31.851 qrouter [Test worker] DEBUG s.d.s.p.OptimizedModelPropertiesProvider -Adding property shopName to model
00:07:31.851 qrouter [Test worker] DEBUG s.d.s.p.bean.BeanModelProperty -Evaluating unwrapped setter for member setShopName
00:07:31.851 qrouter [Test worker] DEBUG s.d.s.p.bean.BeanModelProperty -Evaluating unwrapped setter for member setShopName
00:07:31.852 qrouter [Test worker] DEBUG s.d.s.p.bean.BeanModelProperty -Evaluating unwrapped setter for member setShopName
00:07:31.852 qrouter [Test worker] DEBUG s.d.s.p.bean.BeanModelProperty -Evaluating unwrapped setter for member setShopName
00:07:31.852 qrouter [Test worker] DEBUG s.d.s.p.OptimizedModelPropertiesProvider -Reading property shopAddress
00:07:31.853 qrouter [Test worker] DEBUG s.d.s.p.bean.BeanModelProperty -Evaluating unwrapped setter for member setShopAddress
00:07:31.853 qrouter [Test worker] DEBUG s.d.s.p.ObjectMapperBeanPropertyNamingStrategy -Name 'shopAddress' renamed to 'shopAddress'
00:07:31.853 qrouter [Test worker] DEBUG s.d.s.p.OptimizedModelPropertiesProvider -Adding property shopAddress to model
00:07:31.853 qrouter [Test worker] DEBUG s.d.s.p.bean.BeanModelProperty -Evaluating unwrapped setter for member setShopAddress
00:07:31.853 qrouter [Test worker] DEBUG s.d.s.p.bean.BeanModelProperty -Evaluating unwrapped setter for member setShopAddress
00:07:31.854 qrouter [Test worker] DEBUG s.d.s.p.bean.BeanModelProperty -Evaluating unwrapped setter for member setShopAddress
00:07:31.854 qrouter [Test worker] DEBUG s.d.s.p.bean.BeanModelProperty -Evaluating unwrapped setter for member setShopAddress
00:07:31.854 qrouter [Test worker] DEBUG s.d.s.p.OptimizedModelPropertiesProvider -Reading property oldShopAddress
00:07:31.855 qrouter [Test worker] DEBUG s.d.s.p.bean.BeanModelProperty -Evaluating unwrapped setter for member setOldShopAddress
00:07:31.855 qrouter [Test worker] DEBUG s.d.s.p.ObjectMapperBeanPropertyNamingStrategy -Name 'oldShopAddress' renamed to 'oldShopAddress'
00:07:31.855 qrouter [Test worker] DEBUG s.d.s.p.OptimizedModelPropertiesProvider -Adding property oldShopAddress to model
00:07:31.856 qrouter [Test worker] DEBUG s.d.s.p.bean.BeanModelProperty -Evaluating unwrapped setter for member setOldShopAddress
00:07:31.856 qrouter [Test worker] DEBUG s.d.s.p.bean.BeanModelProperty -Evaluating unwrapped setter for member setOldShopAddress
00:07:31.856 qrouter [Test worker] DEBUG s.d.s.p.bean.BeanModelProperty -Evaluating unwrapped setter for member setOldShopAddress
00:07:31.857 qrouter [Test worker] DEBUG s.d.s.p.bean.BeanModelProperty -Evaluating unwrapped setter for member setOldShopAddress
00:07:31.860 qrouter [Test worker] DEBUG s.d.schema.ModelDependencyProvider -Adding type Lshop/retail/models/ShopAddress; for parameter shopAddress
00:07:31.860 qrouter [Test worker] DEBUG s.d.schema.ModelDependencyProvider -Recursively resolving dependencies for type Lshop/retail/models/ShopAddress;
00:07:31.863 qrouter [Test worker] DEBUG s.d.s.p.OptimizedModelPropertiesProvider -Reading property number
00:07:31.864 qrouter [Test worker] DEBUG s.d.s.p.bean.BeanModelProperty -Evaluating unwrapped setter for member setNumber
00:07:31.865 qrouter [Test worker] DEBUG s.d.s.p.ObjectMapperBeanPropertyNamingStrategy -Name 'number' renamed to 'number'
00:07:31.865 qrouter [Test worker] DEBUG s.d.s.p.OptimizedModelPropertiesProvider -Adding property number to model
00:07:31.865 qrouter [Test worker] DEBUG s.d.s.p.bean.BeanModelProperty -Evaluating unwrapped setter for member setNumber
00:07:31.865 qrouter [Test worker] DEBUG s.d.s.p.bean.BeanModelProperty -Evaluating unwrapped setter for member setNumber
00:07:31.865 qrouter [Test worker] DEBUG s.d.s.p.bean.BeanModelProperty -Evaluating unwrapped setter for member setNumber
00:07:31.866 qrouter [Test worker] DEBUG s.d.s.p.bean.BeanModelProperty -Evaluating unwrapped setter for member setNumber
00:07:31.867 qrouter [Test worker] DEBUG s.d.s.p.OptimizedModelPropertiesProvider -Reading property postCode
00:07:31.867 qrouter [Test worker] DEBUG s.d.s.p.bean.BeanModelProperty -Evaluating unwrapped setter for member setPostCode
00:07:31.868 qrouter [Test worker] DEBUG s.d.s.p.ObjectMapperBeanPropertyNamingStrategy -Name 'postCode' renamed to 'postCode'
00:07:31.868 qrouter [Test worker] DEBUG s.d.s.p.OptimizedModelPropertiesProvider -Adding property postCode to model
00:07:31.868 qrouter [Test worker] DEBUG s.d.s.p.bean.BeanModelProperty -Evaluating unwrapped setter for member setPostCode
00:07:31.868 qrouter [Test worker] DEBUG s.d.s.p.bean.BeanModelProperty -Evaluating unwrapped setter for member setPostCode
00:07:31.869 qrouter [Test worker] DEBUG s.d.s.p.bean.BeanModelProperty -Evaluating unwrapped setter for member setPostCode
00:07:31.869 qrouter [Test worker] DEBUG s.d.s.p.bean.BeanModelProperty -Evaluating unwrapped setter for member setPostCode
00:07:31.869 qrouter [Test worker] DEBUG s.d.s.p.OptimizedModelPropertiesProvider -Reading property shopLatitude
00:07:31.870 qrouter [Test worker] DEBUG s.d.s.p.bean.BeanModelProperty -Evaluating unwrapped setter for member setShopLatitude
00:07:31.871 qrouter [Test worker] DEBUG s.d.s.p.ObjectMapperBeanPropertyNamingStrategy -Name 'shopLatitude' renamed to 'shopLatitude'
00:07:31.871 qrouter [Test worker] DEBUG s.d.s.p.OptimizedModelPropertiesProvider -Adding property shopLatitude to model
00:07:31.871 qrouter [Test worker] DEBUG s.d.s.p.bean.BeanModelProperty -Evaluating unwrapped setter for member setShopLatitude
00:07:31.871 qrouter [Test worker] DEBUG s.d.s.p.bean.BeanModelProperty -Evaluating unwrapped setter for member setShopLatitude
00:07:31.872 qrouter [Test worker] DEBUG s.d.s.p.bean.BeanModelProperty -Evaluating unwrapped setter for member setShopLatitude
00:07:31.872 qrouter [Test worker] DEBUG s.d.s.p.bean.BeanModelProperty -Evaluating unwrapped setter for member setShopLatitude
00:07:31.872 qrouter [Test worker] DEBUG s.d.s.p.OptimizedModelPropertiesProvider -Reading property shopLongitude
00:07:31.873 qrouter [Test worker] DEBUG s.d.s.p.bean.BeanModelProperty -Evaluating unwrapped setter for member setShopLongitude
00:07:31.874 qrouter [Test worker] DEBUG s.d.s.p.ObjectMapperBeanPropertyNamingStrategy -Name 'shopLongitude' renamed to 'shopLongitude'
00:07:31.874 qrouter [Test worker] DEBUG s.d.s.p.OptimizedModelPropertiesProvider -Adding property shopLongitude to model
00:07:31.874 qrouter [Test worker] DEBUG s.d.s.p.bean.BeanModelProperty -Evaluating unwrapped setter for member setShopLongitude
00:07:31.874 qrouter [Test worker] DEBUG s.d.s.p.bean.BeanModelProperty -Evaluating unwrapped setter for member setShopLongitude
00:07:31.874 qrouter [Test worker] DEBUG s.d.s.p.bean.BeanModelProperty -Evaluating unwrapped setter for member setShopLongitude
00:07:31.875 qrouter [Test worker] DEBUG s.d.s.p.bean.BeanModelProperty -Evaluating unwrapped setter for member setShopLongitude
00:07:31.875 qrouter [Test worker] DEBUG s.d.schema.ModelDependencyProvider -Adding type Lshop/retail/models/ShopAddress; for parameter oldShopAddress
00:07:31.876 qrouter [Test worker] DEBUG s.d.schema.ModelDependencyProvider -Recursively resolving dependencies for type Lshop/retail/models/ShopAddress;
00:07:31.878 qrouter [Test worker] DEBUG s.d.s.p.OptimizedModelPropertiesProvider -Reading property number
00:07:31.879 qrouter [Test worker] DEBUG s.d.s.p.bean.BeanModelProperty -Evaluating unwrapped setter for member setNumber
00:07:31.879 qrouter [Test worker] DEBUG s.d.s.p.ObjectMapperBeanPropertyNamingStrategy -Name 'number' renamed to 'number'
00:07:31.879 qrouter [Test worker] DEBUG s.d.s.p.OptimizedModelPropertiesProvider -Adding property number to model
00:07:31.879 qrouter [Test worker] DEBUG s.d.s.p.bean.BeanModelProperty -Evaluating unwrapped setter for member setNumber
00:07:31.880 qrouter [Test worker] DEBUG s.d.s.p.bean.BeanModelProperty -Evaluating unwrapped setter for member setNumber
00:07:31.880 qrouter [Test worker] DEBUG s.d.s.p.bean.BeanModelProperty -Evaluating unwrapped setter for member setNumber
00:07:31.880 qrouter [Test worker] DEBUG s.d.s.p.bean.BeanModelProperty -Evaluating unwrapped setter for member setNumber
00:07:31.880 qrouter [Test worker] DEBUG s.d.s.p.OptimizedModelPropertiesProvider -Reading property postCode
00:07:31.881 qrouter [Test worker] DEBUG s.d.s.p.bean.BeanModelProperty -Evaluating unwrapped setter for member setPostCode
00:07:31.881 qrouter [Test worker] DEBUG s.d.s.p.ObjectMapperBeanPropertyNamingStrategy -Name 'postCode' renamed to 'postCode'
00:07:31.882 qrouter [Test worker] DEBUG s.d.s.p.OptimizedModelPropertiesProvider -Adding property postCode to model
00:07:31.882 qrouter [Test worker] DEBUG s.d.s.p.bean.BeanModelProperty -Evaluating unwrapped setter for member setPostCode
00:07:31.882 qrouter [Test worker] DEBUG s.d.s.p.bean.BeanModelProperty -Evaluating unwrapped setter for member setPostCode
00:07:31.882 qrouter [Test worker] DEBUG s.d.s.p.bean.BeanModelProperty -Evaluating unwrapped setter for member setPostCode
00:07:31.882 qrouter [Test worker] DEBUG s.d.s.p.bean.BeanModelProperty -Evaluating unwrapped setter for member setPostCode
00:07:31.883 qrouter [Test worker] DEBUG s.d.s.p.OptimizedModelPropertiesProvider -Reading property shopLatitude
00:07:31.884 qrouter [Test worker] DEBUG s.d.s.p.bean.BeanModelProperty -Evaluating unwrapped setter for member setShopLatitude
00:07:31.884 qrouter [Test worker] DEBUG s.d.s.p.ObjectMapperBeanPropertyNamingStrategy -Name 'shopLatitude' renamed to 'shopLatitude'
00:07:31.884 qrouter [Test worker] DEBUG s.d.s.p.OptimizedModelPropertiesProvider -Adding property shopLatitude to model
00:07:31.884 qrouter [Test worker] DEBUG s.d.s.p.bean.BeanModelProperty -Evaluating unwrapped setter for member setShopLatitude
00:07:31.885 qrouter [Test worker] DEBUG s.d.s.p.bean.BeanModelProperty -Evaluating unwrapped setter for member setShopLatitude
00:07:31.885 qrouter [Test worker] DEBUG s.d.s.p.bean.BeanModelProperty -Evaluating unwrapped setter for member setShopLatitude
00:07:31.885 qrouter [Test worker] DEBUG s.d.s.p.bean.BeanModelProperty -Evaluating unwrapped setter for member setShopLatitude
00:07:31.886 qrouter [Test worker] DEBUG s.d.s.p.OptimizedModelPropertiesProvider -Reading property shopLongitude
00:07:31.886 qrouter [Test worker] DEBUG s.d.s.p.bean.BeanModelProperty -Evaluating unwrapped setter for member setShopLongitude
00:07:31.887 qrouter [Test worker] DEBUG s.d.s.p.ObjectMapperBeanPropertyNamingStrategy -Name 'shopLongitude' renamed to 'shopLongitude'
00:07:31.887 qrouter [Test worker] DEBUG s.d.s.p.OptimizedModelPropertiesProvider -Adding property shopLongitude to model
00:07:31.887 qrouter [Test worker] DEBUG s.d.s.p.bean.BeanModelProperty -Evaluating unwrapped setter for member setShopLongitude
00:07:31.887 qrouter [Test worker] DEBUG s.d.s.p.bean.BeanModelProperty -Evaluating unwrapped setter for member setShopLongitude
00:07:31.887 qrouter [Test worker] DEBUG s.d.s.p.bean.BeanModelProperty -Evaluating unwrapped setter for member setShopLongitude
00:07:31.887 qrouter [Test worker] DEBUG s.d.s.p.bean.BeanModelProperty -Evaluating unwrapped setter for member setShopLongitude
00:07:31.896 qrouter [Test worker] DEBUG s.d.s.p.OptimizedModelPropertiesProvider -Reading property number
00:07:31.897 qrouter [Test worker] DEBUG s.d.s.p.bean.BeanModelProperty -Evaluating unwrapped setter for member setNumber
00:07:31.898 qrouter [Test worker] DEBUG s.d.s.p.ObjectMapperBeanPropertyNamingStrategy -Name 'number' renamed to 'number'
00:07:31.898 qrouter [Test worker] DEBUG s.d.s.p.OptimizedModelPropertiesProvider -Adding property number to model
00:07:31.898 qrouter [Test worker] DEBUG s.d.s.p.bean.BeanModelProperty -Evaluating unwrapped setter for member setNumber
00:07:31.899 qrouter [Test worker] DEBUG s.d.s.p.bean.BeanModelProperty -Evaluating unwrapped setter for member setNumber
00:07:31.899 qrouter [Test worker] DEBUG s.d.s.p.bean.BeanModelProperty -Evaluating unwrapped setter for member setNumber
00:07:31.899 qrouter [Test worker] DEBUG s.d.s.p.bean.BeanModelProperty -Evaluating unwrapped setter for member setNumber
00:07:31.900 qrouter [Test worker] DEBUG s.d.s.p.OptimizedModelPropertiesProvider -Reading property postCode
00:07:31.900 qrouter [Test worker] DEBUG s.d.s.p.bean.BeanModelProperty -Evaluating unwrapped setter for member setPostCode
00:07:31.901 qrouter [Test worker] DEBUG s.d.s.p.ObjectMapperBeanPropertyNamingStrategy -Name 'postCode' renamed to 'postCode'
00:07:31.901 qrouter [Test worker] DEBUG s.d.s.p.OptimizedModelPropertiesProvider -Adding property postCode to model
00:07:31.901 qrouter [Test worker] DEBUG s.d.s.p.bean.BeanModelProperty -Evaluating unwrapped setter for member setPostCode
00:07:31.901 qrouter [Test worker] DEBUG s.d.s.p.bean.BeanModelProperty -Evaluating unwrapped setter for member setPostCode
00:07:31.901 qrouter [Test worker] DEBUG s.d.s.p.bean.BeanModelProperty -Evaluating unwrapped setter for member setPostCode
00:07:31.902 qrouter [Test worker] DEBUG s.d.s.p.bean.BeanModelProperty -Evaluating unwrapped setter for member setPostCode
00:07:31.902 qrouter [Test worker] DEBUG s.d.s.p.OptimizedModelPropertiesProvider -Reading property shopLatitude
00:07:31.903 qrouter [Test worker] DEBUG s.d.s.p.bean.BeanModelProperty -Evaluating unwrapped setter for member setShopLatitude
00:07:31.903 qrouter [Test worker] DEBUG s.d.s.p.ObjectMapperBeanPropertyNamingStrategy -Name 'shopLatitude' renamed to 'shopLatitude'
00:07:31.904 qrouter [Test worker] DEBUG s.d.s.p.OptimizedModelPropertiesProvider -Adding property shopLatitude to model
00:07:31.904 qrouter [Test worker] DEBUG s.d.s.p.bean.BeanModelProperty -Evaluating unwrapped setter for member setShopLatitude
00:07:31.904 qrouter [Test worker] DEBUG s.d.s.p.bean.BeanModelProperty -Evaluating unwrapped setter for member setShopLatitude
00:07:31.904 qrouter [Test worker] DEBUG s.d.s.p.bean.BeanModelProperty -Evaluating unwrapped setter for member setShopLatitude
00:07:31.905 qrouter [Test worker] DEBUG s.d.s.p.bean.BeanModelProperty -Evaluating unwrapped setter for member setShopLatitude
00:07:31.905 qrouter [Test worker] DEBUG s.d.s.p.OptimizedModelPropertiesProvider -Reading property shopLongitude
00:07:31.906 qrouter [Test worker] DEBUG s.d.s.p.bean.BeanModelProperty -Evaluating unwrapped setter for member setShopLongitude
00:07:31.906 qrouter [Test worker] DEBUG s.d.s.p.ObjectMapperBeanPropertyNamingStrategy -Name 'shopLongitude' renamed to 'shopLongitude'
00:07:31.907 qrouter [Test worker] DEBUG s.d.s.p.OptimizedModelPropertiesProvider -Adding property shopLongitude to model
00:07:31.907 qrouter [Test worker] DEBUG s.d.s.p.bean.BeanModelProperty -Evaluating unwrapped setter for member setShopLongitude
00:07:31.907 qrouter [Test worker] DEBUG s.d.s.p.bean.BeanModelProperty -Evaluating unwrapped setter for member setShopLongitude
00:07:31.907 qrouter [Test worker] DEBUG s.d.s.p.bean.BeanModelProperty -Evaluating unwrapped setter for member setShopLongitude
00:07:31.908 qrouter [Test worker] DEBUG s.d.s.p.bean.BeanModelProperty -Evaluating unwrapped setter for member setShopLongitude
00:07:31.908 qrouter [Test worker] DEBUG s.d.schema.DefaultModelProvider -Inferred 4 properties. Properties found number, postCode, shopLatitude, shopLongitude
00:07:31.909 qrouter [Test worker] DEBUG s.d.s.web.scanners.ApiModelReader -Adding a new model with key ShopAddress
00:07:31.911 qrouter [Test worker] DEBUG s.d.s.p.OptimizedModelPropertiesProvider -Reading property shopId
00:07:31.912 qrouter [Test worker] DEBUG s.d.s.p.bean.BeanModelProperty -Evaluating unwrapped getter for member getShopId
00:07:31.912 qrouter [Test worker] DEBUG s.d.s.p.ObjectMapperBeanPropertyNamingStrategy -Name 'shopId' renamed to 'shopId'
00:07:31.912 qrouter [Test worker] DEBUG s.d.s.p.OptimizedModelPropertiesProvider -Adding property shopId to model
00:07:31.913 qrouter [Test worker] DEBUG s.d.s.p.bean.BeanModelProperty -Evaluating unwrapped getter for member getShopId
00:07:31.913 qrouter [Test worker] DEBUG s.d.s.p.bean.BeanModelProperty -Evaluating unwrapped getter for member getShopId
00:07:31.913 qrouter [Test worker] DEBUG s.d.s.p.bean.BeanModelProperty -Evaluating unwrapped getter for member getShopId
00:07:31.914 qrouter [Test worker] DEBUG s.d.s.p.bean.BeanModelProperty -Evaluating unwrapped getter for member getShopId
00:07:31.914 qrouter [Test worker] DEBUG s.d.s.p.OptimizedModelPropertiesProvider -Reading property shopName
00:07:31.915 qrouter [Test worker] DEBUG s.d.s.p.bean.BeanModelProperty -Evaluating unwrapped getter for member getShopName
00:07:31.915 qrouter [Test worker] DEBUG s.d.s.p.ObjectMapperBeanPropertyNamingStrategy -Name 'shopName' renamed to 'shopName'
00:07:31.915 qrouter [Test worker] DEBUG s.d.s.p.OptimizedModelPropertiesProvider -Adding property shopName to model
00:07:31.915 qrouter [Test worker] DEBUG s.d.s.p.bean.BeanModelProperty -Evaluating unwrapped getter for member getShopName
00:07:31.916 qrouter [Test worker] DEBUG s.d.s.p.bean.BeanModelProperty -Evaluating unwrapped getter for member getShopName
00:07:31.916 qrouter [Test worker] DEBUG s.d.s.p.bean.BeanModelProperty -Evaluating unwrapped getter for member getShopName
00:07:31.916 qrouter [Test worker] DEBUG s.d.s.p.bean.BeanModelProperty -Evaluating unwrapped getter for member getShopName
00:07:31.917 qrouter [Test worker] DEBUG s.d.s.p.OptimizedModelPropertiesProvider -Reading property shopAddress
00:07:31.918 qrouter [Test worker] DEBUG s.d.s.p.bean.BeanModelProperty -Evaluating unwrapped getter for member getShopAddress
00:07:31.918 qrouter [Test worker] DEBUG s.d.s.p.ObjectMapperBeanPropertyNamingStrategy -Name 'shopAddress' renamed to 'shopAddress'
00:07:31.918 qrouter [Test worker] DEBUG s.d.s.p.OptimizedModelPropertiesProvider -Adding property shopAddress to model
00:07:31.918 qrouter [Test worker] DEBUG s.d.s.p.bean.BeanModelProperty -Evaluating unwrapped getter for member getShopAddress
00:07:31.919 qrouter [Test worker] DEBUG s.d.s.p.bean.BeanModelProperty -Evaluating unwrapped getter for member getShopAddress
00:07:31.919 qrouter [Test worker] DEBUG s.d.s.p.bean.BeanModelProperty -Evaluating unwrapped getter for member getShopAddress
00:07:31.919 qrouter [Test worker] DEBUG s.d.s.p.bean.BeanModelProperty -Evaluating unwrapped getter for member getShopAddress
00:07:31.920 qrouter [Test worker] DEBUG s.d.s.p.OptimizedModelPropertiesProvider -Reading property oldShopAddress
00:07:31.920 qrouter [Test worker] DEBUG s.d.s.p.bean.BeanModelProperty -Evaluating unwrapped getter for member getOldShopAddress
00:07:31.921 qrouter [Test worker] DEBUG s.d.s.p.ObjectMapperBeanPropertyNamingStrategy -Name 'oldShopAddress' renamed to 'oldShopAddress'
00:07:31.921 qrouter [Test worker] DEBUG s.d.s.p.OptimizedModelPropertiesProvider -Adding property oldShopAddress to model
00:07:31.921 qrouter [Test worker] DEBUG s.d.s.p.bean.BeanModelProperty -Evaluating unwrapped getter for member getOldShopAddress
00:07:31.922 qrouter [Test worker] DEBUG s.d.s.p.bean.BeanModelProperty -Evaluating unwrapped getter for member getOldShopAddress
00:07:31.922 qrouter [Test worker] DEBUG s.d.s.p.bean.BeanModelProperty -Evaluating unwrapped getter for member getOldShopAddress
00:07:31.922 qrouter [Test worker] DEBUG s.d.s.p.bean.BeanModelProperty -Evaluating unwrapped getter for member getOldShopAddress
00:07:31.923 qrouter [Test worker] DEBUG s.d.schema.DefaultModelProvider -Inferred 4 properties. Properties found shopId, shopName, shopAddress, oldShopAddress
00:07:31.923 qrouter [Test worker] DEBUG s.d.s.web.scanners.ApiModelReader -Generated parameter model id: Shop, name: Shop, schema: {} models
00:07:31.925 qrouter [Test worker] DEBUG s.d.s.p.OptimizedModelPropertiesProvider -Reading property shopId
00:07:31.926 qrouter [Test worker] DEBUG s.d.s.p.bean.BeanModelProperty -Evaluating unwrapped getter for member getShopId
00:07:31.926 qrouter [Test worker] DEBUG s.d.s.p.ObjectMapperBeanPropertyNamingStrategy -Name 'shopId' renamed to 'shopId'
00:07:31.926 qrouter [Test worker] DEBUG s.d.s.p.OptimizedModelPropertiesProvider -Adding property shopId to model
00:07:31.926 qrouter [Test worker] DEBUG s.d.s.p.bean.BeanModelProperty -Evaluating unwrapped getter for member getShopId
00:07:31.927 qrouter [Test worker] DEBUG s.d.s.p.bean.BeanModelProperty -Evaluating unwrapped getter for member getShopId
00:07:31.927 qrouter [Test worker] DEBUG s.d.s.p.bean.BeanModelProperty -Evaluating unwrapped getter for member getShopId
00:07:31.927 qrouter [Test worker] DEBUG s.d.s.p.bean.BeanModelProperty -Evaluating unwrapped getter for member getShopId
00:07:31.928 qrouter [Test worker] DEBUG s.d.s.p.OptimizedModelPropertiesProvider -Reading property shopName
00:07:31.928 qrouter [Test worker] DEBUG s.d.s.p.bean.BeanModelProperty -Evaluating unwrapped getter for member getShopName
00:07:31.929 qrouter [Test worker] DEBUG s.d.s.p.ObjectMapperBeanPropertyNamingStrategy -Name 'shopName' renamed to 'shopName'
00:07:31.929 qrouter [Test worker] DEBUG s.d.s.p.OptimizedModelPropertiesProvider -Adding property shopName to model
00:07:31.929 qrouter [Test worker] DEBUG s.d.s.p.bean.BeanModelProperty -Evaluating unwrapped getter for member getShopName
00:07:31.929 qrouter [Test worker] DEBUG s.d.s.p.bean.BeanModelProperty -Evaluating unwrapped getter for member getShopName
00:07:31.930 qrouter [Test worker] DEBUG s.d.s.p.bean.BeanModelProperty -Evaluating unwrapped getter for member getShopName
00:07:31.930 qrouter [Test worker] DEBUG s.d.s.p.bean.BeanModelProperty -Evaluating unwrapped getter for member getShopName
00:07:31.930 qrouter [Test worker] DEBUG s.d.s.p.OptimizedModelPropertiesProvider -Reading property shopAddress
00:07:31.931 qrouter [Test worker] DEBUG s.d.s.p.bean.BeanModelProperty -Evaluating unwrapped getter for member getShopAddress
00:07:31.932 qrouter [Test worker] DEBUG s.d.s.p.ObjectMapperBeanPropertyNamingStrategy -Name 'shopAddress' renamed to 'shopAddress'
00:07:31.932 qrouter [Test worker] DEBUG s.d.s.p.OptimizedModelPropertiesProvider -Adding property shopAddress to model
00:07:31.932 qrouter [Test worker] DEBUG s.d.s.p.bean.BeanModelProperty -Evaluating unwrapped getter for member getShopAddress
00:07:31.932 qrouter [Test worker] DEBUG s.d.s.p.bean.BeanModelProperty -Evaluating unwrapped getter for member getShopAddress
00:07:31.933 qrouter [Test worker] DEBUG s.d.s.p.bean.BeanModelProperty -Evaluating unwrapped getter for member getShopAddress
00:07:31.933 qrouter [Test worker] DEBUG s.d.s.p.bean.BeanModelProperty -Evaluating unwrapped getter for member getShopAddress
00:07:31.933 qrouter [Test worker] DEBUG s.d.s.p.OptimizedModelPropertiesProvider -Reading property oldShopAddress
00:07:31.934 qrouter [Test worker] DEBUG s.d.s.p.bean.BeanModelProperty -Evaluating unwrapped getter for member getOldShopAddress
00:07:31.934 qrouter [Test worker] DEBUG s.d.s.p.ObjectMapperBeanPropertyNamingStrategy -Name 'oldShopAddress' renamed to 'oldShopAddress'
00:07:31.935 qrouter [Test worker] DEBUG s.d.s.p.OptimizedModelPropertiesProvider -Adding property oldShopAddress to model
00:07:31.935 qrouter [Test worker] DEBUG s.d.s.p.bean.BeanModelProperty -Evaluating unwrapped getter for member getOldShopAddress
00:07:31.935 qrouter [Test worker] DEBUG s.d.s.p.bean.BeanModelProperty -Evaluating unwrapped getter for member getOldShopAddress
00:07:31.936 qrouter [Test worker] DEBUG s.d.s.p.bean.BeanModelProperty -Evaluating unwrapped getter for member getOldShopAddress
00:07:31.936 qrouter [Test worker] DEBUG s.d.s.p.bean.BeanModelProperty -Evaluating unwrapped getter for member getOldShopAddress
00:07:31.937 qrouter [Test worker] DEBUG s.d.schema.ModelDependencyProvider -Adding type Lshop/retail/models/ShopAddress; for parameter shopAddress
00:07:31.937 qrouter [Test worker] DEBUG s.d.schema.ModelDependencyProvider -Recursively resolving dependencies for type Lshop/retail/models/ShopAddress;
00:07:31.940 qrouter [Test worker] DEBUG s.d.s.p.OptimizedModelPropertiesProvider -Reading property number
00:07:31.940 qrouter [Test worker] DEBUG s.d.s.p.bean.BeanModelProperty -Evaluating unwrapped getter for member getNumber
00:07:31.941 qrouter [Test worker] DEBUG s.d.s.p.ObjectMapperBeanPropertyNamingStrategy -Name 'number' renamed to 'number'
00:07:31.941 qrouter [Test worker] DEBUG s.d.s.p.OptimizedModelPropertiesProvider -Adding property number to model
00:07:31.941 qrouter [Test worker] DEBUG s.d.s.p.bean.BeanModelProperty -Evaluating unwrapped getter for member getNumber
00:07:31.941 qrouter [Test worker] DEBUG s.d.s.p.bean.BeanModelProperty -Evaluating unwrapped getter for member getNumber
00:07:31.942 qrouter [Test worker] DEBUG s.d.s.p.bean.BeanModelProperty -Evaluating unwrapped getter for member getNumber
00:07:31.942 qrouter [Test worker] DEBUG s.d.s.p.bean.BeanModelProperty -Evaluating unwrapped getter for member getNumber
00:07:31.943 qrouter [Test worker] DEBUG s.d.s.p.OptimizedModelPropertiesProvider -Reading property postCode
00:07:31.943 qrouter [Test worker] DEBUG s.d.s.p.bean.BeanModelProperty -Evaluating unwrapped getter for member getPostCode
00:07:31.944 qrouter [Test worker] DEBUG s.d.s.p.ObjectMapperBeanPropertyNamingStrategy -Name 'postCode' renamed to 'postCode'
00:07:31.944 qrouter [Test worker] DEBUG s.d.s.p.OptimizedModelPropertiesProvider -Adding property postCode to model
00:07:31.944 qrouter [Test worker] DEBUG s.d.s.p.bean.BeanModelProperty -Evaluating unwrapped getter for member getPostCode
00:07:31.944 qrouter [Test worker] DEBUG s.d.s.p.bean.BeanModelProperty -Evaluating unwrapped getter for member getPostCode
00:07:31.945 qrouter [Test worker] DEBUG s.d.s.p.bean.BeanModelProperty -Evaluating unwrapped getter for member getPostCode
00:07:31.945 qrouter [Test worker] DEBUG s.d.s.p.bean.BeanModelProperty -Evaluating unwrapped getter for member getPostCode
00:07:31.945 qrouter [Test worker] DEBUG s.d.s.p.OptimizedModelPropertiesProvider -Reading property shopLatitude
00:07:31.946 qrouter [Test worker] DEBUG s.d.s.p.bean.BeanModelProperty -Evaluating unwrapped getter for member getShopLatitude
00:07:31.947 qrouter [Test worker] DEBUG s.d.s.p.ObjectMapperBeanPropertyNamingStrategy -Name 'shopLatitude' renamed to 'shopLatitude'
00:07:31.947 qrouter [Test worker] DEBUG s.d.s.p.OptimizedModelPropertiesProvider -Adding property shopLatitude to model
00:07:31.947 qrouter [Test worker] DEBUG s.d.s.p.bean.BeanModelProperty -Evaluating unwrapped getter for member getShopLatitude
00:07:31.947 qrouter [Test worker] DEBUG s.d.s.p.bean.BeanModelProperty -Evaluating unwrapped getter for member getShopLatitude
00:07:31.947 qrouter [Test worker] DEBUG s.d.s.p.bean.BeanModelProperty -Evaluating unwrapped getter for member getShopLatitude
00:07:31.948 qrouter [Test worker] DEBUG s.d.s.p.bean.BeanModelProperty -Evaluating unwrapped getter for member getShopLatitude
00:07:31.948 qrouter [Test worker] DEBUG s.d.s.p.OptimizedModelPropertiesProvider -Reading property shopLongitude
00:07:31.949 qrouter [Test worker] DEBUG s.d.s.p.bean.BeanModelProperty -Evaluating unwrapped getter for member getShopLongitude
00:07:31.949 qrouter [Test worker] DEBUG s.d.s.p.ObjectMapperBeanPropertyNamingStrategy -Name 'shopLongitude' renamed to 'shopLongitude'
00:07:31.949 qrouter [Test worker] DEBUG s.d.s.p.OptimizedModelPropertiesProvider -Adding property shopLongitude to model
00:07:31.950 qrouter [Test worker] DEBUG s.d.s.p.bean.BeanModelProperty -Evaluating unwrapped getter for member getShopLongitude
00:07:31.950 qrouter [Test worker] DEBUG s.d.s.p.bean.BeanModelProperty -Evaluating unwrapped getter for member getShopLongitude
00:07:31.950 qrouter [Test worker] DEBUG s.d.s.p.bean.BeanModelProperty -Evaluating unwrapped getter for member getShopLongitude
00:07:31.951 qrouter [Test worker] DEBUG s.d.s.p.bean.BeanModelProperty -Evaluating unwrapped getter for member getShopLongitude
00:07:31.951 qrouter [Test worker] DEBUG s.d.schema.ModelDependencyProvider -Adding type Lshop/retail/models/ShopAddress; for parameter oldShopAddress
00:07:31.951 qrouter [Test worker] DEBUG s.d.schema.ModelDependencyProvider -Recursively resolving dependencies for type Lshop/retail/models/ShopAddress;
00:07:31.953 qrouter [Test worker] DEBUG s.d.s.p.OptimizedModelPropertiesProvider -Reading property number
00:07:31.954 qrouter [Test worker] DEBUG s.d.s.p.bean.BeanModelProperty -Evaluating unwrapped getter for member getNumber
00:07:31.955 qrouter [Test worker] DEBUG s.d.s.p.ObjectMapperBeanPropertyNamingStrategy -Name 'number' renamed to 'number'
00:07:31.955 qrouter [Test worker] DEBUG s.d.s.p.OptimizedModelPropertiesProvider -Adding property number to model
00:07:31.955 qrouter [Test worker] DEBUG s.d.s.p.bean.BeanModelProperty -Evaluating unwrapped getter for member getNumber
00:07:31.955 qrouter [Test worker] DEBUG s.d.s.p.bean.BeanModelProperty -Evaluating unwrapped getter for member getNumber
00:07:31.956 qrouter [Test worker] DEBUG s.d.s.p.bean.BeanModelProperty -Evaluating unwrapped getter for member getNumber
00:07:31.956 qrouter [Test worker] DEBUG s.d.s.p.bean.BeanModelProperty -Evaluating unwrapped getter for member getNumber
00:07:31.956 qrouter [Test worker] DEBUG s.d.s.p.OptimizedModelPropertiesProvider -Reading property postCode
00:07:31.957 qrouter [Test worker] DEBUG s.d.s.p.bean.BeanModelProperty -Evaluating unwrapped getter for member getPostCode
00:07:31.957 qrouter [Test worker] DEBUG s.d.s.p.ObjectMapperBeanPropertyNamingStrategy -Name 'postCode' renamed to 'postCode'
00:07:31.957 qrouter [Test worker] DEBUG s.d.s.p.OptimizedModelPropertiesProvider -Adding property postCode to model
00:07:31.957 qrouter [Test worker] DEBUG s.d.s.p.bean.BeanModelProperty -Evaluating unwrapped getter for member getPostCode
00:07:31.957 qrouter [Test worker] DEBUG s.d.s.p.bean.BeanModelProperty -Evaluating unwrapped getter for member getPostCode
00:07:31.958 qrouter [Test worker] DEBUG s.d.s.p.bean.BeanModelProperty -Evaluating unwrapped getter for member getPostCode
00:07:31.958 qrouter [Test worker] DEBUG s.d.s.p.bean.BeanModelProperty -Evaluating unwrapped getter for member getPostCode
00:07:31.958 qrouter [Test worker] DEBUG s.d.s.p.OptimizedModelPropertiesProvider -Reading property shopLatitude
00:07:31.959 qrouter [Test worker] DEBUG s.d.s.p.bean.BeanModelProperty -Evaluating unwrapped getter for member getShopLatitude
00:07:31.959 qrouter [Test worker] DEBUG s.d.s.p.ObjectMapperBeanPropertyNamingStrategy -Name 'shopLatitude' renamed to 'shopLatitude'
00:07:31.960 qrouter [Test worker] DEBUG s.d.s.p.OptimizedModelPropertiesProvider -Adding property shopLatitude to model
00:07:31.960 qrouter [Test worker] DEBUG s.d.s.p.bean.BeanModelProperty -Evaluating unwrapped getter for member getShopLatitude
00:07:31.960 qrouter [Test worker] DEBUG s.d.s.p.bean.BeanModelProperty -Evaluating unwrapped getter for member getShopLatitude
00:07:31.960 qrouter [Test worker] DEBUG s.d.s.p.bean.BeanModelProperty -Evaluating unwrapped getter for member getShopLatitude
00:07:31.961 qrouter [Test worker] DEBUG s.d.s.p.bean.BeanModelProperty -Evaluating unwrapped getter for member getShopLatitude
00:07:31.961 qrouter [Test worker] DEBUG s.d.s.p.OptimizedModelPropertiesProvider -Reading property shopLongitude
00:07:31.962 qrouter [Test worker] DEBUG s.d.s.p.bean.BeanModelProperty -Evaluating unwrapped getter for member getShopLongitude
00:07:31.962 qrouter [Test worker] DEBUG s.d.s.p.ObjectMapperBeanPropertyNamingStrategy -Name 'shopLongitude' renamed to 'shopLongitude'
00:07:31.963 qrouter [Test worker] DEBUG s.d.s.p.OptimizedModelPropertiesProvider -Adding property shopLongitude to model
00:07:31.963 qrouter [Test worker] DEBUG s.d.s.p.bean.BeanModelProperty -Evaluating unwrapped getter for member getShopLongitude
00:07:31.963 qrouter [Test worker] DEBUG s.d.s.p.bean.BeanModelProperty -Evaluating unwrapped getter for member getShopLongitude
00:07:31.963 qrouter [Test worker] DEBUG s.d.s.p.bean.BeanModelProperty -Evaluating unwrapped getter for member getShopLongitude
00:07:31.963 qrouter [Test worker] DEBUG s.d.s.p.bean.BeanModelProperty -Evaluating unwrapped getter for member getShopLongitude
00:07:31.966 qrouter [Test worker] DEBUG s.d.s.p.OptimizedModelPropertiesProvider -Reading property number
00:07:31.967 qrouter [Test worker] DEBUG s.d.s.p.bean.BeanModelProperty -Evaluating unwrapped getter for member getNumber
00:07:31.968 qrouter [Test worker] DEBUG s.d.s.p.ObjectMapperBeanPropertyNamingStrategy -Name 'number' renamed to 'number'
00:07:31.968 qrouter [Test worker] DEBUG s.d.s.p.OptimizedModelPropertiesProvider -Adding property number to model
00:07:31.968 qrouter [Test worker] DEBUG s.d.s.p.bean.BeanModelProperty -Evaluating unwrapped getter for member getNumber
00:07:31.968 qrouter [Test worker] DEBUG s.d.s.p.bean.BeanModelProperty -Evaluating unwrapped getter for member getNumber
00:07:31.968 qrouter [Test worker] DEBUG s.d.s.p.bean.BeanModelProperty -Evaluating unwrapped getter for member getNumber
00:07:31.969 qrouter [Test worker] DEBUG s.d.s.p.bean.BeanModelProperty -Evaluating unwrapped getter for member getNumber
00:07:31.969 qrouter [Test worker] DEBUG s.d.s.p.OptimizedModelPropertiesProvider -Reading property postCode
00:07:31.970 qrouter [Test worker] DEBUG s.d.s.p.bean.BeanModelProperty -Evaluating unwrapped getter for member getPostCode
00:07:31.970 qrouter [Test worker] DEBUG s.d.s.p.ObjectMapperBeanPropertyNamingStrategy -Name 'postCode' renamed to 'postCode'
00:07:31.970 qrouter [Test worker] DEBUG s.d.s.p.OptimizedModelPropertiesProvider -Adding property postCode to model
00:07:31.970 qrouter [Test worker] DEBUG s.d.s.p.bean.BeanModelProperty -Evaluating unwrapped getter for member getPostCode
00:07:31.971 qrouter [Test worker] DEBUG s.d.s.p.bean.BeanModelProperty -Evaluating unwrapped getter for member getPostCode
00:07:31.971 qrouter [Test worker] DEBUG s.d.s.p.bean.BeanModelProperty -Evaluating unwrapped getter for member getPostCode
00:07:31.971 qrouter [Test worker] DEBUG s.d.s.p.bean.BeanModelProperty -Evaluating unwrapped getter for member getPostCode
00:07:31.971 qrouter [Test worker] DEBUG s.d.s.p.OptimizedModelPropertiesProvider -Reading property shopLatitude
00:07:31.972 qrouter [Test worker] DEBUG s.d.s.p.bean.BeanModelProperty -Evaluating unwrapped getter for member getShopLatitude
00:07:31.973 qrouter [Test worker] DEBUG s.d.s.p.ObjectMapperBeanPropertyNamingStrategy -Name 'shopLatitude' renamed to 'shopLatitude'
00:07:31.973 qrouter [Test worker] DEBUG s.d.s.p.OptimizedModelPropertiesProvider -Adding property shopLatitude to model
00:07:31.973 qrouter [Test worker] DEBUG s.d.s.p.bean.BeanModelProperty -Evaluating unwrapped getter for member getShopLatitude
00:07:31.973 qrouter [Test worker] DEBUG s.d.s.p.bean.BeanModelProperty -Evaluating unwrapped getter for member getShopLatitude
00:07:31.974 qrouter [Test worker] DEBUG s.d.s.p.bean.BeanModelProperty -Evaluating unwrapped getter for member getShopLatitude
00:07:31.974 qrouter [Test worker] DEBUG s.d.s.p.bean.BeanModelProperty -Evaluating unwrapped getter for member getShopLatitude
00:07:31.975 qrouter [Test worker] DEBUG s.d.s.p.OptimizedModelPropertiesProvider -Reading property shopLongitude
00:07:31.976 qrouter [Test worker] DEBUG s.d.s.p.bean.BeanModelProperty -Evaluating unwrapped getter for member getShopLongitude
00:07:31.976 qrouter [Test worker] DEBUG s.d.s.p.ObjectMapperBeanPropertyNamingStrategy -Name 'shopLongitude' renamed to 'shopLongitude'
00:07:31.976 qrouter [Test worker] DEBUG s.d.s.p.OptimizedModelPropertiesProvider -Adding property shopLongitude to model
00:07:31.977 qrouter [Test worker] DEBUG s.d.s.p.bean.BeanModelProperty -Evaluating unwrapped getter for member getShopLongitude
00:07:31.977 qrouter [Test worker] DEBUG s.d.s.p.bean.BeanModelProperty -Evaluating unwrapped getter for member getShopLongitude
00:07:31.977 qrouter [Test worker] DEBUG s.d.s.p.bean.BeanModelProperty -Evaluating unwrapped getter for member getShopLongitude
00:07:31.978 qrouter [Test worker] DEBUG s.d.s.p.bean.BeanModelProperty -Evaluating unwrapped getter for member getShopLongitude
00:07:31.978 qrouter [Test worker] DEBUG s.d.schema.DefaultModelProvider -Inferred 4 properties. Properties found number, postCode, shopLatitude, shopLongitude
00:07:31.990 qrouter [Test worker] DEBUG o.s.b.f.s.DefaultListableBeanFactory -Returning cached instance of singleton bean 'mediaTypeReader'
00:07:31.990 qrouter [Test worker] DEBUG o.s.b.f.s.DefaultListableBeanFactory -Returning cached instance of singleton bean 'defaultOperationReader'
00:07:31.990 qrouter [Test worker] DEBUG o.s.b.f.s.DefaultListableBeanFactory -Returning cached instance of singleton bean 'operationDeprecatedReader'
00:07:31.990 qrouter [Test worker] DEBUG o.s.b.f.s.DefaultListableBeanFactory -Returning cached instance of singleton bean 'operationParameterReader'
00:07:31.990 qrouter [Test worker] DEBUG o.s.b.f.s.DefaultListableBeanFactory -Returning cached instance of singleton bean 'operationParameterRequestConditionReader'
00:07:31.990 qrouter [Test worker] DEBUG o.s.b.f.s.DefaultListableBeanFactory -Returning cached instance of singleton bean 'operationResponseClassReader'
00:07:31.991 qrouter [Test worker] DEBUG o.s.b.f.s.DefaultListableBeanFactory -Returning cached instance of singleton bean 'operationTagsReader'
00:07:31.991 qrouter [Test worker] DEBUG o.s.b.f.s.DefaultListableBeanFactory -Returning cached instance of singleton bean 'responseMessagesReader'
00:07:31.991 qrouter [Test worker] DEBUG o.s.b.f.s.DefaultListableBeanFactory -Returning cached instance of singleton bean 'operationAuthReader'
00:07:31.991 qrouter [Test worker] DEBUG o.s.b.f.s.DefaultListableBeanFactory -Returning cached instance of singleton bean 'operationHiddenReader'
00:07:31.991 qrouter [Test worker] DEBUG o.s.b.f.s.DefaultListableBeanFactory -Returning cached instance of singleton bean 'operationHttpMethodReader'
00:07:31.991 qrouter [Test worker] DEBUG o.s.b.f.s.DefaultListableBeanFactory -Returning cached instance of singleton bean 'operationImplicitParameterReader'
00:07:31.991 qrouter [Test worker] DEBUG o.s.b.f.s.DefaultListableBeanFactory -Returning cached instance of singleton bean 'operationImplicitParametersReader'
00:07:31.991 qrouter [Test worker] DEBUG o.s.b.f.s.DefaultListableBeanFactory -Returning cached instance of singleton bean 'operationNicknameIntoUniqueIdReader'
00:07:31.991 qrouter [Test worker] DEBUG o.s.b.f.s.DefaultListableBeanFactory -Returning cached instance of singleton bean 'operationNotesReader'
00:07:31.991 qrouter [Test worker] DEBUG o.s.b.f.s.DefaultListableBeanFactory -Returning cached instance of singleton bean 'operationPositionReader'
00:07:31.992 qrouter [Test worker] DEBUG o.s.b.f.s.DefaultListableBeanFactory -Returning cached instance of singleton bean 'operationSummaryReader'
00:07:31.992 qrouter [Test worker] DEBUG o.s.b.f.s.DefaultListableBeanFactory -Returning cached instance of singleton bean 'swaggerMediaTypeReader'
00:07:31.992 qrouter [Test worker] DEBUG o.s.b.f.s.DefaultListableBeanFactory -Returning cached instance of singleton bean 'swaggerOperationResponseClassReader'
00:07:31.992 qrouter [Test worker] DEBUG o.s.b.f.s.DefaultListableBeanFactory -Returning cached instance of singleton bean 'swaggerResponseMessageReader'
00:07:31.992 qrouter [Test worker] DEBUG o.s.b.f.s.DefaultListableBeanFactory -Returning cached instance of singleton bean 'vendorExtensionsReader'
00:07:32.004 qrouter [Test worker] DEBUG o.s.b.f.s.DefaultListableBeanFactory -Returning cached instance of singleton bean 'swagger2ParameterNameReader'
00:07:32.005 qrouter [Test worker] DEBUG o.s.b.f.s.DefaultListableBeanFactory -Returning cached instance of singleton bean 'parameterDataTypeReader'
00:07:32.005 qrouter [Test worker] DEBUG o.s.b.f.s.DefaultListableBeanFactory -Returning cached instance of singleton bean 'parameterDefaultReader'
00:07:32.005 qrouter [Test worker] DEBUG o.s.b.f.s.DefaultListableBeanFactory -Returning cached instance of singleton bean 'parameterMultiplesReader'
00:07:32.005 qrouter [Test worker] DEBUG o.s.b.f.s.DefaultListableBeanFactory -Returning cached instance of singleton bean 'parameterNameReader'
00:07:32.005 qrouter [Test worker] DEBUG o.s.b.f.s.DefaultListableBeanFactory -Returning cached instance of singleton bean 'parameterRequiredReader'
00:07:32.005 qrouter [Test worker] DEBUG o.s.b.f.s.DefaultListableBeanFactory -Returning cached instance of singleton bean 'parameterTypeReader'
00:07:32.005 qrouter [Test worker] DEBUG o.s.b.f.s.DefaultListableBeanFactory -Returning cached instance of singleton bean 'swaggerParameterAccessReader'
00:07:32.005 qrouter [Test worker] DEBUG o.s.b.f.s.DefaultListableBeanFactory -Returning cached instance of singleton bean 'swaggerParameterAllowableReader'
00:07:32.005 qrouter [Test worker] DEBUG o.s.b.f.s.DefaultListableBeanFactory -Returning cached instance of singleton bean 'swaggerParameterDefaultReader'
00:07:32.006 qrouter [Test worker] DEBUG o.s.b.f.s.DefaultListableBeanFactory -Returning cached instance of singleton bean 'swaggerParameterDescriptionReader'
00:07:32.006 qrouter [Test worker] DEBUG o.s.b.f.s.DefaultListableBeanFactory -Returning cached instance of singleton bean 'swaggerParameterMultiplesReader'
00:07:32.006 qrouter [Test worker] DEBUG o.s.b.f.s.DefaultListableBeanFactory -Returning cached instance of singleton bean 'swaggerParameterRequiredReader'
00:07:32.033 qrouter [Test worker] DEBUG s.d.s.w.r.o.OperationResponseClassReader -Setting spring response class to:Shop
00:07:32.037 qrouter [Test worker] INFO  s.d.s.w.ClassOrApiAnnotationResourceGrouping -Group for method addShop was retail-shop-controller
00:07:32.046 qrouter [Test worker] DEBUG s.d.s.r.o.OperationAuthReader -Authorization count 0 for method addShop
00:07:32.051 qrouter [Test worker] DEBUG s.d.s.r.o.SwaggerOperationResponseClassReader -Setting response class to:Shop
00:07:32.065 qrouter [Test worker] DEBUG o.s.b.f.s.DefaultListableBeanFactory -Returning cached instance of singleton bean 'operationPathDecorator'
00:07:32.065 qrouter [Test worker] DEBUG o.s.b.f.s.DefaultListableBeanFactory -Returning cached instance of singleton bean 'pathMappingDecorator'
00:07:32.065 qrouter [Test worker] DEBUG o.s.b.f.s.DefaultListableBeanFactory -Returning cached instance of singleton bean 'pathSanitizer'
00:07:32.065 qrouter [Test worker] DEBUG o.s.b.f.s.DefaultListableBeanFactory -Returning cached instance of singleton bean 'queryStringUriTemplateDecorator'
00:07:32.075 qrouter [Test worker] DEBUG s.d.s.w.r.o.OperationModelsProvider -Adding return parameter of type Ljava/util/List<Lshop/retail/models/Shop;>;
00:07:32.076 qrouter [Test worker] DEBUG s.d.s.w.r.o.OperationModelsProvider -Reading parameters models for handlerMethod |getAllShop|
00:07:32.077 qrouter [Test worker] DEBUG s.d.s.w.r.o.OperationModelsProvider -Finished reading parameters models for handlerMethod |getAllShop|
00:07:32.079 qrouter [Test worker] DEBUG s.d.s.r.o.SwaggerOperationModelsProvider -Reading parameters models for handlerMethod |getAllShop|
00:07:32.079 qrouter [Test worker] DEBUG s.d.schema.DefaultModelProvider -Skipping model of type Ljava/util/List<Lshop/retail/models/Shop;>; as its either a container type, map, enum or base type, or its already been handled
00:07:32.079 qrouter [Test worker] DEBUG s.d.s.web.scanners.ApiModelReader -Did not find any parameter models for java.util.List<shop.retail.models.Shop>
00:07:32.080 qrouter [Test worker] DEBUG s.d.schema.ModelDependencyProvider -Adding type for parameter Lshop/retail/models/Shop;
00:07:32.080 qrouter [Test worker] DEBUG s.d.schema.ModelDependencyProvider -Recursively resolving dependencies for parameter Lshop/retail/models/Shop;
00:07:32.082 qrouter [Test worker] DEBUG s.d.s.p.OptimizedModelPropertiesProvider -Reading property shopId
00:07:32.083 qrouter [Test worker] DEBUG s.d.s.p.bean.BeanModelProperty -Evaluating unwrapped getter for member getShopId
00:07:32.083 qrouter [Test worker] DEBUG s.d.s.p.ObjectMapperBeanPropertyNamingStrategy -Name 'shopId' renamed to 'shopId'
00:07:32.083 qrouter [Test worker] DEBUG s.d.s.p.OptimizedModelPropertiesProvider -Adding property shopId to model
00:07:32.083 qrouter [Test worker] DEBUG s.d.s.p.bean.BeanModelProperty -Evaluating unwrapped getter for member getShopId
00:07:32.084 qrouter [Test worker] DEBUG s.d.s.p.bean.BeanModelProperty -Evaluating unwrapped getter for member getShopId
00:07:32.084 qrouter [Test worker] DEBUG s.d.s.p.bean.BeanModelProperty -Evaluating unwrapped getter for member getShopId
00:07:32.084 qrouter [Test worker] DEBUG s.d.s.p.bean.BeanModelProperty -Evaluating unwrapped getter for member getShopId
00:07:32.084 qrouter [Test worker] DEBUG s.d.s.p.OptimizedModelPropertiesProvider -Reading property shopName
00:07:32.085 qrouter [Test worker] DEBUG s.d.s.p.bean.BeanModelProperty -Evaluating unwrapped getter for member getShopName
00:07:32.086 qrouter [Test worker] DEBUG s.d.s.p.ObjectMapperBeanPropertyNamingStrategy -Name 'shopName' renamed to 'shopName'
00:07:32.086 qrouter [Test worker] DEBUG s.d.s.p.OptimizedModelPropertiesProvider -Adding property shopName to model
00:07:32.086 qrouter [Test worker] DEBUG s.d.s.p.bean.BeanModelProperty -Evaluating unwrapped getter for member getShopName
00:07:32.086 qrouter [Test worker] DEBUG s.d.s.p.bean.BeanModelProperty -Evaluating unwrapped getter for member getShopName
00:07:32.087 qrouter [Test worker] DEBUG s.d.s.p.bean.BeanModelProperty -Evaluating unwrapped getter for member getShopName
00:07:32.087 qrouter [Test worker] DEBUG s.d.s.p.bean.BeanModelProperty -Evaluating unwrapped getter for member getShopName
00:07:32.087 qrouter [Test worker] DEBUG s.d.s.p.OptimizedModelPropertiesProvider -Reading property shopAddress
00:07:32.088 qrouter [Test worker] DEBUG s.d.s.p.bean.BeanModelProperty -Evaluating unwrapped getter for member getShopAddress
00:07:32.089 qrouter [Test worker] DEBUG s.d.s.p.ObjectMapperBeanPropertyNamingStrategy -Name 'shopAddress' renamed to 'shopAddress'
00:07:32.089 qrouter [Test worker] DEBUG s.d.s.p.OptimizedModelPropertiesProvider -Adding property shopAddress to model
00:07:32.089 qrouter [Test worker] DEBUG s.d.s.p.bean.BeanModelProperty -Evaluating unwrapped getter for member getShopAddress
00:07:32.089 qrouter [Test worker] DEBUG s.d.s.p.bean.BeanModelProperty -Evaluating unwrapped getter for member getShopAddress
00:07:32.089 qrouter [Test worker] DEBUG s.d.s.p.bean.BeanModelProperty -Evaluating unwrapped getter for member getShopAddress
00:07:32.090 qrouter [Test worker] DEBUG s.d.s.p.bean.BeanModelProperty -Evaluating unwrapped getter for member getShopAddress
00:07:32.090 qrouter [Test worker] DEBUG s.d.s.p.OptimizedModelPropertiesProvider -Reading property oldShopAddress
00:07:32.091 qrouter [Test worker] DEBUG s.d.s.p.bean.BeanModelProperty -Evaluating unwrapped getter for member getOldShopAddress
00:07:32.091 qrouter [Test worker] DEBUG s.d.s.p.ObjectMapperBeanPropertyNamingStrategy -Name 'oldShopAddress' renamed to 'oldShopAddress'
00:07:32.091 qrouter [Test worker] DEBUG s.d.s.p.OptimizedModelPropertiesProvider -Adding property oldShopAddress to model
00:07:32.091 qrouter [Test worker] DEBUG s.d.s.p.bean.BeanModelProperty -Evaluating unwrapped getter for member getOldShopAddress
00:07:32.092 qrouter [Test worker] DEBUG s.d.s.p.bean.BeanModelProperty -Evaluating unwrapped getter for member getOldShopAddress
00:07:32.092 qrouter [Test worker] DEBUG s.d.s.p.bean.BeanModelProperty -Evaluating unwrapped getter for member getOldShopAddress
00:07:32.092 qrouter [Test worker] DEBUG s.d.s.p.bean.BeanModelProperty -Evaluating unwrapped getter for member getOldShopAddress
00:07:32.093 qrouter [Test worker] DEBUG s.d.schema.ModelDependencyProvider -Adding type Lshop/retail/models/ShopAddress; for parameter shopAddress
00:07:32.093 qrouter [Test worker] DEBUG s.d.schema.ModelDependencyProvider -Recursively resolving dependencies for type Lshop/retail/models/ShopAddress;
00:07:32.095 qrouter [Test worker] DEBUG s.d.s.p.OptimizedModelPropertiesProvider -Reading property number
00:07:32.096 qrouter [Test worker] DEBUG s.d.s.p.bean.BeanModelProperty -Evaluating unwrapped getter for member getNumber
00:07:32.096 qrouter [Test worker] DEBUG s.d.s.p.ObjectMapperBeanPropertyNamingStrategy -Name 'number' renamed to 'number'
00:07:32.097 qrouter [Test worker] DEBUG s.d.s.p.OptimizedModelPropertiesProvider -Adding property number to model
00:07:32.097 qrouter [Test worker] DEBUG s.d.s.p.bean.BeanModelProperty -Evaluating unwrapped getter for member getNumber
00:07:32.097 qrouter [Test worker] DEBUG s.d.s.p.bean.BeanModelProperty -Evaluating unwrapped getter for member getNumber
00:07:32.097 qrouter [Test worker] DEBUG s.d.s.p.bean.BeanModelProperty -Evaluating unwrapped getter for member getNumber
00:07:32.097 qrouter [Test worker] DEBUG s.d.s.p.bean.BeanModelProperty -Evaluating unwrapped getter for member getNumber
00:07:32.098 qrouter [Test worker] DEBUG s.d.s.p.OptimizedModelPropertiesProvider -Reading property postCode
00:07:32.099 qrouter [Test worker] DEBUG s.d.s.p.bean.BeanModelProperty -Evaluating unwrapped getter for member getPostCode
00:07:32.099 qrouter [Test worker] DEBUG s.d.s.p.ObjectMapperBeanPropertyNamingStrategy -Name 'postCode' renamed to 'postCode'
00:07:32.099 qrouter [Test worker] DEBUG s.d.s.p.OptimizedModelPropertiesProvider -Adding property postCode to model
00:07:32.099 qrouter [Test worker] DEBUG s.d.s.p.bean.BeanModelProperty -Evaluating unwrapped getter for member getPostCode
00:07:32.099 qrouter [Test worker] DEBUG s.d.s.p.bean.BeanModelProperty -Evaluating unwrapped getter for member getPostCode
00:07:32.100 qrouter [Test worker] DEBUG s.d.s.p.bean.BeanModelProperty -Evaluating unwrapped getter for member getPostCode
00:07:32.100 qrouter [Test worker] DEBUG s.d.s.p.bean.BeanModelProperty -Evaluating unwrapped getter for member getPostCode
00:07:32.100 qrouter [Test worker] DEBUG s.d.s.p.OptimizedModelPropertiesProvider -Reading property shopLatitude
00:07:32.101 qrouter [Test worker] DEBUG s.d.s.p.bean.BeanModelProperty -Evaluating unwrapped getter for member getShopLatitude
00:07:32.102 qrouter [Test worker] DEBUG s.d.s.p.ObjectMapperBeanPropertyNamingStrategy -Name 'shopLatitude' renamed to 'shopLatitude'
00:07:32.102 qrouter [Test worker] DEBUG s.d.s.p.OptimizedModelPropertiesProvider -Adding property shopLatitude to model
00:07:32.102 qrouter [Test worker] DEBUG s.d.s.p.bean.BeanModelProperty -Evaluating unwrapped getter for member getShopLatitude
00:07:32.103 qrouter [Test worker] DEBUG s.d.s.p.bean.BeanModelProperty -Evaluating unwrapped getter for member getShopLatitude
00:07:32.103 qrouter [Test worker] DEBUG s.d.s.p.bean.BeanModelProperty -Evaluating unwrapped getter for member getShopLatitude
00:07:32.103 qrouter [Test worker] DEBUG s.d.s.p.bean.BeanModelProperty -Evaluating unwrapped getter for member getShopLatitude
00:07:32.104 qrouter [Test worker] DEBUG s.d.s.p.OptimizedModelPropertiesProvider -Reading property shopLongitude
00:07:32.105 qrouter [Test worker] DEBUG s.d.s.p.bean.BeanModelProperty -Evaluating unwrapped getter for member getShopLongitude
00:07:32.105 qrouter [Test worker] DEBUG s.d.s.p.ObjectMapperBeanPropertyNamingStrategy -Name 'shopLongitude' renamed to 'shopLongitude'
00:07:32.105 qrouter [Test worker] DEBUG s.d.s.p.OptimizedModelPropertiesProvider -Adding property shopLongitude to model
00:07:32.106 qrouter [Test worker] DEBUG s.d.s.p.bean.BeanModelProperty -Evaluating unwrapped getter for member getShopLongitude
00:07:32.106 qrouter [Test worker] DEBUG s.d.s.p.bean.BeanModelProperty -Evaluating unwrapped getter for member getShopLongitude
00:07:32.107 qrouter [Test worker] DEBUG s.d.s.p.bean.BeanModelProperty -Evaluating unwrapped getter for member getShopLongitude
00:07:32.107 qrouter [Test worker] DEBUG s.d.s.p.bean.BeanModelProperty -Evaluating unwrapped getter for member getShopLongitude
00:07:32.108 qrouter [Test worker] DEBUG s.d.schema.ModelDependencyProvider -Adding type Lshop/retail/models/ShopAddress; for parameter oldShopAddress
00:07:32.108 qrouter [Test worker] DEBUG s.d.schema.ModelDependencyProvider -Recursively resolving dependencies for type Lshop/retail/models/ShopAddress;
00:07:32.111 qrouter [Test worker] DEBUG s.d.s.p.OptimizedModelPropertiesProvider -Reading property number
00:07:32.112 qrouter [Test worker] DEBUG s.d.s.p.bean.BeanModelProperty -Evaluating unwrapped getter for member getNumber
00:07:32.112 qrouter [Test worker] DEBUG s.d.s.p.ObjectMapperBeanPropertyNamingStrategy -Name 'number' renamed to 'number'
00:07:32.112 qrouter [Test worker] DEBUG s.d.s.p.OptimizedModelPropertiesProvider -Adding property number to model
00:07:32.113 qrouter [Test worker] DEBUG s.d.s.p.bean.BeanModelProperty -Evaluating unwrapped getter for member getNumber
00:07:32.113 qrouter [Test worker] DEBUG s.d.s.p.bean.BeanModelProperty -Evaluating unwrapped getter for member getNumber
00:07:32.113 qrouter [Test worker] DEBUG s.d.s.p.bean.BeanModelProperty -Evaluating unwrapped getter for member getNumber
00:07:32.114 qrouter [Test worker] DEBUG s.d.s.p.bean.BeanModelProperty -Evaluating unwrapped getter for member getNumber
00:07:32.114 qrouter [Test worker] DEBUG s.d.s.p.OptimizedModelPropertiesProvider -Reading property postCode
00:07:32.115 qrouter [Test worker] DEBUG s.d.s.p.bean.BeanModelProperty -Evaluating unwrapped getter for member getPostCode
00:07:32.115 qrouter [Test worker] DEBUG s.d.s.p.ObjectMapperBeanPropertyNamingStrategy -Name 'postCode' renamed to 'postCode'
00:07:32.116 qrouter [Test worker] DEBUG s.d.s.p.OptimizedModelPropertiesProvider -Adding property postCode to model
00:07:32.116 qrouter [Test worker] DEBUG s.d.s.p.bean.BeanModelProperty -Evaluating unwrapped getter for member getPostCode
00:07:32.116 qrouter [Test worker] DEBUG s.d.s.p.bean.BeanModelProperty -Evaluating unwrapped getter for member getPostCode
00:07:32.117 qrouter [Test worker] DEBUG s.d.s.p.bean.BeanModelProperty -Evaluating unwrapped getter for member getPostCode
00:07:32.117 qrouter [Test worker] DEBUG s.d.s.p.bean.BeanModelProperty -Evaluating unwrapped getter for member getPostCode
00:07:32.117 qrouter [Test worker] DEBUG s.d.s.p.OptimizedModelPropertiesProvider -Reading property shopLatitude
00:07:32.119 qrouter [Test worker] DEBUG s.d.s.p.bean.BeanModelProperty -Evaluating unwrapped getter for member getShopLatitude
00:07:32.119 qrouter [Test worker] DEBUG s.d.s.p.ObjectMapperBeanPropertyNamingStrategy -Name 'shopLatitude' renamed to 'shopLatitude'
00:07:32.120 qrouter [Test worker] DEBUG s.d.s.p.OptimizedModelPropertiesProvider -Adding property shopLatitude to model
00:07:32.120 qrouter [Test worker] DEBUG s.d.s.p.bean.BeanModelProperty -Evaluating unwrapped getter for member getShopLatitude
00:07:32.120 qrouter [Test worker] DEBUG s.d.s.p.bean.BeanModelProperty -Evaluating unwrapped getter for member getShopLatitude
00:07:32.121 qrouter [Test worker] DEBUG s.d.s.p.bean.BeanModelProperty -Evaluating unwrapped getter for member getShopLatitude
00:07:32.121 qrouter [Test worker] DEBUG s.d.s.p.bean.BeanModelProperty -Evaluating unwrapped getter for member getShopLatitude
00:07:32.121 qrouter [Test worker] DEBUG s.d.s.p.OptimizedModelPropertiesProvider -Reading property shopLongitude
00:07:32.123 qrouter [Test worker] DEBUG s.d.s.p.bean.BeanModelProperty -Evaluating unwrapped getter for member getShopLongitude
00:07:32.123 qrouter [Test worker] DEBUG s.d.s.p.ObjectMapperBeanPropertyNamingStrategy -Name 'shopLongitude' renamed to 'shopLongitude'
00:07:32.123 qrouter [Test worker] DEBUG s.d.s.p.OptimizedModelPropertiesProvider -Adding property shopLongitude to model
00:07:32.123 qrouter [Test worker] DEBUG s.d.s.p.bean.BeanModelProperty -Evaluating unwrapped getter for member getShopLongitude
00:07:32.124 qrouter [Test worker] DEBUG s.d.s.p.bean.BeanModelProperty -Evaluating unwrapped getter for member getShopLongitude
00:07:32.124 qrouter [Test worker] DEBUG s.d.s.p.bean.BeanModelProperty -Evaluating unwrapped getter for member getShopLongitude
00:07:32.125 qrouter [Test worker] DEBUG s.d.s.p.bean.BeanModelProperty -Evaluating unwrapped getter for member getShopLongitude
00:07:32.128 qrouter [Test worker] DEBUG s.d.s.p.OptimizedModelPropertiesProvider -Reading property shopId
00:07:32.129 qrouter [Test worker] DEBUG s.d.s.p.bean.BeanModelProperty -Evaluating unwrapped getter for member getShopId
00:07:32.129 qrouter [Test worker] DEBUG s.d.s.p.ObjectMapperBeanPropertyNamingStrategy -Name 'shopId' renamed to 'shopId'
00:07:32.129 qrouter [Test worker] DEBUG s.d.s.p.OptimizedModelPropertiesProvider -Adding property shopId to model
00:07:32.129 qrouter [Test worker] DEBUG s.d.s.p.bean.BeanModelProperty -Evaluating unwrapped getter for member getShopId
00:07:32.130 qrouter [Test worker] DEBUG s.d.s.p.bean.BeanModelProperty -Evaluating unwrapped getter for member getShopId
00:07:32.130 qrouter [Test worker] DEBUG s.d.s.p.bean.BeanModelProperty -Evaluating unwrapped getter for member getShopId
00:07:32.130 qrouter [Test worker] DEBUG s.d.s.p.bean.BeanModelProperty -Evaluating unwrapped getter for member getShopId
00:07:32.131 qrouter [Test worker] DEBUG s.d.s.p.OptimizedModelPropertiesProvider -Reading property shopName
00:07:32.131 qrouter [Test worker] DEBUG s.d.s.p.bean.BeanModelProperty -Evaluating unwrapped getter for member getShopName
00:07:32.132 qrouter [Test worker] DEBUG s.d.s.p.ObjectMapperBeanPropertyNamingStrategy -Name 'shopName' renamed to 'shopName'
00:07:32.132 qrouter [Test worker] DEBUG s.d.s.p.OptimizedModelPropertiesProvider -Adding property shopName to model
00:07:32.132 qrouter [Test worker] DEBUG s.d.s.p.bean.BeanModelProperty -Evaluating unwrapped getter for member getShopName
00:07:32.132 qrouter [Test worker] DEBUG s.d.s.p.bean.BeanModelProperty -Evaluating unwrapped getter for member getShopName
00:07:32.133 qrouter [Test worker] DEBUG s.d.s.p.bean.BeanModelProperty -Evaluating unwrapped getter for member getShopName
00:07:32.133 qrouter [Test worker] DEBUG s.d.s.p.bean.BeanModelProperty -Evaluating unwrapped getter for member getShopName
00:07:32.133 qrouter [Test worker] DEBUG s.d.s.p.OptimizedModelPropertiesProvider -Reading property shopAddress
00:07:32.135 qrouter [Test worker] DEBUG s.d.s.p.bean.BeanModelProperty -Evaluating unwrapped getter for member getShopAddress
00:07:32.135 qrouter [Test worker] DEBUG s.d.s.p.ObjectMapperBeanPropertyNamingStrategy -Name 'shopAddress' renamed to 'shopAddress'
00:07:32.135 qrouter [Test worker] DEBUG s.d.s.p.OptimizedModelPropertiesProvider -Adding property shopAddress to model
00:07:32.135 qrouter [Test worker] DEBUG s.d.s.p.bean.BeanModelProperty -Evaluating unwrapped getter for member getShopAddress
00:07:32.136 qrouter [Test worker] DEBUG s.d.s.p.bean.BeanModelProperty -Evaluating unwrapped getter for member getShopAddress
00:07:32.136 qrouter [Test worker] DEBUG s.d.s.p.bean.BeanModelProperty -Evaluating unwrapped getter for member getShopAddress
00:07:32.136 qrouter [Test worker] DEBUG s.d.s.p.bean.BeanModelProperty -Evaluating unwrapped getter for member getShopAddress
00:07:32.137 qrouter [Test worker] DEBUG s.d.s.p.OptimizedModelPropertiesProvider -Reading property oldShopAddress
00:07:32.137 qrouter [Test worker] DEBUG s.d.s.p.bean.BeanModelProperty -Evaluating unwrapped getter for member getOldShopAddress
00:07:32.138 qrouter [Test worker] DEBUG s.d.s.p.ObjectMapperBeanPropertyNamingStrategy -Name 'oldShopAddress' renamed to 'oldShopAddress'
00:07:32.138 qrouter [Test worker] DEBUG s.d.s.p.OptimizedModelPropertiesProvider -Adding property oldShopAddress to model
00:07:32.138 qrouter [Test worker] DEBUG s.d.s.p.bean.BeanModelProperty -Evaluating unwrapped getter for member getOldShopAddress
00:07:32.138 qrouter [Test worker] DEBUG s.d.s.p.bean.BeanModelProperty -Evaluating unwrapped getter for member getOldShopAddress
00:07:32.138 qrouter [Test worker] DEBUG s.d.s.p.bean.BeanModelProperty -Evaluating unwrapped getter for member getOldShopAddress
00:07:32.139 qrouter [Test worker] DEBUG s.d.s.p.bean.BeanModelProperty -Evaluating unwrapped getter for member getOldShopAddress
00:07:32.140 qrouter [Test worker] DEBUG s.d.schema.DefaultModelProvider -Inferred 4 properties. Properties found shopId, shopName, shopAddress, oldShopAddress
00:07:32.142 qrouter [Test worker] DEBUG s.d.s.p.OptimizedModelPropertiesProvider -Reading property number
00:07:32.143 qrouter [Test worker] DEBUG s.d.s.p.bean.BeanModelProperty -Evaluating unwrapped getter for member getNumber
00:07:32.144 qrouter [Test worker] DEBUG s.d.s.p.ObjectMapperBeanPropertyNamingStrategy -Name 'number' renamed to 'number'
00:07:32.144 qrouter [Test worker] DEBUG s.d.s.p.OptimizedModelPropertiesProvider -Adding property number to model
00:07:32.144 qrouter [Test worker] DEBUG s.d.s.p.bean.BeanModelProperty -Evaluating unwrapped getter for member getNumber
00:07:32.144 qrouter [Test worker] DEBUG s.d.s.p.bean.BeanModelProperty -Evaluating unwrapped getter for member getNumber
00:07:32.145 qrouter [Test worker] DEBUG s.d.s.p.bean.BeanModelProperty -Evaluating unwrapped getter for member getNumber
00:07:32.145 qrouter [Test worker] DEBUG s.d.s.p.bean.BeanModelProperty -Evaluating unwrapped getter for member getNumber
00:07:32.145 qrouter [Test worker] DEBUG s.d.s.p.OptimizedModelPropertiesProvider -Reading property postCode
00:07:32.146 qrouter [Test worker] DEBUG s.d.s.p.bean.BeanModelProperty -Evaluating unwrapped getter for member getPostCode
00:07:32.146 qrouter [Test worker] DEBUG s.d.s.p.ObjectMapperBeanPropertyNamingStrategy -Name 'postCode' renamed to 'postCode'
00:07:32.147 qrouter [Test worker] DEBUG s.d.s.p.OptimizedModelPropertiesProvider -Adding property postCode to model
00:07:32.147 qrouter [Test worker] DEBUG s.d.s.p.bean.BeanModelProperty -Evaluating unwrapped getter for member getPostCode
00:07:32.147 qrouter [Test worker] DEBUG s.d.s.p.bean.BeanModelProperty -Evaluating unwrapped getter for member getPostCode
00:07:32.147 qrouter [Test worker] DEBUG s.d.s.p.bean.BeanModelProperty -Evaluating unwrapped getter for member getPostCode
00:07:32.148 qrouter [Test worker] DEBUG s.d.s.p.bean.BeanModelProperty -Evaluating unwrapped getter for member getPostCode
00:07:32.148 qrouter [Test worker] DEBUG s.d.s.p.OptimizedModelPropertiesProvider -Reading property shopLatitude
00:07:32.149 qrouter [Test worker] DEBUG s.d.s.p.bean.BeanModelProperty -Evaluating unwrapped getter for member getShopLatitude
00:07:32.149 qrouter [Test worker] DEBUG s.d.s.p.ObjectMapperBeanPropertyNamingStrategy -Name 'shopLatitude' renamed to 'shopLatitude'
00:07:32.149 qrouter [Test worker] DEBUG s.d.s.p.OptimizedModelPropertiesProvider -Adding property shopLatitude to model
00:07:32.150 qrouter [Test worker] DEBUG s.d.s.p.bean.BeanModelProperty -Evaluating unwrapped getter for member getShopLatitude
00:07:32.150 qrouter [Test worker] DEBUG s.d.s.p.bean.BeanModelProperty -Evaluating unwrapped getter for member getShopLatitude
00:07:32.150 qrouter [Test worker] DEBUG s.d.s.p.bean.BeanModelProperty -Evaluating unwrapped getter for member getShopLatitude
00:07:32.151 qrouter [Test worker] DEBUG s.d.s.p.bean.BeanModelProperty -Evaluating unwrapped getter for member getShopLatitude
00:07:32.151 qrouter [Test worker] DEBUG s.d.s.p.OptimizedModelPropertiesProvider -Reading property shopLongitude
00:07:32.152 qrouter [Test worker] DEBUG s.d.s.p.bean.BeanModelProperty -Evaluating unwrapped getter for member getShopLongitude
00:07:32.152 qrouter [Test worker] DEBUG s.d.s.p.ObjectMapperBeanPropertyNamingStrategy -Name 'shopLongitude' renamed to 'shopLongitude'
00:07:32.153 qrouter [Test worker] DEBUG s.d.s.p.OptimizedModelPropertiesProvider -Adding property shopLongitude to model
00:07:32.153 qrouter [Test worker] DEBUG s.d.s.p.bean.BeanModelProperty -Evaluating unwrapped getter for member getShopLongitude
00:07:32.153 qrouter [Test worker] DEBUG s.d.s.p.bean.BeanModelProperty -Evaluating unwrapped getter for member getShopLongitude
00:07:32.153 qrouter [Test worker] DEBUG s.d.s.p.bean.BeanModelProperty -Evaluating unwrapped getter for member getShopLongitude
00:07:32.154 qrouter [Test worker] DEBUG s.d.s.p.bean.BeanModelProperty -Evaluating unwrapped getter for member getShopLongitude
00:07:32.154 qrouter [Test worker] DEBUG s.d.schema.DefaultModelProvider -Inferred 4 properties. Properties found number, postCode, shopLatitude, shopLongitude
00:07:32.159 qrouter [Test worker] DEBUG s.d.s.w.r.o.OperationResponseClassReader -Setting spring response class to:List
00:07:32.161 qrouter [Test worker] INFO  s.d.s.w.ClassOrApiAnnotationResourceGrouping -Group for method getAllShop was retail-shop-controller
00:07:32.163 qrouter [Test worker] DEBUG s.d.s.r.o.OperationAuthReader -Authorization count 0 for method getAllShop
00:07:32.165 qrouter [Test worker] DEBUG s.d.s.r.o.SwaggerOperationResponseClassReader -Setting response class to:List
00:07:32.169 qrouter [Test worker] DEBUG s.d.s.w.r.o.OperationModelsProvider -Adding return parameter of type Lshop/retail/models/Shop;
00:07:32.169 qrouter [Test worker] DEBUG s.d.s.w.r.o.OperationModelsProvider -Reading parameters models for handlerMethod |getNearestShop|
00:07:32.171 qrouter [Test worker] DEBUG s.d.s.w.r.o.OperationModelsProvider -Finished reading parameters models for handlerMethod |getNearestShop|
00:07:32.173 qrouter [Test worker] DEBUG s.d.s.r.o.SwaggerOperationModelsProvider -Reading parameters models for handlerMethod |getNearestShop|
00:07:32.175 qrouter [Test worker] DEBUG s.d.s.p.OptimizedModelPropertiesProvider -Reading property shopId
00:07:32.175 qrouter [Test worker] DEBUG s.d.s.p.bean.BeanModelProperty -Evaluating unwrapped getter for member getShopId
00:07:32.175 qrouter [Test worker] DEBUG s.d.s.p.ObjectMapperBeanPropertyNamingStrategy -Name 'shopId' renamed to 'shopId'
00:07:32.176 qrouter [Test worker] DEBUG s.d.s.p.OptimizedModelPropertiesProvider -Adding property shopId to model
00:07:32.176 qrouter [Test worker] DEBUG s.d.s.p.bean.BeanModelProperty -Evaluating unwrapped getter for member getShopId
00:07:32.176 qrouter [Test worker] DEBUG s.d.s.p.bean.BeanModelProperty -Evaluating unwrapped getter for member getShopId
00:07:32.176 qrouter [Test worker] DEBUG s.d.s.p.bean.BeanModelProperty -Evaluating unwrapped getter for member getShopId
00:07:32.177 qrouter [Test worker] DEBUG s.d.s.p.bean.BeanModelProperty -Evaluating unwrapped getter for member getShopId
00:07:32.177 qrouter [Test worker] DEBUG s.d.s.p.OptimizedModelPropertiesProvider -Reading property shopName
00:07:32.178 qrouter [Test worker] DEBUG s.d.s.p.bean.BeanModelProperty -Evaluating unwrapped getter for member getShopName
00:07:32.178 qrouter [Test worker] DEBUG s.d.s.p.ObjectMapperBeanPropertyNamingStrategy -Name 'shopName' renamed to 'shopName'
00:07:32.178 qrouter [Test worker] DEBUG s.d.s.p.OptimizedModelPropertiesProvider -Adding property shopName to model
00:07:32.178 qrouter [Test worker] DEBUG s.d.s.p.bean.BeanModelProperty -Evaluating unwrapped getter for member getShopName
00:07:32.179 qrouter [Test worker] DEBUG s.d.s.p.bean.BeanModelProperty -Evaluating unwrapped getter for member getShopName
00:07:32.179 qrouter [Test worker] DEBUG s.d.s.p.bean.BeanModelProperty -Evaluating unwrapped getter for member getShopName
00:07:32.179 qrouter [Test worker] DEBUG s.d.s.p.bean.BeanModelProperty -Evaluating unwrapped getter for member getShopName
00:07:32.179 qrouter [Test worker] DEBUG s.d.s.p.OptimizedModelPropertiesProvider -Reading property shopAddress
00:07:32.180 qrouter [Test worker] DEBUG s.d.s.p.bean.BeanModelProperty -Evaluating unwrapped getter for member getShopAddress
00:07:32.180 qrouter [Test worker] DEBUG s.d.s.p.ObjectMapperBeanPropertyNamingStrategy -Name 'shopAddress' renamed to 'shopAddress'
00:07:32.180 qrouter [Test worker] DEBUG s.d.s.p.OptimizedModelPropertiesProvider -Adding property shopAddress to model
00:07:32.180 qrouter [Test worker] DEBUG s.d.s.p.bean.BeanModelProperty -Evaluating unwrapped getter for member getShopAddress
00:07:32.181 qrouter [Test worker] DEBUG s.d.s.p.bean.BeanModelProperty -Evaluating unwrapped getter for member getShopAddress
00:07:32.181 qrouter [Test worker] DEBUG s.d.s.p.bean.BeanModelProperty -Evaluating unwrapped getter for member getShopAddress
00:07:32.181 qrouter [Test worker] DEBUG s.d.s.p.bean.BeanModelProperty -Evaluating unwrapped getter for member getShopAddress
00:07:32.181 qrouter [Test worker] DEBUG s.d.s.p.OptimizedModelPropertiesProvider -Reading property oldShopAddress
00:07:32.182 qrouter [Test worker] DEBUG s.d.s.p.bean.BeanModelProperty -Evaluating unwrapped getter for member getOldShopAddress
00:07:32.182 qrouter [Test worker] DEBUG s.d.s.p.ObjectMapperBeanPropertyNamingStrategy -Name 'oldShopAddress' renamed to 'oldShopAddress'
00:07:32.182 qrouter [Test worker] DEBUG s.d.s.p.OptimizedModelPropertiesProvider -Adding property oldShopAddress to model
00:07:32.182 qrouter [Test worker] DEBUG s.d.s.p.bean.BeanModelProperty -Evaluating unwrapped getter for member getOldShopAddress
00:07:32.182 qrouter [Test worker] DEBUG s.d.s.p.bean.BeanModelProperty -Evaluating unwrapped getter for member getOldShopAddress
00:07:32.183 qrouter [Test worker] DEBUG s.d.s.p.bean.BeanModelProperty -Evaluating unwrapped getter for member getOldShopAddress
00:07:32.183 qrouter [Test worker] DEBUG s.d.s.p.bean.BeanModelProperty -Evaluating unwrapped getter for member getOldShopAddress
00:07:32.183 qrouter [Test worker] DEBUG s.d.schema.DefaultModelProvider -Inferred 4 properties. Properties found shopId, shopName, shopAddress, oldShopAddress
00:07:32.184 qrouter [Test worker] DEBUG s.d.s.web.scanners.ApiModelReader -Generated parameter model id: Shop, name: Shop, schema: {} models
00:07:32.186 qrouter [Test worker] DEBUG s.d.s.p.OptimizedModelPropertiesProvider -Reading property shopId
00:07:32.186 qrouter [Test worker] DEBUG s.d.s.p.bean.BeanModelProperty -Evaluating unwrapped getter for member getShopId
00:07:32.186 qrouter [Test worker] DEBUG s.d.s.p.ObjectMapperBeanPropertyNamingStrategy -Name 'shopId' renamed to 'shopId'
00:07:32.187 qrouter [Test worker] DEBUG s.d.s.p.OptimizedModelPropertiesProvider -Adding property shopId to model
00:07:32.187 qrouter [Test worker] DEBUG s.d.s.p.bean.BeanModelProperty -Evaluating unwrapped getter for member getShopId
00:07:32.187 qrouter [Test worker] DEBUG s.d.s.p.bean.BeanModelProperty -Evaluating unwrapped getter for member getShopId
00:07:32.187 qrouter [Test worker] DEBUG s.d.s.p.bean.BeanModelProperty -Evaluating unwrapped getter for member getShopId
00:07:32.187 qrouter [Test worker] DEBUG s.d.s.p.bean.BeanModelProperty -Evaluating unwrapped getter for member getShopId
00:07:32.188 qrouter [Test worker] DEBUG s.d.s.p.OptimizedModelPropertiesProvider -Reading property shopName
00:07:32.188 qrouter [Test worker] DEBUG s.d.s.p.bean.BeanModelProperty -Evaluating unwrapped getter for member getShopName
00:07:32.188 qrouter [Test worker] DEBUG s.d.s.p.ObjectMapperBeanPropertyNamingStrategy -Name 'shopName' renamed to 'shopName'
00:07:32.189 qrouter [Test worker] DEBUG s.d.s.p.OptimizedModelPropertiesProvider -Adding property shopName to model
00:07:32.189 qrouter [Test worker] DEBUG s.d.s.p.bean.BeanModelProperty -Evaluating unwrapped getter for member getShopName
00:07:32.189 qrouter [Test worker] DEBUG s.d.s.p.bean.BeanModelProperty -Evaluating unwrapped getter for member getShopName
00:07:32.189 qrouter [Test worker] DEBUG s.d.s.p.bean.BeanModelProperty -Evaluating unwrapped getter for member getShopName
00:07:32.189 qrouter [Test worker] DEBUG s.d.s.p.bean.BeanModelProperty -Evaluating unwrapped getter for member getShopName
00:07:32.190 qrouter [Test worker] DEBUG s.d.s.p.OptimizedModelPropertiesProvider -Reading property shopAddress
00:07:32.190 qrouter [Test worker] DEBUG s.d.s.p.bean.BeanModelProperty -Evaluating unwrapped getter for member getShopAddress
00:07:32.190 qrouter [Test worker] DEBUG s.d.s.p.ObjectMapperBeanPropertyNamingStrategy -Name 'shopAddress' renamed to 'shopAddress'
00:07:32.191 qrouter [Test worker] DEBUG s.d.s.p.OptimizedModelPropertiesProvider -Adding property shopAddress to model
00:07:32.191 qrouter [Test worker] DEBUG s.d.s.p.bean.BeanModelProperty -Evaluating unwrapped getter for member getShopAddress
00:07:32.191 qrouter [Test worker] DEBUG s.d.s.p.bean.BeanModelProperty -Evaluating unwrapped getter for member getShopAddress
00:07:32.191 qrouter [Test worker] DEBUG s.d.s.p.bean.BeanModelProperty -Evaluating unwrapped getter for member getShopAddress
00:07:32.191 qrouter [Test worker] DEBUG s.d.s.p.bean.BeanModelProperty -Evaluating unwrapped getter for member getShopAddress
00:07:32.192 qrouter [Test worker] DEBUG s.d.s.p.OptimizedModelPropertiesProvider -Reading property oldShopAddress
00:07:32.193 qrouter [Test worker] DEBUG s.d.s.p.bean.BeanModelProperty -Evaluating unwrapped getter for member getOldShopAddress
00:07:32.193 qrouter [Test worker] DEBUG s.d.s.p.ObjectMapperBeanPropertyNamingStrategy -Name 'oldShopAddress' renamed to 'oldShopAddress'
00:07:32.193 qrouter [Test worker] DEBUG s.d.s.p.OptimizedModelPropertiesProvider -Adding property oldShopAddress to model
00:07:32.193 qrouter [Test worker] DEBUG s.d.s.p.bean.BeanModelProperty -Evaluating unwrapped getter for member getOldShopAddress
00:07:32.194 qrouter [Test worker] DEBUG s.d.s.p.bean.BeanModelProperty -Evaluating unwrapped getter for member getOldShopAddress
00:07:32.194 qrouter [Test worker] DEBUG s.d.s.p.bean.BeanModelProperty -Evaluating unwrapped getter for member getOldShopAddress
00:07:32.194 qrouter [Test worker] DEBUG s.d.s.p.bean.BeanModelProperty -Evaluating unwrapped getter for member getOldShopAddress
00:07:32.195 qrouter [Test worker] DEBUG s.d.schema.ModelDependencyProvider -Adding type Lshop/retail/models/ShopAddress; for parameter shopAddress
00:07:32.195 qrouter [Test worker] DEBUG s.d.schema.ModelDependencyProvider -Recursively resolving dependencies for type Lshop/retail/models/ShopAddress;
00:07:32.197 qrouter [Test worker] DEBUG s.d.s.p.OptimizedModelPropertiesProvider -Reading property number
00:07:32.198 qrouter [Test worker] DEBUG s.d.s.p.bean.BeanModelProperty -Evaluating unwrapped getter for member getNumber
00:07:32.198 qrouter [Test worker] DEBUG s.d.s.p.ObjectMapperBeanPropertyNamingStrategy -Name 'number' renamed to 'number'
00:07:32.198 qrouter [Test worker] DEBUG s.d.s.p.OptimizedModelPropertiesProvider -Adding property number to model
00:07:32.198 qrouter [Test worker] DEBUG s.d.s.p.bean.BeanModelProperty -Evaluating unwrapped getter for member getNumber
00:07:32.198 qrouter [Test worker] DEBUG s.d.s.p.bean.BeanModelProperty -Evaluating unwrapped getter for member getNumber
00:07:32.199 qrouter [Test worker] DEBUG s.d.s.p.bean.BeanModelProperty -Evaluating unwrapped getter for member getNumber
00:07:32.199 qrouter [Test worker] DEBUG s.d.s.p.bean.BeanModelProperty -Evaluating unwrapped getter for member getNumber
00:07:32.199 qrouter [Test worker] DEBUG s.d.s.p.OptimizedModelPropertiesProvider -Reading property postCode
00:07:32.200 qrouter [Test worker] DEBUG s.d.s.p.bean.BeanModelProperty -Evaluating unwrapped getter for member getPostCode
00:07:32.200 qrouter [Test worker] DEBUG s.d.s.p.ObjectMapperBeanPropertyNamingStrategy -Name 'postCode' renamed to 'postCode'
00:07:32.200 qrouter [Test worker] DEBUG s.d.s.p.OptimizedModelPropertiesProvider -Adding property postCode to model
00:07:32.200 qrouter [Test worker] DEBUG s.d.s.p.bean.BeanModelProperty -Evaluating unwrapped getter for member getPostCode
00:07:32.200 qrouter [Test worker] DEBUG s.d.s.p.bean.BeanModelProperty -Evaluating unwrapped getter for member getPostCode
00:07:32.200 qrouter [Test worker] DEBUG s.d.s.p.bean.BeanModelProperty -Evaluating unwrapped getter for member getPostCode
00:07:32.201 qrouter [Test worker] DEBUG s.d.s.p.bean.BeanModelProperty -Evaluating unwrapped getter for member getPostCode
00:07:32.201 qrouter [Test worker] DEBUG s.d.s.p.OptimizedModelPropertiesProvider -Reading property shopLatitude
00:07:32.202 qrouter [Test worker] DEBUG s.d.s.p.bean.BeanModelProperty -Evaluating unwrapped getter for member getShopLatitude
00:07:32.202 qrouter [Test worker] DEBUG s.d.s.p.ObjectMapperBeanPropertyNamingStrategy -Name 'shopLatitude' renamed to 'shopLatitude'
00:07:32.202 qrouter [Test worker] DEBUG s.d.s.p.OptimizedModelPropertiesProvider -Adding property shopLatitude to model
00:07:32.202 qrouter [Test worker] DEBUG s.d.s.p.bean.BeanModelProperty -Evaluating unwrapped getter for member getShopLatitude
00:07:32.203 qrouter [Test worker] DEBUG s.d.s.p.bean.BeanModelProperty -Evaluating unwrapped getter for member getShopLatitude
00:07:32.203 qrouter [Test worker] DEBUG s.d.s.p.bean.BeanModelProperty -Evaluating unwrapped getter for member getShopLatitude
00:07:32.203 qrouter [Test worker] DEBUG s.d.s.p.bean.BeanModelProperty -Evaluating unwrapped getter for member getShopLatitude
00:07:32.203 qrouter [Test worker] DEBUG s.d.s.p.OptimizedModelPropertiesProvider -Reading property shopLongitude
00:07:32.204 qrouter [Test worker] DEBUG s.d.s.p.bean.BeanModelProperty -Evaluating unwrapped getter for member getShopLongitude
00:07:32.204 qrouter [Test worker] DEBUG s.d.s.p.ObjectMapperBeanPropertyNamingStrategy -Name 'shopLongitude' renamed to 'shopLongitude'
00:07:32.204 qrouter [Test worker] DEBUG s.d.s.p.OptimizedModelPropertiesProvider -Adding property shopLongitude to model
00:07:32.204 qrouter [Test worker] DEBUG s.d.s.p.bean.BeanModelProperty -Evaluating unwrapped getter for member getShopLongitude
00:07:32.204 qrouter [Test worker] DEBUG s.d.s.p.bean.BeanModelProperty -Evaluating unwrapped getter for member getShopLongitude
00:07:32.205 qrouter [Test worker] DEBUG s.d.s.p.bean.BeanModelProperty -Evaluating unwrapped getter for member getShopLongitude
00:07:32.205 qrouter [Test worker] DEBUG s.d.s.p.bean.BeanModelProperty -Evaluating unwrapped getter for member getShopLongitude
00:07:32.205 qrouter [Test worker] DEBUG s.d.schema.ModelDependencyProvider -Adding type Lshop/retail/models/ShopAddress; for parameter oldShopAddress
00:07:32.205 qrouter [Test worker] DEBUG s.d.schema.ModelDependencyProvider -Recursively resolving dependencies for type Lshop/retail/models/ShopAddress;
00:07:32.207 qrouter [Test worker] DEBUG s.d.s.p.OptimizedModelPropertiesProvider -Reading property number
00:07:32.208 qrouter [Test worker] DEBUG s.d.s.p.bean.BeanModelProperty -Evaluating unwrapped getter for member getNumber
00:07:32.208 qrouter [Test worker] DEBUG s.d.s.p.ObjectMapperBeanPropertyNamingStrategy -Name 'number' renamed to 'number'
00:07:32.208 qrouter [Test worker] DEBUG s.d.s.p.OptimizedModelPropertiesProvider -Adding property number to model
00:07:32.209 qrouter [Test worker] DEBUG s.d.s.p.bean.BeanModelProperty -Evaluating unwrapped getter for member getNumber
00:07:32.209 qrouter [Test worker] DEBUG s.d.s.p.bean.BeanModelProperty -Evaluating unwrapped getter for member getNumber
00:07:32.209 qrouter [Test worker] DEBUG s.d.s.p.bean.BeanModelProperty -Evaluating unwrapped getter for member getNumber
00:07:32.209 qrouter [Test worker] DEBUG s.d.s.p.bean.BeanModelProperty -Evaluating unwrapped getter for member getNumber
00:07:32.209 qrouter [Test worker] DEBUG s.d.s.p.OptimizedModelPropertiesProvider -Reading property postCode
00:07:32.210 qrouter [Test worker] DEBUG s.d.s.p.bean.BeanModelProperty -Evaluating unwrapped getter for member getPostCode
00:07:32.210 qrouter [Test worker] DEBUG s.d.s.p.ObjectMapperBeanPropertyNamingStrategy -Name 'postCode' renamed to 'postCode'
00:07:32.210 qrouter [Test worker] DEBUG s.d.s.p.OptimizedModelPropertiesProvider -Adding property postCode to model
00:07:32.210 qrouter [Test worker] DEBUG s.d.s.p.bean.BeanModelProperty -Evaluating unwrapped getter for member getPostCode
00:07:32.211 qrouter [Test worker] DEBUG s.d.s.p.bean.BeanModelProperty -Evaluating unwrapped getter for member getPostCode
00:07:32.211 qrouter [Test worker] DEBUG s.d.s.p.bean.BeanModelProperty -Evaluating unwrapped getter for member getPostCode
00:07:32.211 qrouter [Test worker] DEBUG s.d.s.p.bean.BeanModelProperty -Evaluating unwrapped getter for member getPostCode
00:07:32.211 qrouter [Test worker] DEBUG s.d.s.p.OptimizedModelPropertiesProvider -Reading property shopLatitude
00:07:32.212 qrouter [Test worker] DEBUG s.d.s.p.bean.BeanModelProperty -Evaluating unwrapped getter for member getShopLatitude
00:07:32.212 qrouter [Test worker] DEBUG s.d.s.p.ObjectMapperBeanPropertyNamingStrategy -Name 'shopLatitude' renamed to 'shopLatitude'
00:07:32.212 qrouter [Test worker] DEBUG s.d.s.p.OptimizedModelPropertiesProvider -Adding property shopLatitude to model
00:07:32.212 qrouter [Test worker] DEBUG s.d.s.p.bean.BeanModelProperty -Evaluating unwrapped getter for member getShopLatitude
00:07:32.213 qrouter [Test worker] DEBUG s.d.s.p.bean.BeanModelProperty -Evaluating unwrapped getter for member getShopLatitude
00:07:32.213 qrouter [Test worker] DEBUG s.d.s.p.bean.BeanModelProperty -Evaluating unwrapped getter for member getShopLatitude
00:07:32.213 qrouter [Test worker] DEBUG s.d.s.p.bean.BeanModelProperty -Evaluating unwrapped getter for member getShopLatitude
00:07:32.213 qrouter [Test worker] DEBUG s.d.s.p.OptimizedModelPropertiesProvider -Reading property shopLongitude
00:07:32.214 qrouter [Test worker] DEBUG s.d.s.p.bean.BeanModelProperty -Evaluating unwrapped getter for member getShopLongitude
00:07:32.214 qrouter [Test worker] DEBUG s.d.s.p.ObjectMapperBeanPropertyNamingStrategy -Name 'shopLongitude' renamed to 'shopLongitude'
00:07:32.214 qrouter [Test worker] DEBUG s.d.s.p.OptimizedModelPropertiesProvider -Adding property shopLongitude to model
00:07:32.214 qrouter [Test worker] DEBUG s.d.s.p.bean.BeanModelProperty -Evaluating unwrapped getter for member getShopLongitude
00:07:32.215 qrouter [Test worker] DEBUG s.d.s.p.bean.BeanModelProperty -Evaluating unwrapped getter for member getShopLongitude
00:07:32.215 qrouter [Test worker] DEBUG s.d.s.p.bean.BeanModelProperty -Evaluating unwrapped getter for member getShopLongitude
00:07:32.215 qrouter [Test worker] DEBUG s.d.s.p.bean.BeanModelProperty -Evaluating unwrapped getter for member getShopLongitude
00:07:32.217 qrouter [Test worker] DEBUG s.d.s.p.OptimizedModelPropertiesProvider -Reading property number
00:07:32.218 qrouter [Test worker] DEBUG s.d.s.p.bean.BeanModelProperty -Evaluating unwrapped getter for member getNumber
00:07:32.218 qrouter [Test worker] DEBUG s.d.s.p.ObjectMapperBeanPropertyNamingStrategy -Name 'number' renamed to 'number'
00:07:32.218 qrouter [Test worker] DEBUG s.d.s.p.OptimizedModelPropertiesProvider -Adding property number to model
00:07:32.218 qrouter [Test worker] DEBUG s.d.s.p.bean.BeanModelProperty -Evaluating unwrapped getter for member getNumber
00:07:32.219 qrouter [Test worker] DEBUG s.d.s.p.bean.BeanModelProperty -Evaluating unwrapped getter for member getNumber
00:07:32.219 qrouter [Test worker] DEBUG s.d.s.p.bean.BeanModelProperty -Evaluating unwrapped getter for member getNumber
00:07:32.219 qrouter [Test worker] DEBUG s.d.s.p.bean.BeanModelProperty -Evaluating unwrapped getter for member getNumber
00:07:32.219 qrouter [Test worker] DEBUG s.d.s.p.OptimizedModelPropertiesProvider -Reading property postCode
00:07:32.220 qrouter [Test worker] DEBUG s.d.s.p.bean.BeanModelProperty -Evaluating unwrapped getter for member getPostCode
00:07:32.220 qrouter [Test worker] DEBUG s.d.s.p.ObjectMapperBeanPropertyNamingStrategy -Name 'postCode' renamed to 'postCode'
00:07:32.220 qrouter [Test worker] DEBUG s.d.s.p.OptimizedModelPropertiesProvider -Adding property postCode to model
00:07:32.220 qrouter [Test worker] DEBUG s.d.s.p.bean.BeanModelProperty -Evaluating unwrapped getter for member getPostCode
00:07:32.220 qrouter [Test worker] DEBUG s.d.s.p.bean.BeanModelProperty -Evaluating unwrapped getter for member getPostCode
00:07:32.220 qrouter [Test worker] DEBUG s.d.s.p.bean.BeanModelProperty -Evaluating unwrapped getter for member getPostCode
00:07:32.221 qrouter [Test worker] DEBUG s.d.s.p.bean.BeanModelProperty -Evaluating unwrapped getter for member getPostCode
00:07:32.221 qrouter [Test worker] DEBUG s.d.s.p.OptimizedModelPropertiesProvider -Reading property shopLatitude
00:07:32.222 qrouter [Test worker] DEBUG s.d.s.p.bean.BeanModelProperty -Evaluating unwrapped getter for member getShopLatitude
00:07:32.222 qrouter [Test worker] DEBUG s.d.s.p.ObjectMapperBeanPropertyNamingStrategy -Name 'shopLatitude' renamed to 'shopLatitude'
00:07:32.222 qrouter [Test worker] DEBUG s.d.s.p.OptimizedModelPropertiesProvider -Adding property shopLatitude to model
00:07:32.222 qrouter [Test worker] DEBUG s.d.s.p.bean.BeanModelProperty -Evaluating unwrapped getter for member getShopLatitude
00:07:32.222 qrouter [Test worker] DEBUG s.d.s.p.bean.BeanModelProperty -Evaluating unwrapped getter for member getShopLatitude
00:07:32.223 qrouter [Test worker] DEBUG s.d.s.p.bean.BeanModelProperty -Evaluating unwrapped getter for member getShopLatitude
00:07:32.223 qrouter [Test worker] DEBUG s.d.s.p.bean.BeanModelProperty -Evaluating unwrapped getter for member getShopLatitude
00:07:32.223 qrouter [Test worker] DEBUG s.d.s.p.OptimizedModelPropertiesProvider -Reading property shopLongitude
00:07:32.224 qrouter [Test worker] DEBUG s.d.s.p.bean.BeanModelProperty -Evaluating unwrapped getter for member getShopLongitude
00:07:32.224 qrouter [Test worker] DEBUG s.d.s.p.ObjectMapperBeanPropertyNamingStrategy -Name 'shopLongitude' renamed to 'shopLongitude'
00:07:32.224 qrouter [Test worker] DEBUG s.d.s.p.OptimizedModelPropertiesProvider -Adding property shopLongitude to model
00:07:32.224 qrouter [Test worker] DEBUG s.d.s.p.bean.BeanModelProperty -Evaluating unwrapped getter for member getShopLongitude
00:07:32.224 qrouter [Test worker] DEBUG s.d.s.p.bean.BeanModelProperty -Evaluating unwrapped getter for member getShopLongitude
00:07:32.224 qrouter [Test worker] DEBUG s.d.s.p.bean.BeanModelProperty -Evaluating unwrapped getter for member getShopLongitude
00:07:32.225 qrouter [Test worker] DEBUG s.d.s.p.bean.BeanModelProperty -Evaluating unwrapped getter for member getShopLongitude
00:07:32.225 qrouter [Test worker] DEBUG s.d.schema.DefaultModelProvider -Inferred 4 properties. Properties found number, postCode, shopLatitude, shopLongitude
00:07:32.238 qrouter [Test worker] DEBUG s.d.s.w.r.o.OperationResponseClassReader -Setting spring response class to:Shop
00:07:32.239 qrouter [Test worker] INFO  s.d.s.w.ClassOrApiAnnotationResourceGrouping -Group for method getNearestShop was retail-shop-controller
00:07:32.240 qrouter [Test worker] DEBUG s.d.s.r.o.OperationAuthReader -Authorization count 0 for method getNearestShop
00:07:32.242 qrouter [Test worker] DEBUG s.d.s.r.o.SwaggerOperationResponseClassReader -Setting response class to:Shop
00:07:32.330 qrouter [Test worker] DEBUG o.s.b.f.s.DefaultListableBeanFactory -Returning cached instance of singleton bean 'mediaTypeReader'
00:07:32.369 qrouter [Test worker] DEBUG o.s.c.e.PropertySourcesPropertyResolver -Could not find key 'spring.liveBeansView.mbeanDomain' in any property source
00:07:32.391 qrouter [Test worker] INFO  s.r.c.RetailManagerControllerTest -Started RetailManagerControllerTest in 40.828 seconds (JVM running for 43.737)
00:07:32.391 qrouter [Test worker] DEBUG o.s.t.c.c.DefaultCacheAwareContextLoaderDelegate -Storing ApplicationContext in cache under key [[WebMergedContextConfiguration@f2b844 testClass = RetailManagerControllerTest, locations = '{}', classes = '{class shop.retail.ApplicationLauncher}', contextInitializerClasses = '[]', activeProfiles = '{}', propertySourceLocations = '{}', propertySourceProperties = '{org.springframework.boot.test.context.SpringBootTestContextBootstrapper=true}', contextCustomizers = set[org.springframework.boot.test.context.SpringBootTestContextCustomizer@1060ae0, org.springframework.boot.test.context.filter.ExcludeFilterContextCustomizer@95d747, org.springframework.boot.test.json.DuplicateJsonObjectContextCustomizerFactory$DuplicateJsonObjectContextCustomizer@1b6b3e5, org.springframework.boot.test.mock.mockito.MockitoContextCustomizer@0, org.springframework.boot.test.autoconfigure.properties.PropertyMappingContextCustomizer@0, org.springframework.boot.test.autoconfigure.web.servlet.WebDriverContextCustomizerFactory$Customizer@1d4dcfa], resourceBasePath = 'src/main/webapp', contextLoader = 'org.springframework.boot.test.context.SpringBootContextLoader', parent = [null]]]
00:07:32.392 qrouter [Test worker] DEBUG o.springframework.test.context.cache -Spring test ApplicationContext cache statistics: [DefaultContextCache@9547b2 size = 1, maxSize = 32, parentContextCount = 0, hitCount = 0, missCount = 1]
00:07:32.393 qrouter [Test worker] DEBUG o.s.t.c.w.ServletTestExecutionListener -Setting up MockHttpServletRequest, MockHttpServletResponse, ServletWebRequest, and RequestContextHolder for test context [DefaultTestContext@1c1a793 testClass = RetailManagerControllerTest, testInstance = shop.retail.controllers.RetailManagerControllerTest@6339a9, testMethod = [null], testException = [null], mergedContextConfiguration = [WebMergedContextConfiguration@f2b844 testClass = RetailManagerControllerTest, locations = '{}', classes = '{class shop.retail.ApplicationLauncher}', contextInitializerClasses = '[]', activeProfiles = '{}', propertySourceLocations = '{}', propertySourceProperties = '{org.springframework.boot.test.context.SpringBootTestContextBootstrapper=true}', contextCustomizers = set[org.springframework.boot.test.context.SpringBootTestContextCustomizer@1060ae0, org.springframework.boot.test.context.filter.ExcludeFilterContextCustomizer@95d747, org.springframework.boot.test.json.DuplicateJsonObjectContextCustomizerFactory$DuplicateJsonObjectContextCustomizer@1b6b3e5, org.springframework.boot.test.mock.mockito.MockitoContextCustomizer@0, org.springframework.boot.test.autoconfigure.properties.PropertyMappingContextCustomizer@0, org.springframework.boot.test.autoconfigure.web.servlet.WebDriverContextCustomizerFactory$Customizer@1d4dcfa], resourceBasePath = 'src/main/webapp', contextLoader = 'org.springframework.boot.test.context.SpringBootContextLoader', parent = [null]]].
00:07:32.457 qrouter [Test worker] DEBUG o.s.t.c.s.DependencyInjectionTestExecutionListener -Performing dependency injection for test context [[DefaultTestContext@1c1a793 testClass = RetailManagerControllerTest, testInstance = shop.retail.controllers.RetailManagerControllerTest@6339a9, testMethod = [null], testException = [null], mergedContextConfiguration = [WebMergedContextConfiguration@f2b844 testClass = RetailManagerControllerTest, locations = '{}', classes = '{class shop.retail.ApplicationLauncher}', contextInitializerClasses = '[]', activeProfiles = '{}', propertySourceLocations = '{}', propertySourceProperties = '{org.springframework.boot.test.context.SpringBootTestContextBootstrapper=true}', contextCustomizers = set[org.springframework.boot.test.context.SpringBootTestContextCustomizer@1060ae0, org.springframework.boot.test.context.filter.ExcludeFilterContextCustomizer@95d747, org.springframework.boot.test.json.DuplicateJsonObjectContextCustomizerFactory$DuplicateJsonObjectContextCustomizer@1b6b3e5, org.springframework.boot.test.mock.mockito.MockitoContextCustomizer@0, org.springframework.boot.test.autoconfigure.properties.PropertyMappingContextCustomizer@0, org.springframework.boot.test.autoconfigure.web.servlet.WebDriverContextCustomizerFactory$Customizer@1d4dcfa], resourceBasePath = 'src/main/webapp', contextLoader = 'org.springframework.boot.test.context.SpringBootContextLoader', parent = [null]]]].
00:07:32.458 qrouter [Test worker] DEBUG o.s.t.c.c.DefaultCacheAwareContextLoaderDelegate -Retrieved ApplicationContext from cache with key [[WebMergedContextConfiguration@f2b844 testClass = RetailManagerControllerTest, locations = '{}', classes = '{class shop.retail.ApplicationLauncher}', contextInitializerClasses = '[]', activeProfiles = '{}', propertySourceLocations = '{}', propertySourceProperties = '{org.springframework.boot.test.context.SpringBootTestContextBootstrapper=true}', contextCustomizers = set[org.springframework.boot.test.context.SpringBootTestContextCustomizer@1060ae0, org.springframework.boot.test.context.filter.ExcludeFilterContextCustomizer@95d747, org.springframework.boot.test.json.DuplicateJsonObjectContextCustomizerFactory$DuplicateJsonObjectContextCustomizer@1b6b3e5, org.springframework.boot.test.mock.mockito.MockitoContextCustomizer@0, org.springframework.boot.test.autoconfigure.properties.PropertyMappingContextCustomizer@0, org.springframework.boot.test.autoconfigure.web.servlet.WebDriverContextCustomizerFactory$Customizer@1d4dcfa], resourceBasePath = 'src/main/webapp', contextLoader = 'org.springframework.boot.test.context.SpringBootContextLoader', parent = [null]]]
00:07:32.458 qrouter [Test worker] DEBUG o.springframework.test.context.cache -Spring test ApplicationContext cache statistics: [DefaultContextCache@9547b2 size = 1, maxSize = 32, parentContextCount = 0, hitCount = 1, missCount = 1]
00:07:32.465 qrouter [Test worker] DEBUG o.s.b.f.annotation.InjectionMetadata -Processing injected element of bean 'shop.retail.controllers.RetailManagerControllerTest': AutowiredFieldElement for private org.springframework.web.context.WebApplicationContext shop.retail.controllers.RetailManagerControllerTest.wac
00:07:32.468 qrouter [Test worker] DEBUG o.s.b.f.a.AutowiredAnnotationBeanPostProcessor -Autowiring by type from bean name 'shop.retail.controllers.RetailManagerControllerTest' to bean named 'org.springframework.web.context.support.GenericWebApplicationContext@1ec853e'
00:07:32.470 qrouter [Test worker] DEBUG o.s.b.f.s.DefaultListableBeanFactory -Returning cached instance of singleton bean 'org.springframework.transaction.config.internalTransactionAdvisor'
00:07:32.471 qrouter [Test worker] DEBUG o.s.b.f.s.DefaultListableBeanFactory -Returning cached instance of singleton bean 'org.springframework.transaction.config.internalTransactionAdvisor'
00:07:32.498 qrouter [Test worker] DEBUG o.s.t.c.s.AbstractDirtiesContextTestExecutionListener -Before test method: context [DefaultTestContext@1c1a793 testClass = RetailManagerControllerTest, testInstance = shop.retail.controllers.RetailManagerControllerTest@6339a9, testMethod = getAllShop@RetailManagerControllerTest, testException = [null], mergedContextConfiguration = [WebMergedContextConfiguration@f2b844 testClass = RetailManagerControllerTest, locations = '{}', classes = '{class shop.retail.ApplicationLauncher}', contextInitializerClasses = '[]', activeProfiles = '{}', propertySourceLocations = '{}', propertySourceProperties = '{org.springframework.boot.test.context.SpringBootTestContextBootstrapper=true}', contextCustomizers = set[org.springframework.boot.test.context.SpringBootTestContextCustomizer@1060ae0, org.springframework.boot.test.context.filter.ExcludeFilterContextCustomizer@95d747, org.springframework.boot.test.json.DuplicateJsonObjectContextCustomizerFactory$DuplicateJsonObjectContextCustomizer@1b6b3e5, org.springframework.boot.test.mock.mockito.MockitoContextCustomizer@0, org.springframework.boot.test.autoconfigure.properties.PropertyMappingContextCustomizer@0, org.springframework.boot.test.autoconfigure.web.servlet.WebDriverContextCustomizerFactory$Customizer@1d4dcfa], resourceBasePath = 'src/main/webapp', contextLoader = 'org.springframework.boot.test.context.SpringBootContextLoader', parent = [null]]], class annotated with @DirtiesContext [false] with mode [null], method annotated with @DirtiesContext [false] with mode [null].
00:07:32.512 qrouter [Test worker] DEBUG o.s.t.c.c.DefaultCacheAwareContextLoaderDelegate -Retrieved ApplicationContext from cache with key [[WebMergedContextConfiguration@f2b844 testClass = RetailManagerControllerTest, locations = '{}', classes = '{class shop.retail.ApplicationLauncher}', contextInitializerClasses = '[]', activeProfiles = '{}', propertySourceLocations = '{}', propertySourceProperties = '{org.springframework.boot.test.context.SpringBootTestContextBootstrapper=true}', contextCustomizers = set[org.springframework.boot.test.context.SpringBootTestContextCustomizer@1060ae0, org.springframework.boot.test.context.filter.ExcludeFilterContextCustomizer@95d747, org.springframework.boot.test.json.DuplicateJsonObjectContextCustomizerFactory$DuplicateJsonObjectContextCustomizer@1b6b3e5, org.springframework.boot.test.mock.mockito.MockitoContextCustomizer@0, org.springframework.boot.test.autoconfigure.properties.PropertyMappingContextCustomizer@0, org.springframework.boot.test.autoconfigure.web.servlet.WebDriverContextCustomizerFactory$Customizer@1d4dcfa], resourceBasePath = 'src/main/webapp', contextLoader = 'org.springframework.boot.test.context.SpringBootContextLoader', parent = [null]]]
00:07:32.513 qrouter [Test worker] DEBUG o.springframework.test.context.cache -Spring test ApplicationContext cache statistics: [DefaultContextCache@9547b2 size = 1, maxSize = 32, parentContextCount = 0, hitCount = 2, missCount = 1]
00:07:32.544 qrouter [Test worker] DEBUG o.s.b.f.s.DefaultListableBeanFactory -Returning cached instance of singleton bean 'org.springframework.boot.test.mock.mockito.MockitoBeans'
00:07:32.578 qrouter [Test worker] DEBUG o.s.t.w.s.TestDispatcherServlet -Initializing servlet ''
00:07:32.582 qrouter [Test worker] INFO  o.s.b.t.m.w.SpringBootMockServletContext -Initializing Spring FrameworkServlet ''
00:07:32.583 qrouter [Test worker] INFO  o.s.t.w.s.TestDispatcherServlet -FrameworkServlet '': initialization started
00:07:32.583 qrouter [Test worker] DEBUG o.s.b.f.s.DefaultListableBeanFactory -Returning cached instance of singleton bean 'multipartResolver'
00:07:32.583 qrouter [Test worker] DEBUG o.s.t.w.s.TestDispatcherServlet -Using MultipartResolver [org.springframework.web.multipart.support.StandardServletMultipartResolver@1232c94]
00:07:32.588 qrouter [Test worker] DEBUG o.s.b.f.s.DefaultListableBeanFactory -Creating instance of bean 'org.springframework.web.servlet.i18n.AcceptHeaderLocaleResolver'
00:07:32.588 qrouter [Test worker] DEBUG o.s.b.f.s.DefaultListableBeanFactory -Returning cached instance of singleton bean 'org.springframework.transaction.config.internalTransactionAdvisor'
00:07:32.598 qrouter [Test worker] DEBUG o.s.b.f.s.DefaultListableBeanFactory -Returning cached instance of singleton bean 'org.springframework.transaction.config.internalTransactionAdvisor'
00:07:32.598 qrouter [Test worker] DEBUG o.s.b.f.s.DefaultListableBeanFactory -Returning cached instance of singleton bean 'org.springframework.transaction.config.internalTransactionAdvisor'
00:07:32.599 qrouter [Test worker] DEBUG o.s.b.f.s.DefaultListableBeanFactory -Finished creating instance of bean 'org.springframework.web.servlet.i18n.AcceptHeaderLocaleResolver'
00:07:32.599 qrouter [Test worker] DEBUG o.s.t.w.s.TestDispatcherServlet -Unable to locate LocaleResolver with name 'localeResolver': using default [org.springframework.web.servlet.i18n.AcceptHeaderLocaleResolver@180ee1f]
00:07:32.603 qrouter [Test worker] DEBUG o.s.b.f.s.DefaultListableBeanFactory -Creating instance of bean 'org.springframework.web.servlet.theme.FixedThemeResolver'
00:07:32.604 qrouter [Test worker] DEBUG o.s.b.f.s.DefaultListableBeanFactory -Returning cached instance of singleton bean 'org.springframework.transaction.config.internalTransactionAdvisor'
00:07:32.619 qrouter [Test worker] DEBUG o.s.b.f.s.DefaultListableBeanFactory -Returning cached instance of singleton bean 'org.springframework.transaction.config.internalTransactionAdvisor'
00:07:32.619 qrouter [Test worker] DEBUG o.s.b.f.s.DefaultListableBeanFactory -Returning cached instance of singleton bean 'org.springframework.transaction.config.internalTransactionAdvisor'
00:07:32.620 qrouter [Test worker] DEBUG o.s.b.f.s.DefaultListableBeanFactory -Finished creating instance of bean 'org.springframework.web.servlet.theme.FixedThemeResolver'
00:07:32.620 qrouter [Test worker] DEBUG o.s.t.w.s.TestDispatcherServlet -Unable to locate ThemeResolver with name 'themeResolver': using default [org.springframework.web.servlet.theme.FixedThemeResolver@182ccd1]
00:07:32.624 qrouter [Test worker] DEBUG o.s.b.f.s.DefaultListableBeanFactory -Returning cached instance of singleton bean 'requestMappingHandlerMapping'
00:07:32.624 qrouter [Test worker] DEBUG o.s.b.f.s.DefaultListableBeanFactory -Returning cached instance of singleton bean 'viewControllerHandlerMapping'
00:07:32.624 qrouter [Test worker] DEBUG o.s.b.f.s.DefaultListableBeanFactory -Returning cached instance of singleton bean 'beanNameHandlerMapping'
00:07:32.625 qrouter [Test worker] DEBUG o.s.b.f.s.DefaultListableBeanFactory -Returning cached instance of singleton bean 'resourceHandlerMapping'
00:07:32.625 qrouter [Test worker] DEBUG o.s.b.f.s.DefaultListableBeanFactory -Returning cached instance of singleton bean 'defaultServletHandlerMapping'
00:07:32.625 qrouter [Test worker] DEBUG o.s.b.f.s.DefaultListableBeanFactory -Returning cached instance of singleton bean 'faviconHandlerMapping'
00:07:32.625 qrouter [Test worker] DEBUG o.s.b.f.s.DefaultListableBeanFactory -Returning cached instance of singleton bean 'welcomePageHandlerMapping'
00:07:32.628 qrouter [Test worker] DEBUG o.s.b.f.s.DefaultListableBeanFactory -Returning cached instance of singleton bean 'requestMappingHandlerAdapter'
00:07:32.628 qrouter [Test worker] DEBUG o.s.b.f.s.DefaultListableBeanFactory -Returning cached instance of singleton bean 'httpRequestHandlerAdapter'
00:07:32.628 qrouter [Test worker] DEBUG o.s.b.f.s.DefaultListableBeanFactory -Returning cached instance of singleton bean 'simpleControllerHandlerAdapter'
00:07:32.632 qrouter [Test worker] DEBUG o.s.b.f.s.DefaultListableBeanFactory -Returning cached instance of singleton bean 'errorAttributes'
00:07:32.632 qrouter [Test worker] DEBUG o.s.b.f.s.DefaultListableBeanFactory -Returning cached instance of singleton bean 'handlerExceptionResolver'
00:07:32.636 qrouter [Test worker] DEBUG o.s.b.f.s.DefaultListableBeanFactory -Creating instance of bean 'org.springframework.web.servlet.view.DefaultRequestToViewNameTranslator'
00:07:32.636 qrouter [Test worker] DEBUG o.s.b.f.s.DefaultListableBeanFactory -Returning cached instance of singleton bean 'org.springframework.transaction.config.internalTransactionAdvisor'
00:07:32.646 qrouter [Test worker] DEBUG o.s.b.f.s.DefaultListableBeanFactory -Returning cached instance of singleton bean 'org.springframework.transaction.config.internalTransactionAdvisor'
00:07:32.646 qrouter [Test worker] DEBUG o.s.b.f.s.DefaultListableBeanFactory -Returning cached instance of singleton bean 'org.springframework.transaction.config.internalTransactionAdvisor'
00:07:32.647 qrouter [Test worker] DEBUG o.s.b.f.s.DefaultListableBeanFactory -Finished creating instance of bean 'org.springframework.web.servlet.view.DefaultRequestToViewNameTranslator'
00:07:32.647 qrouter [Test worker] DEBUG o.s.t.w.s.TestDispatcherServlet -Unable to locate RequestToViewNameTranslator with name 'viewNameTranslator': using default [org.springframework.web.servlet.view.DefaultRequestToViewNameTranslator@6c9b14]
00:07:32.651 qrouter [Test worker] DEBUG o.s.b.f.s.DefaultListableBeanFactory -Returning cached instance of singleton bean 'beanNameViewResolver'
00:07:32.651 qrouter [Test worker] DEBUG o.s.b.f.s.DefaultListableBeanFactory -Returning cached instance of singleton bean 'mvcViewResolver'
00:07:32.651 qrouter [Test worker] DEBUG o.s.b.f.s.DefaultListableBeanFactory -Returning cached instance of singleton bean 'defaultViewResolver'
00:07:32.651 qrouter [Test worker] DEBUG o.s.b.f.s.DefaultListableBeanFactory -Returning cached instance of singleton bean 'viewResolver'
00:07:32.659 qrouter [Test worker] DEBUG o.s.b.f.s.DefaultListableBeanFactory -Creating instance of bean 'org.springframework.web.servlet.support.SessionFlashMapManager'
00:07:32.660 qrouter [Test worker] DEBUG o.s.b.f.s.DefaultListableBeanFactory -Returning cached instance of singleton bean 'org.springframework.transaction.config.internalTransactionAdvisor'
00:07:32.674 qrouter [Test worker] DEBUG o.s.b.f.s.DefaultListableBeanFactory -Returning cached instance of singleton bean 'org.springframework.transaction.config.internalTransactionAdvisor'
00:07:32.675 qrouter [Test worker] DEBUG o.s.b.f.s.DefaultListableBeanFactory -Returning cached instance of singleton bean 'org.springframework.transaction.config.internalTransactionAdvisor'
00:07:32.675 qrouter [Test worker] DEBUG o.s.b.f.s.DefaultListableBeanFactory -Finished creating instance of bean 'org.springframework.web.servlet.support.SessionFlashMapManager'
00:07:32.676 qrouter [Test worker] DEBUG o.s.t.w.s.TestDispatcherServlet -Unable to locate FlashMapManager with name 'flashMapManager': using default [org.springframework.web.servlet.support.SessionFlashMapManager@10e60e2]
00:07:32.676 qrouter [Test worker] DEBUG o.s.t.w.s.TestDispatcherServlet -Published WebApplicationContext of servlet '' as ServletContext attribute with name [org.springframework.web.servlet.FrameworkServlet.CONTEXT.]
00:07:32.676 qrouter [Test worker] INFO  o.s.t.w.s.TestDispatcherServlet -FrameworkServlet '': initialization completed in 93 ms
00:07:32.676 qrouter [Test worker] DEBUG o.s.t.w.s.TestDispatcherServlet -Servlet '' configured successfully
00:07:32.791 qrouter [Test worker] DEBUG o.s.t.w.s.TestDispatcherServlet -DispatcherServlet with name '' processing GET request for [/shop]
00:07:32.808 qrouter [Test worker] DEBUG o.s.w.s.m.m.a.RequestMappingHandlerMapping -Looking up handler method for path /shop
00:07:32.816 qrouter [Test worker] DEBUG o.s.w.s.m.m.a.RequestMappingHandlerMapping -Returning handler method [public org.springframework.http.ResponseEntity<java.util.List<shop.retail.models.Shop>> shop.retail.controllers.RetailShopController.getAllShop()]
00:07:32.817 qrouter [Test worker] DEBUG o.s.b.f.s.DefaultListableBeanFactory -Returning cached instance of singleton bean 'retailShopController'
00:07:32.819 qrouter [Test worker] DEBUG o.s.t.w.s.TestDispatcherServlet -Last-Modified value for [/shop] is: -1
00:07:32.822 qrouter [Test worker] DEBUG o.s.o.j.s.OpenEntityManagerInViewInterceptor -Opening JPA EntityManager in OpenEntityManagerInViewInterceptor
00:07:33.221 qrouter [Test worker] DEBUG o.h.s.internal.StatisticsInitiator -Statistics initialized [enabled=false]
00:07:33.306 qrouter [Test worker] INFO  s.r.controllers.RetailShopController -Returning all the shop?s
00:07:33.443 qrouter [Test worker] DEBUG o.s.w.s.m.m.a.HttpEntityMethodProcessor -Written [[]] as "application/json" using [org.springframework.http.converter.json.MappingJackson2HttpMessageConverter@ff9774]
00:07:33.445 qrouter [Test worker] DEBUG o.s.t.w.s.TestDispatcherServlet -Null ModelAndView returned to DispatcherServlet with name '': assuming HandlerAdapter completed request handling
00:07:33.445 qrouter [Test worker] DEBUG o.s.o.j.s.OpenEntityManagerInViewInterceptor -Closing JPA EntityManager in OpenEntityManagerInViewInterceptor
00:07:33.445 qrouter [Test worker] DEBUG o.s.o.jpa.EntityManagerFactoryUtils -Closing JPA EntityManager
00:07:33.461 qrouter [Test worker] DEBUG o.s.t.w.s.TestDispatcherServlet -Successfully completed request
00:07:34.147 qrouter [Test worker] DEBUG c.j.j.internal.path.CompiledPath -Evaluating path: $

MockHttpServletRequest:
      HTTP Method = GET
      Request URI = /shop
       Parameters = {}
          Headers = {Accept=[application/json]}

Handler:
             Type = shop.retail.controllers.RetailShopController
           Method = public org.springframework.http.ResponseEntity<java.util.List<shop.retail.models.Shop>> shop.retail.controllers.RetailShopController.getAllShop()

Async:
    Async started = false
     Async result = null

Resolved Exception:
             Type = null

ModelAndView:
        View name = null
             View = null
            Model = null

FlashMap:
       Attributes = null

MockHttpServletResponse:
           Status = 200
    Error message = null
          Headers = {Content-Type=[application/json;charset=UTF-8]}
     Content type = application/json;charset=UTF-8
             Body = []
    Forwarded URL = null
   Redirected URL = null
          Cookies = []
00:07:34.235 qrouter [Test worker] DEBUG o.s.t.c.c.DefaultCacheAwareContextLoaderDelegate -Retrieved ApplicationContext from cache with key [[WebMergedContextConfiguration@f2b844 testClass = RetailManagerControllerTest, locations = '{}', classes = '{class shop.retail.ApplicationLauncher}', contextInitializerClasses = '[]', activeProfiles = '{}', propertySourceLocations = '{}', propertySourceProperties = '{org.springframework.boot.test.context.SpringBootTestContextBootstrapper=true}', contextCustomizers = set[org.springframework.boot.test.context.SpringBootTestContextCustomizer@1060ae0, org.springframework.boot.test.context.filter.ExcludeFilterContextCustomizer@95d747, org.springframework.boot.test.json.DuplicateJsonObjectContextCustomizerFactory$DuplicateJsonObjectContextCustomizer@1b6b3e5, org.springframework.boot.test.mock.mockito.MockitoContextCustomizer@0, org.springframework.boot.test.autoconfigure.properties.PropertyMappingContextCustomizer@0, org.springframework.boot.test.autoconfigure.web.servlet.WebDriverContextCustomizerFactory$Customizer@1d4dcfa], resourceBasePath = 'src/main/webapp', contextLoader = 'org.springframework.boot.test.context.SpringBootContextLoader', parent = [null]]]
00:07:34.235 qrouter [Test worker] DEBUG o.springframework.test.context.cache -Spring test ApplicationContext cache statistics: [DefaultContextCache@9547b2 size = 1, maxSize = 32, parentContextCount = 0, hitCount = 3, missCount = 1]
00:07:34.244 qrouter [Test worker] DEBUG o.s.b.f.s.DefaultListableBeanFactory -Returning cached instance of singleton bean 'org.springframework.boot.test.mock.mockito.MockitoBeans'
00:07:34.246 qrouter [Test worker] DEBUG o.s.t.c.c.DefaultCacheAwareContextLoaderDelegate -Retrieved ApplicationContext from cache with key [[WebMergedContextConfiguration@f2b844 testClass = RetailManagerControllerTest, locations = '{}', classes = '{class shop.retail.ApplicationLauncher}', contextInitializerClasses = '[]', activeProfiles = '{}', propertySourceLocations = '{}', propertySourceProperties = '{org.springframework.boot.test.context.SpringBootTestContextBootstrapper=true}', contextCustomizers = set[org.springframework.boot.test.context.SpringBootTestContextCustomizer@1060ae0, org.springframework.boot.test.context.filter.ExcludeFilterContextCustomizer@95d747, org.springframework.boot.test.json.DuplicateJsonObjectContextCustomizerFactory$DuplicateJsonObjectContextCustomizer@1b6b3e5, org.springframework.boot.test.mock.mockito.MockitoContextCustomizer@0, org.springframework.boot.test.autoconfigure.properties.PropertyMappingContextCustomizer@0, org.springframework.boot.test.autoconfigure.web.servlet.WebDriverContextCustomizerFactory$Customizer@1d4dcfa], resourceBasePath = 'src/main/webapp', contextLoader = 'org.springframework.boot.test.context.SpringBootContextLoader', parent = [null]]]
00:07:34.246 qrouter [Test worker] DEBUG o.springframework.test.context.cache -Spring test ApplicationContext cache statistics: [DefaultContextCache@9547b2 size = 1, maxSize = 32, parentContextCount = 0, hitCount = 4, missCount = 1]
00:07:34.256 qrouter [Test worker] DEBUG o.s.t.c.c.DefaultCacheAwareContextLoaderDelegate -Retrieved ApplicationContext from cache with key [[WebMergedContextConfiguration@f2b844 testClass = RetailManagerControllerTest, locations = '{}', classes = '{class shop.retail.ApplicationLauncher}', contextInitializerClasses = '[]', activeProfiles = '{}', propertySourceLocations = '{}', propertySourceProperties = '{org.springframework.boot.test.context.SpringBootTestContextBootstrapper=true}', contextCustomizers = set[org.springframework.boot.test.context.SpringBootTestContextCustomizer@1060ae0, org.springframework.boot.test.context.filter.ExcludeFilterContextCustomizer@95d747, org.springframework.boot.test.json.DuplicateJsonObjectContextCustomizerFactory$DuplicateJsonObjectContextCustomizer@1b6b3e5, org.springframework.boot.test.mock.mockito.MockitoContextCustomizer@0, org.springframework.boot.test.autoconfigure.properties.PropertyMappingContextCustomizer@0, org.springframework.boot.test.autoconfigure.web.servlet.WebDriverContextCustomizerFactory$Customizer@1d4dcfa], resourceBasePath = 'src/main/webapp', contextLoader = 'org.springframework.boot.test.context.SpringBootContextLoader', parent = [null]]]
00:07:34.257 qrouter [Test worker] DEBUG o.springframework.test.context.cache -Spring test ApplicationContext cache statistics: [DefaultContextCache@9547b2 size = 1, maxSize = 32, parentContextCount = 0, hitCount = 5, missCount = 1]
00:07:34.260 qrouter [Test worker] DEBUG o.s.t.c.s.AbstractDirtiesContextTestExecutionListener -After test method: context [DefaultTestContext@1c1a793 testClass = RetailManagerControllerTest, testInstance = shop.retail.controllers.RetailManagerControllerTest@6339a9, testMethod = getAllShop@RetailManagerControllerTest, testException = [null], mergedContextConfiguration = [WebMergedContextConfiguration@f2b844 testClass = RetailManagerControllerTest, locations = '{}', classes = '{class shop.retail.ApplicationLauncher}', contextInitializerClasses = '[]', activeProfiles = '{}', propertySourceLocations = '{}', propertySourceProperties = '{org.springframework.boot.test.context.SpringBootTestContextBootstrapper=true}', contextCustomizers = set[org.springframework.boot.test.context.SpringBootTestContextCustomizer@1060ae0, org.springframework.boot.test.context.filter.ExcludeFilterContextCustomizer@95d747, org.springframework.boot.test.json.DuplicateJsonObjectContextCustomizerFactory$DuplicateJsonObjectContextCustomizer@1b6b3e5, org.springframework.boot.test.mock.mockito.MockitoContextCustomizer@0, org.springframework.boot.test.autoconfigure.properties.PropertyMappingContextCustomizer@0, org.springframework.boot.test.autoconfigure.web.servlet.WebDriverContextCustomizerFactory$Customizer@1d4dcfa], resourceBasePath = 'src/main/webapp', contextLoader = 'org.springframework.boot.test.context.SpringBootContextLoader', parent = [null]]], class annotated with @DirtiesContext [false] with mode [null], method annotated with @DirtiesContext [false] with mode [null].
00:07:34.261 qrouter [Test worker] DEBUG o.s.t.c.w.ServletTestExecutionListener -Resetting RequestContextHolder for test context [DefaultTestContext@1c1a793 testClass = RetailManagerControllerTest, testInstance = shop.retail.controllers.RetailManagerControllerTest@6339a9, testMethod = getAllShop@RetailManagerControllerTest, testException = [null], mergedContextConfiguration = [WebMergedContextConfiguration@f2b844 testClass = RetailManagerControllerTest, locations = '{}', classes = '{class shop.retail.ApplicationLauncher}', contextInitializerClasses = '[]', activeProfiles = '{}', propertySourceLocations = '{}', propertySourceProperties = '{org.springframework.boot.test.context.SpringBootTestContextBootstrapper=true}', contextCustomizers = set[org.springframework.boot.test.context.SpringBootTestContextCustomizer@1060ae0, org.springframework.boot.test.context.filter.ExcludeFilterContextCustomizer@95d747, org.springframework.boot.test.json.DuplicateJsonObjectContextCustomizerFactory$DuplicateJsonObjectContextCustomizer@1b6b3e5, org.springframework.boot.test.mock.mockito.MockitoContextCustomizer@0, org.springframework.boot.test.autoconfigure.properties.PropertyMappingContextCustomizer@0, org.springframework.boot.test.autoconfigure.web.servlet.WebDriverContextCustomizerFactory$Customizer@1d4dcfa], resourceBasePath = 'src/main/webapp', contextLoader = 'org.springframework.boot.test.context.SpringBootContextLoader', parent = [null]]].
00:07:34.271 qrouter [Test worker] DEBUG o.s.t.c.s.AbstractDirtiesContextTestExecutionListener -After test class: context [DefaultTestContext@1c1a793 testClass = RetailManagerControllerTest, testInstance = [null], testMethod = [null], testException = [null], mergedContextConfiguration = [WebMergedContextConfiguration@f2b844 testClass = RetailManagerControllerTest, locations = '{}', classes = '{class shop.retail.ApplicationLauncher}', contextInitializerClasses = '[]', activeProfiles = '{}', propertySourceLocations = '{}', propertySourceProperties = '{org.springframework.boot.test.context.SpringBootTestContextBootstrapper=true}', contextCustomizers = set[org.springframework.boot.test.context.SpringBootTestContextCustomizer@1060ae0, org.springframework.boot.test.context.filter.ExcludeFilterContextCustomizer@95d747, org.springframework.boot.test.json.DuplicateJsonObjectContextCustomizerFactory$DuplicateJsonObjectContextCustomizer@1b6b3e5, org.springframework.boot.test.mock.mockito.MockitoContextCustomizer@0, org.springframework.boot.test.autoconfigure.properties.PropertyMappingContextCustomizer@0, org.springframework.boot.test.autoconfigure.web.servlet.WebDriverContextCustomizerFactory$Customizer@1d4dcfa], resourceBasePath = 'src/main/webapp', contextLoader = 'org.springframework.boot.test.context.SpringBootContextLoader', parent = [null]]], class annotated with @DirtiesContext [false] with mode [null].
]]></system-out>
  <system-err><![CDATA[]]></system-err>
</testsuite>
